do run
loading script "jan_unknown120_60.py"
loading script "jan_pump_ms.py"
loading script "jan_co2.py"
loading script "jan_pump_extraction_line.py"
testing...
no interpolation path defined
executed snippet estimated_duration=213.652928, duration=0.000169038772583
script duration name:unknown120_60 seconds:214.0
loading script "jan_unknown120_60.py"
loading script "jan_pump_ms.py"
loading script "jan_co2.py"
loading script "jan_pump_extraction_line.py"
testing...
no interpolation path defined
executed snippet estimated_duration=0, duration=1.78813934326e-05
loading script "jan_unknown120_60.py"
loading script "jan_pump_ms.py"
loading script "jan_co2.py"
loading script "jan_pump_extraction_line.py"
testing...
no interpolation path defined
calculate duration
testing...
no interpolation path defined
executed snippet estimated_duration=0, duration=3.60012054443e-05
calculate duration
testing...
no interpolation path defined
executed snippet estimated_duration=0, duration=6.79492950439e-05
executed snippet estimated_duration=0.0, duration=0.00196194648743
script duration name:co2 seconds:0.0
loading script "jan_unknown120_60.py"
loading script "jan_pump_ms.py"
loading script "jan_co2.py"
loading script "jan_pump_extraction_line.py"
testing...
no interpolation path defined
calculate duration
testing...
no interpolation path defined
executed snippet estimated_duration=4.0, duration=0.000104904174805
executed snippet estimated_duration=4.0, duration=0.000982046127319
Script duration 214.0
Run total estimated duration= 215.000
run duration: 0:03:35
doing event level: 2
04:00:20 -- Setting default integration. t=1.048576
setting integration time = 1.048576
SetIntegrationTime 1.048576 ===>> OK
----------------- start -----------------
**************** Experiment Type: Ar/Ar, Ar/Ar
create new session 4419438256
close session 4419438256
$$$$$ Clearing conditionals
adding conditionals 
Add queue conditionals
add default conditionals
adding default conditionals from /Users/jan/PychronDev/setupfiles/spectrometer/default_conditionals.yaml
Start automated run 65590-18
loading script "jan_unknown120_60.py"
loading script "jan_pump_ms.py"
loading script "jan_co2.py"
loading script "jan_pump_extraction_line.py"
%%%%%%%%%%%%%%%%%% setting automated run 65590-18
No value "sensitivity_multiplier" in metadata
$$$$$$$$$$$$$$$ auto_save_detector_ic=False
============================= Pre Extraction Check =============================
loading queue conditionals pre_run_terminations
loading system conditionals pre_run_terminations
loading conditionals from /Users/jan/PychronDev/setupfiles/spectrometer/default_conditionals.yaml
04:00:20 -- ******* Pre Extraction Check *******
Get a measurement from the spectrometer
GetData ===>> H2,-0.103623580409873,H1,-0.0446532400950826,AX,-0.0964007241994155,L1,-0.062842683765471,L2,0.02...
Pre Extraction Termination data. keys=H2,H1,AX,L1,L2,CDD, signals=-0.10362,-0.04465,-0.09640,-0.06284,0.02853,0.00298
04:00:20 -- testing system defined conditionals
Checking default pre extraction terminations n=2
testing CDD
evaluate ot="CDD.inactive" t="CDD", ctx="{'CDD': False}"
GetDeflection CDD ===>> 50
testing CDD==2000
evaluate ot="CDD.deflection==2000" t="CDD==2000", ctx="{'CDD': 50.0}"
04:00:20 -- ******* Pre Extraction Check Passed *******
=================================================================================
04:00:20 -- stopping status monitor
stop 5025639504
Status monitor stopped
Status monitor finished
04:00:21 -- starting status monitor
start 5025639504
StatusMonitor period=1. Frequencies(state=2, checksum=3, lock=5, owner=5)
start extraction
do extraction
Analysis started at 04:00:23.465662
Extraction Started jan_co2.py
04:00:23 -- ******* Extraction Started jan_co2.py *******
state changed from not run to extraction
DO EXTRACTION <pychron.extraction_line.pyscript_runner.RemotePyScriptRunner object at 0x12bfe48f0>
testing...
no interpolation path defined
calculate duration
testing...
no interpolation path defined
executed snippet estimated_duration=0, duration=4.81605529785e-05
calculate duration
testing...
no interpolation path defined
executed snippet estimated_duration=0, duration=0.000142097473145
executed snippet estimated_duration=100.0, duration=0.00315999984741
Jan CO2 laser analysis
doing GOSUB
testing...
no interpolation path defined
executed snippet estimated_duration=0, duration=4.29153442383e-05
Waiting for CO2 access
wait ('FelixCO2Flag', 0) {}
waiting for FelixCO2Flag = 0
Read FelixCO2Flag ===>> 0
finished waiting
CO2 free
wait ('CO2PumpTimeFlag', 0) {}
waiting for CO2PumpTimeFlag = 0
Read CO2PumpTimeFlag ===>> 0
finished waiting
acquire ('JanCO2Flag',) {'clear': True}
acquire JanCO2Flag
Set JanCO2Flag 1 ===>> OK
JanCO2Flag acquired
set extraction state False (0.75, 'red', 1.5)
CO2 acquired
executed snippet estimated_duration=0, duration=0.0144920349121
WaitForCO2Access.py completed successfully
gosub finished
doing GOSUB
testing...
no interpolation path defined
executed snippet estimated_duration=0, duration=9.08374786377e-05
Prepare for CO2 analysis
close () {'description': 'Jan Inlet'}
closing name=--- desc=Jan Inlet
checking ownership. requestor=129.138.12.150
check software interlocks R
interlocks []
actuate state mode=None-script, software_lock=False
doing actuation None-script close_channel False
Close R ===>> OK
GetIndicatorState R ===>> False
change switch state (True, True)
update switch state R False args=() kw={} ncanvase=3
04:00:23 -- CLOSE  VALVE-R (Jan Inlet)
---------------------------------------- close None (Jan Inlet) result=[(True, True)]
action=close, ok=True, locked=[False]
open () {'description': 'Jan Ion Pump'}
opening name=--- desc=Jan Ion Pump
checking ownership. requestor=129.138.12.150
check software interlocks O
interlocks []
actuate state mode=None-script, software_lock=False
doing actuation None-script open_channel False
Open O ===>> OK
GetIndicatorState O ===>> OK
change switch state (True, True)
update switch state O True args=() kw={} ncanvase=3
04:00:24 -- OPEN   VALVE-O (Jan Ion Pump)
---------------------------------------- open None (Jan Ion Pump) result=[(True, True)], time=0.12 sec
action=open, ok=True, locked=[False]
close () {'description': 'Microbone to Minibone'}
closing name=--- desc=Microbone to Minibone
checking ownership. requestor=129.138.12.150
check software interlocks L
interlocks []
actuate state mode=None-script, software_lock=False
doing actuation None-script close_channel False
Close L ===>> OK
GetIndicatorState L ===>> False
change switch state (True, True)
update switch state L False args=() kw={} ncanvase=3
04:00:24 -- CLOSE  VALVE-L (Microbone to Minibone)
---------------------------------------- close None (Microbone to Minibone) result=[(True, True)]
action=close, ok=True, locked=[False]
open () {'description': 'Microbone to Turbo'}
opening name=--- desc=Microbone to Turbo
checking ownership. requestor=129.138.12.150
check software interlocks U
interlocks []
actuate state mode=None-script, software_lock=False
doing actuation None-script open_channel False
Open U ===>> OK
GetIndicatorState U ===>> OK
change switch state (True, True)
update switch state U True args=() kw={} ncanvase=3
04:00:25 -- OPEN   VALVE-U (Microbone to Turbo)
---------------------------------------- open None (Microbone to Turbo) result=[(True, True)], time=0.13 sec
action=open, ok=True, locked=[False]
open () {'description': 'Microbone to Inlet Pipette'}
opening name=--- desc=Microbone to Inlet Pipette
checking ownership. requestor=129.138.12.150
check software interlocks S
interlocks []
actuate state mode=None-script, software_lock=False
doing actuation None-script open_channel False
Open S ===>> OK
GetIndicatorState S ===>> OK
change switch state (True, True)
update switch state S True args=() kw={} ncanvase=3
04:00:26 -- OPEN   VALVE-S (Microbone to Inlet Pipette)
---------------------------------------- open None (Microbone to Inlet Pipette) result=[(True, True)], time=0.42 sec
action=open, ok=True, locked=[False]
open () {'description': 'Microbone to Getter D-50'}
opening name=--- desc=Microbone to Getter D-50
checking ownership. requestor=129.138.12.150
check software interlocks K
interlocks []
actuate state mode=None-script, software_lock=False
doing actuation None-script open_channel False
Open K ===>> OK
GetIndicatorState K ===>> OK
change switch state (True, True)
update switch state K True args=() kw={} ncanvase=3
04:00:26 -- OPEN   VALVE-K (Microbone to Getter D-50)
---------------------------------------- open None (Microbone to Getter D-50) result=[(True, True)], time=0.43 sec
action=open, ok=True, locked=[False]
open () {'description': 'Microbone to Getter NP-10'}
opening name=--- desc=Microbone to Getter NP-10
checking ownership. requestor=129.138.12.150
check software interlocks M
interlocks []
actuate state mode=None-script, software_lock=False
doing actuation None-script open_channel False
Open M ===>> OK
GetIndicatorState M ===>> OK
change switch state (True, True)
update switch state M True args=() kw={} ncanvase=3
04:00:27 -- OPEN   VALVE-M (Microbone to Getter NP-10)
---------------------------------------- open None (Microbone to Getter NP-10) result=[(True, True)], time=0.15 sec
action=open, ok=True, locked=[False]
close () {'description': 'CO2 Laser to Felix'}
closing name=--- desc=CO2 Laser to Felix
checking ownership. requestor=129.138.12.150
check software interlocks F
interlocks []
actuate state mode=None-script, software_lock=True
VALVE-F(CO2 Laser to Felix) software locked
change switch state (True, False)
---------------------------------------- close None (CO2 Laser to Felix) result=[(True, False)]
action=close, ok=True, locked=[True]
open () {'description': 'CO2 Laser to Jan'}
opening name=--- desc=CO2 Laser to Jan
checking ownership. requestor=129.138.12.150
check software interlocks A
interlocks []
actuate state mode=None-script, software_lock=False
doing actuation None-script open_channel False
Open A ===>> OK
GetIndicatorState A ===>> OK
change switch state (True, True)
update switch state A True args=() kw={} ncanvase=3
04:00:27 -- OPEN   VALVE-A (CO2 Laser to Jan)
---------------------------------------- open None (CO2 Laser to Jan) result=[(True, True)], time=0.13 sec
action=open, ok=True, locked=[False]
open () {'description': 'Microbone to CO2 Laser'}
opening name=--- desc=Microbone to CO2 Laser
checking ownership. requestor=129.138.12.150
check software interlocks T
interlocks []
actuate state mode=None-script, software_lock=False
doing actuation None-script open_channel False
Open T ===>> OK
GetIndicatorState T ===>> OK
change switch state (True, True)
update switch state T True args=() kw={} ncanvase=3
04:00:28 -- OPEN   VALVE-T (Microbone to CO2 Laser)
---------------------------------------- open None (Microbone to CO2 Laser) result=[(True, True)], time=0.41 sec
action=open, ok=True, locked=[False]
executed snippet estimated_duration=0, duration=4.92738199234
PrepareForCO2Analysis.py completed successfully
gosub finished
set_motor ('beam', '1.25') {}
setting motor "beam" to 1.25
set motor beam to 1.25
SetMotor beam,1.25 ===>> OK
GetMotorMoving beam ===>> False
GetMotorMoving beam ===>> False
Block completed
move_to_position ('190',) {'autocenter': True}
FusionsCO2 move to position 190
sending GoToHole 190,True
GoToHole 190,True ===>> OK
GetDriveMoving ===>> OK
GetDriveMoving ===>> OK
GetDriveMoving ===>> OK
GetDriveMoving ===>> OK
GetDriveMoving ===>> OK
GetDriveMoving ===>> OK
GetDriveMoving ===>> False
GetDriveMoving ===>> OK
GetDriveMoving ===>> OK
GetDriveMoving ===>> OK
GetDriveMoving ===>> OK
GetDriveMoving ===>> False
Block completed
GetAutoCorrecting ===>> False
GetAutoCorrecting ===>> False
Block completed
update position
GetPosition ===>> 0.00000,-9.96950,1.00000
got position (0.0, -9.9695, 1.0)
move to position succeeded
sleep (5,) {}
SLEEP 5.0
block started
WaitControl setup for 5.0  
Join finished
block finished. duration 5.04445314407
close () {'description': 'Microbone to Turbo'}
closing name=--- desc=Microbone to Turbo
checking ownership. requestor=129.138.12.150
check software interlocks U
interlocks []
actuate state mode=None-script, software_lock=False
doing actuation None-script close_channel True
Close U ===>> OK
GetIndicatorState U ===>> False
change switch state (True, True)
update switch state U False args=() kw={} ncanvase=3
04:00:39 -- CLOSE  VALVE-U (Microbone to Turbo)
---------------------------------------- close None (Microbone to Turbo) result=[(True, True)]
action=close, ok=True, locked=[False]
enable laser
enable () {}
set extraction state FusionsCO2 Enabled (False, 'red', 1.5)
enabling laser
Enable ===>> OK
begin interval
BEGIN INTERVAL Interval 1 waiting for 30.0
block started
set extract to 0.35
WaitControl setup for 30.0  
extract (0.35,) {}
GetPosition ===>> 0.00000,-9.96950,1.00000
set extraction state FusionsCO2 ON! 0.35(watts) (0.75, 'red', 1.5)
extract sample to 0.35 (watts)
set laser output
SetLaserOutput 0.35,watts ===>> OK
executing pattern triangle.lp
execute_pattern ('triangle.lp',) {}
executing pattern triangle.lp
IsPatterning ===>> OK
IsPatterning ===>> OK
IsPatterning ===>> OK
IsPatterning ===>> OK
IsPatterning ===>> OK
IsPatterning ===>> OK
IsPatterning ===>> OK
IsPatterning ===>> OK
IsPatterning ===>> OK
IsPatterning ===>> OK
IsPatterning ===>> OK
IsPatterning ===>> OK
IsPatterning ===>> OK
IsPatterning ===>> OK
IsPatterning ===>> OK
IsPatterning ===>> OK
IsPatterning ===>> OK
IsPatterning ===>> OK
IsPatterning ===>> OK
IsPatterning ===>> OK
IsPatterning ===>> OK
IsPatterning ===>> OK
IsPatterning ===>> OK
IsPatterning ===>> OK
IsPatterning ===>> OK
IsPatterning ===>> OK
IsPatterning ===>> OK
IsPatterning ===>> OK
Join finished
block finished. duration 30.1371359825
Interval 1 finished
IsPatterning ===>> False
IsPatterning ===>> False
Block completed
COMPLETE INTERVAL waiting for Interval 1 to complete
end_extract () {}
ending extraction. set laser power to 0
set laser power 0
SetLaserPower 0 ===>> OK
disable () {}
%%%%%%%%%%%%%%%%%%%%%%%%%%%%%%%%%%% disable
set extraction state False (0.75, 'red', 1.5)
disabling laser
Disable ===>> OK
sleep (30.0,) {}
SLEEP 30.0
block started
WaitControl setup for 30.0  
Join finished
block finished. duration 30.1243088245
executed snippet estimated_duration=165.0, duration=78.2644989491
jan_co2.py completed successfully
GetAchievedOutput ===>> No Response
Requested Output= 0.000
Achieved Output=  0.000
GetResponseBlob ===>> No Response
GetOutputBlob ===>> No Response
persistence save...
persistence save - db
AutomatedRunPersister post_extraction_save deprecated
persistence save - dvc
no extraction position for 190
create new session 4992585168
close session 4992585168
Extraction Finished
04:01:41 -- ******* Extraction Finished *******
no overlap. not waiting for min ms pumptime
04:01:41 -- Sending spectrometer configuration
======== Sending configuration ========
SetDeflection CDD,50.0 ===>> OK
SetDeflection H2,0.0 ===>> OK
SetDeflection H1,0.0 ===>> OK
SetDeflection L2,825.0 ===>> OK
SetDeflection L1,400.0 ===>> OK
SetDeflection AX,190.0 ===>> OK
SetZFocus 74.64 ===>> OK
SetZSymmetry -50.72 ===>> OK
SetExtractionLens 26.13 ===>> OK
SetIonRepeller -3.81 ===>> OK
SetElectronEnergy 75.08 ===>> OK
SetYSymmetry -2.81 ===>> OK
SetIonCounterVoltage 1590.0 ===>> OK
send trap current 200.0
GetParameter Trap Current Readback ===>> 198.035158395898
SetParameter Trap Current Set,200.0 ===>> OK
updating mftable name mftable
Using mftable located at /Users/jan/PychronDev/setupfiles/spectrometer/mftables/mftable.csv
============ MFtable ===========
Isotope  H2     H1     AX     L1     L2     CDD    
Ar40     5.8219 5.8812 5.9941 6.1618 6.2325 6.3900
Ar39     5.7211 5.7734 5.8866 6.0478 6.1176 6.2765
Ar36     5.3986 5.4425 5.5499 5.7067 5.7726 5.9276
================================
get initial guess parabolic
get initial guess parabolic
get initial guess parabolic
get initial guess parabolic
get initial guess parabolic
get initial guess parabolic
======== Configuration Finished ========
GetYSymmetry ===>> -2.81
GetZSymmetry ===>> -50.72
GetParameter Trap Current Readback ===>> 198.258926936459
GetHighVoltage ===>> 4499.94659342336
start measurement
do measurement
L#=65590 analysis type=unknown
Measurement Started jan_unknown120_60.py
04:01:42 -- ******* Measurement Started jan_unknown120_60.py *******
state changed from extraction to measurement
setting spec, defl, and gains
GetExtractionLens ===>> 26.13
GetYSymmetry ===>> -2.81
GetZSymmetry ===>> -50.72
GetZFocus ===>> 74.64
GetDeflection H2 ===>> 0
GetDeflection H1 ===>> 0
GetDeflection AX ===>> 190
GetDeflection L1 ===>> 400
GetDeflection L2 ===>> 825
GetDeflection CDD ===>> 50
GetGain H2 ===>> 0.0113
GetGain H1 ===>> 0.1
GetGain AX ===>> 0.097049
GetGain L1 ===>> 0.010355
GetGain L2 ===>> 0.095649
GetGain CDD ===>> 0
pre measurement save
New frame /Users/jan/PychronDev/data/isotopes/b2/f2e4cb-4891-49fa-995e-63df435a2d4e.h5
flush and close file /Users/jan/PychronDev/data/isotopes/b2/f2e4cb-4891-49fa-995e-63df435a2d4e.h5
testing...
no interpolation path defined
executed snippet estimated_duration=226.132928, duration=0.000331878662109
unknown measurement script
activate_detectors ('H2', 'H1', 'AX', 'L1', 'L2', 'CDD') {}
activate detectors
*************** Set Analysis View Ar/Ar
create graphs
clearing graphs
clear isotope group
setting isotope det=H2, iso=PM41
setting isotope det=H1, iso=Ar40
setting isotope det=AX, iso=Ar39
setting isotope det=L1, iso=Ar38
setting isotope det=L2, iso=Ar37
setting isotope det=CDD, iso=Ar36
setting previous blanks
 - setting Ar40 blank 0.419+/-0.007
 - setting Ar36 blank 0.00506+/-0.00017
 - setting Ar37 blank 0.054+/-0.006
 - setting Ar38 blank 0.0169+/-0.0022
 - setting PM41 blank 0.03+/-0.06
 - setting Ar39 blank 0.009+/-0.008
load analysis view
position_magnet ('Ar40',) {'detector': 'H1'}
detector Detector(H1)
POSITION Ar40 H1
setting detector H2 to PM41 (40.9624)
setting detector H1 to Ar40 (39.9624)
setting detector AX to Ar39 (38.9624)
setting detector L1 to Ar38 (37.9624)
setting detector L2 to Ar37 (36.9624)
setting detector CDD to Ar36 (35.9624)
Mapping mass to dac mass func: "parabolic"
H1 map mass coeffs = [-0.00063987  0.15840543  0.57277999]
H1 map mass to dac 39.9624 >> 5.88117
GetDeflection H1 ===>> 0
GetHighVoltage ===>> 4499.94659342336
positioning Ar40 (5.88113536634) on H1
setting magnet DAC
current  : 5.881135
requested: 5.881135
Delta Dac: 0.000000
Checking detector protection. dv=0.00000
Checking detector "CDD". Protection Threshold: 0.1 (V)
SetMagnetDAC 5.88113536634 ===>> OK
Magnet settling time: 0.500
update labels <pychron.experiment.plot_panel.PlotPanel object at 0x17fba9fb0>
update labels "<pychron.graph.stacked_regression_graph.StackedRegressionGraph object at 0x182fdb5f0>"
setting label 0 H2 PM41
setting label 1 H1 Ar40
setting label 2 AX Ar39
setting label 3 L1 Ar38
setting label 4 L2 Ar37
setting label 5 CDD Ar36
update labels "<pychron.graph.stacked_graph.StackedGraph object at 0x16ab49350>"
setting label 0 H2 PM41
setting label 1 H1 Ar40
setting label 2 AX Ar39
setting label 3 L1 Ar38
setting label 4 L2 Ar37
setting label 5 CDD Ar36
equilibrate () {'delay': 3, 'inlet': 'R', 'outlet': 'O', 'eqtime': 12.0}
Equilibration Started
04:01:44 -- ******* Equilibration Started *******
checking ownership. requestor=129.138.12.150
check software interlocks O
interlocks []
actuate state mode=None-script, software_lock=False
doing actuation None-script close_channel True
Close O ===>> OK
GetIndicatorState O ===>> False
change switch state (True, True)
update switch state O False args=() kw={} ncanvase=3
04:01:44 -- CLOSE  VALVE-O (Jan Ion Pump)
waiting 3s before opening inlet value ('R',)
checking ownership. requestor=129.138.12.150
check software interlocks R
interlocks []
actuate state mode=None-script, software_lock=False
doing actuation None-script open_channel True
Open R ===>> OK
State checksums do not match. Local:-598318598 Remote:-1449001502
State checksum failed
GetIndicatorState R ===>> OK
change switch state (True, True)
update switch state R True args=() kw={} ncanvase=3
04:01:47 -- OPEN   VALVE-R (Jan Inlet)
set_time_zero () {}
equilibrating for 12.0sec
sniff (12.0,) {}
py_sniff
build tables- sniff [Detector(H2), Detector(H1), Detector(AX), Detector(L1), Detector(L2), Detector(CDD)]
add group /sniff/PM41 (Group) '' table H2
add group /sniff/Ar40 (Group) '' table H1
add group /sniff/Ar39 (Group) '' table AX
add group /sniff/Ar38 (Group) '' table L1
add group /sniff/Ar37 (Group) '' table L2
add group /sniff/Ar36 (Group) '' table CDD
flush and close file /Users/jan/PychronDev/data/isotopes/b2/f2e4cb-4891-49fa-995e-63df435a2d4e.h5
measuring sniff. ncounts=12.0
"sniff" increment series count="1" fit count="0" regressing="False"
starting measurement
check iteration duration=2.21729278564e-05
GetData ===>> H2,-0.182247573510849,H1,0.0474963699181654,AX,0.00300505330877929,L1,-0.0549015579854018,L2,-0.0...
check iteration duration=4.19616699219e-05
GetData ===>> H2,0.479333661662036,H1,8.09802244325437,AX,3.04616689731545,L1,0.04100641107235,L2,0.64310752134...
check iteration duration=1.8835067749e-05
GetData ===>> H2,0.81533677082895,H1,21.9604315347198,AX,6.33292634249852,L1,0.188812221003076,L2,1.07021916241...
check iteration duration=4.79221343994e-05
GetData ===>> H2,0.33782224757843,H1,26.8962833540963,AX,6.80123387078971,L1,0.206518163077114,L2,0.99815145106...
check iteration duration=1.59740447998e-05
GetData ===>> H2,0.197237751805046,H1,28.6519220194228,AX,7.00514938671148,L1,0.173490279785611,L2,1.0778518104...
check iteration duration=4.19616699219e-05
GetData ===>> H2,0.104623109601722,H1,29.3074857993435,AX,7.08684537769841,L1,0.170552225470525,L2,1.0121804306...
check iteration duration=4.10079956055e-05
GetData ===>> H2,-0.0221610812800744,H1,29.5459382902172,AX,7.15452629912784,L1,0.123406079113185,L2,1.12704305...
check iteration duration=1.78813934326e-05
GetData ===>> H2,-0.0436401835557409,H1,29.569046951243,AX,7.1865616538722,L1,0.136088770053173,L2,1.1623671236...
check iteration duration=1.59740447998e-05
GetData ===>> H2,-0.0749945099624289,H1,29.6734594019776,AX,7.08748219128409,L1,0.100526191895116,L2,1.08592061...
check iteration duration=4.79221343994e-05
GetData ===>> H2,-0.0240475468218283,H1,29.8006913370698,AX,7.08583609647593,L1,0.103827050680018,L2,1.04275351...
check iteration duration=1.90734863281e-05
GetData ===>> H2,-0.125312814231004,H1,29.7055315359056,AX,7.22038778487929,L1,0.122503886889399,L2,1.008733120...
check iteration duration=4.50611114502e-05
GetData ===>> H2,-0.0955381912668552,H1,29.6801688861552,AX,7.19868579151413,L1,0.140430555839298,L2,1.07577741...
Equilibration Finished
04:02:00 -- ******* Equilibration Finished *******
checking ownership. requestor=129.138.12.150
check software interlocks R
interlocks []
actuate state mode=None-script, software_lock=False
doing actuation None-script close_channel True
Close R ===>> OK
GetIndicatorState R ===>> False
change switch state (True, True)
update switch state R False args=() kw={} ncanvase=3
04:02:00 -- CLOSE  VALVE-R (Jan Inlet)
Post Equilibration Started jan_pump_extraction_line.py
04:02:00 -- ******* Post Equilibration Started jan_pump_extraction_line.py *******
testing...
no interpolation path defined
calculate duration
testing...
no interpolation path defined
executed snippet estimated_duration=4.0, duration=0.000239849090576
executed snippet estimated_duration=4.0, duration=0.0215101242065
Pump after analysis
doing GOSUB
testing...
no interpolation path defined
executed snippet estimated_duration=4.0, duration=0.000109910964966
Pump Microbone
close () {'description': 'Jan Inlet'}
closing name=--- desc=Jan Inlet
checking ownership. requestor=129.138.12.150
check software interlocks R
interlocks []
actuate state mode=None-script, software_lock=False
doing actuation None-script close_channel False
check iteration duration=1.59740447998e-05
waiting for write to finish
measurement finished
estimated time: 12.583 actual time: :12.685
flush and close file /Users/jan/PychronDev/data/isotopes/b2/f2e4cb-4891-49fa-995e-63df435a2d4e.h5
set_fits () {}
using default fits file=/Users/jan/PychronDev/scripts/measurement/fits/nominal_linear.yaml
set "Ar40" to "('Linear', 'SEM')"
No fit for "PM41". defaulting to linear. check the measurement script "jan_unknown120_60.py"
set "PM41" to "linear"
set "Ar36" to "('Linear', 'SEM')"
set "Ar37" to "('linear', 'SEM')"
set "Ar38" to "('linear', 'SEM')"
set "Ar39" to "('Linear', 'SEM')"
set_baseline_fits () {}
using default fits file=/Users/jan/PychronDev/scripts/measurement/fits/nominal_linear.yaml
set "H1" to "('average', 'SEM')"
set "H2" to "('average', 'SEM')"
set "CDD" to "('average', 'SEM')"
set "L2" to "('average', 'SEM')"
set "L1" to "('average', 'SEM')"
set "AX" to "('average', 'SEM')"
multicollect () {'integration_time': 1, 'ncounts': 120}
build tables- signal [Detector(H2), Detector(H1), Detector(AX), Detector(L1), Detector(L2), Detector(CDD)]
add group /signal/PM41 (Group) '' table H2
add group /signal/Ar40 (Group) '' table H1
add group /signal/Ar39 (Group) '' table AX
add group /signal/Ar38 (Group) '' table L1
add group /signal/Ar37 (Group) '' table L2
add group /signal/Ar36 (Group) '' table CDD
flush and close file /Users/jan/PychronDev/data/isotopes/b2/f2e4cb-4891-49fa-995e-63df435a2d4e.h5
measuring signal. ncounts=120
Close R ===>> OK
GetIndicatorState R ===>> False
change switch state (True, True)
update switch state R False args=() kw={} ncanvase=3
04:02:01 -- CLOSE  VALVE-R (Jan Inlet)
---------------------------------------- close None (Jan Inlet) result=[(True, True)]
"signal" increment series count="2" fit count="1" regressing="True"
action=close, ok=True, locked=[False]
is_closed ('F',) {}
is F () closed?
is closed True
open () {'description': 'CO2 Laser to Jan'}
opening name=--- desc=CO2 Laser to Jan
checking ownership. requestor=129.138.12.150
check software interlocks A
interlocks []
actuate state mode=None-script, software_lock=False
doing actuation None-script open_channel False
Open A ===>> OK
GetIndicatorState A ===>> OK
change switch state (True, True)
update switch state A True args=() kw={} ncanvase=3
04:02:01 -- OPEN   VALVE-A (CO2 Laser to Jan)
---------------------------------------- open None (CO2 Laser to Jan) result=[(True, True)], time=0.11 sec
starting measurement
check iteration duration=8.70227813721e-05
GetData ===>> H2,0.0388516472111189,H1,29.7957430047879,AX,7.27999749198091,L1,0.0845089206602145,L2,1.11378840...
action=open, ok=True, locked=[False]
sleep (1,) {}
SLEEP 1.0
check iteration duration=3.88622283936e-05
GetData ===>> H2,-0.0494561969304014,H1,29.7721693868499,AX,7.12091454108761,L1,0.0770667016696753,L2,1.0875596...
close () {'description': 'CO2 Laser to Roughing'}
closing name=--- desc=CO2 Laser to Roughing
checking ownership. requestor=129.138.12.150
check software interlocks G
interlocks []
actuate state mode=None-script, software_lock=True
VALVE-G(CO2 Laser to Roughing) software locked
change switch state (True, False)
---------------------------------------- close None (CO2 Laser to Roughing) result=[(True, False)]
action=close, ok=True, locked=[True]
open () {'description': 'Microbone to Turbo'}
opening name=--- desc=Microbone to Turbo
checking ownership. requestor=129.138.12.150
check software interlocks U
interlocks []
actuate state mode=None-script, software_lock=False
doing actuation None-script open_channel True
Open U ===>> OK
GetIndicatorState U ===>> OK
change switch state (True, True)
update switch state U True args=() kw={} ncanvase=3
04:02:03 -- OPEN   VALVE-U (Microbone to Turbo)
---------------------------------------- open None (Microbone to Turbo) result=[(True, True)], time=0.16 sec
action=open, ok=True, locked=[False]
open () {'description': 'Microbone to Getter NP-10'}
opening name=--- desc=Microbone to Getter NP-10
checking ownership. requestor=129.138.12.150
check software interlocks M
interlocks []
actuate state mode=None-script, software_lock=False
doing actuation None-script open_channel False
Open M ===>> OK
GetIndicatorState M ===>> OK
change switch state (True, True)
update switch state M True args=() kw={} ncanvase=3
04:02:03 -- OPEN   VALVE-M (Microbone to Getter NP-10)
---------------------------------------- open None (Microbone to Getter NP-10) result=[(True, True)], time=0.15 sec
action=open, ok=True, locked=[False]
open () {'description': 'Microbone to Getter D-50'}
opening name=--- desc=Microbone to Getter D-50
checking ownership. requestor=129.138.12.150
check software interlocks K
interlocks []
actuate state mode=None-script, software_lock=False
doing actuation None-script open_channel False
check iteration duration=8.41617584229e-05
GetData ===>> H2,-0.0813867443051852,H1,29.8203634061873,AX,7.15991291486291,L1,0.0993718692816487,L2,1.0482758...
Open K ===>> OK
GetIndicatorState K ===>> OK
change switch state (True, True)
update switch state K True args=() kw={} ncanvase=3
04:02:04 -- OPEN   VALVE-K (Microbone to Getter D-50)
---------------------------------------- open None (Microbone to Getter D-50) result=[(True, True)], time=0.42 sec
action=open, ok=True, locked=[False]
open () {'description': 'Microbone to CO2 Laser'}
opening name=--- desc=Microbone to CO2 Laser
checking ownership. requestor=129.138.12.150
check software interlocks T
interlocks []
actuate state mode=None-script, software_lock=False
doing actuation None-script open_channel False
Open T ===>> OK
GetIndicatorState T ===>> OK
change switch state (True, True)
update switch state T True args=() kw={} ncanvase=3
04:02:04 -- OPEN   VALVE-T (Microbone to CO2 Laser)
---------------------------------------- open None (Microbone to CO2 Laser) result=[(True, True)], time=0.41 sec
check iteration duration=8.9168548584e-05
GetData ===>> H2,-0.118336536554392,H1,29.7891364221397,AX,7.14685567743572,L1,0.101603437189776,L2,1.100833634...
action=open, ok=True, locked=[False]
open () {'description': 'Microbone to Inlet Pipette'}
opening name=--- desc=Microbone to Inlet Pipette
checking ownership. requestor=129.138.12.150
check software interlocks S
interlocks []
actuate state mode=None-script, software_lock=False
doing actuation None-script open_channel False
Open S ===>> OK
GetIndicatorState S ===>> OK
change switch state (True, True)
update switch state S True args=() kw={} ncanvase=3
04:02:05 -- OPEN   VALVE-S (Microbone to Inlet Pipette)
---------------------------------------- open None (Microbone to Inlet Pipette) result=[(True, True)], time=0.42 sec
action=open, ok=True, locked=[False]
sleep (1,) {}
SLEEP 1.0
testing H1>-5.0
evaluate ot="H1.bs>-5.0" t="H1>-5.0", ctx="{'H1': None}"
check iteration duration=0.000532150268555
GetData ===>> H2,-0.122391901348184,H1,29.8072574584735,AX,7.04773318606592,L1,0.10271578613092,L2,1.0216525809...
set_resource () {'name': 'CO2PumpTimeFlag', 'value': 30}
Set CO2PumpTimeFlag 30 ===>> OK
release ('JanCO2Flag',) {}
release JanCO2Flag
Set JanCO2Flag 0 ===>> OK
executed snippet estimated_duration=6.0, duration=5.96829605103
PumpMicrobone.py completed successfully
gosub finished
get_resource_value () {'name': 'JanMiniboneFlag'}
Read JanMiniboneFlag ===>> 0
Get Resource Value JanMiniboneFlag=0.0
get resource value 0.0
get_resource_value () {'name': 'JanMiniboneFlag'}
Read JanMiniboneFlag ===>> 0
Get Resource Value JanMiniboneFlag=0.0
executed snippet estimated_duration=4.0, duration=5.97904086113
jan_pump_extraction_line.py completed successfully
Post Equilibration Finished
04:02:06 -- ******* Post Equilibration Finished *******
check iteration duration=4.79221343994e-05
GetData ===>> H2,-0.103773806971147,H1,29.8274432078061,AX,7.07987223982998,L1,0.116014577161608,L2,1.043383638...
check iteration duration=8.17775726318e-05
GetData ===>> H2,-0.0424543674058481,H1,29.8916428849503,AX,7.05386442607899,L1,0.110701872242327,L2,1.06232356...
check iteration duration=3.88622283936e-05
GetData ===>> H2,-0.167956262600229,H1,29.7695382130392,AX,7.01090550188953,L1,0.069802934278003,L2,1.007908532...
check iteration duration=5.10215759277e-05
GetData ===>> H2,-0.22567683045992,H1,29.8699740575614,AX,7.10419698138919,L1,0.0957505391457088,L2,0.993994685...
testing H1>-5.0
evaluate ot="H1.bs>-5.0" t="H1>-5.0", ctx="{'H1': None}"
check iteration duration=0.000726222991943
GetData ===>> H2,-0.216582100806034,H1,29.7558214538914,AX,7.1796703081368,L1,0.123478547837663,L2,1.0730612789...
check iteration duration=5.41210174561e-05
GetData ===>> H2,-0.10447483799311,H1,29.7633305259279,AX,7.1435495547948,L1,0.141841160198884,L2,0.98952893891...
check iteration duration=3.91006469727e-05
GetData ===>> H2,-0.174720768967279,H1,29.8349644331426,AX,7.03693830062775,L1,0.155303800980074,L2,0.992403023...
check iteration duration=3.69548797607e-05
GetData ===>> H2,-0.196693701360746,H1,29.9300290671434,AX,7.11089088378458,L1,0.122008741903289,L2,1.023279089...
check iteration duration=4.00543212891e-05
GetData ===>> H2,-0.206058097647871,H1,29.8650816613696,AX,7.10346392390704,L1,0.099613096144891,L2,1.049467381...
testing H1>-5.0
evaluate ot="H1.bs>-5.0" t="H1>-5.0", ctx="{'H1': None}"
check iteration duration=0.000591039657593
GetData ===>> H2,-0.192009981569017,H1,29.9964125381473,AX,7.13829604817608,L1,0.0928826129970955,L2,1.09551465...
check iteration duration=5.19752502441e-05
GetData ===>> H2,-0.165800768248159,H1,29.976095678501,AX,7.04327324366974,L1,0.0807451314562784,L2,0.966108905...
check iteration duration=3.79085540771e-05
GetData ===>> H2,-0.192148825104147,H1,29.9867680988697,AX,7.02743062243889,L1,0.0677603382594409,L2,1.03401244...
check iteration duration=6.89029693604e-05
GetData ===>> H2,-0.26797446358617,H1,29.9453871264808,AX,7.05925060715915,L1,0.113800108616954,L2,1.1528466981...
check iteration duration=3.88622283936e-05
GetData ===>> H2,-0.264510221986183,H1,29.8463773592053,AX,7.10551890178649,L1,0.111079449237529,L2,1.026497826...
testing H1>-5.0
evaluate ot="H1.bs>-5.0" t="H1>-5.0", ctx="{'H1': None}"
check iteration duration=0.000823020935059
GetData ===>> H2,-0.19049337572936,H1,29.7547800884616,AX,7.1068168041183,L1,0.112174864088914,L2,0.98029549871...
check iteration duration=9.41753387451e-05
GetData ===>> H2,-0.209299990260667,H1,29.964807035854,AX,7.00934326695565,L1,0.136421014706326,L2,1.0107259026...
check iteration duration=4.88758087158e-05
GetData ===>> H2,-0.322926069095804,H1,29.9683457621499,AX,7.11581845658081,L1,0.0974567320466016,L2,1.04135580...
check iteration duration=4.10079956055e-05
GetData ===>> H2,-0.312458999261803,H1,29.7867378605298,AX,6.93161059145209,L1,0.0746757774827918,L2,1.05949322...
check iteration duration=4.10079956055e-05
GetData ===>> H2,-0.25164386543721,H1,29.972968215821,AX,6.96228327429123,L1,0.0857819978785449,L2,1.0379761899...
testing H1>-5.0
evaluate ot="H1.bs>-5.0" t="H1>-5.0", ctx="{'H1': None}"
check iteration duration=0.000659942626953
04:02:27 -- collecting point 25
GetData ===>> H2,-0.213532185156612,H1,29.8268815331187,AX,7.12322228666366,L1,0.112682800392928,L2,1.033657323...
check iteration duration=5.19752502441e-05
GetData ===>> H2,-0.298007196881569,H1,29.8705496472637,AX,7.08132733639524,L1,0.109356943994914,L2,1.023244726...
check iteration duration=4.19616699219e-05
GetData ===>> H2,-0.219855503384557,H1,30.0033960007405,AX,7.03055567694149,L1,0.0732920701822913,L2,1.00757640...
check iteration duration=3.79085540771e-05
GetData ===>> H2,-0.0914540478955336,H1,29.9980177366429,AX,7.07066112375575,L1,0.0726767485899304,L2,1.0552306...
check iteration duration=6.50882720947e-05
GetData ===>> H2,-0.200065022031501,H1,29.9073796706827,AX,7.19105992390449,L1,0.0982104424285189,L2,1.15270906...
testing H1>-5.0
evaluate ot="H1.bs>-5.0" t="H1>-5.0", ctx="{'H1': None}"
check iteration duration=0.000583171844482
GetData ===>> H2,-0.279059067897885,H1,29.8564211228533,AX,7.02853639988539,L1,0.105247275017102,L2,1.054692145...
check iteration duration=9.89437103271e-05
GetData ===>> H2,-0.186895848049622,H1,29.9807321611422,AX,7.09234854103227,L1,0.0714967845904622,L2,1.09736021...
check iteration duration=8.29696655273e-05
GetData ===>> H2,-0.16749469468427,H1,29.8395678300766,AX,7.02414941942413,L1,0.0813537134860792,L2,1.024023627...
check iteration duration=6.19888305664e-05
GetData ===>> H2,-0.198519733340436,H1,29.8933699879824,AX,6.98096287384257,L1,0.0885129698974968,L2,1.00228549...
check iteration duration=8.51154327393e-05
GetData ===>> H2,-0.109299416606874,H1,29.9219806171802,AX,6.97451171417881,L1,0.0788436992949304,L2,1.08805254...
testing H1>-5.0
evaluate ot="H1.bs>-5.0" t="H1>-5.0", ctx="{'H1': None}"
check iteration duration=0.000587940216064
GetData ===>> H2,-0.263886357257066,H1,29.9636137689614,AX,7.07234455474398,L1,0.0403966636896445,L2,0.86617454...
check iteration duration=7.41481781006e-05
GetData ===>> H2,-0.142568918729571,H1,29.9952463823396,AX,6.89611679974843,L1,0.0521458395542738,L2,1.00901943...
check iteration duration=8.58306884766e-05
GetData ===>> H2,-0.25063525906665,H1,30.0356544354373,AX,7.03406546898186,L1,0.0838619400412757,L2,1.107815235...
check iteration duration=8.48770141602e-05
GetData ===>> H2,-0.215844271718712,H1,29.9196772461901,AX,7.0719116698066,L1,0.0914423262731711,L2,1.026360369...
check iteration duration=8.51154327393e-05
GetData ===>> H2,-0.172131113225217,H1,30.0005284766171,AX,7.00516140331117,L1,0.0918942770170354,L2,1.15693004...
testing H1>-5.0
evaluate ot="H1.bs>-5.0" t="H1>-5.0", ctx="{'H1': None}"
check iteration duration=0.000545024871826
GetData ===>> H2,-0.128001823575338,H1,30.0303339662047,AX,6.9920040842774,L1,0.110032401322552,L2,1.0848432057...
check iteration duration=7.91549682617e-05
GetData ===>> H2,-0.100835231415872,H1,29.9054330178062,AX,7.00970378056158,L1,0.11111443312229,L2,1.0412183312...
check iteration duration=7.29560852051e-05
GetData ===>> H2,-0.228459825184659,H1,30.0933589236026,AX,7.09406683911651,L1,0.0832146350865646,L2,1.05132351...
check iteration duration=8.79764556885e-05
GetData ===>> H2,-0.153272701264654,H1,30.0755109237899,AX,7.00053511828017,L1,0.069861919318434,L2,1.067400049...
check iteration duration=8.58306884766e-05
GetData ===>> H2,-0.160396057600414,H1,30.0112580481407,AX,7.06466112324281,L1,0.0847401583475035,L2,1.05968801...
testing H1>-5.0
evaluate ot="H1.bs>-5.0" t="H1>-5.0", ctx="{'H1': None}"
check iteration duration=0.000585079193115
GetData ===>> H2,-0.204074237071558,H1,30.0416471140547,AX,7.0257599599453,L1,0.0798955881024411,L2,0.986266411...
check iteration duration=9.20295715332e-05
GetData ===>> H2,-0.083410586866628,H1,30.0255484964674,AX,6.93380804967375,L1,0.142434712198765,L2,0.905455617...
check iteration duration=7.60555267334e-05
GetData ===>> H2,-0.136357867446037,H1,30.0023120956641,AX,6.96135839368775,L1,0.124179858297005,L2,1.058817160...
check iteration duration=6.19888305664e-05
GetData ===>> H2,-0.0544336439497645,H1,30.0029706696836,AX,7.02172163829044,L1,0.0896118309844526,L2,1.0002585...
check iteration duration=7.9870223999e-05
GetData ===>> H2,-0.113224009871118,H1,30.0999720287053,AX,6.95900419043594,L1,0.0779907014521364,L2,0.99343359...
testing H1>-5.0
evaluate ot="H1.bs>-5.0" t="H1>-5.0", ctx="{'H1': None}"
check iteration duration=0.000656127929688
04:02:53 -- collecting point 50
GetData ===>> H2,-0.0968125770299383,H1,30.1830798122178,AX,7.08129125936713,L1,0.0902601186212726,L2,1.0383198...
check iteration duration=8.48770141602e-05
GetData ===>> H2,-0.0799776988077993,H1,30.1236286505768,AX,7.07904248341675,L1,0.0867588952135144,L2,1.0287658...
check iteration duration=9.29832458496e-05
GetData ===>> H2,-0.122101121200633,H1,30.0743998023701,AX,7.14061621302922,L1,0.112440290808263,L2,1.051701620...
check iteration duration=4.50611114502e-05
GetData ===>> H2,-0.204707708630748,H1,30.1514355102684,AX,6.98290911478397,L1,0.107913305041207,L2,0.954845921...
check iteration duration=8.70227813721e-05
GetData ===>> H2,-0.178297873357302,H1,30.1372430164573,AX,7.00172471416015,L1,0.129780604483955,L2,0.992746545...
testing H1>-5.0
evaluate ot="H1.bs>-5.0" t="H1>-5.0", ctx="{'H1': None}"
check iteration duration=0.000581979751587
GetData ===>> H2,-0.176213841235346,H1,30.016142941432,AX,7.0206640093398,L1,0.11117233774887,L2,0.970405916126...
check iteration duration=8.41617584229e-05
GetData ===>> H2,-0.221054494763153,H1,30.0226279493701,AX,6.98361794026153,L1,0.0817140595178916,L2,1.01176812...
check iteration duration=3.81469726562e-05
GetData ===>> H2,-0.105757693947333,H1,30.0253428217113,AX,7.07282554018633,L1,0.0533078546864526,L2,0.98804285...
check iteration duration=6.48498535156e-05
GetData ===>> H2,-0.236725329471484,H1,30.0440058740335,AX,7.02734648769469,L1,0.0849521308725864,L2,1.06408826...
check iteration duration=4.10079956055e-05
GetData ===>> H2,-0.225412901812746,H1,30.029593508021,AX,7.03500303684194,L1,0.127261092724462,L2,1.0055836922...
testing H1>-5.0
evaluate ot="H1.bs>-5.0" t="H1>-5.0", ctx="{'H1': None}"
check iteration duration=0.000694036483765
GetData ===>> H2,-0.230071144474443,H1,30.0688169224706,AX,7.05418903152644,L1,0.0851845831243146,L2,1.02917827...
check iteration duration=9.29832458496e-05
GetData ===>> H2,-0.289946858725262,H1,30.1459724284404,AX,6.95756286863697,L1,0.0886430919527823,L2,1.04007268...
check iteration duration=8.41617584229e-05
GetData ===>> H2,-0.246552844819268,H1,30.2043227513003,AX,6.95057275021221,L1,0.0670611118087228,L2,0.95773315...
check iteration duration=4.07695770264e-05
GetData ===>> H2,-0.208267967345113,H1,30.1694188410552,AX,6.96443335419584,L1,0.0530347811385182,L2,1.01409311...
check iteration duration=9.70363616943e-05
GetData ===>> H2,-0.146616774240889,H1,30.0734807347306,AX,7.016061048884,L1,0.0674690883156084,L2,0.9312815645...
testing H1>-5.0
evaluate ot="H1.bs>-5.0" t="H1>-5.0", ctx="{'H1': None}"
check iteration duration=0.000598192214966
GetData ===>> H2,-0.206800608135238,H1,30.1591089698223,AX,6.91852289817403,L1,0.0918689672416687,L2,1.05818693...
check iteration duration=8.89301300049e-05
GetData ===>> H2,-0.172062309476861,H1,30.0393569689217,AX,6.9757850947501,L1,0.0843222482594976,L2,1.102931500...
check iteration duration=8.70227813721e-05
GetData ===>> H2,-0.152829454370329,H1,30.0882415738905,AX,6.97986963151978,L1,0.087362426418565,L2,1.074459447...
check iteration duration=8.29696655273e-05
GetData ===>> H2,-0.134713633747732,H1,30.056568456387,AX,6.95809135090407,L1,0.125570099546125,L2,1.0277464042...
check iteration duration=4.19616699219e-05
GetData ===>> H2,-0.141748633114741,H1,30.0973377172599,AX,6.9014634199777,L1,0.122222496648371,L2,1.0092828492...
testing H1>-5.0
evaluate ot="H1.bs>-5.0" t="H1>-5.0", ctx="{'H1': None}"
check iteration duration=0.000597953796387
GetData ===>> H2,-0.100905625343677,H1,30.1665083711373,AX,6.9816836994407,L1,0.101710806106174,L2,1.0173459011...
check iteration duration=8.39233398438e-05
GetData ===>> H2,-0.196059780877947,H1,30.2006149102504,AX,7.07644502920216,L1,0.0923209370469889,L2,1.00695797...
check iteration duration=7.70092010498e-05
GetData ===>> H2,-0.2470196733599,H1,30.0977630447157,AX,7.00397176688919,L1,0.0849978982510043,L2,0.9157279012...
check iteration duration=7.60555267334e-05
GetData ===>> H2,-0.178812073586721,H1,30.2106709299311,AX,6.96121425721499,L1,0.081595951376939,L2,1.034115549...
check iteration duration=3.38554382324e-05
GetData ===>> H2,-0.182366299570124,H1,30.1935978043948,AX,6.96329224462601,L1,0.0982828015786137,L2,0.97023403...
testing H1>-5.0
evaluate ot="H1.bs>-5.0" t="H1>-5.0", ctx="{'H1': None}"
check iteration duration=0.00067400932312
04:03:19 -- collecting point 75
GetData ===>> H2,-0.159295357190058,H1,30.1865948568052,AX,6.96504595518741,L1,0.132663056569461,L2,1.055276512...
check iteration duration=8.79764556885e-05
GetData ===>> H2,-0.272607920272687,H1,30.123656097276,AX,6.90777785154897,L1,0.12155467899222,L2,1.00092272806...
check iteration duration=7.70092010498e-05
GetData ===>> H2,-0.326426437122904,H1,30.1173572513206,AX,6.98171974085582,L1,0.132049546069433,L2,1.028101507...
check iteration duration=8.51154327393e-05
GetData ===>> H2,-0.21706230328779,H1,30.2074264433411,AX,6.99759122921671,L1,0.0808114108899366,L2,1.088339093...
check iteration duration=7.9870223999e-05
GetData ===>> H2,-0.138160030793483,H1,30.1404684296627,AX,6.97648185696424,L1,0.0666627789603712,L2,1.03437903...
testing H1>-5.0
evaluate ot="H1.bs>-5.0" t="H1>-5.0", ctx="{'H1': None}"
check iteration duration=0.000620126724243
GetData ===>> H2,-0.275314816202433,H1,30.1326726920048,AX,6.90721361818474,L1,0.0174308568403663,L2,1.04812686...
check iteration duration=4.10079956055e-05
GetData ===>> H2,-0.187014525370223,H1,30.278410699803,AX,6.96696786480777,L1,0.0522396618998874,L2,0.974840632...
check iteration duration=4.00543212891e-05
GetData ===>> H2,-0.158294504885521,H1,30.1829287775491,AX,6.94262237989847,L1,0.0975966164507532,L2,0.99164727...
check iteration duration=3.81469726562e-05
GetData ===>> H2,-0.257596841159169,H1,30.0926866582515,AX,7.01038875996356,L1,0.137463729538042,L2,1.062953810...
check iteration duration=4.38690185547e-05
GetData ===>> H2,-0.337960924430118,H1,30.2542202167347,AX,7.03231055769413,L1,0.133481933556353,L2,1.059103626...
testing H1>-5.0
evaluate ot="H1.bs>-5.0" t="H1>-5.0", ctx="{'H1': None}"
check iteration duration=0.000566959381104
GetData ===>> H2,-0.292939454124035,H1,30.1275673187967,AX,6.85827781149379,L1,0.12375389373072,L2,1.1317101329...
check iteration duration=8.60691070557e-05
GetData ===>> H2,-0.17093305883056,H1,30.2502255687646,AX,6.959604747267,L1,0.0820527241838199,L2,1.00160983389...
check iteration duration=8.39233398438e-05
GetData ===>> H2,-0.139321213189348,H1,30.2322445040498,AX,6.91870299251412,L1,0.0685270156433195,L2,0.95509797...
check iteration duration=8.60691070557e-05
GetData ===>> H2,-0.115960539943099,H1,30.2868002995232,AX,6.91954343702218,L1,0.048644964836829,L2,1.002800828...
check iteration duration=8.60691070557e-05
GetData ===>> H2,-0.270587064193479,H1,30.1702151145055,AX,6.89367785884975,L1,0.0673162456296267,L2,1.04765711...
testing H1>-5.0
evaluate ot="H1.bs>-5.0" t="H1>-5.0", ctx="{'H1': None}"
check iteration duration=0.000679016113281
GetData ===>> H2,-0.129198086001877,H1,30.1401252963046,AX,7.02741860318542,L1,0.105733161230571,L2,1.067090639...
check iteration duration=5.69820404053e-05
GetData ===>> H2,-0.162873930451239,H1,30.1206781685597,AX,6.98578048945868,L1,0.118761915100258,L2,1.074230238...
check iteration duration=9.58442687988e-05
GetData ===>> H2,-0.185139817744343,H1,30.1741553762114,AX,6.92611115187056,L1,0.106976316239277,L2,0.999353854...
check iteration duration=8.29696655273e-05
GetData ===>> H2,-0.213206273549408,H1,30.2620863716953,AX,6.8031304139179,L1,0.103644848021884,L2,0.9511338939...
check iteration duration=8.60691070557e-05
GetData ===>> H2,-0.301442999680499,H1,30.3971439642503,AX,6.88373047473737,L1,0.066781916142058,L2,1.137753592...
testing H1>-5.0
evaluate ot="H1.bs>-5.0" t="H1>-5.0", ctx="{'H1': None}"
check iteration duration=0.00058388710022
GetData ===>> H2,-0.295684317082623,H1,30.3233316985133,AX,7.02924554615026,L1,0.0571461012565681,L2,1.04371588...
check iteration duration=8.41617584229e-05
GetData ===>> H2,-0.251200089737612,H1,30.1803886787015,AX,7.02074813850939,L1,0.075923564587887,L2,0.884994484...
check iteration duration=8.51154327393e-05
GetData ===>> H2,-0.176486514912862,H1,30.2235432253495,AX,6.90869023558694,L1,0.0704602156142932,L2,0.91906061...
check iteration duration=8.51154327393e-05
GetData ===>> H2,-0.167429911717497,H1,30.1937213896456,AX,6.85783343794785,L1,0.0934804826051931,L2,1.04417415...
check iteration duration=8.39233398438e-05
GetData ===>> H2,-0.154203733579549,H1,30.1878169091522,AX,6.93815507534665,L1,0.146815956613933,L2,1.055104639...
testing H1>-5.0
evaluate ot="H1.bs>-5.0" t="H1>-5.0", ctx="{'H1': None}"
check iteration duration=0.000676870346069
04:03:45 -- collecting point 100
GetData ===>> H2,-0.252263777431184,H1,30.2094084794689,AX,6.92859666928435,L1,0.150310802398058,L2,1.099159959...
check iteration duration=4.00543212891e-05
GetData ===>> H2,-0.215526505670658,H1,30.276543376093,AX,6.90385229338692,L1,0.125187522818519,L2,1.0660019830...
check iteration duration=7.60555267334e-05
GetData ===>> H2,-0.180882134338061,H1,30.1645452183386,AX,6.96516607346539,L1,0.0933093147125402,L2,1.07895206...
check iteration duration=3.91006469727e-05
GetData ===>> H2,-0.218897566066842,H1,30.1647785983874,AX,6.90254380797404,L1,0.0893202355950645,L2,1.07676303...
check iteration duration=8.60691070557e-05
GetData ===>> H2,-0.305126120576957,H1,30.2694176173401,AX,6.93412026073913,L1,0.0842295155092865,L2,0.97026840...
testing H1>-5.0
evaluate ot="H1.bs>-5.0" t="H1>-5.0", ctx="{'H1': None}"
check iteration duration=0.000536203384399
GetData ===>> H2,-0.347926844560782,H1,30.2939271332247,AX,6.94210598780168,L1,0.0575540759236959,L2,0.99097169...
check iteration duration=4.10079956055e-05
GetData ===>> H2,-0.302112329309761,H1,30.3534582124837,AX,6.94765433903066,L1,0.0279067587023635,L2,1.04006122...
check iteration duration=8.51154327393e-05
GetData ===>> H2,-0.130815739850042,H1,30.324980004544,AX,6.93822712707517,L1,0.0625100575477153,L2,1.094139110...
check iteration duration=8.39233398438e-05
GetData ===>> H2,-0.181900832323841,H1,30.3001480246117,AX,6.82017689773364,L1,0.0748094615907502,L2,1.01787277...
check iteration duration=8.79764556885e-05
GetData ===>> H2,-0.110707498435789,H1,30.1081360328923,AX,6.9229172919316,L1,0.0694213454983278,L2,0.999239339...
testing H1>-5.0
evaluate ot="H1.bs>-5.0" t="H1>-5.0", ctx="{'H1': None}"
check iteration duration=0.000578880310059
GetData ===>> H2,-0.143202673743618,H1,30.2263154857169,AX,6.94800262234532,L1,0.0595219728126409,L2,1.00282373...
check iteration duration=9.32216644287e-05
GetData ===>> H2,-0.147167905818871,H1,30.254000576135,AX,6.96675164814649,L1,0.0642043402897307,L2,1.030323795...
check iteration duration=6.98566436768e-05
GetData ===>> H2,-0.156334415278317,H1,30.2240510106246,AX,6.88398275133052,L1,0.0771606638916158,L2,0.97731591...
check iteration duration=4.00543212891e-05
GetData ===>> H2,-0.251187986519568,H1,30.2879262824689,AX,6.88489575761257,L1,0.0944605348188269,L2,0.95564792...
check iteration duration=8.41617584229e-05
GetData ===>> H2,-0.196392930751063,H1,30.3157497943633,AX,6.91680601495421,L1,0.0782388826659922,L2,1.04087463...
testing H1>-5.0
evaluate ot="H1.bs>-5.0" t="H1>-5.0", ctx="{'H1': None}"
check iteration duration=0.000550985336304
GetData ===>> H2,-0.236130716521493,H1,30.2852486581241,AX,6.83567729599884,L1,0.0817140595178916,L2,1.02726529...
check iteration duration=8.41617584229e-05
GetData ===>> H2,-0.20084298017081,H1,30.3167936501108,AX,6.9152212256296,L1,0.114711180100247,L2,1.07419585692...
check iteration duration=8.48770141602e-05
GetData ===>> H2,-0.105794228862381,H1,30.3192247718552,AX,6.86846290991318,L1,0.0707696100888056,L2,1.12961163...
check iteration duration=9.3936920166e-05
GetData ===>> H2,-0.182924835006649,H1,30.331600937929,AX,6.91654188166981,L1,0.0887671913983987,L2,1.091594395...
check iteration duration=3.60012054443e-05
GetData ===>> H2,-0.225999999999995,H1,30.4122654397205,AX,7.04178263303945,L1,0.0862445367657009,L2,1.04632807...
testing H1>-5.0
evaluate ot="H1.bs>-5.0" t="H1>-5.0", ctx="{'H1': None}"
check iteration duration=0.000586032867432
GetData ===>> H2,-0.232380705163104,H1,30.3937628464025,AX,6.90526883802855,L1,0.0933141363036819,L2,0.96629224...
check iteration duration=1.90734863281e-05
waiting for write to finish
measurement finished
estimated time: 125.829 actual time: :126.360
flush and close file /Users/jan/PychronDev/data/isotopes/b2/f2e4cb-4891-49fa-995e-63df435a2d4e.h5
baselines () {'settling_time': 15.0, 'detector': 'H1', 'mass': 34.2, 'ncounts': 60}
%%%%%%%%%%%%%%%%%%%%%%%%%%%%%%%% Baseline
build tables- baseline [Detector(H2), Detector(H1), Detector(AX), Detector(L1), Detector(L2), Detector(CDD)]
add group baseline table H2
add group baseline table H1
add group baseline table AX
add group baseline table L1
add group baseline table L2
add group baseline table CDD
flush and close file /Users/jan/PychronDev/data/isotopes/b2/f2e4cb-4891-49fa-995e-63df435a2d4e.h5
detector Detector(H1)
POSITION 34.2 H1
Mapping mass to dac mass func: "parabolic"
H1 map mass coeffs = [-0.00063987  0.15840543  0.57277999]
H1 map mass to dac 34.2 >> 5.24182599104
GetDeflection H1 ===>> 0
GetHighVoltage ===>> 4499.94659342336
positioning 34.2 (5.24179512242) on H1
setting magnet DAC
current  : 5.881135
requested: 5.241795
Delta Dac: 0.639340
Checking detector protection. dv=0.63934
Checking detector "CDD". Protection Threshold: 0.1 (V)
ProtectDetector CDD,On ===>> OK
GetDeflection CDD ===>> 2000
Protected = 2000
SetMagnetDAC 5.24179512242 ===>> OK
Magnet settling time: 0.500
GetMagnetMoving ===>> True
GetMagnetMoving ===>> True
GetMagnetMoving ===>> True
GetMagnetMoving ===>> True
GetMagnetMoving ===>> True
GetMagnetMoving ===>> True
GetMagnetMoving ===>> True
GetMagnetMoving ===>> True
GetMagnetMoving ===>> False
ProtectDetector CDD,Off ===>> OK
GetDeflection CDD ===>> 50
Delaying 15.0s for detectors to settle
Join finished
measuring baseline. ncounts=60
"baseline" increment series count="2" fit count="1" regressing="True"
starting measurement
check iteration duration=3.31401824951e-05
GetData ===>> H2,-0.25941114830821,H1,-0.00831646301333573,AX,0.00414197152020224,L1,-0.0342751328838111,L2,-0....
check iteration duration=7.79628753662e-05
GetData ===>> H2,-0.270163767217957,H1,-0.0924183525333298,AX,-0.0816464338042589,L1,-0.0146665841303221,L2,-0....
check iteration duration=8.08238983154e-05
GetData ===>> H2,-0.272186042729472,H1,-0.0604860805052841,AX,-0.208164131221174,L1,-0.0332777721429133,L2,0.07...
check iteration duration=8.41617584229e-05
GetData ===>> H2,-0.269892311272512,H1,-0.0573030223572022,AX,-0.216100901840683,L1,-0.0275539062143514,L2,-0.0...
testing H1>-5.0
evaluate ot="H1.bs>-5.0" t="H1>-5.0", ctx="{'H1': None}"
check iteration duration=0.000708103179932
GetData ===>> H2,-0.294829387472281,H1,-0.0997354745966959,AX,-0.123805545208659,L1,-0.0110486067497344,L2,-0.0...
check iteration duration=8.98838043213e-05
GetData ===>> H2,-0.205924683156303,H1,-0.0342675393733448,AX,-0.115138808584488,L1,0.00410178515424274,L2,-0.0...
check iteration duration=4.00543212891e-05
GetData ===>> H2,-0.263851398298841,H1,-0.0649564968361769,AX,-0.226689978182723,L1,0.0138595347827,L2,0.004194...
check iteration duration=9.60826873779e-05
GetData ===>> H2,-0.181004922661801,H1,-0.0722398674153577,AX,-0.16590875227388,L1,-0.014785342720888,L2,0.0222...
check iteration duration=7.79628753662e-05
GetData ===>> H2,-0.21079935442322,H1,-0.0717749872596983,AX,-0.0968990625812706,L1,-0.0530902008009136,L2,0.03...
testing H1>-5.0
evaluate ot="H1.bs>-5.0" t="H1>-5.0", ctx="{'H1': None}"
check iteration duration=0.000585079193115
GetData ===>> H2,-0.255755357113289,H1,-0.0875797010248867,AX,0.0173219109786684,L1,-0.0573207004187724,L2,0.03...
check iteration duration=7.31945037842e-05
GetData ===>> H2,-0.166258355813685,H1,-0.0145782531069337,AX,-0.072176083496049,L1,-0.032116254980477,L2,0.047...
check iteration duration=8.08238983154e-05
GetData ===>> H2,-0.0701054215521183,H1,0.0203138524927261,AX,-0.085285956047411,L1,0.00947816866985821,L2,-0.0...
check iteration duration=0.000102996826172
GetData ===>> H2,-0.14871444329413,H1,-0.00930644827927802,AX,-0.111836439743035,L1,-0.0307066874439159,L2,-0.0...
check iteration duration=8.60691070557e-05
GetData ===>> H2,-0.050144321517488,H1,0.0150404875331801,AX,-0.131382513848717,L1,-0.0748044673374887,L2,-0.07...
testing H1>-5.0
evaluate ot="H1.bs>-5.0" t="H1>-5.0", ctx="{'H1': None}"
check iteration duration=0.000548124313354
GetData ===>> H2,-0.0702844268980288,H1,-0.0590197404528812,AX,-0.121951762717308,L1,-0.0772929337426187,L2,0.0...
check iteration duration=8.41617584229e-05
GetData ===>> H2,-0.242656024269311,H1,-0.000360442767699376,AX,-0.0576152158276034,L1,-0.0800963526497307,L2,-...
check iteration duration=7.60555267334e-05
GetData ===>> H2,-0.194243403386431,H1,-0.0647180796733203,AX,-0.16758958285183,L1,-0.0313941307929391,L2,-0.01...
check iteration duration=3.79085540771e-05
GetData ===>> H2,-0.106508665808162,H1,-0.0562419804748913,AX,-0.0758623269620993,L1,-0.0417834651177727,L2,0.0...
check iteration duration=8.51154327393e-05
GetData ===>> H2,-0.168004847602737,H1,0.00300346214150444,AX,0.0481091258752758,L1,-0.0434694509956697,L2,0.02...
testing H1>-5.0
evaluate ot="H1.bs>-5.0" t="H1>-5.0", ctx="{'H1': None}"
check iteration duration=0.000566959381104
GetData ===>> H2,-0.228652334062313,H1,0.0548720043570096,AX,0.0623865713548829,L1,-0.0121179184745639,L2,-0.02...
check iteration duration=8.51154327393e-05
GetData ===>> H2,-0.196403720866358,H1,-0.0150195454418299,AX,-0.00135687703109506,L1,-0.0247141196854272,L2,-0...
check iteration duration=8.98838043213e-05
GetData ===>> H2,-0.145030770698863,H1,-0.0659816841635184,AX,-0.0489773658626525,L1,-0.0335998598378801,L2,-0....
check iteration duration=6.38961791992e-05
GetData ===>> H2,-0.142706753323904,H1,-0.0367955014749509,AX,-0.0628903041334,L1,-0.0424073607599319,L2,0.0980...
check iteration duration=4.10079956055e-05
GetData ===>> H2,-0.179911924821784,H1,-0.00773200928387825,AX,-0.145203173602876,L1,-0.0235983554596269,L2,0.0...
testing H1>-5.0
evaluate ot="H1.bs>-5.0" t="H1>-5.0", ctx="{'H1': None}"
check iteration duration=0.000573873519897
04:04:51 -- collecting point 25
GetData ===>> H2,-0.121136759772796,H1,0.0109723120738316,AX,-0.126157480902246,L1,0.0182680310019481,L2,0.0891...
check iteration duration=3.69548797607e-05
GetData ===>> H2,-0.199304539838342,H1,-0.0266474937134163,AX,-0.149493045187764,L1,0.00432150630701957,L2,0.02...
check iteration duration=3.91006469727e-05
GetData ===>> H2,-0.234010303305827,H1,-0.121310806281705,AX,-0.108985883863141,L1,-0.0055432102602525,L2,0.024...
check iteration duration=3.81469726562e-05
GetData ===>> H2,-0.143836393345556,H1,-0.0681273910845047,AX,-0.160425565067669,L1,0.00869092508542713,L2,-0.0...
check iteration duration=8.89301300049e-05
GetData ===>> H2,-0.228104415562349,H1,0.0135253412821391,AX,-0.0175847896844949,L1,-0.046062539008654,L2,0.094...
testing H1>-5.0
evaluate ot="H1.bs>-5.0" t="H1>-5.0", ctx="{'H1': None}"
check iteration duration=0.000578880310059
GetData ===>> H2,-0.25654172100481,H1,-0.0113818072992487,AX,-0.116726223185187,L1,-0.0674374341217123,L2,-0.02...
check iteration duration=3.981590271e-05
GetData ===>> H2,-0.144483588542843,H1,-0.0469424803598127,AX,-0.10669147333918,L1,-0.042785750762529,L2,-0.065...
check iteration duration=8.79764556885e-05
GetData ===>> H2,-0.225282281783614,H1,-0.0772938097341356,AX,-0.00487180101684481,L1,-0.0337974178163826,L2,-0...
check iteration duration=9.01222229004e-05
GetData ===>> H2,-0.325813596306279,H1,0.00233544366061729,AX,-0.0757695929897922,L1,-0.0352104492971043,L2,-0....
check iteration duration=8.41617584229e-05
GetData ===>> H2,-0.245869383781145,H1,0.0145752039611537,AX,-0.0577659366047919,L1,-0.00135488645396019,L2,-0....
testing H1>-5.0
evaluate ot="H1.bs>-5.0" t="H1>-5.0", ctx="{'H1': None}"
check iteration duration=0.000577926635742
GetData ===>> H2,-0.14891432968753,H1,0.00590223683618625,AX,0.0436871442321158,L1,-0.00515336537413179,L2,-0.0...
check iteration duration=8.20159912109e-05
GetData ===>> H2,-0.116384088281911,H1,-0.0170709329144312,AX,-0.0693127728679994,L1,-0.0280930156173977,L2,-0....
check iteration duration=8.17775726318e-05
GetData ===>> H2,-0.132075060182009,H1,0.0377346342270492,AX,-0.106193185113966,L1,-0.00457276839284411,L2,0.05...
check iteration duration=7.89165496826e-05
GetData ===>> H2,-0.0794722966838953,H1,0.0201468185734079,AX,-0.160958827287648,L1,-0.0101206589926993,L2,0.07...
check iteration duration=4.10079956055e-05
GetData ===>> H2,-0.129003448501542,H1,-0.0137672242826124,AX,-0.173883745499744,L1,-0.00662270193454806,L2,-0....
testing H1>-5.0
evaluate ot="H1.bs>-5.0" t="H1>-5.0", ctx="{'H1': None}"
check iteration duration=0.00065803527832
GetData ===>> H2,-0.181007621291326,H1,-0.159345884700435,AX,-0.166673823587149,L1,0.0294118907735286,L2,-0.008...
check iteration duration=0.000100135803223
GetData ===>> H2,-0.198117869763211,H1,-0.0591747204982561,AX,-0.196228789438983,L1,0.0330284893646333,L2,0.017...
check iteration duration=6.38961791992e-05
GetData ===>> H2,-0.205149769892071,H1,0.0645041120084457,AX,-0.13062947762948,L1,0.0255323981544952,L2,-0.0217...
check iteration duration=8.60691070557e-05
GetData ===>> H2,-0.239790411126601,H1,-0.0325026977931795,AX,-0.0439682211079816,L1,-0.0295376863125634,L2,0.0...
check iteration duration=8.51154327393e-05
GetData ===>> H2,-0.229803280251031,H1,-0.0365450929839415,AX,-0.0762796287436219,L1,-0.0231477002312695,L2,-0....
testing H1>-5.0
evaluate ot="H1.bs>-5.0" t="H1>-5.0", ctx="{'H1': None}"
check iteration duration=0.000571966171265
GetData ===>> H2,-0.253256103630113,H1,-0.0348995358850466,AX,-0.102311084801409,L1,-0.0352883396010685,L2,0.01...
check iteration duration=9.3936920166e-05
GetData ===>> H2,-0.174375147331201,H1,0.00350447892778507,AX,-0.0621135508420044,L1,-0.0165701514952471,L2,0.0...
check iteration duration=7.9870223999e-05
GetData ===>> H2,-0.209589640340223,H1,-0.0483851517524279,AX,-0.134139735179177,L1,-0.01104381137401,L2,0.0103...
check iteration duration=3.88622283936e-05
GetData ===>> H2,-0.17010055227757,H1,-0.126832155372347,AX,0.00353870714215001,L1,-0.00562837436470057,L2,-0.0...
check iteration duration=4.10079956055e-05
GetData ===>> H2,-0.218051387943297,H1,-0.00317553871267402,AX,-0.0970729009511198,L1,-0.00889645233158914,L2,-...
testing H1>-5.0
evaluate ot="H1.bs>-5.0" t="H1>-5.0", ctx="{'H1': None}"
check iteration duration=0.000584840774536
04:05:17 -- collecting point 50
GetData ===>> H2,-0.251962566311348,H1,-0.0363066081243478,AX,-0.062785964499569,L1,-0.0159872447329016,L2,-0.0...
check iteration duration=4.29153442383e-05
GetData ===>> H2,-0.241502598109238,H1,-0.0246797820424359,AX,-0.17002383770666,L1,-0.0530734541743317,L2,-0.11...
check iteration duration=3.88622283936e-05
GetData ===>> H2,-0.235454003519977,H1,-0.0760184285597763,AX,-0.104640363577875,L1,-0.0484539078274376,L2,-0.0...
check iteration duration=9.51290130615e-05
GetData ===>> H2,-0.169455553760831,H1,-0.0271841356370704,AX,-0.0412084432407338,L1,-0.0301353790755762,L2,-0....
check iteration duration=9.89437103271e-05
GetData ===>> H2,-0.154798257025971,H1,-0.0607602717890508,AX,-0.086479782417433,L1,-0.0184193975808641,L2,-0.0...
testing H1>-5.0
evaluate ot="H1.bs>-5.0" t="H1>-5.0", ctx="{'H1': None}"
check iteration duration=0.000576019287109
GetData ===>> H2,-0.219361050799531,H1,-0.0529276423657741,AX,-0.155846345219215,L1,-0.00252001766040086,L2,0.0...
check iteration duration=7.91549682617e-05
GetData ===>> H2,-0.137908583326622,H1,-0.125234215264425,AX,-0.160958827287648,L1,-0.0126812993566477,L2,-0.00...
check iteration duration=8.20159912109e-05
GetData ===>> H2,-0.203974495763519,H1,-0.1176208442488,AX,-0.0734280308995828,L1,-0.0248567272443196,L2,-0.095...
check iteration duration=3.88622283936e-05
GetData ===>> H2,-0.100808156712129,H1,-0.0128846266244985,AX,-0.043353655499266,L1,-0.00998757419898874,L2,-0....
check iteration duration=9.10758972168e-05
GetData ===>> H2,-0.105710333697404,H1,-0.0359488797694095,AX,-0.0597484727892475,L1,-0.0363044531961129,L2,0.0...
testing H1>-5.0
evaluate ot="H1.bs>-5.0" t="H1>-5.0", ctx="{'H1': None}"
check iteration duration=0.000608921051025
GetData ===>> H2,-0.141936479703632,H1,0.0107456444033317,AX,-0.0396777763975435,L1,-0.038505281035294,L2,0.053...
check iteration duration=4.19616699219e-05
waiting for write to finish
measurement finished
estimated time: 62.915 actual time: :63.262
flush and close file /Users/jan/PychronDev/data/isotopes/b2/f2e4cb-4891-49fa-995e-63df435a2d4e.h5
activate_detectors ('H1', 'AX', 'CDD') {'peak_center': True}
peak_center () {'detector': 'H1', 'integration_time': 0.262144, 'isotope': 'Ar40'}
peak center: mean=30.3140623968 threshold=3
peak center started
setup peak center. detector=['H1', 'AX', 'CDD'], isotope=Ar40
VersionedUnpickler [<apptools.sweet_pickle.versioned_unpickler.VersionedUnpickler object at 0x163d0b050>] using Updater [<apptools.sweet_pickle.updater.Updater object at 0x12e273d10>]
VersionedUnpickler [<apptools.sweet_pickle.versioned_unpickler.VersionedUnpickler object at 0x163d0b050>] using Updater [<apptools.sweet_pickle.updater.Updater object at 0x12e273d10>]
VersionedUnpickler [<apptools.sweet_pickle.versioned_unpickler.VersionedUnpickler object at 0x18a53b7d0>] using Updater [<apptools.sweet_pickle.updater.Updater object at 0x12e273d10>]
setting integration time = 0.524288
SetIntegrationTime 0.524288 ===>> OK
Mapping mass to dac mass func: "parabolic"
H1 map mass coeffs = [-0.00063987  0.15840543  0.57277999]
H1 map mass to dac 39.9624 >> 5.88117
GetDeflection H1 ===>> 0
GetHighVoltage ===>> 4499.94659342336
do peak center. <pychron.spectrometer.jobs.peak_center.PeakCenter object at 0x12e273ef0>
doing pc
starting peak center. center dac= 5.88113536634 step_width=0.001
width = 0.001
get scan parameters. half-width=0.015,window=0.015, i=0, scalar=1
Scan parameters center=5.88114 width=0.03000 (5.86614 - 5.89614)
GetData ===>> H2,-0.205475913771046,H1,-0.0443193881812352,AX,-0.134396496321654,L1,-0.0568072349865663,L2,-0.0...
Moving to starting dac 5.86613536634
setting magnet DAC
current  : 5.241795
requested: 5.866135
Delta Dac: 0.624340
Checking detector protection. dv=0.62434
Checking detector "CDD". Protection Threshold: 0.1 (V)
ProtectDetector CDD,On ===>> OK
GetDeflection CDD ===>> 2000
Protected = 2000
SetMagnetDAC 5.86613536634 ===>> OK
Magnet settling time: 0.500
GetMagnetMoving ===>> True
GetMagnetMoving ===>> True
GetMagnetMoving ===>> True
GetMagnetMoving ===>> True
GetMagnetMoving ===>> True
GetMagnetMoving ===>> True
GetMagnetMoving ===>> True
GetMagnetMoving ===>> True
GetMagnetMoving ===>> False
ProtectDetector CDD,Off ===>> OK
GetDeflection CDD ===>> 50
Wait until signal near baseline. tol= -0.0332395411359. timeout= 10
GetData ===>> H2,0.0619992418729332,H1,0.138046649294998,AX,-0.0650234454568713,L1,0.0723588671792855,L2,0.0366...
GetData ===>> H2,1.98871019207425,H1,1.17834994422645,AX,0.116660204156394,L1,0.0468406035056693,L2,0.084185377...
GetData ===>> H2,1.92881812316522,H1,0.978949604411183,AX,0.0170434431010482,L1,0.00692319775784229,L2,-0.05384...
GetData ===>> H2,0.943849620004079,H1,0.407352106901615,AX,-0.0234883411695255,L1,-0.014253804214231,L2,-0.0353...
GetData ===>> H2,0.343038365001962,H1,0.225976644991577,AX,0.0147229084310685,L1,-0.0310230806645629,L2,-0.0593...
GetData ===>> H2,-0.0380315685241107,H1,0.0987345194496615,AX,0.02310029919454,L1,-0.0518604456787995,L2,-0.053...
GetData ===>> H2,-0.129875236294894,H1,0.0421977057965652,AX,-0.0863754680759493,L1,-0.0609867118078096,L2,-0.1...
GetData ===>> H2,-0.203762879535275,H1,0.0941820799299055,AX,-0.125844665147756,L1,-0.049962882184873,L2,0.0525...
GetData ===>> H2,-0.191243707751337,H1,-0.0226285505120714,AX,-0.135066514715057,L1,-0.0470284907342747,L2,-0.0...
GetData ===>> H2,-0.230368488758839,H1,-0.0347206693526612,AX,0.121320560371284,L1,-0.0576394641647688,L2,0.005...
Peak center baseline intensity achieved
_do_sweep sm= 5.86613536634, em= 5.89613536634, stm= 0.001
calculated step values: start=5.86613536634, end=5.89613536634, width=0.001, nsteps=31.0
setting magnet DAC
current  : 5.866135
requested: 5.866135
Delta Dac: 0.000000
Checking detector protection. dv=0.00000
Checking detector "CDD". Protection Threshold: 0.1 (V)
SetMagnetDAC 5.86613536634 ===>> OK
GetData ===>> H2,-0.230368488758839,H1,-0.0347206693526612,AX,0.121320560371284,L1,-0.0576394641647688,L2,0.005...
setting magnet DAC
current  : 5.866135
requested: 5.867170
Delta Dac: 0.001034
Checking detector protection. dv=0.00103
Checking detector "CDD". Protection Threshold: 0.1 (V)
SetMagnetDAC 5.8671698491 ===>> OK
Magnet settling time: 1.049
GetData ===>> H2,-0.129331897346944,H1,0.0863647608326136,AX,0.0476332599396338,L1,-0.0235663360097353,L2,0.093...
setting magnet DAC
current  : 5.867170
requested: 5.868204
Delta Dac: 0.001034
Checking detector protection. dv=0.00103
Checking detector "CDD". Protection Threshold: 0.1 (V)
SetMagnetDAC 5.86820433186 ===>> OK
Magnet settling time: 1.049
GetData ===>> H2,-0.225459201345177,H1,0.132705587690008,AX,-0.171620923491368,L1,-0.0305205525567988,L2,-0.035...
setting magnet DAC
current  : 5.868204
requested: 5.869239
Delta Dac: 0.001034
Checking detector protection. dv=0.00103
Checking detector "CDD". Protection Threshold: 0.1 (V)
SetMagnetDAC 5.86923881462 ===>> OK
Magnet settling time: 1.049
GetData ===>> H2,-0.230521785580765,H1,0.783728589017696,AX,0.0186214382734588,L1,-0.0228239497057503,L2,-0.208...
setting magnet DAC
current  : 5.869239
requested: 5.870273
Delta Dac: 0.001034
Checking detector protection. dv=0.00103
Checking detector "CDD". Protection Threshold: 0.1 (V)
SetMagnetDAC 5.87027329738 ===>> OK
Magnet settling time: 1.049
GetData ===>> H2,-0.262437032325778,H1,2.57010355877971,AX,0.230009483719332,L1,-0.018287018545021,L2,0.0088593...
setting magnet DAC
current  : 5.870273
requested: 5.871308
Delta Dac: 0.001034
Checking detector protection. dv=0.00103
Checking detector "CDD". Protection Threshold: 0.1 (V)
SetMagnetDAC 5.87130778013 ===>> OK
Magnet settling time: 1.049
GetData ===>> H2,-0.243973504628292,H1,7.29160551755077,AX,0.966771226387802,L1,-0.0144096030543002,L2,-0.08634...
setting magnet DAC
current  : 5.871308
requested: 5.872342
Delta Dac: 0.001034
Checking detector protection. dv=0.00103
Checking detector "CDD". Protection Threshold: 0.1 (V)
SetMagnetDAC 5.87234226289 ===>> OK
Magnet settling time: 1.049
GetData ===>> H2,-0.195415367203726,H1,14.8233764055211,AX,2.4282806103776,L1,0.0388333772066312,L2,0.096015998...
setting magnet DAC
current  : 5.872342
requested: 5.873377
Delta Dac: 0.001034
Checking detector protection. dv=0.00103
Checking detector "CDD". Protection Threshold: 0.1 (V)
SetMagnetDAC 5.87337674565 ===>> OK
Magnet settling time: 1.049
GetData ===>> H2,-0.232393452709868,H1,22.1809181533086,AX,4.23566402371688,L1,0.0381456078792309,L2,0.35614057...
setting magnet DAC
current  : 5.873377
requested: 5.874411
Delta Dac: 0.001034
Checking detector protection. dv=0.00103
Checking detector "CDD". Protection Threshold: 0.1 (V)
SetMagnetDAC 5.87441122841 ===>> OK
Magnet settling time: 1.049
GetData ===>> H2,-0.202334029418633,H1,27.1189675342221,AX,5.52247974320685,L1,0.0582328785122465,L2,0.34035390...
setting magnet DAC
current  : 5.874411
requested: 5.875446
Delta Dac: 0.001034
Checking detector protection. dv=0.00103
Checking detector "CDD". Protection Threshold: 0.1 (V)
SetMagnetDAC 5.87544571117 ===>> OK
Magnet settling time: 1.049
GetData ===>> H2,-0.215459181208762,H1,29.3748241841061,AX,6.22527847583045,L1,0.0316189430689942,L2,0.68021122...
setting magnet DAC
current  : 5.875446
requested: 5.876480
Delta Dac: 0.001034
Checking detector protection. dv=0.00103
Checking detector "CDD". Protection Threshold: 0.1 (V)
SetMagnetDAC 5.87648019393 ===>> OK
Magnet settling time: 1.049
GetData ===>> H2,-0.201727387525758,H1,30.2007934331959,AX,6.63997824840402,L1,0.0751213980521312,L2,0.80900469...
setting magnet DAC
current  : 5.876480
requested: 5.877515
Delta Dac: 0.001034
Checking detector protection. dv=0.00103
Checking detector "CDD". Protection Threshold: 0.1 (V)
SetMagnetDAC 5.87751467669 ===>> OK
Magnet settling time: 1.049
GetData ===>> H2,-0.189317600455682,H1,30.4334055809949,AX,6.77733196468561,L1,0.0551624286631906,L2,0.88117067...
setting magnet DAC
current  : 5.877515
requested: 5.878549
Delta Dac: 0.001034
Checking detector protection. dv=0.00103
Checking detector "CDD". Protection Threshold: 0.1 (V)
SetMagnetDAC 5.87854915944 ===>> OK
Magnet settling time: 1.049
GetData ===>> H2,-0.031424708144939,H1,30.4501940809394,AX,6.74518134548972,L1,0.0369769884968563,L2,0.97415306...
setting magnet DAC
current  : 5.878549
requested: 5.879584
Delta Dac: 0.001034
Checking detector protection. dv=0.00103
Checking detector "CDD". Protection Threshold: 0.1 (V)
SetMagnetDAC 5.8795836422 ===>> OK
Magnet settling time: 1.049
GetData ===>> H2,-0.080534563613029,H1,30.4408240930073,AX,6.6182933833444,L1,0.0187846772803262,L2,0.938291843...
setting magnet DAC
current  : 5.879584
requested: 5.880618
Delta Dac: 0.001034
Checking detector protection. dv=0.00103
Checking detector "CDD". Protection Threshold: 0.1 (V)
SetMagnetDAC 5.88061812496 ===>> OK
Magnet settling time: 1.049
GetData ===>> H2,-0.0844900931840057,H1,30.5478136167908,AX,6.70669329092777,L1,0.0901614495849342,L2,1.0832375...
setting magnet DAC
current  : 5.880618
requested: 5.881653
Delta Dac: 0.001034
Checking detector protection. dv=0.00103
Checking detector "CDD". Protection Threshold: 0.1 (V)
SetMagnetDAC 5.88165260772 ===>> OK
Magnet settling time: 1.049
GetData ===>> H2,-0.333673395867628,H1,30.5782352283453,AX,6.65893234340439,L1,0.0852172506901644,L2,0.83438134...
setting magnet DAC
current  : 5.881653
requested: 5.882687
Delta Dac: 0.001034
Checking detector protection. dv=0.00103
Checking detector "CDD". Protection Threshold: 0.1 (V)
SetMagnetDAC 5.88268709048 ===>> OK
Magnet settling time: 1.049
GetData ===>> H2,-0.139505047469879,H1,30.6368072336485,AX,6.66723488108757,L1,0.113311421926001,L2,0.976238698...
setting magnet DAC
current  : 5.882687
requested: 5.883722
Delta Dac: 0.001034
Checking detector protection. dv=0.00103
Checking detector "CDD". Protection Threshold: 0.1 (V)
SetMagnetDAC 5.88372157324 ===>> OK
Magnet settling time: 1.049
GetData ===>> H2,-0.247807991279415,H1,30.5374181960768,AX,6.80112187653044,L1,0.0904648238257279,L2,0.90608543...
setting magnet DAC
current  : 5.883722
requested: 5.884756
Delta Dac: 0.001034
Checking detector protection. dv=0.00103
Checking detector "CDD". Protection Threshold: 0.1 (V)
SetMagnetDAC 5.884756056 ===>> OK
Magnet settling time: 1.049
GetData ===>> H2,-0.111923182511022,H1,30.541543250929,AX,6.77805133528418,L1,0.0373689177713808,L2,1.030395737...
setting magnet DAC
current  : 5.884756
requested: 5.885791
Delta Dac: 0.001034
Checking detector protection. dv=0.00103
Checking detector "CDD". Protection Threshold: 0.1 (V)
SetMagnetDAC 5.88579053876 ===>> OK
Magnet settling time: 1.049
GetData ===>> H2,-0.129112932506241,H1,30.3344553153136,AX,6.59543817943903,L1,0.0628679719874116,L2,0.89813857...
setting magnet DAC
current  : 5.885791
requested: 5.886825
Delta Dac: 0.001034
Checking detector protection. dv=0.00103
Checking detector "CDD". Protection Threshold: 0.1 (V)
SetMagnetDAC 5.88682502151 ===>> OK
Magnet settling time: 1.049
GetData ===>> H2,-0.0875614526224178,H1,29.6406433441623,AX,6.17162934216391,L1,0.0507303170930621,L2,0.8884062...
setting magnet DAC
current  : 5.886825
requested: 5.887860
Delta Dac: 0.001034
Checking detector protection. dv=0.00103
Checking detector "CDD". Protection Threshold: 0.1 (V)
SetMagnetDAC 5.88785950427 ===>> OK
Magnet settling time: 1.049
GetData ===>> H2,-0.179552717854425,H1,27.5532633307844,AX,5.63155415589983,L1,0.10231557327332,L2,0.6059247853...
setting magnet DAC
current  : 5.887860
requested: 5.888894
Delta Dac: 0.001034
Checking detector protection. dv=0.00103
Checking detector "CDD". Protection Threshold: 0.1 (V)
SetMagnetDAC 5.88889398703 ===>> OK
Magnet settling time: 1.049
GetData ===>> H2,-0.268188273839003,H1,22.6255228543759,AX,4.0921907746302,L1,0.0453250060918037,L2,0.436140492...
setting magnet DAC
current  : 5.888894
requested: 5.889928
Delta Dac: 0.001034
Checking detector protection. dv=0.00103
Checking detector "CDD". Protection Threshold: 0.1 (V)
SetMagnetDAC 5.88992846979 ===>> OK
Magnet settling time: 1.049
GetData ===>> H2,-0.251861712577607,H1,15.3302696746341,AX,2.40551578330498,L1,0.0419265138503236,L2,0.28035634...
setting magnet DAC
current  : 5.889928
requested: 5.890963
Delta Dac: 0.001034
Checking detector protection. dv=0.00103
Checking detector "CDD". Protection Threshold: 0.1 (V)
SetMagnetDAC 5.89096295255 ===>> OK
Magnet settling time: 1.049
GetData ===>> H2,-0.12191988701526,H1,8.06474415930156,AX,1.15276282076909,L1,-0.0250485499025511,L2,0.09492177...
setting magnet DAC
current  : 5.890963
requested: 5.891997
Delta Dac: 0.001034
Checking detector protection. dv=0.00103
Checking detector "CDD". Protection Threshold: 0.1 (V)
SetMagnetDAC 5.89199743531 ===>> OK
Magnet settling time: 1.049
GetData ===>> H2,-0.201457758463708,H1,1.77516467644916,AX,0.0543812284984977,L1,0.0141295709094697,L2,-0.05227...
setting magnet DAC
current  : 5.891997
requested: 5.893032
Delta Dac: 0.001034
Checking detector protection. dv=0.00103
Checking detector "CDD". Protection Threshold: 0.1 (V)
SetMagnetDAC 5.89303191807 ===>> OK
Magnet settling time: 1.049
GetData ===>> H2,-0.19739636745591,H1,0.468307329985884,AX,-0.0774271994148998,L1,0.00302366010861784,L2,0.0397...
setting magnet DAC
current  : 5.893032
requested: 5.894066
Delta Dac: 0.001034
Checking detector protection. dv=0.00103
Checking detector "CDD". Protection Threshold: 0.1 (V)
SetMagnetDAC 5.89406640082 ===>> OK
Magnet settling time: 1.049
GetData ===>> H2,-0.161593876324399,H1,-0.0477890090702314,AX,-0.133004418213894,L1,0.0143118954395739,L2,0.043...
setting magnet DAC
current  : 5.894066
requested: 5.895101
Delta Dac: 0.001034
Checking detector protection. dv=0.00103
Checking detector "CDD". Protection Threshold: 0.1 (V)
SetMagnetDAC 5.89510088358 ===>> OK
Magnet settling time: 1.049
GetData ===>> H2,-0.0995464398617573,H1,0.0129407634262392,AX,-0.0168540698034996,L1,0.0160057520294545,L2,-0.0...
setting magnet DAC
current  : 5.895101
requested: 5.896135
Delta Dac: 0.001034
Checking detector protection. dv=0.00103
Checking detector "CDD". Protection Threshold: 0.1 (V)
SetMagnetDAC 5.89613536634 ===>> OK
Magnet settling time: 1.049
GetData ===>> H2,-0.190004571432925,H1,-0.109887988840662,AX,-0.0387268954778901,L1,-0.043532909428649,L2,0.029...
result of _do_sweep=True
result of _calculate_peak_center=([5.8735000958002761, 5.8811954865818388, 5.8888908773634014], [22.769723640612618, 30.635750824735204, 22.60949635766762], 5.882668432473622, 30.635750824735204)
Failed to find a valid peak. No peak greater than 1.0. max = 0.0203513302715
new center pos Detector(H1) (Ar40) @ 5.88119548658
GetHighVoltage ===>> 4499.94659342336
GetDeflection H1 ===>> 0
dac uncorrected for HV and deflection 5.88123012059
update mftable H1 Ar40 5.88123012059 message=automated run peakcenter
get initial guess parabolic
get initial guess parabolic
get initial guess parabolic
get initial guess parabolic
get initial guess parabolic
get initial guess parabolic
dump mftable to /Users/jan/PychronDev/setupfiles/spectrometer/mftables/mftable.csv
add to repo msg=modified - automated run peakcenter
sweep finished
locally archiving mftable
setting magnet DAC
current  : 5.896135
requested: 5.881195
Delta Dac: 0.014940
Checking detector protection. dv=0.01494
Checking detector "CDD". Protection Threshold: 0.1 (V)
SetMagnetDAC 5.88119548658 ===>> OK
Magnet settling time: 0.500
setting integration time = 1.048576
SetIntegrationTime 1.048576 ===>> OK
Failed to find a valid peak. No peak greater than 1.0. max = 0.0203513302715
flush and close file /Users/jan/PychronDev/data/isotopes/b2/f2e4cb-4891-49fa-995e-63df435a2d4e.h5
finished measure script
executed snippet estimated_duration=226.132928, duration=268.207927942
jan_unknown120_60.py completed successfully
Measurement Finished
04:06:10 -- ******* Measurement Finished *******
Post Measurement Started jan_pump_ms.py
04:06:10 -- ******* Post Measurement Started jan_pump_ms.py *******
testing...
no interpolation path defined
executed snippet estimated_duration=0, duration=2.69412994385e-05
Pumping spectrometer
open () {'name': 'O'}
opening name=O desc=---
checking ownership. requestor=129.138.12.150
check software interlocks O
interlocks []
actuate state mode=None-script, software_lock=False
doing actuation None-script open_channel True
Open O ===>> OK
GetIndicatorState O ===>> OK
change switch state (True, True)
update switch state O True args=() kw={} ncanvase=3
04:06:10 -- OPEN   VALVE-O (Jan Ion Pump)
---------------------------------------- open O () result=[(True, True)], time=0.09 sec
action=open, ok=True, locked=[False]
executed snippet estimated_duration=0, duration=0.346689939499
jan_pump_ms.py completed successfully
setting _ms_pumptime
Post Measurement Finished
04:06:10 -- ******* Post Measurement Finished *******
$$$$$$$$$$$$$$$$$$$$ state at run end measurement
state changed from measurement to success
post measurement save measured=True aborted=False
Set filtering
setting fod for Ar40= {'filter_outliers': True, 'std_devs': 2, 'iterations': 1}
setting fod for H1= {'filter_outliers': True, 'std_devs': 2, 'iterations': 1}
setting fod for PM41= {'filter_outliers': False, 'std_devs': 2, 'iterations': 1}
setting fod for H2= {'filter_outliers': True, 'std_devs': 2, 'iterations': 1}
setting fod for Ar36= {'filter_outliers': True, 'std_devs': 2, 'iterations': 1}
setting fod for CDD= {'filter_outliers': True, 'std_devs': 10, 'iterations': 1}
setting fod for Ar37= {'filter_outliers': True, 'std_devs': 2, 'iterations': 1}
setting fod for L2= {'filter_outliers': True, 'std_devs': 2, 'iterations': 1}
setting fod for Ar38= {'filter_outliers': True, 'std_devs': 2, 'iterations': 1}
setting fod for L1= {'filter_outliers': True, 'std_devs': 2, 'iterations': 1}
setting fod for Ar39= {'filter_outliers': True, 'std_devs': 2, 'iterations': 1}
setting fod for AX= {'filter_outliers': True, 'std_devs': 2, 'iterations': 1}
persistence save...
persistence save - db
post measurement save
6482054992 connecting to database sqlite:////Users/jan/PychronDev/.appdata/local_lab.db
connected to db sqlite:////Users/jan/PychronDev/.appdata/local_lab.db
create new session 6482054992
close session 6482054992
No database instance. Not saving post measurement to isotopedb database
$$$$$$$$$$$$$$$ auto_save_detector_ic=False
massspec enabled True
create new session 5025924496
MassSpec Database Version: 16.0
close session 5025924496
saving post measurement to secondary database
saving to massspec database 129.138.12.160/massspecdata
setting labnumber to 65590
setting aliquot to 18
setting step to 
setting uuid to b2f2e4cb-4891-49fa-995e-63df435a2d4e
setting irradpos to 65590
setting extract_device to Fusions CO2
setting tray to 
setting position to 190
setting power_requested to 0.35
setting extract_value to 0.35
setting duration to 30.0
setting duration_at_request to 30.0
setting first_stage_delay to 30.0
setting cleanup to 30.0
setting comment to O:12
setting irradiation to NM-289
setting level to O
setting irradiation_level to O
setting sample to BW-2014-10
setting material to Sanidine
setting project to Bustos Wells
setting mass_spectrometer to Jan
no attribute chron_dosages
no attribute production_ratios
no attribute interference_corrections
no attribute production_name
no attribute j
Reference Isotope=Ar40
Reference Detector=H1
%%%%%%%%%%%%%%%%%%%% Comment: O:12 %%%%%%%%%%%%%%%%%%%
adding isotope PM41 H2
add baseline dbdet= PM41. original det= H2
get baseline data PM41 H2
Get data baseline <pychron.processing.isotope.Baseline object at 0x180019550> len t=60
baseline PM41. v=-0.189479860998, e=0.0074245825433
get signal data PM41 H2
Get data signal PM41 0.03+/-0.07 len t=120
adding isotope Ar40 H1
add baseline dbdet= Ar40. original det= H1
get baseline data Ar40 H1
Get data baseline <pychron.processing.isotope.Baseline object at 0x1800192d0> len t=60
baseline Ar40. v=-0.0355134831493, e=0.00548338926274
get signal data Ar40 H1
Get data signal Ar40 29.798+/-0.013 len t=120
adding isotope Ar39 AX
add baseline dbdet= Ar39. original det= AX
get baseline data Ar39 AX
Get data baseline <pychron.processing.isotope.Baseline object at 0x180019450> len t=60
baseline Ar39. v=-0.0983424586147, e=0.00750793159815
get signal data Ar39 AX
Get data signal Ar39 7.224+/-0.010 len t=120
adding isotope Ar38 L1
add baseline dbdet= Ar38. original det= L1
get baseline data Ar38 L1
Get data baseline <pychron.processing.isotope.Baseline object at 0x180019c50> len t=60
baseline Ar38. v=-0.0215539081869, e=0.00270786107235
get signal data Ar38 L1
Get data signal Ar38 0.124+/-0.005 len t=120
adding isotope Ar37 L2
add baseline dbdet= Ar37. original det= L2
get baseline data Ar37 L2
Get data baseline <pychron.processing.isotope.Baseline object at 0x14bab4250> len t=60
baseline Ar37. v=-0.00166902857029, e=0.00627433924319
get signal data Ar37 L2
Get data signal Ar37 1.040+/-0.010 len t=120
adding isotope Ar36 CDD
add baseline dbdet= Ar36. original det= CDD
get baseline data Ar36 CDD
Get data baseline <pychron.processing.isotope.Baseline object at 0x14bab4990> len t=60
baseline Ar36. v=4.46596235025e-05, e=1.07906758039e-05
get signal data Ar36 CDD
Get data signal Ar36 0.00878+/-0.00025 len t=120
65590-18 added analysis time 0.46612405777s
analysis added to mass spec database
mass spec save time= 0.474
persistence save - dvc
================= post measurement started
create new session 4992585168
close session 4992585168
---------------- Experiment Queue saving disabled
DVC saving peakcenter
Failed to find a valid peak. No peak greater than 1.0. max = 0.0203513302715
Smart pull ahead: 0 behind: 0
Up-to-date with origin
add to repo msg=modified - ad8224ebc6dbfeb9f5997218dfa5fe690569839d.json
add to repo msg=modified - 90-18.json
add to repo msg=modified - 90-18.dat.json
add to repo msg=modified - 90-18.blan.json
add to repo msg=modified - 90-18.inte.json
add to repo msg=modified - 90-18.icfa.json
add to repo msg=modified - 90-18.base.json
not at valid file /Users/jan/PychronDev/data/.dvc/repositories/Load1792/655/tags/90-18.tags.json
add to repo msg=modified - 90-18.peak.json
add to repo msg=modified - 90-18.extr.json
not at valid file /Users/jan/PychronDev/data/.dvc/repositories/Load1792/655/monitor/90-18.moni.json
commit message=<COLLECTION>
add to repo msg=modified - 90-18.inte.json
add to repo msg=modified - 90-18.base.json
commit message=<ISOEVO> default collection fits
add to repo msg=modified - 90-18.blan.json
commit message=<BLANKS> preceding bu-FC-J-7797
add to repo msg=modified - 90-18.icfa.json
commit message=<ICFactor> default
push repository <pychron.git_archive.repo_manager.GitRepoManager object at 0x157651b30>
pushing to remote=origin, url=https://github.com
no changes to meta repo
create new session 4992585168
add association Load1792
get identifier "65590"
setting analysis irradiation position=<pychron.dvc.dvc_orm.IrradiationPositionTbl object at 0x15c24d590>
close session 4992585168
================= post measurement finished
04:06:22 -- ******* Post Run Check *******
loading queue conditionals post_run_actions
loading system conditionals post_run_actions
loading conditionals from /Users/jan/PychronDev/setupfiles/spectrometer/default_conditionals.yaml
loading queue conditionals post_run_terminations
loading system conditionals post_run_terminations
loading conditionals from /Users/jan/PychronDev/setupfiles/spectrometer/default_conditionals.yaml
Checking default post run terminations n=1
GetDeflection CDD ===>> 50
testing CDD==2000
evaluate ot="CDD.deflection==2000" t="CDD==2000", ctx="{'CDD': 50.0}"
04:06:22 -- ******* Post Run Check Passed *******
04:06:22 -- Automated run 65590-18 success duration: 362.508 s
----------------- finish -----------------
----------------- stop -----------------
retroactive repository identifiers disabled
finish run. runs completed=128
update duration runid=65590-18, duration=362.508374929, md5=301e91d8
loading script "jan_unknown120_60.py"
loading script "jan_pump_ms.py"
loading script "jan_co2.py"
loading script "jan_pump_extraction_line.py"
testing...
no interpolation path defined
executed snippet estimated_duration=213.652928, duration=0.000252962112427
script duration name:unknown120_60 seconds:214.0
loading script "jan_unknown120_60.py"
loading script "jan_pump_ms.py"
loading script "jan_co2.py"
loading script "jan_pump_extraction_line.py"
testing...
no interpolation path defined
executed snippet estimated_duration=0, duration=2.59876251221e-05
loading script "jan_unknown120_60.py"
loading script "jan_pump_ms.py"
loading script "jan_co2.py"
loading script "jan_pump_extraction_line.py"
testing...
no interpolation path defined
calculate duration
testing...
no interpolation path defined
executed snippet estimated_duration=0, duration=4.6968460083e-05
calculate duration
testing...
no interpolation path defined
executed snippet estimated_duration=0, duration=9.29832458496e-05
executed snippet estimated_duration=0.0, duration=0.0029981136322
script duration name:co2 seconds:0.0
loading script "jan_unknown120_60.py"
loading script "jan_pump_ms.py"
loading script "jan_co2.py"
loading script "jan_pump_extraction_line.py"
testing...
no interpolation path defined
calculate duration
testing...
no interpolation path defined
executed snippet estimated_duration=4.0, duration=0.000159025192261
executed snippet estimated_duration=4.0, duration=0.00148105621338
Script duration 214.0
Run total estimated duration= 215.000
unknown120_60 in script context. using previous estimated duration
script duration name:unknown120_60 seconds:214.0
pump_ms in script context. using previous estimated duration
co2 in script context. using previous estimated duration
script duration name:co2 seconds:0.0
pump_extraction_line in script context. using previous estimated duration
Script duration 214.0
Run total estimated duration= 215.000
script duration name:unknown120_60 seconds:214.0
script duration name:co2 seconds:0.0
Script duration 214.0
Run total estimated duration= 215.000
script duration name:unknown120_60 seconds:214.0
script duration name:co2 seconds:0.0
Script duration 214.0
Run total estimated duration= 215.000
script duration name:unknown120_60 seconds:214.0
script duration name:co2 seconds:0.0
Script duration 214.0
Run total estimated duration= 215.000
loading script "jan_unknown400_120.py"
loading script "jan_pump_ms.py"
loading script "jan_co2.py"
loading script "jan_pump_extraction_line.py"
testing...
no interpolation path defined
executed snippet estimated_duration=556.052928, duration=0.000251054763794
script duration name:unknown400_120 seconds:556.0
script duration name:co2 seconds:0.0
Script duration 556.0
Run total estimated duration= 557.000
unknown400_120 in script context. using previous estimated duration
script duration name:unknown400_120 seconds:556.0
loading script "jan_unknown400_120.py"
loading script "jan_pump_ms.py"
loading script "jan_cocktail_x1.py"
loading script "jan_pump_extraction_line.py"
testing...
no interpolation path defined
calculate duration
testing...
no interpolation path defined
executed snippet estimated_duration=0, duration=4.6968460083e-05
calculate duration
testing...
no interpolation path defined
executed snippet estimated_duration=0, duration=0.000125169754028
calculate duration
testing...
no interpolation path defined
executed snippet estimated_duration=32.0, duration=0.000115871429443
calculate duration
testing...
no interpolation path defined
executed snippet estimated_duration=34.0, duration=9.79900360107e-05
calculate duration
testing...
no interpolation path defined
executed snippet estimated_duration=4.0, duration=7.5101852417e-05
calculate duration
testing...
no interpolation path defined
executed snippet estimated_duration=38.0, duration=0.000154972076416
executed snippet estimated_duration=108.0, duration=0.0146491527557
script duration name:cocktail_x1 seconds:108.0
Script duration 664.0
Run total estimated duration= 665.000
script duration name:unknown400_120 seconds:556.0
loading script "jan_unknown400_120.py"
loading script "jan_pump_ms.py"
loading script "jan_sniffair_x2.py"
loading script "jan_pump_extraction_line.py"
testing...
no interpolation path defined
calculate duration
testing...
no interpolation path defined
executed snippet estimated_duration=0, duration=9.20295715332e-05
calculate duration
testing...
no interpolation path defined
executed snippet estimated_duration=0, duration=0.000130891799927
calculate duration
testing...
no interpolation path defined
executed snippet estimated_duration=32.0, duration=0.000144004821777
calculate duration
testing...
no interpolation path defined
executed snippet estimated_duration=34.0, duration=0.000196933746338
calculate duration
testing...
no interpolation path defined
executed snippet estimated_duration=4.0, duration=7.9870223999e-05
calculate duration
testing...
no interpolation path defined
executed snippet estimated_duration=36.0, duration=0.000123977661133
calculate duration
testing...
no interpolation path defined
executed snippet estimated_duration=34.0, duration=0.000113010406494
calculate duration
testing...
no interpolation path defined
executed snippet estimated_duration=4.0, duration=0.000111103057861
calculate duration
testing...
no interpolation path defined
executed snippet estimated_duration=36.0, duration=9.29832458496e-05
calculate duration
testing...
no interpolation path defined
executed snippet estimated_duration=70.0, duration=0.000140190124512
executed snippet estimated_duration=250.0, duration=0.0295641422272
script duration name:sniffair_x2 seconds:250.0
Script duration 806.0
Run total estimated duration= 807.000
script duration name:unknown400_120 seconds:556.0
sniffair_x2 in script context. using previous estimated duration
script duration name:sniffair_x2 seconds:250.0
Script duration 806.0
Run total estimated duration= 807.000
script duration name:unknown400_120 seconds:556.0
cocktail_x1 in script context. using previous estimated duration
script duration name:cocktail_x1 seconds:108.0
Script duration 664.0
Run total estimated duration= 665.000
loading script "jan_ic_peak_hop3.py"
loading script "jan_pump_ms.py"
loading script "jan_air_x1.py"
loading script "jan_pump_extraction_line.py"
testing...
no interpolation path defined
executed snippet estimated_duration=133.8, duration=0.00796794891357
script duration name:ic_peak_hop3 seconds:134.0
loading script "jan_ic_peak_hop3.py"
loading script "jan_pump_ms.py"
loading script "jan_air_x1.py"
loading script "jan_pump_extraction_line.py"
testing...
no interpolation path defined
calculate duration
testing...
no interpolation path defined
executed snippet estimated_duration=0, duration=4.60147857666e-05
calculate duration
testing...
no interpolation path defined
executed snippet estimated_duration=0, duration=9.70363616943e-05
calculate duration
testing...
no interpolation path defined
executed snippet estimated_duration=32.0, duration=9.20295715332e-05
calculate duration
testing...
no interpolation path defined
executed snippet estimated_duration=34.0, duration=9.3936920166e-05
calculate duration
testing...
no interpolation path defined
executed snippet estimated_duration=4.0, duration=6.41345977783e-05
calculate duration
testing...
no interpolation path defined
executed snippet estimated_duration=36.0, duration=8.89301300049e-05
executed snippet estimated_duration=106.0, duration=0.00809097290039
script duration name:air_x1 seconds:106.0
Script duration 240.0
Run total estimated duration= 241.000
script duration name:unknown120_60 seconds:214.0
script duration name:co2 seconds:0.0
Script duration 214.0
Run total estimated duration= 215.000
script duration name:unknown120_60 seconds:214.0
script duration name:co2 seconds:0.0
Script duration 214.0
Run total estimated duration= 215.000
script duration name:unknown120_60 seconds:214.0
script duration name:co2 seconds:0.0
Script duration 214.0
Run total estimated duration= 215.000
script duration name:unknown120_60 seconds:214.0
script duration name:co2 seconds:0.0
Script duration 214.0
Run total estimated duration= 215.000
script duration name:unknown120_60 seconds:214.0
script duration name:co2 seconds:0.0
Script duration 214.0
Run total estimated duration= 215.000
script duration name:unknown120_60 seconds:214.0
script duration name:co2 seconds:0.0
Script duration 214.0
Run total estimated duration= 215.000
script duration name:unknown120_60 seconds:214.0
script duration name:co2 seconds:0.0
Script duration 214.0
Run total estimated duration= 215.000
script duration name:unknown120_60 seconds:214.0
script duration name:co2 seconds:0.0
Script duration 214.0
Run total estimated duration= 215.000
script duration name:unknown120_60 seconds:214.0
script duration name:co2 seconds:0.0
Script duration 214.0
Run total estimated duration= 215.000
script duration name:unknown120_60 seconds:214.0
script duration name:co2 seconds:0.0
Script duration 214.0
Run total estimated duration= 215.000
script duration name:unknown120_60 seconds:214.0
script duration name:co2 seconds:0.0
Script duration 214.0
Run total estimated duration= 215.000
script duration name:unknown120_60 seconds:214.0
script duration name:co2 seconds:0.0
Script duration 214.0
Run total estimated duration= 215.000
script duration name:unknown120_60 seconds:214.0
script duration name:co2 seconds:0.0
Script duration 214.0
Run total estimated duration= 215.000
script duration name:unknown400_120 seconds:556.0
script duration name:co2 seconds:0.0
Script duration 556.0
Run total estimated duration= 557.000
script duration name:unknown400_120 seconds:556.0
script duration name:cocktail_x1 seconds:108.0
Script duration 664.0
Run total estimated duration= 665.000
script duration name:unknown400_120 seconds:556.0
script duration name:sniffair_x2 seconds:250.0
Script duration 806.0
Run total estimated duration= 807.000
script duration name:unknown400_120 seconds:556.0
script duration name:sniffair_x2 seconds:250.0
Script duration 806.0
Run total estimated duration= 807.000
script duration name:unknown400_120 seconds:556.0
script duration name:cocktail_x1 seconds:108.0
Script duration 664.0
Run total estimated duration= 665.000
ic_peak_hop3 in script context. using previous estimated duration
script duration name:ic_peak_hop3 seconds:134.0
air_x1 in script context. using previous estimated duration
script duration name:air_x1 seconds:106.0
Script duration 240.0
Run total estimated duration= 241.000
nruns=30 before=5.0, run_dur=11354.0, btw=1305.0
write rem/ex queues
/Users/jan/PychronDev/experiments/rem/CurrentExperiment.rem.txt
/Users/jan/PychronDev/experiments/rem/CurrentExperiment.ex.txt
doing event level: 3
