do run
loading script "jan_unknown120_60.py"
loading script "jan_pump_ms.py"
loading script "jan_co2.py"
loading script "jan_pump_extraction_line.py"
testing...
no interpolation path defined
executed snippet estimated_duration=213.652928, duration=0.000180959701538
script duration name:unknown120_60 seconds:214.0
loading script "jan_unknown120_60.py"
loading script "jan_pump_ms.py"
loading script "jan_co2.py"
loading script "jan_pump_extraction_line.py"
testing...
no interpolation path defined
executed snippet estimated_duration=0, duration=2.09808349609e-05
loading script "jan_unknown120_60.py"
loading script "jan_pump_ms.py"
loading script "jan_co2.py"
loading script "jan_pump_extraction_line.py"
testing...
no interpolation path defined
calculate duration
testing...
no interpolation path defined
executed snippet estimated_duration=0, duration=3.69548797607e-05
calculate duration
testing...
no interpolation path defined
executed snippet estimated_duration=0, duration=7.10487365723e-05
executed snippet estimated_duration=0.0, duration=0.00194406509399
script duration name:co2 seconds:0.0
loading script "jan_unknown120_60.py"
loading script "jan_pump_ms.py"
loading script "jan_co2.py"
loading script "jan_pump_extraction_line.py"
testing...
no interpolation path defined
calculate duration
testing...
no interpolation path defined
executed snippet estimated_duration=4.0, duration=0.000110149383545
executed snippet estimated_duration=4.0, duration=0.000937938690186
Script duration 214.0
Run total estimated duration= 215.000
run duration: 0:03:35
doing event level: 2
06:00:49 -- Setting default integration. t=1.048576
setting integration time = 1.048576
SetIntegrationTime 1.048576 ===>> OK
----------------- start -----------------
**************** Experiment Type: Ar/Ar, Ar/Ar
create new session 4419438256
close session 4419438256
$$$$$ Clearing conditionals
adding conditionals 
Add queue conditionals
add default conditionals
adding default conditionals from /Users/jan/PychronDev/setupfiles/spectrometer/default_conditionals.yaml
Start automated run 65590-24
loading script "jan_unknown120_60.py"
loading script "jan_pump_ms.py"
loading script "jan_co2.py"
loading script "jan_pump_extraction_line.py"
%%%%%%%%%%%%%%%%%% setting automated run 65590-24
No value "sensitivity_multiplier" in metadata
$$$$$$$$$$$$$$$ auto_save_detector_ic=False
============================= Pre Extraction Check =============================
loading queue conditionals pre_run_terminations
loading system conditionals pre_run_terminations
loading conditionals from /Users/jan/PychronDev/setupfiles/spectrometer/default_conditionals.yaml
06:00:49 -- ******* Pre Extraction Check *******
Get a measurement from the spectrometer
GetData ===>> H2,-0.200429064562428,H1,0.0140741317636419,AX,-0.0256803349386117,L1,-0.00920581538003973,L2,-0....
Pre Extraction Termination data. keys=H2,H1,AX,L1,L2,CDD, signals=-0.20043,0.01407,-0.02568,-0.00921,-0.01109,0.00000
06:00:49 -- testing system defined conditionals
Checking default pre extraction terminations n=2
testing CDD
evaluate ot="CDD.inactive" t="CDD", ctx="{'CDD': False}"
GetDeflection CDD ===>> 50
testing CDD==2000
evaluate ot="CDD.deflection==2000" t="CDD==2000", ctx="{'CDD': 50.0}"
06:00:49 -- ******* Pre Extraction Check Passed *******
=================================================================================
06:00:49 -- stopping status monitor
stop 5025639504
Status monitor stopped
Status monitor finished
06:00:51 -- starting status monitor
start 5025639504
StatusMonitor period=1. Frequencies(state=2, checksum=3, lock=5, owner=5)
start extraction
do extraction
Analysis started at 06:00:52.558259
Extraction Started jan_co2.py
06:00:52 -- ******* Extraction Started jan_co2.py *******
state changed from not run to extraction
DO EXTRACTION <pychron.extraction_line.pyscript_runner.RemotePyScriptRunner object at 0x12bfe48f0>
testing...
no interpolation path defined
calculate duration
testing...
no interpolation path defined
executed snippet estimated_duration=0, duration=4.60147857666e-05
calculate duration
testing...
no interpolation path defined
executed snippet estimated_duration=0, duration=9.10758972168e-05
executed snippet estimated_duration=100.0, duration=0.00275897979736
Jan CO2 laser analysis
doing GOSUB
testing...
no interpolation path defined
executed snippet estimated_duration=0, duration=3.88622283936e-05
Waiting for CO2 access
wait ('FelixCO2Flag', 0) {}
waiting for FelixCO2Flag = 0
Read FelixCO2Flag ===>> 0
finished waiting
CO2 free
wait ('CO2PumpTimeFlag', 0) {}
waiting for CO2PumpTimeFlag = 0
Read CO2PumpTimeFlag ===>> 0
finished waiting
acquire ('JanCO2Flag',) {'clear': True}
acquire JanCO2Flag
Set JanCO2Flag 1 ===>> OK
JanCO2Flag acquired
set extraction state False (0.75, 'red', 1.5)
CO2 acquired
executed snippet estimated_duration=0, duration=0.016706943512
WaitForCO2Access.py completed successfully
gosub finished
doing GOSUB
testing...
no interpolation path defined
executed snippet estimated_duration=0, duration=7.29560852051e-05
Prepare for CO2 analysis
close () {'description': 'Jan Inlet'}
closing name=--- desc=Jan Inlet
checking ownership. requestor=129.138.12.150
check software interlocks R
interlocks []
actuate state mode=None-script, software_lock=False
doing actuation None-script close_channel False
Close R ===>> OK
GetIndicatorState R ===>> False
change switch state (True, True)
update switch state R False args=() kw={} ncanvase=3
06:00:53 -- CLOSE  VALVE-R (Jan Inlet)
---------------------------------------- close None (Jan Inlet) result=[(True, True)]
action=close, ok=True, locked=[False]
open () {'description': 'Jan Ion Pump'}
opening name=--- desc=Jan Ion Pump
checking ownership. requestor=129.138.12.150
check software interlocks O
interlocks []
actuate state mode=None-script, software_lock=False
doing actuation None-script open_channel False
Open O ===>> OK
GetIndicatorState O ===>> OK
change switch state (True, True)
update switch state O True args=() kw={} ncanvase=3
06:00:53 -- OPEN   VALVE-O (Jan Ion Pump)
---------------------------------------- open None (Jan Ion Pump) result=[(True, True)], time=0.09 sec
action=open, ok=True, locked=[False]
close () {'description': 'Microbone to Minibone'}
closing name=--- desc=Microbone to Minibone
checking ownership. requestor=129.138.12.150
check software interlocks L
interlocks []
actuate state mode=None-script, software_lock=False
doing actuation None-script close_channel False
Close L ===>> OK
GetIndicatorState L ===>> False
change switch state (True, True)
update switch state L False args=() kw={} ncanvase=3
06:00:54 -- CLOSE  VALVE-L (Microbone to Minibone)
---------------------------------------- close None (Microbone to Minibone) result=[(True, True)]
action=close, ok=True, locked=[False]
open () {'description': 'Microbone to Turbo'}
opening name=--- desc=Microbone to Turbo
checking ownership. requestor=129.138.12.150
check software interlocks U
interlocks []
actuate state mode=None-script, software_lock=False
doing actuation None-script open_channel False
Open U ===>> OK
GetIndicatorState U ===>> OK
change switch state (True, True)
update switch state U True args=() kw={} ncanvase=3
06:00:54 -- OPEN   VALVE-U (Microbone to Turbo)
---------------------------------------- open None (Microbone to Turbo) result=[(True, True)], time=0.13 sec
action=open, ok=True, locked=[False]
open () {'description': 'Microbone to Inlet Pipette'}
opening name=--- desc=Microbone to Inlet Pipette
checking ownership. requestor=129.138.12.150
check software interlocks S
interlocks []
actuate state mode=None-script, software_lock=False
doing actuation None-script open_channel False
Open S ===>> OK
GetIndicatorState S ===>> OK
change switch state (True, True)
update switch state S True args=() kw={} ncanvase=3
06:00:55 -- OPEN   VALVE-S (Microbone to Inlet Pipette)
---------------------------------------- open None (Microbone to Inlet Pipette) result=[(True, True)], time=0.41 sec
action=open, ok=True, locked=[False]
open () {'description': 'Microbone to Getter D-50'}
opening name=--- desc=Microbone to Getter D-50
checking ownership. requestor=129.138.12.150
check software interlocks K
interlocks []
actuate state mode=None-script, software_lock=False
doing actuation None-script open_channel False
Open K ===>> OK
GetIndicatorState K ===>> OK
change switch state (True, True)
update switch state K True args=() kw={} ncanvase=3
06:00:55 -- OPEN   VALVE-K (Microbone to Getter D-50)
---------------------------------------- open None (Microbone to Getter D-50) result=[(True, True)], time=0.41 sec
action=open, ok=True, locked=[False]
open () {'description': 'Microbone to Getter NP-10'}
opening name=--- desc=Microbone to Getter NP-10
checking ownership. requestor=129.138.12.150
check software interlocks M
interlocks []
actuate state mode=None-script, software_lock=False
doing actuation None-script open_channel False
Open M ===>> OK
GetIndicatorState M ===>> OK
change switch state (True, True)
update switch state M True args=() kw={} ncanvase=3
06:00:56 -- OPEN   VALVE-M (Microbone to Getter NP-10)
---------------------------------------- open None (Microbone to Getter NP-10) result=[(True, True)], time=0.15 sec
action=open, ok=True, locked=[False]
close () {'description': 'CO2 Laser to Felix'}
closing name=--- desc=CO2 Laser to Felix
checking ownership. requestor=129.138.12.150
check software interlocks F
interlocks []
actuate state mode=None-script, software_lock=True
VALVE-F(CO2 Laser to Felix) software locked
change switch state (True, False)
---------------------------------------- close None (CO2 Laser to Felix) result=[(True, False)]
action=close, ok=True, locked=[True]
open () {'description': 'CO2 Laser to Jan'}
opening name=--- desc=CO2 Laser to Jan
checking ownership. requestor=129.138.12.150
check software interlocks A
interlocks []
actuate state mode=None-script, software_lock=False
doing actuation None-script open_channel False
Open A ===>> OK
GetIndicatorState A ===>> OK
change switch state (True, True)
update switch state A True args=() kw={} ncanvase=3
06:00:56 -- OPEN   VALVE-A (CO2 Laser to Jan)
---------------------------------------- open None (CO2 Laser to Jan) result=[(True, True)], time=0.11 sec
action=open, ok=True, locked=[False]
open () {'description': 'Microbone to CO2 Laser'}
opening name=--- desc=Microbone to CO2 Laser
checking ownership. requestor=129.138.12.150
check software interlocks T
interlocks []
actuate state mode=None-script, software_lock=False
doing actuation None-script open_channel False
Open T ===>> OK
GetIndicatorState T ===>> OK
change switch state (True, True)
update switch state T True args=() kw={} ncanvase=3
06:00:57 -- OPEN   VALVE-T (Microbone to CO2 Laser)
---------------------------------------- open None (Microbone to CO2 Laser) result=[(True, True)], time=0.41 sec
action=open, ok=True, locked=[False]
executed snippet estimated_duration=0, duration=4.88327503204
PrepareForCO2Analysis.py completed successfully
gosub finished
set_motor ('beam', '1.25') {}
setting motor "beam" to 1.25
set motor beam to 1.25
SetMotor beam,1.25 ===>> OK
GetMotorMoving beam ===>> False
GetMotorMoving beam ===>> False
Block completed
move_to_position ('196',) {'autocenter': True}
FusionsCO2 move to position 196
sending GoToHole 196,True
GoToHole 196,True ===>> OK
GetDriveMoving ===>> OK
GetDriveMoving ===>> OK
GetDriveMoving ===>> OK
GetDriveMoving ===>> OK
GetDriveMoving ===>> OK
GetDriveMoving ===>> OK
GetDriveMoving ===>> False
GetDriveMoving ===>> OK
GetDriveMoving ===>> OK
GetDriveMoving ===>> OK
GetDriveMoving ===>> OK
GetDriveMoving ===>> False
Block completed
GetAutoCorrecting ===>> False
GetAutoCorrecting ===>> False
Block completed
update position
GetPosition ===>> 11.96340,-9.96950,1.00000
got position (11.9634, -9.9695, 1.0)
move to position succeeded
sleep (5,) {}
SLEEP 5.0
block started
WaitControl setup for 5.0  
Join finished
block finished. duration 5.04708194733
close () {'description': 'Microbone to Turbo'}
closing name=--- desc=Microbone to Turbo
checking ownership. requestor=129.138.12.150
check software interlocks U
interlocks []
actuate state mode=None-script, software_lock=False
doing actuation None-script close_channel True
Close U ===>> OK
GetIndicatorState U ===>> False
change switch state (True, True)
update switch state U False args=() kw={} ncanvase=3
06:01:08 -- CLOSE  VALVE-U (Microbone to Turbo)
---------------------------------------- close None (Microbone to Turbo) result=[(True, True)]
action=close, ok=True, locked=[False]
enable laser
enable () {}
set extraction state FusionsCO2 Enabled (False, 'red', 1.5)
enabling laser
Enable ===>> OK
begin interval
BEGIN INTERVAL Interval 1 waiting for 30.0
block started
WaitControl setup for 30.0  
set extract to 0.35
extract (0.35,) {}
GetPosition ===>> 11.96340,-9.96950,1.00000
set extraction state FusionsCO2 ON! 0.35(watts) (0.75, 'red', 1.5)
extract sample to 0.35 (watts)
set laser output
SetLaserOutput 0.35,watts ===>> OK
executing pattern triangle.lp
execute_pattern ('triangle.lp',) {}
executing pattern triangle.lp
IsPatterning ===>> OK
IsPatterning ===>> OK
IsPatterning ===>> OK
IsPatterning ===>> OK
IsPatterning ===>> OK
IsPatterning ===>> OK
IsPatterning ===>> OK
IsPatterning ===>> OK
IsPatterning ===>> OK
IsPatterning ===>> OK
IsPatterning ===>> OK
IsPatterning ===>> OK
IsPatterning ===>> OK
IsPatterning ===>> OK
IsPatterning ===>> OK
IsPatterning ===>> OK
IsPatterning ===>> OK
IsPatterning ===>> OK
IsPatterning ===>> OK
IsPatterning ===>> OK
IsPatterning ===>> OK
IsPatterning ===>> OK
IsPatterning ===>> OK
IsPatterning ===>> OK
IsPatterning ===>> OK
IsPatterning ===>> OK
IsPatterning ===>> False
IsPatterning ===>> False
Block completed
COMPLETE INTERVAL waiting for Interval 1 to complete
Join finished
block finished. duration 30.1156821251
Interval 1 finished
end_extract () {}
ending extraction. set laser power to 0
set laser power 0
SetLaserPower 0 ===>> OK
disable () {}
%%%%%%%%%%%%%%%%%%%%%%%%%%%%%%%%%%% disable
set extraction state False (0.75, 'red', 1.5)
disabling laser
Disable ===>> OK
sleep (30.0,) {}
SLEEP 30.0
block started
WaitControl setup for 30.0  
Join finished
block finished. duration 30.1336891651
executed snippet estimated_duration=166.0, duration=77.2687559128
jan_co2.py completed successfully
GetAchievedOutput ===>> No Response
Requested Output= 0.000
Achieved Output=  0.000
GetResponseBlob ===>> No Response
GetOutputBlob ===>> No Response
persistence save...
persistence save - db
AutomatedRunPersister post_extraction_save deprecated
persistence save - dvc
no extraction position for 196
create new session 4992585168
close session 4992585168
Extraction Finished
06:02:09 -- ******* Extraction Finished *******
no overlap. not waiting for min ms pumptime
06:02:09 -- Sending spectrometer configuration
======== Sending configuration ========
SetDeflection CDD,50.0 ===>> OK
SetDeflection H2,0.0 ===>> OK
SetDeflection H1,0.0 ===>> OK
SetDeflection L2,825.0 ===>> OK
SetDeflection L1,400.0 ===>> OK
SetDeflection AX,190.0 ===>> OK
SetZFocus 74.64 ===>> OK
SetZSymmetry -50.72 ===>> OK
SetExtractionLens 26.13 ===>> OK
SetIonRepeller -3.81 ===>> OK
SetElectronEnergy 75.08 ===>> OK
SetYSymmetry -2.81 ===>> OK
SetIonCounterVoltage 1590.0 ===>> OK
send trap current 200.0
GetParameter Trap Current Readback ===>> 198.258926936459
SetParameter Trap Current Set,200.0 ===>> OK
updating mftable name mftable
Using mftable located at /Users/jan/PychronDev/setupfiles/spectrometer/mftables/mftable.csv
============ MFtable ===========
Isotope  H2     H1     AX     L1     L2     CDD    
Ar40     5.8219 5.8809 5.9943 6.1618 6.2325 6.3900
Ar39     5.7211 5.7732 5.8867 6.0479 6.1176 6.2765
Ar36     5.3986 5.4422 5.5501 5.7067 5.7726 5.9276
================================
get initial guess parabolic
get initial guess parabolic
get initial guess parabolic
get initial guess parabolic
get initial guess parabolic
get initial guess parabolic
======== Configuration Finished ========
GetYSymmetry ===>> -2.81
GetZSymmetry ===>> -50.72
GetParameter Trap Current Readback ===>> 198.594579747299
GetHighVoltage ===>> 4499.94659342336
start measurement
do measurement
L#=65590 analysis type=unknown
Measurement Started jan_unknown120_60.py
06:02:10 -- ******* Measurement Started jan_unknown120_60.py *******
state changed from extraction to measurement
setting spec, defl, and gains
GetExtractionLens ===>> 26.13
GetYSymmetry ===>> -2.81
GetZSymmetry ===>> -50.72
GetZFocus ===>> 74.64
GetDeflection H2 ===>> 0
GetDeflection H1 ===>> 0
GetDeflection AX ===>> 190
GetDeflection L1 ===>> 400
GetDeflection L2 ===>> 825
GetDeflection CDD ===>> 50
GetGain H2 ===>> 0.0113
GetGain H1 ===>> 0.1
GetGain AX ===>> 0.097049
GetGain L1 ===>> 0.010355
GetGain L2 ===>> 0.095649
GetGain CDD ===>> 0
pre measurement save
New frame /Users/jan/PychronDev/data/isotopes/04/ef19c7-9bab-4a4c-9621-e7892056c648.h5
flush and close file /Users/jan/PychronDev/data/isotopes/04/ef19c7-9bab-4a4c-9621-e7892056c648.h5
testing...
no interpolation path defined
executed snippet estimated_duration=226.132928, duration=0.000202178955078
unknown measurement script
activate_detectors ('H2', 'H1', 'AX', 'L1', 'L2', 'CDD') {}
activate detectors
*************** Set Analysis View Ar/Ar
create graphs
clearing graphs
clear isotope group
setting isotope det=H2, iso=PM41
setting isotope det=H1, iso=Ar40
setting isotope det=AX, iso=Ar39
setting isotope det=L1, iso=Ar38
setting isotope det=L2, iso=Ar37
setting isotope det=CDD, iso=Ar36
setting previous blanks
 - setting Ar40 blank 0.073+/-0.007
 - setting Ar36 blank 0.00397+/-0.00016
 - setting Ar37 blank 0.050+/-0.005
 - setting Ar38 blank 0.0099+/-0.0022
 - setting PM41 blank 0.04+/-0.06
 - setting Ar39 blank 0.032+/-0.008
load analysis view
position_magnet ('Ar40',) {'detector': 'H1'}
detector Detector(H1)
POSITION Ar40 H1
setting detector H2 to PM41 (40.9624)
setting detector H1 to Ar40 (39.9624)
setting detector AX to Ar39 (38.9624)
setting detector L1 to Ar38 (37.9624)
setting detector L2 to Ar37 (36.9624)
setting detector CDD to Ar36 (35.9624)
Mapping mass to dac mass func: "parabolic"
H1 map mass coeffs = [-0.00063987  0.15840543  0.57250999]
H1 map mass to dac 39.9624 >> 5.8809
GetDeflection H1 ===>> 0
GetHighVoltage ===>> 4499.94659342336
positioning Ar40 (5.88086536793) on H1
setting magnet DAC
current  : 5.301499
requested: 5.880865
Delta Dac: 0.579367
Checking detector protection. dv=0.57937
Checking detector "CDD". Protection Threshold: 0.1 (V)
ProtectDetector CDD,On ===>> OK
GetDeflection CDD ===>> 2000
Protected = 2000
SetMagnetDAC 5.88086536793 ===>> OK
Magnet settling time: 0.500
GetMagnetMoving ===>> True
GetMagnetMoving ===>> True
GetMagnetMoving ===>> True
GetMagnetMoving ===>> True
GetMagnetMoving ===>> True
GetMagnetMoving ===>> True
GetMagnetMoving ===>> True
GetMagnetMoving ===>> True
GetMagnetMoving ===>> False
ProtectDetector CDD,Off ===>> OK
GetDeflection CDD ===>> 50
update labels <pychron.experiment.plot_panel.PlotPanel object at 0x17fab5590>
update labels "<pychron.graph.stacked_regression_graph.StackedRegressionGraph object at 0x184d73770>"
setting label 0 H2 PM41
setting label 1 H1 Ar40
setting label 2 AX Ar39
setting label 3 L1 Ar38
setting label 4 L2 Ar37
setting label 5 CDD Ar36
update labels "<pychron.graph.stacked_graph.StackedGraph object at 0x17ede8e30>"
setting label 0 H2 PM41
setting label 1 H1 Ar40
setting label 2 AX Ar39
setting label 3 L1 Ar38
setting label 4 L2 Ar37
setting label 5 CDD Ar36
equilibrate () {'delay': 3, 'inlet': 'R', 'outlet': 'O', 'eqtime': 12.0}
Equilibration Started
06:02:13 -- ******* Equilibration Started *******
checking ownership. requestor=129.138.12.150
check software interlocks O
interlocks []
actuate state mode=None-script, software_lock=False
doing actuation None-script close_channel True
Close O ===>> OK
set states for children of O. state=False
handle state [('O', False)]
update switch state O False args=() kw={'refresh': False} ncanvase=3
refresh_canvas_needed fired
GetIndicatorState O ===>> False
change switch state (True, True)
update switch state O False args=() kw={} ncanvase=3
06:02:13 -- CLOSE  VALVE-O (Jan Ion Pump)
waiting 3s before opening inlet value ('R',)
checking ownership. requestor=129.138.12.150
check software interlocks R
interlocks []
actuate state mode=None-script, software_lock=False
doing actuation None-script open_channel True
Open R ===>> OK
GetIndicatorState R ===>> OK
change switch state (True, True)
update switch state R True args=() kw={} ncanvase=3
06:02:16 -- OPEN   VALVE-R (Jan Inlet)
equilibrating for 12.0sec
set_time_zero () {}
sniff (12.0,) {}
py_sniff
build tables- sniff [Detector(H2), Detector(H1), Detector(AX), Detector(L1), Detector(L2), Detector(CDD)]
add group /sniff/PM41 (Group) '' table H2
add group /sniff/Ar40 (Group) '' table H1
add group /sniff/Ar39 (Group) '' table AX
add group /sniff/Ar38 (Group) '' table L1
add group /sniff/Ar37 (Group) '' table L2
add group /sniff/Ar36 (Group) '' table CDD
flush and close file /Users/jan/PychronDev/data/isotopes/04/ef19c7-9bab-4a4c-9621-e7892056c648.h5
measuring sniff. ncounts=12.0
"sniff" increment series count="1" fit count="0" regressing="False"
starting measurement
check iteration duration=2.09808349609e-05
GetData ===>> H2,-0.163116962369922,H1,0.173388469378977,AX,0.0399036658304874,L1,-0.00750180241014046,L2,0.083...
check iteration duration=1.71661376953e-05
GetData ===>> H2,0.701957903324537,H1,88.25686954351,AX,24.0999253499177,L1,0.157362163401789,L2,0.438876314594...
check iteration duration=1.69277191162e-05
GetData ===>> H2,0.714069610870863,H1,201.190589571627,AX,51.9441436779025,L1,0.532144727544944,L2,0.3630458666...
check iteration duration=1.81198120117e-05
GetData ===>> H2,0.286881683646736,H1,238.380051794159,AX,59.9936868196281,L1,0.687914900818354,L2,0.3041296410...
check iteration duration=4.38690185547e-05
GetData ===>> H2,0.205359974927989,H1,251.518449410638,AX,62.5947668599215,L1,0.803572510186138,L2,0.3741573642...
check iteration duration=4.41074371338e-05
GetData ===>> H2,0.0305559543202068,H1,256.564177435003,AX,63.5235868652157,L1,0.828852595391694,L2,0.255644301...
check iteration duration=4.29153442383e-05
GetData ===>> H2,-0.0357007318493727,H1,258.479426409934,AX,63.6993163756088,L1,0.848138728082691,L2,0.33692236...
check iteration duration=4.60147857666e-05
GetData ===>> H2,-0.113945424287927,H1,259.677554264586,AX,63.7007484822948,L1,0.847504670058531,L2,0.324376937...
check iteration duration=4.38690185547e-05
GetData ===>> H2,-0.107298824039463,H1,259.714630015233,AX,63.9085362780441,L1,0.860452736890842,L2,0.400759389...
check iteration duration=4.38690185547e-05
GetData ===>> H2,-0.0342737584596288,H1,259.845470497582,AX,63.9913424341791,L1,0.90396577978455,L2,0.348738713...
check iteration duration=4.50611114502e-05
GetData ===>> H2,-0.0861247338699347,H1,259.955923586799,AX,63.9455008724639,L1,0.883924912708726,L2,0.34610131...
check iteration duration=4.10079956055e-05
Equilibration Finished
GetData ===>> H2,-0.025251586421515,H1,259.908350940351,AX,63.8776989053982,L1,0.850506466757459,L2,0.441424839...
06:02:30 -- ******* Equilibration Finished *******
checking ownership. requestor=129.138.12.150
check software interlocks R
interlocks []
actuate state mode=None-script, software_lock=False
doing actuation None-script close_channel True
Close R ===>> OK
GetIndicatorState R ===>> False
change switch state (True, True)
update switch state R False args=() kw={} ncanvase=3
06:02:30 -- CLOSE  VALVE-R (Jan Inlet)
Post Equilibration Started jan_pump_extraction_line.py
06:02:30 -- ******* Post Equilibration Started jan_pump_extraction_line.py *******
testing...
no interpolation path defined
calculate duration
testing...
no interpolation path defined
executed snippet estimated_duration=4.0, duration=0.000128984451294
executed snippet estimated_duration=4.0, duration=0.00130414962769
Pump after analysis
doing GOSUB
testing...
no interpolation path defined
executed snippet estimated_duration=4.0, duration=0.000112056732178
Pump Microbone
close () {'description': 'Jan Inlet'}
closing name=--- desc=Jan Inlet
checking ownership. requestor=129.138.12.150
check software interlocks R
interlocks []
actuate state mode=None-script, software_lock=False
doing actuation None-script close_channel False
check iteration duration=1.4066696167e-05
waiting for write to finish
measurement finished
estimated time: 12.583 actual time: :13.754
flush and close file /Users/jan/PychronDev/data/isotopes/04/ef19c7-9bab-4a4c-9621-e7892056c648.h5
set_fits () {}
using default fits file=/Users/jan/PychronDev/scripts/measurement/fits/nominal_linear.yaml
set "Ar40" to "('Linear', 'SEM')"
No fit for "PM41". defaulting to linear. check the measurement script "jan_unknown120_60.py"
set "PM41" to "linear"
set "Ar36" to "('Linear', 'SEM')"
set "Ar37" to "('linear', 'SEM')"
set "Ar38" to "('linear', 'SEM')"
set "Ar39" to "('Linear', 'SEM')"
set_baseline_fits () {}
using default fits file=/Users/jan/PychronDev/scripts/measurement/fits/nominal_linear.yaml
set "H1" to "('average', 'SEM')"
set "H2" to "('average', 'SEM')"
set "CDD" to "('average', 'SEM')"
set "L2" to "('average', 'SEM')"
set "L1" to "('average', 'SEM')"
set "AX" to "('average', 'SEM')"
multicollect () {'integration_time': 1, 'ncounts': 120}
build tables- signal [Detector(H2), Detector(H1), Detector(AX), Detector(L1), Detector(L2), Detector(CDD)]
add group /signal/PM41 (Group) '' table H2
add group /signal/Ar40 (Group) '' table H1
add group /signal/Ar39 (Group) '' table AX
add group /signal/Ar38 (Group) '' table L1
add group /signal/Ar37 (Group) '' table L2
add group /signal/Ar36 (Group) '' table CDD
flush and close file /Users/jan/PychronDev/data/isotopes/04/ef19c7-9bab-4a4c-9621-e7892056c648.h5
measuring signal. ncounts=120
Close R ===>> OK
GetIndicatorState R ===>> False
change switch state (True, True)
update switch state R False args=() kw={} ncanvase=3
06:02:31 -- CLOSE  VALVE-R (Jan Inlet)
---------------------------------------- close None (Jan Inlet) result=[(True, True)]
"signal" increment series count="2" fit count="1" regressing="True"
action=close, ok=True, locked=[False]
is_closed ('F',) {}
is F () closed?
is closed True
open () {'description': 'CO2 Laser to Jan'}
opening name=--- desc=CO2 Laser to Jan
checking ownership. requestor=129.138.12.150
check software interlocks A
interlocks []
actuate state mode=None-script, software_lock=False
doing actuation None-script open_channel False
Open A ===>> OK
GetIndicatorState A ===>> OK
change switch state (True, True)
update switch state A True args=() kw={} ncanvase=3
06:02:31 -- OPEN   VALVE-A (CO2 Laser to Jan)
---------------------------------------- open None (CO2 Laser to Jan) result=[(True, True)], time=0.13 sec
starting measurement
check iteration duration=8.41617584229e-05
GetData ===>> H2,-0.154752317689446,H1,259.964918253326,AX,63.8847102556011,L1,0.839262901346491,L2,0.248383211...
action=open, ok=True, locked=[False]
sleep (1,) {}
SLEEP 1.0
check iteration duration=8.41617584229e-05
GetData ===>> H2,-0.0300420238148294,H1,259.797325264309,AX,64.0961224985234,L1,0.874373495892176,L2,0.35106790...
close () {'description': 'CO2 Laser to Roughing'}
closing name=--- desc=CO2 Laser to Roughing
checking ownership. requestor=129.138.12.150
check software interlocks G
interlocks []
actuate state mode=None-script, software_lock=True
VALVE-G(CO2 Laser to Roughing) software locked
change switch state (True, False)
---------------------------------------- close None (CO2 Laser to Roughing) result=[(True, False)]
action=close, ok=True, locked=[True]
open () {'description': 'Microbone to Turbo'}
opening name=--- desc=Microbone to Turbo
checking ownership. requestor=129.138.12.150
check software interlocks U
interlocks []
actuate state mode=None-script, software_lock=False
doing actuation None-script open_channel True
Open U ===>> OK
GetIndicatorState U ===>> OK
change switch state (True, True)
update switch state U True args=() kw={} ncanvase=3
06:02:33 -- OPEN   VALVE-U (Microbone to Turbo)
---------------------------------------- open None (Microbone to Turbo) result=[(True, True)], time=0.17 sec
action=open, ok=True, locked=[False]
open () {'description': 'Microbone to Getter NP-10'}
opening name=--- desc=Microbone to Getter NP-10
checking ownership. requestor=129.138.12.150
check software interlocks M
interlocks []
actuate state mode=None-script, software_lock=False
doing actuation None-script open_channel False
Open M ===>> OK
GetIndicatorState M ===>> OK
change switch state (True, True)
update switch state M True args=() kw={} ncanvase=3
06:02:33 -- OPEN   VALVE-M (Microbone to Getter NP-10)
---------------------------------------- open None (Microbone to Getter NP-10) result=[(True, True)], time=0.13 sec
action=open, ok=True, locked=[False]
open () {'description': 'Microbone to Getter D-50'}
opening name=--- desc=Microbone to Getter D-50
checking ownership. requestor=129.138.12.150
check software interlocks K
interlocks []
actuate state mode=None-script, software_lock=False
doing actuation None-script open_channel False
check iteration duration=4.91142272949e-05
GetData ===>> H2,-0.133948226587493,H1,259.933109424452,AX,64.0578300070301,L1,0.872686512328568,L2,0.308203865...
Open K ===>> OK
GetIndicatorState K ===>> OK
change switch state (True, True)
update switch state K True args=() kw={} ncanvase=3
06:02:34 -- OPEN   VALVE-K (Microbone to Getter D-50)
---------------------------------------- open None (Microbone to Getter D-50) result=[(True, True)], time=0.40 sec
action=open, ok=True, locked=[False]
open () {'description': 'Microbone to CO2 Laser'}
opening name=--- desc=Microbone to CO2 Laser
checking ownership. requestor=129.138.12.150
check software interlocks T
interlocks []
actuate state mode=None-script, software_lock=False
doing actuation None-script open_channel False
Open T ===>> OK
GetIndicatorState T ===>> OK
change switch state (True, True)
update switch state T True args=() kw={} ncanvase=3
06:02:34 -- OPEN   VALVE-T (Microbone to CO2 Laser)
---------------------------------------- open None (Microbone to CO2 Laser) result=[(True, True)], time=0.40 sec
check iteration duration=8.48770141602e-05
GetData ===>> H2,-0.148429464032059,H1,260.032608913204,AX,63.8288149384891,L1,0.863327782424049,L2,0.286624999...
action=open, ok=True, locked=[False]
open () {'description': 'Microbone to Inlet Pipette'}
opening name=--- desc=Microbone to Inlet Pipette
checking ownership. requestor=129.138.12.150
check software interlocks S
interlocks []
actuate state mode=None-script, software_lock=False
doing actuation None-script open_channel False
Open S ===>> OK
GetIndicatorState S ===>> OK
change switch state (True, True)
update switch state S True args=() kw={} ncanvase=3
06:02:35 -- OPEN   VALVE-S (Microbone to Inlet Pipette)
---------------------------------------- open None (Microbone to Inlet Pipette) result=[(True, True)], time=0.41 sec
action=open, ok=True, locked=[False]
sleep (1,) {}
SLEEP 1.0
testing H1>-5.0
evaluate ot="H1.bs>-5.0" t="H1>-5.0", ctx="{'H1': None}"
check iteration duration=0.000576019287109
GetData ===>> H2,-0.180548845032629,H1,259.793459825575,AX,63.8315567579884,L1,0.884854351153251,L2,0.318498617...
set_resource () {'name': 'CO2PumpTimeFlag', 'value': 30}
Set CO2PumpTimeFlag 30 ===>> OK
release ('JanCO2Flag',) {}
release JanCO2Flag
Set JanCO2Flag 0 ===>> OK
executed snippet estimated_duration=6.0, duration=5.87346792221
PumpMicrobone.py completed successfully
gosub finished
get_resource_value () {'name': 'JanMiniboneFlag'}
Read JanMiniboneFlag ===>> 0
Get Resource Value JanMiniboneFlag=0.0
get resource value 0.0
get_resource_value () {'name': 'JanMiniboneFlag'}
Read JanMiniboneFlag ===>> 0
Get Resource Value JanMiniboneFlag=0.0
executed snippet estimated_duration=4.0, duration=5.8848028183
jan_pump_extraction_line.py completed successfully
Post Equilibration Finished
06:02:36 -- ******* Post Equilibration Finished *******
check iteration duration=3.48091125488e-05
GetData ===>> H2,-0.161762668108807,H1,259.514529146844,AX,63.8790703264023,L1,0.875033014543584,L2,0.341557396...
check iteration duration=6.41345977783e-05
GetData ===>> H2,-0.215665192798535,H1,259.887652370221,AX,63.8022315473574,L1,0.869869002949589,L2,0.399342865...
check iteration duration=9.79900360107e-05
GetData ===>> H2,-0.183090771385095,H1,259.536444070415,AX,63.8554037980706,L1,0.829161232226306,L2,0.296175701...
check iteration duration=8.60691070557e-05
GetData ===>> H2,-0.170834564487886,H1,259.36632718429,AX,63.8881775473145,L1,0.840123902662625,L2,0.3212722265...
testing H1>-5.0
evaluate ot="H1.bs>-5.0" t="H1>-5.0", ctx="{'H1': None}"
check iteration duration=0.000588893890381
GetData ===>> H2,-0.0616042346491324,H1,258.949101186556,AX,63.7167953222461,L1,0.870446217770017,L2,0.33097478...
check iteration duration=6.91413879395e-05
GetData ===>> H2,-0.0750921076401175,H1,259.130034063641,AX,63.6360577404794,L1,0.861669968616548,L2,0.28810831...
check iteration duration=6.38961791992e-05
GetData ===>> H2,-0.133203054465839,H1,259.167697240648,AX,63.7478034832427,L1,0.85018373242136,L2,0.3165012122...
check iteration duration=8.70227813721e-05
GetData ===>> H2,-0.112304918369257,H1,259.238606169308,AX,63.6503109373786,L1,0.872141734925317,L2,0.359951321...
check iteration duration=9.89437103271e-05
GetData ===>> H2,-0.134114565043708,H1,258.809242280768,AX,63.6239606886084,L1,0.90712324354357,L2,0.3571195001...
testing H1>-5.0
evaluate ot="H1.bs>-5.0" t="H1>-5.0", ctx="{'H1': None}"
check iteration duration=0.000541925430298
GetData ===>> H2,-0.181842816224407,H1,258.677885270993,AX,63.5928459976171,L1,0.842501083021743,L2,0.297967277...
check iteration duration=7.20024108887e-05
GetData ===>> H2,-0.169408324392965,H1,258.459252470046,AX,63.5005362075337,L1,0.811473350309433,L2,0.300203941...
check iteration duration=8.20159912109e-05
GetData ===>> H2,-0.150081163710911,H1,258.189945834335,AX,63.4444655125199,L1,0.849210585860989,L2,0.263545215...
check iteration duration=0.000105857849121
GetData ===>> H2,-0.174763970930201,H1,258.456683017038,AX,63.5486181814296,L1,0.868033645547308,L2,0.266077673...
check iteration duration=8.70227813721e-05
GetData ===>> H2,-0.281895531484285,H1,258.492001850264,AX,63.6259767852377,L1,0.846062862176981,L2,0.290310522...
testing H1>-5.0
evaluate ot="H1.bs>-5.0" t="H1>-5.0", ctx="{'H1': None}"
check iteration duration=0.000586032867432
GetData ===>> H2,-0.19227418722105,H1,258.514748746089,AX,63.3960443443638,L1,0.852777145794275,L2,0.2644806203...
check iteration duration=6.19888305664e-05
GetData ===>> H2,-0.212260807384577,H1,258.205706569459,AX,63.3794109687545,L1,0.853285144540693,L2,0.326808270...
check iteration duration=8.79764556885e-05
GetData ===>> H2,-0.264178125875462,H1,258.336661513491,AX,63.5122610611408,L1,0.814482978084413,L2,0.346877684...
check iteration duration=6.79492950439e-05
GetData ===>> H2,-0.347461961323202,H1,258.353436698921,AX,63.4673061888437,L1,0.817941189728101,L2,0.359917064...
check iteration duration=7.29560852051e-05
GetData ===>> H2,-0.290298654097047,H1,258.150043515489,AX,63.3328970199508,L1,0.85339775842929,L2,0.3534085709...
testing H1>-5.0
evaluate ot="H1.bs>-5.0" t="H1>-5.0", ctx="{'H1': None}"
check iteration duration=0.000540971755981
06:02:57 -- collecting point 25
GetData ===>> H2,-0.187439326035658,H1,257.893017365327,AX,63.4126798643373,L1,0.864566621693149,L2,0.364393338...
check iteration duration=8.79764556885e-05
GetData ===>> H2,-0.142920258506166,H1,257.687922824621,AX,63.3554574871816,L1,0.832231851286204,L2,0.347414296...
check iteration duration=7.79628753662e-05
GetData ===>> H2,-0.155131987205251,H1,257.810391039242,AX,63.3839764785069,L1,0.798252475438581,L2,0.204177798...
check iteration duration=8.48770141602e-05
GetData ===>> H2,-0.207820638338066,H1,257.813202082773,AX,63.32179508922,L1,0.805576487757683,L2,0.27632226370...
check iteration duration=3.91006469727e-05
GetData ===>> H2,-0.210302282673705,H1,257.622685831517,AX,63.1431988502589,L1,0.772788741696248,L2,0.288085499...
testing H1>-5.0
evaluate ot="H1.bs>-5.0" t="H1>-5.0", ctx="{'H1': None}"
check iteration duration=0.000581026077271
GetData ===>> H2,-0.34727439491864,H1,257.531587150902,AX,63.0854827765468,L1,0.789884913668914,L2,0.3342167967...
check iteration duration=7.20024108887e-05
GetData ===>> H2,-0.282242203589479,H1,257.467403920386,AX,63.2819467208419,L1,0.861817597268589,L2,0.233018004...
check iteration duration=9.29832458496e-05
GetData ===>> H2,-0.261529074117237,H1,257.459549325718,AX,63.1668334886082,L1,0.864521570432032,L2,0.257676591...
check iteration duration=3.60012054443e-05
GetData ===>> H2,-0.231092739166335,H1,257.410955015592,AX,63.1642823372444,L1,0.867196198137906,L2,0.308112564...
check iteration duration=8.51154327393e-05
GetData ===>> H2,-0.117416505738447,H1,257.242416140672,AX,63.1231635130109,L1,0.82729455542261,L2,0.3452336153...
testing H1>-5.0
evaluate ot="H1.bs>-5.0" t="H1>-5.0", ctx="{'H1': None}"
check iteration duration=0.00061297416687
GetData ===>> H2,-0.039786508256478,H1,257.216195529217,AX,63.1300157396263,L1,0.810124917943134,L2,0.351421855...
check iteration duration=7.70092010498e-05
GetData ===>> H2,-0.174365696591442,H1,257.003323685129,AX,63.1117183414385,L1,0.883818445895533,L2,0.380667267...
check iteration duration=8.20159912109e-05
GetData ===>> H2,-0.0924660768951524,H1,256.928227078018,AX,63.1204903215777,L1,0.830885767159792,L2,0.30745063...
check iteration duration=8.48770141602e-05
GetData ===>> H2,-0.168072326427227,H1,256.990186504199,AX,63.2378388497435,L1,0.813468849243493,L2,0.234775860...
check iteration duration=8.79764556885e-05
GetData ===>> H2,-0.18904533304488,H1,256.950594836935,AX,63.0972174627868,L1,0.815995390103574,L2,0.3827688044...
testing H1>-5.0
evaluate ot="H1.bs>-5.0" t="H1>-5.0", ctx="{'H1': None}"
check iteration duration=0.000585079193115
GetData ===>> H2,-0.227704566373867,H1,256.73095582075,AX,62.9911219152143,L1,0.876418513963108,L2,0.3514561089...
check iteration duration=3.79085540771e-05
GetData ===>> H2,-0.202822015507789,H1,256.52669507939,AX,62.9562558836063,L1,0.828952557744175,L2,0.3140815542...
check iteration duration=3.79085540771e-05
GetData ===>> H2,-0.194336396908301,H1,256.301037060855,AX,62.8833581643906,L1,0.807273804781221,L2,0.242424049...
check iteration duration=6.38961791992e-05
GetData ===>> H2,-0.216026040654003,H1,256.331179462199,AX,63.110105345271,L1,0.782598623876643,L2,0.3107831565...
check iteration duration=8.70227813721e-05
GetData ===>> H2,-0.150784717397698,H1,256.379148908526,AX,63.0978625943217,L1,0.850251280647259,L2,0.341694395...
testing H1>-5.0
evaluate ot="H1.bs>-5.0" t="H1>-5.0", ctx="{'H1': None}"
check iteration duration=0.000577926635742
GetData ===>> H2,-0.179373483393318,H1,256.405491496402,AX,62.8275116492604,L1,0.847809813516948,L2,0.255473042...
check iteration duration=4.19616699219e-05
GetData ===>> H2,-0.104293494347445,H1,256.397708142707,AX,62.8902486024038,L1,0.842329838042204,L2,0.257870688...
check iteration duration=9.20295715332e-05
GetData ===>> H2,0.0284890980617216,H1,256.401164354426,AX,63.0261345361542,L1,0.81876504956064,L2,0.3230642717...
check iteration duration=7.20024108887e-05
GetData ===>> H2,-0.0194488840861832,H1,256.386605076427,AX,63.0352384550547,L1,0.875399709802145,L2,0.38564707...
check iteration duration=8.58306884766e-05
GetData ===>> H2,-0.0896072353232247,H1,256.142928934255,AX,62.839752850955,L1,0.873533164997441,L2,0.316466971...
testing H1>-5.0
evaluate ot="H1.bs>-5.0" t="H1>-5.0", ctx="{'H1': None}"
check iteration duration=0.000520944595337
06:03:23 -- collecting point 50
GetData ===>> H2,-0.0993162408203497,H1,256.021613177071,AX,62.9038310575371,L1,0.821459273735673,L2,0.37071985...
check iteration duration=4.00543212891e-05
GetData ===>> H2,-0.217959759759647,H1,256.010845413935,AX,62.6999522990879,L1,0.841722378396448,L2,0.165673060...
check iteration duration=6.89029693604e-05
GetData ===>> H2,-0.207138831779425,H1,255.718819850035,AX,62.6862129209349,L1,0.840822502829241,L2,0.275979999...
check iteration duration=8.58306884766e-05
GetData ===>> H2,-0.213002910720587,H1,255.885340583921,AX,62.7863323605692,L1,0.835253740435633,L2,0.309288072...
check iteration duration=8.51154327393e-05
GetData ===>> H2,-0.216555173583818,H1,255.64203166314,AX,62.7614447857158,L1,0.859821032979382,L2,0.2738922117...
testing H1>-5.0
evaluate ot="H1.bs>-5.0" t="H1>-5.0", ctx="{'H1': None}"
check iteration duration=0.00061297416687
GetData ===>> H2,-0.185331348877508,H1,255.576725661386,AX,62.9039691915573,L1,0.878130928238615,L2,0.280874498...
check iteration duration=8.70227813721e-05
GetData ===>> H2,-0.284792200147662,H1,255.673074811815,AX,62.7607543852176,L1,0.823916890269705,L2,0.303684568...
check iteration duration=8.20159912109e-05
GetData ===>> H2,-0.266634330212519,H1,255.313381480183,AX,62.524987981805,L1,0.802954923171732,L2,0.3820149870...
check iteration duration=6.79492950439e-05
GetData ===>> H2,-0.190195423052908,H1,255.288982449124,AX,62.5741143771905,L1,0.80750346291622,L2,0.3105663108...
check iteration duration=4.29153442383e-05
GetData ===>> H2,-0.277966003851675,H1,254.976681300524,AX,62.7781075741762,L1,0.820812496879526,L2,0.289842692...
testing H1>-5.0
evaluate ot="H1.bs>-5.0" t="H1>-5.0", ctx="{'H1': None}"
check iteration duration=0.000669956207275
GetData ===>> H2,-0.240606155227377,H1,254.931876463252,AX,62.6817203398678,L1,0.832030615097446,L2,0.401319150...
check iteration duration=8.51154327393e-05
GetData ===>> H2,-0.284895638832761,H1,254.984710217819,AX,62.7253341375416,L1,0.818994743241609,L2,0.301527705...
check iteration duration=9.51290130615e-05
GetData ===>> H2,-0.247421910712214,H1,255.027979022944,AX,62.5185056188438,L1,0.829741044205316,L2,0.245392168...
check iteration duration=8.51154327393e-05
GetData ===>> H2,-0.2351997211574,H1,254.979420865469,AX,62.6341515374744,L1,0.775673623553501,L2,0.34386357931...
check iteration duration=7.70092010498e-05
GetData ===>> H2,-0.178654172063442,H1,254.976328685649,AX,62.3909389506756,L1,0.816153886241205,L2,0.322105466...
testing H1>-5.0
evaluate ot="H1.bs>-5.0" t="H1>-5.0", ctx="{'H1': None}"
check iteration duration=0.000574111938477
GetData ===>> H2,-0.0441312978019298,H1,254.896651735297,AX,62.362599754871,L1,0.831218210123716,L2,0.374876858...
check iteration duration=3.79085540771e-05
GetData ===>> H2,-0.142002698263086,H1,254.78824182668,AX,62.4336979966431,L1,0.798645304676912,L2,0.3205531350...
check iteration duration=3.88622283936e-05
GetData ===>> H2,-0.258744592322804,H1,254.67331313343,AX,62.5268883108954,L1,0.78257245025795,L2,0.25538170496...
check iteration duration=8.20159912109e-05
GetData ===>> H2,-0.28402242530847,H1,254.593187684305,AX,62.3506072635148,L1,0.813759839225868,L2,0.2762652195...
check iteration duration=8.70227813721e-05
GetData ===>> H2,-0.290052935585566,H1,254.413930942161,AX,62.3613591004214,L1,0.810750419152087,L2,0.246819181...
testing H1>-5.0
evaluate ot="H1.bs>-5.0" t="H1>-5.0", ctx="{'H1': None}"
check iteration duration=0.000571966171265
GetData ===>> H2,-0.260656229973449,H1,254.053333002782,AX,62.2723083394321,L1,0.842081100313386,L2,0.274234468...
check iteration duration=9.32216644287e-05
GetData ===>> H2,-0.22799536718695,H1,254.305954244954,AX,62.3337614646934,L1,0.838379479984975,L2,0.2511802643...
check iteration duration=8.51154327393e-05
GetData ===>> H2,-0.0719753460167611,H1,254.240866877419,AX,62.3955963676742,L1,0.846575537859353,L2,0.40578593...
check iteration duration=8.51154327393e-05
GetData ===>> H2,-0.0889378102417685,H1,254.2595000576,AX,62.339963524692,L1,0.807708162454871,L2,0.22274546700...
check iteration duration=6.79492950439e-05
GetData ===>> H2,-0.0772390447190437,H1,254.054848984577,AX,62.2421962047641,L1,0.824420223279648,L2,0.27916310...
testing H1>-5.0
evaluate ot="H1.bs>-5.0" t="H1>-5.0", ctx="{'H1': None}"
check iteration duration=0.000579118728638
06:03:49 -- collecting point 75
GetData ===>> H2,-0.193582992623708,H1,254.082517429838,AX,62.0762747374594,L1,0.805425489788087,L2,0.341500313...
check iteration duration=8.60691070557e-05
GetData ===>> H2,-0.183181158470463,H1,253.933646134333,AX,62.0907433946236,L1,0.799150392499273,L2,0.334136886...
check iteration duration=4.19616699219e-05
GetData ===>> H2,-0.206020364415923,H1,253.55602197684,AX,62.2122771603529,L1,0.808630608177977,L2,0.3506454492...
check iteration duration=4.38690185547e-05
GetData ===>> H2,-0.115381349229546,H1,253.686994415271,AX,62.4042069053254,L1,0.842376086410803,L2,0.148929757...
check iteration duration=8.39233398438e-05
GetData ===>> H2,-0.0214793578075886,H1,253.752497403054,AX,62.2101184814604,L1,0.877934386986883,L2,0.15782569...
testing H1>-5.0
evaluate ot="H1.bs>-5.0" t="H1>-5.0", ctx="{'H1': None}"
check iteration duration=0.000541210174561
GetData ===>> H2,-0.159088710715854,H1,253.524678020154,AX,62.0634439628899,L1,0.836131901700367,L2,0.368184631...
check iteration duration=0.000102043151855
GetData ===>> H2,-0.254329008588633,H1,253.455785216678,AX,62.0627711090288,L1,0.786517927430724,L2,0.357359288...
check iteration duration=7.91549682617e-05
GetData ===>> H2,-0.10838384903547,H1,253.3580158911,AX,62.1476702908702,L1,0.81403834793706,L2,0.2830993540585...
check iteration duration=6.48498535156e-05
GetData ===>> H2,-0.173454492228764,H1,253.136454749674,AX,62.0529925572698,L1,0.818791264345819,L2,0.344582845...
check iteration duration=8.20159912109e-05
GetData ===>> H2,-0.189591404419319,H1,252.950355123334,AX,62.14812935794,L1,0.817317096609291,L2,0.29348269521...
testing H1>-5.0
evaluate ot="H1.bs>-5.0" t="H1>-5.0", ctx="{'H1': None}"
check iteration duration=0.000587940216064
GetData ===>> H2,-0.191055554665477,H1,253.282550641497,AX,61.9468562031815,L1,0.845542709523001,L2,0.324182890...
check iteration duration=6.00814819336e-05
GetData ===>> H2,-0.188847122843919,H1,253.292441862163,AX,61.9353285862731,L1,0.839560307454738,L2,0.425117738...
check iteration duration=7.91549682617e-05
GetData ===>> H2,-0.135096317965184,H1,252.94152376466,AX,62.0474227673054,L1,0.817488094427003,L2,0.3318423530...
check iteration duration=3.71932983398e-05
GetData ===>> H2,-0.12213222826988,H1,252.910603218389,AX,61.8591314572177,L1,0.790403775283395,L2,0.1926646848...
check iteration duration=8.29696655273e-05
GetData ===>> H2,-0.214216299625191,H1,252.897723152953,AX,61.9676666325063,L1,0.834776591176709,L2,0.326853929...
testing H1>-5.0
evaluate ot="H1.bs>-5.0" t="H1>-5.0", ctx="{'H1': None}"
check iteration duration=0.000592947006226
GetData ===>> H2,-0.307854536184196,H1,252.864162816597,AX,61.8632903709004,L1,0.862538255057726,L2,0.414148860...
check iteration duration=6.19888305664e-05
GetData ===>> H2,-0.256712428661901,H1,252.842970796866,AX,61.9164799533434,L1,0.853723094227463,L2,0.230541080...
check iteration duration=4.50611114502e-05
GetData ===>> H2,-0.25017530464157,H1,252.9545953781,AX,62.0036685396191,L1,0.838476940076552,L2,0.227048384739...
check iteration duration=4.41074371338e-05
GetData ===>> H2,-0.171401232557028,H1,252.68619005798,AX,61.8328202794926,L1,0.853834461490313,L2,0.2882680634...
check iteration duration=8.58306884766e-05
GetData ===>> H2,-0.19256399755157,H1,252.441015658562,AX,61.8162505239581,L1,0.831669399576491,L2,0.2735271388...
testing H1>-5.0
evaluate ot="H1.bs>-5.0" t="H1>-5.0", ctx="{'H1': None}"
check iteration duration=0.000679969787598
GetData ===>> H2,-0.255741914519126,H1,252.351034759943,AX,61.9015925608369,L1,0.77785977378,L2,0.3174143066678...
check iteration duration=5.10215759277e-05
GetData ===>> H2,-0.116834683067613,H1,252.082347313444,AX,61.8134534424769,L1,0.761624721132789,L2,0.360830573...
check iteration duration=7.20024108887e-05
GetData ===>> H2,-0.218372080737204,H1,252.120834819885,AX,61.7500692875024,L1,0.787101460766365,L2,0.281707387...
check iteration duration=4.10079956055e-05
GetData ===>> H2,-0.221330648913234,H1,252.263317050191,AX,61.8112525032154,L1,0.850958061304692,L2,0.355989078...
check iteration duration=3.79085540771e-05
GetData ===>> H2,-0.183144733910929,H1,252.07544828473,AX,61.6726324306886,L1,0.819898586822681,L2,0.3246623020...
testing H1>-5.0
evaluate ot="H1.bs>-5.0" t="H1>-5.0", ctx="{'H1': None}"
check iteration duration=0.000581979751587
06:04:16 -- collecting point 100
GetData ===>> H2,-0.230015956887547,H1,251.925239501773,AX,61.6575685406546,L1,0.810142396511575,L2,0.261104080...
check iteration duration=5.29289245605e-05
GetData ===>> H2,-0.307286897684821,H1,251.907673751924,AX,61.6285457527662,L1,0.8081300558306,L2,0.42445499983...
check iteration duration=8.10623168945e-05
GetData ===>> H2,-0.238989416928226,H1,252.060842441877,AX,61.536815873845,L1,0.800334014722892,L2,0.3065262229...
check iteration duration=8.20159912109e-05
GetData ===>> H2,-0.176012706443953,H1,252.076014212755,AX,61.6735491545718,L1,0.787949387712014,L2,0.272135311...
check iteration duration=8.58306884766e-05
GetData ===>> H2,-0.191834739723982,H1,252.128813441956,AX,61.683816910018,L1,0.807991503173438,L2,0.3156680212...
testing H1>-5.0
evaluate ot="H1.bs>-5.0" t="H1>-5.0", ctx="{'H1': None}"
check iteration duration=0.000581979751587
GetData ===>> H2,-0.1281951264977,H1,251.853530259113,AX,61.4837537449866,L1,0.837746011461159,L2,0.33881744883...
check iteration duration=3.60012054443e-05
GetData ===>> H2,-0.119884184906609,H1,251.684248276789,AX,61.4900134474403,L1,0.828444009185154,L2,0.330346940...
check iteration duration=8.29696655273e-05
GetData ===>> H2,-0.0777160868216273,H1,251.612542613704,AX,61.59365073478,L1,0.82629888049884,L2,0.28975140900...
check iteration duration=7.70092010498e-05
GetData ===>> H2,-0.099103674247499,H1,251.478643229045,AX,61.7233528109467,L1,0.801318181861774,L2,0.323007199...
check iteration duration=7.9870223999e-05
GetData ===>> H2,-0.0715306057617342,H1,251.436117037981,AX,61.6660322122704,L1,0.839755250487031,L2,0.26833640...
testing H1>-5.0
evaluate ot="H1.bs>-5.0" t="H1>-5.0", ctx="{'H1': None}"
check iteration duration=0.000591039657593
GetData ===>> H2,-0.223085753906781,H1,251.315797928566,AX,61.4545814600243,L1,0.795021030237003,L2,0.348875723...
check iteration duration=8.70227813721e-05
GetData ===>> H2,-0.162693003304976,H1,251.256558928778,AX,61.4931434133916,L1,0.801258305933059,L2,0.266134711...
check iteration duration=7.20024108887e-05
GetData ===>> H2,-0.129557615939315,H1,251.119933839301,AX,61.3189259028252,L1,0.819918562146865,L2,0.392077796...
check iteration duration=8.01086425781e-05
GetData ===>> H2,-0.0749660438153717,H1,251.180879016349,AX,61.3996591226773,L1,0.786689991569654,L2,0.22322482...
check iteration duration=7.20024108887e-05
GetData ===>> H2,-0.0609534122387269,H1,250.978969644341,AX,61.3425337612911,L1,0.851079407195861,L2,0.34577021...
testing H1>-5.0
evaluate ot="H1.bs>-5.0" t="H1>-5.0", ctx="{'H1': None}"
check iteration duration=0.000596046447754
GetData ===>> H2,-0.117458449941647,H1,250.642343564894,AX,61.4323899386513,L1,0.839808985421313,L2,0.260066047...
check iteration duration=7.20024108887e-05
GetData ===>> H2,-0.0983616909704115,H1,250.521787615232,AX,61.3020052583487,L1,0.789823799451065,L2,0.36287457...
check iteration duration=0.000102996826172
GetData ===>> H2,-0.156026389677356,H1,250.531562923373,AX,61.3275130327743,L1,0.803943079878244,L2,0.285769248...
check iteration duration=0.000102996826172
GetData ===>> H2,-0.225084328964708,H1,250.411080494051,AX,61.4119112176218,L1,0.812457316048634,L2,0.364541789...
check iteration duration=8.48770141602e-05
GetData ===>> H2,-0.0956614377894841,H1,250.422251547524,AX,61.3590662247849,L1,0.824640048752379,L2,0.23960442...
testing H1>-5.0
evaluate ot="H1.bs>-5.0" t="H1>-5.0", ctx="{'H1': None}"
check iteration duration=0.000616073608398
GetData ===>> H2,-0.0822645997690996,H1,250.401923865699,AX,61.3696060220717,L1,0.799074315984649,L2,0.37197607...
check iteration duration=4.29153442383e-05
waiting for write to finish
measurement finished
estimated time: 125.829 actual time: :126.459
flush and close file /Users/jan/PychronDev/data/isotopes/04/ef19c7-9bab-4a4c-9621-e7892056c648.h5
baselines () {'settling_time': 15.0, 'detector': 'H1', 'mass': 34.2, 'ncounts': 60}
%%%%%%%%%%%%%%%%%%%%%%%%%%%%%%%% Baseline
build tables- baseline [Detector(H2), Detector(H1), Detector(AX), Detector(L1), Detector(L2), Detector(CDD)]
add group baseline table H2
add group baseline table H1
add group baseline table AX
add group baseline table L1
add group baseline table L2
add group baseline table CDD
flush and close file /Users/jan/PychronDev/data/isotopes/04/ef19c7-9bab-4a4c-9621-e7892056c648.h5
detector Detector(H1)
POSITION 34.2 H1
Mapping mass to dac mass func: "parabolic"
H1 map mass coeffs = [-0.00063987  0.15840543  0.57250999]
H1 map mass to dac 34.2 >> 5.24155599104
GetDeflection H1 ===>> 0
GetHighVoltage ===>> 4499.94659342336
positioning 34.2 (5.24152512401) on H1
setting magnet DAC
current  : 5.880865
requested: 5.241525
Delta Dac: 0.639340
Checking detector protection. dv=0.63934
Checking detector "CDD". Protection Threshold: 0.1 (V)
ProtectDetector CDD,On ===>> OK
GetDeflection CDD ===>> 2000
Protected = 2000
SetMagnetDAC 5.24152512401 ===>> OK
Magnet settling time: 0.500
GetMagnetMoving ===>> True
GetMagnetMoving ===>> True
GetMagnetMoving ===>> True
GetMagnetMoving ===>> True
GetMagnetMoving ===>> True
GetMagnetMoving ===>> True
GetMagnetMoving ===>> True
GetMagnetMoving ===>> True
GetMagnetMoving ===>> False
ProtectDetector CDD,Off ===>> OK
GetDeflection CDD ===>> 50
Delaying 15.0s for detectors to settle
Join finished
measuring baseline. ncounts=60
"baseline" increment series count="2" fit count="1" regressing="True"
starting measurement
check iteration duration=3.50475311279e-05
GetData ===>> H2,-0.186721875637594,H1,-0.0379759902077613,AX,-0.038344221266514,L1,-0.0792380756231245,L2,-0.0...
check iteration duration=8.39233398438e-05
GetData ===>> H2,-0.211876941718597,H1,-0.00805405563857313,AX,-0.0968063486569665,L1,-0.076515727967604,L2,-0....
check iteration duration=4.19616699219e-05
GetData ===>> H2,-0.185284140800543,H1,0.0843475567060771,AX,-0.120016839562868,L1,-0.0186280460338069,L2,-0.15...
check iteration duration=5.79357147217e-05
GetData ===>> H2,-0.252501782318303,H1,-0.026206252642935,AX,-0.114443582354795,L1,-0.0172177860726445,L2,-0.01...
testing H1>-5.0
evaluate ot="H1.bs>-5.0" t="H1>-5.0", ctx="{'H1': None}"
check iteration duration=0.000584840774536
GetData ===>> H2,-0.215402628350929,H1,-0.00435642403389098,AX,-0.000173606737574963,L1,-0.0563308496383281,L2,...
check iteration duration=6.60419464111e-05
GetData ===>> H2,-0.186893150823328,H1,-0.0327173423503744,AX,-0.104918482689943,L1,-0.0402732617715585,L2,-0.1...
check iteration duration=8.89301300049e-05
GetData ===>> H2,-0.217462529165264,H1,-0.0914411068004604,AX,0.0177396142887173,L1,0.0257881825104119,L2,0.054...
check iteration duration=3.88622283936e-05
GetData ===>> H2,-0.268766102470484,H1,-0.0628584063079749,AX,-0.00196010733136076,L1,-0.00143648602655212,L2,0...
check iteration duration=5.79357147217e-05
GetData ===>> H2,-0.185962569391568,H1,-0.0350784020977322,AX,-0.115926725638554,L1,-0.00534049280344005,L2,0.0...
testing H1>-5.0
evaluate ot="H1.bs>-5.0" t="H1>-5.0", ctx="{'H1': None}"
check iteration duration=0.00069785118103
GetData ===>> H2,-0.257135826272113,H1,-0.0132185834104124,AX,-0.145898841307593,L1,0.0156306274511225,L2,-0.11...
check iteration duration=6.60419464111e-05
GetData ===>> H2,-0.277563127966441,H1,0.00902775874334085,AX,-0.040790991034714,L1,-0.0267272156609206,L2,0.00...
check iteration duration=4.38690185547e-05
GetData ===>> H2,-0.243248169292452,H1,0.105902466772645,AX,-0.101105863939893,L1,-0.030621651986199,L2,0.03940...
check iteration duration=6.60419464111e-05
GetData ===>> H2,-0.199802095140159,H1,0.0152433041259894,AX,-0.0959603300164705,L1,-0.0111804786867944,L2,0.03...
check iteration duration=3.91006469727e-05
GetData ===>> H2,-0.210323836373487,H1,-0.0105230432684731,AX,0.00793566203803829,L1,-0.0132122869339868,L2,0.0...
testing H1>-5.0
evaluate ot="H1.bs>-5.0" t="H1>-5.0", ctx="{'H1': None}"
check iteration duration=0.000607967376709
GetData ===>> H2,-0.188458782592182,H1,-0.0199451899860702,AX,-0.0765578289370807,L1,-0.0240873414837874,L2,-0....
check iteration duration=4.10079956055e-05
GetData ===>> H2,-0.242824250445099,H1,-0.138732428782373,AX,-0.0945811879684869,L1,-0.0636118111856983,L2,-0.0...
check iteration duration=6.50882720947e-05
GetData ===>> H2,-0.139860534551059,H1,-0.0839803552773908,AX,-0.114698499215902,L1,-0.0375085586116554,L2,0.05...
check iteration duration=4.2200088501e-05
GetData ===>> H2,-0.028490718561123,H1,-0.00721911850589656,AX,-0.175309438464399,L1,0.0032997835922424,L2,0.00...
check iteration duration=3.91006469727e-05
GetData ===>> H2,-0.157351650885251,H1,0.0072263964171039,AX,-0.0678636969180212,L1,-0.0118026511552293,L2,-0.0...
testing H1>-5.0
evaluate ot="H1.bs>-5.0" t="H1>-5.0", ctx="{'H1': None}"
check iteration duration=0.000592947006226
GetData ===>> H2,-0.153394320858062,H1,0.0261363518536008,AX,-0.0570934882577881,L1,0.00134547237337723,L2,0.00...
check iteration duration=9.29832458496e-05
GetData ===>> H2,-0.145422563923681,H1,-0.00371230649480732,AX,-0.122809141510551,L1,-0.0113674941075465,L2,-0....
check iteration duration=8.60691070557e-05
GetData ===>> H2,-0.232116933070548,H1,-0.0570407433881258,AX,-0.195174237351592,L1,-0.00639841707996682,L2,9.1...
check iteration duration=8.58306884766e-05
GetData ===>> H2,-0.211984694800133,H1,0.0347036776679356,AX,-0.0916953569024596,L1,0.00462768311936582,L2,-0.0...
check iteration duration=8.70227813721e-05
GetData ===>> H2,-0.146334444013006,H1,-0.0195874031471142,AX,-0.0652668988306225,L1,0.0215609499832566,L2,-0.0...
testing H1>-5.0
evaluate ot="H1.bs>-5.0" t="H1>-5.0", ctx="{'H1': None}"
check iteration duration=0.00058388710022
06:05:21 -- collecting point 25
GetData ===>> H2,-0.16440629453235,H1,0.0176294125418199,AX,-0.081681206953865,L1,-0.0262563310992105,L2,-0.000...
check iteration duration=3.69548797607e-05
GetData ===>> H2,-0.179678468399085,H1,-0.0709167412981103,AX,-0.107838685365112,L1,-0.0461403452507758,L2,-0.0...
check iteration duration=4.00543212891e-05
GetData ===>> H2,-0.207433927015091,H1,-0.0105111159384162,AX,-0.102994809229557,L1,-0.00826210843894161,L2,-0....
check iteration duration=3.81469726562e-05
GetData ===>> H2,-0.231379415148776,H1,-0.0185498140814698,AX,-0.0902234341989584,L1,0.0146711969212399,L2,0.04...
check iteration duration=6.89029693604e-05
GetData ===>> H2,-0.288892749583141,H1,0.00554435887514266,AX,-0.0540094414858909,L1,-0.00474791067834423,L2,0....
testing H1>-5.0
evaluate ot="H1.bs>-5.0" t="H1>-5.0", ctx="{'H1': None}"
check iteration duration=0.00101900100708
GetData ===>> H2,-0.233236576272996,H1,0.00210879554598549,AX,-0.0257151280924758,L1,-0.0010236813999263,L2,-0....
check iteration duration=6.89029693604e-05
GetData ===>> H2,-0.159832890500693,H1,-0.0370101368256879,AX,-0.13971881897446,L1,-0.0238560348813097,L2,0.044...
check iteration duration=8.51154327393e-05
GetData ===>> H2,-0.185497249986397,H1,-0.0722637073651054,AX,-0.0214122803873612,L1,-0.0454903453658933,L2,0.1...
check iteration duration=8.20159912109e-05
GetData ===>> H2,-0.141979724520951,H1,-0.0540364079803844,AX,-0.0500788793155783,L1,-0.0384010610821477,L2,0.0...
check iteration duration=4.29153442383e-05
GetData ===>> H2,-0.191174188378679,H1,-0.0250733274714364,AX,-0.08998004325994,L1,-0.0554689895733436,L2,-0.12...
testing H1>-5.0
evaluate ot="H1.bs>-5.0" t="H1>-5.0", ctx="{'H1': None}"
check iteration duration=0.000585079193115
GetData ===>> H2,-0.243559032999031,H1,-0.0129442618465923,AX,-0.149156818842943,L1,-0.0375684605872721,L2,-0.0...
check iteration duration=3.88622283936e-05
GetData ===>> H2,-0.187326047416992,H1,-0.0181323901589757,AX,-0.069231625185169,L1,0.0167402705259146,L2,-0.09...
check iteration duration=8.48770141602e-05
GetData ===>> H2,-0.122199852039375,H1,-0.0545013705498974,AX,-0.0805684600011997,L1,0.00579089527910843,L2,0.0...
check iteration duration=8.51154327393e-05
GetData ===>> H2,-0.2422966847635,H1,-0.0132066564015208,AX,-0.0659276977746172,L1,0.0105511271149669,L2,-0.046...
check iteration duration=3.79085540771e-05
GetData ===>> H2,-0.223795530939237,H1,-0.013576393015957,AX,-0.132575774689371,L1,-0.020925291151928,L2,-0.003...
testing H1>-5.0
evaluate ot="H1.bs>-5.0" t="H1>-5.0", ctx="{'H1': None}"
check iteration duration=0.00064492225647
GetData ===>> H2,-0.113027744736036,H1,0.0457301173869108,AX,-0.0351784041664603,L1,-0.0211135077144046,L2,-0.0...
check iteration duration=6.98566436768e-05
GetData ===>> H2,-0.108249917641839,H1,-0.0204580155582111,AX,-0.111824852286583,L1,-0.0603004359631932,L2,-0.0...
check iteration duration=3.88622283936e-05
GetData ===>> H2,-0.117983415895176,H1,-0.0756012442734154,AX,-0.0538007430607255,L1,-0.0378176489744299,L2,-0....
check iteration duration=8.79764556885e-05
GetData ===>> H2,-0.137696335696854,H1,0.0709021578295889,AX,-0.137979529879922,L1,-0.0202730995154861,L2,0.003...
check iteration duration=9.70363616943e-05
GetData ===>> H2,-0.211634493530648,H1,-0.0362469868206315,AX,-0.0549369846270528,L1,-0.0152435698017523,L2,0.0...
testing H1>-5.0
evaluate ot="H1.bs>-5.0" t="H1>-5.0", ctx="{'H1': None}"
check iteration duration=0.000625848770142
GetData ===>> H2,-0.224530850640971,H1,-0.0414577546631765,AX,-0.196715501929867,L1,-0.0144898984376303,L2,-0.0...
check iteration duration=8.39233398438e-05
GetData ===>> H2,-0.250128232225086,H1,-0.0188002675993502,AX,-0.0710864124594042,L1,-0.0397761983449343,L2,-0....
check iteration duration=9.58442687988e-05
GetData ===>> H2,-0.138954892578709,H1,-0.00998631200779239,AX,0.0277650314401403,L1,-0.0408744960031922,L2,-0....
check iteration duration=8.58306884766e-05
GetData ===>> H2,-0.209227239772642,H1,0.00147656930697972,AX,-0.0955199338400947,L1,-0.0158337163460449,L2,-0....
check iteration duration=4.41074371338e-05
GetData ===>> H2,-0.22811518571516,H1,-0.061463628603353,AX,-0.0725006639992557,L1,-0.00120008544768399,L2,0.01...
testing H1>-5.0
evaluate ot="H1.bs>-5.0" t="H1>-5.0", ctx="{'H1': None}"
check iteration duration=0.000581026077271
06:05:48 -- collecting point 50
GetData ===>> H2,-0.193851204907925,H1,-0.0524745948159431,AX,-0.0112517017898044,L1,0.00342104020969308,L2,0.0...
check iteration duration=8.70227813721e-05
GetData ===>> H2,-0.102054879904789,H1,-1.45144989137203E-05,AX,-0.00560261085754683,L1,-0.0117630922010869,L2,...
check iteration duration=7.20024108887e-05
GetData ===>> H2,-0.112735371072441,H1,-0.00581163728814431,AX,-0.1400898632896,L1,-0.0708098045829798,L2,-0.03...
check iteration duration=4.31537628174e-05
GetData ===>> H2,-0.182768339933511,H1,0.0447992671040566,AX,-0.145817680331746,L1,-0.0291927091891544,L2,0.055...
check iteration duration=4.00543212891e-05
GetData ===>> H2,-0.212194810355655,H1,-0.0149718382562057,AX,-0.0496498702952165,L1,-0.0202311372088113,L2,-0....
testing H1>-5.0
evaluate ot="H1.bs>-5.0" t="H1>-5.0", ctx="{'H1': None}"
check iteration duration=0.00056791305542
GetData ===>> H2,-0.282603644935022,H1,-0.0300223272929,AX,-0.0971076685878354,L1,-0.00661790444984869,L2,-0.03...
check iteration duration=7.70092010498e-05
GetData ===>> H2,-0.20163571436573,H1,0.0892378599066436,AX,-0.0697301027392149,L1,-0.0170810666886015,L2,-0.02...
check iteration duration=9.48905944824e-05
GetData ===>> H2,-0.174047067036243,H1,-0.0406350198824733,AX,-0.0974089875854944,L1,0.00429509148873707,L2,0.0...
check iteration duration=5.00679016113e-05
GetData ===>> H2,-0.180040121388126,H1,-0.0428289642676603,AX,-0.108163146918334,L1,0.015867196950559,L2,0.0003...
check iteration duration=4.10079956055e-05
GetData ===>> H2,-0.172239039831632,H1,-0.0498754929218358,AX,-0.068466515134528,L1,-0.0254463101445484,L2,0.04...
testing H1>-5.0
evaluate ot="H1.bs>-5.0" t="H1>-5.0", ctx="{'H1': None}"
check iteration duration=0.00060510635376
GetData ===>> H2,-0.111085213769728,H1,-0.0595800517898979,AX,-0.0672376894327869,L1,-0.0340775842928197,L2,-0....
check iteration duration=1.78813934326e-05
waiting for write to finish
measurement finished
estimated time: 62.915 actual time: :63.205
flush and close file /Users/jan/PychronDev/data/isotopes/04/ef19c7-9bab-4a4c-9621-e7892056c648.h5
activate_detectors ('H1', 'AX', 'CDD') {'peak_center': True}
peak_center () {'detector': 'H1', 'integration_time': 0.262144, 'isotope': 'Ar40'}
peak center: mean=250.746729144 threshold=3
peak center started
setup peak center. detector=['H1', 'AX', 'CDD'], isotope=Ar40
VersionedUnpickler [<apptools.sweet_pickle.versioned_unpickler.VersionedUnpickler object at 0x14ba79890>] using Updater [<apptools.sweet_pickle.updater.Updater object at 0x12e273d10>]
VersionedUnpickler [<apptools.sweet_pickle.versioned_unpickler.VersionedUnpickler object at 0x14ba79890>] using Updater [<apptools.sweet_pickle.updater.Updater object at 0x12e273d10>]
VersionedUnpickler [<apptools.sweet_pickle.versioned_unpickler.VersionedUnpickler object at 0x18f4b69b0>] using Updater [<apptools.sweet_pickle.updater.Updater object at 0x12e273d10>]
setting integration time = 0.524288
SetIntegrationTime 0.524288 ===>> OK
Mapping mass to dac mass func: "parabolic"
H1 map mass coeffs = [-0.00063987  0.15840543  0.57250999]
H1 map mass to dac 39.9624 >> 5.8809
GetDeflection H1 ===>> 0
GetHighVoltage ===>> 4499.94659342336
do peak center. <pychron.spectrometer.jobs.peak_center.PeakCenter object at 0x12e273ef0>
doing pc
starting peak center. center dac= 5.88086536793 step_width=0.001
width = 0.001
get scan parameters. half-width=0.015,window=0.015, i=0, scalar=1
Scan parameters center=5.88087 width=0.03000 (5.86587 - 5.89587)
GetData ===>> H2,-0.0708621067591034,H1,-0.046262867621638,AX,-0.108441255959855,L1,-0.05068318493893,L2,0.0492...
Moving to starting dac 5.86586536793
setting magnet DAC
current  : 5.241525
requested: 5.865865
Delta Dac: 0.624340
Checking detector protection. dv=0.62434
Checking detector "CDD". Protection Threshold: 0.1 (V)
ProtectDetector CDD,On ===>> OK
GetDeflection CDD ===>> 2000
Protected = 2000
SetMagnetDAC 5.86586536793 ===>> OK
Magnet settling time: 0.500
GetMagnetMoving ===>> True
GetMagnetMoving ===>> True
GetMagnetMoving ===>> True
GetMagnetMoving ===>> True
GetMagnetMoving ===>> True
GetMagnetMoving ===>> True
GetMagnetMoving ===>> True
GetMagnetMoving ===>> True
GetMagnetMoving ===>> False
ProtectDetector CDD,Off ===>> OK
GetDeflection CDD ===>> 50
Wait until signal near baseline. tol= -0.0346971507162. timeout= 10
GetData ===>> H2,11.4256938069765,H1,6.08305390431674,AX,0.407210553456163,L1,-0.0207713256458053,L2,0.02150066...
GetData ===>> H2,11.4256938069765,H1,6.08305390431674,AX,0.407210553456163,L1,-0.0207713256458053,L2,0.02150066...
GetData ===>> H2,15.4067124511882,H1,9.63671485580153,AX,1.46922643233308,L1,-0.0442871959577465,L2,-0.11884848...
GetData ===>> H2,8.63325473048426,H1,4.53038709340754,AX,0.657295032675407,L1,-0.0576920724011239,L2,-0.0669763...
GetData ===>> H2,3.67046388542601,H1,2.296286316783,AX,0.171392879456107,L1,-0.0575653339093601,L2,0.0502744811...
GetData ===>> H2,1.24587512764795,H1,1.2889087663982,AX,-0.010474536244799,L1,-0.0331214623341105,L2,-0.0150976...
GetData ===>> H2,0.368236666125994,H1,0.724055258404355,AX,0.0739158976996787,L1,-0.0031403260334113,L2,-0.0898...
GetData ===>> H2,0.0921645425074667,H1,0.406993475386242,AX,-0.103968239107994,L1,0.00810751877272525,L2,-0.020...
GetData ===>> H2,-0.0498318287253259,H1,0.295592896748009,AX,-0.0811132439534983,L1,0.0116037559966812,L2,0.052...
GetData ===>> H2,-0.138916253255795,H1,0.305217876698349,AX,0.0148853440574571,L1,0.00756328919465127,L2,-0.036...
GetData ===>> H2,-0.190680725676043,H1,0.212923013909383,AX,-0.0178283617590782,L1,0.000973379922626213,L2,0.13...
GetData ===>> H2,-0.229505146761166,H1,0.269564701635416,AX,-0.0446175692324939,L1,-0.029580039612227,L2,0.0231...
GetData ===>> H2,-0.139621182169537,H1,0.292106159331396,AX,-0.0822723485965281,L1,-0.0140980029620231,L2,-0.09...
GetData ===>> H2,-0.123112733501577,H1,0.209128950153592,AX,-0.0489773658626525,L1,-0.0143760465848702,L2,-0.05...
GetData ===>> H2,-0.119696151479579,H1,0.142887232378253,AX,-0.019312978366592,L1,-0.0187110950964366,L2,-0.054...
GetData ===>> H2,-0.119655568316935,H1,0.0634656617890751,AX,-0.0434580159705335,L1,0.00909056300690124,L2,-0.0...
GetData ===>> H2,-0.107970045843053,H1,0.168238539149868,AX,0.0294824518436274,L1,-0.00194766830219731,L2,0.139...
GetData ===>> H2,-0.080263586578399,H1,0.219891102652326,AX,0.0422248007926283,L1,-0.0220551629153686,L2,0.0278...
GetData ===>> H2,-0.110314877784847,H1,0.217194490289363,AX,-0.0188722351747184,L1,-0.000615660197673847,L2,-0....
GetData ===>> H2,-0.103849614136604,H1,0.22101272385282,AX,-0.000127203687854109,L1,0.0442457856122881,L2,0.038...
GetData ===>> H2,-0.0555417051012414,H1,0.155216276385484,AX,0.111327731795219,L1,0.0369385177322358,L2,-0.1324...
Peak center failed to move to a baseline position
_do_sweep sm= 5.86586536793, em= 5.89586536793, stm= 0.001
calculated step values: start=5.86586536793, end=5.89586536793, width=0.001, nsteps=31.0
setting magnet DAC
current  : 5.865865
requested: 5.865865
Delta Dac: 0.000000
Checking detector protection. dv=0.00000
Checking detector "CDD". Protection Threshold: 0.1 (V)
SetMagnetDAC 5.86586536793 ===>> OK
GetData ===>> H2,-0.0555417051012414,H1,0.155216276385484,AX,0.111327731795219,L1,0.0369385177322358,L2,-0.1324...
setting magnet DAC
current  : 5.865865
requested: 5.866900
Delta Dac: 0.001034
Checking detector protection. dv=0.00103
Checking detector "CDD". Protection Threshold: 0.1 (V)
SetMagnetDAC 5.86689985069 ===>> OK
Magnet settling time: 1.049
GetData ===>> H2,-0.160759332799077,H1,0.452429751720041,AX,0.0301787119896118,L1,0.0285938302318469,L2,-0.0640...
setting magnet DAC
current  : 5.866900
requested: 5.867934
Delta Dac: 0.001034
Checking detector protection. dv=0.00103
Checking detector "CDD". Protection Threshold: 0.1 (V)
SetMagnetDAC 5.86793433345 ===>> OK
Magnet settling time: 1.049
GetData ===>> H2,-0.0580730891703204,H1,1.09035025068966,AX,0.20786747727986,L1,-0.0119644816211989,L2,-0.05530...
setting magnet DAC
current  : 5.867934
requested: 5.868969
Delta Dac: 0.001034
Checking detector protection. dv=0.00103
Checking detector "CDD". Protection Threshold: 0.1 (V)
SetMagnetDAC 5.86896881621 ===>> OK
Magnet settling time: 1.049
GetData ===>> H2,-0.0638844697073381,H1,3.69792812550396,AX,0.484133593105247,L1,-0.0788591193588967,L2,0.00350...
setting magnet DAC
current  : 5.868969
requested: 5.870003
Delta Dac: 0.001034
Checking detector protection. dv=0.00103
Checking detector "CDD". Protection Threshold: 0.1 (V)
SetMagnetDAC 5.87000329897 ===>> OK
Magnet settling time: 1.049
GetData ===>> H2,-0.0615792374197949,H1,12.8661430537615,AX,2.02490492479968,L1,-0.03640869489022,L2,0.01414343...
setting magnet DAC
current  : 5.870003
requested: 5.871038
Delta Dac: 0.001034
Checking detector protection. dv=0.00103
Checking detector "CDD". Protection Threshold: 0.1 (V)
SetMagnetDAC 5.87103778172 ===>> OK
Magnet settling time: 1.049
GetData ===>> H2,-0.21781799127303,H1,38.0443109640985,AX,6.18938159217794,L1,0.00662594065834259,L2,0.06597500...
setting magnet DAC
current  : 5.871038
requested: 5.872072
Delta Dac: 0.001034
Checking detector protection. dv=0.00103
Checking detector "CDD". Protection Threshold: 0.1 (V)
SetMagnetDAC 5.87207226448 ===>> OK
Magnet settling time: 1.049
GetData ===>> H2,-0.0740320435751384,H1,86.0368230952334,AX,15.3449350412943,L1,0.106168428981838,L2,0.06567874...
setting magnet DAC
current  : 5.872072
requested: 5.873107
Delta Dac: 0.001034
Checking detector protection. dv=0.00103
Checking detector "CDD". Protection Threshold: 0.1 (V)
SetMagnetDAC 5.87310674724 ===>> OK
Magnet settling time: 1.049
GetData ===>> H2,-0.170764403611897,H1,146.789490817946,AX,29.1454399442054,L1,0.194703728106371,L2,0.047722534...
setting magnet DAC
current  : 5.873107
requested: 5.874141
Delta Dac: 0.001034
Checking detector protection. dv=0.00103
Checking detector "CDD". Protection Threshold: 0.1 (V)
SetMagnetDAC 5.87414123 ===>> OK
Magnet settling time: 1.049
GetData ===>> H2,-0.187345357984103,H1,215.383722367197,AX,48.2410625871445,L1,0.424234929631036,L2,0.207783775...
setting magnet DAC
current  : 5.874141
requested: 5.875176
Delta Dac: 0.001034
Checking detector protection. dv=0.00103
Checking detector "CDD". Protection Threshold: 0.1 (V)
SetMagnetDAC 5.87517571276 ===>> OK
Magnet settling time: 1.049
GetData ===>> H2,-0.11589964511297,H1,233.333811740945,AX,54.9505634298836,L1,0.495540642293926,L2,0.1591601606...
setting magnet DAC
current  : 5.875176
requested: 5.876210
Delta Dac: 0.001034
Checking detector protection. dv=0.00103
Checking detector "CDD". Protection Threshold: 0.1 (V)
SetMagnetDAC 5.87621019552 ===>> OK
Magnet settling time: 1.049
GetData ===>> H2,-0.119644746115729,H1,238.960320321136,AX,57.7261657542883,L1,0.615374810340311,L2,0.204976578...
setting magnet DAC
current  : 5.876210
requested: 5.877245
Delta Dac: 0.001034
Checking detector protection. dv=0.00103
Checking detector "CDD". Protection Threshold: 0.1 (V)
SetMagnetDAC 5.87724467828 ===>> OK
Magnet settling time: 1.049
GetData ===>> H2,-0.0738314065222402,H1,240.619883035918,AX,58.3230229480933,L1,0.655897028991378,L2,0.17645282...
setting magnet DAC
current  : 5.877245
requested: 5.878279
Delta Dac: 0.001034
Checking detector protection. dv=0.00103
Checking detector "CDD". Protection Threshold: 0.1 (V)
SetMagnetDAC 5.87827916103 ===>> OK
Magnet settling time: 1.049
GetData ===>> H2,-0.218264924927886,H1,241.074308286074,AX,58.6561292558749,L1,0.703158150889978,L2,0.316063025...
setting magnet DAC
current  : 5.878279
requested: 5.879314
Delta Dac: 0.001034
Checking detector protection. dv=0.00103
Checking detector "CDD". Protection Threshold: 0.1 (V)
SetMagnetDAC 5.87931364379 ===>> OK
Magnet settling time: 1.049
GetData ===>> H2,-0.105574753639167,H1,241.045646566575,AX,58.6746846668969,L1,0.704923860281752,L2,0.299439296...
setting magnet DAC
current  : 5.879314
requested: 5.880348
Delta Dac: 0.001034
Checking detector protection. dv=0.00103
Checking detector "CDD". Protection Threshold: 0.1 (V)
SetMagnetDAC 5.88034812655 ===>> OK
Magnet settling time: 1.049
GetData ===>> H2,-0.0988944655318409,H1,241.108181246262,AX,58.4253387514183,L1,0.736377024104753,L2,0.35486294...
setting magnet DAC
current  : 5.880348
requested: 5.881383
Delta Dac: 0.001034
Checking detector protection. dv=0.00103
Checking detector "CDD". Protection Threshold: 0.1 (V)
SetMagnetDAC 5.88138260931 ===>> OK
Magnet settling time: 1.049
GetData ===>> H2,-0.116562704570385,H1,241.041492240971,AX,58.6467168182172,L1,0.754543675526467,L2,0.227870184...
setting magnet DAC
current  : 5.881383
requested: 5.882417
Delta Dac: 0.001034
Checking detector protection. dv=0.00103
Checking detector "CDD". Protection Threshold: 0.1 (V)
SetMagnetDAC 5.88241709207 ===>> OK
Magnet settling time: 1.049
GetData ===>> H2,-0.174663070271191,H1,241.062527605724,AX,58.3793557397816,L1,0.770870680996866,L2,0.363692636...
setting magnet DAC
current  : 5.882417
requested: 5.883452
Delta Dac: 0.001034
Checking detector protection. dv=0.00103
Checking detector "CDD". Protection Threshold: 0.1 (V)
SetMagnetDAC 5.88345157483 ===>> OK
Magnet settling time: 1.049
GetData ===>> H2,-0.252644313915732,H1,240.710464853505,AX,58.5426786507888,L1,0.778856461139915,L2,0.264057917...
setting magnet DAC
current  : 5.883452
requested: 5.884486
Delta Dac: 0.001034
Checking detector protection. dv=0.00103
Checking detector "CDD". Protection Threshold: 0.1 (V)
SetMagnetDAC 5.88448605759 ===>> OK
Magnet settling time: 1.049
GetData ===>> H2,-0.192892087510613,H1,240.461244408199,AX,58.2454820719267,L1,0.781066954219415,L2,0.211549656...
setting magnet DAC
current  : 5.884486
requested: 5.885521
Delta Dac: 0.001034
Checking detector protection. dv=0.00103
Checking detector "CDD". Protection Threshold: 0.1 (V)
SetMagnetDAC 5.88552054035 ===>> OK
Magnet settling time: 1.049
GetData ===>> H2,-0.228434618651205,H1,239.789005040786,AX,57.7925995205577,L1,0.755572405056432,L2,0.353767848...
setting magnet DAC
current  : 5.885521
requested: 5.886555
Delta Dac: 0.001034
Checking detector protection. dv=0.00103
Checking detector "CDD". Protection Threshold: 0.1 (V)
SetMagnetDAC 5.8865550231 ===>> OK
Magnet settling time: 1.049
GetData ===>> H2,-0.12386191765991,H1,237.126399148987,AX,56.6777302675303,L1,0.724712295680257,L2,0.3558211686...
setting magnet DAC
current  : 5.886555
requested: 5.887590
Delta Dac: 0.001034
Checking detector protection. dv=0.00103
Checking detector "CDD". Protection Threshold: 0.1 (V)
SetMagnetDAC 5.88758950586 ===>> OK
Magnet settling time: 1.049
GetData ===>> H2,-0.24634162210499,H1,221.564688147128,AX,50.0701099617478,L1,0.675021947587185,L2,0.2663828389...
setting magnet DAC
current  : 5.887590
requested: 5.888624
Delta Dac: 0.001034
Checking detector protection. dv=0.00103
Checking detector "CDD". Protection Threshold: 0.1 (V)
SetMagnetDAC 5.88862398862 ===>> OK
Magnet settling time: 1.049
GetData ===>> H2,-0.20594085469364,H1,184.96619170384,AX,37.6401813387641,L1,0.635112760361818,L2,0.15391366344...
setting magnet DAC
current  : 5.888624
requested: 5.889658
Delta Dac: 0.001034
Checking detector protection. dv=0.00103
Checking detector "CDD". Protection Threshold: 0.1 (V)
SetMagnetDAC 5.88965847138 ===>> OK
Magnet settling time: 1.049
GetData ===>> H2,-0.101085600143686,H1,124.892828794726,AX,22.0954911299425,L1,0.437869020715833,L2,0.160756977...
setting magnet DAC
current  : 5.889658
requested: 5.890693
Delta Dac: 0.001034
Checking detector protection. dv=0.00103
Checking detector "CDD". Protection Threshold: 0.1 (V)
SetMagnetDAC 5.89069295414 ===>> OK
Magnet settling time: 1.049
GetData ===>> H2,-0.231140330574792,H1,65.6529924970192,AX,9.87579803778295,L1,0.277027979261198,L2,0.021887906...
setting magnet DAC
current  : 5.890693
requested: 5.891727
Delta Dac: 0.001034
Checking detector protection. dv=0.00103
Checking detector "CDD". Protection Threshold: 0.1 (V)
SetMagnetDAC 5.8917274369 ===>> OK
Magnet settling time: 1.049
GetData ===>> H2,-0.168370578017232,H1,26.1563698097192,AX,3.1531998803601,L1,0.171697301094128,L2,-0.029191263...
setting magnet DAC
current  : 5.891727
requested: 5.892762
Delta Dac: 0.001034
Checking detector protection. dv=0.00103
Checking detector "CDD". Protection Threshold: 0.1 (V)
SetMagnetDAC 5.89276191966 ===>> OK
Magnet settling time: 1.049
GetData ===>> H2,-0.202525451885548,H1,8.39898798982748,AX,0.737050657896263,L1,0.066893834168182,L2,-0.0073783...
setting magnet DAC
current  : 5.892762
requested: 5.893796
Delta Dac: 0.001034
Checking detector protection. dv=0.00103
Checking detector "CDD". Protection Threshold: 0.1 (V)
SetMagnetDAC 5.89379640241 ===>> OK
Magnet settling time: 1.049
GetData ===>> H2,-0.132910427511528,H1,2.10182618115657,AX,0.196960791247213,L1,0.0697680249264695,L2,0.0044864...
setting magnet DAC
current  : 5.893796
requested: 5.894831
Delta Dac: 0.001034
Checking detector protection. dv=0.00103
Checking detector "CDD". Protection Threshold: 0.1 (V)
SetMagnetDAC 5.89483088517 ===>> OK
Magnet settling time: 1.049
GetData ===>> H2,-0.129518419619644,H1,0.459950396631803,AX,-0.0222821436470987,L1,0.0249115776678127,L2,0.0500...
setting magnet DAC
current  : 5.894831
requested: 5.895865
Delta Dac: 0.001034
Checking detector protection. dv=0.00103
Checking detector "CDD". Protection Threshold: 0.1 (V)
SetMagnetDAC 5.89586536793 ===>> OK
Magnet settling time: 1.049
GetData ===>> H2,-0.200414233428973,H1,-0.059258171192522,AX,-0.23621773831705,L1,-4.92033564027153E-05,L2,-0.0...
result of _do_sweep=True
result of _calculate_peak_center=([5.8735306985926812, 5.8811359090135227, 5.8887411194343642], [174.90075404804443, 241.10778031035841, 178.16429790754702], 5.8803543458872714, 241.10778031035841)
Failed to find a valid peak. No peak greater than 1.0. max = 0.0181484746874
new center pos Detector(H1) (Ar40) @ 5.88113590901
GetHighVoltage ===>> 4499.94659342336
GetDeflection H1 ===>> 0
dac uncorrected for HV and deflection 5.88117054268
update mftable H1 Ar40 5.88117054268 message=automated run peakcenter
get initial guess parabolic
get initial guess parabolic
get initial guess parabolic
get initial guess parabolic
get initial guess parabolic
get initial guess parabolic
dump mftable to /Users/jan/PychronDev/setupfiles/spectrometer/mftables/mftable.csv
add to repo msg=modified - automated run peakcenter
sweep finished
locally archiving mftable
setting magnet DAC
current  : 5.895865
requested: 5.881136
Delta Dac: 0.014729
Checking detector protection. dv=0.01473
Checking detector "CDD". Protection Threshold: 0.1 (V)
SetMagnetDAC 5.88113590901 ===>> OK
Magnet settling time: 0.500
setting integration time = 1.048576
SetIntegrationTime 1.048576 ===>> OK
Failed to find a valid peak. No peak greater than 1.0. max = 0.0181484746874
flush and close file /Users/jan/PychronDev/data/isotopes/04/ef19c7-9bab-4a4c-9621-e7892056c648.h5
finished measure script
executed snippet estimated_duration=226.132928, duration=275.912419796
jan_unknown120_60.py completed successfully
Measurement Finished
06:06:46 -- ******* Measurement Finished *******
Post Measurement Started jan_pump_ms.py
06:06:46 -- ******* Post Measurement Started jan_pump_ms.py *******
testing...
no interpolation path defined
executed snippet estimated_duration=0, duration=2.69412994385e-05
Pumping spectrometer
open () {'name': 'O'}
opening name=O desc=---
checking ownership. requestor=129.138.12.150
check software interlocks O
interlocks []
actuate state mode=None-script, software_lock=False
doing actuation None-script open_channel True
Open O ===>> OK
GetIndicatorState O ===>> OK
change switch state (True, True)
update switch state O True args=() kw={} ncanvase=3
06:06:46 -- OPEN   VALVE-O (Jan Ion Pump)
---------------------------------------- open O () result=[(True, True)], time=0.10 sec
action=open, ok=True, locked=[False]
executed snippet estimated_duration=0, duration=0.357100009918
jan_pump_ms.py completed successfully
setting _ms_pumptime
Post Measurement Finished
06:06:46 -- ******* Post Measurement Finished *******
$$$$$$$$$$$$$$$$$$$$ state at run end measurement
state changed from measurement to success
post measurement save measured=True aborted=False
Set filtering
setting fod for Ar40= {'filter_outliers': True, 'std_devs': 2, 'iterations': 1}
setting fod for H1= {'filter_outliers': True, 'std_devs': 2, 'iterations': 1}
setting fod for PM41= {'filter_outliers': False, 'std_devs': 2, 'iterations': 1}
setting fod for H2= {'filter_outliers': True, 'std_devs': 2, 'iterations': 1}
setting fod for Ar36= {'filter_outliers': True, 'std_devs': 2, 'iterations': 1}
setting fod for CDD= {'filter_outliers': True, 'std_devs': 10, 'iterations': 1}
setting fod for Ar37= {'filter_outliers': True, 'std_devs': 2, 'iterations': 1}
setting fod for L2= {'filter_outliers': True, 'std_devs': 2, 'iterations': 1}
setting fod for Ar38= {'filter_outliers': True, 'std_devs': 2, 'iterations': 1}
setting fod for L1= {'filter_outliers': True, 'std_devs': 2, 'iterations': 1}
setting fod for Ar39= {'filter_outliers': True, 'std_devs': 2, 'iterations': 1}
setting fod for AX= {'filter_outliers': True, 'std_devs': 2, 'iterations': 1}
persistence save...
persistence save - db
post measurement save
5884788656 connecting to database sqlite:////Users/jan/PychronDev/.appdata/local_lab.db
connected to db sqlite:////Users/jan/PychronDev/.appdata/local_lab.db
create new session 5884788656
close session 5884788656
No database instance. Not saving post measurement to isotopedb database
$$$$$$$$$$$$$$$ auto_save_detector_ic=False
massspec enabled True
create new session 5025924496
MassSpec Database Version: 16.0
close session 5025924496
saving post measurement to secondary database
saving to massspec database 129.138.12.160/massspecdata
setting labnumber to 65590
setting aliquot to 24
setting step to 
setting uuid to 04ef19c7-9bab-4a4c-9621-e7892056c648
setting irradpos to 65590
setting extract_device to Fusions CO2
setting tray to 
setting position to 196
setting power_requested to 0.35
setting extract_value to 0.35
setting duration to 30.0
setting duration_at_request to 30.0
setting first_stage_delay to 30.0
setting cleanup to 30.0
setting comment to O:12
setting irradiation to NM-289
setting level to O
setting irradiation_level to O
setting sample to BW-2014-10
setting material to Sanidine
setting project to Bustos Wells
setting mass_spectrometer to Jan
no attribute chron_dosages
no attribute production_ratios
no attribute interference_corrections
no attribute production_name
no attribute j
Reference Isotope=Ar40
Reference Detector=H1
%%%%%%%%%%%%%%%%%%%% Comment: O:12 %%%%%%%%%%%%%%%%%%%
adding isotope PM41 H2
add baseline dbdet= PM41. original det= H2
get baseline data PM41 H2
Get data baseline <pychron.processing.isotope.Baseline object at 0x19783a3d0> len t=60
baseline PM41. v=-0.192952293208, e=0.0061644008021
get signal data PM41 H2
Get data signal PM41 0.01+/-0.08 len t=120
adding isotope Ar40 H1
add baseline dbdet= Ar40. original det= H1
get baseline data Ar40 H1
Get data baseline <pychron.processing.isotope.Baseline object at 0x19783a490> len t=60
baseline Ar40. v=-0.0230043579539, e=0.0041900322697
get signal data Ar40 H1
Get data signal Ar40 261.057+/-0.030 len t=120
adding isotope Ar39 AX
add baseline dbdet= Ar39. original det= AX
get baseline data Ar39 AX
Get data baseline <pychron.processing.isotope.Baseline object at 0x19783a910> len t=60
baseline Ar39. v=-0.0819420050097, e=0.00559830568657
get signal data Ar39 AX
Get data signal Ar39 64.325+/-0.018 len t=120
adding isotope Ar38 L1
add baseline dbdet= Ar38. original det= L1
get baseline data Ar38 L1
Get data baseline <pychron.processing.isotope.Baseline object at 0x19783aad0> len t=60
baseline Ar38. v=-0.0166952338939, e=0.00283035032987
get signal data Ar38 L1
Get data signal Ar38 0.877+/-0.005 len t=120
adding isotope Ar37 L2
add baseline dbdet= Ar37. original det= L2
get baseline data Ar37 L2
Get data baseline <pychron.processing.isotope.Baseline object at 0x19783ac90> len t=60
baseline Ar37. v=-0.00579420532353, e=0.00638189922362
get signal data Ar37 L2
Get data signal Ar37 0.319+/-0.010 len t=120
adding isotope Ar36 CDD
add baseline dbdet= Ar36. original det= CDD
get baseline data Ar36 CDD
Get data baseline <pychron.processing.isotope.Baseline object at 0x19783ae50> len t=60
baseline Ar36. v=0.00011909233005, e=1.86564743615e-05
get signal data Ar36 CDD
Get data signal Ar36 0.00830+/-0.00025 len t=120
65590-24 added analysis time 0.477708101273s
analysis added to mass spec database
mass spec save time= 0.486
persistence save - dvc
================= post measurement started
create new session 4992585168
close session 4992585168
---------------- Experiment Queue saving disabled
DVC saving peakcenter
Failed to find a valid peak. No peak greater than 1.0. max = 0.0181484746874
Smart pull ahead: 0 behind: 0
Up-to-date with origin
add to repo msg=modified - ad8224ebc6dbfeb9f5997218dfa5fe690569839d.json
add to repo msg=modified - 90-24.json
add to repo msg=modified - 90-24.dat.json
add to repo msg=modified - 90-24.blan.json
add to repo msg=modified - 90-24.inte.json
add to repo msg=modified - 90-24.icfa.json
add to repo msg=modified - 90-24.base.json
not at valid file /Users/jan/PychronDev/data/.dvc/repositories/Load1792/655/tags/90-24.tags.json
add to repo msg=modified - 90-24.peak.json
add to repo msg=modified - 90-24.extr.json
not at valid file /Users/jan/PychronDev/data/.dvc/repositories/Load1792/655/monitor/90-24.moni.json
commit message=<COLLECTION>
add to repo msg=modified - 90-24.inte.json
add to repo msg=modified - 90-24.base.json
commit message=<ISOEVO> default collection fits
add to repo msg=modified - 90-24.blan.json
commit message=<BLANKS> preceding ba-01-J-2326
add to repo msg=modified - 90-24.icfa.json
commit message=<ICFactor> default
push repository <pychron.git_archive.repo_manager.GitRepoManager object at 0x184be8410>
pushing to remote=origin, url=https://github.com
no changes to meta repo
create new session 4992585168
add association Load1792
get identifier "65590"
setting analysis irradiation position=<pychron.dvc.dvc_orm.IrradiationPositionTbl object at 0x1124dd7d0>
close session 4992585168
================= post measurement finished
06:06:58 -- ******* Post Run Check *******
loading queue conditionals post_run_actions
loading system conditionals post_run_actions
loading conditionals from /Users/jan/PychronDev/setupfiles/spectrometer/default_conditionals.yaml
loading queue conditionals post_run_terminations
loading system conditionals post_run_terminations
loading conditionals from /Users/jan/PychronDev/setupfiles/spectrometer/default_conditionals.yaml
Checking default post run terminations n=1
GetDeflection CDD ===>> 50
testing CDD==2000
evaluate ot="CDD.deflection==2000" t="CDD==2000", ctx="{'CDD': 50.0}"
06:06:58 -- ******* Post Run Check Passed *******
06:06:58 -- Automated run 65590-24 success duration: 369.300 s
----------------- finish -----------------
----------------- stop -----------------
retroactive repository identifiers disabled
finish run. runs completed=140
update duration runid=65590-24, duration=369.300325155, md5=301e91d8
loading script "jan_unknown120_60.py"
loading script "jan_pump_ms.py"
loading script "jan_co2.py"
loading script "jan_pump_extraction_line.py"
testing...
no interpolation path defined
executed snippet estimated_duration=213.652928, duration=0.000196933746338
script duration name:unknown120_60 seconds:214.0
loading script "jan_unknown120_60.py"
loading script "jan_pump_ms.py"
loading script "jan_co2.py"
loading script "jan_pump_extraction_line.py"
testing...
no interpolation path defined
executed snippet estimated_duration=0, duration=2.50339508057e-05
loading script "jan_unknown120_60.py"
loading script "jan_pump_ms.py"
loading script "jan_co2.py"
loading script "jan_pump_extraction_line.py"
testing...
no interpolation path defined
calculate duration
testing...
no interpolation path defined
executed snippet estimated_duration=0, duration=4.88758087158e-05
calculate duration
testing...
no interpolation path defined
executed snippet estimated_duration=0, duration=9.20295715332e-05
executed snippet estimated_duration=0.0, duration=0.00369501113892
script duration name:co2 seconds:0.0
loading script "jan_unknown120_60.py"
loading script "jan_pump_ms.py"
loading script "jan_co2.py"
loading script "jan_pump_extraction_line.py"
testing...
no interpolation path defined
calculate duration
testing...
no interpolation path defined
executed snippet estimated_duration=4.0, duration=0.000156164169312
executed snippet estimated_duration=4.0, duration=0.00150084495544
Script duration 214.0
Run total estimated duration= 215.000
unknown120_60 in script context. using previous estimated duration
script duration name:unknown120_60 seconds:214.0
pump_ms in script context. using previous estimated duration
co2 in script context. using previous estimated duration
script duration name:co2 seconds:0.0
pump_extraction_line in script context. using previous estimated duration
Script duration 214.0
Run total estimated duration= 215.000
script duration name:unknown120_60 seconds:214.0
script duration name:co2 seconds:0.0
Script duration 214.0
Run total estimated duration= 215.000
script duration name:unknown120_60 seconds:214.0
script duration name:co2 seconds:0.0
Script duration 214.0
Run total estimated duration= 215.000
script duration name:unknown120_60 seconds:214.0
script duration name:co2 seconds:0.0
Script duration 214.0
Run total estimated duration= 215.000
script duration name:unknown120_60 seconds:214.0
script duration name:co2 seconds:0.0
Script duration 214.0
Run total estimated duration= 215.000
script duration name:unknown120_60 seconds:214.0
script duration name:co2 seconds:0.0
Script duration 214.0
Run total estimated duration= 215.000
script duration name:unknown120_60 seconds:214.0
script duration name:co2 seconds:0.0
Script duration 214.0
Run total estimated duration= 215.000
script duration name:unknown120_60 seconds:214.0
script duration name:co2 seconds:0.0
Script duration 214.0
Run total estimated duration= 215.000
script duration name:unknown120_60 seconds:214.0
script duration name:co2 seconds:0.0
Script duration 214.0
Run total estimated duration= 215.000
script duration name:unknown120_60 seconds:214.0
script duration name:co2 seconds:0.0
Script duration 214.0
Run total estimated duration= 215.000
script duration name:unknown120_60 seconds:214.0
script duration name:co2 seconds:0.0
Script duration 214.0
Run total estimated duration= 215.000
loading script "jan_unknown400_120.py"
loading script "jan_pump_ms.py"
loading script "jan_co2.py"
loading script "jan_pump_extraction_line.py"
testing...
no interpolation path defined
executed snippet estimated_duration=556.052928, duration=0.000191926956177
script duration name:unknown400_120 seconds:556.0
script duration name:co2 seconds:0.0
Script duration 556.0
Run total estimated duration= 557.000
unknown400_120 in script context. using previous estimated duration
script duration name:unknown400_120 seconds:556.0
loading script "jan_unknown400_120.py"
loading script "jan_pump_ms.py"
loading script "jan_cocktail_x1.py"
loading script "jan_pump_extraction_line.py"
testing...
no interpolation path defined
calculate duration
testing...
no interpolation path defined
executed snippet estimated_duration=0, duration=6.98566436768e-05
calculate duration
testing...
no interpolation path defined
executed snippet estimated_duration=0, duration=0.000140905380249
calculate duration
testing...
no interpolation path defined
executed snippet estimated_duration=32.0, duration=9.98973846436e-05
calculate duration
testing...
no interpolation path defined
executed snippet estimated_duration=34.0, duration=9.89437103271e-05
calculate duration
testing...
no interpolation path defined
executed snippet estimated_duration=4.0, duration=6.31809234619e-05
calculate duration
testing...
no interpolation path defined
executed snippet estimated_duration=38.0, duration=9.60826873779e-05
executed snippet estimated_duration=108.0, duration=0.00934410095215
script duration name:cocktail_x1 seconds:108.0
Script duration 664.0
Run total estimated duration= 665.000
script duration name:unknown400_120 seconds:556.0
loading script "jan_unknown400_120.py"
loading script "jan_pump_ms.py"
loading script "jan_sniffair_x2.py"
loading script "jan_pump_extraction_line.py"
testing...
no interpolation path defined
calculate duration
testing...
no interpolation path defined
executed snippet estimated_duration=0, duration=4.50611114502e-05
calculate duration
testing...
no interpolation path defined
executed snippet estimated_duration=0, duration=0.000149011611938
calculate duration
testing...
no interpolation path defined
executed snippet estimated_duration=32.0, duration=0.000110149383545
calculate duration
testing...
no interpolation path defined
executed snippet estimated_duration=34.0, duration=0.000112056732178
calculate duration
testing...
no interpolation path defined
executed snippet estimated_duration=4.0, duration=0.000118970870972
calculate duration
testing...
no interpolation path defined
executed snippet estimated_duration=36.0, duration=0.000143051147461
calculate duration
testing...
no interpolation path defined
executed snippet estimated_duration=34.0, duration=0.000186204910278
calculate duration
testing...
no interpolation path defined
executed snippet estimated_duration=4.0, duration=9.48905944824e-05
calculate duration
testing...
no interpolation path defined
executed snippet estimated_duration=36.0, duration=0.00021505355835
calculate duration
testing...
no interpolation path defined
executed snippet estimated_duration=70.0, duration=0.000154972076416
executed snippet estimated_duration=250.0, duration=0.032506942749
script duration name:sniffair_x2 seconds:250.0
Script duration 806.0
Run total estimated duration= 807.000
script duration name:unknown400_120 seconds:556.0
sniffair_x2 in script context. using previous estimated duration
script duration name:sniffair_x2 seconds:250.0
Script duration 806.0
Run total estimated duration= 807.000
script duration name:unknown400_120 seconds:556.0
cocktail_x1 in script context. using previous estimated duration
script duration name:cocktail_x1 seconds:108.0
Script duration 664.0
Run total estimated duration= 665.000
loading script "jan_ic_peak_hop3.py"
loading script "jan_pump_ms.py"
loading script "jan_air_x1.py"
loading script "jan_pump_extraction_line.py"
testing...
no interpolation path defined
executed snippet estimated_duration=133.8, duration=0.00725197792053
script duration name:ic_peak_hop3 seconds:134.0
loading script "jan_ic_peak_hop3.py"
loading script "jan_pump_ms.py"
loading script "jan_air_x1.py"
loading script "jan_pump_extraction_line.py"
testing...
no interpolation path defined
calculate duration
testing...
no interpolation path defined
executed snippet estimated_duration=0, duration=4.91142272949e-05
calculate duration
testing...
no interpolation path defined
executed snippet estimated_duration=0, duration=0.00016188621521
calculate duration
testing...
no interpolation path defined
executed snippet estimated_duration=32.0, duration=8.51154327393e-05
calculate duration
testing...
no interpolation path defined
executed snippet estimated_duration=34.0, duration=0.000118017196655
calculate duration
testing...
no interpolation path defined
executed snippet estimated_duration=4.0, duration=9.98973846436e-05
calculate duration
testing...
no interpolation path defined
executed snippet estimated_duration=36.0, duration=9.29832458496e-05
executed snippet estimated_duration=106.0, duration=0.00805020332336
script duration name:air_x1 seconds:106.0
Script duration 240.0
Run total estimated duration= 241.000
nruns=18 before=5.0, run_dur=6322.0, btw=765.0
write rem/ex queues
/Users/jan/PychronDev/experiments/rem/CurrentExperiment.rem.txt
/Users/jan/PychronDev/experiments/rem/CurrentExperiment.ex.txt
doing event level: 3
