do run
loading script "jan_unknown120_60.py"
loading script "jan_pump_ms.py"
loading script "jan_co2.py"
loading script "jan_pump_extraction_line.py"
testing...
no interpolation path defined
executed snippet estimated_duration=213.652928, duration=0.000179052352905
script duration name:unknown120_60 seconds:214.0
loading script "jan_unknown120_60.py"
loading script "jan_pump_ms.py"
loading script "jan_co2.py"
loading script "jan_pump_extraction_line.py"
testing...
no interpolation path defined
executed snippet estimated_duration=0, duration=1.81198120117e-05
loading script "jan_unknown120_60.py"
loading script "jan_pump_ms.py"
loading script "jan_co2.py"
loading script "jan_pump_extraction_line.py"
testing...
no interpolation path defined
calculate duration
testing...
no interpolation path defined
executed snippet estimated_duration=0, duration=3.40938568115e-05
calculate duration
testing...
no interpolation path defined
executed snippet estimated_duration=0, duration=6.60419464111e-05
executed snippet estimated_duration=0.0, duration=0.00176811218262
script duration name:co2 seconds:0.0
loading script "jan_unknown120_60.py"
loading script "jan_pump_ms.py"
loading script "jan_co2.py"
loading script "jan_pump_extraction_line.py"
testing...
no interpolation path defined
calculate duration
testing...
no interpolation path defined
executed snippet estimated_duration=4.0, duration=0.000212907791138
executed snippet estimated_duration=4.0, duration=0.00208115577698
Script duration 214.0
Run total estimated duration= 215.000
run duration: 0:03:35
doing event level: 2
04:14:17 -- Setting default integration. t=1.048576
setting integration time = 1.048576
SetIntegrationTime 1.048576 ===>> OK
----------------- start -----------------
**************** Experiment Type: Ar/Ar, Ar/Ar
create new session 4419438256
close session 4419438256
$$$$$ Clearing conditionals
adding conditionals 
Add queue conditionals
add default conditionals
adding default conditionals from /Users/jan/PychronDev/setupfiles/spectrometer/default_conditionals.yaml
Start automated run 65590-20
loading script "jan_unknown120_60.py"
loading script "jan_pump_ms.py"
loading script "jan_co2.py"
loading script "jan_pump_extraction_line.py"
%%%%%%%%%%%%%%%%%% setting automated run 65590-20
No value "sensitivity_multiplier" in metadata
$$$$$$$$$$$$$$$ auto_save_detector_ic=False
============================= Pre Extraction Check =============================
loading queue conditionals pre_run_terminations
loading system conditionals pre_run_terminations
loading conditionals from /Users/jan/PychronDev/setupfiles/spectrometer/default_conditionals.yaml
04:14:17 -- ******* Pre Extraction Check *******
Get a measurement from the spectrometer
GetData ===>> H2,-0.233435731948089,H1,-0.0664346705670614,AX,-0.106633532979045,L1,-0.00762172831126863,L2,0.0...
Pre Extraction Termination data. keys=H2,H1,AX,L1,L2,CDD, signals=-0.23344,-0.06643,-0.10663,-0.00762,0.04902,0.00372
04:14:17 -- testing system defined conditionals
Checking default pre extraction terminations n=2
testing CDD
evaluate ot="CDD.inactive" t="CDD", ctx="{'CDD': False}"
GetDeflection CDD ===>> 50
testing CDD==2000
evaluate ot="CDD.deflection==2000" t="CDD==2000", ctx="{'CDD': 50.0}"
04:14:17 -- ******* Pre Extraction Check Passed *******
=================================================================================
04:14:17 -- stopping status monitor
stop 5025639504
Status monitor stopped
Status monitor finished
04:14:18 -- starting status monitor
start 5025639504
StatusMonitor period=1. Frequencies(state=2, checksum=3, lock=5, owner=5)
start extraction
do extraction
Analysis started at 04:14:20.503147
Extraction Started jan_co2.py
04:14:20 -- ******* Extraction Started jan_co2.py *******
state changed from not run to extraction
DO EXTRACTION <pychron.extraction_line.pyscript_runner.RemotePyScriptRunner object at 0x12bfe48f0>
testing...
no interpolation path defined
calculate duration
testing...
no interpolation path defined
executed snippet estimated_duration=0, duration=4.6968460083e-05
calculate duration
testing...
no interpolation path defined
executed snippet estimated_duration=0, duration=9.17911529541e-05
executed snippet estimated_duration=100.0, duration=0.00248718261719
Jan CO2 laser analysis
doing GOSUB
testing...
no interpolation path defined
executed snippet estimated_duration=0, duration=4.29153442383e-05
Waiting for CO2 access
wait ('FelixCO2Flag', 0) {}
waiting for FelixCO2Flag = 0
Read FelixCO2Flag ===>> 0
finished waiting
CO2 free
wait ('CO2PumpTimeFlag', 0) {}
waiting for CO2PumpTimeFlag = 0
Read CO2PumpTimeFlag ===>> 0
finished waiting
acquire ('JanCO2Flag',) {'clear': True}
acquire JanCO2Flag
Set JanCO2Flag 1 ===>> OK
JanCO2Flag acquired
set extraction state False (0.75, 'red', 1.5)
CO2 acquired
executed snippet estimated_duration=0, duration=0.0148179531097
WaitForCO2Access.py completed successfully
gosub finished
doing GOSUB
testing...
no interpolation path defined
executed snippet estimated_duration=0, duration=9.3936920166e-05
Prepare for CO2 analysis
close () {'description': 'Jan Inlet'}
closing name=--- desc=Jan Inlet
checking ownership. requestor=129.138.12.150
check software interlocks R
interlocks []
actuate state mode=None-script, software_lock=False
doing actuation None-script close_channel False
Close R ===>> OK
GetIndicatorState R ===>> False
change switch state (True, True)
update switch state R False args=() kw={} ncanvase=3
04:14:20 -- CLOSE  VALVE-R (Jan Inlet)
---------------------------------------- close None (Jan Inlet) result=[(True, True)]
action=close, ok=True, locked=[False]
open () {'description': 'Jan Ion Pump'}
opening name=--- desc=Jan Ion Pump
checking ownership. requestor=129.138.12.150
check software interlocks O
interlocks []
actuate state mode=None-script, software_lock=False
doing actuation None-script open_channel False
Open O ===>> OK
GetIndicatorState O ===>> OK
change switch state (True, True)
update switch state O True args=() kw={} ncanvase=3
04:14:21 -- OPEN   VALVE-O (Jan Ion Pump)
---------------------------------------- open None (Jan Ion Pump) result=[(True, True)], time=0.11 sec
action=open, ok=True, locked=[False]
close () {'description': 'Microbone to Minibone'}
closing name=--- desc=Microbone to Minibone
checking ownership. requestor=129.138.12.150
check software interlocks L
interlocks []
actuate state mode=None-script, software_lock=False
doing actuation None-script close_channel False
Close L ===>> OK
GetIndicatorState L ===>> False
change switch state (True, True)
update switch state L False args=() kw={} ncanvase=3
04:14:22 -- CLOSE  VALVE-L (Microbone to Minibone)
---------------------------------------- close None (Microbone to Minibone) result=[(True, True)]
action=close, ok=True, locked=[False]
open () {'description': 'Microbone to Turbo'}
opening name=--- desc=Microbone to Turbo
checking ownership. requestor=129.138.12.150
check software interlocks U
interlocks []
actuate state mode=None-script, software_lock=False
doing actuation None-script open_channel False
Open U ===>> OK
GetIndicatorState U ===>> OK
change switch state (True, True)
update switch state U True args=() kw={} ncanvase=3
04:14:22 -- OPEN   VALVE-U (Microbone to Turbo)
---------------------------------------- open None (Microbone to Turbo) result=[(True, True)], time=0.13 sec
action=open, ok=True, locked=[False]
open () {'description': 'Microbone to Inlet Pipette'}
opening name=--- desc=Microbone to Inlet Pipette
checking ownership. requestor=129.138.12.150
check software interlocks S
interlocks []
actuate state mode=None-script, software_lock=False
doing actuation None-script open_channel False
Open S ===>> OK
GetIndicatorState S ===>> OK
change switch state (True, True)
update switch state S True args=() kw={} ncanvase=3
04:14:23 -- OPEN   VALVE-S (Microbone to Inlet Pipette)
---------------------------------------- open None (Microbone to Inlet Pipette) result=[(True, True)], time=0.43 sec
action=open, ok=True, locked=[False]
open () {'description': 'Microbone to Getter D-50'}
opening name=--- desc=Microbone to Getter D-50
checking ownership. requestor=129.138.12.150
check software interlocks K
interlocks []
actuate state mode=None-script, software_lock=False
doing actuation None-script open_channel False
Open K ===>> OK
GetIndicatorState K ===>> OK
change switch state (True, True)
update switch state K True args=() kw={} ncanvase=3
04:14:23 -- OPEN   VALVE-K (Microbone to Getter D-50)
---------------------------------------- open None (Microbone to Getter D-50) result=[(True, True)], time=0.42 sec
action=open, ok=True, locked=[False]
open () {'description': 'Microbone to Getter NP-10'}
opening name=--- desc=Microbone to Getter NP-10
checking ownership. requestor=129.138.12.150
check software interlocks M
interlocks []
actuate state mode=None-script, software_lock=False
doing actuation None-script open_channel False
Open M ===>> OK
GetIndicatorState M ===>> OK
change switch state (True, True)
update switch state M True args=() kw={} ncanvase=3
04:14:24 -- OPEN   VALVE-M (Microbone to Getter NP-10)
---------------------------------------- open None (Microbone to Getter NP-10) result=[(True, True)], time=0.15 sec
action=open, ok=True, locked=[False]
close () {'description': 'CO2 Laser to Felix'}
closing name=--- desc=CO2 Laser to Felix
checking ownership. requestor=129.138.12.150
check software interlocks F
interlocks []
actuate state mode=None-script, software_lock=True
VALVE-F(CO2 Laser to Felix) software locked
change switch state (True, False)
---------------------------------------- close None (CO2 Laser to Felix) result=[(True, False)]
action=close, ok=True, locked=[True]
open () {'description': 'CO2 Laser to Jan'}
opening name=--- desc=CO2 Laser to Jan
checking ownership. requestor=129.138.12.150
check software interlocks A
interlocks []
actuate state mode=None-script, software_lock=False
doing actuation None-script open_channel False
Open A ===>> OK
GetIndicatorState A ===>> OK
change switch state (True, True)
update switch state A True args=() kw={} ncanvase=3
04:14:24 -- OPEN   VALVE-A (CO2 Laser to Jan)
---------------------------------------- open None (CO2 Laser to Jan) result=[(True, True)], time=0.12 sec
action=open, ok=True, locked=[False]
open () {'description': 'Microbone to CO2 Laser'}
opening name=--- desc=Microbone to CO2 Laser
checking ownership. requestor=129.138.12.150
check software interlocks T
interlocks []
actuate state mode=None-script, software_lock=False
doing actuation None-script open_channel False
Open T ===>> OK
GetIndicatorState T ===>> OK
change switch state (True, True)
update switch state T True args=() kw={} ncanvase=3
04:14:25 -- OPEN   VALVE-T (Microbone to CO2 Laser)
---------------------------------------- open None (Microbone to CO2 Laser) result=[(True, True)], time=0.46 sec
action=open, ok=True, locked=[False]
executed snippet estimated_duration=0, duration=4.98494291306
PrepareForCO2Analysis.py completed successfully
gosub finished
set_motor ('beam', '1.25') {}
setting motor "beam" to 1.25
set motor beam to 1.25
SetMotor beam,1.25 ===>> OK
GetMotorMoving beam ===>> False
GetMotorMoving beam ===>> False
Block completed
move_to_position ('192',) {'autocenter': True}
FusionsCO2 move to position 192
sending GoToHole 192,True
GoToHole 192,True ===>> OK
GetDriveMoving ===>> OK
GetDriveMoving ===>> OK
GetDriveMoving ===>> OK
GetDriveMoving ===>> OK
GetDriveMoving ===>> OK
GetDriveMoving ===>> False
GetDriveMoving ===>> False
Block completed
GetAutoCorrecting ===>> OK
GetAutoCorrecting ===>> OK
GetAutoCorrecting ===>> OK
GetAutoCorrecting ===>> OK
GetAutoCorrecting ===>> OK
GetAutoCorrecting ===>> OK
GetAutoCorrecting ===>> OK
GetAutoCorrecting ===>> False
GetAutoCorrecting ===>> False
Block completed
update position
GetPosition ===>> 3.98780,-9.96950,1.00000
got position (3.9878, -9.9695, 1.0)
move to position succeeded
sleep (5,) {}
SLEEP 5.0
block started
WaitControl setup for 5.0  
Join finished
block finished. duration 5.05173301697
close () {'description': 'Microbone to Turbo'}
closing name=--- desc=Microbone to Turbo
checking ownership. requestor=129.138.12.150
check software interlocks U
interlocks []
actuate state mode=None-script, software_lock=False
doing actuation None-script close_channel True
Close U ===>> OK
GetIndicatorState U ===>> False
change switch state (True, True)
update switch state U False args=() kw={} ncanvase=3
04:14:38 -- CLOSE  VALVE-U (Microbone to Turbo)
---------------------------------------- close None (Microbone to Turbo) result=[(True, True)]
action=close, ok=True, locked=[False]
enable laser
enable () {}
set extraction state FusionsCO2 Enabled (False, 'red', 1.5)
enabling laser
Enable ===>> OK
begin interval
BEGIN INTERVAL Interval 1 waiting for 30.0
set extract to 0.35
block started
extract (0.35,) {}
WaitControl setup for 30.0  
GetPosition ===>> 3.98780,-9.96950,1.00000
set extraction state FusionsCO2 ON! 0.35(watts) (0.75, 'red', 1.5)
extract sample to 0.35 (watts)
set laser output
SetLaserOutput 0.35,watts ===>> OK
executing pattern triangle.lp
execute_pattern ('triangle.lp',) {}
executing pattern triangle.lp
IsPatterning ===>> OK
IsPatterning ===>> OK
IsPatterning ===>> OK
IsPatterning ===>> OK
IsPatterning ===>> OK
IsPatterning ===>> OK
IsPatterning ===>> OK
IsPatterning ===>> OK
IsPatterning ===>> OK
IsPatterning ===>> OK
IsPatterning ===>> OK
IsPatterning ===>> OK
IsPatterning ===>> OK
IsPatterning ===>> OK
IsPatterning ===>> OK
IsPatterning ===>> OK
IsPatterning ===>> OK
IsPatterning ===>> OK
IsPatterning ===>> OK
IsPatterning ===>> OK
IsPatterning ===>> OK
IsPatterning ===>> OK
IsPatterning ===>> OK
IsPatterning ===>> OK
IsPatterning ===>> OK
IsPatterning ===>> OK
IsPatterning ===>> False
IsPatterning ===>> False
Block completed
COMPLETE INTERVAL waiting for Interval 1 to complete
Join finished
block finished. duration 30.1261160374
Interval 1 finished
end_extract () {}
ending extraction. set laser power to 0
set laser power 0
SetLaserPower 0 ===>> OK
disable () {}
%%%%%%%%%%%%%%%%%%%%%%%%%%%%%%%%%%% disable
set extraction state False (0.75, 'red', 1.5)
disabling laser
Disable ===>> OK
sleep (30.0,) {}
SLEEP 30.0
block started
WaitControl setup for 30.0  
Join finished
block finished. duration 30.1407999992
executed snippet estimated_duration=166.0, duration=79.4645800591
jan_co2.py completed successfully
GetAchievedOutput ===>> No Response
Requested Output= 0.000
Achieved Output=  0.000
GetResponseBlob ===>> No Response
GetOutputBlob ===>> No Response
persistence save...
persistence save - db
AutomatedRunPersister post_extraction_save deprecated
persistence save - dvc
no extraction position for 192
create new session 4992585168
close session 4992585168
Extraction Finished
04:15:40 -- ******* Extraction Finished *******
no overlap. not waiting for min ms pumptime
04:15:40 -- Sending spectrometer configuration
======== Sending configuration ========
SetDeflection CDD,50.0 ===>> OK
SetDeflection H2,0.0 ===>> OK
SetDeflection H1,0.0 ===>> OK
SetDeflection L2,825.0 ===>> OK
SetDeflection L1,400.0 ===>> OK
SetDeflection AX,190.0 ===>> OK
SetZFocus 74.64 ===>> OK
SetZSymmetry -50.72 ===>> OK
SetExtractionLens 26.13 ===>> OK
SetIonRepeller -3.81 ===>> OK
SetElectronEnergy 75.08 ===>> OK
SetYSymmetry -2.81 ===>> OK
SetIonCounterVoltage 1590.0 ===>> OK
send trap current 200.0
GetParameter Trap Current Readback ===>> 198.482695477019
SetParameter Trap Current Set,200.0 ===>> OK
updating mftable name mftable
Using mftable located at /Users/jan/PychronDev/setupfiles/spectrometer/mftables/mftable.csv
============ MFtable ===========
Isotope  H2     H1     AX     L1     L2     CDD    
Ar40     5.8220 5.8813 5.9942 6.1619 6.2326 6.3901
Ar39     5.7212 5.7735 5.8867 6.0479 6.1177 6.2766
Ar36     5.3987 5.4425 5.5500 5.7068 5.7727 5.9277
================================
get initial guess parabolic
get initial guess parabolic
get initial guess parabolic
get initial guess parabolic
get initial guess parabolic
get initial guess parabolic
======== Configuration Finished ========
GetYSymmetry ===>> -2.81
GetZSymmetry ===>> -50.72
GetParameter Trap Current Readback ===>> 197.923274125618
GetHighVoltage ===>> 4499.94659342336
start measurement
do measurement
L#=65590 analysis type=unknown
Measurement Started jan_unknown120_60.py
04:15:40 -- ******* Measurement Started jan_unknown120_60.py *******
state changed from extraction to measurement
setting spec, defl, and gains
GetExtractionLens ===>> 26.13
GetYSymmetry ===>> -2.81
GetZSymmetry ===>> -50.72
GetZFocus ===>> 74.64
GetDeflection H2 ===>> 0
GetDeflection H1 ===>> 0
GetDeflection AX ===>> 190
GetDeflection L1 ===>> 400
GetDeflection L2 ===>> 825
GetDeflection CDD ===>> 50
GetGain H2 ===>> 0.0113
GetGain H1 ===>> 0.1
GetGain AX ===>> 0.097049
GetGain L1 ===>> 0.010355
GetGain L2 ===>> 0.095649
GetGain CDD ===>> 0
pre measurement save
New frame /Users/jan/PychronDev/data/isotopes/98/702217-f4a1-4604-8ff6-d1583277b817.h5
flush and close file /Users/jan/PychronDev/data/isotopes/98/702217-f4a1-4604-8ff6-d1583277b817.h5
testing...
no interpolation path defined
executed snippet estimated_duration=226.132928, duration=0.000149011611938
unknown measurement script
activate_detectors ('H2', 'H1', 'AX', 'L1', 'L2', 'CDD') {}
activate detectors
*************** Set Analysis View Ar/Ar
create graphs
clearing graphs
clear isotope group
setting isotope det=H2, iso=PM41
setting isotope det=H1, iso=Ar40
setting isotope det=AX, iso=Ar39
setting isotope det=L1, iso=Ar38
setting isotope det=L2, iso=Ar37
setting isotope det=CDD, iso=Ar36
setting previous blanks
 - setting Ar40 blank 0.419+/-0.007
 - setting Ar36 blank 0.00506+/-0.00017
 - setting Ar37 blank 0.054+/-0.006
 - setting Ar38 blank 0.0169+/-0.0022
 - setting PM41 blank 0.03+/-0.06
 - setting Ar39 blank 0.009+/-0.008
load analysis view
position_magnet ('Ar40',) {'detector': 'H1'}
detector Detector(H1)
POSITION Ar40 H1
setting detector H2 to PM41 (40.9624)
setting detector H1 to Ar40 (39.9624)
setting detector AX to Ar39 (38.9624)
setting detector L1 to Ar38 (37.9624)
setting detector L2 to Ar37 (36.9624)
setting detector CDD to Ar36 (35.9624)
Mapping mass to dac mass func: "parabolic"
H1 map mass coeffs = [-0.00063987  0.15840543  0.57286999]
H1 map mass to dac 39.9624 >> 5.88126
GetDeflection H1 ===>> 0
GetHighVoltage ===>> 4499.94659342336
positioning Ar40 (5.88122536581) on H1
setting magnet DAC
current  : 5.881225
requested: 5.881225
Delta Dac: 0.000000
Checking detector protection. dv=0.00000
Checking detector "CDD". Protection Threshold: 0.1 (V)
SetMagnetDAC 5.88122536581 ===>> OK
equilibrate () {'delay': 3, 'inlet': 'R', 'outlet': 'O', 'eqtime': 12.0}
Equilibration Started
04:15:40 -- ******* Equilibration Started *******
checking ownership. requestor=129.138.12.150
check software interlocks O
interlocks []
actuate state mode=None-script, software_lock=False
doing actuation None-script close_channel True
Close O ===>> OK
update labels <pychron.experiment.plot_panel.PlotPanel object at 0x18af6af50>
update labels "<pychron.graph.stacked_regression_graph.StackedRegressionGraph object at 0x180038110>"
setting label 0 H2 PM41
setting label 1 H1 Ar40
setting label 2 AX Ar39
setting label 3 L1 Ar38
setting label 4 L2 Ar37
setting label 5 CDD Ar36
update labels "<pychron.graph.stacked_graph.StackedGraph object at 0x17fe06230>"
setting label 0 H2 PM41
setting label 1 H1 Ar40
setting label 2 AX Ar39
setting label 3 L1 Ar38
setting label 4 L2 Ar37
setting label 5 CDD Ar36
GetIndicatorState O ===>> False
change switch state (True, True)
update switch state O False args=() kw={} ncanvase=3
04:15:41 -- CLOSE  VALVE-O (Jan Ion Pump)
waiting 3s before opening inlet value ('R',)
checking ownership. requestor=129.138.12.150
check software interlocks R
interlocks []
actuate state mode=None-script, software_lock=False
doing actuation None-script open_channel True
Open R ===>> OK
GetIndicatorState R ===>> OK
change switch state (True, True)
update switch state R True args=() kw={} ncanvase=3
04:15:44 -- OPEN   VALVE-R (Jan Inlet)
equilibrating for 12.0sec
set_time_zero () {}
sniff (12.0,) {}
py_sniff
build tables- sniff [Detector(H2), Detector(H1), Detector(AX), Detector(L1), Detector(L2), Detector(CDD)]
add group /sniff/PM41 (Group) '' table H2
add group /sniff/Ar40 (Group) '' table H1
add group /sniff/Ar39 (Group) '' table AX
add group /sniff/Ar38 (Group) '' table L1
add group /sniff/Ar37 (Group) '' table L2
add group /sniff/Ar36 (Group) '' table CDD
flush and close file /Users/jan/PychronDev/data/isotopes/98/702217-f4a1-4604-8ff6-d1583277b817.h5
measuring sniff. ncounts=12.0
"sniff" increment series count="1" fit count="0" regressing="False"
starting measurement
check iteration duration=1.90734863281e-05
GetData ===>> H2,-0.0767904442615141,H1,10.7288587712929,AX,3.11516506944177,L1,-0.0227030179681075,L2,0.176281...
check iteration duration=4.38690185547e-05
GetData ===>> H2,0.869810042719897,H1,140.258585555508,AX,37.472081824151,L1,0.294303334192834,L2,0.36470166078...
check iteration duration=1.59740447998e-05
GetData ===>> H2,0.652896966491056,H1,220.560280782624,AX,56.3178190216526,L1,0.572485581055411,L2,0.4272202502...
check iteration duration=4.10079956055e-05
GetData ===>> H2,0.274013199660204,H1,246.260951264823,AX,61.495204652251,L1,0.76252866027183,L2,0.410332898788...
check iteration duration=4.29153442383e-05
GetData ===>> H2,0.147576539232895,H1,255.433161902707,AX,63.2049752313329,L1,0.880134106033341,L2,0.2915542753...
check iteration duration=4.29153442383e-05
GetData ===>> H2,0.174455317401491,H1,258.902239916788,AX,63.8192960391276,L1,0.924554403425317,L2,0.3620181467...
check iteration duration=4.29153442383e-05
GetData ===>> H2,0.101182366738598,H1,260.790694894718,AX,64.2493883686207,L1,0.914370865569919,L2,0.3179279260...
check iteration duration=4.50611114502e-05
GetData ===>> H2,-0.120877057982098,H1,261.496865899981,AX,64.4258537617043,L1,0.93026389965155,L2,0.3255298154...
check iteration duration=5.98430633545e-05
GetData ===>> H2,0.000935540956670549,H1,261.862469849524,AX,64.2274776555173,L1,0.950949237773763,L2,0.2877546...
check iteration duration=5.69820404053e-05
GetData ===>> H2,-0.0261932578931421,H1,261.586021070298,AX,64.2616106028021,L1,0.960481156867845,L2,0.31299729...
check iteration duration=4.29153442383e-05
GetData ===>> H2,-0.0784031549165667,H1,261.609574456992,AX,64.1299428458566,L1,0.947153735439382,L2,0.29683755...
check iteration duration=1.50203704834e-05
GetData ===>> H2,-0.106155512251827,H1,261.798788278044,AX,64.4612039227174,L1,0.943941194128987,L2,0.313853287...
Equilibration Finished
04:15:57 -- ******* Equilibration Finished *******
checking ownership. requestor=129.138.12.150
check software interlocks R
interlocks []
actuate state mode=None-script, software_lock=False
doing actuation None-script close_channel True
Close R ===>> OK
GetIndicatorState R ===>> False
change switch state (True, True)
update switch state R False args=() kw={} ncanvase=3
04:15:58 -- CLOSE  VALVE-R (Jan Inlet)
Post Equilibration Started jan_pump_extraction_line.py
04:15:58 -- ******* Post Equilibration Started jan_pump_extraction_line.py *******
testing...
no interpolation path defined
calculate duration
testing...
no interpolation path defined
executed snippet estimated_duration=4.0, duration=0.000230073928833
executed snippet estimated_duration=4.0, duration=0.0125529766083
Pump after analysis
doing GOSUB
testing...
no interpolation path defined
executed snippet estimated_duration=4.0, duration=0.000118017196655
Pump Microbone
close () {'description': 'Jan Inlet'}
closing name=--- desc=Jan Inlet
checking ownership. requestor=129.138.12.150
check software interlocks R
interlocks []
actuate state mode=None-script, software_lock=False
doing actuation None-script close_channel False
check iteration duration=1.8835067749e-05
waiting for write to finish
measurement finished
estimated time: 12.583 actual time: :13.665
flush and close file /Users/jan/PychronDev/data/isotopes/98/702217-f4a1-4604-8ff6-d1583277b817.h5
set_fits () {}
using default fits file=/Users/jan/PychronDev/scripts/measurement/fits/nominal_linear.yaml
set "Ar40" to "('Linear', 'SEM')"
No fit for "PM41". defaulting to linear. check the measurement script "jan_unknown120_60.py"
set "PM41" to "linear"
set "Ar36" to "('Linear', 'SEM')"
set "Ar37" to "('linear', 'SEM')"
set "Ar38" to "('linear', 'SEM')"
set "Ar39" to "('Linear', 'SEM')"
set_baseline_fits () {}
using default fits file=/Users/jan/PychronDev/scripts/measurement/fits/nominal_linear.yaml
set "H1" to "('average', 'SEM')"
set "H2" to "('average', 'SEM')"
set "CDD" to "('average', 'SEM')"
set "L2" to "('average', 'SEM')"
set "L1" to "('average', 'SEM')"
set "AX" to "('average', 'SEM')"
multicollect () {'integration_time': 1, 'ncounts': 120}
build tables- signal [Detector(H2), Detector(H1), Detector(AX), Detector(L1), Detector(L2), Detector(CDD)]
add group /signal/PM41 (Group) '' table H2
add group /signal/Ar40 (Group) '' table H1
add group /signal/Ar39 (Group) '' table AX
add group /signal/Ar38 (Group) '' table L1
add group /signal/Ar37 (Group) '' table L2
add group /signal/Ar36 (Group) '' table CDD
flush and close file /Users/jan/PychronDev/data/isotopes/98/702217-f4a1-4604-8ff6-d1583277b817.h5
measuring signal. ncounts=120
Close R ===>> OK
GetIndicatorState R ===>> False
change switch state (True, True)
update switch state R False args=() kw={} ncanvase=3
04:15:59 -- CLOSE  VALVE-R (Jan Inlet)
---------------------------------------- close None (Jan Inlet) result=[(True, True)]
"signal" increment series count="2" fit count="1" regressing="True"
action=close, ok=True, locked=[False]
is_closed ('F',) {}
is F () closed?
is closed True
open () {'description': 'CO2 Laser to Jan'}
opening name=--- desc=CO2 Laser to Jan
checking ownership. requestor=129.138.12.150
check software interlocks A
interlocks []
actuate state mode=None-script, software_lock=False
doing actuation None-script open_channel False
Open A ===>> OK
starting measurement
check iteration duration=5.79357147217e-05
GetData ===>> H2,-0.0379704868675655,H1,261.951927083808,AX,64.3377751485714,L1,0.933124832823159,L2,0.39082131...
GetIndicatorState A ===>> OK
change switch state (True, True)
update switch state A True args=() kw={} ncanvase=3
04:15:59 -- OPEN   VALVE-A (CO2 Laser to Jan)
---------------------------------------- open None (CO2 Laser to Jan) result=[(True, True)], time=0.13 sec
action=open, ok=True, locked=[False]
sleep (1,) {}
SLEEP 1.0
check iteration duration=3.91006469727e-05
GetData ===>> H2,-0.0115082307101104,H1,261.85418171668,AX,64.2683857978423,L1,0.914790907942643,L2,0.406528513...
close () {'description': 'CO2 Laser to Roughing'}
closing name=--- desc=CO2 Laser to Roughing
checking ownership. requestor=129.138.12.150
check software interlocks G
interlocks []
actuate state mode=None-script, software_lock=True
VALVE-G(CO2 Laser to Roughing) software locked
change switch state (True, False)
---------------------------------------- close None (CO2 Laser to Roughing) result=[(True, False)]
action=close, ok=True, locked=[True]
open () {'description': 'Microbone to Turbo'}
opening name=--- desc=Microbone to Turbo
checking ownership. requestor=129.138.12.150
check software interlocks U
interlocks []
actuate state mode=None-script, software_lock=False
doing actuation None-script open_channel True
Open U ===>> OK
GetIndicatorState U ===>> OK
change switch state (True, True)
update switch state U True args=() kw={} ncanvase=3
04:16:00 -- OPEN   VALVE-U (Microbone to Turbo)
---------------------------------------- open None (Microbone to Turbo) result=[(True, True)], time=0.19 sec
action=open, ok=True, locked=[False]
open () {'description': 'Microbone to Getter NP-10'}
opening name=--- desc=Microbone to Getter NP-10
checking ownership. requestor=129.138.12.150
check software interlocks M
interlocks []
actuate state mode=None-script, software_lock=False
doing actuation None-script open_channel False
Open M ===>> OK
GetIndicatorState M ===>> OK
change switch state (True, True)
update switch state M True args=() kw={} ncanvase=3
04:16:01 -- OPEN   VALVE-M (Microbone to Getter NP-10)
---------------------------------------- open None (Microbone to Getter NP-10) result=[(True, True)], time=0.14 sec
check iteration duration=7.39097595215e-05
GetData ===>> H2,-0.155468409708366,H1,261.437881335253,AX,64.3268196783227,L1,0.958873608900757,L2,0.370011814...
action=open, ok=True, locked=[False]
open () {'description': 'Microbone to Getter D-50'}
opening name=--- desc=Microbone to Getter D-50
checking ownership. requestor=129.138.12.150
check software interlocks K
interlocks []
actuate state mode=None-script, software_lock=False
doing actuation None-script open_channel False
Open K ===>> OK
GetIndicatorState K ===>> OK
change switch state (True, True)
update switch state K True args=() kw={} ncanvase=3
04:16:01 -- OPEN   VALVE-K (Microbone to Getter D-50)
---------------------------------------- open None (Microbone to Getter D-50) result=[(True, True)], time=0.45 sec
action=open, ok=True, locked=[False]
open () {'description': 'Microbone to CO2 Laser'}
opening name=--- desc=Microbone to CO2 Laser
checking ownership. requestor=129.138.12.150
check software interlocks T
interlocks []
actuate state mode=None-script, software_lock=False
doing actuation None-script open_channel False
check iteration duration=8.20159912109e-05
GetData ===>> H2,-0.0355663242814858,H1,261.515384219289,AX,64.201667889853,L1,0.929119994991843,L2,0.305921365...
Open T ===>> OK
GetIndicatorState T ===>> OK
change switch state (True, True)
update switch state T True args=() kw={} ncanvase=3
04:16:02 -- OPEN   VALVE-T (Microbone to CO2 Laser)
---------------------------------------- open None (Microbone to CO2 Laser) result=[(True, True)], time=0.44 sec
action=open, ok=True, locked=[False]
open () {'description': 'Microbone to Inlet Pipette'}
opening name=--- desc=Microbone to Inlet Pipette
checking ownership. requestor=129.138.12.150
check software interlocks S
interlocks []
actuate state mode=None-script, software_lock=False
doing actuation None-script open_channel False
Open S ===>> OK
GetIndicatorState S ===>> OK
change switch state (True, True)
update switch state S True args=() kw={} ncanvase=3
04:16:03 -- OPEN   VALVE-S (Microbone to Inlet Pipette)
---------------------------------------- open None (Microbone to Inlet Pipette) result=[(True, True)], time=0.43 sec
testing H1>-5.0
evaluate ot="H1.bs>-5.0" t="H1>-5.0", ctx="{'H1': None}"
check iteration duration=0.000576972961426
GetData ===>> H2,-0.0459334879694093,H1,261.588800024786,AX,64.0365064809185,L1,0.930247575220805,L2,0.30008982...
action=open, ok=True, locked=[False]
sleep (1,) {}
SLEEP 1.0
check iteration duration=7.31945037842e-05
GetData ===>> H2,-0.103499066799522,H1,261.50357965093,AX,64.1899911631586,L1,0.953612770391243,L2,0.3353469612...
set_resource () {'name': 'CO2PumpTimeFlag', 'value': 30}
Set CO2PumpTimeFlag 30 ===>> OK
release ('JanCO2Flag',) {}
release JanCO2Flag
Set JanCO2Flag 0 ===>> OK
executed snippet estimated_duration=6.0, duration=6.06277799606
PumpMicrobone.py completed successfully
gosub finished
get_resource_value () {'name': 'JanMiniboneFlag'}
Read JanMiniboneFlag ===>> 0
Get Resource Value JanMiniboneFlag=0.0
get resource value 0.0
get_resource_value () {'name': 'JanMiniboneFlag'}
Read JanMiniboneFlag ===>> 0
Get Resource Value JanMiniboneFlag=0.0
executed snippet estimated_duration=4.0, duration=6.08985304832
jan_pump_extraction_line.py completed successfully
Post Equilibration Finished
04:16:04 -- ******* Post Equilibration Finished *******
check iteration duration=8.01086425781e-05
GetData ===>> H2,-0.16207998985732,H1,261.436588465568,AX,64.2378307768199,L1,0.924319712441085,L2,0.2670245108...
check iteration duration=3.79085540771e-05
GetData ===>> H2,-0.18241217066868,H1,260.964848910938,AX,64.1381604485701,L1,0.914848586711439,L2,0.3695892750...
check iteration duration=8.60691070557e-05
GetData ===>> H2,-0.192896933282231,H1,260.813864675009,AX,64.0735280951281,L1,0.884929511491967,L2,0.366037736...
testing H1>-5.0
evaluate ot="H1.bs>-5.0" t="H1>-5.0", ctx="{'H1': None}"
check iteration duration=0.000613927841187
GetData ===>> H2,-0.181308514449188,H1,260.932363153178,AX,63.9503539157568,L1,0.926473543563208,L2,0.357462054...
check iteration duration=7.70092010498e-05
GetData ===>> H2,-0.0903511452929307,H1,260.840372493165,AX,63.9972606468469,L1,0.952878932423542,L2,0.33704794...
check iteration duration=7.29560852051e-05
GetData ===>> H2,-0.166644388768128,H1,260.750198438512,AX,64.0269020204614,L1,0.929194075066744,L2,0.241282490...
check iteration duration=9.79900360107e-05
GetData ===>> H2,-0.206152430176976,H1,260.699491743658,AX,64.0037494151782,L1,0.853983370126042,L2,0.368527225...
check iteration duration=8.51154327393e-05
GetData ===>> H2,-0.0694219206893829,H1,260.667222165483,AX,64.0405149738836,L1,0.881656776540815,L2,0.28671628...
testing H1>-5.0
evaluate ot="H1.bs>-5.0" t="H1>-5.0", ctx="{'H1': None}"
check iteration duration=0.000581979751587
GetData ===>> H2,-0.133996911266126,H1,260.653574180331,AX,63.9278157670845,L1,0.883378812004194,L2,0.326511484...
check iteration duration=8.29696655273e-05
GetData ===>> H2,-0.084855774720156,H1,260.444594987034,AX,63.8694398685561,L1,0.894634356083325,L2,0.383751060...
check iteration duration=5.48362731934e-05
GetData ===>> H2,-0.133408624077252,H1,260.434000928513,AX,63.8169087228706,L1,0.902831180104443,L2,0.313944594...
check iteration duration=3.88622283936e-05
GetData ===>> H2,-0.178875503493264,H1,260.430240978277,AX,63.9984936419057,L1,0.959940671657216,L2,0.361344425...
check iteration duration=4.31537628174e-05
GetData ===>> H2,-0.149977179904421,H1,260.335646817787,AX,63.9092915083735,L1,0.929566994541686,L2,0.316729485...
testing H1>-5.0
evaluate ot="H1.bs>-5.0" t="H1>-5.0", ctx="{'H1': None}"
check iteration duration=0.000677108764648
GetData ===>> H2,-0.169979111848568,H1,260.147801917909,AX,63.8750177423133,L1,0.94111265659026,L2,0.3150859331...
check iteration duration=7.89165496826e-05
GetData ===>> H2,-0.189877238683401,H1,260.204404667388,AX,63.5017671132622,L1,0.956999911805445,L2,0.255438791...
check iteration duration=7.70092010498e-05
GetData ===>> H2,-0.121267961022766,H1,260.276428647783,AX,63.7001941165331,L1,0.922249136258877,L2,0.310360878...
check iteration duration=8.79764556885e-05
GetData ===>> H2,-0.147392133059496,H1,259.784221416037,AX,63.6327024649615,L1,0.899119825362847,L2,0.339491011...
check iteration duration=7.60555267334e-05
GetData ===>> H2,-0.0649824896560095,H1,259.899084330366,AX,63.5944461747277,L1,0.891381523588206,L2,0.42394080...
testing H1>-5.0
evaluate ot="H1.bs>-5.0" t="H1>-5.0", ctx="{'H1': None}"
check iteration duration=0.000588178634644
04:16:24 -- collecting point 25
GetData ===>> H2,-0.0435370740080675,H1,260.053531487191,AX,63.6582078239751,L1,0.895993577040321,L2,0.32927391...
check iteration duration=7.91549682617e-05
GetData ===>> H2,-0.224381366444379,H1,259.775120437749,AX,63.7580560704045,L1,0.914637935347146,L2,0.310132620...
check iteration duration=8.29696655273e-05
GetData ===>> H2,-0.269354755467017,H1,259.633086406685,AX,63.7212000818333,L1,0.893459941964793,L2,0.262666856...
check iteration duration=8.6784362793e-05
GetData ===>> H2,-0.181648527587096,H1,259.63851295358,AX,63.6379047183276,L1,0.911300375741341,L2,0.3088315629...
check iteration duration=9.48905944824e-05
GetData ===>> H2,-0.166941328244498,H1,259.463321650423,AX,63.654020720661,L1,0.902600514030027,L2,0.2110132943...
testing H1>-5.0
evaluate ot="H1.bs>-5.0" t="H1>-5.0", ctx="{'H1': None}"
check iteration duration=0.000542879104614
GetData ===>> H2,-0.152542956303058,H1,259.403630010496,AX,63.7338267920014,L1,0.944931110333774,L2,0.232618496...
check iteration duration=9.60826873779e-05
GetData ===>> H2,-0.180338341469089,H1,259.35430502333,AX,63.5370991105867,L1,0.915179618800122,L2,0.3769097431...
check iteration duration=4.00543212891e-05
GetData ===>> H2,-0.192859192072216,H1,259.052486952106,AX,63.6636266297496,L1,0.872722831826493,L2,0.299690416...
check iteration duration=8.39233398438e-05
GetData ===>> H2,-0.133819752126994,H1,259.206023673046,AX,63.4761205407221,L1,0.90674449852253,L2,0.3305752461...
check iteration duration=7.89165496826e-05
GetData ===>> H2,-0.212116690925605,H1,259.132278353168,AX,63.4319779091444,L1,0.910058352451233,L2,0.308945690...
testing H1>-5.0
evaluate ot="H1.bs>-5.0" t="H1>-5.0", ctx="{'H1': None}"
check iteration duration=0.000556945800781
GetData ===>> H2,-0.177809294026498,H1,258.942781332953,AX,63.435099696713,L1,0.883338732336033,L2,0.2692832684...
check iteration duration=8.89301300049e-05
GetData ===>> H2,-0.139928116873622,H1,259.092869628341,AX,63.5991545031506,L1,0.936590081094524,L2,0.274348554...
check iteration duration=8.10623168945e-05
GetData ===>> H2,-0.234701903133708,H1,258.877335851869,AX,63.3598595017825,L1,0.935140304616413,L2,0.328086742...
check iteration duration=6.60419464111e-05
GetData ===>> H2,-0.082889082235144,H1,258.806397508932,AX,63.5599544420845,L1,0.877399863448706,L2,0.228258258...
check iteration duration=8.39233398438e-05
GetData ===>> H2,-0.113368837830294,H1,258.790368972861,AX,63.4893508896649,L1,0.916566555781451,L2,0.373083843...
testing H1>-5.0
evaluate ot="H1.bs>-5.0" t="H1>-5.0", ctx="{'H1': None}"
check iteration duration=0.00116991996765
GetData ===>> H2,-0.138374973403033,H1,258.927297059044,AX,63.4481720411311,L1,0.869558497033446,L2,0.379148250...
check iteration duration=8.70227813721e-05
GetData ===>> H2,-0.23283825438916,H1,258.82417791144,AX,63.5370529387755,L1,0.884234298861794,L2,0.37742368154...
check iteration duration=8.60691070557e-05
GetData ===>> H2,-0.207336910252967,H1,258.68045613404,AX,63.4122339675324,L1,0.914562703738525,L2,0.2923758459...
check iteration duration=8.39233398438e-05
GetData ===>> H2,-0.145933225807488,H1,258.612201286691,AX,63.2879570096377,L1,0.903792761098818,L2,0.242595284...
check iteration duration=6.38961791992e-05
GetData ===>> H2,-0.0969574768837161,H1,258.630274812469,AX,63.232460872948,L1,0.895768072009419,L2,0.333703090...
testing H1>-5.0
evaluate ot="H1.bs>-5.0" t="H1>-5.0", ctx="{'H1': None}"
check iteration duration=0.000530004501343
GetData ===>> H2,-0.198201480139792,H1,258.492165882303,AX,63.3022383331685,L1,0.929902256651056,L2,0.377686362...
check iteration duration=8.29696655273e-05
GetData ===>> H2,-0.176958953762212,H1,258.386444229995,AX,63.1788777448849,L1,0.910811076343463,L2,0.395276186...
check iteration duration=4.88758087158e-05
GetData ===>> H2,-0.234345344307987,H1,258.396855703596,AX,63.2972112499351,L1,0.934567980244726,L2,0.288564730...
check iteration duration=7.79628753662e-05
GetData ===>> H2,-0.171266314159436,H1,258.121042756664,AX,63.0768974721969,L1,0.90214170415436,L2,0.4060372678...
check iteration duration=8.01086425781e-05
GetData ===>> H2,-0.171266314159436,H1,258.121042756664,AX,63.0768974721969,L1,0.90214170415436,L2,0.4060372678...
testing H1>-5.0
evaluate ot="H1.bs>-5.0" t="H1>-5.0", ctx="{'H1': None}"
check iteration duration=0.000684022903442
04:16:50 -- collecting point 50
GetData ===>> H2,-0.21788699567296,H1,257.81844217836,AX,63.1774647298029,L1,0.850602788617901,L2,0.22160414195...
check iteration duration=4.50611114502e-05
GetData ===>> H2,-0.163373490407124,H1,257.707953301876,AX,62.8916298035996,L1,0.865967061426295,L2,0.400382408...
check iteration duration=9.3936920166e-05
GetData ===>> H2,-0.123178999075689,H1,257.744825969105,AX,62.9546129663951,L1,0.930698389950463,L2,0.370765537...
check iteration duration=8.32080841064e-05
GetData ===>> H2,-0.1446632833722,H1,257.781845891349,AX,63.0067774131778,L1,0.929303312737786,L2,0.28539272048...
check iteration duration=8.79764556885e-05
GetData ===>> H2,-0.1446632833722,H1,257.781845891349,AX,63.0067774131778,L1,0.929303312737786,L2,0.28539272048...
testing H1>-5.0
evaluate ot="H1.bs>-5.0" t="H1>-5.0", ctx="{'H1': None}"
check iteration duration=0.000587940216064
GetData ===>> H2,-0.140164651831691,H1,257.503298485306,AX,63.1316136206267,L1,0.889319807506186,L2,0.261309407...
check iteration duration=3.91006469727e-05
GetData ===>> H2,-0.185915363946884,H1,257.453822187069,AX,63.1797685667,L1,0.902969080716375,L2,0.350531272380...
check iteration duration=8.51154327393e-05
GetData ===>> H2,-0.141047221593017,H1,257.424834155688,AX,63.1625150029481,L1,0.91417150803994,L2,0.2990399566...
check iteration duration=5.10215759277e-05
GetData ===>> H2,-0.135968465210572,H1,257.014193016294,AX,62.9968466953106,L1,0.904782014996108,L2,0.412092335...
check iteration duration=8.48770141602e-05
GetData ===>> H2,-0.128013989590616,H1,257.050100896415,AX,62.9085583948976,L1,0.889055385634113,L2,0.362817483...
testing H1>-5.0
evaluate ot="H1.bs>-5.0" t="H1>-5.0", ctx="{'H1': None}"
check iteration duration=0.000625848770142
GetData ===>> H2,-0.0649675798186403,H1,257.186544239344,AX,62.9430977796878,L1,0.881210971877637,L2,0.36265761...
check iteration duration=3.88622283936e-05
GetData ===>> H2,-0.131090340408625,H1,256.936590892431,AX,62.8653588264037,L1,0.86728882730266,L2,0.3922605587...
check iteration duration=8.6784362793e-05
GetData ===>> H2,-0.260696578648944,H1,256.795121181311,AX,63.0045671099032,L1,0.845373915525205,L2,0.310589136...
check iteration duration=8.51154327393e-05
GetData ===>> H2,-0.300844727506455,H1,256.906651484604,AX,62.7879129300887,L1,0.887229677687444,L2,0.324616643...
check iteration duration=8.9168548584e-05
GetData ===>> H2,-0.132656653971997,H1,256.664467275486,AX,62.8079557532302,L1,0.904592682909243,L2,0.319103554...
testing H1>-5.0
evaluate ot="H1.bs>-5.0" t="H1>-5.0", ctx="{'H1': None}"
check iteration duration=0.000586032867432
GetData ===>> H2,-0.156396559779549,H1,256.592572304828,AX,62.8146427685762,L1,0.910537580436461,L2,0.306822946...
check iteration duration=8.39233398438e-05
GetData ===>> H2,-0.143737757013698,H1,256.415316318222,AX,62.6908436635237,L1,0.900915802148544,L2,0.338041144...
check iteration duration=7.9870223999e-05
GetData ===>> H2,-0.245582802176211,H1,256.350306172619,AX,62.6748207767526,L1,0.860651637672157,L2,0.303741628...
check iteration duration=7.9870223999e-05
GetData ===>> H2,-0.142706753323904,H1,256.456537678276,AX,62.7420536115296,L1,0.853789413915844,L2,0.299176895...
check iteration duration=3.50475311279e-05
GetData ===>> H2,-0.238225175554413,H1,256.371039922074,AX,62.6780405268357,L1,0.868863648092502,L2,0.263510993...
testing H1>-5.0
evaluate ot="H1.bs>-5.0" t="H1>-5.0", ctx="{'H1': None}"
check iteration duration=0.000586986541748
GetData ===>> H2,-0.282462563260979,H1,256.272421785571,AX,62.7631784744023,L1,0.899807850022408,L2,0.298731845...
check iteration duration=8.79764556885e-05
GetData ===>> H2,-0.143116193269598,H1,256.067176082391,AX,62.6284806332102,L1,0.876885394573105,L2,0.316991999...
check iteration duration=7.58171081543e-05
GetData ===>> H2,-0.106997109146712,H1,256.091073853537,AX,62.5594434697262,L1,0.872697783883453,L2,0.315245721...
check iteration duration=3.981590271e-05
GetData ===>> H2,-0.233233884956041,H1,255.921052277179,AX,62.571216855334,L1,0.880338201202023,L2,0.3253814244...
check iteration duration=4.00543212891e-05
GetData ===>> H2,-0.189346012641426,H1,255.790661345584,AX,62.5748196040267,L1,0.87757761767364,L2,0.3272420358...
testing H1>-5.0
evaluate ot="H1.bs>-5.0" t="H1>-5.0", ctx="{'H1': None}"
check iteration duration=0.000625133514404
04:17:17 -- collecting point 75
GetData ===>> H2,-0.166082881940735,H1,256.037412254586,AX,62.6054393753407,L1,0.928499751753848,L2,0.364301983...
check iteration duration=8.70227813721e-05
GetData ===>> H2,-0.132319874224386,H1,255.930049026949,AX,62.648866400745,L1,0.896061229492375,L2,0.3283492880...
check iteration duration=3.981590271e-05
GetData ===>> H2,-0.0941471735641982,H1,255.908984686765,AX,62.5948281936873,L1,0.865601602488672,L2,0.38106701...
check iteration duration=4.00543212891e-05
GetData ===>> H2,-0.225959604312923,H1,255.433596397844,AX,62.6153153076417,L1,0.847669746565522,L2,0.340586989...
check iteration duration=7.20024108887e-05
GetData ===>> H2,-0.230351116372252,H1,255.528545958984,AX,62.5004394805772,L1,0.889436355750719,L2,0.359060658...
testing H1>-5.0
evaluate ot="H1.bs>-5.0" t="H1>-5.0", ctx="{'H1': None}"
check iteration duration=0.000553131103516
GetData ===>> H2,-0.260757101391639,H1,255.259135124729,AX,62.541463542573,L1,0.886545588758058,L2,0.3613101683...
check iteration duration=8.48770141602e-05
GetData ===>> H2,-0.119205085469285,H1,255.310585907999,AX,62.4235444139889,L1,0.898594751207756,L2,0.277463154...
check iteration duration=8.79764556885e-05
GetData ===>> H2,-0.147762233383972,H1,255.056874686349,AX,62.2874315937984,L1,0.922969399617479,L2,0.349971807...
check iteration duration=9.01222229004e-05
GetData ===>> H2,-0.0844724859984756,H1,255.092190805893,AX,62.5127744400653,L1,0.909108742604586,L2,0.37674985...
check iteration duration=8.01086425781e-05
GetData ===>> H2,-0.0740659346198648,H1,255.203328670797,AX,62.2461930837549,L1,0.884531167819868,L2,0.37738941...
testing H1>-5.0
evaluate ot="H1.bs>-5.0" t="H1>-5.0", ctx="{'H1': None}"
check iteration duration=0.000590085983276
GetData ===>> H2,-0.164762691362674,H1,254.9755149611,AX,62.3929305886078,L1,0.888299752198694,L2,0.37519663496...
check iteration duration=8.39233398438e-05
GetData ===>> H2,-0.156500583508248,H1,254.962224538633,AX,62.4881057041998,L1,0.878748116699743,L2,0.349503686...
check iteration duration=4.19616699219e-05
GetData ===>> H2,-0.186081256497093,H1,254.704287904272,AX,62.458310343516,L1,0.886591945026809,L2,0.3047458992...
check iteration duration=6.79492950439e-05
GetData ===>> H2,-0.264413417651724,H1,254.791359859956,AX,62.3155092372304,L1,0.89133890652011,L2,0.3446970155...
check iteration duration=8.10623168945e-05
GetData ===>> H2,-0.153938890369289,H1,254.83314562938,AX,62.4087115800916,L1,0.909919104431556,L2,0.3922605587...
testing H1>-5.0
evaluate ot="H1.bs>-5.0" t="H1>-5.0", ctx="{'H1': None}"
check iteration duration=0.000578880310059
GetData ===>> H2,-0.0853284345402965,H1,254.702634618608,AX,62.2923455039304,L1,0.908886719371054,L2,0.30240642...
check iteration duration=9.20295715332e-05
GetData ===>> H2,-0.264011401874694,H1,254.546551192503,AX,62.1405702625024,L1,0.882922914795938,L2,0.344742683...
check iteration duration=8.20159912109e-05
GetData ===>> H2,-0.223307984905966,H1,254.408892023118,AX,62.3559371215179,L1,0.90078419539333,L2,0.2859974481...
check iteration duration=7.60555267334e-05
GetData ===>> H2,-0.242769072535654,H1,254.477143646759,AX,62.374179773958,L1,0.879471763124975,L2,0.3313629052...
check iteration duration=3.69548797607e-05
GetData ===>> H2,-0.277230073031305,H1,254.200166276519,AX,62.3541911092066,L1,0.862976178912517,L2,0.350063148...
testing H1>-5.0
evaluate ot="H1.bs>-5.0" t="H1>-5.0", ctx="{'H1': None}"
check iteration duration=0.000582218170166
GetData ===>> H2,-0.197517744894849,H1,254.001416733733,AX,62.2150329733609,L1,0.883545394762476,L2,0.261674433...
check iteration duration=4.29153442383e-05
GetData ===>> H2,-0.153667284528227,H1,253.769672595108,AX,62.1573875607906,L1,0.895378460820989,L2,0.292900741...
check iteration duration=8.60691070557e-05
GetData ===>> H2,-0.194491384413168,H1,254.259960489827,AX,62.2226576974376,L1,0.880702577277158,L2,0.205501495...
check iteration duration=3.79085540771e-05
GetData ===>> H2,-0.203067348627803,H1,254.236615043153,AX,62.1569284606232,L1,0.863969708166419,L2,0.335289881...
check iteration duration=9.17911529541e-05
GetData ===>> H2,-0.125274955353665,H1,254.385405632323,AX,62.2663544290942,L1,0.876174442544099,L2,0.359643014...
testing H1>-5.0
evaluate ot="H1.bs>-5.0" t="H1>-5.0", ctx="{'H1': None}"
check iteration duration=0.00153994560242
04:17:43 -- collecting point 100
GetData ===>> H2,-0.224868866172994,H1,254.075857202523,AX,62.1732428269713,L1,0.804130241272293,L2,0.233668635...
check iteration duration=7.79628753662e-05
GetData ===>> H2,-0.130365840904918,H1,253.713180402656,AX,62.1210472084829,L1,0.848318822554686,L2,0.290812585...
check iteration duration=8.10623168945e-05
GetData ===>> H2,-0.188503280588572,H1,253.88400864066,AX,62.0191185038901,L1,0.900533520413957,L2,0.1981301031...
check iteration duration=6.91413879395e-05
GetData ===>> H2,-0.159905820191693,H1,253.633468621313,AX,62.0550430353157,L1,0.917346631357783,L2,0.351410437...
check iteration duration=3.81469726562e-05
GetData ===>> H2,-0.169328708727116,H1,253.455866318352,AX,62.0211990372011,L1,0.89754593452164,L2,0.2798704784...
testing H1>-5.0
evaluate ot="H1.bs>-5.0" t="H1>-5.0", ctx="{'H1': None}"
check iteration duration=0.000699996948242
GetData ===>> H2,-0.175410630617548,H1,253.412616208142,AX,62.0752959442771,L1,0.876488607315821,L2,0.352917597...
check iteration duration=8.48770141602e-05
GetData ===>> H2,-0.0307809251107684,H1,253.334957403617,AX,62.0848089067013,L1,0.900069787447646,L2,0.42270676...
check iteration duration=4.00543212891e-05
GetData ===>> H2,-0.137611165149318,H1,253.208272174618,AX,61.9432326894442,L1,0.858162522010132,L2,0.362029565...
check iteration duration=8.10623168945e-05
GetData ===>> H2,-0.180752597959764,H1,253.166825640688,AX,61.6086765710607,L1,0.845891559056403,L2,0.354675979...
check iteration duration=8.89301300049e-05
GetData ===>> H2,-0.187760275965673,H1,253.056304868257,AX,61.7918430771136,L1,0.849589576942574,L2,0.358569656...
testing H1>-5.0
evaluate ot="H1.bs>-5.0" t="H1>-5.0", ctx="{'H1': None}"
check iteration duration=0.00056791305542
GetData ===>> H2,-0.191610965423144,H1,252.879659892302,AX,61.8227772846609,L1,0.864879483004003,L2,0.303136789...
check iteration duration=9.51290130615e-05
GetData ===>> H2,-0.188028626274538,H1,252.82569469362,AX,61.8482302389073,L1,0.860226319832222,L2,0.2607048358...
check iteration duration=8.51154327393e-05
GetData ===>> H2,-0.170919566505469,H1,252.942685055166,AX,61.8900231623333,L1,0.855140103082566,L2,0.209689520...
check iteration duration=4.10079956055e-05
GetData ===>> H2,-0.14819850402011,H1,253.10222482453,AX,61.7218712710636,L1,0.871734735760771,L2,0.35605758879...
check iteration duration=5.50746917725e-05
GetData ===>> H2,-0.135284274744414,H1,252.67256172072,AX,61.7513831057766,L1,0.877338526420955,L2,0.3045062428...
testing H1>-5.0
evaluate ot="H1.bs>-5.0" t="H1>-5.0", ctx="{'H1': None}"
check iteration duration=0.000578165054321
GetData ===>> H2,-0.114903629984101,H1,252.552698022985,AX,61.7818185713002,L1,0.927810495935301,L2,0.330541000...
check iteration duration=8.98838043213e-05
GetData ===>> H2,-0.191244289533777,H1,252.527389315758,AX,61.7969626011212,L1,0.90548545742389,L2,0.2446729620...
check iteration duration=7.60555267334e-05
GetData ===>> H2,-0.17628538496426,H1,252.391763731079,AX,61.8298852590334,L1,0.870178265948348,L2,0.2882680634...
check iteration duration=0.000123977661133
GetData ===>> H2,-0.192302494603641,H1,252.31317148471,AX,61.7529566500318,L1,0.835948268727095,L2,0.3655010199...
check iteration duration=4.19616699219e-05
GetData ===>> H2,-0.187412355038805,H1,252.547544314794,AX,61.8091127373681,L1,0.863370325996035,L2,0.369737734...
testing H1>-5.0
evaluate ot="H1.bs>-5.0" t="H1>-5.0", ctx="{'H1': None}"
check iteration duration=0.000586032867432
GetData ===>> H2,-0.176971101929856,H1,252.329513403243,AX,61.6259340242081,L1,0.856419241632169,L2,0.333600348...
check iteration duration=1.71661376953e-05
waiting for write to finish
measurement finished
estimated time: 125.829 actual time: :126.485
flush and close file /Users/jan/PychronDev/data/isotopes/98/702217-f4a1-4604-8ff6-d1583277b817.h5
baselines () {'settling_time': 15.0, 'detector': 'H1', 'mass': 34.2, 'ncounts': 60}
%%%%%%%%%%%%%%%%%%%%%%%%%%%%%%%% Baseline
build tables- baseline [Detector(H2), Detector(H1), Detector(AX), Detector(L1), Detector(L2), Detector(CDD)]
add group baseline table H2
add group baseline table H1
add group baseline table AX
add group baseline table L1
add group baseline table L2
add group baseline table CDD
flush and close file /Users/jan/PychronDev/data/isotopes/98/702217-f4a1-4604-8ff6-d1583277b817.h5
detector Detector(H1)
POSITION 34.2 H1
Mapping mass to dac mass func: "parabolic"
H1 map mass coeffs = [-0.00063987  0.15840543  0.57286999]
H1 map mass to dac 34.2 >> 5.24191599104
GetDeflection H1 ===>> 0
GetHighVoltage ===>> 4499.94659342336
positioning 34.2 (5.24188512189) on H1
setting magnet DAC
current  : 5.881225
requested: 5.241885
Delta Dac: 0.639340
Checking detector protection. dv=0.63934
Checking detector "CDD". Protection Threshold: 0.1 (V)
ProtectDetector CDD,On ===>> OK
GetDeflection CDD ===>> 2000
Protected = 2000
SetMagnetDAC 5.24188512189 ===>> OK
Magnet settling time: 0.500
GetMagnetMoving ===>> True
GetMagnetMoving ===>> True
GetMagnetMoving ===>> True
GetMagnetMoving ===>> True
GetMagnetMoving ===>> True
GetMagnetMoving ===>> True
GetMagnetMoving ===>> True
GetMagnetMoving ===>> True
GetMagnetMoving ===>> False
ProtectDetector CDD,Off ===>> OK
GetDeflection CDD ===>> 50
Delaying 15.0s for detectors to settle
Join finished
measuring baseline. ncounts=60
"baseline" increment series count="2" fit count="1" regressing="True"
starting measurement
check iteration duration=3.2901763916e-05
GetData ===>> H2,-0.127490839156555,H1,-0.0734914570996501,AX,-0.0730686772745685,L1,0.00399252669317771,L2,0.0...
check iteration duration=9.01222229004e-05
GetData ===>> H2,-0.285146843115713,H1,-0.0361754412093294,AX,-0.0662754848901289,L1,0.0297410557340176,L2,-0.1...
check iteration duration=3.2901763916e-05
GetData ===>> H2,-0.385385968684271,H1,-0.00205428117052693,AX,-0.0368251057663223,L1,-0.0204877040044417,L2,-0...
check iteration duration=7.9870223999e-05
GetData ===>> H2,-0.266209540564576,H1,-0.0607841144738995,AX,-0.0589485069089606,L1,-0.0631405332571436,L2,-0....
testing H1>-5.0
evaluate ot="H1.bs>-5.0" t="H1>-5.0", ctx="{'H1': None}"
check iteration duration=0.000569105148315
GetData ===>> H2,-0.206173991787445,H1,-0.00537030435598924,AX,-0.0487570616758886,L1,-0.0712532330136636,L2,-0...
check iteration duration=9.20295715332e-05
GetData ===>> H2,-0.142739184749718,H1,-0.0691287052354326,AX,-0.0939553523553736,L1,-0.0266816858009971,L2,-0....
check iteration duration=6.103515625e-05
GetData ===>> H2,-0.149613904315738,H1,-0.0108570079337287,AX,-0.0873838353589432,L1,-0.0243438099433484,L2,0.0...
check iteration duration=8.70227813721e-05
GetData ===>> H2,-0.142298649956704,H1,-0.0386318112649551,AX,-0.0829446229626055,L1,-0.0187827308868341,L2,0.0...
check iteration duration=9.17911529541e-05
GetData ===>> H2,-0.193057332020603,H1,0.0020610802188294,AX,-0.0107297256154954,L1,-0.034958799575008,L2,-0.06...
testing H1>-5.0
evaluate ot="H1.bs>-5.0" t="H1>-5.0", ctx="{'H1': None}"
check iteration duration=0.000578880310059
GetData ===>> H2,-0.189674998205669,H1,-0.0414816019472351,AX,-0.0865493252496365,L1,-0.0241232954002791,L2,-0....
check iteration duration=8.29696655273e-05
GetData ===>> H2,-0.177290998987768,H1,-0.08206144585563,AX,-0.0662870777725853,L1,-0.0224692822119215,L2,-0.07...
check iteration duration=8.58306884766e-05
GetData ===>> H2,-0.0992634380301366,H1,-0.0926567037031976,AX,-0.0278026945631441,L1,-0.0299856597746421,L2,-0...
check iteration duration=0.000103950500488
GetData ===>> H2,-0.242759651890018,H1,-0.045929021077362,AX,-0.12341161938509,L1,-0.034047652349478,L2,-0.0212...
check iteration duration=3.91006469727e-05
GetData ===>> H2,-0.218388249880841,H1,-0.0299150021819237,AX,-0.0343086561615783,L1,-0.0506221646150746,L2,0.0...
testing H1>-5.0
evaluate ot="H1.bs>-5.0" t="H1>-5.0", ctx="{'H1': None}"
check iteration duration=0.000566959381104
GetData ===>> H2,-0.10030049407165,H1,-0.0588766817364082,AX,-0.103272933045817,L1,-0.0210871336311794,L2,-0.00...
check iteration duration=8.98838043213e-05
GetData ===>> H2,-0.114199870973015,H1,-0.0213882505878836,AX,-0.123573824329116,L1,-0.00834844871027355,L2,-0....
check iteration duration=3.88622283936e-05
GetData ===>> H2,-0.187357064294326,H1,-0.0431151273807771,AX,-0.141481266865855,L1,0.0111224580955556,L2,-0.02...
check iteration duration=7.39097595215e-05
GetData ===>> H2,-0.173909351487986,H1,0.0101014338260931,AX,-0.0223053398942352,L1,-0.0212309914269004,L2,0.02...
check iteration duration=7.10487365723e-05
GetData ===>> H2,-0.235180885199117,H1,0.0171283250568034,AX,-0.0473888455596506,L1,-0.0389856371948035,L2,-0.0...
testing H1>-5.0
evaluate ot="H1.bs>-5.0" t="H1>-5.0", ctx="{'H1': None}"
check iteration duration=0.000576019287109
GetData ===>> H2,-0.26358382422308,H1,-0.141176698463208,AX,-0.0258195074794648,L1,-0.0286883984173974,L2,-0.03...
check iteration duration=8.10623168945e-05
GetData ===>> H2,-0.248160429606963,H1,-0.0458097898988317,AX,-0.0151606343878571,L1,-0.0232447845798545,L2,-0....
check iteration duration=9.20295715332e-05
GetData ===>> H2,-0.251284811900502,H1,-0.115738324324099,AX,-0.0471105619615382,L1,-0.0285015214952555,L2,-0.0...
check iteration duration=7.89165496826e-05
GetData ===>> H2,-0.227987289487647,H1,-0.0192176887365168,AX,-0.0807655098679557,L1,-0.0400480890964093,L2,0.0...
check iteration duration=8.60691070557e-05
GetData ===>> H2,-0.167041206137427,H1,0.0122846086746843,AX,-0.031502216262621,L1,-0.0395582013282191,L2,0.025...
testing H1>-5.0
evaluate ot="H1.bs>-5.0" t="H1>-5.0", ctx="{'H1': None}"
check iteration duration=0.000586986541748
04:18:49 -- collecting point 25
GetData ===>> H2,-0.19319481484402,H1,-0.0148048629273532,AX,-0.104292713569752,L1,-0.00879932476219492,L2,-0.0...
check iteration duration=7.00950622559e-05
GetData ===>> H2,-0.309182939961986,H1,-0.00323517971947391,AX,-0.0618005291061444,L1,-0.0642959621034987,L2,0....
check iteration duration=7.5101852417e-05
GetData ===>> H2,-0.247650601144094,H1,-0.0265997920698478,AX,-0.152785683141234,L1,-0.0437316634368014,L2,0.01...
check iteration duration=9.3936920166e-05
GetData ===>> H2,-0.219994269569108,H1,-0.00452341679337813,AX,-0.0825273497648991,L1,-0.0044755990984572,L2,-0...
check iteration duration=3.81469726562e-05
GetData ===>> H2,-0.14062148824478,H1,-0.0171544187235416,AX,-0.0501020689384885,L1,-0.011222437577149,L2,0.025...
testing H1>-5.0
evaluate ot="H1.bs>-5.0" t="H1>-5.0", ctx="{'H1': None}"
check iteration duration=0.000524997711182
GetData ===>> H2,-0.175885814200943,H1,-0.0533449211892244,AX,-0.141040657886837,L1,-0.00688056337300581,L2,-0....
check iteration duration=3.91006469727e-05
GetData ===>> H2,-0.187672622476327,H1,-0.0559200891403709,AX,-0.111801677369541,L1,-0.0373336427997155,L2,-0.0...
check iteration duration=8.32080841064e-05
GetData ===>> H2,-0.111752615533371,H1,-0.0731815411122881,AX,-0.147255379021149,L1,0.0133672863389975,L2,-0.03...
check iteration duration=9.20295715332e-05
GetData ===>> H2,-0.126182181561662,H1,-0.0313340693503637,AX,-0.0494179727400186,L1,-0.0194973680142711,L2,0.0...
check iteration duration=5.69820404053e-05
GetData ===>> H2,-0.111763445258903,H1,-0.0702253711424515,AX,-0.122554245901875,L1,0.0116578102206898,L2,0.009...
testing H1>-5.0
evaluate ot="H1.bs>-5.0" t="H1>-5.0", ctx="{'H1': None}"
check iteration duration=0.000586032867432
GetData ===>> H2,-0.162849626972682,H1,-0.0424712592255403,AX,-0.163115031668943,L1,-0.000142814947432973,L2,0....
check iteration duration=8.98838043213e-05
GetData ===>> H2,-0.173150978599014,H1,0.0162931848221028,AX,0.00245980132684334,L1,-0.0135287086464155,L2,0.07...
check iteration duration=8.51154327393e-05
GetData ===>> H2,-0.246797696777986,H1,-0.0215194368836212,AX,-0.03514361439552,L1,-0.0418696871676191,L2,-0.02...
check iteration duration=9.79900360107e-05
GetData ===>> H2,-0.191497728548753,H1,0.0007847036590515,AX,-0.17569193789908,L1,-0.0397738027990186,L2,-0.169...
check iteration duration=8.51154327393e-05
GetData ===>> H2,-0.13327067645961,H1,-0.0223423288168377,AX,-0.0110777100426996,L1,-0.0639730295434464,L2,0.07...
testing H1>-5.0
evaluate ot="H1.bs>-5.0" t="H1>-5.0", ctx="{'H1': None}"
check iteration duration=0.000591993331909
GetData ===>> H2,-0.124539386390631,H1,-0.088664246709169,AX,-0.0915330987989112,L1,-0.0631632603655074,L2,-0.0...
check iteration duration=8.70227813721e-05
GetData ===>> H2,-0.198866295499354,H1,-0.00798248987152734,AX,-0.0907102142503556,L1,-0.0636524788024334,L2,-0...
check iteration duration=8.58306884766e-05
GetData ===>> H2,-0.138281696921737,H1,-0.0431628211534417,AX,-0.0573021796214078,L1,-0.0156693903990985,L2,-0....
check iteration duration=9.60826873779e-05
GetData ===>> H2,-0.185033260288461,H1,-0.0230459556837868,AX,-0.157214337276023,L1,-0.013943397796547,L2,-0.03...
check iteration duration=8.10623168945e-05
GetData ===>> H2,-0.135891394433687,H1,-0.0710121023240749,AX,0.0103372489705726,L1,0.0116266005716403,L2,-0.06...
testing H1>-5.0
evaluate ot="H1.bs>-5.0" t="H1>-5.0", ctx="{'H1': None}"
check iteration duration=0.000617027282715
GetData ===>> H2,-0.0894703722674028,H1,-0.0224854397667283,AX,-0.00889698710162157,L1,-0.00165608159205702,L2,...
check iteration duration=8.39233398438e-05
GetData ===>> H2,-0.179498987067343,H1,-0.0564446522654414,AX,-0.00936097479783939,L1,-0.00409411057811864,L2,-...
check iteration duration=3.88622283936e-05
GetData ===>> H2,-0.324373289929783,H1,-0.0894627508528643,AX,-0.2224266813179,L1,0.00512118768896676,L2,-0.010...
check iteration duration=4.19616699219e-05
GetData ===>> H2,-0.327949677985783,H1,-0.0746595933476922,AX,-0.0331141895676371,L1,-0.0237673459649226,L2,0.1...
check iteration duration=8.60691070557e-05
GetData ===>> H2,-0.157409737281355,H1,-0.06674460745113,AX,-0.219344942726459,L1,-0.0416409576080634,L2,-0.045...
testing H1>-5.0
evaluate ot="H1.bs>-5.0" t="H1>-5.0", ctx="{'H1': None}"
check iteration duration=0.000554800033569
04:19:15 -- collecting point 50
GetData ===>> H2,-0.157878470095819,H1,-0.0882351970746818,AX,-0.138246222893154,L1,-0.026800302636616,L2,-0.03...
check iteration duration=8.48770141602e-05
GetData ===>> H2,-0.188670483617434,H1,-0.033742859992114,AX,-0.0450813866688161,L1,-0.0573925116731558,L2,-0.0...
check iteration duration=8.39233398438e-05
GetData ===>> H2,-0.262500017074814,H1,-0.00355724054223998,AX,-0.0826084863601886,L1,-0.0817075156247631,L2,-0...
check iteration duration=8.20159912109e-05
GetData ===>> H2,-0.290257030026715,H1,-0.045595173419488,AX,-0.179227088741465,L1,-0.0460493717388354,L2,0.030...
check iteration duration=8.70227813721e-05
GetData ===>> H2,-0.223503275206878,H1,-0.0864355521758452,AX,-0.0164597107630804,L1,-0.0297628733282277,L2,-0....
testing H1>-5.0
evaluate ot="H1.bs>-5.0" t="H1>-5.0", ctx="{'H1': None}"
check iteration duration=0.000574827194214
GetData ===>> H2,-0.205633591530088,H1,0.0540126791781727,AX,-0.0540326301721865,L1,-0.00649676720355397,L2,-0....
check iteration duration=8.29696655273e-05
GetData ===>> H2,-0.188802626199278,H1,0.0239648063476984,AX,-0.14472779780972,L1,-0.04681543873314,L2,-0.03063...
check iteration duration=8.60691070557e-05
GetData ===>> H2,-0.278250694129293,H1,-0.0448797818308975,AX,0.0228682288000497,L1,-0.0423953861601753,L2,0.02...
check iteration duration=6.98566436768e-05
GetData ===>> H2,-0.215715012031064,H1,-0.0546325134481716,AX,-0.0739264869564848,L1,-0.0638438536104877,L2,-0....
check iteration duration=6.79492950439e-05
GetData ===>> H2,-0.214523329668575,H1,0.0186077334318526,AX,-0.0604209027897737,L1,-0.03860710408377,L2,-0.029...
testing H1>-5.0
evaluate ot="H1.bs>-5.0" t="H1>-5.0", ctx="{'H1': None}"
check iteration duration=0.00142884254456
GetData ===>> H2,-0.217764373652315,H1,0.0262795323333844,AX,-0.128161795013442,L1,-0.0164778002059266,L2,0.014...
check iteration duration=4.60147857666e-05
waiting for write to finish
measurement finished
estimated time: 62.915 actual time: :63.252
flush and close file /Users/jan/PychronDev/data/isotopes/98/702217-f4a1-4604-8ff6-d1583277b817.h5
activate_detectors ('H1', 'AX', 'CDD') {'peak_center': True}
peak_center () {'detector': 'H1', 'integration_time': 0.262144, 'isotope': 'Ar40'}
peak center: mean=252.620524657 threshold=3
peak center started
setup peak center. detector=['H1', 'AX', 'CDD'], isotope=Ar40
VersionedUnpickler [<apptools.sweet_pickle.versioned_unpickler.VersionedUnpickler object at 0x171791350>] using Updater [<apptools.sweet_pickle.updater.Updater object at 0x12e273d10>]
VersionedUnpickler [<apptools.sweet_pickle.versioned_unpickler.VersionedUnpickler object at 0x171791350>] using Updater [<apptools.sweet_pickle.updater.Updater object at 0x12e273d10>]
VersionedUnpickler [<apptools.sweet_pickle.versioned_unpickler.VersionedUnpickler object at 0x1827ef4d0>] using Updater [<apptools.sweet_pickle.updater.Updater object at 0x12e273d10>]
setting integration time = 0.524288
SetIntegrationTime 0.524288 ===>> OK
Mapping mass to dac mass func: "parabolic"
H1 map mass coeffs = [-0.00063987  0.15840543  0.57286999]
H1 map mass to dac 39.9624 >> 5.88126
GetDeflection H1 ===>> 0
GetHighVoltage ===>> 4499.94659342336
do peak center. <pychron.spectrometer.jobs.peak_center.PeakCenter object at 0x12e273ef0>
doing pc
starting peak center. center dac= 5.88122536581 step_width=0.001
width = 0.001
get scan parameters. half-width=0.015,window=0.015, i=0, scalar=1
Scan parameters center=5.88123 width=0.03000 (5.86623 - 5.89623)
GetData ===>> H2,-0.230714531083896,H1,0.0502412836612677,AX,-0.12723494969042,L1,-0.0507573660098753,L2,0.0059...
Moving to starting dac 5.86622536581
setting magnet DAC
current  : 5.241885
requested: 5.866225
Delta Dac: 0.624340
Checking detector protection. dv=0.62434
Checking detector "CDD". Protection Threshold: 0.1 (V)
ProtectDetector CDD,On ===>> OK
GetDeflection CDD ===>> 2000
Protected = 2000
SetMagnetDAC 5.86622536581 ===>> OK
Magnet settling time: 0.500
GetMagnetMoving ===>> True
GetMagnetMoving ===>> True
GetMagnetMoving ===>> True
GetMagnetMoving ===>> True
GetMagnetMoving ===>> True
GetMagnetMoving ===>> True
GetMagnetMoving ===>> True
GetMagnetMoving ===>> True
GetMagnetMoving ===>> False
ProtectDetector CDD,Off ===>> OK
GetDeflection CDD ===>> 50
Wait until signal near baseline. tol= 0.037680962746. timeout= 10
GetData ===>> H2,0.789507210675871,H1,0.305241761172659,AX,0.0113814356827615,L1,-0.00445520542377744,L2,0.2035...
GetData ===>> H2,11.3956495644079,H1,5.94093266864635,AX,0.554681654861261,L1,-0.00988566123033038,L2,0.1366934...
GetData ===>> H2,14.8053648368813,H1,9.52477079525369,AX,1.61598869979661,L1,-0.040615802017345,L2,-0.093212333...
GetData ===>> H2,8.24112078461897,H1,4.68189182531249,AX,0.698165730282524,L1,-0.0185146324757373,L2,-0.0596026...
GetData ===>> H2,3.42130616195675,H1,2.35064570766548,AX,0.300925601837327,L1,-0.00803186409478599,L2,-0.049474...
GetData ===>> H2,1.12159605202755,H1,1.24884177626277,AX,0.146411483579356,L1,0.0222942249802376,L2,-0.13220172...
GetData ===>> H2,0.338858718043372,H1,0.780974023590475,AX,-0.122994519715518,L1,0.0342146796593345,L2,-0.07494...
GetData ===>> H2,0.0576675155049981,H1,0.542141220144177,AX,0.00669428525792777,L1,0.0443757190910656,L2,-0.068...
GetData ===>> H2,-0.0524756459544981,H1,0.47847985099525,AX,-0.073485991037407,L1,0.0263117801128351,L2,0.21348...
GetData ===>> H2,-0.186439951274175,H1,0.224520854176169,AX,-0.0646292815604667,L1,-0.00032043454863192,L2,-0.0...
GetData ===>> H2,-0.181383432518774,H1,0.265672992752886,AX,-0.0754797987567709,L1,-0.00954034844155562,L2,-0.0...
GetData ===>> H2,-0.136709353472039,H1,0.332378199395112,AX,-0.0300061883728596,L1,-0.012069969709173,L2,0.0165...
GetData ===>> H2,-0.102859839049654,H1,0.324685610959974,AX,-0.00351456818397176,L1,-0.0189770322887249,L2,-0.0...
GetData ===>> H2,-0.0601568576951501,H1,0.198367953405465,AX,0.0972560435461642,L1,-0.0256902161135773,L2,0.106...
GetData ===>> H2,-0.0731128799411324,H1,0.313243380334982,AX,0.0137715052052302,L1,-0.0345082110016021,L2,-0.05...
GetData ===>> H2,-0.0032466981389325,H1,0.189874501555187,AX,0.0310374396941598,L1,-0.0503720970627554,L2,-0.00...
GetData ===>> H2,-0.0641932432728294,H1,0.220845673091153,AX,-0.041486743716616,L1,-0.0150231873367027,L2,0.021...
GetData ===>> H2,-0.0982884475489561,H1,0.204595351665904,AX,0.0449870235062208,L1,-0.00240123084635527,L2,0.02...
GetData ===>> H2,-0.0618772373172028,H1,0.204022701184781,AX,0.0189927349725219,L1,-0.0123384798530565,L2,-0.08...
GetData ===>> H2,-0.106429114448091,H1,0.272334353361825,AX,0.0195032702461034,L1,-0.00572433305580628,L2,0.086...
GetData ===>> H2,-0.154396957119796,H1,0.309947113595466,AX,-0.0758971021789208,L1,-0.0190369270828601,L2,0.053...
Peak center failed to move to a baseline position
_do_sweep sm= 5.86622536581, em= 5.89622536581, stm= 0.001
calculated step values: start=5.86622536581, end=5.89622536581, width=0.001, nsteps=31.0
setting magnet DAC
current  : 5.866225
requested: 5.866225
Delta Dac: 0.000000
Checking detector protection. dv=0.00000
Checking detector "CDD". Protection Threshold: 0.1 (V)
SetMagnetDAC 5.86622536581 ===>> OK
GetData ===>> H2,-0.154396957119796,H1,0.309947113595466,AX,-0.0758971021789208,L1,-0.0190369270828601,L2,0.053...
setting magnet DAC
current  : 5.866225
requested: 5.867260
Delta Dac: 0.001034
Checking detector protection. dv=0.00103
Checking detector "CDD". Protection Threshold: 0.1 (V)
SetMagnetDAC 5.86725984857 ===>> OK
Magnet settling time: 1.049
GetData ===>> H2,-0.283947191439402,H1,0.624088506453036,AX,0.0040027563319173,L1,0.0111960389624484,L2,-0.0267...
setting magnet DAC
current  : 5.867260
requested: 5.868294
Delta Dac: 0.001034
Checking detector protection. dv=0.00103
Checking detector "CDD". Protection Threshold: 0.1 (V)
SetMagnetDAC 5.86829433133 ===>> OK
Magnet settling time: 1.049
GetData ===>> H2,-0.365485389346903,H1,1.86747433290331,AX,0.27735083336156,L1,0.000973379922626213,L2,0.013391...
setting magnet DAC
current  : 5.868294
requested: 5.869329
Delta Dac: 0.001034
Checking detector protection. dv=0.00103
Checking detector "CDD". Protection Threshold: 0.1 (V)
SetMagnetDAC 5.86932881409 ===>> OK
Magnet settling time: 1.049
GetData ===>> H2,-0.284745182249701,H1,6.60652449828947,AX,1.06712780090269,L1,-0.0125110897340969,L2,-0.152296...
setting magnet DAC
current  : 5.869329
requested: 5.870363
Delta Dac: 0.001034
Checking detector protection. dv=0.00103
Checking detector "CDD". Protection Threshold: 0.1 (V)
SetMagnetDAC 5.87036329685 ===>> OK
Magnet settling time: 1.049
GetData ===>> H2,-0.151433699127501,H1,22.0224604538479,AX,3.52833950385916,L1,-0.0187182826805455,L2,-0.107066...
setting magnet DAC
current  : 5.870363
requested: 5.871398
Delta Dac: 0.001034
Checking detector protection. dv=0.00103
Checking detector "CDD". Protection Threshold: 0.1 (V)
SetMagnetDAC 5.8713977796 ===>> OK
Magnet settling time: 1.049
GetData ===>> H2,-0.192202598390444,H1,58.5615150839218,AX,9.86697844553687,L1,0.0694261604089397,L2,0.00307448...
setting magnet DAC
current  : 5.871398
requested: 5.872432
Delta Dac: 0.001034
Checking detector protection. dv=0.00103
Checking detector "CDD". Protection Threshold: 0.1 (V)
SetMagnetDAC 5.87243226236 ===>> OK
Magnet settling time: 1.049
GetData ===>> H2,-0.299552834119662,H1,116.101520617179,AX,21.8140712107968,L1,0.0987678069578067,L2,0.03710534...
setting magnet DAC
current  : 5.872432
requested: 5.873467
Delta Dac: 0.001034
Checking detector protection. dv=0.00103
Checking detector "CDD". Protection Threshold: 0.1 (V)
SetMagnetDAC 5.87346674512 ===>> OK
Magnet settling time: 1.049
GetData ===>> H2,-0.151093748382495,H1,174.977607063176,AX,36.2171476502349,L1,0.255939982513767,L2,-0.04173484...
setting magnet DAC
current  : 5.873467
requested: 5.874501
Delta Dac: 0.001034
Checking detector protection. dv=0.00103
Checking detector "CDD". Protection Threshold: 0.1 (V)
SetMagnetDAC 5.87450122788 ===>> OK
Magnet settling time: 1.049
GetData ===>> H2,-0.109391488829576,H1,215.308918015016,AX,48.0715784548918,L1,0.432255822805275,L2,0.159251406...
setting magnet DAC
current  : 5.874501
requested: 5.875536
Delta Dac: 0.001034
Checking detector protection. dv=0.00103
Checking detector "CDD". Protection Threshold: 0.1 (V)
SetMagnetDAC 5.87553571064 ===>> OK
Magnet settling time: 1.049
GetData ===>> H2,-0.160364996355295,H1,234.710786232987,AX,54.8952833730003,L1,0.617302913017238,L2,0.253463633...
setting magnet DAC
current  : 5.875536
requested: 5.876570
Delta Dac: 0.001034
Checking detector protection. dv=0.00103
Checking detector "CDD". Protection Threshold: 0.1 (V)
SetMagnetDAC 5.8765701934 ===>> OK
Magnet settling time: 1.049
GetData ===>> H2,-0.16095649587552,H1,242.134458235619,AX,58.4736313598151,L1,0.683028871481297,L2,0.3731392520...
setting magnet DAC
current  : 5.876570
requested: 5.877605
Delta Dac: 0.001034
Checking detector protection. dv=0.00103
Checking detector "CDD". Protection Threshold: 0.1 (V)
SetMagnetDAC 5.87760467616 ===>> OK
Magnet settling time: 1.049
GetData ===>> H2,-0.250586843693969,H1,243.000459410459,AX,58.7747798872707,L1,0.738264386547349,L2,0.206939325...
setting magnet DAC
current  : 5.877605
requested: 5.878639
Delta Dac: 0.001034
Checking detector protection. dv=0.00103
Checking detector "CDD". Protection Threshold: 0.1 (V)
SetMagnetDAC 5.87863915891 ===>> OK
Magnet settling time: 1.049
GetData ===>> H2,-0.26944235880634,H1,242.931585555178,AX,58.8666134168386,L1,0.760445543183438,L2,0.1819287275...
setting magnet DAC
current  : 5.878639
requested: 5.879674
Delta Dac: 0.001034
Checking detector protection. dv=0.00103
Checking detector "CDD". Protection Threshold: 0.1 (V)
SetMagnetDAC 5.87967364167 ===>> OK
Magnet settling time: 1.049
GetData ===>> H2,-0.219182968149798,H1,243.008911664902,AX,59.0233953516051,L1,0.786027934189294,L2,0.476633794...
setting magnet DAC
current  : 5.879674
requested: 5.880708
Delta Dac: 0.001034
Checking detector protection. dv=0.00103
Checking detector "CDD". Protection Threshold: 0.1 (V)
SetMagnetDAC 5.88070812443 ===>> OK
Magnet settling time: 1.049
GetData ===>> H2,-0.177770250288218,H1,242.99058124664,AX,58.9911625803584,L1,0.792645403394007,L2,0.3286524597...
setting magnet DAC
current  : 5.880708
requested: 5.881743
Delta Dac: 0.001034
Checking detector protection. dv=0.00103
Checking detector "CDD". Protection Threshold: 0.1 (V)
SetMagnetDAC 5.88174260719 ===>> OK
Magnet settling time: 1.049
GetData ===>> H2,-0.0822090584531168,H1,242.767568207642,AX,59.0564220454597,L1,0.786598971781349,L2,0.18770157...
setting magnet DAC
current  : 5.881743
requested: 5.882777
Delta Dac: 0.001034
Checking detector protection. dv=0.00103
Checking detector "CDD". Protection Threshold: 0.1 (V)
SetMagnetDAC 5.88277708995 ===>> OK
Magnet settling time: 1.049
GetData ===>> H2,-0.0681985686260634,H1,243.112445458489,AX,58.9269027401824,L1,0.817912480629066,L2,0.39381552...
setting magnet DAC
current  : 5.882777
requested: 5.883812
Delta Dac: 0.001034
Checking detector protection. dv=0.00103
Checking detector "CDD". Protection Threshold: 0.1 (V)
SetMagnetDAC 5.88381157271 ===>> OK
Magnet settling time: 1.049
GetData ===>> H2,-0.217887994096928,H1,242.896998251397,AX,58.9726785010996,L1,0.847729669246528,L2,0.344984697...
setting magnet DAC
current  : 5.883812
requested: 5.884846
Delta Dac: 0.001034
Checking detector protection. dv=0.00103
Checking detector "CDD". Protection Threshold: 0.1 (V)
SetMagnetDAC 5.88484605547 ===>> OK
Magnet settling time: 1.049
GetData ===>> H2,-0.156853176317639,H1,242.319986473792,AX,58.7412651428016,L1,0.868205148993237,L2,0.244239157...
setting magnet DAC
current  : 5.884846
requested: 5.885881
Delta Dac: 0.001034
Checking detector protection. dv=0.00103
Checking detector "CDD". Protection Threshold: 0.1 (V)
SetMagnetDAC 5.88588053823 ===>> OK
Magnet settling time: 1.049
GetData ===>> H2,-0.138370646015109,H1,240.33955606581,AX,57.7245113739648,L1,0.87685915079036,L2,0.30488900779...
setting magnet DAC
current  : 5.885881
requested: 5.886915
Delta Dac: 0.001034
Checking detector protection. dv=0.00103
Checking detector "CDD". Protection Threshold: 0.1 (V)
SetMagnetDAC 5.88691502098 ===>> OK
Magnet settling time: 1.049
GetData ===>> H2,-0.239152312787326,H1,234.204430429382,AX,54.8224453233617,L1,0.837941273061462,L2,0.180308740...
setting magnet DAC
current  : 5.886915
requested: 5.887950
Delta Dac: 0.001034
Checking detector protection. dv=0.00103
Checking detector "CDD". Protection Threshold: 0.1 (V)
SetMagnetDAC 5.88794950374 ===>> OK
Magnet settling time: 1.049
GetData ===>> H2,-0.218970290285502,H1,213.846508746304,AX,46.9177037707473,L1,0.702150017809821,L2,0.246727851...
setting magnet DAC
current  : 5.887950
requested: 5.888984
Delta Dac: 0.001034
Checking detector protection. dv=0.00103
Checking detector "CDD". Protection Threshold: 0.1 (V)
SetMagnetDAC 5.8889839865 ===>> OK
Magnet settling time: 1.049
GetData ===>> H2,-0.208730098911236,H1,169.461024175402,AX,33.2914479557501,L1,0.572634432261201,L2,0.261436750...
setting magnet DAC
current  : 5.888984
requested: 5.890018
Delta Dac: 0.001034
Checking detector protection. dv=0.00103
Checking detector "CDD". Protection Threshold: 0.1 (V)
SetMagnetDAC 5.89001846926 ===>> OK
Magnet settling time: 1.049
GetData ===>> H2,-0.162873930451239,H1,109.021624638405,AX,18.5592334896035,L1,0.434626773949922,L2,-0.09082340...
setting magnet DAC
current  : 5.890018
requested: 5.891053
Delta Dac: 0.001034
Checking detector protection. dv=0.00103
Checking detector "CDD". Protection Threshold: 0.1 (V)
SetMagnetDAC 5.89105295202 ===>> OK
Magnet settling time: 1.049
GetData ===>> H2,-0.271657478682227,H1,54.5230292211739,AX,7.96495342265587,L1,0.262134237898833,L2,-0.06602056...
setting magnet DAC
current  : 5.891053
requested: 5.892087
Delta Dac: 0.001034
Checking detector protection. dv=0.00103
Checking detector "CDD". Protection Threshold: 0.1 (V)
SetMagnetDAC 5.89208743478 ===>> OK
Magnet settling time: 1.049
GetData ===>> H2,-0.258766094743399,H1,20.9363189834211,AX,2.50165668008431,L1,0.156659467486209,L2,-0.05311598...
setting magnet DAC
current  : 5.892087
requested: 5.893122
Delta Dac: 0.001034
Checking detector protection. dv=0.00103
Checking detector "CDD". Protection Threshold: 0.1 (V)
SetMagnetDAC 5.89312191754 ===>> OK
Magnet settling time: 1.049
GetData ===>> H2,-0.100750194579759,H1,3.36605121530293,AX,0.149542505174182,L1,0.081685134947645,L2,0.05542415...
setting magnet DAC
current  : 5.893122
requested: 5.894156
Delta Dac: 0.001034
Checking detector protection. dv=0.00103
Checking detector "CDD". Protection Threshold: 0.1 (V)
SetMagnetDAC 5.89415640029 ===>> OK
Magnet settling time: 1.049
GetData ===>> H2,-0.0504555537523779,H1,0.843412454910708,AX,-0.0452669130243657,L1,0.0804245861455157,L2,0.097...
setting magnet DAC
current  : 5.894156
requested: 5.895191
Delta Dac: 0.001034
Checking detector protection. dv=0.00103
Checking detector "CDD". Protection Threshold: 0.1 (V)
SetMagnetDAC 5.89519088305 ===>> OK
Magnet settling time: 1.049
GetData ===>> H2,-0.0984129003074173,H1,0.192808955482282,AX,-0.136781033578694,L1,0.0587667559743878,L2,-0.071...
setting magnet DAC
current  : 5.895191
requested: 5.896225
Delta Dac: 0.001034
Checking detector protection. dv=0.00103
Checking detector "CDD". Protection Threshold: 0.1 (V)
SetMagnetDAC 5.89622536581 ===>> OK
Magnet settling time: 1.049
GetData ===>> H2,-0.169379986677735,H1,0.0639669812400491,AX,-0.0622642646519896,L1,0.0502641451298878,L2,-0.09...
result of _do_sweep=True
result of _calculate_peak_center=([5.8735900952702735, 5.8811652455708749, 5.8887403958714764], [179.78665115463363, 243.10622522751171, 179.91251603329738], 5.8827584319436204, 243.10622522751171)
Failed to find a valid peak. No peak greater than 1.0. max = 0.0181454914039
new center pos Detector(H1) (Ar40) @ 5.88116524557
GetHighVoltage ===>> 4499.94659342336
GetDeflection H1 ===>> 0
dac uncorrected for HV and deflection 5.88119987941
update mftable H1 Ar40 5.88119987941 message=automated run peakcenter
get initial guess parabolic
get initial guess parabolic
get initial guess parabolic
get initial guess parabolic
get initial guess parabolic
get initial guess parabolic
dump mftable to /Users/jan/PychronDev/setupfiles/spectrometer/mftables/mftable.csv
add to repo msg=modified - automated run peakcenter
sweep finished
locally archiving mftable
setting magnet DAC
current  : 5.896225
requested: 5.881165
Delta Dac: 0.015060
Checking detector protection. dv=0.01506
Checking detector "CDD". Protection Threshold: 0.1 (V)
SetMagnetDAC 5.88116524557 ===>> OK
Magnet settling time: 0.500
setting integration time = 1.048576
SetIntegrationTime 1.048576 ===>> OK
Failed to find a valid peak. No peak greater than 1.0. max = 0.0181454914039
flush and close file /Users/jan/PychronDev/data/isotopes/98/702217-f4a1-4604-8ff6-d1583277b817.h5
finished measure script
executed snippet estimated_duration=226.132928, duration=273.522674084
jan_unknown120_60.py completed successfully
Measurement Finished
04:20:13 -- ******* Measurement Finished *******
Post Measurement Started jan_pump_ms.py
04:20:13 -- ******* Post Measurement Started jan_pump_ms.py *******
testing...
no interpolation path defined
executed snippet estimated_duration=0, duration=2.59876251221e-05
Pumping spectrometer
open () {'name': 'O'}
opening name=O desc=---
checking ownership. requestor=129.138.12.150
check software interlocks O
interlocks []
actuate state mode=None-script, software_lock=False
doing actuation None-script open_channel True
Open O ===>> OK
GetIndicatorState O ===>> OK
change switch state (True, True)
update switch state O True args=() kw={} ncanvase=3
04:20:13 -- OPEN   VALVE-O (Jan Ion Pump)
---------------------------------------- open O () result=[(True, True)], time=0.09 sec
action=open, ok=True, locked=[False]
executed snippet estimated_duration=0, duration=0.34325504303
jan_pump_ms.py completed successfully
setting _ms_pumptime
Post Measurement Finished
04:20:14 -- ******* Post Measurement Finished *******
$$$$$$$$$$$$$$$$$$$$ state at run end measurement
state changed from measurement to success
post measurement save measured=True aborted=False
Set filtering
setting fod for Ar40= {'filter_outliers': True, 'std_devs': 2, 'iterations': 1}
setting fod for H1= {'filter_outliers': True, 'std_devs': 2, 'iterations': 1}
setting fod for PM41= {'filter_outliers': False, 'std_devs': 2, 'iterations': 1}
setting fod for H2= {'filter_outliers': True, 'std_devs': 2, 'iterations': 1}
setting fod for Ar36= {'filter_outliers': True, 'std_devs': 2, 'iterations': 1}
setting fod for CDD= {'filter_outliers': True, 'std_devs': 10, 'iterations': 1}
setting fod for Ar37= {'filter_outliers': True, 'std_devs': 2, 'iterations': 1}
setting fod for L2= {'filter_outliers': True, 'std_devs': 2, 'iterations': 1}
setting fod for Ar38= {'filter_outliers': True, 'std_devs': 2, 'iterations': 1}
setting fod for L1= {'filter_outliers': True, 'std_devs': 2, 'iterations': 1}
setting fod for Ar39= {'filter_outliers': True, 'std_devs': 2, 'iterations': 1}
setting fod for AX= {'filter_outliers': True, 'std_devs': 2, 'iterations': 1}
persistence save...
persistence save - db
post measurement save
6167810896 connecting to database sqlite:////Users/jan/PychronDev/.appdata/local_lab.db
connected to db sqlite:////Users/jan/PychronDev/.appdata/local_lab.db
create new session 6167810896
close session 6167810896
No database instance. Not saving post measurement to isotopedb database
$$$$$$$$$$$$$$$ auto_save_detector_ic=False
massspec enabled True
create new session 5025924496
MassSpec Database Version: 16.0
close session 5025924496
saving post measurement to secondary database
saving to massspec database 129.138.12.160/massspecdata
setting labnumber to 65590
setting aliquot to 20
setting step to 
setting uuid to 98702217-f4a1-4604-8ff6-d1583277b817
setting irradpos to 65590
setting extract_device to Fusions CO2
setting tray to 
setting position to 192
setting power_requested to 0.35
setting extract_value to 0.35
setting duration to 30.0
setting duration_at_request to 30.0
setting first_stage_delay to 30.0
setting cleanup to 30.0
setting comment to O:12
setting irradiation to NM-289
setting level to O
setting irradiation_level to O
setting sample to BW-2014-10
setting material to Sanidine
setting project to Bustos Wells
setting mass_spectrometer to Jan
no attribute chron_dosages
no attribute production_ratios
no attribute interference_corrections
no attribute production_name
no attribute j
Reference Isotope=Ar40
Reference Detector=H1
%%%%%%%%%%%%%%%%%%%% Comment: O:12 %%%%%%%%%%%%%%%%%%%
adding isotope PM41 H2
add baseline dbdet= PM41. original det= H2
get baseline data PM41 H2
Get data baseline <pychron.processing.isotope.Baseline object at 0x18f942250> len t=60
baseline PM41. v=-0.189352111993, e=0.00711142579707
get signal data PM41 H2
Get data signal PM41 0.06+/-0.06 len t=120
adding isotope Ar40 H1
add baseline dbdet= Ar40. original det= H1
get baseline data Ar40 H1
Get data baseline <pychron.processing.isotope.Baseline object at 0x18f9421d0> len t=60
baseline Ar40. v=-0.0348568191664, e=0.00434009723082
get signal data Ar40 H1
Get data signal Ar40 262.959+/-0.030 len t=120
adding isotope Ar39 AX
add baseline dbdet= Ar39. original det= AX
get baseline data Ar39 AX
Get data baseline <pychron.processing.isotope.Baseline object at 0x18f9426d0> len t=60
baseline Ar39. v=-0.0737861063366, e=0.00666866065026
get signal data Ar39 AX
Get data signal Ar39 64.614+/-0.019 len t=120
adding isotope Ar38 L1
add baseline dbdet= Ar38. original det= L1
get baseline data Ar38 L1
Get data baseline <pychron.processing.isotope.Baseline object at 0x18f942890> len t=60
baseline Ar38. v=-0.0270940504113, e=0.00287508715695
get signal data Ar38 L1
Get data signal Ar38 0.960+/-0.005 len t=120
adding isotope Ar37 L2
add baseline dbdet= Ar37. original det= L2
get baseline data Ar37 L2
Get data baseline <pychron.processing.isotope.Baseline object at 0x18f942a50> len t=60
baseline Ar37. v=-0.0167009048905, e=0.00616326390465
get signal data Ar37 L2
Get data signal Ar37 0.349+/-0.010 len t=120
adding isotope Ar36 CDD
add baseline dbdet= Ar36. original det= CDD
get baseline data Ar36 CDD
Get data baseline <pychron.processing.isotope.Baseline object at 0x18f942c10> len t=60
baseline Ar36. v=0.000138941051827, e=1.96585754086e-05
get signal data Ar36 CDD
Get data signal Ar36 0.00871+/-0.00026 len t=120
65590-20 added analysis time 0.457031011581s
analysis added to mass spec database
mass spec save time= 0.477
persistence save - dvc
================= post measurement started
create new session 4992585168
close session 4992585168
---------------- Experiment Queue saving disabled
DVC saving peakcenter
Failed to find a valid peak. No peak greater than 1.0. max = 0.0181454914039
Smart pull ahead: 0 behind: 0
Up-to-date with origin
add to repo msg=modified - ad8224ebc6dbfeb9f5997218dfa5fe690569839d.json
add to repo msg=modified - 90-20.json
add to repo msg=modified - 90-20.dat.json
add to repo msg=modified - 90-20.blan.json
add to repo msg=modified - 90-20.inte.json
add to repo msg=modified - 90-20.icfa.json
add to repo msg=modified - 90-20.base.json
not at valid file /Users/jan/PychronDev/data/.dvc/repositories/Load1792/655/tags/90-20.tags.json
add to repo msg=modified - 90-20.peak.json
add to repo msg=modified - 90-20.extr.json
not at valid file /Users/jan/PychronDev/data/.dvc/repositories/Load1792/655/monitor/90-20.moni.json
commit message=<COLLECTION>
add to repo msg=modified - 90-20.inte.json
add to repo msg=modified - 90-20.base.json
commit message=<ISOEVO> default collection fits
add to repo msg=modified - 90-20.blan.json
commit message=<BLANKS> preceding bu-FC-J-7797
add to repo msg=modified - 90-20.icfa.json
commit message=<ICFactor> default
push repository <pychron.git_archive.repo_manager.GitRepoManager object at 0x163cc98f0>
pushing to remote=origin, url=https://github.com
no changes to meta repo
create new session 4992585168
add association Load1792
get identifier "65590"
setting analysis irradiation position=<pychron.dvc.dvc_orm.IrradiationPositionTbl object at 0x149f4ed90>
close session 4992585168
================= post measurement finished
04:20:25 -- ******* Post Run Check *******
loading queue conditionals post_run_actions
loading system conditionals post_run_actions
loading conditionals from /Users/jan/PychronDev/setupfiles/spectrometer/default_conditionals.yaml
loading queue conditionals post_run_terminations
loading system conditionals post_run_terminations
loading conditionals from /Users/jan/PychronDev/setupfiles/spectrometer/default_conditionals.yaml
Checking default post run terminations n=1
GetDeflection CDD ===>> 50
testing CDD==2000
evaluate ot="CDD.deflection==2000" t="CDD==2000", ctx="{'CDD': 50.0}"
04:20:26 -- ******* Post Run Check Passed *******
04:20:26 -- Automated run 65590-20 success duration: 368.635 s
----------------- finish -----------------
----------------- stop -----------------
retroactive repository identifiers disabled
finish run. runs completed=130
update duration runid=65590-20, duration=368.634887218, md5=301e91d8
loading script "jan_unknown120_60.py"
loading script "jan_pump_ms.py"
loading script "jan_co2.py"
loading script "jan_pump_extraction_line.py"
testing...
no interpolation path defined
executed snippet estimated_duration=213.652928, duration=0.000217199325562
script duration name:unknown120_60 seconds:214.0
loading script "jan_unknown120_60.py"
loading script "jan_pump_ms.py"
loading script "jan_co2.py"
loading script "jan_pump_extraction_line.py"
testing...
no interpolation path defined
executed snippet estimated_duration=0, duration=3.69548797607e-05
loading script "jan_unknown120_60.py"
loading script "jan_pump_ms.py"
loading script "jan_co2.py"
loading script "jan_pump_extraction_line.py"
testing...
no interpolation path defined
calculate duration
testing...
no interpolation path defined
executed snippet estimated_duration=0, duration=4.6968460083e-05
calculate duration
testing...
no interpolation path defined
executed snippet estimated_duration=0, duration=9.51290130615e-05
executed snippet estimated_duration=0.0, duration=0.00302505493164
script duration name:co2 seconds:0.0
loading script "jan_unknown120_60.py"
loading script "jan_pump_ms.py"
loading script "jan_co2.py"
loading script "jan_pump_extraction_line.py"
testing...
no interpolation path defined
calculate duration
testing...
no interpolation path defined
executed snippet estimated_duration=4.0, duration=0.000236034393311
executed snippet estimated_duration=4.0, duration=0.00185012817383
Script duration 214.0
Run total estimated duration= 215.000
unknown120_60 in script context. using previous estimated duration
script duration name:unknown120_60 seconds:214.0
pump_ms in script context. using previous estimated duration
co2 in script context. using previous estimated duration
script duration name:co2 seconds:0.0
pump_extraction_line in script context. using previous estimated duration
Script duration 214.0
Run total estimated duration= 215.000
script duration name:unknown120_60 seconds:214.0
script duration name:co2 seconds:0.0
Script duration 214.0
Run total estimated duration= 215.000
loading script "jan_unknown400_120.py"
loading script "jan_pump_ms.py"
loading script "jan_co2.py"
loading script "jan_pump_extraction_line.py"
testing...
no interpolation path defined
executed snippet estimated_duration=556.052928, duration=0.000236988067627
script duration name:unknown400_120 seconds:556.0
script duration name:co2 seconds:0.0
Script duration 556.0
Run total estimated duration= 557.000
unknown400_120 in script context. using previous estimated duration
script duration name:unknown400_120 seconds:556.0
loading script "jan_unknown400_120.py"
loading script "jan_pump_ms.py"
loading script "jan_cocktail_x1.py"
loading script "jan_pump_extraction_line.py"
testing...
no interpolation path defined
calculate duration
testing...
no interpolation path defined
executed snippet estimated_duration=0, duration=4.6968460083e-05
calculate duration
testing...
no interpolation path defined
executed snippet estimated_duration=0, duration=0.00015115737915
calculate duration
testing...
no interpolation path defined
executed snippet estimated_duration=32.0, duration=9.20295715332e-05
calculate duration
testing...
no interpolation path defined
executed snippet estimated_duration=34.0, duration=0.00010085105896
calculate duration
testing...
no interpolation path defined
executed snippet estimated_duration=4.0, duration=6.79492950439e-05
calculate duration
testing...
no interpolation path defined
executed snippet estimated_duration=38.0, duration=9.48905944824e-05
executed snippet estimated_duration=108.0, duration=0.011598110199
script duration name:cocktail_x1 seconds:108.0
Script duration 664.0
Run total estimated duration= 665.000
script duration name:unknown400_120 seconds:556.0
loading script "jan_unknown400_120.py"
loading script "jan_pump_ms.py"
loading script "jan_sniffair_x2.py"
loading script "jan_pump_extraction_line.py"
testing...
no interpolation path defined
calculate duration
testing...
no interpolation path defined
executed snippet estimated_duration=0, duration=4.41074371338e-05
calculate duration
testing...
no interpolation path defined
executed snippet estimated_duration=0, duration=0.000307083129883
calculate duration
testing...
no interpolation path defined
executed snippet estimated_duration=32.0, duration=8.70227813721e-05
calculate duration
testing...
no interpolation path defined
executed snippet estimated_duration=34.0, duration=9.70363616943e-05
calculate duration
testing...
no interpolation path defined
executed snippet estimated_duration=4.0, duration=8.89301300049e-05
calculate duration
testing...
no interpolation path defined
executed snippet estimated_duration=36.0, duration=0.000104904174805
calculate duration
testing...
no interpolation path defined
executed snippet estimated_duration=34.0, duration=9.51290130615e-05
calculate duration
testing...
no interpolation path defined
executed snippet estimated_duration=4.0, duration=0.000101089477539
calculate duration
testing...
no interpolation path defined
executed snippet estimated_duration=36.0, duration=0.00012993812561
calculate duration
testing...
no interpolation path defined
executed snippet estimated_duration=70.0, duration=0.000116109848022
executed snippet estimated_duration=250.0, duration=0.0299680233002
script duration name:sniffair_x2 seconds:250.0
Script duration 806.0
Run total estimated duration= 807.000
script duration name:unknown400_120 seconds:556.0
sniffair_x2 in script context. using previous estimated duration
script duration name:sniffair_x2 seconds:250.0
Script duration 806.0
Run total estimated duration= 807.000
script duration name:unknown400_120 seconds:556.0
cocktail_x1 in script context. using previous estimated duration
script duration name:cocktail_x1 seconds:108.0
Script duration 664.0
Run total estimated duration= 665.000
loading script "jan_ic_peak_hop3.py"
loading script "jan_pump_ms.py"
loading script "jan_air_x1.py"
loading script "jan_pump_extraction_line.py"
testing...
no interpolation path defined
executed snippet estimated_duration=133.8, duration=0.00802803039551
script duration name:ic_peak_hop3 seconds:134.0
loading script "jan_ic_peak_hop3.py"
loading script "jan_pump_ms.py"
loading script "jan_air_x1.py"
loading script "jan_pump_extraction_line.py"
testing...
no interpolation path defined
calculate duration
testing...
no interpolation path defined
executed snippet estimated_duration=0, duration=4.41074371338e-05
calculate duration
testing...
no interpolation path defined
executed snippet estimated_duration=0, duration=0.000162839889526
calculate duration
testing...
no interpolation path defined
executed snippet estimated_duration=32.0, duration=9.10758972168e-05
calculate duration
testing...
no interpolation path defined
executed snippet estimated_duration=34.0, duration=0.000148057937622
calculate duration
testing...
no interpolation path defined
executed snippet estimated_duration=4.0, duration=0.00012993812561
calculate duration
testing...
no interpolation path defined
executed snippet estimated_duration=36.0, duration=0.000117063522339
executed snippet estimated_duration=106.0, duration=0.00874805450439
script duration name:air_x1 seconds:106.0
Script duration 240.0
Run total estimated duration= 241.000
script duration name:unknown120_60 seconds:214.0
script duration name:co2 seconds:0.0
Script duration 214.0
Run total estimated duration= 215.000
script duration name:unknown120_60 seconds:214.0
script duration name:co2 seconds:0.0
Script duration 214.0
Run total estimated duration= 215.000
script duration name:unknown120_60 seconds:214.0
script duration name:co2 seconds:0.0
Script duration 214.0
Run total estimated duration= 215.000
script duration name:unknown120_60 seconds:214.0
script duration name:co2 seconds:0.0
Script duration 214.0
Run total estimated duration= 215.000
script duration name:unknown120_60 seconds:214.0
script duration name:co2 seconds:0.0
Script duration 214.0
Run total estimated duration= 215.000
script duration name:unknown120_60 seconds:214.0
script duration name:co2 seconds:0.0
Script duration 214.0
Run total estimated duration= 215.000
script duration name:unknown120_60 seconds:214.0
script duration name:co2 seconds:0.0
Script duration 214.0
Run total estimated duration= 215.000
script duration name:unknown120_60 seconds:214.0
script duration name:co2 seconds:0.0
Script duration 214.0
Run total estimated duration= 215.000
script duration name:unknown120_60 seconds:214.0
script duration name:co2 seconds:0.0
Script duration 214.0
Run total estimated duration= 215.000
script duration name:unknown120_60 seconds:214.0
script duration name:co2 seconds:0.0
Script duration 214.0
Run total estimated duration= 215.000
script duration name:unknown120_60 seconds:214.0
script duration name:co2 seconds:0.0
Script duration 214.0
Run total estimated duration= 215.000
script duration name:unknown120_60 seconds:214.0
script duration name:co2 seconds:0.0
Script duration 214.0
Run total estimated duration= 215.000
script duration name:unknown120_60 seconds:214.0
script duration name:co2 seconds:0.0
Script duration 214.0
Run total estimated duration= 215.000
script duration name:unknown400_120 seconds:556.0
script duration name:co2 seconds:0.0
Script duration 556.0
Run total estimated duration= 557.000
script duration name:unknown400_120 seconds:556.0
script duration name:cocktail_x1 seconds:108.0
Script duration 664.0
Run total estimated duration= 665.000
script duration name:unknown400_120 seconds:556.0
script duration name:sniffair_x2 seconds:250.0
Script duration 806.0
Run total estimated duration= 807.000
script duration name:unknown400_120 seconds:556.0
script duration name:sniffair_x2 seconds:250.0
Script duration 806.0
Run total estimated duration= 807.000
script duration name:unknown400_120 seconds:556.0
script duration name:cocktail_x1 seconds:108.0
Script duration 664.0
Run total estimated duration= 665.000
ic_peak_hop3 in script context. using previous estimated duration
script duration name:ic_peak_hop3 seconds:134.0
air_x1 in script context. using previous estimated duration
script duration name:air_x1 seconds:106.0
Script duration 240.0
Run total estimated duration= 241.000
nruns=28 before=5.0, run_dur=10924.0, btw=1215.0
write rem/ex queues
/Users/jan/PychronDev/experiments/rem/CurrentExperiment.rem.txt
/Users/jan/PychronDev/experiments/rem/CurrentExperiment.ex.txt
doing event level: 3
