do run
loading script "jan_unknown120_60.py"
loading script "jan_pump_ms.py"
loading script "jan_co2.py"
loading script "jan_pump_extraction_line.py"
testing...
no interpolation path defined
executed snippet estimated_duration=213.652928, duration=0.000179052352905
script duration name:unknown120_60 seconds:214.0
loading script "jan_unknown120_60.py"
loading script "jan_pump_ms.py"
loading script "jan_co2.py"
loading script "jan_pump_extraction_line.py"
testing...
no interpolation path defined
executed snippet estimated_duration=0, duration=1.78813934326e-05
loading script "jan_unknown120_60.py"
loading script "jan_pump_ms.py"
loading script "jan_co2.py"
loading script "jan_pump_extraction_line.py"
testing...
no interpolation path defined
calculate duration
testing...
no interpolation path defined
executed snippet estimated_duration=0, duration=3.69548797607e-05
calculate duration
testing...
no interpolation path defined
executed snippet estimated_duration=0, duration=7.60555267334e-05
executed snippet estimated_duration=0.0, duration=0.00230002403259
script duration name:co2 seconds:0.0
loading script "jan_unknown120_60.py"
loading script "jan_pump_ms.py"
loading script "jan_co2.py"
loading script "jan_pump_extraction_line.py"
testing...
no interpolation path defined
calculate duration
testing...
no interpolation path defined
executed snippet estimated_duration=4.0, duration=0.000118970870972
executed snippet estimated_duration=4.0, duration=0.00104117393494
Script duration 214.0
Run total estimated duration= 215.000
run duration: 0:03:35
doing event level: 2
04:35:18 -- Setting default integration. t=1.048576
setting integration time = 1.048576
SetIntegrationTime 1.048576 ===>> OK
----------------- start -----------------
**************** Experiment Type: Ar/Ar, Ar/Ar
create new session 4419438256
close session 4419438256
$$$$$ Clearing conditionals
adding conditionals 
Add queue conditionals
add default conditionals
adding default conditionals from /Users/jan/PychronDev/setupfiles/spectrometer/default_conditionals.yaml
Start automated run 65590-23
loading script "jan_unknown120_60.py"
loading script "jan_pump_ms.py"
loading script "jan_co2.py"
loading script "jan_pump_extraction_line.py"
%%%%%%%%%%%%%%%%%% setting automated run 65590-23
No value "sensitivity_multiplier" in metadata
$$$$$$$$$$$$$$$ auto_save_detector_ic=False
============================= Pre Extraction Check =============================
loading queue conditionals pre_run_terminations
loading system conditionals pre_run_terminations
loading conditionals from /Users/jan/PychronDev/setupfiles/spectrometer/default_conditionals.yaml
04:35:19 -- ******* Pre Extraction Check *******
Get a measurement from the spectrometer
GetData ===>> H2,-0.153799710079588,H1,-0.0160929511075601,AX,-0.0729991248067665,L1,-0.0304096590519903,L2,-0....
Pre Extraction Termination data. keys=H2,H1,AX,L1,L2,CDD, signals=-0.15380,-0.01609,-0.07300,-0.03041,-0.02733,0.00283
04:35:19 -- testing system defined conditionals
Checking default pre extraction terminations n=2
testing CDD
evaluate ot="CDD.inactive" t="CDD", ctx="{'CDD': False}"
GetDeflection CDD ===>> 50
testing CDD==2000
evaluate ot="CDD.deflection==2000" t="CDD==2000", ctx="{'CDD': 50.0}"
04:35:19 -- ******* Pre Extraction Check Passed *******
=================================================================================
04:35:19 -- stopping status monitor
stop 5025639504
Status monitor stopped
Status monitor finished
04:35:20 -- starting status monitor
start 5025639504
StatusMonitor period=1. Frequencies(state=2, checksum=3, lock=5, owner=5)
start extraction
do extraction
Analysis started at 04:35:22.060210
Extraction Started jan_co2.py
04:35:22 -- ******* Extraction Started jan_co2.py *******
state changed from not run to extraction
DO EXTRACTION <pychron.extraction_line.pyscript_runner.RemotePyScriptRunner object at 0x12bfe48f0>
testing...
no interpolation path defined
calculate duration
testing...
no interpolation path defined
executed snippet estimated_duration=0, duration=5.10215759277e-05
calculate duration
testing...
no interpolation path defined
executed snippet estimated_duration=0, duration=0.000128030776978
executed snippet estimated_duration=100.0, duration=0.00345396995544
Jan CO2 laser analysis
doing GOSUB
testing...
no interpolation path defined
executed snippet estimated_duration=0, duration=4.60147857666e-05
Waiting for CO2 access
wait ('FelixCO2Flag', 0) {}
waiting for FelixCO2Flag = 0
Read FelixCO2Flag ===>> 0
finished waiting
CO2 free
wait ('CO2PumpTimeFlag', 0) {}
waiting for CO2PumpTimeFlag = 0
Read CO2PumpTimeFlag ===>> 0
finished waiting
acquire ('JanCO2Flag',) {'clear': True}
acquire JanCO2Flag
Set JanCO2Flag 1 ===>> OK
JanCO2Flag acquired
set extraction state False (0.75, 'red', 1.5)
CO2 acquired
executed snippet estimated_duration=0, duration=0.0167269706726
WaitForCO2Access.py completed successfully
gosub finished
doing GOSUB
testing...
no interpolation path defined
executed snippet estimated_duration=0, duration=0.000103950500488
Prepare for CO2 analysis
close () {'description': 'Jan Inlet'}
closing name=--- desc=Jan Inlet
checking ownership. requestor=129.138.12.150
check software interlocks R
interlocks []
actuate state mode=None-script, software_lock=False
doing actuation None-script close_channel False
Close R ===>> OK
GetIndicatorState R ===>> False
change switch state (True, True)
update switch state R False args=() kw={} ncanvase=3
04:35:22 -- CLOSE  VALVE-R (Jan Inlet)
---------------------------------------- close None (Jan Inlet) result=[(True, True)]
action=close, ok=True, locked=[False]
open () {'description': 'Jan Ion Pump'}
opening name=--- desc=Jan Ion Pump
checking ownership. requestor=129.138.12.150
check software interlocks O
interlocks []
actuate state mode=None-script, software_lock=False
doing actuation None-script open_channel False
Open O ===>> OK
GetIndicatorState O ===>> OK
change switch state (True, True)
update switch state O True args=() kw={} ncanvase=3
04:35:22 -- OPEN   VALVE-O (Jan Ion Pump)
---------------------------------------- open None (Jan Ion Pump) result=[(True, True)], time=0.10 sec
action=open, ok=True, locked=[False]
close () {'description': 'Microbone to Minibone'}
closing name=--- desc=Microbone to Minibone
checking ownership. requestor=129.138.12.150
check software interlocks L
interlocks []
actuate state mode=None-script, software_lock=False
doing actuation None-script close_channel False
Close L ===>> OK
GetIndicatorState L ===>> False
change switch state (True, True)
update switch state L False args=() kw={} ncanvase=3
04:35:23 -- CLOSE  VALVE-L (Microbone to Minibone)
---------------------------------------- close None (Microbone to Minibone) result=[(True, True)]
action=close, ok=True, locked=[False]
open () {'description': 'Microbone to Turbo'}
opening name=--- desc=Microbone to Turbo
checking ownership. requestor=129.138.12.150
check software interlocks U
interlocks []
actuate state mode=None-script, software_lock=False
doing actuation None-script open_channel False
Open U ===>> OK
GetIndicatorState U ===>> OK
change switch state (True, True)
update switch state U True args=() kw={} ncanvase=3
04:35:23 -- OPEN   VALVE-U (Microbone to Turbo)
---------------------------------------- open None (Microbone to Turbo) result=[(True, True)], time=0.13 sec
action=open, ok=True, locked=[False]
open () {'description': 'Microbone to Inlet Pipette'}
opening name=--- desc=Microbone to Inlet Pipette
checking ownership. requestor=129.138.12.150
check software interlocks S
interlocks []
actuate state mode=None-script, software_lock=False
doing actuation None-script open_channel False
Open S ===>> OK
GetIndicatorState S ===>> OK
change switch state (True, True)
update switch state S True args=() kw={} ncanvase=3
04:35:24 -- OPEN   VALVE-S (Microbone to Inlet Pipette)
---------------------------------------- open None (Microbone to Inlet Pipette) result=[(True, True)], time=0.43 sec
action=open, ok=True, locked=[False]
open () {'description': 'Microbone to Getter D-50'}
opening name=--- desc=Microbone to Getter D-50
checking ownership. requestor=129.138.12.150
check software interlocks K
interlocks []
actuate state mode=None-script, software_lock=False
doing actuation None-script open_channel False
Open K ===>> OK
GetIndicatorState K ===>> OK
change switch state (True, True)
update switch state K True args=() kw={} ncanvase=3
04:35:25 -- OPEN   VALVE-K (Microbone to Getter D-50)
---------------------------------------- open None (Microbone to Getter D-50) result=[(True, True)], time=0.44 sec
action=open, ok=True, locked=[False]
open () {'description': 'Microbone to Getter NP-10'}
opening name=--- desc=Microbone to Getter NP-10
checking ownership. requestor=129.138.12.150
check software interlocks M
interlocks []
actuate state mode=None-script, software_lock=False
doing actuation None-script open_channel False
Open M ===>> OK
GetIndicatorState M ===>> OK
change switch state (True, True)
update switch state M True args=() kw={} ncanvase=3
04:35:25 -- OPEN   VALVE-M (Microbone to Getter NP-10)
---------------------------------------- open None (Microbone to Getter NP-10) result=[(True, True)], time=0.15 sec
action=open, ok=True, locked=[False]
close () {'description': 'CO2 Laser to Felix'}
closing name=--- desc=CO2 Laser to Felix
checking ownership. requestor=129.138.12.150
check software interlocks F
interlocks []
actuate state mode=None-script, software_lock=True
VALVE-F(CO2 Laser to Felix) software locked
change switch state (True, False)
---------------------------------------- close None (CO2 Laser to Felix) result=[(True, False)]
action=close, ok=True, locked=[True]
open () {'description': 'CO2 Laser to Jan'}
opening name=--- desc=CO2 Laser to Jan
checking ownership. requestor=129.138.12.150
check software interlocks A
interlocks []
actuate state mode=None-script, software_lock=False
doing actuation None-script open_channel False
Open A ===>> OK
GetIndicatorState A ===>> OK
change switch state (True, True)
update switch state A True args=() kw={} ncanvase=3
04:35:26 -- OPEN   VALVE-A (CO2 Laser to Jan)
---------------------------------------- open None (CO2 Laser to Jan) result=[(True, True)], time=0.17 sec
action=open, ok=True, locked=[False]
open () {'description': 'Microbone to CO2 Laser'}
opening name=--- desc=Microbone to CO2 Laser
checking ownership. requestor=129.138.12.150
check software interlocks T
interlocks []
actuate state mode=None-script, software_lock=False
doing actuation None-script open_channel False
Open T ===>> OK
GetIndicatorState T ===>> OK
change switch state (True, True)
update switch state T True args=() kw={} ncanvase=3
04:35:26 -- OPEN   VALVE-T (Microbone to CO2 Laser)
---------------------------------------- open None (Microbone to CO2 Laser) result=[(True, True)], time=0.45 sec
action=open, ok=True, locked=[False]
executed snippet estimated_duration=0, duration=5.01167678833
PrepareForCO2Analysis.py completed successfully
gosub finished
set_motor ('beam', '1.25') {}
setting motor "beam" to 1.25
set motor beam to 1.25
SetMotor beam,1.25 ===>> OK
GetMotorMoving beam ===>> False
GetMotorMoving beam ===>> False
Block completed
move_to_position ('195',) {'autocenter': True}
FusionsCO2 move to position 195
sending GoToHole 195,True
GoToHole 195,True ===>> OK
GetDriveMoving ===>> OK
GetDriveMoving ===>> OK
GetDriveMoving ===>> OK
GetDriveMoving ===>> OK
GetDriveMoving ===>> OK
GetDriveMoving ===>> False
GetDriveMoving ===>> False
Block completed
GetAutoCorrecting ===>> OK
GetAutoCorrecting ===>> OK
GetAutoCorrecting ===>> OK
GetAutoCorrecting ===>> OK
GetAutoCorrecting ===>> OK
GetAutoCorrecting ===>> OK
GetAutoCorrecting ===>> OK
GetAutoCorrecting ===>> OK
GetAutoCorrecting ===>> OK
GetAutoCorrecting ===>> OK
GetAutoCorrecting ===>> OK
GetAutoCorrecting ===>> OK
GetAutoCorrecting ===>> OK
GetAutoCorrecting ===>> OK
GetAutoCorrecting ===>> OK
GetAutoCorrecting ===>> OK
GetAutoCorrecting ===>> OK
GetAutoCorrecting ===>> OK
GetAutoCorrecting ===>> OK
GetAutoCorrecting ===>> OK
GetAutoCorrecting ===>> OK
GetAutoCorrecting ===>> OK
GetAutoCorrecting ===>> OK
GetAutoCorrecting ===>> OK
GetAutoCorrecting ===>> OK
GetAutoCorrecting ===>> OK
GetAutoCorrecting ===>> OK
GetAutoCorrecting ===>> OK
GetAutoCorrecting ===>> OK
GetAutoCorrecting ===>> OK
GetAutoCorrecting ===>> OK
GetAutoCorrecting ===>> OK
GetAutoCorrecting ===>> OK
GetAutoCorrecting ===>> OK
GetAutoCorrecting ===>> OK
GetAutoCorrecting ===>> OK
GetAutoCorrecting ===>> OK
GetAutoCorrecting ===>> OK
GetAutoCorrecting ===>> OK
GetAutoCorrecting ===>> OK
GetAutoCorrecting ===>> OK
GetAutoCorrecting ===>> OK
GetAutoCorrecting ===>> False
GetAutoCorrecting ===>> False
Block completed
update position
GetPosition ===>> 9.96950,-9.96950,1.00000
got position (9.9695, -9.9695, 1.0)
move to position succeeded
sleep (5,) {}
SLEEP 5.0
block started
WaitControl setup for 5.0  
Join finished
block finished. duration 5.02642202377
close () {'description': 'Microbone to Turbo'}
closing name=--- desc=Microbone to Turbo
checking ownership. requestor=129.138.12.150
check software interlocks U
interlocks []
actuate state mode=None-script, software_lock=False
doing actuation None-script close_channel True
Close U ===>> OK
GetIndicatorState U ===>> False
change switch state (True, True)
update switch state U False args=() kw={} ncanvase=3
04:35:58 -- CLOSE  VALVE-U (Microbone to Turbo)
---------------------------------------- close None (Microbone to Turbo) result=[(True, True)]
action=close, ok=True, locked=[False]
enable laser
enable () {}
set extraction state FusionsCO2 Enabled (False, 'red', 1.5)
enabling laser
Enable ===>> OK
begin interval
BEGIN INTERVAL Interval 1 waiting for 30.0
block started
set extract to 0.35
WaitControl setup for 30.0  
extract (0.35,) {}
GetPosition ===>> 9.96950,-9.96950,1.00000
set extraction state FusionsCO2 ON! 0.35(watts) (0.75, 'red', 1.5)
extract sample to 0.35 (watts)
set laser output
SetLaserOutput 0.35,watts ===>> OK
executing pattern triangle.lp
execute_pattern ('triangle.lp',) {}
executing pattern triangle.lp
IsPatterning ===>> OK
IsPatterning ===>> OK
IsPatterning ===>> OK
IsPatterning ===>> OK
IsPatterning ===>> OK
IsPatterning ===>> OK
IsPatterning ===>> OK
IsPatterning ===>> OK
IsPatterning ===>> OK
IsPatterning ===>> OK
IsPatterning ===>> OK
IsPatterning ===>> OK
IsPatterning ===>> OK
IsPatterning ===>> OK
IsPatterning ===>> OK
IsPatterning ===>> OK
IsPatterning ===>> OK
IsPatterning ===>> OK
IsPatterning ===>> OK
IsPatterning ===>> OK
IsPatterning ===>> OK
IsPatterning ===>> OK
IsPatterning ===>> OK
IsPatterning ===>> OK
IsPatterning ===>> OK
IsPatterning ===>> OK
IsPatterning ===>> OK
IsPatterning ===>> OK
Join finished
block finished. duration 30.1296310425
Interval 1 finished
IsPatterning ===>> False
IsPatterning ===>> False
Block completed
COMPLETE INTERVAL waiting for Interval 1 to complete
end_extract () {}
ending extraction. set laser power to 0
set laser power 0
SetLaserPower 0 ===>> OK
disable () {}
%%%%%%%%%%%%%%%%%%%%%%%%%%%%%%%%%%% disable
set extraction state False (0.75, 'red', 1.5)
disabling laser
Disable ===>> OK
sleep (30.0,) {}
SLEEP 30.0
block started
WaitControl setup for 30.0  
Join finished
block finished. duration 30.1504740715
executed snippet estimated_duration=165.0, duration=98.7691459656
jan_co2.py completed successfully
GetAchievedOutput ===>> No Response
Requested Output= 0.000
Achieved Output=  0.000
GetResponseBlob ===>> No Response
GetOutputBlob ===>> No Response
persistence save...
persistence save - db
AutomatedRunPersister post_extraction_save deprecated
persistence save - dvc
no extraction position for 195
create new session 4992585168
close session 4992585168
Extraction Finished
04:37:00 -- ******* Extraction Finished *******
no overlap. not waiting for min ms pumptime
04:37:00 -- Sending spectrometer configuration
======== Sending configuration ========
SetDeflection CDD,50.0 ===>> OK
SetDeflection H2,0.0 ===>> OK
SetDeflection H1,0.0 ===>> OK
SetDeflection L2,825.0 ===>> OK
SetDeflection L1,400.0 ===>> OK
SetDeflection AX,190.0 ===>> OK
SetZFocus 74.64 ===>> OK
SetZSymmetry -50.72 ===>> OK
SetExtractionLens 26.13 ===>> OK
SetIonRepeller -3.81 ===>> OK
SetElectronEnergy 75.08 ===>> OK
SetYSymmetry -2.81 ===>> OK
SetIonCounterVoltage 1590.0 ===>> OK
send trap current 200.0
GetParameter Trap Current Readback ===>> 198.482695477019
SetParameter Trap Current Set,200.0 ===>> OK
updating mftable name mftable
Using mftable located at /Users/jan/PychronDev/setupfiles/spectrometer/mftables/mftable.csv
============ MFtable ===========
Isotope  H2     H1     AX     L1     L2     CDD    
Ar40     5.8217 5.8811 5.9940 6.1617 6.2324 6.3899
Ar39     5.7210 5.7733 5.8864 6.0477 6.1175 6.2764
Ar36     5.3985 5.4423 5.5498 5.7066 5.7725 5.9275
================================
get initial guess parabolic
get initial guess parabolic
get initial guess parabolic
get initial guess parabolic
get initial guess parabolic
get initial guess parabolic
======== Configuration Finished ========
GetYSymmetry ===>> -2.81
GetZSymmetry ===>> -50.72
GetParameter Trap Current Readback ===>> 197.811389855338
GetHighVoltage ===>> 4499.94659342336
start measurement
do measurement
L#=65590 analysis type=unknown
Measurement Started jan_unknown120_60.py
04:37:01 -- ******* Measurement Started jan_unknown120_60.py *******
state changed from extraction to measurement
setting spec, defl, and gains
GetExtractionLens ===>> 26.13
GetYSymmetry ===>> -2.81
GetZSymmetry ===>> -50.72
GetZFocus ===>> 74.64
GetDeflection H2 ===>> 0
GetDeflection H1 ===>> 0
GetDeflection AX ===>> 190
GetDeflection L1 ===>> 400
GetDeflection L2 ===>> 825
GetDeflection CDD ===>> 50
GetGain H2 ===>> 0.0113
GetGain H1 ===>> 0.1
GetGain AX ===>> 0.097049
GetGain L1 ===>> 0.010355
GetGain L2 ===>> 0.095649
GetGain CDD ===>> 0
pre measurement save
New frame /Users/jan/PychronDev/data/isotopes/e5/406683-3a4a-4c63-b172-e16f1aa6c4a4.h5
flush and close file /Users/jan/PychronDev/data/isotopes/e5/406683-3a4a-4c63-b172-e16f1aa6c4a4.h5
testing...
no interpolation path defined
executed snippet estimated_duration=226.132928, duration=0.000177145004272
unknown measurement script
activate_detectors ('H2', 'H1', 'AX', 'L1', 'L2', 'CDD') {}
activate detectors
*************** Set Analysis View Ar/Ar
create graphs
clearing graphs
clear isotope group
setting isotope det=H2, iso=PM41
setting isotope det=H1, iso=Ar40
setting isotope det=AX, iso=Ar39
setting isotope det=L1, iso=Ar38
setting isotope det=L2, iso=Ar37
setting isotope det=CDD, iso=Ar36
setting previous blanks
 - setting Ar40 blank 0.419+/-0.007
 - setting Ar36 blank 0.00506+/-0.00017
 - setting Ar37 blank 0.054+/-0.006
 - setting Ar38 blank 0.0169+/-0.0022
 - setting PM41 blank 0.03+/-0.06
 - setting Ar39 blank 0.009+/-0.008
load analysis view
position_magnet ('Ar40',) {'detector': 'H1'}
detector Detector(H1)
POSITION Ar40 H1
setting detector H2 to PM41 (40.9624)
setting detector H1 to Ar40 (39.9624)
setting detector AX to Ar39 (38.9624)
setting detector L1 to Ar38 (37.9624)
setting detector L2 to Ar37 (36.9624)
setting detector CDD to Ar36 (35.9624)
Mapping mass to dac mass func: "parabolic"
H1 map mass coeffs = [-0.00063987  0.15840543  0.57265999]
H1 map mass to dac 39.9624 >> 5.88105
GetDeflection H1 ===>> 0
GetHighVoltage ===>> 4499.94659342336
positioning Ar40 (5.88101536705) on H1
setting magnet DAC
current  : 5.881015
requested: 5.881015
Delta Dac: 0.000000
Checking detector protection. dv=0.00000
Checking detector "CDD". Protection Threshold: 0.1 (V)
SetMagnetDAC 5.88101536705 ===>> OK
equilibrate () {'delay': 3, 'inlet': 'R', 'outlet': 'O', 'eqtime': 12.0}
Equilibration Started
04:37:01 -- ******* Equilibration Started *******
checking ownership. requestor=129.138.12.150
check software interlocks O
interlocks []
actuate state mode=None-script, software_lock=False
doing actuation None-script close_channel True
Close O ===>> OK
update labels <pychron.experiment.plot_panel.PlotPanel object at 0x18453f3b0>
update labels "<pychron.graph.stacked_regression_graph.StackedRegressionGraph object at 0x189abcb30>"
setting label 0 H2 PM41
setting label 1 H1 Ar40
setting label 2 AX Ar39
setting label 3 L1 Ar38
setting label 4 L2 Ar37
setting label 5 CDD Ar36
update labels "<pychron.graph.stacked_graph.StackedGraph object at 0x148a39b30>"
setting label 0 H2 PM41
setting label 1 H1 Ar40
setting label 2 AX Ar39
setting label 3 L1 Ar38
setting label 4 L2 Ar37
setting label 5 CDD Ar36
GetIndicatorState O ===>> False
change switch state (True, True)
update switch state O False args=() kw={} ncanvase=3
04:37:01 -- CLOSE  VALVE-O (Jan Ion Pump)
waiting 3s before opening inlet value ('R',)
checking ownership. requestor=129.138.12.150
check software interlocks R
interlocks []
actuate state mode=None-script, software_lock=False
doing actuation None-script open_channel True
Open R ===>> OK
GetIndicatorState R ===>> OK
change switch state (True, True)
update switch state R True args=() kw={} ncanvase=3
04:37:05 -- OPEN   VALVE-R (Jan Inlet)
equilibrating for 12.0sec
set_time_zero () {}
sniff (12.0,) {}
py_sniff
build tables- sniff [Detector(H2), Detector(H1), Detector(AX), Detector(L1), Detector(L2), Detector(CDD)]
add group /sniff/PM41 (Group) '' table H2
add group /sniff/Ar40 (Group) '' table H1
add group /sniff/Ar39 (Group) '' table AX
add group /sniff/Ar38 (Group) '' table L1
add group /sniff/Ar37 (Group) '' table L2
add group /sniff/Ar36 (Group) '' table CDD
flush and close file /Users/jan/PychronDev/data/isotopes/e5/406683-3a4a-4c63-b172-e16f1aa6c4a4.h5
measuring sniff. ncounts=12.0
"sniff" increment series count="1" fit count="0" regressing="False"
starting measurement
check iteration duration=1.8835067749e-05
GetData ===>> H2,-0.305907269224798,H1,0.0773703424062912,AX,-0.0180023414391444,L1,-0.0383363722918213,L2,0.09...
check iteration duration=5.3882598877e-05
GetData ===>> H2,0.64585002560713,H1,27.0643859833927,AX,8.1166011012286,L1,0.0937058982621849,L2,0.36572940944...
check iteration duration=5.60283660889e-05
GetData ===>> H2,0.735580065037734,H1,62.592198094399,AX,16.5668539873034,L1,0.24441510992283,L2,0.250951930475...
check iteration duration=4.31537628174e-05
GetData ===>> H2,0.167325671418264,H1,74.2915012177284,AX,18.7566235349528,L1,0.277545091199469,L2,0.2082288263...
check iteration duration=4.29153442383e-05
GetData ===>> H2,-0.0175593359593545,H1,78.3027972696575,AX,19.5236375626274,L1,0.321835099881255,L2,0.14028551...
check iteration duration=8.01086425781e-05
GetData ===>> H2,0.014063068549509,H1,79.9127792398104,AX,19.6771168690635,L1,0.316522686193272,L2,0.1193623981...
check iteration duration=3.88622283936e-05
GetData ===>> H2,0.0284332790651874,H1,80.5977716323479,AX,19.7886214276975,L1,0.267430271686087,L2,0.076782518...
check iteration duration=4.41074371338e-05
GetData ===>> H2,-0.0133552928653463,H1,80.7590610935257,AX,19.7874840834493,L1,0.271358500569265,L2,0.10897665...
check iteration duration=4.29153442383e-05
GetData ===>> H2,-0.0501511075489666,H1,80.8795078748803,AX,19.8083671351623,L1,0.247004886941008,L2,0.07031508...
check iteration duration=4.19616699219e-05
GetData ===>> H2,-0.135291035721626,H1,81.1077664306383,AX,19.8119588164317,L1,0.26793838822812,L2,0.1439461109...
check iteration duration=1.81198120117e-05
GetData ===>> H2,-0.152411867508918,H1,81.1657557644923,AX,19.755081230135,L1,0.276389230087234,L2,0.1566851467...
Equilibration Finished
04:37:17 -- ******* Equilibration Finished *******
checking ownership. requestor=129.138.12.150
check software interlocks R
interlocks []
actuate state mode=None-script, software_lock=False
doing actuation None-script close_channel True
check iteration duration=2.98023223877e-05
GetData ===>> H2,0.0186083747789824,H1,80.9071143378515,AX,19.7252680123743,L1,0.259174595168472,L2,0.128700272...
Close R ===>> OK
GetIndicatorState R ===>> False
change switch state (True, True)
update switch state R False args=() kw={} ncanvase=3
04:37:18 -- CLOSE  VALVE-R (Jan Inlet)
Post Equilibration Started jan_pump_extraction_line.py
04:37:18 -- ******* Post Equilibration Started jan_pump_extraction_line.py *******
testing...
no interpolation path defined
calculate duration
testing...
no interpolation path defined
executed snippet estimated_duration=4.0, duration=0.000151872634888
executed snippet estimated_duration=4.0, duration=0.0278429985046
Pump after analysis
doing GOSUB
testing...
no interpolation path defined
executed snippet estimated_duration=4.0, duration=0.000173091888428
Pump Microbone
close () {'description': 'Jan Inlet'}
closing name=--- desc=Jan Inlet
check iteration duration=4.10079956055e-05
waiting for write to finish
measurement finished
estimated time: 12.583 actual time: :12.723
flush and close file /Users/jan/PychronDev/data/isotopes/e5/406683-3a4a-4c63-b172-e16f1aa6c4a4.h5
set_fits () {}
using default fits file=/Users/jan/PychronDev/scripts/measurement/fits/nominal_linear.yaml
set "Ar40" to "('Linear', 'SEM')"
No fit for "PM41". defaulting to linear. check the measurement script "jan_unknown120_60.py"
set "PM41" to "linear"
set "Ar36" to "('Linear', 'SEM')"
set "Ar37" to "('linear', 'SEM')"
set "Ar38" to "('linear', 'SEM')"
set "Ar39" to "('Linear', 'SEM')"
set_baseline_fits () {}
using default fits file=/Users/jan/PychronDev/scripts/measurement/fits/nominal_linear.yaml
set "H1" to "('average', 'SEM')"
set "H2" to "('average', 'SEM')"
set "CDD" to "('average', 'SEM')"
set "L2" to "('average', 'SEM')"
set "L1" to "('average', 'SEM')"
set "AX" to "('average', 'SEM')"
multicollect () {'integration_time': 1, 'ncounts': 120}
build tables- signal [Detector(H2), Detector(H1), Detector(AX), Detector(L1), Detector(L2), Detector(CDD)]
add group /signal/PM41 (Group) '' table H2
add group /signal/Ar40 (Group) '' table H1
add group /signal/Ar39 (Group) '' table AX
add group /signal/Ar38 (Group) '' table L1
add group /signal/Ar37 (Group) '' table L2
add group /signal/Ar36 (Group) '' table CDD
flush and close file /Users/jan/PychronDev/data/isotopes/e5/406683-3a4a-4c63-b172-e16f1aa6c4a4.h5
measuring signal. ncounts=120
"signal" increment series count="2" fit count="1" regressing="True"
starting measurement
check iteration duration=6.00814819336e-05
GetData ===>> H2,0.0204063520147914,H1,81.2085201863188,AX,19.8309289789472,L1,0.276339348500842,L2,0.112886849...
checking ownership. requestor=129.138.12.150
check software interlocks R
interlocks []
actuate state mode=None-script, software_lock=False
doing actuation None-script close_channel False
Close R ===>> OK
GetIndicatorState R ===>> False
change switch state (True, True)
update switch state R False args=() kw={} ncanvase=3
04:37:19 -- CLOSE  VALVE-R (Jan Inlet)
---------------------------------------- close None (Jan Inlet) result=[(True, True)]
action=close, ok=True, locked=[False]
is_closed ('F',) {}
is F () closed?
is closed True
open () {'description': 'CO2 Laser to Jan'}
opening name=--- desc=CO2 Laser to Jan
checking ownership. requestor=129.138.12.150
check software interlocks A
interlocks []
actuate state mode=None-script, software_lock=False
doing actuation None-script open_channel False
Open A ===>> OK
GetIndicatorState A ===>> OK
change switch state (True, True)
update switch state A True args=() kw={} ncanvase=3
check iteration duration=8.70227813721e-05
GetData ===>> H2,-0.0788801481980728,H1,81.0424121899519,AX,19.855490352322,L1,0.270259270864491,L2,0.122383710...
04:37:20 -- OPEN   VALVE-A (CO2 Laser to Jan)
---------------------------------------- open None (CO2 Laser to Jan) result=[(True, True)], time=0.13 sec
action=open, ok=True, locked=[False]
sleep (1,) {}
SLEEP 1.0
check iteration duration=6.38961791992e-05
GetData ===>> H2,-0.200275359144939,H1,80.9743245665522,AX,19.6614943039074,L1,0.276952543944168,L2,0.193098255...
close () {'description': 'CO2 Laser to Roughing'}
closing name=--- desc=CO2 Laser to Roughing
checking ownership. requestor=129.138.12.150
check software interlocks G
interlocks []
actuate state mode=None-script, software_lock=True
VALVE-G(CO2 Laser to Roughing) software locked
change switch state (True, False)
---------------------------------------- close None (CO2 Laser to Roughing) result=[(True, False)]
action=close, ok=True, locked=[True]
open () {'description': 'Microbone to Turbo'}
opening name=--- desc=Microbone to Turbo
checking ownership. requestor=129.138.12.150
check software interlocks U
interlocks []
actuate state mode=None-script, software_lock=False
doing actuation None-script open_channel True
Open U ===>> OK
GetIndicatorState U ===>> OK
change switch state (True, True)
update switch state U True args=() kw={} ncanvase=3
04:37:21 -- OPEN   VALVE-U (Microbone to Turbo)
---------------------------------------- open None (Microbone to Turbo) result=[(True, True)], time=0.18 sec
action=open, ok=True, locked=[False]
open () {'description': 'Microbone to Getter NP-10'}
opening name=--- desc=Microbone to Getter NP-10
checking ownership. requestor=129.138.12.150
check software interlocks M
interlocks []
actuate state mode=None-script, software_lock=False
doing actuation None-script open_channel False
Open M ===>> OK
GetIndicatorState M ===>> OK
change switch state (True, True)
update switch state M True args=() kw={} ncanvase=3
04:37:22 -- OPEN   VALVE-M (Microbone to Getter NP-10)
---------------------------------------- open None (Microbone to Getter NP-10) result=[(True, True)], time=0.14 sec
check iteration duration=8.60691070557e-05
GetData ===>> H2,-0.117850823692823,H1,80.9909245867387,AX,19.8996891074038,L1,0.269634319158154,L2,0.154118955...
action=open, ok=True, locked=[False]
open () {'description': 'Microbone to Getter D-50'}
opening name=--- desc=Microbone to Getter D-50
checking ownership. requestor=129.138.12.150
check software interlocks K
interlocks []
actuate state mode=None-script, software_lock=False
doing actuation None-script open_channel False
Open K ===>> OK
GetIndicatorState K ===>> OK
change switch state (True, True)
update switch state K True args=() kw={} ncanvase=3
04:37:22 -- OPEN   VALVE-K (Microbone to Getter D-50)
---------------------------------------- open None (Microbone to Getter D-50) result=[(True, True)], time=0.40 sec
action=open, ok=True, locked=[False]
open () {'description': 'Microbone to CO2 Laser'}
opening name=--- desc=Microbone to CO2 Laser
checking ownership. requestor=129.138.12.150
check software interlocks T
interlocks []
actuate state mode=None-script, software_lock=False
doing actuation None-script open_channel False
testing H1>-5.0
evaluate ot="H1.bs>-5.0" t="H1>-5.0", ctx="{'H1': None}"
check iteration duration=0.000607013702393
GetData ===>> H2,-0.297392639815649,H1,81.0261747210559,AX,19.6834489583748,L1,0.220673696952536,L2,0.242663779...
check iteration duration=8.79764556885e-05
GetData ===>> H2,-0.117420564861664,H1,81.0061695203731,AX,19.6898580264657,L1,0.195376187439921,L2,0.149716672...
check iteration duration=8.60691070557e-05
GetData ===>> H2,-0.158218863332367,H1,80.9250245853275,AX,19.7532288392477,L1,0.253744061021336,L2,0.032694019...
check iteration duration=3.81469726562e-05
GetData ===>> H2,-0.205082383620805,H1,80.7650023207252,AX,19.700251234322,L1,0.27080643899356,L2,0.15142738041...
check iteration duration=4.10079956055e-05
GetData ===>> H2,-0.198138098136788,H1,80.7900084366106,AX,19.6376969465826,L1,0.250958206185316,L2,0.052329481...
Open T ===>> OK
GetIndicatorState T ===>> OK
change switch state (True, True)
update switch state T True args=() kw={} ncanvase=3
04:37:28 -- OPEN   VALVE-T (Microbone to CO2 Laser)
---------------------------------------- open None (Microbone to CO2 Laser) result=[(True, True)], time=5.02 sec
action=open, ok=True, locked=[False]
open () {'description': 'Microbone to Inlet Pipette'}
opening name=--- desc=Microbone to Inlet Pipette
checking ownership. requestor=129.138.12.150
check software interlocks S
interlocks []
actuate state mode=None-script, software_lock=False
doing actuation None-script open_channel False
Open S ===>> OK
testing H1>-5.0
evaluate ot="H1.bs>-5.0" t="H1>-5.0", ctx="{'H1': None}"
check iteration duration=0.000724077224731
GetData ===>> H2,-0.0918117230577686,H1,80.9882108268185,AX,19.6586965948856,L1,0.266997541662663,L2,0.05766664...
GetIndicatorState S ===>> OK
change switch state (True, True)
update switch state S True args=() kw={} ncanvase=3
04:37:28 -- OPEN   VALVE-S (Microbone to Inlet Pipette)
---------------------------------------- open None (Microbone to Inlet Pipette) result=[(True, True)], time=0.44 sec
action=open, ok=True, locked=[False]
sleep (1,) {}
SLEEP 1.0
check iteration duration=8.9168548584e-05
GetData ===>> H2,-0.0821074577828909,H1,80.9653804641171,AX,19.7163793000606,L1,0.222815074987185,L2,0.15232836...
set_resource () {'name': 'CO2PumpTimeFlag', 'value': 30}
Set CO2PumpTimeFlag 30 ===>> OK
release ('JanCO2Flag',) {}
release JanCO2Flag
Set JanCO2Flag 0 ===>> OK
executed snippet estimated_duration=6.0, duration=11.8089258671
PumpMicrobone.py completed successfully
gosub finished
get_resource_value () {'name': 'JanMiniboneFlag'}
Read JanMiniboneFlag ===>> 0
Get Resource Value JanMiniboneFlag=0.0
get resource value 0.0
get_resource_value () {'name': 'JanMiniboneFlag'}
Read JanMiniboneFlag ===>> 0
Get Resource Value JanMiniboneFlag=0.0
executed snippet estimated_duration=4.0, duration=11.8222911358
jan_pump_extraction_line.py completed successfully
Post Equilibration Finished
04:37:30 -- ******* Post Equilibration Finished *******
check iteration duration=7.39097595215e-05
GetData ===>> H2,-0.114691153494273,H1,81.0280346456256,AX,19.7130589931622,L1,0.227477361067259,L2,0.152556464...
check iteration duration=3.91006469727e-05
GetData ===>> H2,-0.208162873566183,H1,80.9100964283677,AX,19.639881024826,L1,0.249552810793676,L2,0.0927903563...
check iteration duration=9.79900360107e-05
GetData ===>> H2,-0.221513849894778,H1,80.8099127366754,AX,19.5323648458224,L1,0.283299855248699,L2,0.084515886...
testing H1>-5.0
evaluate ot="H1.bs>-5.0" t="H1>-5.0", ctx="{'H1': None}"
check iteration duration=0.000608205795288
GetData ===>> H2,-0.158349884988262,H1,80.8908144780362,AX,19.7683299517089,L1,0.247086245495524,L2,0.131197367...
check iteration duration=8.51154327393e-05
GetData ===>> H2,-0.17628538496426,H1,80.9105822805692,AX,19.6189999932519,L1,0.249792090879523,L2,0.0709424189...
check iteration duration=4.6968460083e-05
GetData ===>> H2,-0.102364847390356,H1,80.8449739288005,AX,19.611989476766,L1,0.23051311797919,L2,0.13319281028...
check iteration duration=8.60691070557e-05
GetData ===>> H2,-0.0946916817836092,H1,80.6480639143843,AX,19.600280766256,L1,0.231769181316591,L2,0.143170646...
check iteration duration=8.08238983154e-05
GetData ===>> H2,-0.12783420159268,H1,80.6711247489435,AX,19.7121778520607,L1,0.255682337464981,L2,0.0655588932...
testing H1>-5.0
evaluate ot="H1.bs>-5.0" t="H1>-5.0", ctx="{'H1': None}"
check iteration duration=0.00055193901062
GetData ===>> H2,-0.128032914477349,H1,80.7500924370865,AX,19.590871312341,L1,0.263741715252495,L2,0.0956398575...
check iteration duration=3.50475311279e-05
GetData ===>> H2,-0.147860834717246,H1,80.7588937386517,AX,19.6239676496227,L1,0.230661167633971,L2,0.156571092...
check iteration duration=8.60691070557e-05
GetData ===>> H2,-0.262104657036061,H1,80.7265163437237,AX,19.7139784524684,L1,0.254502314642603,L2,0.211971900...
check iteration duration=8.29696655273e-05
GetData ===>> H2,-0.186992947768115,H1,80.6598783536377,AX,19.5513912569549,L1,0.252727068972831,L2,0.102877971...
check iteration duration=3.81469726562e-05
GetData ===>> H2,-0.0487911060406508,H1,80.6427929200876,AX,19.6830021252888,L1,0.234008634952545,L2,0.12598660...
testing H1>-5.0
evaluate ot="H1.bs>-5.0" t="H1>-5.0", ctx="{'H1': None}"
check iteration duration=0.000582933425903
04:37:44 -- collecting point 25
GetData ===>> H2,-0.121116470784334,H1,80.7000481873259,AX,19.5681362736722,L1,0.198533099947788,L2,0.078988573...
check iteration duration=8.79764556885e-05
GetData ===>> H2,-0.318878222564454,H1,80.6168591632794,AX,19.6608555511215,L1,0.195261078633396,L2,0.095183931...
check iteration duration=8.39233398438e-05
GetData ===>> H2,-0.261619178989422,H1,80.4856466749054,AX,19.4399498121073,L1,0.238694265983207,L2,0.200309511...
check iteration duration=8.60691070557e-05
GetData ===>> H2,-0.335304189213091,H1,80.3751504672401,AX,19.5818839489241,L1,0.258848778821778,L2,0.098113293...
check iteration duration=8.41617584229e-05
GetData ===>> H2,-0.377305172609991,H1,80.5736859015941,AX,19.4797802980292,L1,0.243108936661908,L2,0.196760866...
testing H1>-5.0
evaluate ot="H1.bs>-5.0" t="H1>-5.0", ctx="{'H1': None}"
check iteration duration=0.000540018081665
GetData ===>> H2,-0.262763582736934,H1,80.7196518899171,AX,19.5146813534912,L1,0.210017318203845,L2,0.156274551...
check iteration duration=9.70363616943e-05
GetData ===>> H2,-0.234664229525414,H1,80.5911643713089,AX,19.4455387142126,L1,0.24882650259427,L2,0.1894243753...
check iteration duration=4.50611114502e-05
GetData ===>> H2,-0.204806095711101,H1,80.4355957751189,AX,19.5528971803007,L1,0.23167208877175,L2,0.1481884663...
check iteration duration=4.31537628174e-05
GetData ===>> H2,-0.193533123307179,H1,80.5076927936059,AX,19.594854589519,L1,0.241277809122701,L2,0.0695394794...
check iteration duration=9.70363616943e-05
GetData ===>> H2,-0.181284227405755,H1,80.4645237873075,AX,19.5229103211268,L1,0.24276906772031,L2,0.1145512970...
testing H1>-5.0
evaluate ot="H1.bs>-5.0" t="H1>-5.0", ctx="{'H1': None}"
check iteration duration=0.000704050064087
GetData ===>> H2,-0.143976914857228,H1,80.4911495167814,AX,19.4817205142816,L1,0.186623156009552,L2,0.217849278...
check iteration duration=5.10215759277e-05
GetData ===>> H2,-0.155862916550576,H1,80.6056171131769,AX,19.4491116812189,L1,0.227069750393237,L2,0.110504231...
check iteration duration=8.48770141602e-05
GetData ===>> H2,-0.249243234258527,H1,80.3267242050785,AX,19.5225403229605,L1,0.20439404670096,L2,0.0669617743...
check iteration duration=6.69956207275e-05
GetData ===>> H2,-0.216415150994366,H1,80.284216625435,AX,19.3729694950387,L1,0.209116658596495,L2,0.1830239453...
check iteration duration=7.58171081543e-05
GetData ===>> H2,-0.203811403351449,H1,80.3799971670379,AX,19.5693616215749,L1,0.225326670960021,L2,0.197764971...
testing H1>-5.0
evaluate ot="H1.bs>-5.0" t="H1>-5.0", ctx="{'H1': None}"
check iteration duration=0.000589847564697
GetData ===>> H2,-0.085069760683093,H1,80.5197543892856,AX,19.563311602549,L1,0.263548512972653,L2,0.0957424411...
check iteration duration=9.20295715332e-05
GetData ===>> H2,-0.166146322808465,H1,80.5146686525196,AX,19.2580337511294,L1,0.278927429579764,L2,0.007705115...
check iteration duration=7.58171081543e-05
GetData ===>> H2,-0.119786786685699,H1,80.4148816319795,AX,19.4907507712307,L1,0.268507314284743,L2,0.154951534...
check iteration duration=7.79628753662e-05
GetData ===>> H2,-0.189592752711098,H1,80.3223775773276,AX,19.5372008834972,L1,0.21326180818034,L2,0.1535943207...
check iteration duration=3.91006469727e-05
GetData ===>> H2,-0.163247927409264,H1,80.4090307330154,AX,19.5735610972789,L1,0.204033003136907,L2,0.101897659...
testing H1>-5.0
evaluate ot="H1.bs>-5.0" t="H1>-5.0", ctx="{'H1': None}"
check iteration duration=0.000549077987671
GetData ===>> H2,-0.127397561739821,H1,80.2874088432308,AX,19.4199954738269,L1,0.203860966751816,L2,0.182921268...
check iteration duration=8.01086425781e-05
GetData ===>> H2,-0.192814711198815,H1,80.2244302866011,AX,19.4114101287498,L1,0.241779532138021,L2,0.223989526...
check iteration duration=4.29153442383e-05
GetData ===>> H2,-0.254810303737422,H1,80.2084770904332,AX,19.5217748135709,L1,0.246419610209316,L2,0.058886935...
check iteration duration=5.91278076172e-05
GetData ===>> H2,-0.202739787282482,H1,80.2985069616032,AX,19.3200246352359,L1,0.204209888651031,L2,0.138757464...
check iteration duration=8.60691070557e-05
GetData ===>> H2,-0.069983370837942,H1,80.2260340590858,AX,19.4061036327379,L1,0.190374397426728,L2,0.198518057...
testing H1>-5.0
evaluate ot="H1.bs>-5.0" t="H1>-5.0", ctx="{'H1': None}"
check iteration duration=0.000664949417114
04:38:10 -- collecting point 50
GetData ===>> H2,-0.0942893983772656,H1,80.1306065659459,AX,19.5336153042906,L1,0.161497080935856,L2,0.12457279...
check iteration duration=5.50746917725e-05
GetData ===>> H2,-0.163341087186039,H1,80.3805988380066,AX,19.4270505149394,L1,0.211327841525733,L2,0.090886936...
check iteration duration=8.48770141602e-05
GetData ===>> H2,-0.283866583165275,H1,80.1598953275377,AX,19.3266142246277,L1,0.198145249828944,L2,0.086829474...
check iteration duration=5.69820404053e-05
GetData ===>> H2,-0.273776734209625,H1,80.3077003451701,AX,19.3019377880775,L1,0.217679177882414,L2,0.166015256...
check iteration duration=7.89165496826e-05
GetData ===>> H2,-0.190292494469601,H1,80.2586313687903,AX,19.3167363652331,L1,0.259125965202219,L2,0.163825222...
testing H1>-5.0
evaluate ot="H1.bs>-5.0" t="H1>-5.0", ctx="{'H1': None}"
check iteration duration=0.00071907043457
GetData ===>> H2,-0.173122650245256,H1,80.183573687355,AX,19.3492028986906,L1,0.238643257621205,L2,0.0437085385...
check iteration duration=6.60419464111e-05
GetData ===>> H2,-0.230034801459724,H1,80.3559169720893,AX,19.387979340487,L1,0.274197103568464,L2,0.0430813838...
check iteration duration=8.39233398438e-05
GetData ===>> H2,-0.17743002316218,H1,80.1960665921597,AX,19.4609926539296,L1,0.247285394548079,L2,0.0733149162...
check iteration duration=7.60555267334e-05
GetData ===>> H2,-0.116189230944503,H1,80.0446135126517,AX,19.3287811028371,L1,0.217737409724805,L2,0.155898174...
check iteration duration=8.58306884766e-05
GetData ===>> H2,-0.245200682053627,H1,80.1299717375661,AX,19.4108871210629,L1,0.236714843068174,L2,0.229810571...
testing H1>-5.0
evaluate ot="H1.bs>-5.0" t="H1>-5.0", ctx="{'H1': None}"
check iteration duration=0.000591993331909
GetData ===>> H2,-0.165881758543821,H1,80.2427411133157,AX,19.4477462833219,L1,0.266450577723109,L2,0.155533203...
check iteration duration=8.29696655273e-05
GetData ===>> H2,-0.109977754740814,H1,80.0679394866724,AX,19.4119841645182,L1,0.237646216870476,L2,0.128495034...
check iteration duration=9.10758972168e-05
GetData ===>> H2,-0.175706272747269,H1,79.9784755008038,AX,19.4353308940414,L1,0.245125320838297,L2,0.054484838...
check iteration duration=4.10079956055e-05
GetData ===>> H2,-0.271915979074118,H1,79.9613263893756,AX,19.319094223007,L1,0.242363667448566,L2,0.0870346228...
check iteration duration=9.48905944824e-05
GetData ===>> H2,-0.244658426020245,H1,80.0424931620891,AX,19.2797221082238,L1,0.240089808080721,L2,0.104736032...
testing H1>-5.0
evaluate ot="H1.bs>-5.0" t="H1>-5.0", ctx="{'H1': None}"
check iteration duration=0.000717878341675
GetData ===>> H2,-0.227890356645571,H1,80.007954331822,AX,19.2635414887607,L1,0.261135791761226,L2,0.1905310884...
check iteration duration=7.70092010498e-05
GetData ===>> H2,-0.266649116905812,H1,79.876246420624,AX,19.322038431875,L1,0.26203582914611,L2,0.066573984002...
check iteration duration=4.60147857666e-05
GetData ===>> H2,-0.197579781749697,H1,79.9036993852353,AX,19.3332169668501,L1,0.269246479271007,L2,0.096654300...
check iteration duration=8.70227813721e-05
GetData ===>> H2,-0.223527517905315,H1,79.8392226481006,AX,19.279250298233,L1,0.237236984779207,L2,0.0620688879...
check iteration duration=8.89301300049e-05
GetData ===>> H2,-0.195085708123291,H1,79.8763131690264,AX,19.1792098402878,L1,0.261943495870975,L2,0.090168890...
testing H1>-5.0
evaluate ot="H1.bs>-5.0" t="H1>-5.0", ctx="{'H1': None}"
check iteration duration=0.000577211380005
GetData ===>> H2,-0.104263721233468,H1,79.9146820780591,AX,19.2643829736493,L1,0.255351771475255,L2,0.078168051...
check iteration duration=4.00543212891e-05
GetData ===>> H2,-0.0892955645820482,H1,79.7530415959945,AX,19.2634267413343,L1,0.277584027746948,L2,0.22703697...
check iteration duration=4.29153442383e-05
GetData ===>> H2,-0.180119737472403,H1,79.7036996850667,AX,19.2564146321986,L1,0.261583284360909,L2,0.128677468...
check iteration duration=7.5101852417e-05
GetData ===>> H2,-0.2245604779046,H1,79.7940396364178,AX,19.3767823319492,L1,0.254289657697684,L2,0.15084573636...
check iteration duration=8.79764556885e-05
GetData ===>> H2,-0.268471764450658,H1,79.9558998926589,AX,19.2288551227699,L1,0.245562398307263,L2,0.143718032...
testing H1>-5.0
evaluate ot="H1.bs>-5.0" t="H1>-5.0", ctx="{'H1': None}"
check iteration duration=0.00058388710022
04:38:37 -- collecting point 75
GetData ===>> H2,-0.230369960385401,H1,79.8461294500842,AX,19.1973399298214,L1,0.197306574525552,L2,0.051554020...
check iteration duration=8.48770141602e-05
GetData ===>> H2,-0.265658365595147,H1,79.7828920535305,AX,19.1607261744735,L1,0.241196418129181,L2,0.016961192...
check iteration duration=6.60419464111e-05
GetData ===>> H2,-0.315011303569803,H1,80.0456653520023,AX,19.312454118585,L1,0.227220176242544,L2,0.1028893709...
check iteration duration=4.10079956055e-05
GetData ===>> H2,-0.243633046905823,H1,79.7263500996958,AX,19.2448647782221,L1,0.245669242317038,L2,0.168159713...
check iteration duration=8.58306884766e-05
GetData ===>> H2,-0.15180958600711,H1,79.7408296047916,AX,19.2422643208621,L1,0.247947228799404,L2,0.1990543488...
testing H1>-5.0
evaluate ot="H1.bs>-5.0" t="H1>-5.0", ctx="{'H1': None}"
check iteration duration=0.00058913230896
GetData ===>> H2,-0.137425950799019,H1,79.7550770314488,AX,19.3300685041998,L1,0.225703888322771,L2,0.139624119...
check iteration duration=8.29696655273e-05
GetData ===>> H2,-0.107573472332787,H1,79.7925042878621,AX,19.2667544666768,L1,0.266217215365718,L2,0.075619032...
check iteration duration=8.29696655273e-05
GetData ===>> H2,-0.167551379476322,H1,79.8644324545633,AX,19.3326943411314,L1,0.241423585661235,L2,0.102843774...
check iteration duration=8.10623168945e-05
GetData ===>> H2,-0.200176932649201,H1,79.6953109551344,AX,19.2382745263568,L1,0.251619064066332,L2,0.134070818...
check iteration duration=8.20159912109e-05
GetData ===>> H2,-0.265966220300864,H1,79.6732491612471,AX,19.2092796926371,L1,0.214510897336521,L2,0.186777443...
testing H1>-5.0
evaluate ot="H1.bs>-5.0" t="H1>-5.0", ctx="{'H1': None}"
check iteration duration=0.000529050827026
GetData ===>> H2,-0.292295086194188,H1,79.6298861130011,AX,19.1178604464501,L1,0.232592077793742,L2,0.110401631...
check iteration duration=8.20159912109e-05
GetData ===>> H2,-0.226288151712077,H1,79.5705909760397,AX,19.3491009075052,L1,0.222663501620475,L2,0.167509527...
check iteration duration=8.01086425781e-05
GetData ===>> H2,-0.141966210533249,H1,79.4609230454684,AX,19.1369606978269,L1,0.233082448896537,L2,0.180787888...
check iteration duration=4.31537628174e-05
GetData ===>> H2,-0.101631198877124,H1,79.5902836410953,AX,19.2215648954471,L1,0.219745398901176,L2,0.099697693...
check iteration duration=4.10079956055e-05
GetData ===>> H2,-0.111935365768547,H1,79.5241299422979,AX,19.1192482830736,L1,0.228150682287736,L2,0.078452954...
testing H1>-5.0
evaluate ot="H1.bs>-5.0" t="H1>-5.0", ctx="{'H1': None}"
check iteration duration=0.000576019287109
GetData ===>> H2,-0.154917157973627,H1,79.695594462648,AX,19.150320168272,L1,0.202199014091905,L2,0.15278456360...
check iteration duration=6.69956207275e-05
GetData ===>> H2,-0.270014601640817,H1,79.5550689069082,AX,19.1897715496131,L1,0.206960490675159,L2,0.050983833...
check iteration duration=9.48905944824e-05
GetData ===>> H2,-0.279710290320209,H1,79.4719692775481,AX,19.1391001385018,L1,0.219375316742868,L2,0.174935600...
check iteration duration=4.00543212891e-05
GetData ===>> H2,-0.232711757339006,H1,79.523179877664,AX,19.1919884944046,L1,0.217910894063174,L2,0.1556928781...
check iteration duration=4.07695770264e-05
GetData ===>> H2,-0.23859226428396,H1,79.3127497900914,AX,19.2029719677422,L1,0.20572565706801,L2,0.06617478970...
testing H1>-5.0
evaluate ot="H1.bs>-5.0" t="H1>-5.0", ctx="{'H1': None}"
check iteration duration=0.000576972961426
GetData ===>> H2,-0.293066980908224,H1,79.336583736646,AX,19.0696923684836,L1,0.23276807460745,L2,0.05822546731...
check iteration duration=6.60419464111e-05
GetData ===>> H2,-0.268313168177907,H1,79.4479119366422,AX,19.1751077447206,L1,0.244948066984238,L2,0.135382143...
check iteration duration=8.70227813721e-05
GetData ===>> H2,-0.203362550108924,H1,79.3981610842296,AX,19.3046547525433,L1,0.303519962504342,L2,0.228497952...
check iteration duration=9.70363616943e-05
GetData ===>> H2,-0.202680474748879,H1,79.4607731026195,AX,19.1644583181816,L1,0.269597844559652,L2,0.092835947...
check iteration duration=9.58442687988e-05
GetData ===>> H2,-0.214407521070178,H1,79.3820643862381,AX,19.1747510481952,L1,0.219627699181995,L2,0.101042744...
testing H1>-5.0
evaluate ot="H1.bs>-5.0" t="H1>-5.0", ctx="{'H1': None}"
check iteration duration=0.000579118728638
04:39:03 -- collecting point 100
GetData ===>> H2,-0.196531852698901,H1,79.3015753838902,AX,19.0627887874994,L1,0.222083901173821,L2,0.073668514...
check iteration duration=9.51290130615e-05
GetData ===>> H2,-0.217428840664508,H1,79.3010091933502,AX,19.1659614026157,L1,0.25871261985,L2,0.0515654244765...
check iteration duration=9.01222229004e-05
GetData ===>> H2,-0.141426989285256,H1,79.1836277499218,AX,19.0779721588891,L1,0.227198340094298,L2,0.081712302...
check iteration duration=8.70227813721e-05
GetData ===>> H2,-0.169234248736796,H1,79.3496599900985,AX,19.0808129116904,L1,0.190476128868504,L2,0.147914760...
check iteration duration=3.60012054443e-05
GetData ===>> H2,-0.269053713024103,H1,79.2530412022867,AX,19.0434942426657,L1,0.206799311542477,L2,0.141688159...
testing H1>-5.0
evaluate ot="H1.bs>-5.0" t="H1>-5.0", ctx="{'H1': None}"
check iteration duration=0.000536918640137
GetData ===>> H2,-0.226585721235177,H1,79.1115851212482,AX,19.0715520809333,L1,0.244952923213145,L2,0.167361239...
check iteration duration=9.48905944824e-05
GetData ===>> H2,-0.230211131290593,H1,79.3292049386671,AX,19.1635794057179,L1,0.240194268876346,L2,0.100165039...
check iteration duration=3.79085540771e-05
GetData ===>> H2,-0.186259284822155,H1,79.289869028445,AX,19.2041187991417,L1,0.237558783114188,L2,0.2034246681...
check iteration duration=4.41074371338e-05
GetData ===>> H2,-0.125587287315259,H1,79.2858394715125,AX,19.0540134768046,L1,0.216326594450128,L2,0.119738631...
check iteration duration=4.19616699219e-05
GetData ===>> H2,-0.181110168736607,H1,79.2057740085282,AX,19.0779976361572,L1,0.218232393835554,L2,0.115748349...
testing H1>-5.0
evaluate ot="H1.bs>-5.0" t="H1>-5.0", ctx="{'H1': None}"
check iteration duration=0.00054407119751
GetData ===>> H2,-0.162420256923235,H1,79.1561745937954,AX,19.1955306050248,L1,0.247972731529389,L2,-0.01764192...
check iteration duration=6.60419464111e-05
GetData ===>> H2,-0.0808990175428412,H1,79.1744039531002,AX,19.0139669625864,L1,0.228884713793072,L2,0.16487460...
check iteration duration=6.98566436768e-05
GetData ===>> H2,-0.103034835550246,H1,79.0672095141477,AX,19.0008166436685,L1,0.23378648828766,L2,0.1448812376...
check iteration duration=3.69548797607e-05
GetData ===>> H2,-0.116228473316074,H1,79.134319146729,AX,18.9694686369236,L1,0.218538131340401,L2,0.1053059974...
check iteration duration=8.01086425781e-05
GetData ===>> H2,-0.229023880383972,H1,79.2534407287902,AX,19.0525616080778,L1,0.224400061264912,L2,0.070531800...
testing H1>-5.0
evaluate ot="H1.bs>-5.0" t="H1>-5.0", ctx="{'H1': None}"
check iteration duration=0.000577926635742
GetData ===>> H2,-0.165058330226712,H1,79.0859763290837,AX,19.0364650168816,L1,0.227379096287332,L2,0.203105160...
check iteration duration=8.39233398438e-05
GetData ===>> H2,-0.137943732232352,H1,79.1751198577666,AX,19.0342748453579,L1,0.265407781052835,L2,0.137719768...
check iteration duration=3.91006469727e-05
GetData ===>> H2,-0.0995017256001497,H1,79.0818833512015,AX,18.9885207139451,L1,0.292227561969982,L2,0.15640001...
check iteration duration=3.79085540771e-05
GetData ===>> H2,-0.0236928337075662,H1,78.9140108167403,AX,19.0037062652187,L1,0.246001922883588,L2,0.12949842...
check iteration duration=8.48770141602e-05
GetData ===>> H2,0.00360851845730663,H1,79.0691559548458,AX,19.0646483798225,L1,0.236345717166608,L2,0.12322741...
testing H1>-5.0
evaluate ot="H1.bs>-5.0" t="H1>-5.0", ctx="{'H1': None}"
check iteration duration=0.000603199005127
GetData ===>> H2,-0.0998632091351082,H1,79.1526621778365,AX,19.0253490873177,L1,0.254216747766023,L2,0.22299656...
check iteration duration=1.71661376953e-05
waiting for write to finish
measurement finished
estimated time: 125.829 actual time: :126.427
flush and close file /Users/jan/PychronDev/data/isotopes/e5/406683-3a4a-4c63-b172-e16f1aa6c4a4.h5
baselines () {'settling_time': 15.0, 'detector': 'H1', 'mass': 34.2, 'ncounts': 60}
%%%%%%%%%%%%%%%%%%%%%%%%%%%%%%%% Baseline
build tables- baseline [Detector(H2), Detector(H1), Detector(AX), Detector(L1), Detector(L2), Detector(CDD)]
add group baseline table H2
add group baseline table H1
add group baseline table AX
add group baseline table L1
add group baseline table L2
add group baseline table CDD
flush and close file /Users/jan/PychronDev/data/isotopes/e5/406683-3a4a-4c63-b172-e16f1aa6c4a4.h5
detector Detector(H1)
POSITION 34.2 H1
Mapping mass to dac mass func: "parabolic"
H1 map mass coeffs = [-0.00063987  0.15840543  0.57265999]
H1 map mass to dac 34.2 >> 5.24170599104
GetDeflection H1 ===>> 0
GetHighVoltage ===>> 4499.94659342336
positioning 34.2 (5.24167512313) on H1
setting magnet DAC
current  : 5.881015
requested: 5.241675
Delta Dac: 0.639340
Checking detector protection. dv=0.63934
Checking detector "CDD". Protection Threshold: 0.1 (V)
ProtectDetector CDD,On ===>> OK
GetDeflection CDD ===>> 2000
Protected = 2000
SetMagnetDAC 5.24167512313 ===>> OK
Magnet settling time: 0.500
GetMagnetMoving ===>> True
GetMagnetMoving ===>> True
GetMagnetMoving ===>> True
GetMagnetMoving ===>> True
GetMagnetMoving ===>> True
GetMagnetMoving ===>> True
GetMagnetMoving ===>> True
GetMagnetMoving ===>> True
GetMagnetMoving ===>> False
ProtectDetector CDD,Off ===>> OK
GetDeflection CDD ===>> 50
Delaying 15.0s for detectors to settle
Join finished
measuring baseline. ncounts=60
"baseline" increment series count="2" fit count="1" regressing="True"
starting measurement
check iteration duration=3.40938568115e-05
GetData ===>> H2,-0.200817363683542,H1,-0.0261943271815611,AX,-0.046739515926211,L1,-0.031721069064168,L2,0.056...
check iteration duration=3.981590271e-05
GetData ===>> H2,-0.222045924144024,H1,-0.111294007009799,AX,0.018180525282584,L1,-0.0185141293113211,L2,0.0074...
check iteration duration=3.88622283936e-05
GetData ===>> H2,-0.209929127733744,H1,-0.0145663262600458,AX,-0.118985637250714,L1,-0.0149040999099144,L2,0.04...
check iteration duration=8.51154327393e-05
GetData ===>> H2,-0.235782274930038,H1,-0.0946588311132366,AX,-0.17955162073939,L1,-0.023995059176516,L2,0.0427...
testing H1>-5.0
evaluate ot="H1.bs>-5.0" t="H1>-5.0", ctx="{'H1': None}"
check iteration duration=0.000589847564697
GetData ===>> H2,-0.32798990162174,H1,0.0518882680285994,AX,-0.0979189099171425,L1,-0.0324958583400829,L2,-0.01...
check iteration duration=3.69548797607e-05
GetData ===>> H2,-0.256901951460904,H1,0.00870565846409228,AX,0.0335092252310434,L1,0.0176938925931239,L2,-0.03...
check iteration duration=8.60691070557e-05
GetData ===>> H2,-0.180037422527999,H1,-0.000348514226611152,AX,0.0428050931797181,L1,-0.0398396801036981,L2,-0...
check iteration duration=6.29425048828e-05
GetData ===>> H2,-0.16829095505788,H1,-0.042936275530958,AX,-0.0877779070891746,L1,-0.0240010515598372,L2,-0.08...
check iteration duration=6.98566436768e-05
GetData ===>> H2,-0.128818269447562,H1,0.00361183999395567,AX,-0.105219777497454,L1,-0.0601640336501641,L2,-0.0...
testing H1>-5.0
evaluate ot="H1.bs>-5.0" t="H1>-5.0", ctx="{'H1': None}"
check iteration duration=0.000638008117676
GetData ===>> H2,-0.0627891782269037,H1,-0.0199094113597418,AX,0.000383231318905782,L1,-0.013119995393757,L2,0....
check iteration duration=7.10487365723e-05
GetData ===>> H2,0.0114978587760396,H1,-0.0535237544381449,AX,-0.132274564596145,L1,-0.00866382424161804,L2,0.0...
check iteration duration=4.00543212891e-05
GetData ===>> H2,-0.0495172747586861,H1,-0.0941106335435869,AX,0.00669428525792777,L1,-0.00720198140651489,L2,-...
check iteration duration=6.69956207275e-05
GetData ===>> H2,-0.11807000588542,H1,-0.103453416273358,AX,-0.103782824643986,L1,-0.0198738510510113,L2,-0.093...
check iteration duration=8.70227813721e-05
GetData ===>> H2,-0.166382535681595,H1,-0.0349472335730237,AX,-0.216436896814127,L1,-0.0354656875801585,L2,0.02...
testing H1>-5.0
evaluate ot="H1.bs>-5.0" t="H1>-5.0", ctx="{'H1': None}"
check iteration duration=0.000534057617188
GetData ===>> H2,-0.247442089466085,H1,-0.0231294365092836,AX,-0.123133553137364,L1,-0.0455753385324862,L2,0.02...
check iteration duration=8.20159912109e-05
GetData ===>> H2,-0.155434632799525,H1,-0.0876512098935354,AX,-0.00604341414033195,L1,-0.0602011256906608,L2,-0...
check iteration duration=8.60691070557e-05
GetData ===>> H2,-0.217298128331089,H1,-0.0499351061068907,AX,-0.108673012887127,L1,-0.0554091354332025,L2,0.04...
check iteration duration=8.9168548584e-05
GetData ===>> H2,-0.267006680132714,H1,-0.0440093818354857,AX,-0.0765694205945508,L1,-0.025393584625719,L2,0.00...
check iteration duration=8.79764556885e-05
GetData ===>> H2,-0.202668342601423,H1,-0.0357938637517428,AX,0.00998918922216721,L1,-0.00433764108191897,L2,-0...
testing H1>-5.0
evaluate ot="H1.bs>-5.0" t="H1>-5.0", ctx="{'H1': None}"
check iteration duration=0.000641107559204
GetData ===>> H2,-0.30399188217834,H1,-0.117442125524625,AX,-0.0131423920550252,L1,-0.00954034844155562,L2,-0.0...
check iteration duration=4.88758087158e-05
GetData ===>> H2,-0.149874545601802,H1,-0.0981386238994684,AX,-0.0871172565187097,L1,-0.0474856994402235,L2,0.0...
check iteration duration=3.79085540771e-05
GetData ===>> H2,-0.169880609211012,H1,0.00426793790022657,AX,-0.160066191052881,L1,-0.020100453475243,L2,-0.05...
check iteration duration=7.82012939453e-05
GetData ===>> H2,-0.213264184149423,H1,0.00456616564286101,AX,-0.177117604356616,L1,0.0127526098487253,L2,-0.00...
check iteration duration=3.60012054443e-05
GetData ===>> H2,-0.19750425857705,H1,-0.0536548986175277,AX,-0.107004350687898,L1,-0.0134915535820809,L2,-0.00...
testing H1>-5.0
evaluate ot="H1.bs>-5.0" t="H1>-5.0", ctx="{'H1': None}"
check iteration duration=0.00057315826416
04:40:09 -- collecting point 25
GetData ===>> H2,-0.287543077372558,H1,-0.0242623836843368,AX,-0.10476783493625,L1,-0.0445014987854177,L2,0.005...
check iteration duration=8.29696655273e-05
GetData ===>> H2,-0.262145000531921,H1,0.0141934344403129,AX,-0.0465308019096342,L1,-0.0487818089219685,L2,0.07...
check iteration duration=8.29696655273e-05
GetData ===>> H2,-0.250413353569878,H1,-0.0334447454819252,AX,-0.00220371850831599,L1,-0.025616467888062,L2,0.0...
check iteration duration=9.79900360107e-05
GetData ===>> H2,-0.31552089039682,H1,0.0219006886262864,AX,-0.142281314909733,L1,-0.0230949626615011,L2,-0.022...
check iteration duration=6.69956207275e-05
GetData ===>> H2,-0.273086208206062,H1,0.0247403529068492,AX,-0.0593774749378608,L1,-0.00076326977653,L2,0.0553...
testing H1>-5.0
evaluate ot="H1.bs>-5.0" t="H1>-5.0", ctx="{'H1': None}"
check iteration duration=0.000584840774536
GetData ===>> H2,-0.0675542893352698,H1,-0.0878538180772324,AX,-0.187676158174021,L1,-0.0437999093883252,L2,-0....
check iteration duration=8.39233398438e-05
GetData ===>> H2,-0.116288013207071,H1,-0.056385042957907,AX,-0.0828634866476711,L1,-0.0528186627686235,L2,0.08...
check iteration duration=9.60826873779e-05
GetData ===>> H2,-0.202972990365191,H1,-0.0470736331640296,AX,-0.0551688690309422,L1,-0.0309438247803706,L2,-0....
check iteration duration=7.58171081543e-05
GetData ===>> H2,-0.133347765040918,H1,-0.0999857250078893,AX,-0.153110303381997,L1,0.0127994295902751,L2,-0.01...
check iteration duration=4.00543212891e-05
GetData ===>> H2,-0.182015514436461,H1,-0.111008038813431,AX,0.0170666487271321,L1,0.0114297419363471,L2,-0.076...
testing H1>-5.0
evaluate ot="H1.bs>-5.0" t="H1>-5.0", ctx="{'H1': None}"
check iteration duration=0.000649929046631
GetData ===>> H2,-0.262985457219718,H1,0.0310761967442065,AX,-0.154142124809415,L1,-0.00102848155097155,L2,0.10...
check iteration duration=8.70227813721e-05
GetData ===>> H2,-0.269936658482394,H1,-0.0770554219648776,AX,-0.127709959021643,L1,-0.00403772582856604,L2,-0....
check iteration duration=8.70227813721e-05
GetData ===>> H2,-0.322495887014628,H1,-0.0364377748674592,AX,0.000545643018735964,L1,-0.0511330488274326,L2,-0...
check iteration duration=8.39233398438e-05
GetData ===>> H2,-0.308114861999649,H1,-0.0632875647674556,AX,-0.111454052951317,L1,-0.0273418485960856,L2,0.02...
check iteration duration=7.89165496826e-05
GetData ===>> H2,-0.154671247817886,H1,-0.0582209933358111,AX,-0.0708313813056136,L1,-0.00894561531192762,L2,-0...
testing H1>-5.0
evaluate ot="H1.bs>-5.0" t="H1>-5.0", ctx="{'H1': None}"
check iteration duration=0.000594854354858
GetData ===>> H2,-0.211616983182458,H1,0.0455869090877804,AX,-0.121824313873157,L1,-0.00977055828369032,L2,0.00...
check iteration duration=8.41617584229e-05
GetData ===>> H2,-0.221360284567462,H1,-0.0236780230586263,AX,-0.0710168585746557,L1,-0.0189589967736989,L2,-0....
check iteration duration=8.10623168945e-05
GetData ===>> H2,-0.212462836711238,H1,-0.0285078400798831,AX,-0.0237666923210828,L1,0.00763736300869037,L2,0.0...
check iteration duration=3.60012054443e-05
GetData ===>> H2,-0.317407501831678,H1,-0.013397488373079,AX,-0.0375440794166537,L1,0.0131920036745221,L2,-0.06...
check iteration duration=3.60012054443e-05
GetData ===>> H2,-0.141672953034275,H1,-0.0881398524615438,AX,-0.131903843201042,L1,-0.0388371005849165,L2,0.01...
testing H1>-5.0
evaluate ot="H1.bs>-5.0" t="H1>-5.0", ctx="{'H1': None}"
check iteration duration=0.000534057617188
GetData ===>> H2,-0.134725804115914,H1,-0.0511035173666794,AX,-0.0767085203764462,L1,-0.0510636562439563,L2,-0....
check iteration duration=8.58306884766e-05
GetData ===>> H2,-0.140010566761871,H1,0.0455033710079046,AX,-0.0812175639368231,L1,-0.0201675939540711,L2,0.03...
check iteration duration=8.51154327393e-05
GetData ===>> H2,-0.187090046653686,H1,0.0471383432386176,AX,0.111942385684657,L1,0.00536022146757771,L2,-0.039...
check iteration duration=4.10079956055e-05
GetData ===>> H2,-0.163265479309823,H1,-0.00588320460732632,AX,-0.0637250171768459,L1,-0.00228844206935666,L2,-...
check iteration duration=3.88622283936e-05
GetData ===>> H2,-0.107766939804198,H1,-0.0655167749328498,AX,0.0143864354958284,L1,-0.0063684320950624,L2,-0.0...
testing H1>-5.0
evaluate ot="H1.bs>-5.0" t="H1>-5.0", ctx="{'H1': None}"
check iteration duration=0.000536918640137
04:40:35 -- collecting point 50
GetData ===>> H2,-0.180859195712383,H1,-0.0297480517804648,AX,-0.0394342589982543,L1,-0.00353744730610347,L2,-0...
check iteration duration=8.41617584229e-05
GetData ===>> H2,-0.170950598829144,H1,-0.0308570742277191,AX,-0.0286377086141431,L1,-0.00140288628262488,L2,-0...
check iteration duration=8.79764556885e-05
GetData ===>> H2,-0.157716374485234,H1,-0.0634425382032731,AX,-0.0586586625756711,L1,-0.0326934380135699,L2,-0....
check iteration duration=9.29832458496e-05
GetData ===>> H2,-0.21367628357455,H1,-0.0555624308876233,AX,-0.15237990631674,L1,-0.0079862942773661,L2,0.0305...
check iteration duration=4.19616699219e-05
GetData ===>> H2,-0.274608264850331,H1,-0.0267548223283452,AX,-0.0942103229059418,L1,-0.0319689602274715,L2,-0....
testing H1>-5.0
evaluate ot="H1.bs>-5.0" t="H1>-5.0", ctx="{'H1': None}"
check iteration duration=0.000634908676147
GetData ===>> H2,-0.282222048526445,H1,-0.0603072596980113,AX,-0.0614527259963371,L1,0.00285318765043254,L2,-0....
check iteration duration=4.00543212891e-05
GetData ===>> H2,-0.342511954751721,H1,-0.0870076282357911,AX,-0.106054127479302,L1,-0.0183054784959041,L2,0.09...
check iteration duration=8.70227813721e-05
GetData ===>> H2,-0.200980499268771,H1,-0.0929665593751626,AX,-0.0628903041334,L1,-0.0183774275417357,L2,-0.115...
check iteration duration=4.88758087158e-05
GetData ===>> H2,-0.254577725124976,H1,-0.04213740003276,AX,-0.122600590607678,L1,-0.0187803326902121,L2,-0.018...
check iteration duration=4.10079956055e-05
GetData ===>> H2,-0.244412182051943,H1,-0.0135406121129609,AX,-0.127165435935208,L1,-0.0174204631446638,L2,-0.0...
testing H1>-5.0
evaluate ot="H1.bs>-5.0" t="H1>-5.0", ctx="{'H1': None}"
check iteration duration=0.000565052032471
GetData ===>> H2,-0.320702614440975,H1,-0.0307855247632325,AX,-0.0114024943856724,L1,-0.00336348372174469,L2,0....
check iteration duration=4.29153442383e-05
waiting for write to finish
measurement finished
estimated time: 62.915 actual time: :63.260
flush and close file /Users/jan/PychronDev/data/isotopes/e5/406683-3a4a-4c63-b172-e16f1aa6c4a4.h5
activate_detectors ('H1', 'AX', 'CDD') {'peak_center': True}
peak_center () {'detector': 'H1', 'integration_time': 0.262144, 'isotope': 'Ar40'}
peak center: mean=79.110818183 threshold=3
peak center started
setup peak center. detector=['H1', 'AX', 'CDD'], isotope=Ar40
VersionedUnpickler [<apptools.sweet_pickle.versioned_unpickler.VersionedUnpickler object at 0x178556830>] using Updater [<apptools.sweet_pickle.updater.Updater object at 0x12e273d10>]
VersionedUnpickler [<apptools.sweet_pickle.versioned_unpickler.VersionedUnpickler object at 0x178556830>] using Updater [<apptools.sweet_pickle.updater.Updater object at 0x12e273d10>]
VersionedUnpickler [<apptools.sweet_pickle.versioned_unpickler.VersionedUnpickler object at 0x17f6a11d0>] using Updater [<apptools.sweet_pickle.updater.Updater object at 0x12e273d10>]
setting integration time = 0.524288
SetIntegrationTime 0.524288 ===>> OK
Mapping mass to dac mass func: "parabolic"
H1 map mass coeffs = [-0.00063987  0.15840543  0.57265999]
H1 map mass to dac 39.9624 >> 5.88105
GetDeflection H1 ===>> 0
GetHighVoltage ===>> 4499.94659342336
do peak center. <pychron.spectrometer.jobs.peak_center.PeakCenter object at 0x12e273ef0>
doing pc
starting peak center. center dac= 5.88101536705 step_width=0.001
width = 0.001
get scan parameters. half-width=0.015,window=0.015, i=0, scalar=1
Scan parameters center=5.88102 width=0.03000 (5.86602 - 5.89602)
GetData ===>> H2,-0.264779118556607,H1,-0.0674598427506055,AX,0.0012648980895984,L1,-0.0201855779348152,L2,0.08...
Moving to starting dac 5.86601536705
setting magnet DAC
current  : 5.241675
requested: 5.866015
Delta Dac: 0.624340
Checking detector protection. dv=0.62434
Checking detector "CDD". Protection Threshold: 0.1 (V)
ProtectDetector CDD,On ===>> OK
GetDeflection CDD ===>> 2000
Protected = 2000
SetMagnetDAC 5.86601536705 ===>> OK
Magnet settling time: 0.500
GetMagnetMoving ===>> True
GetMagnetMoving ===>> True
GetMagnetMoving ===>> True
GetMagnetMoving ===>> True
GetMagnetMoving ===>> True
GetMagnetMoving ===>> True
GetMagnetMoving ===>> True
GetMagnetMoving ===>> True
GetMagnetMoving ===>> False
ProtectDetector CDD,Off ===>> OK
GetDeflection CDD ===>> 50
Wait until signal near baseline. tol= -0.050594882063. timeout= 10
GetData ===>> H2,0.124965693728799,H1,0.0808596370528438,AX,-0.208092142004703,L1,-0.0311666555109316,L2,0.0654...
GetData ===>> H2,3.58272640486626,H1,1.90311167293238,AX,0.104001854547279,L1,-0.0302812446301358,L2,-0.0171925...
GetData ===>> H2,4.54138173669217,H1,3.03541825196094,AX,0.511454459823782,L1,-0.0322003338873423,L2,-0.0689790...
GetData ===>> H2,2.45251909669148,H1,1.38493295526632,AX,0.213437319751567,L1,-0.0651859290797972,L2,-0.1478540...
GetData ===>> H2,0.956724701144952,H1,0.682697441044611,AX,0.0692809833795126,L1,-0.0866959373320573,L2,-0.0257...
GetData ===>> H2,0.290483365777659,H1,0.333931122694531,AX,0.0331262684339707,L1,-0.0726646443573363,L2,-0.0287...
GetData ===>> H2,0.0342451638711902,H1,0.142601083030791,AX,0.0312695295632718,L1,-0.0517647385762881,L2,-0.104...
GetData ===>> H2,-0.0562247463989205,H1,0.040407679934762,AX,-0.0725354404175316,L1,-0.0174052654452483,L2,-0.2...
GetData ===>> H2,-0.269651806945643,H1,0.15001738422058,AX,-0.0787949932424073,L1,-0.0206012528220957,L2,0.1080...
GetData ===>> H2,-0.263143671641701,H1,0.161250191350226,AX,-0.00274894131409128,L1,-0.0158715977176421,L2,0.13...
GetData ===>> H2,-0.22699812258292,H1,0.114872320095372,AX,0.00873618443232443,L1,-0.00129008632231724,L2,-0.03...
GetData ===>> H2,-0.195750900370161,H1,0.141551875750135,AX,-0.219898938671364,L1,-0.0101206589926993,L2,0.1329...
GetData ===>> H2,-0.21461085863606,H1,0.115110711824351,AX,-0.110689274858795,L1,-0.0172854560718515,L2,-0.0630...
GetData ===>> H2,-0.229545491314577,H1,-0.0293306745584808,AX,-0.19660807818023,L1,-0.00611535526456969,L2,0.17...
GetData ===>> H2,-0.220144006828433,H1,0.0271147558802422,AX,-0.052803622185058,L1,-0.00493024735487178,L2,-0.0...
GetData ===>> H2,-0.222501839570409,H1,-0.0392041606757541,AX,-0.0580905651781161,L1,-0.0192285880279519,L2,0.0...
GetData ===>> H2,-0.192515028352899,H1,-0.0876750461717311,AX,-0.0720253850372446,L1,-0.0182726427554663,L2,-0....
Peak center baseline intensity achieved
_do_sweep sm= 5.86601536705, em= 5.89601536705, stm= 0.001
calculated step values: start=5.86601536705, end=5.89601536705, width=0.001, nsteps=31.0
setting magnet DAC
current  : 5.866015
requested: 5.866015
Delta Dac: 0.000000
Checking detector protection. dv=0.00000
Checking detector "CDD". Protection Threshold: 0.1 (V)
SetMagnetDAC 5.86601536705 ===>> OK
GetData ===>> H2,-0.192515028352899,H1,-0.0876750461717311,AX,-0.0720253850372446,L1,-0.0182726427554663,L2,-0....
setting magnet DAC
current  : 5.866015
requested: 5.867050
Delta Dac: 0.001034
Checking detector protection. dv=0.00103
Checking detector "CDD". Protection Threshold: 0.1 (V)
SetMagnetDAC 5.86704984981 ===>> OK
Magnet settling time: 1.049
GetData ===>> H2,-0.125454783896369,H1,0.186176734845867,AX,0.131221659167694,L1,-0.00586347153328644,L2,-0.068...
setting magnet DAC
current  : 5.867050
requested: 5.868084
Delta Dac: 0.001034
Checking detector protection. dv=0.00103
Checking detector "CDD". Protection Threshold: 0.1 (V)
SetMagnetDAC 5.86808433257 ===>> OK
Magnet settling time: 1.049
GetData ===>> H2,-0.240000410289564,H1,0.47024146232253,AX,0.0511142464391938,L1,0.0095125821544323,L2,-0.05402...
setting magnet DAC
current  : 5.868084
requested: 5.869119
Delta Dac: 0.001034
Checking detector protection. dv=0.00103
Checking detector "CDD". Protection Threshold: 0.1 (V)
SetMagnetDAC 5.86911881532 ===>> OK
Magnet settling time: 1.049
GetData ===>> H2,-0.195451453575244,H1,1.51483827839345,AX,0.100988204259935,L1,-0.00455837300100106,L2,-0.1699...
setting magnet DAC
current  : 5.869119
requested: 5.870153
Delta Dac: 0.001034
Checking detector protection. dv=0.00103
Checking detector "CDD". Protection Threshold: 0.1 (V)
SetMagnetDAC 5.87015329808 ===>> OK
Magnet settling time: 1.049
GetData ===>> H2,-0.150591897699643,H1,5.1756309335137,AX,0.772013734118387,L1,0.0206209161164897,L2,0.04357576...
setting magnet DAC
current  : 5.870153
requested: 5.871188
Delta Dac: 0.001034
Checking detector protection. dv=0.00103
Checking detector "CDD". Protection Threshold: 0.1 (V)
SetMagnetDAC 5.87118778084 ===>> OK
Magnet settling time: 1.049
GetData ===>> H2,-0.0704118986851166,H1,14.7460383973086,AX,2.31108619470309,L1,-0.00487026854943698,L2,0.09720...
setting magnet DAC
current  : 5.871188
requested: 5.872222
Delta Dac: 0.001034
Checking detector protection. dv=0.00103
Checking detector "CDD". Protection Threshold: 0.1 (V)
SetMagnetDAC 5.8722222636 ===>> OK
Magnet settling time: 1.049
GetData ===>> H2,-0.123769962699678,H1,31.7150706413592,AX,5.60054390948441,L1,-0.00127808625217631,L2,-0.03292...
setting magnet DAC
current  : 5.872222
requested: 5.873257
Delta Dac: 0.001034
Checking detector protection. dv=0.00103
Checking detector "CDD". Protection Threshold: 0.1 (V)
SetMagnetDAC 5.87325674636 ===>> OK
Magnet settling time: 1.049
GetData ===>> H2,-0.208608841727226,H1,51.1802489842214,AX,10.141918854378,L1,0.029751867904012,L2,0.0574749837...
setting magnet DAC
current  : 5.873257
requested: 5.874291
Delta Dac: 0.001034
Checking detector protection. dv=0.00103
Checking detector "CDD". Protection Threshold: 0.1 (V)
SetMagnetDAC 5.87429122912 ===>> OK
Magnet settling time: 1.049
GetData ===>> H2,-0.150756485586656,H1,65.9933915965073,AX,14.2295030487173,L1,0.0619874532794538,L2,-0.0456273...
setting magnet DAC
current  : 5.874291
requested: 5.875326
Delta Dac: 0.001034
Checking detector protection. dv=0.00103
Checking detector "CDD". Protection Threshold: 0.1 (V)
SetMagnetDAC 5.87532571188 ===>> OK
Magnet settling time: 1.049
GetData ===>> H2,-0.114854909611612,H1,74.9629581875927,AX,17.4084431159425,L1,0.155336450944206,L2,0.004759794...
setting magnet DAC
current  : 5.875326
requested: 5.876360
Delta Dac: 0.001034
Checking detector protection. dv=0.00103
Checking detector "CDD". Protection Threshold: 0.1 (V)
SetMagnetDAC 5.87636019463 ===>> OK
Magnet settling time: 1.049
GetData ===>> H2,-0.209524974919228,H1,76.4622989622425,AX,17.9277050398895,L1,0.166382132997406,L2,0.032412282...
setting magnet DAC
current  : 5.876360
requested: 5.877395
Delta Dac: 0.001034
Checking detector protection. dv=0.00103
Checking detector "CDD". Protection Threshold: 0.1 (V)
SetMagnetDAC 5.87739467739 ===>> OK
Magnet settling time: 1.049
GetData ===>> H2,-0.226408944980995,H1,76.667808968839,AX,18.0853977684761,L1,0.173036804545076,L2,0.1079164786...
setting magnet DAC
current  : 5.877395
requested: 5.878429
Delta Dac: 0.001034
Checking detector protection. dv=0.00103
Checking detector "CDD". Protection Threshold: 0.1 (V)
SetMagnetDAC 5.87842916015 ===>> OK
Magnet settling time: 1.049
GetData ===>> H2,-0.274043951215092,H1,76.7683066300122,AX,18.3251519777701,L1,0.223580251789103,L2,0.118017089...
setting magnet DAC
current  : 5.878429
requested: 5.879464
Delta Dac: 0.001034
Checking detector protection. dv=0.00103
Checking detector "CDD". Protection Threshold: 0.1 (V)
SetMagnetDAC 5.87946364291 ===>> OK
Magnet settling time: 1.049
GetData ===>> H2,-0.112193918485314,H1,76.9313286102836,AX,18.3490475540481,L1,0.208178656102967,L2,0.054148101...
setting magnet DAC
current  : 5.879464
requested: 5.880498
Delta Dac: 0.001034
Checking detector protection. dv=0.00103
Checking detector "CDD". Protection Threshold: 0.1 (V)
SetMagnetDAC 5.88049812567 ===>> OK
Magnet settling time: 1.049
GetData ===>> H2,-0.0760517735386065,H1,76.787004327922,AX,18.2077053202084,L1,0.156444193447941,L2,0.073678096...
setting magnet DAC
current  : 5.880498
requested: 5.881533
Delta Dac: 0.001034
Checking detector protection. dv=0.00103
Checking detector "CDD". Protection Threshold: 0.1 (V)
SetMagnetDAC 5.88153260843 ===>> OK
Magnet settling time: 1.049
GetData ===>> H2,-0.0664460436182852,H1,76.7837724465916,AX,18.1952913817132,L1,0.154117590191813,L2,0.09150240...
setting magnet DAC
current  : 5.881533
requested: 5.882567
Delta Dac: 0.001034
Checking detector protection. dv=0.00103
Checking detector "CDD". Protection Threshold: 0.1 (V)
SetMagnetDAC 5.88256709119 ===>> OK
Magnet settling time: 1.049
GetData ===>> H2,-0.195985596372521,H1,76.7044061197876,AX,18.2473129273091,L1,0.188691132081731,L2,0.099458322...
setting magnet DAC
current  : 5.882567
requested: 5.883602
Delta Dac: 0.001034
Checking detector protection. dv=0.00103
Checking detector "CDD". Protection Threshold: 0.1 (V)
SetMagnetDAC 5.88360157394 ===>> OK
Magnet settling time: 1.049
GetData ===>> H2,-0.239383863187939,H1,76.7771770044176,AX,18.0661327877498,L1,0.210852571825239,L2,0.029906373...
setting magnet DAC
current  : 5.883602
requested: 5.884636
Delta Dac: 0.001034
Checking detector protection. dv=0.00103
Checking detector "CDD". Protection Threshold: 0.1 (V)
SetMagnetDAC 5.8846360567 ===>> OK
Magnet settling time: 1.049
GetData ===>> H2,-0.165546994906085,H1,76.5792766282108,AX,17.9798887420646,L1,0.182006840211006,L2,0.217506897...
setting magnet DAC
current  : 5.884636
requested: 5.885671
Delta Dac: 0.001034
Checking detector protection. dv=0.00103
Checking detector "CDD". Protection Threshold: 0.1 (V)
SetMagnetDAC 5.88567053946 ===>> OK
Magnet settling time: 1.049
GetData ===>> H2,-0.120461793295137,H1,76.1191948820921,AX,17.9599591913574,L1,0.221402498689735,L2,0.067638640...
setting magnet DAC
current  : 5.885671
requested: 5.886705
Delta Dac: 0.001034
Checking detector protection. dv=0.00103
Checking detector "CDD". Protection Threshold: 0.1 (V)
SetMagnetDAC 5.88670502222 ===>> OK
Magnet settling time: 1.049
GetData ===>> H2,-0.124881485973874,H1,74.5841368851851,AX,17.1177932012926,L1,0.247145746939027,L2,0.054467112...
setting magnet DAC
current  : 5.886705
requested: 5.887740
Delta Dac: 0.001034
Checking detector protection. dv=0.00103
Checking detector "CDD". Protection Threshold: 0.1 (V)
SetMagnetDAC 5.88773950498 ===>> OK
Magnet settling time: 1.049
GetData ===>> H2,-0.163972933284008,H1,69.3773329121585,AX,15.2076810888878,L1,0.212487784982292,L2,0.006832315...
setting magnet DAC
current  : 5.887740
requested: 5.888774
Delta Dac: 0.001034
Checking detector protection. dv=0.00103
Checking detector "CDD". Protection Threshold: 0.1 (V)
SetMagnetDAC 5.88877398774 ===>> OK
Magnet settling time: 1.049
GetData ===>> H2,-0.120459087937931,H1,57.1514956768523,AX,11.2284876966308,L1,0.159267306715436,L2,-0.14168003...
setting magnet DAC
current  : 5.888774
requested: 5.889808
Delta Dac: 0.001034
Checking detector protection. dv=0.00103
Checking detector "CDD". Protection Threshold: 0.1 (V)
SetMagnetDAC 5.8898084705 ===>> OK
Magnet settling time: 1.049
GetData ===>> H2,-0.253757612001461,H1,39.4222996359712,AX,6.6923386248581,L1,0.0938651639100337,L2,0.045968110...
setting magnet DAC
current  : 5.889808
requested: 5.890843
Delta Dac: 0.001034
Checking detector protection. dv=0.00103
Checking detector "CDD". Protection Threshold: 0.1 (V)
SetMagnetDAC 5.89084295325 ===>> OK
Magnet settling time: 1.049
GetData ===>> H2,-0.246796351452061,H1,21.6071806740014,AX,3.30331944527803,L1,0.0807740533375357,L2,0.06392399...
setting magnet DAC
current  : 5.890843
requested: 5.891877
Delta Dac: 0.001034
Checking detector protection. dv=0.00103
Checking detector "CDD". Protection Threshold: 0.1 (V)
SetMagnetDAC 5.89187743601 ===>> OK
Magnet settling time: 1.049
GetData ===>> H2,-0.207671075596617,H1,4.78927902260502,AX,0.406466411878844,L1,0.00641498932836551,L2,0.022229...
setting magnet DAC
current  : 5.891877
requested: 5.892912
Delta Dac: 0.001034
Checking detector protection. dv=0.00103
Checking detector "CDD". Protection Threshold: 0.1 (V)
SetMagnetDAC 5.89291191877 ===>> OK
Magnet settling time: 1.049
GetData ===>> H2,-0.161537161720547,H1,1.38469290070111,AX,0.0040027563319173,L1,0.0264606981584563,L2,-0.03385...
setting magnet DAC
current  : 5.892912
requested: 5.893946
Delta Dac: 0.001034
Checking detector protection. dv=0.00103
Checking detector "CDD". Protection Threshold: 0.1 (V)
SetMagnetDAC 5.89394640153 ===>> OK
Magnet settling time: 1.049
GetData ===>> H2,-0.234576672498972,H1,0.368794607997747,AX,-0.0467974919624798,L1,-0.0102573388410817,L2,0.029...
setting magnet DAC
current  : 5.893946
requested: 5.894981
Delta Dac: 0.001034
Checking detector protection. dv=0.00103
Checking detector "CDD". Protection Threshold: 0.1 (V)
SetMagnetDAC 5.89498088429 ===>> OK
Magnet settling time: 1.049
GetData ===>> H2,-0.14066634096331,H1,-0.0547994223427882,AX,0.0669404354816921,L1,-9.72094092262751E-05,L2,0.0...
setting magnet DAC
current  : 5.894981
requested: 5.896015
Delta Dac: 0.001034
Checking detector protection. dv=0.00103
Checking detector "CDD". Protection Threshold: 0.1 (V)
SetMagnetDAC 5.89601536705 ===>> OK
Magnet settling time: 1.049
GetData ===>> H2,-0.196541293934429,H1,-0.0143039352694661,AX,-0.0700778762646331,L1,-0.0337769672829025,L2,0.0...
result of _do_sweep=True
result of _calculate_peak_center=([5.8736806977093483, 5.8812257878897087, 5.8887708780700692], [57.250965746169058, 76.928725567114725, 57.116559652034262], 5.8794823009157611, 76.928725567114725)
Failed to find a valid peak. No peak greater than 1.0. max = 0.0138859630215
new center pos Detector(H1) (Ar40) @ 5.88122578789
GetHighVoltage ===>> 4499.94659342336
GetDeflection H1 ===>> 0
dac uncorrected for HV and deflection 5.88126042208
update mftable H1 Ar40 5.88126042208 message=automated run peakcenter
get initial guess parabolic
get initial guess parabolic
get initial guess parabolic
get initial guess parabolic
get initial guess parabolic
get initial guess parabolic
dump mftable to /Users/jan/PychronDev/setupfiles/spectrometer/mftables/mftable.csv
add to repo msg=modified - automated run peakcenter
sweep finished
locally archiving mftable
setting magnet DAC
current  : 5.896015
requested: 5.881226
Delta Dac: 0.014790
Checking detector protection. dv=0.01479
Checking detector "CDD". Protection Threshold: 0.1 (V)
SetMagnetDAC 5.88122578789 ===>> OK
Magnet settling time: 0.500
setting integration time = 1.048576
SetIntegrationTime 1.048576 ===>> OK
Failed to find a valid peak. No peak greater than 1.0. max = 0.0138859630215
flush and close file /Users/jan/PychronDev/data/isotopes/e5/406683-3a4a-4c63-b172-e16f1aa6c4a4.h5
finished measure script
executed snippet estimated_duration=226.132928, duration=270.348781109
jan_unknown120_60.py completed successfully
Measurement Finished
04:41:31 -- ******* Measurement Finished *******
Post Measurement Started jan_pump_ms.py
04:41:31 -- ******* Post Measurement Started jan_pump_ms.py *******
testing...
no interpolation path defined
executed snippet estimated_duration=0, duration=2.69412994385e-05
Pumping spectrometer
open () {'name': 'O'}
opening name=O desc=---
checking ownership. requestor=129.138.12.150
check software interlocks O
interlocks []
actuate state mode=None-script, software_lock=False
doing actuation None-script open_channel True
Open O ===>> OK
set states for children of O. state=True
handle state [('O', True)]
update switch state O True args=() kw={'refresh': False} ncanvase=3
refresh_canvas_needed fired
GetIndicatorState O ===>> OK
change switch state (True, True)
update switch state O True args=() kw={} ncanvase=3
04:41:31 -- OPEN   VALVE-O (Jan Ion Pump)
---------------------------------------- open O () result=[(True, True)], time=0.10 sec
action=open, ok=True, locked=[False]
executed snippet estimated_duration=0, duration=0.348858118057
jan_pump_ms.py completed successfully
setting _ms_pumptime
Post Measurement Finished
04:41:31 -- ******* Post Measurement Finished *******
$$$$$$$$$$$$$$$$$$$$ state at run end measurement
state changed from measurement to success
post measurement save measured=True aborted=False
Set filtering
setting fod for Ar40= {'filter_outliers': True, 'std_devs': 2, 'iterations': 1}
setting fod for H1= {'filter_outliers': True, 'std_devs': 2, 'iterations': 1}
setting fod for PM41= {'filter_outliers': False, 'std_devs': 2, 'iterations': 1}
setting fod for H2= {'filter_outliers': True, 'std_devs': 2, 'iterations': 1}
setting fod for Ar36= {'filter_outliers': True, 'std_devs': 2, 'iterations': 1}
setting fod for CDD= {'filter_outliers': True, 'std_devs': 10, 'iterations': 1}
setting fod for Ar37= {'filter_outliers': True, 'std_devs': 2, 'iterations': 1}
setting fod for L2= {'filter_outliers': True, 'std_devs': 2, 'iterations': 1}
setting fod for Ar38= {'filter_outliers': True, 'std_devs': 2, 'iterations': 1}
setting fod for L1= {'filter_outliers': True, 'std_devs': 2, 'iterations': 1}
setting fod for Ar39= {'filter_outliers': True, 'std_devs': 2, 'iterations': 1}
setting fod for AX= {'filter_outliers': True, 'std_devs': 2, 'iterations': 1}
persistence save...
persistence save - db
post measurement save
6630331888 connecting to database sqlite:////Users/jan/PychronDev/.appdata/local_lab.db
connected to db sqlite:////Users/jan/PychronDev/.appdata/local_lab.db
create new session 6630331888
close session 6630331888
No database instance. Not saving post measurement to isotopedb database
$$$$$$$$$$$$$$$ auto_save_detector_ic=False
massspec enabled True
create new session 5025924496
MassSpec Database Version: 16.0
close session 5025924496
saving post measurement to secondary database
saving to massspec database 129.138.12.160/massspecdata
setting labnumber to 65590
setting aliquot to 23
setting step to 
setting uuid to e5406683-3a4a-4c63-b172-e16f1aa6c4a4
setting irradpos to 65590
setting extract_device to Fusions CO2
setting tray to 
setting position to 195
setting power_requested to 0.35
setting extract_value to 0.35
setting duration to 30.0
setting duration_at_request to 30.0
setting first_stage_delay to 30.0
setting cleanup to 30.0
setting comment to O:12
setting irradiation to NM-289
setting level to O
setting irradiation_level to O
setting sample to BW-2014-10
setting material to Sanidine
setting project to Bustos Wells
setting mass_spectrometer to Jan
no attribute chron_dosages
no attribute production_ratios
no attribute interference_corrections
no attribute production_name
no attribute j
Reference Isotope=Ar40
Reference Detector=H1
%%%%%%%%%%%%%%%%%%%% Comment: O:12 %%%%%%%%%%%%%%%%%%%
adding isotope PM41 H2
add baseline dbdet= PM41. original det= H2
get baseline data PM41 H2
Get data baseline <pychron.processing.isotope.Baseline object at 0x172494b90> len t=60
baseline PM41. v=-0.211929458897, e=0.00887951708142
get signal data PM41 H2
Get data signal PM41 0.03+/-0.07 len t=120
adding isotope Ar40 H1
add baseline dbdet= Ar40. original det= H1
get baseline data Ar40 H1
Get data baseline <pychron.processing.isotope.Baseline object at 0x1724947d0> len t=60
baseline Ar40. v=-0.0399789529363, e=0.00549432828745
get signal data Ar40 H1
Get data signal Ar40 81.351+/-0.018 len t=120
adding isotope Ar39 AX
add baseline dbdet= Ar39. original det= AX
get baseline data Ar39 AX
Get data baseline <pychron.processing.isotope.Baseline object at 0x172494850> len t=60
baseline Ar39. v=-0.075142561788, e=0.00773397172303
get signal data Ar39 AX
Get data signal Ar39 19.890+/-0.014 len t=120
adding isotope Ar38 L1
add baseline dbdet= Ar38. original det= L1
get baseline data Ar38 L1
Get data baseline <pychron.processing.isotope.Baseline object at 0x1724944d0> len t=60
baseline Ar38. v=-0.0184743053237, e=0.00249094487122
get signal data Ar38 L1
Get data signal Ar38 0.265+/-0.005 len t=120
adding isotope Ar37 L2
add baseline dbdet= Ar37. original det= L2
get baseline data Ar37 L2
Get data baseline <pychron.processing.isotope.Baseline object at 0x172494550> len t=60
baseline Ar37. v=-0.0107873791599, e=0.00590388119995
get signal data Ar37 L2
Get data signal Ar37 0.134+/-0.011 len t=120
adding isotope Ar36 CDD
add baseline dbdet= Ar36. original det= CDD
get baseline data Ar36 CDD
Get data baseline <pychron.processing.isotope.Baseline object at 0x172494a90> len t=60
baseline Ar36. v=2.97730822877e-05, e=8.52160042208e-06
get signal data Ar36 CDD
Get data signal Ar36 0.00569+/-0.00025 len t=120
65590-23 added analysis time 0.461053848267s
analysis added to mass spec database
mass spec save time= 0.470
persistence save - dvc
================= post measurement started
create new session 4992585168
close session 4992585168
---------------- Experiment Queue saving disabled
DVC saving peakcenter
Failed to find a valid peak. No peak greater than 1.0. max = 0.0138859630215
Smart pull ahead: 0 behind: 0
Up-to-date with origin
add to repo msg=modified - ad8224ebc6dbfeb9f5997218dfa5fe690569839d.json
add to repo msg=modified - 90-23.json
add to repo msg=modified - 90-23.dat.json
add to repo msg=modified - 90-23.blan.json
add to repo msg=modified - 90-23.inte.json
add to repo msg=modified - 90-23.icfa.json
add to repo msg=modified - 90-23.base.json
not at valid file /Users/jan/PychronDev/data/.dvc/repositories/Load1792/655/tags/90-23.tags.json
add to repo msg=modified - 90-23.peak.json
add to repo msg=modified - 90-23.extr.json
not at valid file /Users/jan/PychronDev/data/.dvc/repositories/Load1792/655/monitor/90-23.moni.json
commit message=<COLLECTION>
add to repo msg=modified - 90-23.inte.json
add to repo msg=modified - 90-23.base.json
commit message=<ISOEVO> default collection fits
add to repo msg=modified - 90-23.blan.json
commit message=<BLANKS> preceding bu-FC-J-7797
add to repo msg=modified - 90-23.icfa.json
commit message=<ICFactor> default
push repository <pychron.git_archive.repo_manager.GitRepoManager object at 0x14ba87ef0>
pushing to remote=origin, url=https://github.com
no changes to meta repo
create new session 4992585168
add association Load1792
get identifier "65590"
setting analysis irradiation position=<pychron.dvc.dvc_orm.IrradiationPositionTbl object at 0x184d98cd0>
close session 4992585168
================= post measurement finished
04:41:44 -- ******* Post Run Check *******
loading queue conditionals post_run_actions
loading system conditionals post_run_actions
loading conditionals from /Users/jan/PychronDev/setupfiles/spectrometer/default_conditionals.yaml
loading queue conditionals post_run_terminations
loading system conditionals post_run_terminations
loading conditionals from /Users/jan/PychronDev/setupfiles/spectrometer/default_conditionals.yaml
Checking default post run terminations n=1
GetDeflection CDD ===>> 50
testing CDD==2000
evaluate ot="CDD.deflection==2000" t="CDD==2000", ctx="{'CDD': 50.0}"
04:41:44 -- ******* Post Run Check Passed *******
04:41:44 -- Automated run 65590-23 success duration: 385.165 s
----------------- finish -----------------
----------------- stop -----------------
retroactive repository identifiers disabled
finish run. runs completed=133
update duration runid=65590-23, duration=385.164668798, md5=301e91d8
loading script "jan_unknown400_120.py"
loading script "jan_pump_ms.py"
loading script "jan_co2.py"
loading script "jan_pump_extraction_line.py"
testing...
no interpolation path defined
executed snippet estimated_duration=556.052928, duration=0.000316858291626
script duration name:unknown400_120 seconds:556.0
loading script "jan_unknown400_120.py"
loading script "jan_pump_ms.py"
loading script "jan_co2.py"
loading script "jan_pump_extraction_line.py"
testing...
no interpolation path defined
executed snippet estimated_duration=0, duration=2.21729278564e-05
loading script "jan_unknown400_120.py"
loading script "jan_pump_ms.py"
loading script "jan_co2.py"
loading script "jan_pump_extraction_line.py"
testing...
no interpolation path defined
calculate duration
testing...
no interpolation path defined
executed snippet estimated_duration=0, duration=4.6968460083e-05
calculate duration
testing...
no interpolation path defined
executed snippet estimated_duration=0, duration=9.20295715332e-05
executed snippet estimated_duration=0.0, duration=0.0037989616394
script duration name:co2 seconds:0.0
loading script "jan_unknown400_120.py"
loading script "jan_pump_ms.py"
loading script "jan_co2.py"
loading script "jan_pump_extraction_line.py"
testing...
no interpolation path defined
calculate duration
testing...
no interpolation path defined
executed snippet estimated_duration=4.0, duration=0.000147819519043
executed snippet estimated_duration=4.0, duration=0.00123906135559
Script duration 556.0
Run total estimated duration= 557.000
unknown400_120 in script context. using previous estimated duration
script duration name:unknown400_120 seconds:556.0
pump_ms in script context. using previous estimated duration
loading script "jan_unknown400_120.py"
loading script "jan_pump_ms.py"
loading script "jan_cocktail_x1.py"
loading script "jan_pump_extraction_line.py"
testing...
no interpolation path defined
calculate duration
testing...
no interpolation path defined
executed snippet estimated_duration=0, duration=4.29153442383e-05
calculate duration
testing...
no interpolation path defined
executed snippet estimated_duration=0, duration=0.000130891799927
calculate duration
testing...
no interpolation path defined
executed snippet estimated_duration=32.0, duration=8.79764556885e-05
calculate duration
testing...
no interpolation path defined
executed snippet estimated_duration=34.0, duration=0.000164031982422
calculate duration
testing...
no interpolation path defined
executed snippet estimated_duration=4.0, duration=6.79492950439e-05
calculate duration
testing...
no interpolation path defined
executed snippet estimated_duration=38.0, duration=0.000101804733276
executed snippet estimated_duration=108.0, duration=0.0228531360626
script duration name:cocktail_x1 seconds:108.0
pump_extraction_line in script context. using previous estimated duration
Script duration 664.0
Run total estimated duration= 665.000
script duration name:unknown400_120 seconds:556.0
loading script "jan_unknown400_120.py"
loading script "jan_pump_ms.py"
loading script "jan_sniffair_x2.py"
loading script "jan_pump_extraction_line.py"
testing...
no interpolation path defined
calculate duration
testing...
no interpolation path defined
executed snippet estimated_duration=0, duration=4.6968460083e-05
calculate duration
testing...
no interpolation path defined
executed snippet estimated_duration=0, duration=9.98973846436e-05
calculate duration
testing...
no interpolation path defined
executed snippet estimated_duration=32.0, duration=8.79764556885e-05
calculate duration
testing...
no interpolation path defined
executed snippet estimated_duration=34.0, duration=9.58442687988e-05
calculate duration
testing...
no interpolation path defined
executed snippet estimated_duration=4.0, duration=6.38961791992e-05
calculate duration
testing...
no interpolation path defined
executed snippet estimated_duration=36.0, duration=0.000113010406494
calculate duration
testing...
no interpolation path defined
executed snippet estimated_duration=34.0, duration=0.000125169754028
calculate duration
testing...
no interpolation path defined
executed snippet estimated_duration=4.0, duration=7.5101852417e-05
calculate duration
testing...
no interpolation path defined
executed snippet estimated_duration=36.0, duration=0.000113010406494
calculate duration
testing...
no interpolation path defined
executed snippet estimated_duration=70.0, duration=0.000123977661133
executed snippet estimated_duration=250.0, duration=0.0157210826874
script duration name:sniffair_x2 seconds:250.0
Script duration 806.0
Run total estimated duration= 807.000
script duration name:unknown400_120 seconds:556.0
sniffair_x2 in script context. using previous estimated duration
script duration name:sniffair_x2 seconds:250.0
Script duration 806.0
Run total estimated duration= 807.000
script duration name:unknown400_120 seconds:556.0
cocktail_x1 in script context. using previous estimated duration
script duration name:cocktail_x1 seconds:108.0
Script duration 664.0
Run total estimated duration= 665.000
loading script "jan_ic_peak_hop3.py"
loading script "jan_pump_ms.py"
loading script "jan_air_x1.py"
loading script "jan_pump_extraction_line.py"
testing...
no interpolation path defined
executed snippet estimated_duration=133.8, duration=0.00678610801697
script duration name:ic_peak_hop3 seconds:134.0
loading script "jan_ic_peak_hop3.py"
loading script "jan_pump_ms.py"
loading script "jan_air_x1.py"
loading script "jan_pump_extraction_line.py"
testing...
no interpolation path defined
calculate duration
testing...
no interpolation path defined
executed snippet estimated_duration=0, duration=4.6968460083e-05
calculate duration
testing...
no interpolation path defined
executed snippet estimated_duration=0, duration=0.000101804733276
calculate duration
testing...
no interpolation path defined
executed snippet estimated_duration=32.0, duration=0.000134944915771
calculate duration
testing...
no interpolation path defined
executed snippet estimated_duration=34.0, duration=0.000218152999878
calculate duration
testing...
no interpolation path defined
executed snippet estimated_duration=4.0, duration=6.48498535156e-05
calculate duration
testing...
no interpolation path defined
executed snippet estimated_duration=36.0, duration=9.98973846436e-05
executed snippet estimated_duration=106.0, duration=0.0112488269806
script duration name:air_x1 seconds:106.0
Script duration 240.0
Run total estimated duration= 241.000
loading script "jan_unknown120_60.py"
loading script "jan_pump_ms.py"
loading script "jan_co2.py"
loading script "jan_pump_extraction_line.py"
testing...
no interpolation path defined
executed snippet estimated_duration=213.652928, duration=0.000284910202026
script duration name:unknown120_60 seconds:214.0
co2 in script context. using previous estimated duration
script duration name:co2 seconds:0.0
Script duration 214.0
Run total estimated duration= 215.000
unknown120_60 in script context. using previous estimated duration
script duration name:unknown120_60 seconds:214.0
script duration name:co2 seconds:0.0
Script duration 214.0
Run total estimated duration= 215.000
script duration name:unknown120_60 seconds:214.0
script duration name:co2 seconds:0.0
Script duration 214.0
Run total estimated duration= 215.000
script duration name:unknown120_60 seconds:214.0
script duration name:co2 seconds:0.0
Script duration 214.0
Run total estimated duration= 215.000
script duration name:unknown120_60 seconds:214.0
script duration name:co2 seconds:0.0
Script duration 214.0
Run total estimated duration= 215.000
script duration name:unknown120_60 seconds:214.0
script duration name:co2 seconds:0.0
Script duration 214.0
Run total estimated duration= 215.000
script duration name:unknown120_60 seconds:214.0
script duration name:co2 seconds:0.0
Script duration 214.0
Run total estimated duration= 215.000
script duration name:unknown120_60 seconds:214.0
script duration name:co2 seconds:0.0
Script duration 214.0
Run total estimated duration= 215.000
script duration name:unknown120_60 seconds:214.0
script duration name:co2 seconds:0.0
Script duration 214.0
Run total estimated duration= 215.000
script duration name:unknown120_60 seconds:214.0
script duration name:co2 seconds:0.0
Script duration 214.0
Run total estimated duration= 215.000
script duration name:unknown120_60 seconds:214.0
script duration name:co2 seconds:0.0
Script duration 214.0
Run total estimated duration= 215.000
script duration name:unknown120_60 seconds:214.0
script duration name:co2 seconds:0.0
Script duration 214.0
Run total estimated duration= 215.000
script duration name:unknown120_60 seconds:214.0
script duration name:co2 seconds:0.0
Script duration 214.0
Run total estimated duration= 215.000
script duration name:unknown400_120 seconds:556.0
script duration name:co2 seconds:0.0
Script duration 556.0
Run total estimated duration= 557.000
script duration name:unknown400_120 seconds:556.0
script duration name:cocktail_x1 seconds:108.0
Script duration 664.0
Run total estimated duration= 665.000
script duration name:unknown400_120 seconds:556.0
script duration name:sniffair_x2 seconds:250.0
Script duration 806.0
Run total estimated duration= 807.000
script duration name:unknown400_120 seconds:556.0
script duration name:sniffair_x2 seconds:250.0
Script duration 806.0
Run total estimated duration= 807.000
script duration name:unknown400_120 seconds:556.0
script duration name:cocktail_x1 seconds:108.0
Script duration 664.0
Run total estimated duration= 665.000
ic_peak_hop3 in script context. using previous estimated duration
script duration name:ic_peak_hop3 seconds:134.0
air_x1 in script context. using previous estimated duration
script duration name:air_x1 seconds:106.0
Script duration 240.0
Run total estimated duration= 241.000
nruns=25 before=5.0, run_dur=10279.0, btw=1080.0
write rem/ex queues
/Users/jan/PychronDev/experiments/rem/CurrentExperiment.rem.txt
/Users/jan/PychronDev/experiments/rem/CurrentExperiment.ex.txt
doing event level: 3
