do run
loading script "jan_unknown120_60.py"
loading script "jan_pump_ms.py"
loading script "jan_co2.py"
loading script "jan_pump_extraction_line.py"
testing...
no interpolation path defined
executed snippet estimated_duration=213.652928, duration=0.000179052352905
script duration name:unknown120_60 seconds:214.0
loading script "jan_unknown120_60.py"
loading script "jan_pump_ms.py"
loading script "jan_co2.py"
loading script "jan_pump_extraction_line.py"
testing...
no interpolation path defined
executed snippet estimated_duration=0, duration=1.78813934326e-05
loading script "jan_unknown120_60.py"
loading script "jan_pump_ms.py"
loading script "jan_co2.py"
loading script "jan_pump_extraction_line.py"
testing...
no interpolation path defined
calculate duration
testing...
no interpolation path defined
executed snippet estimated_duration=0, duration=7.48634338379e-05
calculate duration
testing...
no interpolation path defined
executed snippet estimated_duration=0, duration=6.89029693604e-05
executed snippet estimated_duration=0.0, duration=0.00189685821533
script duration name:co2 seconds:0.0
loading script "jan_unknown120_60.py"
loading script "jan_pump_ms.py"
loading script "jan_co2.py"
loading script "jan_pump_extraction_line.py"
testing...
no interpolation path defined
calculate duration
testing...
no interpolation path defined
executed snippet estimated_duration=4.0, duration=0.000110864639282
executed snippet estimated_duration=4.0, duration=0.000931024551392
Script duration 214.0
Run total estimated duration= 215.000
run duration: 0:03:35
doing event level: 2
04:21:17 -- Setting default integration. t=1.048576
setting integration time = 1.048576
SetIntegrationTime 1.048576 ===>> OK
----------------- start -----------------
**************** Experiment Type: Ar/Ar, Ar/Ar
create new session 4419438256
close session 4419438256
$$$$$ Clearing conditionals
adding conditionals 
Add queue conditionals
add default conditionals
adding default conditionals from /Users/jan/PychronDev/setupfiles/spectrometer/default_conditionals.yaml
Start automated run 65590-21
loading script "jan_unknown120_60.py"
loading script "jan_pump_ms.py"
loading script "jan_co2.py"
loading script "jan_pump_extraction_line.py"
%%%%%%%%%%%%%%%%%% setting automated run 65590-21
No value "sensitivity_multiplier" in metadata
$$$$$$$$$$$$$$$ auto_save_detector_ic=False
============================= Pre Extraction Check =============================
loading queue conditionals pre_run_terminations
loading system conditionals pre_run_terminations
loading conditionals from /Users/jan/PychronDev/setupfiles/spectrometer/default_conditionals.yaml
04:21:17 -- ******* Pre Extraction Check *******
Get a measurement from the spectrometer
GetData ===>> H2,-0.210726613580813,H1,-0.010749662269993,AX,-0.0719790162337388,L1,-0.0788710740338805,L2,-0.0...
Pre Extraction Termination data. keys=H2,H1,AX,L1,L2,CDD, signals=-0.21073,-0.01075,-0.07198,-0.07887,-0.03398,0.00328
04:21:17 -- testing system defined conditionals
Checking default pre extraction terminations n=2
testing CDD
evaluate ot="CDD.inactive" t="CDD", ctx="{'CDD': False}"
GetDeflection CDD ===>> 50
testing CDD==2000
evaluate ot="CDD.deflection==2000" t="CDD==2000", ctx="{'CDD': 50.0}"
04:21:17 -- ******* Pre Extraction Check Passed *******
=================================================================================
04:21:17 -- stopping status monitor
stop 5025639504
Status monitor stopped
Status monitor finished
04:21:18 -- starting status monitor
start 5025639504
StatusMonitor period=1. Frequencies(state=2, checksum=3, lock=5, owner=5)
start extraction
do extraction
Analysis started at 04:21:20.735524
Extraction Started jan_co2.py
04:21:20 -- ******* Extraction Started jan_co2.py *******
state changed from not run to extraction
DO EXTRACTION <pychron.extraction_line.pyscript_runner.RemotePyScriptRunner object at 0x12bfe48f0>
testing...
no interpolation path defined
calculate duration
testing...
no interpolation path defined
executed snippet estimated_duration=0, duration=4.6968460083e-05
calculate duration
testing...
no interpolation path defined
executed snippet estimated_duration=0, duration=8.70227813721e-05
executed snippet estimated_duration=100.0, duration=0.0029149055481
Jan CO2 laser analysis
doing GOSUB
testing...
no interpolation path defined
executed snippet estimated_duration=0, duration=4.00543212891e-05
Waiting for CO2 access
wait ('FelixCO2Flag', 0) {}
waiting for FelixCO2Flag = 0
Read FelixCO2Flag ===>> 0
finished waiting
CO2 free
wait ('CO2PumpTimeFlag', 0) {}
waiting for CO2PumpTimeFlag = 0
Read CO2PumpTimeFlag ===>> 0
finished waiting
acquire ('JanCO2Flag',) {'clear': True}
acquire JanCO2Flag
Set JanCO2Flag 1 ===>> OK
JanCO2Flag acquired
set extraction state False (0.75, 'red', 1.5)
CO2 acquired
executed snippet estimated_duration=0, duration=0.0171308517456
WaitForCO2Access.py completed successfully
gosub finished
doing GOSUB
testing...
no interpolation path defined
executed snippet estimated_duration=0, duration=7.39097595215e-05
Prepare for CO2 analysis
close () {'description': 'Jan Inlet'}
closing name=--- desc=Jan Inlet
checking ownership. requestor=129.138.12.150
check software interlocks R
interlocks []
actuate state mode=None-script, software_lock=False
doing actuation None-script close_channel False
Close R ===>> OK
GetIndicatorState R ===>> False
change switch state (True, True)
update switch state R False args=() kw={} ncanvase=3
04:21:21 -- CLOSE  VALVE-R (Jan Inlet)
---------------------------------------- close None (Jan Inlet) result=[(True, True)]
action=close, ok=True, locked=[False]
open () {'description': 'Jan Ion Pump'}
opening name=--- desc=Jan Ion Pump
checking ownership. requestor=129.138.12.150
check software interlocks O
interlocks []
actuate state mode=None-script, software_lock=False
doing actuation None-script open_channel False
Open O ===>> OK
GetIndicatorState O ===>> OK
change switch state (True, True)
update switch state O True args=() kw={} ncanvase=3
04:21:21 -- OPEN   VALVE-O (Jan Ion Pump)
---------------------------------------- open None (Jan Ion Pump) result=[(True, True)], time=0.13 sec
action=open, ok=True, locked=[False]
close () {'description': 'Microbone to Minibone'}
closing name=--- desc=Microbone to Minibone
checking ownership. requestor=129.138.12.150
check software interlocks L
interlocks []
actuate state mode=None-script, software_lock=False
doing actuation None-script close_channel False
Close L ===>> OK
GetIndicatorState L ===>> False
change switch state (True, True)
update switch state L False args=() kw={} ncanvase=3
04:21:22 -- CLOSE  VALVE-L (Microbone to Minibone)
---------------------------------------- close None (Microbone to Minibone) result=[(True, True)]
action=close, ok=True, locked=[False]
open () {'description': 'Microbone to Turbo'}
opening name=--- desc=Microbone to Turbo
checking ownership. requestor=129.138.12.150
check software interlocks U
interlocks []
actuate state mode=None-script, software_lock=False
doing actuation None-script open_channel False
Open U ===>> OK
GetIndicatorState U ===>> OK
change switch state (True, True)
update switch state U True args=() kw={} ncanvase=3
04:21:22 -- OPEN   VALVE-U (Microbone to Turbo)
---------------------------------------- open None (Microbone to Turbo) result=[(True, True)], time=0.12 sec
action=open, ok=True, locked=[False]
open () {'description': 'Microbone to Inlet Pipette'}
opening name=--- desc=Microbone to Inlet Pipette
checking ownership. requestor=129.138.12.150
check software interlocks S
interlocks []
actuate state mode=None-script, software_lock=False
doing actuation None-script open_channel False
Open S ===>> OK
GetIndicatorState S ===>> OK
change switch state (True, True)
update switch state S True args=() kw={} ncanvase=3
04:21:23 -- OPEN   VALVE-S (Microbone to Inlet Pipette)
---------------------------------------- open None (Microbone to Inlet Pipette) result=[(True, True)], time=0.41 sec
action=open, ok=True, locked=[False]
open () {'description': 'Microbone to Getter D-50'}
opening name=--- desc=Microbone to Getter D-50
checking ownership. requestor=129.138.12.150
check software interlocks K
interlocks []
actuate state mode=None-script, software_lock=False
doing actuation None-script open_channel False
Open K ===>> OK
GetIndicatorState K ===>> OK
change switch state (True, True)
update switch state K True args=() kw={} ncanvase=3
04:21:23 -- OPEN   VALVE-K (Microbone to Getter D-50)
---------------------------------------- open None (Microbone to Getter D-50) result=[(True, True)], time=0.42 sec
action=open, ok=True, locked=[False]
open () {'description': 'Microbone to Getter NP-10'}
opening name=--- desc=Microbone to Getter NP-10
checking ownership. requestor=129.138.12.150
check software interlocks M
interlocks []
actuate state mode=None-script, software_lock=False
doing actuation None-script open_channel False
Open M ===>> OK
GetIndicatorState M ===>> OK
change switch state (True, True)
update switch state M True args=() kw={} ncanvase=3
04:21:24 -- OPEN   VALVE-M (Microbone to Getter NP-10)
---------------------------------------- open None (Microbone to Getter NP-10) result=[(True, True)], time=0.17 sec
action=open, ok=True, locked=[False]
close () {'description': 'CO2 Laser to Felix'}
closing name=--- desc=CO2 Laser to Felix
checking ownership. requestor=129.138.12.150
check software interlocks F
interlocks []
actuate state mode=None-script, software_lock=True
VALVE-F(CO2 Laser to Felix) software locked
change switch state (True, False)
---------------------------------------- close None (CO2 Laser to Felix) result=[(True, False)]
action=close, ok=True, locked=[True]
open () {'description': 'CO2 Laser to Jan'}
opening name=--- desc=CO2 Laser to Jan
checking ownership. requestor=129.138.12.150
check software interlocks A
interlocks []
actuate state mode=None-script, software_lock=False
doing actuation None-script open_channel False
Open A ===>> OK
GetIndicatorState A ===>> OK
change switch state (True, True)
update switch state A True args=() kw={} ncanvase=3
04:21:24 -- OPEN   VALVE-A (CO2 Laser to Jan)
---------------------------------------- open None (CO2 Laser to Jan) result=[(True, True)], time=0.12 sec
action=open, ok=True, locked=[False]
open () {'description': 'Microbone to CO2 Laser'}
opening name=--- desc=Microbone to CO2 Laser
checking ownership. requestor=129.138.12.150
check software interlocks T
interlocks []
actuate state mode=None-script, software_lock=False
doing actuation None-script open_channel False
Open T ===>> OK
GetIndicatorState T ===>> OK
change switch state (True, True)
update switch state T True args=() kw={} ncanvase=3
04:21:25 -- OPEN   VALVE-T (Microbone to CO2 Laser)
---------------------------------------- open None (Microbone to CO2 Laser) result=[(True, True)], time=0.42 sec
action=open, ok=True, locked=[False]
executed snippet estimated_duration=0, duration=4.95275712013
PrepareForCO2Analysis.py completed successfully
gosub finished
set_motor ('beam', '1.25') {}
setting motor "beam" to 1.25
set motor beam to 1.25
SetMotor beam,1.25 ===>> OK
GetMotorMoving beam ===>> False
GetMotorMoving beam ===>> False
Block completed
move_to_position ('193',) {'autocenter': True}
FusionsCO2 move to position 193
sending GoToHole 193,True
GoToHole 193,True ===>> OK
GetDriveMoving ===>> OK
GetDriveMoving ===>> OK
GetDriveMoving ===>> OK
GetDriveMoving ===>> OK
GetDriveMoving ===>> OK
GetDriveMoving ===>> OK
GetDriveMoving ===>> False
GetDriveMoving ===>> False
Block completed
GetAutoCorrecting ===>> OK
GetAutoCorrecting ===>> OK
GetAutoCorrecting ===>> OK
GetAutoCorrecting ===>> OK
GetAutoCorrecting ===>> OK
GetAutoCorrecting ===>> OK
GetAutoCorrecting ===>> OK
GetAutoCorrecting ===>> OK
GetAutoCorrecting ===>> False
GetAutoCorrecting ===>> False
Block completed
update position
GetPosition ===>> 5.98170,-9.96950,1.00000
got position (5.9817, -9.9695, 1.0)
move to position succeeded
sleep (5,) {}
SLEEP 5.0
block started
WaitControl setup for 5.0  
Join finished
block finished. duration 5.0243499279
close () {'description': 'Microbone to Turbo'}
closing name=--- desc=Microbone to Turbo
checking ownership. requestor=129.138.12.150
check software interlocks U
interlocks []
actuate state mode=None-script, software_lock=False
doing actuation None-script close_channel True
Close U ===>> OK
GetIndicatorState U ===>> False
change switch state (True, True)
update switch state U False args=() kw={} ncanvase=3
04:21:39 -- CLOSE  VALVE-U (Microbone to Turbo)
---------------------------------------- close None (Microbone to Turbo) result=[(True, True)]
action=close, ok=True, locked=[False]
enable laser
enable () {}
set extraction state FusionsCO2 Enabled (False, 'red', 1.5)
enabling laser
Enable ===>> OK
begin interval
BEGIN INTERVAL Interval 1 waiting for 30.0
block started
WaitControl setup for 30.0  
set extract to 0.35
extract (0.35,) {}
GetPosition ===>> 5.98170,-9.96950,1.00000
set extraction state FusionsCO2 ON! 0.35(watts) (0.75, 'red', 1.5)
extract sample to 0.35 (watts)
set laser output
SetLaserOutput 0.35,watts ===>> OK
executing pattern triangle.lp
execute_pattern ('triangle.lp',) {}
executing pattern triangle.lp
IsPatterning ===>> OK
IsPatterning ===>> OK
IsPatterning ===>> OK
IsPatterning ===>> OK
IsPatterning ===>> OK
IsPatterning ===>> OK
IsPatterning ===>> OK
IsPatterning ===>> OK
IsPatterning ===>> OK
IsPatterning ===>> OK
IsPatterning ===>> OK
IsPatterning ===>> OK
IsPatterning ===>> OK
IsPatterning ===>> OK
IsPatterning ===>> OK
IsPatterning ===>> OK
IsPatterning ===>> OK
IsPatterning ===>> OK
IsPatterning ===>> OK
IsPatterning ===>> OK
IsPatterning ===>> OK
IsPatterning ===>> OK
IsPatterning ===>> OK
IsPatterning ===>> OK
IsPatterning ===>> OK
IsPatterning ===>> OK
IsPatterning ===>> False
IsPatterning ===>> False
Block completed
COMPLETE INTERVAL waiting for Interval 1 to complete
Join finished
block finished. duration 30.1139330864
Interval 1 finished
end_extract () {}
ending extraction. set laser power to 0
set laser power 0
SetLaserPower 0 ===>> OK
disable () {}
%%%%%%%%%%%%%%%%%%%%%%%%%%%%%%%%%%% disable
set extraction state False (0.75, 'red', 1.5)
disabling laser
Disable ===>> OK
sleep (30.0,) {}
SLEEP 30.0
block started
WaitControl setup for 30.0  
Join finished
block finished. duration 30.1111052036
executed snippet estimated_duration=166.0, duration=80.1988739967
jan_co2.py completed successfully
GetAchievedOutput ===>> No Response
Requested Output= 0.000
Achieved Output=  0.000
GetResponseBlob ===>> No Response
GetOutputBlob ===>> No Response
persistence save...
persistence save - db
AutomatedRunPersister post_extraction_save deprecated
persistence save - dvc
no extraction position for 193
create new session 4992585168
close session 4992585168
Extraction Finished
04:22:41 -- ******* Extraction Finished *******
no overlap. not waiting for min ms pumptime
04:22:41 -- Sending spectrometer configuration
======== Sending configuration ========
SetDeflection CDD,50.0 ===>> OK
SetDeflection H2,0.0 ===>> OK
SetDeflection H1,0.0 ===>> OK
SetDeflection L2,825.0 ===>> OK
SetDeflection L1,400.0 ===>> OK
SetDeflection AX,190.0 ===>> OK
SetZFocus 74.64 ===>> OK
SetZSymmetry -50.72 ===>> OK
SetExtractionLens 26.13 ===>> OK
SetIonRepeller -3.81 ===>> OK
SetElectronEnergy 75.08 ===>> OK
SetYSymmetry -2.81 ===>> OK
SetIonCounterVoltage 1590.0 ===>> OK
send trap current 200.0
GetParameter Trap Current Readback ===>> 198.258926936459
SetParameter Trap Current Set,200.0 ===>> OK
updating mftable name mftable
Using mftable located at /Users/jan/PychronDev/setupfiles/spectrometer/mftables/mftable.csv
============ MFtable ===========
Isotope  H2     H1     AX     L1     L2     CDD    
Ar40     5.8219 5.8812 5.9942 6.1618 6.2325 6.3900
Ar39     5.7211 5.7735 5.8866 6.0479 6.1176 6.2765
Ar36     5.3986 5.4425 5.5500 5.7067 5.7726 5.9276
================================
get initial guess parabolic
get initial guess parabolic
get initial guess parabolic
get initial guess parabolic
get initial guess parabolic
get initial guess parabolic
======== Configuration Finished ========
GetYSymmetry ===>> -2.81
GetZSymmetry ===>> -50.72
GetParameter Trap Current Readback ===>> 197.811389855338
GetHighVoltage ===>> 4499.94659342336
start measurement
do measurement
L#=65590 analysis type=unknown
Measurement Started jan_unknown120_60.py
04:22:41 -- ******* Measurement Started jan_unknown120_60.py *******
state changed from extraction to measurement
setting spec, defl, and gains
GetExtractionLens ===>> 26.13
GetYSymmetry ===>> -2.81
GetZSymmetry ===>> -50.72
GetZFocus ===>> 74.64
GetDeflection H2 ===>> 0
GetDeflection H1 ===>> 0
GetDeflection AX ===>> 190
GetDeflection L1 ===>> 400
GetDeflection L2 ===>> 825
GetDeflection CDD ===>> 50
GetGain H2 ===>> 0.0113
GetGain H1 ===>> 0.1
GetGain AX ===>> 0.097049
GetGain L1 ===>> 0.010355
GetGain L2 ===>> 0.095649
GetGain CDD ===>> 0
pre measurement save
New frame /Users/jan/PychronDev/data/isotopes/16/e1cd80-3efe-4c35-bda7-f59aad81b924.h5
flush and close file /Users/jan/PychronDev/data/isotopes/16/e1cd80-3efe-4c35-bda7-f59aad81b924.h5
testing...
no interpolation path defined
executed snippet estimated_duration=226.132928, duration=0.000245094299316
unknown measurement script
activate_detectors ('H2', 'H1', 'AX', 'L1', 'L2', 'CDD') {}
activate detectors
*************** Set Analysis View Ar/Ar
create graphs
clearing graphs
clear isotope group
setting isotope det=H2, iso=PM41
setting isotope det=H1, iso=Ar40
setting isotope det=AX, iso=Ar39
setting isotope det=L1, iso=Ar38
setting isotope det=L2, iso=Ar37
setting isotope det=CDD, iso=Ar36
setting previous blanks
 - setting Ar40 blank 0.419+/-0.007
 - setting Ar36 blank 0.00506+/-0.00017
 - setting Ar37 blank 0.054+/-0.006
 - setting Ar38 blank 0.0169+/-0.0022
 - setting PM41 blank 0.03+/-0.06
 - setting Ar39 blank 0.009+/-0.008
load analysis view
position_magnet ('Ar40',) {'detector': 'H1'}
detector Detector(H1)
POSITION Ar40 H1
setting detector H2 to PM41 (40.9624)
setting detector H1 to Ar40 (39.9624)
setting detector AX to Ar39 (38.9624)
setting detector L1 to Ar38 (37.9624)
setting detector L2 to Ar37 (36.9624)
setting detector CDD to Ar36 (35.9624)
Mapping mass to dac mass func: "parabolic"
H1 map mass coeffs = [-0.00063987  0.15840543  0.57280999]
H1 map mass to dac 39.9624 >> 5.8812
GetDeflection H1 ===>> 0
GetHighVoltage ===>> 4499.94659342336
positioning Ar40 (5.88116536616) on H1
setting magnet DAC
current  : 5.881165
requested: 5.881165
Delta Dac: 0.000000
Checking detector protection. dv=0.00000
Checking detector "CDD". Protection Threshold: 0.1 (V)
SetMagnetDAC 5.88116536616 ===>> OK
Magnet settling time: 0.500
update labels <pychron.experiment.plot_panel.PlotPanel object at 0x18af503b0>
update labels "<pychron.graph.stacked_regression_graph.StackedRegressionGraph object at 0x182d99ad0>"
setting label 0 H2 PM41
setting label 1 H1 Ar40
setting label 2 AX Ar39
setting label 3 L1 Ar38
setting label 4 L2 Ar37
setting label 5 CDD Ar36
update labels "<pychron.graph.stacked_graph.StackedGraph object at 0x18a59f9b0>"
setting label 0 H2 PM41
setting label 1 H1 Ar40
setting label 2 AX Ar39
equilibrate () {'delay': 3, 'inlet': 'R', 'outlet': 'O', 'eqtime': 12.0}
setting label 3 L1 Ar38
Equilibration Started
setting label 4 L2 Ar37
04:22:42 -- ******* Equilibration Started *******
setting label 5 CDD Ar36
checking ownership. requestor=129.138.12.150
check software interlocks O
interlocks []
actuate state mode=None-script, software_lock=False
doing actuation None-script close_channel True
Close O ===>> OK
GetIndicatorState O ===>> False
change switch state (True, True)
update switch state O False args=() kw={} ncanvase=3
04:22:42 -- CLOSE  VALVE-O (Jan Ion Pump)
waiting 3s before opening inlet value ('R',)
checking ownership. requestor=129.138.12.150
check software interlocks R
interlocks []
actuate state mode=None-script, software_lock=False
doing actuation None-script open_channel True
Open R ===>> OK
GetIndicatorState R ===>> OK
change switch state (True, True)
update switch state R True args=() kw={} ncanvase=3
04:22:46 -- OPEN   VALVE-R (Jan Inlet)
equilibrating for 12.0sec
set_time_zero () {}
sniff (12.0,) {}
py_sniff
build tables- sniff [Detector(H2), Detector(H1), Detector(AX), Detector(L1), Detector(L2), Detector(CDD)]
add group /sniff/PM41 (Group) '' table H2
add group /sniff/Ar40 (Group) '' table H1
add group /sniff/Ar39 (Group) '' table AX
add group /sniff/Ar38 (Group) '' table L1
add group /sniff/Ar37 (Group) '' table L2
add group /sniff/Ar36 (Group) '' table CDD
flush and close file /Users/jan/PychronDev/data/isotopes/16/e1cd80-3efe-4c35-bda7-f59aad81b924.h5
measuring sniff. ncounts=12.0
"sniff" increment series count="1" fit count="0" regressing="False"
starting measurement
check iteration duration=1.8835067749e-05
GetData ===>> H2,0.202773575351165,H1,15.2500057079952,AX,4.66638181181686,L1,0.0437525348570664,L2,0.162422258...
check iteration duration=4.6968460083e-05
GetData ===>> H2,0.877972095867122,H1,66.930028902144,AX,18.1036773768459,L1,0.280649530114685,L2,0.30511109115...
check iteration duration=5.69820404053e-05
GetData ===>> H2,0.291977074523381,H1,88.2167975382111,AX,22.3871495296098,L1,0.35141738171821,L2,0.31849861755...
check iteration duration=5.69820404053e-05
GetData ===>> H2,0.0431199598667051,H1,95.1212658419859,AX,23.761153365639,L1,0.351778763344254,L2,0.2549364348...
check iteration duration=4.29153442383e-05
GetData ===>> H2,0.000915149332942168,H1,97.5665956444725,AX,24.076443912151,L1,0.323769064201519,L2,0.19434193...
check iteration duration=2.00271606445e-05
GetData ===>> H2,-0.0499108795722448,H1,98.6169841319028,AX,24.3811863224363,L1,0.337678289698854,L2,0.19368015...
check iteration duration=1.69277191162e-05
GetData ===>> H2,-0.106098681918402,H1,99.1634118085757,AX,24.3727557882324,L1,0.384163095650468,L2,0.166323234...
check iteration duration=5.29289245605e-05
GetData ===>> H2,-0.170926312670019,H1,99.359426215466,AX,24.4958757054911,L1,0.3672468682353,L2,0.193554648183...
check iteration duration=3.40938568115e-05
GetData ===>> H2,-0.0192763790202452,H1,99.42245020383,AX,24.4894144090257,L1,0.346564382634021,L2,0.1246868132...
check iteration duration=4.91142272949e-05
GetData ===>> H2,0.0366007261897746,H1,99.4970678910016,AX,24.4665591860304,L1,0.380034927904079,L2,0.127742499...
check iteration duration=4.50611114502e-05
GetData ===>> H2,-0.0336355679104064,H1,99.5678443924571,AX,24.5189567397479,L1,0.380058166760939,L2,0.14465315...
Equilibration Finished
04:22:58 -- ******* Equilibration Finished *******
check iteration duration=2.31266021729e-05
checking ownership. requestor=129.138.12.150
check software interlocks R
interlocks []
actuate state mode=None-script, software_lock=False
doing actuation None-script close_channel True
GetData ===>> H2,-0.0207568494001179,H1,99.54796358906,AX,24.5305382528453,L1,0.380047158874814,L2,0.1637111595...
Close R ===>> OK
set states for children of R. state=False
handle state [('R', False)]
update switch state R False args=() kw={'refresh': False} ncanvase=3
refresh_canvas_needed fired
GetIndicatorState R ===>> False
change switch state (True, True)
update switch state R False args=() kw={} ncanvase=3
04:22:58 -- CLOSE  VALVE-R (Jan Inlet)
Post Equilibration Started jan_pump_extraction_line.py
04:22:58 -- ******* Post Equilibration Started jan_pump_extraction_line.py *******
testing...
no interpolation path defined
calculate duration
testing...
no interpolation path defined
executed snippet estimated_duration=4.0, duration=0.00015115737915
executed snippet estimated_duration=4.0, duration=0.00159597396851
Pump after analysis
doing GOSUB
testing...
no interpolation path defined
executed snippet estimated_duration=4.0, duration=0.000242948532104
Pump Microbone
close () {'description': 'Jan Inlet'}
closing name=--- desc=Jan Inlet
checking ownership. requestor=129.138.12.150
check software interlocks R
interlocks []
actuate state mode=None-script, software_lock=False
doing actuation None-script close_channel False
check iteration duration=1.4066696167e-05
waiting for write to finish
measurement finished
estimated time: 12.583 actual time: :12.717
flush and close file /Users/jan/PychronDev/data/isotopes/16/e1cd80-3efe-4c35-bda7-f59aad81b924.h5
set_fits () {}
using default fits file=/Users/jan/PychronDev/scripts/measurement/fits/nominal_linear.yaml
Close R ===>> OK
set "Ar40" to "('Linear', 'SEM')"
No fit for "PM41". defaulting to linear. check the measurement script "jan_unknown120_60.py"
set "PM41" to "linear"
set "Ar36" to "('Linear', 'SEM')"
set "Ar37" to "('linear', 'SEM')"
set "Ar38" to "('linear', 'SEM')"
set "Ar39" to "('Linear', 'SEM')"
set_baseline_fits () {}
using default fits file=/Users/jan/PychronDev/scripts/measurement/fits/nominal_linear.yaml
set "H1" to "('average', 'SEM')"
set "H2" to "('average', 'SEM')"
set "CDD" to "('average', 'SEM')"
set "L2" to "('average', 'SEM')"
set "L1" to "('average', 'SEM')"
set "AX" to "('average', 'SEM')"
multicollect () {'integration_time': 1, 'ncounts': 120}
build tables- signal [Detector(H2), Detector(H1), Detector(AX), Detector(L1), Detector(L2), Detector(CDD)]
add group /signal/PM41 (Group) '' table H2
add group /signal/Ar40 (Group) '' table H1
add group /signal/Ar39 (Group) '' table AX
add group /signal/Ar38 (Group) '' table L1
add group /signal/Ar37 (Group) '' table L2
add group /signal/Ar36 (Group) '' table CDD
flush and close file /Users/jan/PychronDev/data/isotopes/16/e1cd80-3efe-4c35-bda7-f59aad81b924.h5
measuring signal. ncounts=120
GetIndicatorState R ===>> False
change switch state (True, True)
update switch state R False args=() kw={} ncanvase=3
04:22:59 -- CLOSE  VALVE-R (Jan Inlet)
---------------------------------------- close None (Jan Inlet) result=[(True, True)]
"signal" increment series count="2" fit count="1" regressing="True"
action=close, ok=True, locked=[False]
is_closed ('F',) {}
is F () closed?
is closed True
open () {'description': 'CO2 Laser to Jan'}
opening name=--- desc=CO2 Laser to Jan
checking ownership. requestor=129.138.12.150
check software interlocks A
interlocks []
actuate state mode=None-script, software_lock=False
doing actuation None-script open_channel False
Open A ===>> OK
GetIndicatorState A ===>> OK
change switch state (True, True)
update switch state A True args=() kw={} ncanvase=3
04:22:59 -- OPEN   VALVE-A (CO2 Laser to Jan)
---------------------------------------- open None (CO2 Laser to Jan) result=[(True, True)], time=0.13 sec
starting measurement
check iteration duration=6.48498535156e-05
GetData ===>> H2,-0.114023924405288,H1,99.6619357870352,AX,24.5866874176186,L1,0.379923626740418,L2,0.143854879...
action=open, ok=True, locked=[False]
sleep (1,) {}
SLEEP 1.0
check iteration duration=7.29560852051e-05
GetData ===>> H2,-0.0859012881563286,H1,99.7089238753505,AX,24.587601924407,L1,0.353838637795301,L2,0.125861188...
close () {'description': 'CO2 Laser to Roughing'}
closing name=--- desc=CO2 Laser to Roughing
checking ownership. requestor=129.138.12.150
check software interlocks G
interlocks []
actuate state mode=None-script, software_lock=True
VALVE-G(CO2 Laser to Roughing) software locked
change switch state (True, False)
---------------------------------------- close None (CO2 Laser to Roughing) result=[(True, False)]
action=close, ok=True, locked=[True]
open () {'description': 'Microbone to Turbo'}
opening name=--- desc=Microbone to Turbo
checking ownership. requestor=129.138.12.150
check software interlocks U
interlocks []
actuate state mode=None-script, software_lock=False
doing actuation None-script open_channel True
Open U ===>> OK
GetIndicatorState U ===>> OK
change switch state (True, True)
update switch state U True args=() kw={} ncanvase=3
04:23:01 -- OPEN   VALVE-U (Microbone to Turbo)
---------------------------------------- open None (Microbone to Turbo) result=[(True, True)], time=0.18 sec
action=open, ok=True, locked=[False]
open () {'description': 'Microbone to Getter NP-10'}
opening name=--- desc=Microbone to Getter NP-10
checking ownership. requestor=129.138.12.150
check software interlocks M
interlocks []
actuate state mode=None-script, software_lock=False
doing actuation None-script open_channel False
Open M ===>> OK
GetIndicatorState M ===>> OK
change switch state (True, True)
update switch state M True args=() kw={} ncanvase=3
04:23:01 -- OPEN   VALVE-M (Microbone to Getter NP-10)
---------------------------------------- open None (Microbone to Getter NP-10) result=[(True, True)], time=0.14 sec
action=open, ok=True, locked=[False]
open () {'description': 'Microbone to Getter D-50'}
opening name=--- desc=Microbone to Getter D-50
checking ownership. requestor=129.138.12.150
check software interlocks K
interlocks []
actuate state mode=None-script, software_lock=False
doing actuation None-script open_channel False
check iteration duration=7.82012939453e-05
GetData ===>> H2,-0.0990941966643968,H1,99.649521242131,AX,24.3948775352554,L1,0.385483385507254,L2,0.253589219...
Open K ===>> OK
GetIndicatorState K ===>> OK
change switch state (True, True)
update switch state K True args=() kw={} ncanvase=3
04:23:02 -- OPEN   VALVE-K (Microbone to Getter D-50)
---------------------------------------- open None (Microbone to Getter D-50) result=[(True, True)], time=0.42 sec
action=open, ok=True, locked=[False]
open () {'description': 'Microbone to CO2 Laser'}
opening name=--- desc=Microbone to CO2 Laser
checking ownership. requestor=129.138.12.150
check software interlocks T
interlocks []
actuate state mode=None-script, software_lock=False
doing actuation None-script open_channel False
Open T ===>> OK
GetIndicatorState T ===>> OK
change switch state (True, True)
update switch state T True args=() kw={} ncanvase=3
04:23:02 -- OPEN   VALVE-T (Microbone to CO2 Laser)
---------------------------------------- open None (Microbone to CO2 Laser) result=[(True, True)], time=0.41 sec
check iteration duration=9.10758972168e-05
GetData ===>> H2,-0.241751597391965,H1,99.5769014817754,AX,24.438011473708,L1,0.365385360898289,L2,0.1298176861...
action=open, ok=True, locked=[False]
open () {'description': 'Microbone to Inlet Pipette'}
opening name=--- desc=Microbone to Inlet Pipette
checking ownership. requestor=129.138.12.150
check software interlocks S
interlocks []
actuate state mode=None-script, software_lock=False
doing actuation None-script open_channel False
Open S ===>> OK
GetIndicatorState S ===>> OK
change switch state (True, True)
update switch state S True args=() kw={} ncanvase=3
04:23:03 -- OPEN   VALVE-S (Microbone to Inlet Pipette)
---------------------------------------- open None (Microbone to Inlet Pipette) result=[(True, True)], time=0.44 sec
action=open, ok=True, locked=[False]
sleep (1,) {}
SLEEP 1.0
testing H1>-5.0
evaluate ot="H1.bs>-5.0" t="H1>-5.0", ctx="{'H1': None}"
check iteration duration=0.000595092773438
GetData ===>> H2,-0.243486364327621,H1,99.6322026842803,AX,24.2703639449234,L1,0.357720190257128,L2,0.157358070...
set_resource () {'name': 'CO2PumpTimeFlag', 'value': 30}
Set CO2PumpTimeFlag 30 ===>> OK
release ('JanCO2Flag',) {}
release JanCO2Flag
Set JanCO2Flag 0 ===>> OK
executed snippet estimated_duration=6.0, duration=5.99298596382
PumpMicrobone.py completed successfully
gosub finished
get_resource_value () {'name': 'JanMiniboneFlag'}
Read JanMiniboneFlag ===>> 0
Get Resource Value JanMiniboneFlag=0.0
get resource value 0.0
get_resource_value () {'name': 'JanMiniboneFlag'}
Read JanMiniboneFlag ===>> 0
Get Resource Value JanMiniboneFlag=0.0
executed snippet estimated_duration=4.0, duration=6.01182699203
jan_pump_extraction_line.py completed successfully
Post Equilibration Finished
04:23:04 -- ******* Post Equilibration Finished *******
check iteration duration=3.60012054443e-05
GetData ===>> H2,-0.17782953944504,H1,99.5501248065038,AX,24.4828997643802,L1,0.354043793194246,L2,0.1647263241...
check iteration duration=8.39233398438e-05
GetData ===>> H2,-0.22358543080776,H1,99.5223171399827,AX,24.3444542982362,L1,0.302757831136981,L2,0.1146767018...
check iteration duration=8.58306884766e-05
GetData ===>> H2,-0.225705108163644,H1,99.2814417357819,AX,24.1249807630247,L1,0.298566990081491,L2,0.139327631...
check iteration duration=4.31537628174e-05
GetData ===>> H2,-0.185238281337265,H1,99.472644094592,AX,24.3635821206363,L1,0.327602732876289,L2,0.1418820220...
testing H1>-5.0
evaluate ot="H1.bs>-5.0" t="H1>-5.0", ctx="{'H1': None}"
check iteration duration=0.000586032867432
GetData ===>> H2,-0.213086411132642,H1,99.3696546522979,AX,24.2524365207935,L1,0.320548804094272,L2,0.219994896...
check iteration duration=9.58442687988e-05
GetData ===>> H2,-0.235118995400747,H1,99.2754116759311,AX,24.2026491737014,L1,0.348480407923015,L2,0.071159135...
check iteration duration=9.58442687988e-05
GetData ===>> H2,-0.194193536980222,H1,99.4186287310259,AX,24.3090779363685,L1,0.357310957914161,L2,0.184746657...
check iteration duration=4.19616699219e-05
GetData ===>> H2,-0.265907069830449,H1,99.2638160894727,AX,24.3455763019913,L1,0.331607372023543,L2,0.101247923...
check iteration duration=6.89029693604e-05
GetData ===>> H2,-0.156850474498731,H1,99.2121890320739,AX,24.345798094792,L1,0.287724403875527,L2,0.0834787783...
testing H1>-5.0
evaluate ot="H1.bs>-5.0" t="H1>-5.0", ctx="{'H1': None}"
check iteration duration=0.000659942626953
GetData ===>> H2,-0.180971189738487,H1,99.1716175446546,AX,24.3176992190889,L1,0.300121395644885,L2,0.198403952...
check iteration duration=8.60691070557e-05
GetData ===>> H2,-0.204606625122613,H1,99.2388858584742,AX,24.2905129674196,L1,0.302357308836401,L2,0.180354373...
check iteration duration=9.10758972168e-05
GetData ===>> H2,-0.29859756947228,H1,99.316681408553,AX,24.1297633771693,L1,0.334031159208594,L2,0.12289677336...
check iteration duration=6.79492950439e-05
GetData ===>> H2,-0.139655081817811,H1,99.1076603935181,AX,24.2829435992309,L1,0.356054044920642,L2,0.148005995...
check iteration duration=8.20159912109e-05
GetData ===>> H2,-0.194132888352188,H1,99.0998504334784,AX,24.3413884163651,L1,0.320573194857909,L2,0.155510393...
testing H1>-5.0
evaluate ot="H1.bs>-5.0" t="H1>-5.0", ctx="{'H1': None}"
check iteration duration=0.000574827194214
GetData ===>> H2,-0.134943516274438,H1,99.2237701588812,AX,24.1857498423504,L1,0.355199090162172,L2,0.220987832...
check iteration duration=9.20295715332e-05
GetData ===>> H2,-0.0594129842701931,H1,99.0865494762843,AX,24.2939063023535,L1,0.343484848418843,L2,0.06243384...
check iteration duration=8.79764556885e-05
GetData ===>> H2,-0.208521266285724,H1,99.112546283526,AX,24.260212539276,L1,0.304711971976987,L2,0.10480442844...
check iteration duration=9.79900360107e-05
GetData ===>> H2,-0.161153655521778,H1,99.0674737595917,AX,24.3352308193283,L1,0.316047265075239,L2,0.100518400...
check iteration duration=4.10079956055e-05
GetData ===>> H2,-0.221047759211787,H1,99.1011164038875,AX,24.25258003291,L1,0.304447745425134,L2,0.10295776519...
testing H1>-5.0
evaluate ot="H1.bs>-5.0" t="H1>-5.0", ctx="{'H1': None}"
check iteration duration=0.000571012496948
04:23:25 -- collecting point 25
GetData ===>> H2,-0.241752943319114,H1,98.9930939597891,AX,24.3852582679438,L1,0.337259700532629,L2,0.053264603...
check iteration duration=8.70227813721e-05
GetData ===>> H2,-0.206602520268419,H1,98.944731342614,AX,24.2628351130201,L1,0.370152178914683,L2,0.0990593709...
check iteration duration=8.39233398438e-05
GetData ===>> H2,-0.159473637395116,H1,99.0212309764059,AX,24.2612041518123,L1,0.338921954376437,L2,0.178734413...
check iteration duration=9.17911529541e-05
GetData ===>> H2,-0.209762079655049,H1,99.0133135621795,AX,24.2830741011454,L1,0.328357446065495,L2,0.135621605...
check iteration duration=4.2200088501e-05
GetData ===>> H2,-0.178102174222405,H1,98.9841796592418,AX,24.3751830891454,L1,0.301417543048453,L2,0.145816373...
testing H1>-5.0
evaluate ot="H1.bs>-5.0" t="H1>-5.0", ctx="{'H1': None}"
check iteration duration=0.000611066818237
GetData ===>> H2,-0.138639928499606,H1,98.9537858880422,AX,24.3468809719753,L1,0.321372075078689,L2,0.119442205...
check iteration duration=9.20295715332e-05
GetData ===>> H2,-0.116918575617757,H1,98.8846786474877,AX,24.1624393071437,L1,0.343292103296226,L2,0.113171855...
check iteration duration=8.10623168945e-05
GetData ===>> H2,-0.184156483649045,H1,98.8549574873615,AX,24.1340770313734,L1,0.355732817839394,L2,0.134789194...
check iteration duration=4.10079956055e-05
GetData ===>> H2,-0.282216673836881,H1,98.9319525330593,AX,24.1464455206225,L1,0.296004442590766,L2,0.192972748...
check iteration duration=8.58306884766e-05
GetData ===>> H2,-0.258235241753623,H1,98.7972900391105,AX,24.1922171794333,L1,0.308202351548434,L2,0.120057861...
testing H1>-5.0
evaluate ot="H1.bs>-5.0" t="H1>-5.0", ctx="{'H1': None}"
check iteration duration=0.000620126724243
GetData ===>> H2,-0.168022392135768,H1,98.8455466941301,AX,24.2616738661488,L1,0.31935250851184,L2,0.1512220938...
check iteration duration=8.51154327393e-05
GetData ===>> H2,-0.12793288257574,H1,98.6472591563096,AX,24.2356599463884,L1,0.302303744733716,L2,0.1573124483...
check iteration duration=8.41617584229e-05
GetData ===>> H2,-0.172241737983619,H1,98.7885598858724,AX,24.1646554195874,L1,0.302034711099878,L2,0.129350195...
check iteration duration=8.39233398438e-05
GetData ===>> H2,-0.256293047749722,H1,98.7148727663744,AX,24.1481660113528,L1,0.308112215105923,L2,0.175129530...
check iteration duration=9.01222229004e-05
GetData ===>> H2,-0.183178460358962,H1,98.7578302391889,AX,24.2318770928129,L1,0.29957074845146,L2,0.2009142775...
testing H1>-5.0
evaluate ot="H1.bs>-5.0" t="H1>-5.0", ctx="{'H1': None}"
check iteration duration=0.000599145889282
GetData ===>> H2,-0.109859962402653,H1,98.8540841122988,AX,24.1541879419662,L1,0.295500290745137,L2,0.144447885...
check iteration duration=3.79085540771e-05
GetData ===>> H2,-0.188077171379502,H1,98.8349424380383,AX,23.9875183135837,L1,0.308156065167888,L2,0.122258295...
check iteration duration=4.00543212891e-05
GetData ===>> H2,-0.187464948423145,H1,98.7134838004334,AX,24.0810068175045,L1,0.322967161917,L2,-0.00957353897...
check iteration duration=8.29696655273e-05
GetData ===>> H2,-0.196003130935879,H1,98.7291015070314,AX,24.0203878612816,L1,0.362029638600097,L2,0.082897547...
check iteration duration=8.20159912109e-05
GetData ===>> H2,-0.218335700079443,H1,98.7770689307316,AX,23.9701169574028,L1,0.335095025585796,L2,0.190234442...
testing H1>-5.0
evaluate ot="H1.bs>-5.0" t="H1>-5.0", ctx="{'H1': None}"
check iteration duration=0.000543117523193
GetData ===>> H2,-0.202974338345916,H1,98.6183196654026,AX,24.0601884793098,L1,0.315897329152364,L2,0.078225031...
check iteration duration=9.20295715332e-05
GetData ===>> H2,-0.0714804358003098,H1,98.5836530830059,AX,24.1573684892841,L1,0.356869982546203,L2,0.21275933...
check iteration duration=8.79764556885e-05
GetData ===>> H2,-0.0909432574133349,H1,98.571316070845,AX,24.1083752070551,L1,0.354958494326527,L2,0.164418351...
check iteration duration=8.51154327393e-05
GetData ===>> H2,-0.182584860196385,H1,98.7380240992568,AX,24.0183682423078,L1,0.308078109632192,L2,0.203105160...
check iteration duration=4.00543212891e-05
GetData ===>> H2,-0.154353718571663,H1,98.5753926908709,AX,24.05755550905,L1,0.296226082432898,L2,0.19542588016...
testing H1>-5.0
evaluate ot="H1.bs>-5.0" t="H1>-5.0", ctx="{'H1': None}"
check iteration duration=0.000714063644409
04:23:51 -- collecting point 50
GetData ===>> H2,-0.0851307053154847,H1,98.4275539577477,AX,23.9376791590702,L1,0.295679298335024,L2,0.10043860...
check iteration duration=7.79628753662e-05
GetData ===>> H2,-0.18337542080882,H1,98.382590690172,AX,23.9580053727906,L1,0.294871962395747,L2,0.16593541068...
check iteration duration=7.70092010498e-05
GetData ===>> H2,-0.211695106065005,H1,98.5939614112223,AX,23.9808622282558,L1,0.303471262314927,L2,0.077204570...
check iteration duration=8.48770141602e-05
GetData ===>> H2,-0.159507402269597,H1,98.3390637757292,AX,23.9732297211507,L1,0.359930327301872,L2,0.146785731...
check iteration duration=8.08238983154e-05
GetData ===>> H2,-0.143841798051276,H1,98.4587888895021,AX,24.1166279792857,L1,0.303625886217446,L2,0.184210445...
testing H1>-5.0
evaluate ot="H1.bs>-5.0" t="H1>-5.0", ctx="{'H1': None}"
check iteration duration=0.000602960586548
GetData ===>> H2,-0.131419040713653,H1,98.4517582353467,AX,23.9891465761827,L1,0.293779785885991,L2,0.188192173...
check iteration duration=7.39097595215e-05
GetData ===>> H2,-0.181992578106869,H1,98.4152041690287,AX,23.8837508362869,L1,0.332790528092326,L2,0.098261473...
check iteration duration=4.50611114502e-05
GetData ===>> H2,-0.118087594396496,H1,98.2540402530352,AX,23.987765807936,L1,0.329497546481395,L2,0.1012251259...
check iteration duration=8.01086425781e-05
GetData ===>> H2,-0.11900351228059,H1,98.4116275477808,AX,24.0122965802282,L1,0.320936624124478,L2,0.1336375145...
check iteration duration=3.91006469727e-05
GetData ===>> H2,-0.180772838116564,H1,98.3320921105425,AX,24.0252350990113,L1,0.342223531583191,L2,0.103094553...
testing H1>-5.0
evaluate ot="H1.bs>-5.0" t="H1>-5.0", ctx="{'H1': None}"
check iteration duration=0.000547170639038
GetData ===>> H2,-0.168752490534094,H1,98.3039242079284,AX,24.0371195587252,L1,0.366684960332208,L2,0.031200430...
check iteration duration=8.10623168945e-05
GetData ===>> H2,-0.248785913286584,H1,98.2597320429956,AX,24.0051699735198,L1,0.315821752528471,L2,0.148838521...
check iteration duration=4.6968460083e-05
GetData ===>> H2,-0.264994231198055,H1,98.3909524415018,AX,24.0530326833488,L1,0.333226012744783,L2,0.224423239...
check iteration duration=3.50475311279e-05
GetData ===>> H2,-0.184801258307742,H1,98.3518341497853,AX,23.9144673080489,L1,0.345285604672137,L2,0.235209621...
check iteration duration=8.10623168945e-05
GetData ===>> H2,-0.145713022577132,H1,98.3985495875769,AX,23.8372887173776,L1,0.30863233767709,L2,0.1702357760...
testing H1>-5.0
evaluate ot="H1.bs>-5.0" t="H1>-5.0", ctx="{'H1': None}"
check iteration duration=0.000571966171265
GetData ===>> H2,-0.137649018804945,H1,98.2334626862826,AX,23.9267797679318,L1,0.32815504579079,L2,0.0740677402...
check iteration duration=0.000112056732178
GetData ===>> H2,-0.12380917887676,H1,98.0717604500156,AX,23.9499707930408,L1,0.326573779039409,L2,0.1752321991...
check iteration duration=7.60555267334e-05
GetData ===>> H2,-0.0900151045590176,H1,98.2368772633053,AX,23.8901982346982,L1,0.337035158294428,L2,0.16182914...
check iteration duration=8.51154327393e-05
GetData ===>> H2,-0.140326844380782,H1,98.1879957937303,AX,23.8163820012551,L1,0.318628214041941,L2,0.144345249...
check iteration duration=8.29696655273e-05
GetData ===>> H2,-0.137747708098896,H1,98.1977388029496,AX,23.8435120369022,L1,0.315434126363962,L2,0.178882718...
testing H1>-5.0
evaluate ot="H1.bs>-5.0" t="H1>-5.0", ctx="{'H1': None}"
check iteration duration=0.00056004524231
GetData ===>> H2,-0.201619536672135,H1,98.2040152023975,AX,23.9017654300154,L1,0.334097037630945,L2,0.158817989...
check iteration duration=8.32080841064e-05
GetData ===>> H2,-0.222798867427781,H1,98.0902843418998,AX,23.8887524213634,L1,0.302329309384074,L2,0.212131669...
check iteration duration=4.10079956055e-05
GetData ===>> H2,-0.179133268181056,H1,98.1088994375714,AX,23.9370672176504,L1,0.288951013460549,L2,0.170498138...
check iteration duration=7.82012939453e-05
GetData ===>> H2,-0.233982046381368,H1,98.0229729174118,AX,23.8481862693882,L1,0.31950005626525,L2,0.1355303815...
check iteration duration=6.69956207275e-05
GetData ===>> H2,-0.158675406463602,H1,98.1536869765816,AX,23.8307272748337,L1,0.318157572060595,L2,0.088778402...
testing H1>-5.0
evaluate ot="H1.bs>-5.0" t="H1>-5.0", ctx="{'H1': None}"
check iteration duration=0.000590085983276
04:24:17 -- collecting point 75
GetData ===>> H2,-0.0606551061970447,H1,98.1852401310036,AX,23.8640462976566,L1,0.354466328563857,L2,0.28053221...
check iteration duration=4.19616699219e-05
GetData ===>> H2,-0.11409971710715,H1,98.0638147255363,AX,23.8496706078864,L1,0.352659073954382,L2,0.2032649140...
check iteration duration=8.48770141602e-05
GetData ===>> H2,-0.217515083025976,H1,98.1346694254681,AX,23.7741121496658,L1,0.333221133262298,L2,0.100746375...
check iteration duration=8.29696655273e-05
GetData ===>> H2,-0.0935145902157387,H1,98.0547318767552,AX,23.8529127857817,L1,0.327394251644599,L2,0.20017258...
check iteration duration=3.71932983398e-05
GetData ===>> H2,-0.18363173407138,H1,97.8785447931312,AX,23.8166944009426,L1,0.348178945793464,L2,0.2035730114...
testing H1>-5.0
evaluate ot="H1.bs>-5.0" t="H1>-5.0", ctx="{'H1': None}"
check iteration duration=0.000580072402954
GetData ===>> H2,-0.183618244044332,H1,97.7859495716453,AX,23.9424446073409,L1,0.342529697698651,L2,0.146831348...
check iteration duration=8.39233398438e-05
GetData ===>> H2,-0.252819114360906,H1,97.7116266234676,AX,23.8129847123342,L1,0.334543558112427,L2,0.115109919...
check iteration duration=6.69956207275e-05
GetData ===>> H2,-0.198557491600672,H1,97.7597300419077,AX,23.7980040584987,L1,0.30322289495794,L2,0.0853820505...
check iteration duration=8.79764556885e-05
GetData ===>> H2,-0.137377280832995,H1,97.8619004056338,AX,23.677447719532,L1,0.29962800463154,L2,0.12060511518...
check iteration duration=8.29696655273e-05
GetData ===>> H2,-0.121869844230433,H1,97.6670836074836,AX,23.7305459313758,L1,0.316870123292991,L2,0.135473366...
testing H1>-5.0
evaluate ot="H1.bs>-5.0" t="H1>-5.0", ctx="{'H1': None}"
check iteration duration=0.000590085983276
GetData ===>> H2,-0.232273043828394,H1,97.5670568504891,AX,23.7599694570024,L1,0.325487637889907,L2,0.189983434...
check iteration duration=8.58306884766e-05
GetData ===>> H2,-0.212031836450405,H1,97.5979431661348,AX,23.8607256578578,L1,0.304472097817002,L2,0.089051939...
check iteration duration=6.69956207275e-05
GetData ===>> H2,-0.270248427884095,H1,97.6091567855224,AX,23.5591876227351,L1,0.320898817122605,L2,0.058020185...
check iteration duration=7.9870223999e-05
GetData ===>> H2,-0.226284112252877,H1,97.5958850618938,AX,23.6774997639592,L1,0.30135802345922,L2,0.1753919064...
check iteration duration=8.58306884766e-05
GetData ===>> H2,-0.224274975586496,H1,97.7146629217535,AX,23.7520206884953,L1,0.306761481711407,L2,0.171148345...
testing H1>-5.0
evaluate ot="H1.bs>-5.0" t="H1>-5.0", ctx="{'H1': None}"
check iteration duration=0.000585794448853
GetData ===>> H2,-0.175077180233036,H1,97.8471937852012,AX,23.7603987850249,L1,0.324357734601646,L2,0.156411416...
check iteration duration=8.70227813721e-05
GetData ===>> H2,-0.104420705864635,H1,97.6490677974889,AX,23.7231652966811,L1,0.342341849674189,L2,0.258989610...
check iteration duration=7.9870223999e-05
GetData ===>> H2,-0.236789900939234,H1,97.5966302342819,AX,23.6314241371829,L1,0.291754028445363,L2,0.101612687...
check iteration duration=8.79764556885e-05
GetData ===>> H2,-0.285463862989074,H1,97.5565026859384,AX,23.7108653472813,L1,0.306917373300269,L2,0.166129322...
check iteration duration=8.39233398438e-05
GetData ===>> H2,-0.215060612181891,H1,97.6488903126651,AX,23.6986708922243,L1,0.321504887944533,L2,0.179989309...
testing H1>-5.0
evaluate ot="H1.bs>-5.0" t="H1>-5.0", ctx="{'H1': None}"
check iteration duration=0.000678062438965
GetData ===>> H2,-0.242773109952805,H1,97.5993803075155,AX,23.7285803167888,L1,0.338510637368056,L2,0.139498682...
check iteration duration=4.19616699219e-05
GetData ===>> H2,-0.181733529276157,H1,97.5332883840626,AX,23.7530614108694,L1,0.3216998457329,L2,0.11969302769...
check iteration duration=8.29696655273e-05
GetData ===>> H2,-0.199439380835088,H1,97.7492577211636,AX,23.7135595034125,L1,0.335326846002474,L2,0.078658084...
check iteration duration=6.5803527832e-05
GetData ===>> H2,-0.124685422256597,H1,97.6214714480407,AX,23.6020874023283,L1,0.343567803132425,L2,0.163460221...
check iteration duration=8.48770141602e-05
GetData ===>> H2,-0.0811862369459928,H1,97.4485395933277,AX,23.6884556681628,L1,0.303252114333778,L2,0.02871496...
testing H1>-5.0
evaluate ot="H1.bs>-5.0" t="H1>-5.0", ctx="{'H1': None}"
check iteration duration=0.000578880310059
04:24:44 -- collecting point 100
GetData ===>> H2,-0.12307621965258,H1,97.4482203464415,AX,23.6147522062395,L1,0.298755796324466,L2,0.0734860121...
check iteration duration=3.79085540771e-05
GetData ===>> H2,-0.194386262684972,H1,97.4466063865552,AX,23.5299624756597,L1,0.294747762528251,L2,0.073451792...
check iteration duration=7.70092010498e-05
GetData ===>> H2,-0.157270599602513,H1,97.2580387230541,AX,23.5670652992587,L1,0.29584734913046,L2,0.1627530365...
check iteration duration=3.91006469727e-05
GetData ===>> H2,-0.0896614380581536,H1,97.3017895102133,AX,23.6920731796169,L1,0.31324760487875,L2,0.173292917...
check iteration duration=8.6784362793e-05
GetData ===>> H2,-0.0528421288453446,H1,97.3138994774912,AX,23.6398651106125,L1,0.305824964311629,L2,0.11320605...
testing H1>-5.0
evaluate ot="H1.bs>-5.0" t="H1>-5.0", ctx="{'H1': None}"
check iteration duration=0.000580072402954
GetData ===>> H2,-0.0938992917789346,H1,97.3006548053776,AX,23.7081061838134,L1,0.310332969911744,L2,0.13214377...
check iteration duration=0.000103950500488
GetData ===>> H2,-0.177407077542259,H1,97.2399961580667,AX,23.7542842723311,L1,0.315434126363962,L2,0.163460221...
check iteration duration=8.41617584229e-05
GetData ===>> H2,-0.168741694597377,H1,97.2820043350613,AX,23.6070023160041,L1,0.347845761128911,L2,0.117868878...
check iteration duration=8.60691070557e-05
GetData ===>> H2,-0.120096564240802,H1,97.2678053073214,AX,23.5351384110288,L1,0.344701178206049,L2,0.099435524...
check iteration duration=7.70092010498e-05
GetData ===>> H2,-0.186271423015087,H1,97.1777324483248,AX,23.7549867734055,L1,0.321227079514856,L2,0.173110398...
testing H1>-5.0
evaluate ot="H1.bs>-5.0" t="H1>-5.0", ctx="{'H1': None}"
check iteration duration=0.000669002532959
GetData ===>> H2,-0.234548516942854,H1,97.3603470814609,AX,23.6516367411603,L1,0.31513427469156,L2,0.0453391599...
check iteration duration=9.70363616943e-05
GetData ===>> H2,-0.165735975594789,H1,97.366356129836,AX,23.5029423580978,L1,0.291029771554687,L2,0.1648860139...
check iteration duration=6.19888305664e-05
GetData ===>> H2,-0.125498050488947,H1,97.2026950451115,AX,23.4690661426579,L1,0.306738341756291,L2,0.229719258...
check iteration duration=8.41617584229e-05
GetData ===>> H2,-0.164390094410065,H1,97.1447521315479,AX,23.3080772414923,L1,0.322948882202446,L2,0.135017251...
check iteration duration=8.39233398438e-05
GetData ===>> H2,-0.160379851744023,H1,97.1428026716747,AX,23.5260221668692,L1,0.290454054389155,L2,0.110869030...
testing H1>-5.0
evaluate ot="H1.bs>-5.0" t="H1>-5.0", ctx="{'H1': None}"
check iteration duration=0.000568866729736
GetData ===>> H2,-0.134994901143464,H1,97.2166752211694,AX,23.6539521946849,L1,0.267912860238387,L2,0.243565623...
check iteration duration=7.79628753662e-05
GetData ===>> H2,-0.205267021047027,H1,97.044636124971,AX,23.6476433496325,L1,0.276682441412432,L2,0.1223039013...
check iteration duration=9.20295715332e-05
GetData ===>> H2,-0.134478337396792,H1,97.0951374712906,AX,23.4573562067815,L1,0.328361103938609,L2,0.190588135...
check iteration duration=9.3936920166e-05
GetData ===>> H2,-0.0892833685967125,H1,97.1118982865292,AX,23.5721996112713,L1,0.344480349328573,L2,0.06827342...
check iteration duration=8.39233398438e-05
GetData ===>> H2,-0.112187150164612,H1,97.0767842431864,AX,23.5020322685237,L1,0.342511400661693,L2,0.158977668...
testing H1>-5.0
evaluate ot="H1.bs>-5.0" t="H1>-5.0", ctx="{'H1': None}"
check iteration duration=0.000548839569092
GetData ===>> H2,-0.16170325368743,H1,96.9318870205109,AX,23.4874848673196,L1,0.308717606196702,L2,0.0455900271...
check iteration duration=3.40938568115e-05
waiting for write to finish
measurement finished
estimated time: 125.829 actual time: :126.490
flush and close file /Users/jan/PychronDev/data/isotopes/16/e1cd80-3efe-4c35-bda7-f59aad81b924.h5
baselines () {'settling_time': 15.0, 'detector': 'H1', 'mass': 34.2, 'ncounts': 60}
%%%%%%%%%%%%%%%%%%%%%%%%%%%%%%%% Baseline
build tables- baseline [Detector(H2), Detector(H1), Detector(AX), Detector(L1), Detector(L2), Detector(CDD)]
add group baseline table H2
add group baseline table H1
add group baseline table AX
add group baseline table L1
add group baseline table L2
add group baseline table CDD
flush and close file /Users/jan/PychronDev/data/isotopes/16/e1cd80-3efe-4c35-bda7-f59aad81b924.h5
detector Detector(H1)
POSITION 34.2 H1
Mapping mass to dac mass func: "parabolic"
H1 map mass coeffs = [-0.00063987  0.15840543  0.57280999]
H1 map mass to dac 34.2 >> 5.24185599104
GetDeflection H1 ===>> 0
GetHighVoltage ===>> 4499.94659342336
positioning 34.2 (5.24182512225) on H1
setting magnet DAC
current  : 5.881165
requested: 5.241825
Delta Dac: 0.639340
Checking detector protection. dv=0.63934
Checking detector "CDD". Protection Threshold: 0.1 (V)
ProtectDetector CDD,On ===>> OK
GetDeflection CDD ===>> 2000
Protected = 2000
SetMagnetDAC 5.24182512225 ===>> OK
Magnet settling time: 0.500
GetMagnetMoving ===>> True
GetMagnetMoving ===>> True
GetMagnetMoving ===>> True
GetMagnetMoving ===>> True
GetMagnetMoving ===>> True
GetMagnetMoving ===>> True
GetMagnetMoving ===>> True
GetMagnetMoving ===>> True
GetMagnetMoving ===>> False
ProtectDetector CDD,Off ===>> OK
GetDeflection CDD ===>> 50
Delaying 15.0s for detectors to settle
Join finished
measuring baseline. ncounts=60
"baseline" increment series count="2" fit count="1" regressing="True"
starting measurement
check iteration duration=3.21865081787e-05
GetData ===>> H2,-0.200008392140471,H1,-0.0294380002960669,AX,-0.0584267864874914,L1,-0.0211003206814339,L2,-0....
check iteration duration=8.60691070557e-05
GetData ===>> H2,-0.193952288290243,H1,0.0884744797752247,AX,-0.0542413280999962,L1,-0.0183846224180176,L2,-0.0...
check iteration duration=6.50882720947e-05
GetData ===>> H2,-0.0993622738218796,H1,-0.0520453899820026,AX,-0.112763431787625,L1,-0.0727949206042015,L2,-0....
check iteration duration=8.39233398438e-05
GetData ===>> H2,-0.249033406936281,H1,-0.0070879134661304,AX,-0.093086129547675,L1,-0.0408517407808057,L2,0.02...
testing H1>-5.0
evaluate ot="H1.bs>-5.0" t="H1>-5.0", ctx="{'H1': None}"
check iteration duration=0.00105905532837
GetData ===>> H2,-0.178006347895292,H1,0.00405321447571896,AX,-0.0392255293138525,L1,-0.0195669105277717,L2,-0....
check iteration duration=7.9870223999e-05
GetData ===>> H2,-0.127924771842372,H1,-0.0153177148370485,AX,0.00466403024960889,L1,0.00212811168519295,L2,0.0...
check iteration duration=8.10623168945e-05
GetData ===>> H2,-0.162424307660098,H1,-0.098698716225054,AX,-0.0172600259701898,L1,-0.029596379158939,L2,0.014...
check iteration duration=9.29832458496e-05
GetData ===>> H2,-0.0520971745040546,H1,0.0223063500206735,AX,-0.000788445057882156,L1,-0.0111505079437295,L2,-...
check iteration duration=8.79764556885e-05
GetData ===>> H2,-0.132847356143371,H1,-0.0923349294897456,AX,-0.0447451192478447,L1,0.0134549288146045,L2,-0.0...
testing H1>-5.0
evaluate ot="H1.bs>-5.0" t="H1>-5.0", ctx="{'H1': None}"
check iteration duration=0.000570058822632
GetData ===>> H2,-0.161950361620814,H1,-0.0705829769917841,AX,-0.111315002836249,L1,0.0127934270471451,L2,0.044...
check iteration duration=8.41617584229e-05
GetData ===>> H2,-0.162017876512365,H1,-0.0262539544740424,AX,-0.0639568806403796,L1,-0.0317270568454621,L2,0.0...
check iteration duration=4.00543212891e-05
GetData ===>> H2,-0.17272469683485,H1,-0.00551343957424497,AX,-0.129841679653013,L1,-0.0170354931477476,L2,-0.1...
check iteration duration=9.29832458496e-05
GetData ===>> H2,-0.125723845342671,H1,-0.0862329411202677,AX,-0.00225012056810947,L1,-0.0228888040538656,L2,-0...
check iteration duration=8.29696655273e-05
GetData ===>> H2,-0.114681679927624,H1,-0.0597827168200336,AX,-0.102299496210391,L1,-0.0184158001558014,L2,0.10...
testing H1>-5.0
evaluate ot="H1.bs>-5.0" t="H1>-5.0", ctx="{'H1': None}"
check iteration duration=0.00058388710022
GetData ===>> H2,-0.14063770695083,H1,0.0196337875637333,AX,-0.00969736449457021,L1,-0.0180956241733129,L2,-0.0...
check iteration duration=7.70092010498e-05
GetData ===>> H2,-0.155260342350315,H1,-0.0664704325642028,AX,-0.198870913678581,L1,-0.0456555426923171,L2,-0.0...
check iteration duration=4.10079956055e-05
GetData ===>> H2,-0.19764451549644,H1,-0.0504120103096416,AX,-0.101534646149724,L1,-0.040622988051317,L2,-0.022...
check iteration duration=3.69548797607e-05
GetData ===>> H2,-0.272425198178797,H1,-0.0293187494693868,AX,-0.0771374101187156,L1,-0.040843357264835,L2,0.00...
check iteration duration=3.81469726562e-05
GetData ===>> H2,-0.175810218146321,H1,-0.0169874470356877,AX,-0.0857379891145506,L1,-0.0294274865735076,L2,0.0...
testing H1>-5.0
evaluate ot="H1.bs>-5.0" t="H1>-5.0", ctx="{'H1': None}"
check iteration duration=0.000536918640137
GetData ===>> H2,-0.215995072819722,H1,-0.0336474634454963,AX,-0.0805105040821068,L1,-0.0364098930643249,L2,-0....
check iteration duration=7.79628753662e-05
GetData ===>> H2,-0.257146579020449,H1,-0.00214970783327644,AX,-0.10534724809665,L1,-0.0382189730533675,L2,-0.0...
check iteration duration=3.50475311279e-05
GetData ===>> H2,-0.243515970139093,H1,-0.0686518902227149,AX,-0.0987765005387001,L1,-0.0230769838813351,L2,0.0...
check iteration duration=4.10079956055e-05
GetData ===>> H2,-0.205288584345496,H1,-0.0750887011976563,AX,-0.121071203658511,L1,0.0105727314786425,L2,0.001...
check iteration duration=3.88622283936e-05
GetData ===>> H2,-0.224409647389991,H1,-0.056122761582844,AX,0.00218137596089495,L1,-0.0289495411193903,L2,-0.0...
testing H1>-5.0
evaluate ot="H1.bs>-5.0" t="H1>-5.0", ctx="{'H1': None}"
check iteration duration=0.000525951385498
04:25:49 -- collecting point 25
GetData ===>> H2,-0.287645147786811,H1,-0.0101890774889977,AX,-0.0810784706008988,L1,-0.0234329577477314,L2,0.0...
check iteration duration=4.10079956055e-05
GetData ===>> H2,-0.259975539928372,H1,-0.0296407263753683,AX,-0.100816145160773,L1,0.00293482198868676,L2,0.04...
check iteration duration=4.19616699219e-05
GetData ===>> H2,-0.232831525858334,H1,-0.010332205816632,AX,-0.111349765383645,L1,-0.00877174515806341,L2,-0.0...
check iteration duration=7.70092010498e-05
GetData ===>> H2,-0.107940110690158,H1,-0.0579825601249471,AX,-0.0422172786792985,L1,-0.00179047651570396,L2,-0...
check iteration duration=9.70363616943e-05
GetData ===>> H2,-0.231108890119276,H1,-0.00727875710346808,AX,-0.0735207671034827,L1,-0.0249046621041785,L2,-0...
testing H1>-5.0
evaluate ot="H1.bs>-5.0" t="H1>-5.0", ctx="{'H1': None}"
check iteration duration=0.000541925430298
GetData ===>> H2,-0.257264858575864,H1,0.00767971633435245,AX,0.0307473281360086,L1,-0.024235950173059,L2,0.058...
check iteration duration=8.89301300049e-05
GetData ===>> H2,-0.226284112252877,H1,-0.0503047070621541,AX,-0.111164364987261,L1,0.00875692637709215,L2,-0.0...
check iteration duration=8.98838043213e-05
GetData ===>> H2,-0.227303356670087,H1,-0.0655286957093491,AX,-0.102693507531386,L1,0.00254706477490506,L2,-0.0...
check iteration duration=8.29696655273e-05
GetData ===>> H2,-0.225741465107321,H1,-0.0453209405816278,AX,-0.103064340258182,L1,-0.00108248309254516,L2,-0....
check iteration duration=8.39233398438e-05
GetData ===>> H2,-0.13142715665012,H1,0.0235949324123521,AX,-0.187374832244112,L1,-0.0333807455392801,L2,-0.100...
testing H1>-5.0
evaluate ot="H1.bs>-5.0" t="H1>-5.0", ctx="{'H1': None}"
check iteration duration=0.000576972961426
GetData ===>> H2,-0.105231307500164,H1,-0.00701634700834826,AX,-0.0825389407112453,L1,-0.0101746117861519,L2,-0...
check iteration duration=6.60419464111e-05
GetData ===>> H2,-0.151284335539636,H1,-0.105050182145949,AX,-0.146536532332753,L1,-0.0436598250923485,L2,-0.04...
check iteration duration=3.88622283936e-05
GetData ===>> H2,-0.204919307182931,H1,-0.0898441237176194,AX,-0.157156371901268,L1,-0.0543400804057839,L2,-0.0...
check iteration duration=8.60691070557e-05
GetData ===>> H2,-0.280505133512289,H1,0.0240244635620225,AX,-0.00357256997417172,L1,-0.0277611672489889,L2,-0....
check iteration duration=5.19752502441e-05
GetData ===>> H2,-0.210507041162902,H1,0.0133344583416186,AX,-0.0611860761037141,L1,-0.0513184921722571,L2,0.06...
testing H1>-5.0
evaluate ot="H1.bs>-5.0" t="H1>-5.0", ctx="{'H1': None}"
check iteration duration=0.000558137893677
GetData ===>> H2,-0.222656094916806,H1,-0.000145728810552059,AX,-0.0705763494834959,L1,-0.0772056505570145,L2,-...
check iteration duration=4.10079956055e-05
GetData ===>> H2,-0.283356050707982,H1,-0.0277326999628567,AX,-0.0924718740805748,L1,-0.0572584635829002,L2,-0....
check iteration duration=8.70227813721e-05
GetData ===>> H2,-0.240732684511975,H1,0.0173550071798314,AX,0.0112886186325731,L1,-0.0404960340280508,L2,-0.00...
check iteration duration=9.01222229004e-05
GetData ===>> H2,-0.166790160029025,H1,0.00639133878548321,AX,-0.102241553234484,L1,0.139903593759026,L2,-0.050...
check iteration duration=6.48498535156e-05
GetData ===>> H2,-0.146818048436798,H1,-0.00114772333683604,AX,-0.014035527444759,L1,0.173063071637556,L2,-0.05...
testing H1>-5.0
evaluate ot="H1.bs>-5.0" t="H1>-5.0", ctx="{'H1': None}"
check iteration duration=0.000622034072876
GetData ===>> H2,-0.0726410679937944,H1,-0.0396811160176867,AX,-0.101395581856269,L1,0.0360597411531423,L2,-0.0...
check iteration duration=8.29696655273e-05
GetData ===>> H2,-0.193111247052384,H1,-0.0660532084687969,AX,-0.133421474965419,L1,-0.0179924941592757,L2,0.02...
check iteration duration=8.48770141602e-05
GetData ===>> H2,-0.206417904643161,H1,0.0200513707446117,AX,-0.0947202620024849,L1,-0.012662120951534,L2,0.016...
check iteration duration=4.10079956055e-05
GetData ===>> H2,-0.289886434750816,H1,-0.0172140514016704,AX,0.0309446039015055,L1,0.00947576844349183,L2,-0.0...
check iteration duration=3.60012054443e-05
GetData ===>> H2,-0.329602750908813,H1,0.00803760192955596,AX,-0.167346154015298,L1,0.0221917850654283,L2,-0.02...
testing H1>-5.0
evaluate ot="H1.bs>-5.0" t="H1>-5.0", ctx="{'H1': None}"
check iteration duration=0.000561952590942
04:26:16 -- collecting point 50
GetData ===>> H2,-0.239225009354613,H1,-0.0275895965155425,AX,-0.14437996039155,L1,-0.00724515618140334,L2,-0.0...
check iteration duration=7.60555267334e-05
GetData ===>> H2,-0.141456721450414,H1,-0.0677340149266346,AX,-0.0989039795803158,L1,0.00539021208359447,L2,0.0...
check iteration duration=3.81469726562e-05
GetData ===>> H2,-0.171008615554043,H1,0.036386205214778,AX,-0.116679875680745,L1,-0.0282930777542002,L2,0.0458...
check iteration duration=8.58306884766e-05
GetData ===>> H2,-0.274057500200442,H1,0.00294381745307177,AX,-0.0472612990093691,L1,-0.0479763976764398,L2,-0....
check iteration duration=3.81469726562e-05
GetData ===>> H2,-0.240821523375285,H1,-0.103238923393634,AX,-0.0834546211073802,L1,-0.0293340554139434,L2,0.00...
testing H1>-5.0
evaluate ot="H1.bs>-5.0" t="H1>-5.0", ctx="{'H1': None}"
check iteration duration=0.000535011291504
GetData ===>> H2,-0.171051790598333,H1,0.00460195303169115,AX,-0.0257035303758858,L1,-0.0260023078806204,L2,0.0...
check iteration duration=8.6784362793e-05
GetData ===>> H2,-0.148857605528584,H1,-0.0601761242363217,AX,-0.0632728818338087,L1,0.0244414840966657,L2,-0.0...
check iteration duration=9.98973846436e-05
GetData ===>> H2,-0.272916928841141,H1,-0.0512346647177474,AX,-0.115590702969466,L1,-0.0253432554635332,L2,-0.1...
check iteration duration=4.31537628174e-05
GetData ===>> H2,-0.239815988156575,H1,-0.00143400564500669,AX,-0.0205308110203761,L1,-0.0121550786106162,L2,0....
check iteration duration=7.91549682617e-05
GetData ===>> H2,-0.235497056051743,H1,-0.0116322787537147,AX,-0.116042595255378,L1,-0.00797190376584711,L2,0.0...
testing H1>-5.0
evaluate ot="H1.bs>-5.0" t="H1>-5.0", ctx="{'H1': None}"
check iteration duration=0.000586032867432
GetData ===>> H2,-0.189430956551241,H1,-0.014614033638982,AX,-0.181939215716957,L1,-0.0122617634000898,L2,-0.01...
check iteration duration=5.10215759277e-05
waiting for write to finish
measurement finished
estimated time: 62.915 actual time: :63.226
flush and close file /Users/jan/PychronDev/data/isotopes/16/e1cd80-3efe-4c35-bda7-f59aad81b924.h5
activate_detectors ('H1', 'AX', 'CDD') {'peak_center': True}
peak_center () {'detector': 'H1', 'integration_time': 0.262144, 'isotope': 'Ar40'}
peak center: mean=97.1333624346 threshold=3
peak center started
setup peak center. detector=['H1', 'AX', 'CDD'], isotope=Ar40
VersionedUnpickler [<apptools.sweet_pickle.versioned_unpickler.VersionedUnpickler object at 0x1844d0dd0>] using Updater [<apptools.sweet_pickle.updater.Updater object at 0x12e273d10>]
VersionedUnpickler [<apptools.sweet_pickle.versioned_unpickler.VersionedUnpickler object at 0x1844d0dd0>] using Updater [<apptools.sweet_pickle.updater.Updater object at 0x12e273d10>]
VersionedUnpickler [<apptools.sweet_pickle.versioned_unpickler.VersionedUnpickler object at 0x171791350>] using Updater [<apptools.sweet_pickle.updater.Updater object at 0x12e273d10>]
setting integration time = 0.524288
SetIntegrationTime 0.524288 ===>> OK
Mapping mass to dac mass func: "parabolic"
H1 map mass coeffs = [-0.00063987  0.15840543  0.57280999]
H1 map mass to dac 39.9624 >> 5.8812
GetDeflection H1 ===>> 0
GetHighVoltage ===>> 4499.94659342336
do peak center. <pychron.spectrometer.jobs.peak_center.PeakCenter object at 0x12e273ef0>
doing pc
starting peak center. center dac= 5.88116536616 step_width=0.001
width = 0.001
get scan parameters. half-width=0.015,window=0.015, i=0, scalar=1
Scan parameters center=5.88117 width=0.03000 (5.86617 - 5.89617)
GetData ===>> H2,-0.202443221504389,H1,-0.0940748814238333,AX,-0.154594267828366,L1,-0.017252565268676,L2,-0.02...
Moving to starting dac 5.86616536616
setting magnet DAC
current  : 5.241825
requested: 5.866165
Delta Dac: 0.624340
Checking detector protection. dv=0.62434
Checking detector "CDD". Protection Threshold: 0.1 (V)
ProtectDetector CDD,On ===>> OK
GetDeflection CDD ===>> 2000
Protected = 2000
SetMagnetDAC 5.86616536616 ===>> OK
Magnet settling time: 0.500
GetMagnetMoving ===>> True
GetMagnetMoving ===>> True
GetMagnetMoving ===>> True
GetMagnetMoving ===>> True
GetMagnetMoving ===>> True
GetMagnetMoving ===>> True
GetMagnetMoving ===>> True
GetMagnetMoving ===>> True
GetMagnetMoving ===>> True
GetMagnetMoving ===>> False
ProtectDetector CDD,Off ===>> OK
GetDeflection CDD ===>> 50
Wait until signal near baseline. tol= -0.0705561610679. timeout= 10
GetData ===>> H2,5.11214423171247,H1,2.40086962234172,AX,-0.000104002154740207,L1,0.0301098774123698,L2,0.05558...
GetData ===>> H2,7.07222942479091,H1,4.08855901887184,AX,0.555867186347881,L1,-0.024351768961621,L2,0.105568182...
GetData ===>> H2,3.95157954897889,H1,1.90048660220346,AX,0.247698851916802,L1,-0.0406972434347987,L2,-0.0047595...
GetData ===>> H2,1.63413281123465,H1,0.91987201462691,AX,0.0138179149029677,L1,-0.0240285036796618,L2,-0.033334...
GetData ===>> H2,0.561377742584336,H1,0.521043692295975,AX,-0.0453596760695266,L1,-0.000570056800852705,L2,-0.0...
GetData ===>> H2,0.0275735250779295,H1,0.320433439593759,AX,-0.0983361171097144,L1,-0.0222012608772261,L2,0.041...
GetData ===>> H2,-0.143701346655548,H1,0.243423914739149,AX,-0.0742742454839568,L1,-0.0355747310680465,L2,-0.01...
GetData ===>> H2,-0.192571588027471,H1,0.0562803587925266,AX,-0.0305860468733494,L1,-0.00447439947167696,L2,-0....
GetData ===>> H2,-0.21518180019702,H1,0.169574251557392,AX,0.0337529257953154,L1,0.0223158333673699,L2,-0.02215...
GetData ===>> H2,-0.151681910693291,H1,0.0914173485542903,AX,-0.206540946482505,L1,0.0385255585648772,L2,-0.051...
GetData ===>> H2,-0.0410173835691583,H1,0.0608158721001175,AX,-0.210453616033895,L1,-0.0112524081060251,L2,-0.1...
GetData ===>> H2,-0.0410173835691583,H1,0.0608158721001175,AX,-0.210453616033895,L1,-0.0112524081060251,L2,-0.1...
GetData ===>> H2,0.0302721855455643,H1,0.0896775136283392,AX,-0.000196808254138988,L1,-0.00739626643528837,L2,0...
GetData ===>> H2,-0.0167058981891499,H1,0.0598371386874465,AX,-0.108186322702172,L1,0.00122063982519563,L2,0.03...
GetData ===>> H2,-0.0578346101909323,H1,0.0334865477065406,AX,-0.221218432760281,L1,-0.0348988820459898,L2,-0.0...
GetData ===>> H2,-0.19017967501329,H1,0.0800017229410922,AX,-0.136503005545642,L1,-0.0550828500139146,L2,0.0610...
GetData ===>> H2,-0.254631500952689,H1,0.122691864735081,AX,-0.0413707852817183,L1,-0.0681245751670692,L2,0.045...
GetData ===>> H2,-0.230204431961051,H1,0.132991708770658,AX,-0.0467511111361972,L1,-0.0432311789624677,L2,0.094...
GetData ===>> H2,-0.173025523923039,H1,0.00919477411096565,AX,-0.145677511067067,L1,-0.0347886328594986,L2,0.00...
GetData ===>> H2,-0.117661403574833,H1,0.0868175766913339,AX,-0.156171528292722,L1,-0.00762652531759745,L2,0.00...
GetData ===>> H2,-0.0619991441174367,H1,0.0569487373203394,AX,-0.0848455115517226,L1,0.00789893391784041,L2,-0....
Peak center failed to move to a baseline position
_do_sweep sm= 5.86616536616, em= 5.89616536616, stm= 0.001
calculated step values: start=5.86616536616, end=5.89616536616, width=0.001, nsteps=31.0
setting magnet DAC
current  : 5.866165
requested: 5.866165
Delta Dac: 0.000000
Checking detector protection. dv=0.00000
Checking detector "CDD". Protection Threshold: 0.1 (V)
SetMagnetDAC 5.86616536616 ===>> OK
GetData ===>> H2,-0.0619991441174367,H1,0.0569487373203394,AX,-0.0848455115517226,L1,0.00789893391784041,L2,-0....
setting magnet DAC
current  : 5.866165
requested: 5.867200
Delta Dac: 0.001034
Checking detector protection. dv=0.00103
Checking detector "CDD". Protection Threshold: 0.1 (V)
SetMagnetDAC 5.86719984892 ===>> OK
Magnet settling time: 1.049
GetData ===>> H2,-0.135247755134504,H1,0.193071390507904,AX,-0.0447335237988348,L1,0.0330032527887277,L2,-0.081...
setting magnet DAC
current  : 5.867200
requested: 5.868234
Delta Dac: 0.001034
Checking detector protection. dv=0.00103
Checking detector "CDD". Protection Threshold: 0.1 (V)
SetMagnetDAC 5.86823433168 ===>> OK
Magnet settling time: 1.049
GetData ===>> H2,-0.256422089690412,H1,0.58702704350273,AX,0.0561190295750489,L1,0.00434912187293593,L2,-0.0740...
setting magnet DAC
current  : 5.868234
requested: 5.869269
Delta Dac: 0.001034
Checking detector protection. dv=0.00103
Checking detector "CDD". Protection Threshold: 0.1 (V)
SetMagnetDAC 5.86926881444 ===>> OK
Magnet settling time: 1.049
GetData ===>> H2,-0.2906276131143,H1,1.82429294475421,AX,0.21508512584008,L1,0.00517573947316233,L2,-0.07371240...
setting magnet DAC
current  : 5.869269
requested: 5.870303
Delta Dac: 0.001034
Checking detector protection. dv=0.00103
Checking detector "CDD". Protection Threshold: 0.1 (V)
SetMagnetDAC 5.8703032972 ===>> OK
Magnet settling time: 1.049
GetData ===>> H2,-0.28718179440012,H1,9.08350063822654,AX,1.47972251320802,L1,-0.00211565681184313,L2,0.0279928...
setting magnet DAC
current  : 5.870303
requested: 5.871338
Delta Dac: 0.001034
Checking detector protection. dv=0.00103
Checking detector "CDD". Protection Threshold: 0.1 (V)
SetMagnetDAC 5.87133777996 ===>> OK
Magnet settling time: 1.049
GetData ===>> H2,-0.174574049949189,H1,25.3195944551989,AX,4.09453628589922,L1,0.0308860087767621,L2,-0.0695024...
setting magnet DAC
current  : 5.871338
requested: 5.872372
Delta Dac: 0.001034
Checking detector protection. dv=0.00103
Checking detector "CDD". Protection Threshold: 0.1 (V)
SetMagnetDAC 5.87237226272 ===>> OK
Magnet settling time: 1.049
GetData ===>> H2,-0.129913079829669,H1,49.5365017778236,AX,9.19235421849956,L1,0.0261556587168137,L2,0.03831281...
setting magnet DAC
current  : 5.872372
requested: 5.873407
Delta Dac: 0.001034
Checking detector protection. dv=0.00103
Checking detector "CDD". Protection Threshold: 0.1 (V)
SetMagnetDAC 5.87340674548 ===>> OK
Magnet settling time: 1.049
GetData ===>> H2,-0.266310913907291,H1,72.2495512858297,AX,14.7781873781409,L1,0.116185962215848,L2,0.023209084...
setting magnet DAC
current  : 5.873407
requested: 5.874441
Delta Dac: 0.001034
Checking detector protection. dv=0.00103
Checking detector "CDD". Protection Threshold: 0.1 (V)
SetMagnetDAC 5.87444122823 ===>> OK
Magnet settling time: 1.049
GetData ===>> H2,-0.177967117523847,H1,85.9614981087883,AX,19.0602238469131,L1,0.158125387406073,L2,0.045216224...
setting magnet DAC
current  : 5.874441
requested: 5.875476
Delta Dac: 0.001034
Checking detector protection. dv=0.00103
Checking detector "CDD". Protection Threshold: 0.1 (V)
SetMagnetDAC 5.87547571099 ===>> OK
Magnet settling time: 1.049
GetData ===>> H2,-0.142443159932101,H1,91.8385654844538,AX,21.3535576441499,L1,0.219896774799319,L2,0.077735000...
setting magnet DAC
current  : 5.875476
requested: 5.876510
Delta Dac: 0.001034
Checking detector protection. dv=0.00103
Checking detector "CDD". Protection Threshold: 0.1 (V)
SetMagnetDAC 5.87651019375 ===>> OK
Magnet settling time: 1.049
GetData ===>> H2,-0.189005082212539,H1,93.6271293237141,AX,22.2726550759882,L1,0.242340401993772,L2,0.159593579...
setting magnet DAC
current  : 5.876510
requested: 5.877545
Delta Dac: 0.001034
Checking detector protection. dv=0.00103
Checking detector "CDD". Protection Threshold: 0.1 (V)
SetMagnetDAC 5.87754467651 ===>> OK
Magnet settling time: 1.049
GetData ===>> H2,-0.127953159383801,H1,94.2942778417137,AX,22.5420567678639,L1,0.240734809867129,L2,0.173213065...
setting magnet DAC
current  : 5.877545
requested: 5.878579
Delta Dac: 0.001034
Checking detector protection. dv=0.00103
Checking detector "CDD". Protection Threshold: 0.1 (V)
SetMagnetDAC 5.87857915927 ===>> OK
Magnet settling time: 1.049
GetData ===>> H2,-0.11940936068723,H1,94.3608416513984,AX,22.7785868585586,L1,0.227410637965215,L2,0.0925510021...
setting magnet DAC
current  : 5.878579
requested: 5.879614
Delta Dac: 0.001034
Checking detector protection. dv=0.00103
Checking detector "CDD". Protection Threshold: 0.1 (V)
SetMagnetDAC 5.87961364203 ===>> OK
Magnet settling time: 1.049
GetData ===>> H2,-0.161807228720416,H1,94.2903108706192,AX,22.6151257313143,L1,0.268242297773504,L2,0.107483293...
setting magnet DAC
current  : 5.879614
requested: 5.880648
Delta Dac: 0.001034
Checking detector protection. dv=0.00103
Checking detector "CDD". Protection Threshold: 0.1 (V)
SetMagnetDAC 5.88064812479 ===>> OK
Magnet settling time: 1.049
GetData ===>> H2,-0.158033809547304,H1,94.5145584178442,AX,22.64556184953,L1,0.293143544155773,L2,0.12091294667...
setting magnet DAC
current  : 5.880648
requested: 5.881683
Delta Dac: 0.001034
Checking detector protection. dv=0.00103
Checking detector "CDD". Protection Threshold: 0.1 (V)
SetMagnetDAC 5.88168260754 ===>> OK
Magnet settling time: 1.049
GetData ===>> H2,-0.128493860901732,H1,94.333659603344,AX,22.5915580809534,L1,0.33591805767046,L2,0.09822727807...
setting magnet DAC
current  : 5.881683
requested: 5.882717
Delta Dac: 0.001034
Checking detector protection. dv=0.00103
Checking detector "CDD". Protection Threshold: 0.1 (V)
SetMagnetDAC 5.8827170903 ===>> OK
Magnet settling time: 1.049
GetData ===>> H2,-0.260564089689907,H1,94.2782701881042,AX,22.4995895762224,L1,0.321395253993661,L2,0.186149948...
setting magnet DAC
current  : 5.882717
requested: 5.883752
Delta Dac: 0.001034
Checking detector protection. dv=0.00103
Checking detector "CDD". Protection Threshold: 0.1 (V)
SetMagnetDAC 5.88375157306 ===>> OK
Magnet settling time: 1.049
GetData ===>> H2,-0.147523650030905,H1,94.5227049672739,AX,22.4440268941056,L1,0.260205113491978,L2,0.084983157...
setting magnet DAC
current  : 5.883752
requested: 5.884786
Delta Dac: 0.001034
Checking detector protection. dv=0.00103
Checking detector "CDD". Protection Threshold: 0.1 (V)
SetMagnetDAC 5.88478605582 ===>> OK
Magnet settling time: 1.049
GetData ===>> H2,-0.178592755057726,H1,94.0808101727959,AX,22.4121455146525,L1,0.273290951278347,L2,0.127457450...
setting magnet DAC
current  : 5.884786
requested: 5.885821
Delta Dac: 0.001034
Checking detector protection. dv=0.00103
Checking detector "CDD". Protection Threshold: 0.1 (V)
SetMagnetDAC 5.88582053858 ===>> OK
Magnet settling time: 1.049
GetData ===>> H2,-0.190298205130097,H1,93.354547653172,AX,22.0280919367093,L1,0.304845914312233,L2,0.1112452303...
setting magnet DAC
current  : 5.885821
requested: 5.886855
Delta Dac: 0.001034
Checking detector protection. dv=0.00103
Checking detector "CDD". Protection Threshold: 0.1 (V)
SetMagnetDAC 5.88685502134 ===>> OK
Magnet settling time: 1.049
GetData ===>> H2,-0.201177337421627,H1,90.9055629168092,AX,20.8995126701467,L1,0.275332035942418,L2,0.025327564...
setting magnet DAC
current  : 5.886855
requested: 5.887890
Delta Dac: 0.001034
Checking detector protection. dv=0.00103
Checking detector "CDD". Protection Threshold: 0.1 (V)
SetMagnetDAC 5.8878895041 ===>> OK
Magnet settling time: 1.049
GetData ===>> H2,-0.224312945502002,H1,83.1577946335304,AX,17.9458309724201,L1,0.226044730175576,L2,0.085188302...
setting magnet DAC
current  : 5.887890
requested: 5.888924
Delta Dac: 0.001034
Checking detector protection. dv=0.00103
Checking detector "CDD". Protection Threshold: 0.1 (V)
SetMagnetDAC 5.88892398685 ===>> OK
Magnet settling time: 1.049
GetData ===>> H2,-0.178803090947258,H1,65.7291704036168,AX,12.6687070500605,L1,0.192326849952975,L2,0.146660284...
setting magnet DAC
current  : 5.888924
requested: 5.889958
Delta Dac: 0.001034
Checking detector protection. dv=0.00103
Checking detector "CDD". Protection Threshold: 0.1 (V)
SetMagnetDAC 5.88995846961 ===>> OK
Magnet settling time: 1.049
GetData ===>> H2,-0.0697663885578045,H1,42.0935599819423,AX,6.94133740911403,L1,0.144159374312213,L2,-0.0553692...
setting magnet DAC
current  : 5.889958
requested: 5.890993
Delta Dac: 0.001034
Checking detector protection. dv=0.00103
Checking detector "CDD". Protection Threshold: 0.1 (V)
SetMagnetDAC 5.89099295237 ===>> OK
Magnet settling time: 1.049
GetData ===>> H2,-0.159149489481751,H1,21.0103807261875,AX,2.84247430756687,L1,0.0552177221672614,L2,0.14250922...
setting magnet DAC
current  : 5.890993
requested: 5.892027
Delta Dac: 0.001034
Checking detector protection. dv=0.00103
Checking detector "CDD". Protection Threshold: 0.1 (V)
SetMagnetDAC 5.89202743513 ===>> OK
Magnet settling time: 1.049
GetData ===>> H2,-0.130586133044383,H1,8.02292246925786,AX,1.06080731227979,L1,0.0168191922812871,L2,0.05870550...
setting magnet DAC
current  : 5.892027
requested: 5.893062
Delta Dac: 0.001034
Checking detector protection. dv=0.00103
Checking detector "CDD". Protection Threshold: 0.1 (V)
SetMagnetDAC 5.89306191789 ===>> OK
Magnet settling time: 1.049
GetData ===>> H2,-0.129291348621115,H1,1.29387329120629,AX,0.148406048664516,L1,0.0365321792388357,L2,0.0473807...
setting magnet DAC
current  : 5.893062
requested: 5.894096
Delta Dac: 0.001034
Checking detector protection. dv=0.00103
Checking detector "CDD". Protection Threshold: 0.1 (V)
SetMagnetDAC 5.89409640065 ===>> OK
Magnet settling time: 1.049
GetData ===>> H2,-0.263350550061509,H1,0.238053364488278,AX,0.026651045215689,L1,0.0284016376756529,L2,-0.13550...
setting magnet DAC
current  : 5.894096
requested: 5.895131
Delta Dac: 0.001034
Checking detector protection. dv=0.00103
Checking detector "CDD". Protection Threshold: 0.1 (V)
SetMagnetDAC 5.89513088341 ===>> OK
Magnet settling time: 1.049
GetData ===>> H2,-0.222986264835312,H1,-0.0644796619425179,AX,-0.150333936589225,L1,-0.010782459941584,L2,0.006...
setting magnet DAC
current  : 5.895131
requested: 5.896165
Delta Dac: 0.001034
Checking detector protection. dv=0.00103
Checking detector "CDD". Protection Threshold: 0.1 (V)
SetMagnetDAC 5.89616536616 ===>> OK
Magnet settling time: 1.049
GetData ===>> H2,-0.192299560336332,H1,-0.00736225108040041,AX,-0.0634931531607473,L1,0.00972359835744816,L2,-0...
result of _do_sweep=True
result of _calculate_peak_center=([5.8732896146616831, 5.8809850054432466, 5.8886803962248093], [69.677833255365499, 94.515357228421166, 69.833104966779729], 5.8837204763851298, 94.515357228421166)
Failed to find a valid peak. No peak greater than 1.0. max = 0.0142779659928
new center pos Detector(H1) (Ar40) @ 5.88098500544
GetHighVoltage ===>> 4499.94659342336
GetDeflection H1 ===>> 0
dac uncorrected for HV and deflection 5.88101963822
update mftable H1 Ar40 5.88101963822 message=automated run peakcenter
get initial guess parabolic
get initial guess parabolic
get initial guess parabolic
get initial guess parabolic
get initial guess parabolic
get initial guess parabolic
dump mftable to /Users/jan/PychronDev/setupfiles/spectrometer/mftables/mftable.csv
add to repo msg=modified - automated run peakcenter
sweep finished
locally archiving mftable
setting magnet DAC
current  : 5.896165
requested: 5.880985
Delta Dac: 0.015180
Checking detector protection. dv=0.01518
Checking detector "CDD". Protection Threshold: 0.1 (V)
SetMagnetDAC 5.88098500544 ===>> OK
Magnet settling time: 0.500
setting integration time = 1.048576
SetIntegrationTime 1.048576 ===>> OK
Failed to find a valid peak. No peak greater than 1.0. max = 0.0142779659928
flush and close file /Users/jan/PychronDev/data/isotopes/16/e1cd80-3efe-4c35-bda7-f59aad81b924.h5
finished measure script
executed snippet estimated_duration=226.132928, duration=273.07903409
jan_unknown120_60.py completed successfully
Measurement Finished
04:27:14 -- ******* Measurement Finished *******
Post Measurement Started jan_pump_ms.py
04:27:14 -- ******* Post Measurement Started jan_pump_ms.py *******
testing...
no interpolation path defined
executed snippet estimated_duration=0, duration=2.59876251221e-05
Pumping spectrometer
open () {'name': 'O'}
opening name=O desc=---
checking ownership. requestor=129.138.12.150
check software interlocks O
interlocks []
actuate state mode=None-script, software_lock=False
doing actuation None-script open_channel True
Open O ===>> OK
GetIndicatorState O ===>> OK
change switch state (True, True)
update switch state O True args=() kw={} ncanvase=3
04:27:14 -- OPEN   VALVE-O (Jan Ion Pump)
---------------------------------------- open O () result=[(True, True)], time=0.10 sec
action=open, ok=True, locked=[False]
executed snippet estimated_duration=0, duration=0.357611894608
jan_pump_ms.py completed successfully
setting _ms_pumptime
Post Measurement Finished
04:27:14 -- ******* Post Measurement Finished *******
$$$$$$$$$$$$$$$$$$$$ state at run end measurement
state changed from measurement to success
post measurement save measured=True aborted=False
Set filtering
setting fod for Ar40= {'filter_outliers': True, 'std_devs': 2, 'iterations': 1}
setting fod for H1= {'filter_outliers': True, 'std_devs': 2, 'iterations': 1}
setting fod for PM41= {'filter_outliers': False, 'std_devs': 2, 'iterations': 1}
setting fod for H2= {'filter_outliers': True, 'std_devs': 2, 'iterations': 1}
setting fod for Ar36= {'filter_outliers': True, 'std_devs': 2, 'iterations': 1}
setting fod for CDD= {'filter_outliers': True, 'std_devs': 10, 'iterations': 1}
setting fod for Ar37= {'filter_outliers': True, 'std_devs': 2, 'iterations': 1}
setting fod for L2= {'filter_outliers': True, 'std_devs': 2, 'iterations': 1}
setting fod for Ar38= {'filter_outliers': True, 'std_devs': 2, 'iterations': 1}
setting fod for L1= {'filter_outliers': True, 'std_devs': 2, 'iterations': 1}
setting fod for Ar39= {'filter_outliers': True, 'std_devs': 2, 'iterations': 1}
setting fod for AX= {'filter_outliers': True, 'std_devs': 2, 'iterations': 1}
persistence save...
persistence save - db
post measurement save
4602066800 connecting to database sqlite:////Users/jan/PychronDev/.appdata/local_lab.db
connected to db sqlite:////Users/jan/PychronDev/.appdata/local_lab.db
create new session 4602066800
close session 4602066800
No database instance. Not saving post measurement to isotopedb database
$$$$$$$$$$$$$$$ auto_save_detector_ic=False
massspec enabled True
create new session 5025924496
MassSpec Database Version: 16.0
close session 5025924496
saving post measurement to secondary database
saving to massspec database 129.138.12.160/massspecdata
setting labnumber to 65590
setting aliquot to 21
setting step to 
setting uuid to 16e1cd80-3efe-4c35-bda7-f59aad81b924
setting irradpos to 65590
setting extract_device to Fusions CO2
setting tray to 
setting position to 193
setting power_requested to 0.35
setting extract_value to 0.35
setting duration to 30.0
setting duration_at_request to 30.0
setting first_stage_delay to 30.0
setting cleanup to 30.0
setting comment to O:12
setting irradiation to NM-289
setting level to O
setting irradiation_level to O
setting sample to BW-2014-10
setting material to Sanidine
setting project to Bustos Wells
setting mass_spectrometer to Jan
no attribute chron_dosages
no attribute production_ratios
no attribute interference_corrections
no attribute production_name
no attribute j
Reference Isotope=Ar40
Reference Detector=H1
%%%%%%%%%%%%%%%%%%%% Comment: O:12 %%%%%%%%%%%%%%%%%%%
adding isotope PM41 H2
add baseline dbdet= PM41. original det= H2
get baseline data PM41 H2
Get data baseline <pychron.processing.isotope.Baseline object at 0x16b48cd90> len t=60
baseline PM41. v=-0.199695948229, e=0.00694025376973
get signal data PM41 H2
Get data signal PM41 0.01+/-0.05 len t=120
adding isotope Ar40 H1
add baseline dbdet= Ar40. original det= H1
get baseline data Ar40 H1
Get data baseline <pychron.processing.isotope.Baseline object at 0x16b48c850> len t=60
baseline Ar40. v=-0.0288111886923, e=0.00481057863885
get signal data Ar40 H1
Get data signal Ar40 99.905+/-0.018 len t=120
adding isotope Ar39 AX
add baseline dbdet= Ar39. original det= AX
get baseline data Ar39 AX
Get data baseline <pychron.processing.isotope.Baseline object at 0x16b48c6d0> len t=60
baseline Ar39. v=-0.0796203963854, e=0.00625536322267
get signal data Ar39 AX
Get data signal Ar39 24.611+/-0.015 len t=120
adding isotope Ar38 L1
add baseline dbdet= Ar38. original det= L1
get baseline data Ar38 L1
Get data baseline <pychron.processing.isotope.Baseline object at 0x170cd1490> len t=60
baseline Ar38. v=-0.0200192568904, e=0.0030245109817
get signal data Ar38 L1
Get data signal Ar38 0.352+/-0.005 len t=120
adding isotope Ar37 L2
add baseline dbdet= Ar37. original det= L2
get baseline data Ar37 L2
Get data baseline <pychron.processing.isotope.Baseline object at 0x170cd16d0> len t=60
baseline Ar37. v=-0.0118946275093, e=0.00522464178813
get signal data Ar37 L2
Get data signal Ar37 0.156+/-0.010 len t=120
adding isotope Ar36 CDD
add baseline dbdet= Ar36. original det= CDD
get baseline data Ar36 CDD
Get data baseline <pychron.processing.isotope.Baseline object at 0x170cd1990> len t=60
baseline Ar36. v=7.19516159347e-05, e=1.52158144427e-05
get signal data Ar36 CDD
Get data signal Ar36 0.00674+/-0.00024 len t=120
65590-21 added analysis time 0.457836866379s
analysis added to mass spec database
mass spec save time= 0.467
persistence save - dvc
================= post measurement started
create new session 4992585168
close session 4992585168
---------------- Experiment Queue saving disabled
DVC saving peakcenter
Failed to find a valid peak. No peak greater than 1.0. max = 0.0142779659928
Smart pull ahead: 0 behind: 0
Up-to-date with origin
add to repo msg=modified - ad8224ebc6dbfeb9f5997218dfa5fe690569839d.json
add to repo msg=modified - 90-21.json
add to repo msg=modified - 90-21.dat.json
add to repo msg=modified - 90-21.blan.json
add to repo msg=modified - 90-21.inte.json
add to repo msg=modified - 90-21.icfa.json
add to repo msg=modified - 90-21.base.json
not at valid file /Users/jan/PychronDev/data/.dvc/repositories/Load1792/655/tags/90-21.tags.json
add to repo msg=modified - 90-21.peak.json
add to repo msg=modified - 90-21.extr.json
not at valid file /Users/jan/PychronDev/data/.dvc/repositories/Load1792/655/monitor/90-21.moni.json
commit message=<COLLECTION>
add to repo msg=modified - 90-21.inte.json
add to repo msg=modified - 90-21.base.json
commit message=<ISOEVO> default collection fits
add to repo msg=modified - 90-21.blan.json
commit message=<BLANKS> preceding bu-FC-J-7797
add to repo msg=modified - 90-21.icfa.json
commit message=<ICFactor> default
push repository <pychron.git_archive.repo_manager.GitRepoManager object at 0x18453fad0>
pushing to remote=origin, url=https://github.com
no changes to meta repo
create new session 4992585168
add association Load1792
get identifier "65590"
setting analysis irradiation position=<pychron.dvc.dvc_orm.IrradiationPositionTbl object at 0x1563faf90>
close session 4992585168
================= post measurement finished
04:27:26 -- ******* Post Run Check *******
loading queue conditionals post_run_actions
loading system conditionals post_run_actions
loading conditionals from /Users/jan/PychronDev/setupfiles/spectrometer/default_conditionals.yaml
loading queue conditionals post_run_terminations
loading system conditionals post_run_terminations
loading conditionals from /Users/jan/PychronDev/setupfiles/spectrometer/default_conditionals.yaml
Checking default post run terminations n=1
GetDeflection CDD ===>> 50
testing CDD==2000
evaluate ot="CDD.deflection==2000" t="CDD==2000", ctx="{'CDD': 50.0}"
04:27:26 -- ******* Post Run Check Passed *******
04:27:26 -- Automated run 65590-21 success duration: 369.795 s
----------------- finish -----------------
----------------- stop -----------------
retroactive repository identifiers disabled
finish run. runs completed=131
update duration runid=65590-21, duration=369.795213938, md5=301e91d8
loading script "jan_unknown120_60.py"
loading script "jan_pump_ms.py"
loading script "jan_co2.py"
loading script "jan_pump_extraction_line.py"
testing...
no interpolation path defined
executed snippet estimated_duration=213.652928, duration=0.000272989273071
script duration name:unknown120_60 seconds:214.0
loading script "jan_unknown120_60.py"
loading script "jan_pump_ms.py"
loading script "jan_co2.py"
loading script "jan_pump_extraction_line.py"
testing...
no interpolation path defined
executed snippet estimated_duration=0, duration=2.28881835938e-05
loading script "jan_unknown120_60.py"
loading script "jan_pump_ms.py"
loading script "jan_co2.py"
loading script "jan_pump_extraction_line.py"
testing...
no interpolation path defined
calculate duration
testing...
no interpolation path defined
executed snippet estimated_duration=0, duration=4.60147857666e-05
calculate duration
testing...
no interpolation path defined
executed snippet estimated_duration=0, duration=9.41753387451e-05
executed snippet estimated_duration=0.0, duration=0.00285387039185
script duration name:co2 seconds:0.0
loading script "jan_unknown120_60.py"
loading script "jan_pump_ms.py"
loading script "jan_co2.py"
loading script "jan_pump_extraction_line.py"
testing...
no interpolation path defined
calculate duration
testing...
no interpolation path defined
executed snippet estimated_duration=4.0, duration=0.000144958496094
executed snippet estimated_duration=4.0, duration=0.00164914131165
Script duration 214.0
Run total estimated duration= 215.000
unknown120_60 in script context. using previous estimated duration
script duration name:unknown120_60 seconds:214.0
pump_ms in script context. using previous estimated duration
co2 in script context. using previous estimated duration
script duration name:co2 seconds:0.0
pump_extraction_line in script context. using previous estimated duration
Script duration 214.0
Run total estimated duration= 215.000
loading script "jan_unknown400_120.py"
loading script "jan_pump_ms.py"
loading script "jan_co2.py"
loading script "jan_pump_extraction_line.py"
testing...
no interpolation path defined
executed snippet estimated_duration=556.052928, duration=0.000233888626099
script duration name:unknown400_120 seconds:556.0
script duration name:co2 seconds:0.0
Script duration 556.0
Run total estimated duration= 557.000
unknown400_120 in script context. using previous estimated duration
script duration name:unknown400_120 seconds:556.0
loading script "jan_unknown400_120.py"
loading script "jan_pump_ms.py"
loading script "jan_cocktail_x1.py"
loading script "jan_pump_extraction_line.py"
testing...
no interpolation path defined
calculate duration
testing...
no interpolation path defined
executed snippet estimated_duration=0, duration=4.60147857666e-05
calculate duration
testing...
no interpolation path defined
executed snippet estimated_duration=0, duration=9.98973846436e-05
calculate duration
testing...
no interpolation path defined
executed snippet estimated_duration=32.0, duration=8.98838043213e-05
calculate duration
testing...
no interpolation path defined
executed snippet estimated_duration=34.0, duration=9.89437103271e-05
calculate duration
testing...
no interpolation path defined
executed snippet estimated_duration=4.0, duration=0.000113010406494
calculate duration
testing...
no interpolation path defined
executed snippet estimated_duration=38.0, duration=0.000125169754028
executed snippet estimated_duration=108.0, duration=0.0109140872955
script duration name:cocktail_x1 seconds:108.0
Script duration 664.0
Run total estimated duration= 665.000
script duration name:unknown400_120 seconds:556.0
loading script "jan_unknown400_120.py"
loading script "jan_pump_ms.py"
loading script "jan_sniffair_x2.py"
loading script "jan_pump_extraction_line.py"
testing...
no interpolation path defined
calculate duration
testing...
no interpolation path defined
executed snippet estimated_duration=0, duration=8.58306884766e-05
calculate duration
testing...
no interpolation path defined
executed snippet estimated_duration=0, duration=0.00032114982605
calculate duration
testing...
no interpolation path defined
executed snippet estimated_duration=32.0, duration=8.9168548584e-05
calculate duration
testing...
no interpolation path defined
executed snippet estimated_duration=34.0, duration=9.51290130615e-05
calculate duration
testing...
no interpolation path defined
executed snippet estimated_duration=4.0, duration=6.91413879395e-05
calculate duration
testing...
no interpolation path defined
executed snippet estimated_duration=36.0, duration=0.000102996826172
calculate duration
testing...
no interpolation path defined
executed snippet estimated_duration=34.0, duration=0.000119924545288
calculate duration
testing...
no interpolation path defined
executed snippet estimated_duration=4.0, duration=6.38961791992e-05
calculate duration
testing...
no interpolation path defined
executed snippet estimated_duration=36.0, duration=0.000128030776978
calculate duration
testing...
no interpolation path defined
executed snippet estimated_duration=70.0, duration=0.000105857849121
executed snippet estimated_duration=250.0, duration=0.0305378437042
script duration name:sniffair_x2 seconds:250.0
Script duration 806.0
Run total estimated duration= 807.000
script duration name:unknown400_120 seconds:556.0
sniffair_x2 in script context. using previous estimated duration
script duration name:sniffair_x2 seconds:250.0
Script duration 806.0
Run total estimated duration= 807.000
script duration name:unknown400_120 seconds:556.0
cocktail_x1 in script context. using previous estimated duration
script duration name:cocktail_x1 seconds:108.0
Script duration 664.0
Run total estimated duration= 665.000
loading script "jan_ic_peak_hop3.py"
loading script "jan_pump_ms.py"
loading script "jan_air_x1.py"
loading script "jan_pump_extraction_line.py"
testing...
no interpolation path defined
executed snippet estimated_duration=133.8, duration=0.00722718238831
script duration name:ic_peak_hop3 seconds:134.0
loading script "jan_ic_peak_hop3.py"
loading script "jan_pump_ms.py"
loading script "jan_air_x1.py"
loading script "jan_pump_extraction_line.py"
testing...
no interpolation path defined
calculate duration
testing...
no interpolation path defined
executed snippet estimated_duration=0, duration=4.48226928711e-05
calculate duration
testing...
no interpolation path defined
executed snippet estimated_duration=0, duration=9.70363616943e-05
calculate duration
testing...
no interpolation path defined
executed snippet estimated_duration=32.0, duration=9.10758972168e-05
calculate duration
testing...
no interpolation path defined
executed snippet estimated_duration=34.0, duration=9.98973846436e-05
calculate duration
testing...
no interpolation path defined
executed snippet estimated_duration=4.0, duration=6.50882720947e-05
calculate duration
testing...
no interpolation path defined
executed snippet estimated_duration=36.0, duration=8.39233398438e-05
executed snippet estimated_duration=106.0, duration=0.00787496566772
script duration name:air_x1 seconds:106.0
Script duration 240.0
Run total estimated duration= 241.000
script duration name:unknown120_60 seconds:214.0
script duration name:co2 seconds:0.0
Script duration 214.0
Run total estimated duration= 215.000
script duration name:unknown120_60 seconds:214.0
script duration name:co2 seconds:0.0
Script duration 214.0
Run total estimated duration= 215.000
script duration name:unknown120_60 seconds:214.0
script duration name:co2 seconds:0.0
Script duration 214.0
Run total estimated duration= 215.000
script duration name:unknown120_60 seconds:214.0
script duration name:co2 seconds:0.0
Script duration 214.0
Run total estimated duration= 215.000
script duration name:unknown120_60 seconds:214.0
script duration name:co2 seconds:0.0
Script duration 214.0
Run total estimated duration= 215.000
script duration name:unknown120_60 seconds:214.0
script duration name:co2 seconds:0.0
Script duration 214.0
Run total estimated duration= 215.000
script duration name:unknown120_60 seconds:214.0
script duration name:co2 seconds:0.0
Script duration 214.0
Run total estimated duration= 215.000
script duration name:unknown120_60 seconds:214.0
script duration name:co2 seconds:0.0
Script duration 214.0
Run total estimated duration= 215.000
script duration name:unknown120_60 seconds:214.0
script duration name:co2 seconds:0.0
Script duration 214.0
Run total estimated duration= 215.000
script duration name:unknown120_60 seconds:214.0
script duration name:co2 seconds:0.0
Script duration 214.0
Run total estimated duration= 215.000
script duration name:unknown120_60 seconds:214.0
script duration name:co2 seconds:0.0
Script duration 214.0
Run total estimated duration= 215.000
script duration name:unknown120_60 seconds:214.0
script duration name:co2 seconds:0.0
Script duration 214.0
Run total estimated duration= 215.000
script duration name:unknown120_60 seconds:214.0
script duration name:co2 seconds:0.0
Script duration 214.0
Run total estimated duration= 215.000
script duration name:unknown400_120 seconds:556.0
script duration name:co2 seconds:0.0
Script duration 556.0
Run total estimated duration= 557.000
script duration name:unknown400_120 seconds:556.0
script duration name:cocktail_x1 seconds:108.0
Script duration 664.0
Run total estimated duration= 665.000
script duration name:unknown400_120 seconds:556.0
script duration name:sniffair_x2 seconds:250.0
Script duration 806.0
Run total estimated duration= 807.000
script duration name:unknown400_120 seconds:556.0
script duration name:sniffair_x2 seconds:250.0
Script duration 806.0
Run total estimated duration= 807.000
script duration name:unknown400_120 seconds:556.0
script duration name:cocktail_x1 seconds:108.0
Script duration 664.0
Run total estimated duration= 665.000
ic_peak_hop3 in script context. using previous estimated duration
script duration name:ic_peak_hop3 seconds:134.0
air_x1 in script context. using previous estimated duration
script duration name:air_x1 seconds:106.0
Script duration 240.0
Run total estimated duration= 241.000
nruns=27 before=5.0, run_dur=10709.0, btw=1170.0
write rem/ex queues
/Users/jan/PychronDev/experiments/rem/CurrentExperiment.rem.txt
/Users/jan/PychronDev/experiments/rem/CurrentExperiment.ex.txt
doing event level: 3
