do run
loading script "jan_unknown120_60.py"
loading script "jan_pump_ms.py"
loading script "jan_co2.py"
loading script "jan_pump_extraction_line.py"
testing...
no interpolation path defined
executed snippet estimated_duration=213.652928, duration=0.000173807144165
script duration name:unknown120_60 seconds:214.0
loading script "jan_unknown120_60.py"
loading script "jan_pump_ms.py"
loading script "jan_co2.py"
loading script "jan_pump_extraction_line.py"
testing...
no interpolation path defined
executed snippet estimated_duration=0, duration=1.78813934326e-05
loading script "jan_unknown120_60.py"
loading script "jan_pump_ms.py"
loading script "jan_co2.py"
loading script "jan_pump_extraction_line.py"
testing...
no interpolation path defined
calculate duration
testing...
no interpolation path defined
executed snippet estimated_duration=0, duration=3.60012054443e-05
calculate duration
testing...
no interpolation path defined
executed snippet estimated_duration=0, duration=6.69956207275e-05
executed snippet estimated_duration=0.0, duration=0.00168609619141
script duration name:co2 seconds:0.0
loading script "jan_unknown120_60.py"
loading script "jan_pump_ms.py"
loading script "jan_co2.py"
loading script "jan_pump_extraction_line.py"
testing...
no interpolation path defined
calculate duration
testing...
no interpolation path defined
executed snippet estimated_duration=4.0, duration=0.000109910964966
executed snippet estimated_duration=4.0, duration=0.000953912734985
Script duration 214.0
Run total estimated duration= 215.000
run duration: 0:03:35
doing event level: 2
06:36:04 -- Setting default integration. t=1.048576
setting integration time = 1.048576
SetIntegrationTime 1.048576 ===>> OK
----------------- start -----------------
**************** Experiment Type: Ar/Ar, Ar/Ar
create new session 4419438256
close session 4419438256
$$$$$ Clearing conditionals
adding conditionals 
Add queue conditionals
add default conditionals
adding default conditionals from /Users/jan/PychronDev/setupfiles/spectrometer/default_conditionals.yaml
Start automated run 65591-05
loading script "jan_unknown120_60.py"
loading script "jan_pump_ms.py"
loading script "jan_co2.py"
loading script "jan_pump_extraction_line.py"
%%%%%%%%%%%%%%%%%% setting automated run 65591-05
No value "sensitivity_multiplier" in metadata
$$$$$$$$$$$$$$$ auto_save_detector_ic=False
============================= Pre Extraction Check =============================
loading queue conditionals pre_run_terminations
loading system conditionals pre_run_terminations
loading conditionals from /Users/jan/PychronDev/setupfiles/spectrometer/default_conditionals.yaml
06:36:04 -- ******* Pre Extraction Check *******
Get a measurement from the spectrometer
GetData ===>> H2,-0.225027770379539,H1,0.0283795362305607,AX,-0.0762448536635516,L1,-0.0335040727538788,L2,-0.0...
Pre Extraction Termination data. keys=H2,H1,AX,L1,L2,CDD, signals=-0.22503,0.02838,-0.07624,-0.03350,-0.06278,0.00298
06:36:04 -- testing system defined conditionals
Checking default pre extraction terminations n=2
testing CDD
evaluate ot="CDD.inactive" t="CDD", ctx="{'CDD': False}"
GetDeflection CDD ===>> 50
testing CDD==2000
evaluate ot="CDD.deflection==2000" t="CDD==2000", ctx="{'CDD': 50.0}"
06:36:04 -- ******* Pre Extraction Check Passed *******
=================================================================================
06:36:04 -- stopping status monitor
stop 5025639504
Status monitor stopped
Status monitor finished
06:36:05 -- starting status monitor
start 5025639504
StatusMonitor period=1. Frequencies(state=2, checksum=3, lock=5, owner=5)
start extraction
do extraction
Analysis started at 06:36:07.223292
Extraction Started jan_co2.py
06:36:07 -- ******* Extraction Started jan_co2.py *******
state changed from not run to extraction
DO EXTRACTION <pychron.extraction_line.pyscript_runner.RemotePyScriptRunner object at 0x12bfe48f0>
testing...
no interpolation path defined
calculate duration
testing...
no interpolation path defined
executed snippet estimated_duration=0, duration=9.10758972168e-05
calculate duration
testing...
no interpolation path defined
executed snippet estimated_duration=0, duration=0.000194072723389
executed snippet estimated_duration=100.0, duration=0.00351095199585
Jan CO2 laser analysis
doing GOSUB
testing...
no interpolation path defined
executed snippet estimated_duration=0, duration=4.48226928711e-05
Waiting for CO2 access
wait ('FelixCO2Flag', 0) {}
waiting for FelixCO2Flag = 0
Read FelixCO2Flag ===>> 0
finished waiting
CO2 free
wait ('CO2PumpTimeFlag', 0) {}
waiting for CO2PumpTimeFlag = 0
Read CO2PumpTimeFlag ===>> 0
finished waiting
acquire ('JanCO2Flag',) {'clear': True}
acquire JanCO2Flag
Set JanCO2Flag 1 ===>> OK
JanCO2Flag acquired
set extraction state False (0.75, 'red', 1.5)
CO2 acquired
executed snippet estimated_duration=0, duration=0.0161180496216
WaitForCO2Access.py completed successfully
gosub finished
doing GOSUB
testing...
no interpolation path defined
executed snippet estimated_duration=0, duration=7.5101852417e-05
Prepare for CO2 analysis
close () {'description': 'Jan Inlet'}
closing name=--- desc=Jan Inlet
checking ownership. requestor=129.138.12.150
check software interlocks R
interlocks []
actuate state mode=None-script, software_lock=False
doing actuation None-script close_channel False
Close R ===>> OK
GetIndicatorState R ===>> False
change switch state (True, True)
update switch state R False args=() kw={} ncanvase=3
06:36:07 -- CLOSE  VALVE-R (Jan Inlet)
---------------------------------------- close None (Jan Inlet) result=[(True, True)]
action=close, ok=True, locked=[False]
open () {'description': 'Jan Ion Pump'}
opening name=--- desc=Jan Ion Pump
checking ownership. requestor=129.138.12.150
check software interlocks O
interlocks []
actuate state mode=None-script, software_lock=False
doing actuation None-script open_channel False
Open O ===>> OK
GetIndicatorState O ===>> OK
change switch state (True, True)
update switch state O True args=() kw={} ncanvase=3
06:36:08 -- OPEN   VALVE-O (Jan Ion Pump)
---------------------------------------- open None (Jan Ion Pump) result=[(True, True)], time=0.10 sec
action=open, ok=True, locked=[False]
close () {'description': 'Microbone to Minibone'}
closing name=--- desc=Microbone to Minibone
checking ownership. requestor=129.138.12.150
check software interlocks L
interlocks []
actuate state mode=None-script, software_lock=False
doing actuation None-script close_channel False
Close L ===>> OK
GetIndicatorState L ===>> False
change switch state (True, True)
update switch state L False args=() kw={} ncanvase=3
06:36:08 -- CLOSE  VALVE-L (Microbone to Minibone)
---------------------------------------- close None (Microbone to Minibone) result=[(True, True)]
action=close, ok=True, locked=[False]
open () {'description': 'Microbone to Turbo'}
opening name=--- desc=Microbone to Turbo
checking ownership. requestor=129.138.12.150
check software interlocks U
interlocks []
actuate state mode=None-script, software_lock=False
doing actuation None-script open_channel False
Open U ===>> OK
GetIndicatorState U ===>> OK
change switch state (True, True)
update switch state U True args=() kw={} ncanvase=3
06:36:09 -- OPEN   VALVE-U (Microbone to Turbo)
---------------------------------------- open None (Microbone to Turbo) result=[(True, True)], time=0.13 sec
action=open, ok=True, locked=[False]
open () {'description': 'Microbone to Inlet Pipette'}
opening name=--- desc=Microbone to Inlet Pipette
checking ownership. requestor=129.138.12.150
check software interlocks S
interlocks []
actuate state mode=None-script, software_lock=False
doing actuation None-script open_channel False
Open S ===>> OK
GetIndicatorState S ===>> OK
change switch state (True, True)
update switch state S True args=() kw={} ncanvase=3
06:36:09 -- OPEN   VALVE-S (Microbone to Inlet Pipette)
---------------------------------------- open None (Microbone to Inlet Pipette) result=[(True, True)], time=0.40 sec
action=open, ok=True, locked=[False]
open () {'description': 'Microbone to Getter D-50'}
opening name=--- desc=Microbone to Getter D-50
checking ownership. requestor=129.138.12.150
check software interlocks K
interlocks []
actuate state mode=None-script, software_lock=False
doing actuation None-script open_channel False
Open K ===>> OK
GetIndicatorState K ===>> OK
change switch state (True, True)
update switch state K True args=() kw={} ncanvase=3
06:36:10 -- OPEN   VALVE-K (Microbone to Getter D-50)
---------------------------------------- open None (Microbone to Getter D-50) result=[(True, True)], time=0.41 sec
action=open, ok=True, locked=[False]
open () {'description': 'Microbone to Getter NP-10'}
opening name=--- desc=Microbone to Getter NP-10
checking ownership. requestor=129.138.12.150
check software interlocks M
interlocks []
actuate state mode=None-script, software_lock=False
doing actuation None-script open_channel False
Open M ===>> OK
GetIndicatorState M ===>> OK
change switch state (True, True)
update switch state M True args=() kw={} ncanvase=3
06:36:10 -- OPEN   VALVE-M (Microbone to Getter NP-10)
---------------------------------------- open None (Microbone to Getter NP-10) result=[(True, True)], time=0.13 sec
action=open, ok=True, locked=[False]
close () {'description': 'CO2 Laser to Felix'}
closing name=--- desc=CO2 Laser to Felix
checking ownership. requestor=129.138.12.150
check software interlocks F
interlocks []
actuate state mode=None-script, software_lock=True
VALVE-F(CO2 Laser to Felix) software locked
change switch state (True, False)
---------------------------------------- close None (CO2 Laser to Felix) result=[(True, False)]
action=close, ok=True, locked=[True]
open () {'description': 'CO2 Laser to Jan'}
opening name=--- desc=CO2 Laser to Jan
checking ownership. requestor=129.138.12.150
check software interlocks A
interlocks []
actuate state mode=None-script, software_lock=False
doing actuation None-script open_channel False
Open A ===>> OK
GetIndicatorState A ===>> OK
change switch state (True, True)
update switch state A True args=() kw={} ncanvase=3
06:36:11 -- OPEN   VALVE-A (CO2 Laser to Jan)
---------------------------------------- open None (CO2 Laser to Jan) result=[(True, True)], time=0.13 sec
action=open, ok=True, locked=[False]
open () {'description': 'Microbone to CO2 Laser'}
opening name=--- desc=Microbone to CO2 Laser
checking ownership. requestor=129.138.12.150
check software interlocks T
interlocks []
actuate state mode=None-script, software_lock=False
doing actuation None-script open_channel False
Open T ===>> OK
GetIndicatorState T ===>> OK
change switch state (True, True)
update switch state T True args=() kw={} ncanvase=3
06:36:11 -- OPEN   VALVE-T (Microbone to CO2 Laser)
---------------------------------------- open None (Microbone to CO2 Laser) result=[(True, True)], time=0.41 sec
action=open, ok=True, locked=[False]
executed snippet estimated_duration=0, duration=4.86094093323
PrepareForCO2Analysis.py completed successfully
gosub finished
set_motor ('beam', '1.25') {}
setting motor "beam" to 1.25
set motor beam to 1.25
SetMotor beam,1.25 ===>> OK
GetMotorMoving beam ===>> False
GetMotorMoving beam ===>> False
Block completed
move_to_position ('201',) {'autocenter': True}
FusionsCO2 move to position 201
sending GoToHole 201,True
GoToHole 201,True ===>> OK
GetDriveMoving ===>> OK
GetDriveMoving ===>> OK
GetDriveMoving ===>> OK
GetDriveMoving ===>> OK
GetDriveMoving ===>> OK
GetDriveMoving ===>> OK
GetDriveMoving ===>> False
GetDriveMoving ===>> OK
GetDriveMoving ===>> OK
GetDriveMoving ===>> OK
GetDriveMoving ===>> OK
GetDriveMoving ===>> OK
GetDriveMoving ===>> False
Block completed
GetAutoCorrecting ===>> OK
GetAutoCorrecting ===>> OK
GetAutoCorrecting ===>> OK
GetAutoCorrecting ===>> OK
GetAutoCorrecting ===>> OK
GetAutoCorrecting ===>> OK
GetAutoCorrecting ===>> OK
GetAutoCorrecting ===>> OK
GetAutoCorrecting ===>> False
GetAutoCorrecting ===>> False
Block completed
update position
GetPosition ===>> -1.99390,-11.96340,1.00000
got position (-1.9939, -11.9634, 1.0)
move to position succeeded
sleep (5,) {}
SLEEP 5.0
block started
WaitControl setup for 5.0  
Join finished
block finished. duration 5.01793193817
close () {'description': 'Microbone to Turbo'}
closing name=--- desc=Microbone to Turbo
checking ownership. requestor=129.138.12.150
check software interlocks U
interlocks []
actuate state mode=None-script, software_lock=False
doing actuation None-script close_channel True
Close U ===>> OK
GetIndicatorState U ===>> False
change switch state (True, True)
update switch state U False args=() kw={} ncanvase=3
06:36:27 -- CLOSE  VALVE-U (Microbone to Turbo)
---------------------------------------- close None (Microbone to Turbo) result=[(True, True)]
action=close, ok=True, locked=[False]
enable laser
enable () {}
set extraction state FusionsCO2 Enabled (False, 'red', 1.5)
enabling laser
Enable ===>> OK
begin interval
BEGIN INTERVAL Interval 1 waiting for 30.0
set extract to 0.35
block started
extract (0.35,) {}
WaitControl setup for 30.0  
GetPosition ===>> -1.99390,-11.96340,1.00000
set extraction state FusionsCO2 ON! 0.35(watts) (0.75, 'red', 1.5)
extract sample to 0.35 (watts)
set laser output
SetLaserOutput 0.35,watts ===>> OK
executing pattern triangle.lp
execute_pattern ('triangle.lp',) {}
executing pattern triangle.lp
IsPatterning ===>> OK
IsPatterning ===>> OK
IsPatterning ===>> OK
IsPatterning ===>> OK
IsPatterning ===>> OK
IsPatterning ===>> OK
IsPatterning ===>> OK
IsPatterning ===>> OK
IsPatterning ===>> OK
IsPatterning ===>> OK
IsPatterning ===>> OK
IsPatterning ===>> OK
IsPatterning ===>> OK
IsPatterning ===>> OK
IsPatterning ===>> OK
IsPatterning ===>> OK
IsPatterning ===>> OK
IsPatterning ===>> OK
IsPatterning ===>> OK
IsPatterning ===>> OK
IsPatterning ===>> OK
IsPatterning ===>> OK
IsPatterning ===>> OK
IsPatterning ===>> OK
IsPatterning ===>> OK
IsPatterning ===>> OK
IsPatterning ===>> False
IsPatterning ===>> False
Block completed
COMPLETE INTERVAL waiting for Interval 1 to complete
Join finished
block finished. duration 30.1540329456
Interval 1 finished
end_extract () {}
ending extraction. set laser power to 0
set laser power 0
SetLaserPower 0 ===>> OK
disable () {}
%%%%%%%%%%%%%%%%%%%%%%%%%%%%%%%%%%% disable
set extraction state False (0.75, 'red', 1.5)
disabling laser
Disable ===>> OK
sleep (30.0,) {}
SLEEP 30.0
block started
WaitControl setup for 30.0  
Join finished
block finished. duration 30.1305229664
executed snippet estimated_duration=166.5, duration=81.8247768879
jan_co2.py completed successfully
GetAchievedOutput ===>> No Response
Requested Output= 0.000
Achieved Output=  0.000
GetResponseBlob ===>> No Response
GetOutputBlob ===>> No Response
persistence save...
persistence save - db
AutomatedRunPersister post_extraction_save deprecated
persistence save - dvc
no extraction position for 201
create new session 4992585168
close session 4992585168
Extraction Finished
06:37:29 -- ******* Extraction Finished *******
no overlap. not waiting for min ms pumptime
06:37:29 -- Sending spectrometer configuration
======== Sending configuration ========
SetDeflection CDD,50.0 ===>> OK
SetDeflection H2,0.0 ===>> OK
SetDeflection H1,0.0 ===>> OK
SetDeflection L2,825.0 ===>> OK
SetDeflection L1,400.0 ===>> OK
SetDeflection AX,190.0 ===>> OK
SetZFocus 74.64 ===>> OK
SetZSymmetry -50.72 ===>> OK
SetExtractionLens 26.13 ===>> OK
SetIonRepeller -3.81 ===>> OK
SetElectronEnergy 75.08 ===>> OK
SetYSymmetry -2.81 ===>> OK
SetIonCounterVoltage 1590.0 ===>> OK
send trap current 200.0
GetParameter Trap Current Readback ===>> 198.370811206739
SetParameter Trap Current Set,200.0 ===>> OK
updating mftable name mftable
Using mftable located at /Users/jan/PychronDev/setupfiles/spectrometer/mftables/mftable.csv
============ MFtable ===========
Isotope  H2     H1     AX     L1     L2     CDD    
Ar40     5.8223 5.8813 5.9947 6.1622 6.2329 6.3905
Ar39     5.7216 5.7736 5.8871 6.0483 6.1181 6.2770
Ar36     5.3991 5.4426 5.5505 5.7072 5.7730 5.9281
================================
get initial guess parabolic
get initial guess parabolic
get initial guess parabolic
get initial guess parabolic
get initial guess parabolic
get initial guess parabolic
======== Configuration Finished ========
GetYSymmetry ===>> -2.81
GetZSymmetry ===>> -50.72
GetParameter Trap Current Readback ===>> 198.258926936459
GetHighVoltage ===>> 4499.94659342336
start measurement
do measurement
L#=65591 analysis type=unknown
Measurement Started jan_unknown120_60.py
06:37:29 -- ******* Measurement Started jan_unknown120_60.py *******
state changed from extraction to measurement
setting spec, defl, and gains
GetExtractionLens ===>> 26.13
GetYSymmetry ===>> -2.81
GetZSymmetry ===>> -50.72
GetZFocus ===>> 74.64
GetDeflection H2 ===>> 0
GetDeflection H1 ===>> 0
GetDeflection AX ===>> 190
GetDeflection L1 ===>> 400
GetDeflection L2 ===>> 825
GetDeflection CDD ===>> 50
GetGain H2 ===>> 0.0113
GetGain H1 ===>> 0.1
GetGain AX ===>> 0.097049
GetGain L1 ===>> 0.010355
GetGain L2 ===>> 0.095649
GetGain CDD ===>> 0
pre measurement save
New frame /Users/jan/PychronDev/data/isotopes/8b/b360cf-8bbd-4bab-a01b-85fcbd895728.h5
flush and close file /Users/jan/PychronDev/data/isotopes/8b/b360cf-8bbd-4bab-a01b-85fcbd895728.h5
testing...
no interpolation path defined
executed snippet estimated_duration=226.132928, duration=0.000231027603149
unknown measurement script
activate_detectors ('H2', 'H1', 'AX', 'L1', 'L2', 'CDD') {}
activate detectors
*************** Set Analysis View Ar/Ar
create graphs
clearing graphs
clear isotope group
setting isotope det=H2, iso=PM41
setting isotope det=H1, iso=Ar40
setting isotope det=AX, iso=Ar39
setting isotope det=L1, iso=Ar38
setting isotope det=L2, iso=Ar37
setting isotope det=CDD, iso=Ar36
setting previous blanks
 - setting Ar40 blank 0.073+/-0.007
 - setting Ar36 blank 0.00397+/-0.00016
 - setting Ar37 blank 0.050+/-0.005
 - setting Ar38 blank 0.0099+/-0.0022
 - setting PM41 blank 0.04+/-0.06
 - setting Ar39 blank 0.032+/-0.008
load analysis view
position_magnet ('Ar40',) {'detector': 'H1'}
detector Detector(H1)
POSITION Ar40 H1
setting detector H2 to PM41 (40.9624)
setting detector H1 to Ar40 (39.9624)
setting detector AX to Ar39 (38.9624)
setting detector L1 to Ar38 (37.9624)
setting detector L2 to Ar37 (36.9624)
setting detector CDD to Ar36 (35.9624)
Mapping mass to dac mass func: "parabolic"
H1 map mass coeffs = [-0.00063987  0.15840543  0.57292999]
H1 map mass to dac 39.9624 >> 5.88132
GetDeflection H1 ===>> 0
GetHighVoltage ===>> 4499.94659342336
positioning Ar40 (5.88128536546) on H1
setting magnet DAC
current  : 5.881286
requested: 5.881285
Delta Dac: 0.000001
Checking detector protection. dv=0.00000
Checking detector "CDD". Protection Threshold: 0.1 (V)
SetMagnetDAC 5.88128536546 ===>> OK
Magnet settling time: 0.500
update labels <pychron.experiment.plot_panel.PlotPanel object at 0x1724e5fb0>
update labels "<pychron.graph.stacked_regression_graph.StackedRegressionGraph object at 0x163d0b650>"
setting label 0 H2 PM41
setting label 1 H1 Ar40
setting label 2 AX Ar39
setting label 3 L1 Ar38
setting label 4 L2 Ar37
setting label 5 CDD Ar36
update labels "<pychron.graph.stacked_graph.StackedGraph object at 0x19b5e6dd0>"
setting label 0 H2 PM41
setting label 1 H1 Ar40
setting label 2 AX Ar39
setting label 3 L1 Ar38
setting label 4 L2 Ar37
setting label 5 CDD Ar36
equilibrate () {'delay': 3, 'inlet': 'R', 'outlet': 'O', 'eqtime': 12.0}
Equilibration Started
06:37:31 -- ******* Equilibration Started *******
checking ownership. requestor=129.138.12.150
check software interlocks O
interlocks []
actuate state mode=None-script, software_lock=False
doing actuation None-script close_channel True
Close O ===>> OK
GetIndicatorState O ===>> False
change switch state (True, True)
update switch state O False args=() kw={} ncanvase=3
06:37:31 -- CLOSE  VALVE-O (Jan Ion Pump)
waiting 3s before opening inlet value ('R',)
checking ownership. requestor=129.138.12.150
check software interlocks R
interlocks []
actuate state mode=None-script, software_lock=False
doing actuation None-script open_channel True
Open R ===>> OK
GetIndicatorState R ===>> OK
change switch state (True, True)
update switch state R True args=() kw={} ncanvase=3
06:37:35 -- OPEN   VALVE-R (Jan Inlet)
equilibrating for 12.0sec
set_time_zero () {}
sniff (12.0,) {}
py_sniff
build tables- sniff [Detector(H2), Detector(H1), Detector(AX), Detector(L1), Detector(L2), Detector(CDD)]
add group /sniff/PM41 (Group) '' table H2
add group /sniff/Ar40 (Group) '' table H1
add group /sniff/Ar39 (Group) '' table AX
add group /sniff/Ar38 (Group) '' table L1
add group /sniff/Ar37 (Group) '' table L2
add group /sniff/Ar36 (Group) '' table CDD
flush and close file /Users/jan/PychronDev/data/isotopes/8b/b360cf-8bbd-4bab-a01b-85fcbd895728.h5
measuring sniff. ncounts=12.0
"sniff" increment series count="1" fit count="0" regressing="False"
starting measurement
check iteration duration=3.40938568115e-05
GetData ===>> H2,0.0163062281184163,H1,9.13669295211685,AX,2.74568444880495,L1,-0.0060577823958925,L2,0.1163525...
check iteration duration=1.69277191162e-05
GetData ===>> H2,1.05342847358026,H1,81.2939706044057,AX,22.0003614389696,L1,0.290658533726175,L2,0.37681837658...
check iteration duration=1.90734863281e-05
GetData ===>> H2,0.63836784239249,H1,120.28776674744,AX,30.6341102750495,L1,0.443475439637623,L2,0.166939192219...
check iteration duration=4.41074371338e-05
GetData ===>> H2,0.110270765492325,H1,132.864696256305,AX,33.0450343933283,L1,0.450903703758045,L2,0.2130446376...
check iteration duration=4.50611114502e-05
GetData ===>> H2,-0.0786389438684361,H1,137.286591253747,AX,33.8138308816162,L1,0.464534925181872,L2,0.30343350...
check iteration duration=3.40938568115e-05
GetData ===>> H2,0.109119240536822,H1,139.280658959613,AX,34.2547704954635,L1,0.464248971976041,L2,0.2389423355...
check iteration duration=4.60147857666e-05
GetData ===>> H2,0.140200209615812,H1,140.074670524225,AX,34.389647974843,L1,0.474743619804697,L2,0.29523998738...
check iteration duration=4.41074371338e-05
GetData ===>> H2,0.0635266728708906,H1,140.378654766754,AX,34.4482272623206,L1,0.470885622118529,L2,0.213809255...
check iteration duration=4.00543212891e-05
GetData ===>> H2,-0.0152102087848585,H1,140.606148623521,AX,34.3865771770484,L1,0.505327607094101,L2,0.19304120...
check iteration duration=4.88758087158e-05
GetData ===>> H2,-0.116681780535097,H1,140.753702615623,AX,34.3551915213001,L1,0.479728453715794,L2,0.243303059...
check iteration duration=1.81198120117e-05
GetData ===>> H2,0.0267397786571524,H1,140.747485530171,AX,34.3498158848467,L1,0.473634343617233,L2,0.154734835...
Equilibration Finished
check iteration duration=2.90870666504e-05
06:37:47 -- ******* Equilibration Finished *******
GetData ===>> H2,-0.0426402529239925,H1,140.445075153866,AX,34.3703647295819,L1,0.48701012469616,L2,0.182407883...
checking ownership. requestor=129.138.12.150
check software interlocks R
interlocks []
actuate state mode=None-script, software_lock=False
doing actuation None-script close_channel True
Close R ===>> OK
GetIndicatorState R ===>> False
change switch state (True, True)
update switch state R False args=() kw={} ncanvase=3
06:37:48 -- CLOSE  VALVE-R (Jan Inlet)
Post Equilibration Started jan_pump_extraction_line.py
06:37:48 -- ******* Post Equilibration Started jan_pump_extraction_line.py *******
testing...
no interpolation path defined
calculate duration
testing...
no interpolation path defined
executed snippet estimated_duration=4.0, duration=0.000144958496094
executed snippet estimated_duration=4.0, duration=0.00379490852356
Pump after analysis
doing GOSUB
testing...
no interpolation path defined
executed snippet estimated_duration=4.0, duration=0.000104904174805
Pump Microbone
close () {'description': 'Jan Inlet'}
closing name=--- desc=Jan Inlet
checking ownership. requestor=129.138.12.150
check software interlocks R
interlocks []
actuate state mode=None-script, software_lock=False
doing actuation None-script close_channel False
check iteration duration=4.29153442383e-05
waiting for write to finish
measurement finished
estimated time: 12.583 actual time: :12.703
flush and close file /Users/jan/PychronDev/data/isotopes/8b/b360cf-8bbd-4bab-a01b-85fcbd895728.h5
set_fits () {}
Close R ===>> OK
using default fits file=/Users/jan/PychronDev/scripts/measurement/fits/nominal_linear.yaml
set "Ar40" to "('Linear', 'SEM')"
No fit for "PM41". defaulting to linear. check the measurement script "jan_unknown120_60.py"
set "PM41" to "linear"
set "Ar36" to "('Linear', 'SEM')"
set "Ar37" to "('linear', 'SEM')"
set "Ar38" to "('linear', 'SEM')"
set "Ar39" to "('Linear', 'SEM')"
set_baseline_fits () {}
using default fits file=/Users/jan/PychronDev/scripts/measurement/fits/nominal_linear.yaml
set "H1" to "('average', 'SEM')"
set "H2" to "('average', 'SEM')"
set "CDD" to "('average', 'SEM')"
set "L2" to "('average', 'SEM')"
set "L1" to "('average', 'SEM')"
set "AX" to "('average', 'SEM')"
multicollect () {'integration_time': 1, 'ncounts': 120}
build tables- signal [Detector(H2), Detector(H1), Detector(AX), Detector(L1), Detector(L2), Detector(CDD)]
add group /signal/PM41 (Group) '' table H2
add group /signal/Ar40 (Group) '' table H1
add group /signal/Ar39 (Group) '' table AX
add group /signal/Ar38 (Group) '' table L1
add group /signal/Ar37 (Group) '' table L2
add group /signal/Ar36 (Group) '' table CDD
flush and close file /Users/jan/PychronDev/data/isotopes/8b/b360cf-8bbd-4bab-a01b-85fcbd895728.h5
GetIndicatorState R ===>> False
measuring signal. ncounts=120
change switch state (True, True)
update switch state R False args=() kw={} ncanvase=3
06:37:48 -- CLOSE  VALVE-R (Jan Inlet)
---------------------------------------- close None (Jan Inlet) result=[(True, True)]
"signal" increment series count="2" fit count="1" regressing="True"
action=close, ok=True, locked=[False]
is_closed ('F',) {}
is F () closed?
is closed True
open () {'description': 'CO2 Laser to Jan'}
opening name=--- desc=CO2 Laser to Jan
checking ownership. requestor=129.138.12.150
check software interlocks A
interlocks []
actuate state mode=None-script, software_lock=False
doing actuation None-script open_channel False
Open A ===>> OK
GetIndicatorState A ===>> OK
change switch state (True, True)
update switch state A True args=() kw={} ncanvase=3
06:37:49 -- OPEN   VALVE-A (CO2 Laser to Jan)
---------------------------------------- open None (CO2 Laser to Jan) result=[(True, True)], time=0.14 sec
starting measurement
check iteration duration=5.00679016113e-05
GetData ===>> H2,-0.0191405464232713,H1,140.537002266356,AX,34.400048354973,L1,0.534645607480421,L2,0.179567206...
action=open, ok=True, locked=[False]
sleep (1,) {}
SLEEP 1.0
check iteration duration=7.48634338379e-05
GetData ===>> H2,-0.0662439161770153,H1,140.674746225079,AX,34.2781162644456,L1,0.54352813894601,L2,0.165079923...
close () {'description': 'CO2 Laser to Roughing'}
closing name=--- desc=CO2 Laser to Roughing
checking ownership. requestor=129.138.12.150
check software interlocks G
interlocks []
actuate state mode=None-script, software_lock=True
VALVE-G(CO2 Laser to Roughing) software locked
change switch state (True, False)
---------------------------------------- close None (CO2 Laser to Roughing) result=[(True, False)]
action=close, ok=True, locked=[True]
open () {'description': 'Microbone to Turbo'}
opening name=--- desc=Microbone to Turbo
checking ownership. requestor=129.138.12.150
check software interlocks U
interlocks []
actuate state mode=None-script, software_lock=False
doing actuation None-script open_channel True
Open U ===>> OK
GetIndicatorState U ===>> OK
change switch state (True, True)
update switch state U True args=() kw={} ncanvase=3
06:37:50 -- OPEN   VALVE-U (Microbone to Turbo)
---------------------------------------- open None (Microbone to Turbo) result=[(True, True)], time=0.17 sec
action=open, ok=True, locked=[False]
open () {'description': 'Microbone to Getter NP-10'}
opening name=--- desc=Microbone to Getter NP-10
checking ownership. requestor=129.138.12.150
check software interlocks M
interlocks []
actuate state mode=None-script, software_lock=False
doing actuation None-script open_channel False
Open M ===>> OK
GetIndicatorState M ===>> OK
change switch state (True, True)
update switch state M True args=() kw={} ncanvase=3
06:37:50 -- OPEN   VALVE-M (Microbone to Getter NP-10)
---------------------------------------- open None (Microbone to Getter NP-10) result=[(True, True)], time=0.14 sec
action=open, ok=True, locked=[False]
open () {'description': 'Microbone to Getter D-50'}
opening name=--- desc=Microbone to Getter D-50
checking ownership. requestor=129.138.12.150
check software interlocks K
interlocks []
actuate state mode=None-script, software_lock=False
doing actuation None-script open_channel False
check iteration duration=4.10079956055e-05
GetData ===>> H2,-0.0897156405346499,H1,140.552311551917,AX,34.3130800289117,L1,0.491062227411517,L2,0.20505645...
Open K ===>> OK
GetIndicatorState K ===>> OK
change switch state (True, True)
update switch state K True args=() kw={} ncanvase=3
06:37:51 -- OPEN   VALVE-K (Microbone to Getter D-50)
---------------------------------------- open None (Microbone to Getter D-50) result=[(True, True)], time=0.42 sec
action=open, ok=True, locked=[False]
open () {'description': 'Microbone to CO2 Laser'}
opening name=--- desc=Microbone to CO2 Laser
checking ownership. requestor=129.138.12.150
check software interlocks T
interlocks []
actuate state mode=None-script, software_lock=False
doing actuation None-script open_channel False
Open T ===>> OK
GetIndicatorState T ===>> OK
change switch state (True, True)
update switch state T True args=() kw={} ncanvase=3
06:37:52 -- OPEN   VALVE-T (Microbone to CO2 Laser)
---------------------------------------- open None (Microbone to CO2 Laser) result=[(True, True)], time=0.42 sec
check iteration duration=4.50611114502e-05
GetData ===>> H2,-0.109091359383265,H1,140.567276997482,AX,34.3507436416487,L1,0.490758602524909,L2,0.188545859...
action=open, ok=True, locked=[False]
open () {'description': 'Microbone to Inlet Pipette'}
opening name=--- desc=Microbone to Inlet Pipette
checking ownership. requestor=129.138.12.150
check software interlocks S
interlocks []
actuate state mode=None-script, software_lock=False
doing actuation None-script open_channel False
Open S ===>> OK
GetIndicatorState S ===>> OK
change switch state (True, True)
update switch state S True args=() kw={} ncanvase=3
06:37:52 -- OPEN   VALVE-S (Microbone to Inlet Pipette)
---------------------------------------- open None (Microbone to Inlet Pipette) result=[(True, True)], time=0.41 sec
action=open, ok=True, locked=[False]
sleep (1,) {}
SLEEP 1.0
testing H1>-5.0
evaluate ot="H1.bs>-5.0" t="H1>-5.0", ctx="{'H1': None}"
check iteration duration=0.000584840774536
GetData ===>> H2,-0.190579659202678,H1,140.577593158132,AX,34.327879355331,L1,0.53017032223571,L2,0.13119736776...
set_resource () {'name': 'CO2PumpTimeFlag', 'value': 30}
Set CO2PumpTimeFlag 30 ===>> OK
release ('JanCO2Flag',) {}
release JanCO2Flag
Set JanCO2Flag 0 ===>> OK
executed snippet estimated_duration=6.0, duration=5.96685099602
PumpMicrobone.py completed successfully
gosub finished
get_resource_value () {'name': 'JanMiniboneFlag'}
Read JanMiniboneFlag ===>> 0
Get Resource Value JanMiniboneFlag=0.0
get resource value 0.0
get_resource_value () {'name': 'JanMiniboneFlag'}
Read JanMiniboneFlag ===>> 0
Get Resource Value JanMiniboneFlag=0.0
executed snippet estimated_duration=4.0, duration=5.98032402992
jan_pump_extraction_line.py completed successfully
Post Equilibration Finished
06:37:54 -- ******* Post Equilibration Finished *******
check iteration duration=9.3936920166e-05
GetData ===>> H2,-0.173663574664634,H1,140.495710602635,AX,34.1012603450371,L1,0.447380833979222,L2,0.197251507...
check iteration duration=8.29696655273e-05
GetData ===>> H2,-0.0765261547432905,H1,140.417342710323,AX,34.099037721629,L1,0.446180242624101,L2,0.313282623...
check iteration duration=8.60691070557e-05
GetData ===>> H2,-0.0499651688237505,H1,140.326949247471,AX,34.1454866763106,L1,0.476816308383903,L2,0.13017115...
check iteration duration=3.69548797607e-05
GetData ===>> H2,-0.0639889095916664,H1,140.338088552416,AX,34.0402425188589,L1,0.48222511415194,L2,0.212725097...
testing H1>-5.0
evaluate ot="H1.bs>-5.0" t="H1>-5.0", ctx="{'H1': None}"
check iteration duration=0.000567197799683
GetData ===>> H2,-0.161684349033479,H1,140.166400378026,AX,34.1568956419863,L1,0.452263127633351,L2,0.245780313...
check iteration duration=4.00543212891e-05
GetData ===>> H2,-0.17364468995802,H1,140.334050723796,AX,34.0713335499653,L1,0.461863474292327,L2,0.1662890143...
check iteration duration=8.20159912109e-05
GetData ===>> H2,-0.162582285268303,H1,140.189421707453,AX,34.1661517797305,L1,0.462940806592478,L2,0.149568412...
check iteration duration=8.48770141602e-05
GetData ===>> H2,-0.161354862857114,H1,140.226688379596,AX,34.1172622131429,L1,0.443249867150087,L2,0.098717414...
check iteration duration=5.19752502441e-05
GetData ===>> H2,-0.0802717159833803,H1,140.262562521691,AX,34.1828119878612,L1,0.467895776894953,L2,0.22675162...
testing H1>-5.0
evaluate ot="H1.bs>-5.0" t="H1>-5.0", ctx="{'H1': None}"
check iteration duration=0.000583171844482
GetData ===>> H2,-0.194886256027176,H1,140.330337629228,AX,34.1697917326798,L1,0.49518478877291,L2,0.2349356669...
check iteration duration=8.48770141602e-05
GetData ===>> H2,-0.214884213971615,H1,140.14997296327,AX,34.260514395604,L1,0.491059768874524,L2,0.19453589941...
check iteration duration=7.48634338379e-05
GetData ===>> H2,-0.185265257514634,H1,140.055400156813,AX,34.0508460505541,L1,0.432757183148102,L2,0.254388412...
check iteration duration=8.51154327393e-05
GetData ===>> H2,-0.0759311420200962,H1,139.843717692912,AX,34.1206962035625,L1,0.457506197055445,L2,0.20998622...
check iteration duration=3.71932983398e-05
GetData ===>> H2,-0.0901736411429963,H1,139.957841389609,AX,34.0269145381564,L1,0.497276822522269,L2,0.20795494...
testing H1>-5.0
evaluate ot="H1.bs>-5.0" t="H1>-5.0", ctx="{'H1': None}"
check iteration duration=0.00059700012207
GetData ===>> H2,-0.265425788564932,H1,139.880231722549,AX,33.941614102795,L1,0.476576705413104,L2,0.1617949231...
check iteration duration=8.79764556885e-05
GetData ===>> H2,-0.257618345767008,H1,139.733486093684,AX,34.0722878143678,L1,0.437854303217966,L2,0.155031371...
check iteration duration=8.58306884766e-05
GetData ===>> H2,-0.0760382194992011,H1,139.623049351694,AX,33.9667944038303,L1,0.482776597794682,L2,0.12120937...
check iteration duration=8.89301300049e-05
GetData ===>> H2,-0.0883171339581302,H1,139.945559276626,AX,34.0611779435071,L1,0.463462334793648,L2,0.20113108...
check iteration duration=8.51154327393e-05
GetData ===>> H2,-0.176406873279864,H1,139.919275292379,AX,34.0590924070783,L1,0.448022269589038,L2,0.199202685...
testing H1>-5.0
evaluate ot="H1.bs>-5.0" t="H1>-5.0", ctx="{'H1': None}"
check iteration duration=0.000539064407349
06:38:14 -- collecting point 25
GetData ===>> H2,-0.184508551351,H1,139.664731166902,AX,33.9048130829515,L1,0.422819118543903,L2,0.110652430500...
check iteration duration=9.70363616943e-05
GetData ===>> H2,-0.139142785439768,H1,139.53738867038,AX,34.0693841488597,L1,0.461364111317936,L2,0.0929499262...
check iteration duration=4.29153442383e-05
GetData ===>> H2,-0.203866666333008,H1,139.621085009203,AX,33.970158552501,L1,0.459889475484551,L2,0.1751181226...
check iteration duration=0.000108957290649
GetData ===>> H2,-0.115519383342623,H1,139.62760590367,AX,33.8339793521493,L1,0.437073079590626,L2,0.1723118836...
check iteration duration=0.000113964080811
GetData ===>> H2,-0.142918907220184,H1,139.498082838482,AX,34.0293401695281,L1,0.453971250320666,L2,0.099766085...
testing H1>-5.0
evaluate ot="H1.bs>-5.0" t="H1>-5.0", ctx="{'H1': None}"
check iteration duration=0.000584125518799
GetData ===>> H2,-0.145341504367023,H1,139.536032538018,AX,33.9943370269764,L1,0.464933800206423,L2,0.201028384...
check iteration duration=4.00543212891e-05
GetData ===>> H2,-0.139917303729072,H1,139.488465528642,AX,33.8350004841049,L1,0.452072944722281,L2,0.237344214...
check iteration duration=3.38554382324e-05
GetData ===>> H2,-0.2505451525122,H1,139.39758353724,AX,33.8858507805027,L1,0.472924371241572,L2,0.252390443026...
check iteration duration=4.10079956055e-05
GetData ===>> H2,-0.222497157358572,H1,139.375912632609,AX,33.8642904332141,L1,0.470762818784986,L2,0.176076369...
check iteration duration=5.50746917725e-05
GetData ===>> H2,-0.143091870517469,H1,139.507394360764,AX,33.7824444662213,L1,0.472673804432049,L2,0.147561224...
testing H1>-5.0
evaluate ot="H1.bs>-5.0" t="H1>-5.0", ctx="{'H1': None}"
check iteration duration=0.000550031661987
GetData ===>> H2,-0.23931655251442,H1,139.326895198356,AX,33.7275921903459,L1,0.479068848558517,L2,0.2315911973...
check iteration duration=8.51154327393e-05
GetData ===>> H2,-0.152624041396324,H1,139.281023153846,AX,33.8721214218586,L1,0.470684225419481,L2,0.164931639...
check iteration duration=8.41617584229e-05
GetData ===>> H2,-0.169471746641632,H1,139.223004727848,AX,33.9943370269764,L1,0.519970516901322,L2,0.177205743...
check iteration duration=8.20159912109e-05
GetData ===>> H2,-0.214056048176872,H1,139.466114979412,AX,33.8074467360145,L1,0.453692679367163,L2,0.125998010...
check iteration duration=4.19616699219e-05
GetData ===>> H2,-0.214056048176872,H1,139.466114979412,AX,33.8074467360145,L1,0.453692679367163,L2,0.125998010...
testing H1>-5.0
evaluate ot="H1.bs>-5.0" t="H1>-5.0", ctx="{'H1': None}"
check iteration duration=0.000604152679443
GetData ===>> H2,-0.312725925232159,H1,139.331203633708,AX,34.0213003527929,L1,0.474898412019887,L2,0.217586786...
check iteration duration=8.79764556885e-05
GetData ===>> H2,-0.222339564521947,H1,139.009233965589,AX,33.7599239707327,L1,0.416725853740704,L2,0.044940054...
check iteration duration=4.31537628174e-05
GetData ===>> H2,-0.272542086918289,H1,139.073439445281,AX,33.7286268119578,L1,0.413707611573433,L2,0.334285291...
check iteration duration=3.81469726562e-05
GetData ===>> H2,-0.253619128002789,H1,138.885416972972,AX,33.7764294944884,L1,0.442468983189103,L2,0.227858770...
check iteration duration=3.91006469727e-05
GetData ===>> H2,-0.195120746641988,H1,138.913994358868,AX,33.807433124145,L1,0.470194258422486,L2,0.1395785058...
testing H1>-5.0
evaluate ot="H1.bs>-5.0" t="H1>-5.0", ctx="{'H1': None}"
check iteration duration=0.00058388710022
GetData ===>> H2,-0.114501680659601,H1,139.013620027475,AX,33.8308207084094,L1,0.472932969230389,L2,0.137092595...
check iteration duration=8.39233398438e-05
GetData ===>> H2,-0.240238673841771,H1,139.01584342014,AX,33.7633936066723,L1,0.460409622427606,L2,0.1937372057...
check iteration duration=3.81469726562e-05
GetData ===>> H2,-0.240238673841771,H1,139.01584342014,AX,33.7633936066723,L1,0.460409622427606,L2,0.1937372057...
check iteration duration=7.70092010498e-05
GetData ===>> H2,-0.283446067320436,H1,138.958489212409,AX,33.688460426492,L1,0.456948871411342,L2,0.2472644136...
check iteration duration=8.39233398438e-05
GetData ===>> H2,-0.23511764996658,H1,138.829791790088,AX,33.7304238086137,L1,0.437979402620868,L2,0.0664257116...
testing H1>-5.0
evaluate ot="H1.bs>-5.0" t="H1>-5.0", ctx="{'H1': None}"
check iteration duration=0.00058388710022
06:38:40 -- collecting point 50
GetData ===>> H2,-0.172274115757301,H1,138.78397988498,AX,33.7414210255766,L1,0.44632739644515,L2,0.15150721419...
check iteration duration=9.20295715332e-05
GetData ===>> H2,-0.162556630934703,H1,138.576875118148,AX,33.6105362973653,L1,0.458843164993869,L2,0.211469772...
check iteration duration=4.19616699219e-05
GetData ===>> H2,-0.174931376979983,H1,138.831226136914,AX,33.5890240251216,L1,0.454240010938292,L2,0.167406866...
check iteration duration=8.10623168945e-05
GetData ===>> H2,-0.174931376979983,H1,138.831226136914,AX,33.5890240251216,L1,0.454240010938292,L2,0.167406866...
check iteration duration=5.29289245605e-05
GetData ===>> H2,-0.203784445701495,H1,138.561274219936,AX,33.7355426813477,L1,0.466090011377875,L2,0.132839328...
testing H1>-5.0
evaluate ot="H1.bs>-5.0" t="H1>-5.0", ctx="{'H1': None}"
check iteration duration=0.000550031661987
GetData ===>> H2,-0.151392358189013,H1,138.654820398126,AX,33.6274688445613,L1,0.480484879220086,L2,0.249787436...
check iteration duration=4.10079956055e-05
GetData ===>> H2,-0.189971616336298,H1,138.787675889031,AX,33.5711319494115,L1,0.464935027538024,L2,0.099401328...
check iteration duration=3.38554382324e-05
GetData ===>> H2,-0.189971616336298,H1,138.787675889031,AX,33.5711319494115,L1,0.464935027538024,L2,0.099401328...
check iteration duration=7.20024108887e-05
GetData ===>> H2,-0.247713826504878,H1,138.452466844153,AX,33.6012210673615,L1,0.382629083283877,L2,0.175448944...
check iteration duration=8.89301300049e-05
GetData ===>> H2,-0.220217908572537,H1,138.459146469545,AX,33.6606748086956,L1,0.40589051799189,L2,0.1241167331...
testing H1>-5.0
evaluate ot="H1.bs>-5.0" t="H1>-5.0", ctx="{'H1': None}"
check iteration duration=0.000576019287109
GetData ===>> H2,-0.133558741637873,H1,138.637637458386,AX,33.629713105587,L1,0.447567250915972,L2,0.1279933442...
check iteration duration=8.17775726318e-05
GetData ===>> H2,-0.119357954024823,H1,138.513501373342,AX,33.6073132777615,L1,0.41774029969592,L2,0.2188079530...
check iteration duration=6.79492950439e-05
GetData ===>> H2,-0.151201967577879,H1,138.203689029173,AX,33.5599848098587,L1,0.437379675198488,L2,0.191866006...
check iteration duration=4.91142272949e-05
GetData ===>> H2,-0.141285084696039,H1,138.176372464694,AX,33.4444386694946,L1,0.477708417642202,L2,0.180514089...
check iteration duration=5.48362731934e-05
GetData ===>> H2,-0.174552009720455,H1,138.312777486612,AX,33.5640221236659,L1,0.497875854443959,L2,0.120616516...
testing H1>-5.0
evaluate ot="H1.bs>-5.0" t="H1>-5.0", ctx="{'H1': None}"
check iteration duration=0.000571966171265
GetData ===>> H2,-0.159361537290447,H1,138.451235884541,AX,33.4575815972424,L1,0.461224244947433,L2,0.141916233...
check iteration duration=8.70227813721e-05
GetData ===>> H2,-0.138956244337025,H1,138.360149530733,AX,33.4469801516865,L1,0.472581685812932,L2,0.180091984...
check iteration duration=4.60147857666e-05
GetData ===>> H2,-0.118939928049049,H1,138.178307662851,AX,33.3676766253054,L1,0.446788492040802,L2,0.131345599...
check iteration duration=0.000107049942017
GetData ===>> H2,-0.199304539838342,H1,138.304768417743,AX,33.5264198150343,L1,0.446511341679832,L2,0.121927657...
check iteration duration=8.39233398438e-05
GetData ===>> H2,-0.289683676379838,H1,138.259545473857,AX,33.4454851553038,L1,0.437322034526863,L2,0.215349922...
testing H1>-5.0
evaluate ot="H1.bs>-5.0" t="H1>-5.0", ctx="{'H1': None}"
check iteration duration=0.000631093978882
GetData ===>> H2,-0.263421125325569,H1,138.05300142337,AX,33.5358317023795,L1,0.422603579630187,L2,0.1915807662...
check iteration duration=4.00543212891e-05
GetData ===>> H2,-0.200550409469503,H1,138.072693865178,AX,33.4250192660953,L1,0.441721253453287,L2,0.101088339...
check iteration duration=9.01222229004e-05
GetData ===>> H2,-0.165378259484689,H1,137.966885858841,AX,33.5326353819058,L1,0.438944681511036,L2,0.248063553...
check iteration duration=3.981590271e-05
GetData ===>> H2,-0.129710345134785,H1,137.920070050736,AX,33.4959317194094,L1,0.455518867597948,L2,0.135393546...
check iteration duration=8.60691070557e-05
GetData ===>> H2,-0.153656474210845,H1,137.877235775265,AX,33.4676810700859,L1,0.466357603152754,L2,0.130125547...
testing H1>-5.0
evaluate ot="H1.bs>-5.0" t="H1>-5.0", ctx="{'H1': None}"
check iteration duration=0.000581026077271
06:39:07 -- collecting point 75
GetData ===>> H2,-0.207541722441346,H1,138.0102382235,AX,33.5441833622895,L1,0.438877219433226,L2,0.23008451200...
check iteration duration=9.01222229004e-05
GetData ===>> H2,-0.255725783385003,H1,137.929460387433,AX,33.4347353492551,L1,0.476467350010696,L2,0.167076072...
check iteration duration=4.00543212891e-05
GetData ===>> H2,-0.177760704874318,H1,137.871695916141,AX,33.4543738764213,L1,0.484441053541089,L2,0.210579642...
check iteration duration=8.82148742676e-05
GetData ===>> H2,-0.219646677274591,H1,137.765034947113,AX,33.4900988419204,L1,0.424912285364703,L2,0.198757676...
check iteration duration=4.41074371338e-05
GetData ===>> H2,-0.115994370263167,H1,138.077834030292,AX,33.3698786383169,L1,0.417218362098766,L2,0.110926029...
testing H1>-5.0
evaluate ot="H1.bs>-5.0" t="H1>-5.0", ctx="{'H1': None}"
check iteration duration=0.000566959381104
GetData ===>> H2,-0.24942212242118,H1,137.862248357059,AX,33.3823462474048,L1,0.450936828379561,L2,0.1132516572...
check iteration duration=3.81469726562e-05
GetData ===>> H2,-0.259577781152206,H1,137.666059797955,AX,33.2990277762851,L1,0.470775099052497,L2,0.178004299...
check iteration duration=7.91549682617e-05
GetData ===>> H2,-0.249528377957725,H1,137.639387709007,AX,33.4089861416439,L1,0.465553621271159,L2,0.179498757...
check iteration duration=8.70227813721e-05
GetData ===>> H2,-0.141979724520951,H1,137.710717295112,AX,33.4123420413454,L1,0.476015196167242,L2,0.153206548...
check iteration duration=8.41617584229e-05
GetData ===>> H2,-0.222074210934514,H1,137.767734166062,AX,33.3476293888211,L1,0.458122482109728,L2,0.245300840...
testing H1>-5.0
evaluate ot="H1.bs>-5.0" t="H1>-5.0", ctx="{'H1': None}"
check iteration duration=0.000527858734131
GetData ===>> H2,-0.238307224167954,H1,137.555346576189,AX,33.2383625900316,L1,0.430903865246159,L2,0.178061339...
check iteration duration=8.10623168945e-05
GetData ===>> H2,-0.182857380499,H1,137.367227371553,AX,33.3524811763084,L1,0.429905026165974,L2,0.115030116193...
check iteration duration=3.91006469727e-05
GetData ===>> H2,-0.205238719155394,H1,137.47090373978,AX,33.2998020874019,L1,0.423234288617058,L2,0.2212845733...
check iteration duration=4.60147857666e-05
GetData ===>> H2,-0.198492763077401,H1,137.550515532608,AX,33.2751897183284,L1,0.439624233288352,L2,0.106172350...
check iteration duration=6.60419464111e-05
GetData ===>> H2,-0.17984175345502,H1,137.447727583487,AX,33.280242155281,L1,0.467662519498482,L2,0.10621794785...
testing H1>-5.0
evaluate ot="H1.bs>-5.0" t="H1>-5.0", ctx="{'H1': None}"
check iteration duration=0.000652074813843
GetData ===>> H2,-0.134170010653867,H1,137.304408740721,AX,33.3723629846047,L1,0.470454588863779,L2,0.124310560...
check iteration duration=4.29153442383e-05
GetData ===>> H2,-0.0641529308324494,H1,137.389017199338,AX,33.102700744126,L1,0.439988200313323,L2,0.245392168...
check iteration duration=3.981590271e-05
GetData ===>> H2,-0.146818048436798,H1,137.357389672997,AX,33.1810787968766,L1,0.425285891253941,L2,0.186640535...
check iteration duration=8.20159912109e-05
GetData ===>> H2,-0.229060226650666,H1,137.26953970978,AX,33.2114287457581,L1,0.437729205336051,L2,0.1656502474...
check iteration duration=8.20159912109e-05
GetData ===>> H2,-0.187899171643422,H1,137.297028131307,AX,33.2772405461089,L1,0.429804534843764,L2,0.153776802...
testing H1>-5.0
evaluate ot="H1.bs>-5.0" t="H1>-5.0", ctx="{'H1': None}"
check iteration duration=0.000571966171265
GetData ===>> H2,-0.203762879535275,H1,137.275873513757,AX,33.1098534069568,L1,0.445586743565675,L2,0.193155304...
check iteration duration=7.89165496826e-05
GetData ===>> H2,-0.139038701289727,H1,137.405909914409,AX,33.2861233653119,L1,0.454892919830682,L2,0.195460110...
check iteration duration=7.79628753662e-05
GetData ===>> H2,-0.189455226122668,H1,137.217048663593,AX,33.2767787670983,L1,0.441460173735619,L2,0.228783302...
check iteration duration=7.29560852051e-05
GetData ===>> H2,-0.153679446122965,H1,137.194588776802,AX,33.2412409781116,L1,0.429555761770095,L2,0.165148362...
check iteration duration=8.48770141602e-05
GetData ===>> H2,-0.212161138253711,H1,137.081652165307,AX,33.2320901282294,L1,0.403320807584783,L2,0.149431557...
testing H1>-5.0
evaluate ot="H1.bs>-5.0" t="H1>-5.0", ctx="{'H1': None}"
check iteration duration=0.000572919845581
06:39:33 -- collecting point 100
GetData ===>> H2,-0.262123484018747,H1,136.972713587764,AX,33.163112113178,L1,0.412560079180058,L2,0.2324472791...
check iteration duration=8.60691070557e-05
GetData ===>> H2,-0.265741715733567,H1,136.983745712344,AX,33.0702276043885,L1,0.394623713922514,L2,0.081769284...
check iteration duration=7.70092010498e-05
GetData ===>> H2,-0.199056428205133,H1,137.050868045057,AX,33.0751529383326,L1,0.426274481165944,L2,0.172471586...
check iteration duration=0.000114917755127
GetData ===>> H2,-0.132095348839289,H1,137.043755542363,AX,33.1384278221426,L1,0.422185985842748,L2,0.144527713...
check iteration duration=7.39097595215e-05
GetData ===>> H2,-0.204876179136804,H1,136.943358390255,AX,33.3148682399191,L1,0.452659455568068,L2,0.138746060...
testing H1>-5.0
evaluate ot="H1.bs>-5.0" t="H1>-5.0", ctx="{'H1': None}"
check iteration duration=0.00110411643982
GetData ===>> H2,-0.165186572997201,H1,136.866448310649,AX,33.1155134224664,L1,0.401845350153351,L2,0.195905103...
check iteration duration=9.10758972168e-05
GetData ===>> H2,-0.28190090632698,H1,136.848335660013,AX,33.118146714999,L1,0.431460315833497,L2,0.16726998616...
check iteration duration=4.10079956055e-05
GetData ===>> H2,-0.200152662970699,H1,137.094172380393,AX,32.9798014922946,L1,0.439537140210371,L2,0.213581010...
check iteration duration=3.69548797607e-05
GetData ===>> H2,-0.159646512491473,H1,136.823401025304,AX,32.9405414015671,L1,0.439849715732306,L2,0.155829742...
check iteration duration=9.20295715332e-05
GetData ===>> H2,-0.189298821304948,H1,136.758770701177,AX,33.0298289113317,L1,0.437093927802455,L2,0.239330454...
testing H1>-5.0
evaluate ot="H1.bs>-5.0" t="H1>-5.0", ctx="{'H1': None}"
check iteration duration=0.000961065292358
GetData ===>> H2,-0.231855846464956,H1,136.57004205454,AX,33.0607845846595,L1,0.439176509113524,L2,0.2237384308...
check iteration duration=4.19616699219e-05
GetData ===>> H2,-0.267541659583541,H1,136.727087200263,AX,32.9999658757246,L1,0.450438743466152,L2,0.219686746...
check iteration duration=7.5101852417e-05
GetData ===>> H2,-0.238655540386335,H1,136.669257087829,AX,33.0221930257762,L1,0.49431661477248,L2,0.1066967252...
check iteration duration=6.41345977783e-05
GetData ===>> H2,-0.156218231166422,H1,136.609261491816,AX,33.0204434900086,L1,0.723164883579767,L2,0.181769009...
check iteration duration=9.20295715332e-05
GetData ===>> H2,-0.0939236738335967,H1,136.507137420328,AX,33.1679735665639,L1,0.656190115012167,L2,0.12582698...
testing H1>-5.0
evaluate ot="H1.bs>-5.0" t="H1>-5.0", ctx="{'H1': None}"
check iteration duration=0.000580072402954
GetData ===>> H2,-0.110879434930337,H1,136.461082456647,AX,33.035295055106,L1,0.548385791272852,L2,0.2659635976...
check iteration duration=9.70363616943e-05
GetData ===>> H2,-0.120333288115788,H1,136.587844218697,AX,33.0487241652255,L1,0.499004722218237,L2,0.193326451...
check iteration duration=8.39233398438e-05
GetData ===>> H2,-0.124125607900203,H1,136.503325773516,AX,32.9749848229112,L1,0.458350836134758,L2,0.177673468...
check iteration duration=8.29696655273e-05
GetData ===>> H2,-0.125894202558713,H1,136.563600021477,AX,33.0996335159006,L1,0.422790951270112,L2,0.173338546...
check iteration duration=8.60691070557e-05
GetData ===>> H2,-0.115228427125517,H1,136.451195120083,AX,33.0443425744086,L1,0.467548348066066,L2,0.235106888...
testing H1>-5.0
evaluate ot="H1.bs>-5.0" t="H1>-5.0", ctx="{'H1': None}"
check iteration duration=0.000581026077271
GetData ===>> H2,-0.0585477581269137,H1,136.252809405992,AX,32.9196009900657,L1,0.50034323267545,L2,0.181289856...
check iteration duration=1.4066696167e-05
waiting for write to finish
measurement finished
estimated time: 125.829 actual time: :126.419
flush and close file /Users/jan/PychronDev/data/isotopes/8b/b360cf-8bbd-4bab-a01b-85fcbd895728.h5
baselines () {'settling_time': 15.0, 'detector': 'H1', 'mass': 34.2, 'ncounts': 60}
%%%%%%%%%%%%%%%%%%%%%%%%%%%%%%%% Baseline
build tables- baseline [Detector(H2), Detector(H1), Detector(AX), Detector(L1), Detector(L2), Detector(CDD)]
add group baseline table H2
add group baseline table H1
add group baseline table AX
add group baseline table L1
add group baseline table L2
add group baseline table CDD
flush and close file /Users/jan/PychronDev/data/isotopes/8b/b360cf-8bbd-4bab-a01b-85fcbd895728.h5
detector Detector(H1)
POSITION 34.2 H1
Mapping mass to dac mass func: "parabolic"
H1 map mass coeffs = [-0.00063987  0.15840543  0.57292999]
H1 map mass to dac 34.2 >> 5.24197599104
GetDeflection H1 ===>> 0
GetHighVoltage ===>> 4499.94659342336
positioning 34.2 (5.24194512154) on H1
setting magnet DAC
current  : 5.881285
requested: 5.241945
Delta Dac: 0.639340
Checking detector protection. dv=0.63934
Checking detector "CDD". Protection Threshold: 0.1 (V)
ProtectDetector CDD,On ===>> OK
GetDeflection CDD ===>> 2000
Protected = 2000
SetMagnetDAC 5.24194512154 ===>> OK
Magnet settling time: 0.500
GetMagnetMoving ===>> True
GetMagnetMoving ===>> True
GetMagnetMoving ===>> True
GetMagnetMoving ===>> True
GetMagnetMoving ===>> True
GetMagnetMoving ===>> True
GetMagnetMoving ===>> True
GetMagnetMoving ===>> True
GetMagnetMoving ===>> False
ProtectDetector CDD,Off ===>> OK
GetDeflection CDD ===>> 50
Delaying 15.0s for detectors to settle
Join finished
measuring baseline. ncounts=60
"baseline" increment series count="2" fit count="1" regressing="True"
starting measurement
check iteration duration=3.19480895996e-05
GetData ===>> H2,-0.22543579382731,H1,-0.0763640942222697,AX,-0.0988576235845379,L1,0.00696904418426193,L2,0.01...
check iteration duration=4.29153442383e-05
GetData ===>> H2,-0.23757145547103,H1,-0.0636928794003343,AX,-0.114628976501823,L1,-0.00254761439640033,L2,-0.0...
check iteration duration=6.31809234619e-05
GetData ===>> H2,-0.291736604177271,H1,-0.0422327884871841,AX,-0.109437806829952,L1,0.00215692165482919,L2,-0.0...
check iteration duration=9.3936920166e-05
GetData ===>> H2,-0.233953789386228,H1,-0.0173213901328627,AX,-0.0771605932941464,L1,-0.0276677206060979,L2,0.0...
testing H1>-5.0
evaluate ot="H1.bs>-5.0" t="H1>-5.0", ctx="{'H1': None}"
check iteration duration=0.000578880310059
GetData ===>> H2,-0.123400783081172,H1,-0.0684134818643266,AX,-0.0402111933334582,L1,-0.0163590615884411,L2,0.0...
check iteration duration=6.8187713623e-05
GetData ===>> H2,-0.153159188466938,H1,-0.0163553374083357,AX,-0.0507165919317946,L1,-0.04361312989304,L2,-0.08...
check iteration duration=8.29696655273e-05
GetData ===>> H2,-0.179264172608349,H1,-0.0522838373392397,AX,-0.208534914493058,L1,-0.0267140359858245,L2,-0.0...
check iteration duration=4.10079956055e-05
GetData ===>> H2,-0.188124367809723,H1,-0.0435086003253147,AX,-0.129586802471107,L1,-0.00897079625764666,L2,-0....
check iteration duration=7.41481781006e-05
GetData ===>> H2,-0.137212342173067,H1,-0.0512823546209738,AX,-0.0559224895275735,L1,-0.0405283715258202,L2,-0....
testing H1>-5.0
evaluate ot="H1.bs>-5.0" t="H1>-5.0", ctx="{'H1': None}"
check iteration duration=0.000543832778931
GetData ===>> H2,-0.061299166277681,H1,-0.0736702543480348,AX,-0.162013750457509,L1,-0.0938922161991522,L2,0.02...
check iteration duration=7.70092010498e-05
GetData ===>> H2,-0.0883930263264472,H1,-0.102083037181466,AX,-0.139568081817116,L1,-0.0606246831460007,L2,-0.0...
check iteration duration=4.10079956055e-05
GetData ===>> H2,-0.200233561696569,H1,-0.0337190108640194,AX,-0.0437595011477887,L1,-0.0374893899040636,L2,-0....
check iteration duration=9.48905944824e-05
GetData ===>> H2,-0.170648367363323,H1,0.000820489695940907,AX,-0.0782617877658858,L1,-0.0226430862407015,L2,0....
check iteration duration=8.29696655273e-05
GetData ===>> H2,-0.137219102001335,H1,0.0392143471396934,AX,0.0213133714268186,L1,-0.0122425841954757,L2,0.035...
testing H1>-5.0
evaluate ot="H1.bs>-5.0" t="H1>-5.0", ctx="{'H1': None}"
check iteration duration=0.000578880310059
GetData ===>> H2,-0.0371668932507933,H1,-0.0454401723425811,AX,-0.175460120239463,L1,0.0198320634253274,L2,-0.0...
check iteration duration=7.00950622559e-05
GetData ===>> H2,-0.200828149579989,H1,-0.066446591234137,AX,-0.0263298050932655,L1,0.0293542279447353,L2,-0.09...
check iteration duration=7.60555267334e-05
GetData ===>> H2,-0.1486239530249,H1,-0.0921561655906398,AX,-0.083813936376918,L1,0.00078733885262625,L2,0.0253...
check iteration duration=4.10079956055e-05
GetData ===>> H2,-0.210942140641978,H1,-0.0301177272949758,AX,0.0305500527702064,L1,-0.00800907921186125,L2,-0....
check iteration duration=8.60691070557e-05
GetData ===>> H2,-0.171622495250301,H1,0.00394585293614926,AX,-0.0494411625203675,L1,-0.0157017760170254,L2,-0....
testing H1>-5.0
evaluate ot="H1.bs>-5.0" t="H1>-5.0", ctx="{'H1': None}"
check iteration duration=0.000585079193115
GetData ===>> H2,-0.212718735342955,H1,0.0356463669238806,AX,-0.0629714571046215,L1,0.0323915855701175,L2,0.021...
check iteration duration=4.10079956055e-05
GetData ===>> H2,-0.231561107427621,H1,-0.0125268145460431,AX,-0.17267826522267,L1,0.00315931983068799,L2,-0.07...
check iteration duration=4.19616699219e-05
GetData ===>> H2,-0.196778670981445,H1,-0.0597350309675225,AX,-0.0915910481526502,L1,-0.0388862137391663,L2,-0....
check iteration duration=0.000113964080811
GetData ===>> H2,-0.130090131833797,H1,-0.00455920091988455,AX,-0.0795947959784759,L1,-0.0514094179807693,L2,-0...
check iteration duration=0.000103950500488
GetData ===>> H2,-0.174053817755354,H1,-0.0598661670072829,AX,-0.0456263693317818,L1,-0.0553708285963022,L2,-0....
testing H1>-5.0
evaluate ot="H1.bs>-5.0" t="H1>-5.0", ctx="{'H1': None}"
check iteration duration=0.000584840774536
06:40:39 -- collecting point 25
GetData ===>> H2,-0.223177340544912,H1,-8.60859630023469E-05,AX,-0.0821100747777464,L1,-0.0393054626044085,L2,0...
check iteration duration=3.88622283936e-05
GetData ===>> H2,-0.113608408997823,H1,-0.0354480579242587,AX,-0.175668756157964,L1,-0.0321521802026488,L2,-0.0...
check iteration duration=8.79764556885e-05
GetData ===>> H2,-0.136356515378063,H1,-0.0547994223427882,AX,-0.0368946840936465,L1,-0.0207538551674452,L2,-0....
check iteration duration=9.48905944824e-05
GetData ===>> H2,-0.282707103707042,H1,-0.0267428969323856,AX,4.68079455483901E-05,L1,-0.0292945265851049,L2,0....
check iteration duration=9.29832458496e-05
GetData ===>> H2,-0.204341108138361,H1,-0.0571718829586175,AX,-0.0242654028100737,L1,-0.0467136988241211,L2,-0....
testing H1>-5.0
evaluate ot="H1.bs>-5.0" t="H1>-5.0", ctx="{'H1': None}"
check iteration duration=0.00057578086853
GetData ===>> H2,-0.230266317924121,H1,0.0295727398878622,AX,-0.0647915845347217,L1,-0.00213965494157957,L2,-0....
check iteration duration=7.89165496826e-05
GetData ===>> H2,-0.204142977190818,H1,-0.06141594355189,AX,-0.0181879194217664,L1,0.00474775499811587,L2,-0.01...
check iteration duration=6.69956207275e-05
GetData ===>> H2,-0.175615825974451,H1,0.0139309687392732,AX,-0.133805109161378,L1,-0.0361259218066117,L2,-0.14...
check iteration duration=8.20159912109e-05
GetData ===>> H2,-0.147270564623915,H1,-0.0543702274798051,AX,-0.0963891349043419,L1,-0.00461475483482867,L2,0....
check iteration duration=7.70092010498e-05
GetData ===>> H2,-0.233053565259653,H1,-0.0884139679792504,AX,-0.110017192177955,L1,0.0120527406693649,L2,0.047...
testing H1>-5.0
evaluate ot="H1.bs>-5.0" t="H1>-5.0", ctx="{'H1': None}"
check iteration duration=0.000572919845581
GetData ===>> H2,-0.223911353700523,H1,0.000665416961687271,AX,-0.0636670512245716,L1,-0.0240394027285434,L2,-0...
check iteration duration=4.41074371338e-05
GetData ===>> H2,-0.255198820323802,H1,-0.0132066564015208,AX,-0.099216881974341,L1,-0.0413319848063153,L2,0.00...
check iteration duration=4.10079956055e-05
GetData ===>> H2,-0.195404242771786,H1,0.00765585734014991,AX,-0.0983245280451741,L1,0.000811343958859422,L2,-0...
check iteration duration=8.20159912109e-05
GetData ===>> H2,-0.223268926440826,H1,-0.00919910095265024,AX,-0.0275243549541177,L1,-0.00545324739563228,L2,0...
check iteration duration=8.60691070557e-05
GetData ===>> H2,-0.0304861852999469,H1,-0.00117158022712154,AX,-0.0705531647391968,L1,-0.0309617895022112,L2,0...
testing H1>-5.0
evaluate ot="H1.bs>-5.0" t="H1>-5.0", ctx="{'H1': None}"
check iteration duration=0.000714063644409
GetData ===>> H2,-0.0261062958224157,H1,0.0187747647831805,AX,-0.124790352788698,L1,0.0135101559715527,L2,0.025...
check iteration duration=6.22272491455e-05
GetData ===>> H2,-0.150325589422533,H1,-0.122062109274945,AX,-0.0839414350246057,L1,0.00653592047435283,L2,-0.0...
check iteration duration=4.10079956055e-05
GetData ===>> H2,-0.170240881818571,H1,-0.0385125713924016,AX,-0.131683726704206,L1,0.0106543483817043,L2,-0.05...
check iteration duration=4.19616699219e-05
GetData ===>> H2,-0.241905032053702,H1,-0.00420135907923653,AX,-0.0930629501664563,L1,-0.01758476049675,L2,-0.0...
check iteration duration=4.10079956055e-05
GetData ===>> H2,-0.140290351259444,H1,-0.00755309419468981,AX,-0.0449422416700045,L1,-0.0245008037641835,L2,0....
testing H1>-5.0
evaluate ot="H1.bs>-5.0" t="H1>-5.0", ctx="{'H1': None}"
check iteration duration=0.000576972961426
GetData ===>> H2,-0.143759376009154,H1,0.0387489512048813,AX,-0.000301215010215271,L1,-0.0156849834874072,L2,0....
check iteration duration=8.39233398438e-05
GetData ===>> H2,-0.139959204606785,H1,-0.0169397407879355,AX,-0.0914403797610664,L1,-0.0392635385048496,L2,0.0...
check iteration duration=8.01086425781e-05
GetData ===>> H2,-0.152253748080583,H1,-0.0255384246198308,AX,0.0159759902826419,L1,-0.0259627659534508,L2,-0.0...
check iteration duration=8.79764556885e-05
GetData ===>> H2,-0.166632241078398,H1,-0.0260750724900614,AX,-0.135219794028541,L1,-0.00478149926162186,L2,0.0...
check iteration duration=8.48770141602e-05
GetData ===>> H2,-0.260719442834341,H1,-0.0617974233278361,AX,-0.066333449288533,L1,-0.0125278710924083,L2,0.05...
testing H1>-5.0
evaluate ot="H1.bs>-5.0" t="H1>-5.0", ctx="{'H1': None}"
check iteration duration=0.000581026077271
06:41:05 -- collecting point 50
GetData ===>> H2,-0.305224102675168,H1,-0.0398957451799962,AX,-0.106054127479302,L1,0.000691318999888302,L2,0.0...
check iteration duration=8.60691070557e-05
GetData ===>> H2,-0.227516080367819,H1,-0.0366047141100665,AX,0.0152334213123952,L1,0.00246303267201136,L2,-0.0...
check iteration duration=4.00543212891e-05
GetData ===>> H2,-0.243315456534786,H1,0.0173669378321197,AX,-0.0785979393849106,L1,-0.00300234971946047,L2,-0....
check iteration duration=5.88893890381e-05
GetData ===>> H2,-0.18520321221058,H1,-0.0301773522500824,AX,-0.157840361122062,L1,0.0093329560037636,L2,0.0138...
check iteration duration=7.9870223999e-05
GetData ===>> H2,-0.101091084180832,H1,-0.0274941941037053,AX,-0.121349275801325,L1,-0.0026484018331311,L2,-0.0...
testing H1>-5.0
evaluate ot="H1.bs>-5.0" t="H1>-5.0", ctx="{'H1': None}"
check iteration duration=0.000588893890381
GetData ===>> H2,-0.217415365236095,H1,-0.0492555136913485,AX,-0.101615766895744,L1,-0.0344008436023971,L2,-0.0...
check iteration duration=3.91006469727e-05
GetData ===>> H2,-0.240564427173722,H1,-0.0537621982728219,AX,0.0100471990937937,L1,-0.0621775742868964,L2,0.01...
check iteration duration=7.70092010498e-05
GetData ===>> H2,-0.233755988441048,H1,-0.078807558815641,AX,-0.14706987070694,L1,-0.0527720101210154,L2,-0.004...
check iteration duration=4.6968460083e-05
GetData ===>> H2,-0.243799912843028,H1,-0.0598184811945178,AX,-0.135277772477675,L1,-0.0375816389740034,L2,0.05...
check iteration duration=7.79628753662e-05
GetData ===>> H2,-0.22394098258832,H1,-0.121883228121633,AX,-0.118162984871072,L1,-0.0126417438560554,L2,0.0125...
testing H1>-5.0
evaluate ot="H1.bs>-5.0" t="H1>-5.0", ctx="{'H1': None}"
check iteration duration=0.00058388710022
GetData ===>> H2,-0.153778089687074,H1,-0.114320453651362,AX,-0.16631447265919,L1,-0.0326132091598325,L2,0.0695...
check iteration duration=5.48362731934e-05
waiting for write to finish
measurement finished
estimated time: 62.915 actual time: :63.227
flush and close file /Users/jan/PychronDev/data/isotopes/8b/b360cf-8bbd-4bab-a01b-85fcbd895728.h5
activate_detectors ('H1', 'AX', 'CDD') {'peak_center': True}
peak_center () {'detector': 'H1', 'integration_time': 0.262144, 'isotope': 'Ar40'}
peak center: mean=136.53326002 threshold=3
peak center started
setup peak center. detector=['H1', 'AX', 'CDD'], isotope=Ar40
VersionedUnpickler [<apptools.sweet_pickle.versioned_unpickler.VersionedUnpickler object at 0x1727a6770>] using Updater [<apptools.sweet_pickle.updater.Updater object at 0x12e273d10>]
VersionedUnpickler [<apptools.sweet_pickle.versioned_unpickler.VersionedUnpickler object at 0x1727a6770>] using Updater [<apptools.sweet_pickle.updater.Updater object at 0x12e273d10>]
VersionedUnpickler [<apptools.sweet_pickle.versioned_unpickler.VersionedUnpickler object at 0x19b439350>] using Updater [<apptools.sweet_pickle.updater.Updater object at 0x12e273d10>]
setting integration time = 0.524288
SetIntegrationTime 0.524288 ===>> OK
Mapping mass to dac mass func: "parabolic"
H1 map mass coeffs = [-0.00063987  0.15840543  0.57292999]
H1 map mass to dac 39.9624 >> 5.88132
GetDeflection H1 ===>> 0
GetHighVoltage ===>> 4499.94659342336
do peak center. <pychron.spectrometer.jobs.peak_center.PeakCenter object at 0x12e273ef0>
doing pc
starting peak center. center dac= 5.88128536546 step_width=0.001
width = 0.001
get scan parameters. half-width=0.015,window=0.015, i=0, scalar=1
Scan parameters center=5.88129 width=0.03000 (5.86629 - 5.89629)
GetData ===>> H2,-0.171132743362831,H1,-0.0265520904035864,AX,-0.0313166636650508,L1,-0.0469147837677595,L2,-0....
Moving to starting dac 5.86628536546
setting magnet DAC
current  : 5.241945
requested: 5.866285
Delta Dac: 0.624340
Checking detector protection. dv=0.62434
Checking detector "CDD". Protection Threshold: 0.1 (V)
ProtectDetector CDD,On ===>> OK
GetDeflection CDD ===>> 2000
Protected = 2000
SetMagnetDAC 5.86628536546 ===>> OK
Magnet settling time: 0.500
GetMagnetMoving ===>> True
GetMagnetMoving ===>> True
GetMagnetMoving ===>> True
GetMagnetMoving ===>> True
GetMagnetMoving ===>> True
GetMagnetMoving ===>> True
GetMagnetMoving ===>> True
GetMagnetMoving ===>> True
GetMagnetMoving ===>> False
ProtectDetector CDD,Off ===>> OK
GetDeflection CDD ===>> 50
Wait until signal near baseline. tol= -0.0199140678027. timeout= 10
GetData ===>> H2,0.264528334318584,H1,0.221275232755169,AX,-0.0295654936019674,L1,0.0356907018566756,L2,0.05672...
GetData ===>> H2,6.29644834742743,H1,3.32228859670145,AX,0.172993577226553,L1,0.0138512924600837,L2,0.026329872...
GetData ===>> H2,8.30096741117592,H1,5.31915690436768,AX,0.876130882783101,L1,0.00705744577477749,L2,-0.1188712...
GetData ===>> H2,4.47373040173001,H1,2.58640721187751,AX,0.336170639917069,L1,-0.002146854369346,L2,0.044464344...
GetData ===>> H2,1.84619529249149,H1,1.33676545873189,AX,0.103978672266097,L1,-0.0464132608442848,L2,0.03380195...
GetData ===>> H2,0.669963820945529,H1,0.637625328501845,AX,0.00971074231946748,L1,-0.0317481126739389,L2,0.0010...
GetData ===>> H2,0.114008695961638,H1,0.428178842762095,AX,-0.0181299263402044,L1,-0.0465401401308748,L2,-0.059...
GetData ===>> H2,-0.0450090100282759,H1,0.289335961261927,AX,-0.0341347056278487,L1,-0.0488428404260013,L2,-0.0...
GetData ===>> H2,-0.0874043838224129,H1,0.177040257785444,AX,0.0913683292421879,L1,-0.0159123387890024,L2,-0.07...
GetData ===>> H2,-0.0912140442002549,H1,0.201493534039643,AX,0.018018084157786,L1,0.0101888087804221,L2,-0.0732...
GetData ===>> H2,-0.0987159100202146,H1,0.121833592205367,AX,-0.0307252123993754,L1,0.00620643951508559,L2,-0.1...
GetData ===>> H2,-0.0735250214922737,H1,0.201517393808781,AX,0.0306660970546014,L1,-0.00564516720166938,L2,-0.0...
GetData ===>> H2,-0.0107727691558236,H1,0.125719718230077,AX,-0.0909188335268357,L1,-0.0371587239438661,L2,0.01...
GetData ===>> H2,-0.0449845923647103,H1,0.142171860542217,AX,-0.0580441897339635,L1,-0.0437651878217869,L2,-0.0...
GetData ===>> H2,-0.106266898983142,H1,0.0704843625110254,AX,0.0372344290333057,L1,-0.0221485700536507,L2,-0.08...
GetData ===>> H2,-0.148457435100663,H1,0.136139094600174,AX,0.0149317542862102,L1,-0.00661910382123965,L2,-0.09...
GetData ===>> H2,-0.121286897160432,H1,0.202519509242438,AX,0.0342403287539045,L1,-0.00968902623343181,L2,-0.04...
GetData ===>> H2,-0.122060546634386,H1,0.107553970104824,AX,-0.0831764406325231,L1,0.0203544607148008,L2,-0.025...
GetData ===>> H2,-0.0478980640213734,H1,0.177803586896031,AX,-0.118916117600415,L1,0.0236820576531305,L2,-0.120...
GetData ===>> H2,-0.0880136903245544,H1,0.133897764251345,AX,-0.138402847933308,L1,0.0152307653128948,L2,-0.007...
GetData ===>> H2,-0.0932983925459773,H1,0.121881273819624,AX,-0.0148822586230972,L1,-0.0224695007908787,L2,0.01...
Peak center failed to move to a baseline position
_do_sweep sm= 5.86628536546, em= 5.89628536546, stm= 0.001
calculated step values: start=5.86628536546, end=5.89628536546, width=0.001, nsteps=31.0
setting magnet DAC
current  : 5.866285
requested: 5.866285
Delta Dac: 0.000000
Checking detector protection. dv=0.00000
Checking detector "CDD". Protection Threshold: 0.1 (V)
SetMagnetDAC 5.86628536546 ===>> OK
GetData ===>> H2,-0.0932983925459773,H1,0.121881273819624,AX,-0.0148822586230972,L1,-0.0224695007908787,L2,0.01...
setting magnet DAC
current  : 5.866285
requested: 5.867320
Delta Dac: 0.001034
Checking detector protection. dv=0.00103
Checking detector "CDD". Protection Threshold: 0.1 (V)
SetMagnetDAC 5.86731984822 ===>> OK
Magnet settling time: 1.049
GetData ===>> H2,-0.147931178405547,H1,0.279736384392249,AX,-0.0968758841084372,L1,-0.0358191759077974,L2,-0.03...
setting magnet DAC
current  : 5.867320
requested: 5.868354
Delta Dac: 0.001034
Checking detector protection. dv=0.00103
Checking detector "CDD". Protection Threshold: 0.1 (V)
SetMagnetDAC 5.86835433098 ===>> OK
Magnet settling time: 1.049
GetData ===>> H2,-0.0498019975419496,H1,1.025599192811,AX,0.0988323424256069,L1,-0.00691174616905664,L2,-0.0211...
setting magnet DAC
current  : 5.868354
requested: 5.869389
Delta Dac: 0.001034
Checking detector protection. dv=0.00103
Checking detector "CDD". Protection Threshold: 0.1 (V)
SetMagnetDAC 5.86938881373 ===>> OK
Magnet settling time: 1.049
GetData ===>> H2,-0.218216463096577,H1,3.66323206339956,AX,0.597788465200467,L1,-0.0103892211458231,L2,0.023049...
setting magnet DAC
current  : 5.869389
requested: 5.870423
Delta Dac: 0.001034
Checking detector protection. dv=0.00103
Checking detector "CDD". Protection Threshold: 0.1 (V)
SetMagnetDAC 5.87042329649 ===>> OK
Magnet settling time: 1.049
GetData ===>> H2,-0.0918123183525468,H1,11.546000009521,AX,1.86039961108543,L1,-0.0293335293033985,L2,0.0327995...
setting magnet DAC
current  : 5.870423
requested: 5.871458
Delta Dac: 0.001034
Checking detector protection. dv=0.00103
Checking detector "CDD". Protection Threshold: 0.1 (V)
SetMagnetDAC 5.87145777925 ===>> OK
Magnet settling time: 1.049
GetData ===>> H2,-0.131169954102568,H1,29.6868376799491,AX,4.99742721124951,L1,0.0144774297778468,L2,-0.0566211...
setting magnet DAC
current  : 5.871458
requested: 5.872492
Delta Dac: 0.001034
Checking detector protection. dv=0.00103
Checking detector "CDD". Protection Threshold: 0.1 (V)
SetMagnetDAC 5.87249226201 ===>> OK
Magnet settling time: 1.049
GetData ===>> H2,-0.225833189244966,H1,75.5975491496838,AX,14.2689590730074,L1,0.0923526902267684,L2,-0.0328338...
setting magnet DAC
current  : 5.872492
requested: 5.873527
Delta Dac: 0.001034
Checking detector protection. dv=0.00103
Checking detector "CDD". Protection Threshold: 0.1 (V)
SetMagnetDAC 5.87352674477 ===>> OK
Magnet settling time: 1.049
GetData ===>> H2,-0.184645091771708,H1,105.675566425198,AX,22.1272821611874,L1,0.125227081077546,L2,0.054763338...
setting magnet DAC
current  : 5.873527
requested: 5.874561
Delta Dac: 0.001034
Checking detector protection. dv=0.00103
Checking detector "CDD". Protection Threshold: 0.1 (V)
SetMagnetDAC 5.87456122753 ===>> OK
Magnet settling time: 1.049
GetData ===>> H2,-0.0668421487289996,H1,122.59047987216,AX,27.3717975435673,L1,0.188732302153143,L2,0.089268490...
setting magnet DAC
current  : 5.874561
requested: 5.875596
Delta Dac: 0.001034
Checking detector protection. dv=0.00103
Checking detector "CDD". Protection Threshold: 0.1 (V)
SetMagnetDAC 5.87559571029 ===>> OK
Magnet settling time: 1.049
GetData ===>> H2,-0.206504148813973,H1,129.318508242253,AX,30.2386268763353,L1,0.269961380550072,L2,0.050297266...
setting magnet DAC
current  : 5.875596
requested: 5.876630
Delta Dac: 0.001034
Checking detector protection. dv=0.00103
Checking detector "CDD". Protection Threshold: 0.1 (V)
SetMagnetDAC 5.87663019304 ===>> OK
Magnet settling time: 1.049
GetData ===>> H2,-0.198984960257905,H1,131.395829944223,AX,31.2850351558076,L1,0.372123292370766,L2,0.093440035...
setting magnet DAC
current  : 5.876630
requested: 5.877665
Delta Dac: 0.001034
Checking detector protection. dv=0.00103
Checking detector "CDD". Protection Threshold: 0.1 (V)
SetMagnetDAC 5.8776646758 ===>> OK
Magnet settling time: 1.049
GetData ===>> H2,-0.211804207808066,H1,131.985407416368,AX,31.5137797097445,L1,0.367679894251731,L2,0.126020813...
setting magnet DAC
current  : 5.877665
requested: 5.878699
Delta Dac: 0.001034
Checking detector protection. dv=0.00103
Checking detector "CDD". Protection Threshold: 0.1 (V)
SetMagnetDAC 5.87869915856 ===>> OK
Magnet settling time: 1.049
GetData ===>> H2,-0.285540430011354,H1,132.069271474855,AX,31.4033631777164,L1,0.399928419077292,L2,0.173783437...
setting magnet DAC
current  : 5.878699
requested: 5.879734
Delta Dac: 0.001034
Checking detector protection. dv=0.00103
Checking detector "CDD". Protection Threshold: 0.1 (V)
SetMagnetDAC 5.87973364132 ===>> OK
Magnet settling time: 1.049
GetData ===>> H2,-0.208123799989061,H1,131.935293176248,AX,31.4897845235443,L1,0.412006110167052,L2,0.147846333...
setting magnet DAC
current  : 5.879734
requested: 5.880768
Delta Dac: 0.001034
Checking detector protection. dv=0.00103
Checking detector "CDD". Protection Threshold: 0.1 (V)
SetMagnetDAC 5.88076812408 ===>> OK
Magnet settling time: 1.049
GetData ===>> H2,-0.311631549316433,H1,131.980775371332,AX,31.4830182621265,L1,0.384983366865983,L2,0.236864782...
setting magnet DAC
current  : 5.880768
requested: 5.881803
Delta Dac: 0.001034
Checking detector protection. dv=0.00103
Checking detector "CDD". Protection Threshold: 0.1 (V)
SetMagnetDAC 5.88180260684 ===>> OK
Magnet settling time: 1.049
GetData ===>> H2,-0.181855218223071,H1,132.088540868192,AX,31.6023171570477,L1,0.351884982664846,L2,0.175950884...
setting magnet DAC
current  : 5.881803
requested: 5.882837
Delta Dac: 0.001034
Checking detector protection. dv=0.00103
Checking detector "CDD". Protection Threshold: 0.1 (V)
SetMagnetDAC 5.8828370896 ===>> OK
Magnet settling time: 1.049
GetData ===>> H2,-0.108324160185806,H1,131.893542858559,AX,31.3854781421505,L1,0.41224344826634,L2,0.3161998583...
setting magnet DAC
current  : 5.882837
requested: 5.883872
Delta Dac: 0.001034
Checking detector protection. dv=0.00103
Checking detector "CDD". Protection Threshold: 0.1 (V)
SetMagnetDAC 5.88387157235 ===>> OK
Magnet settling time: 1.049
GetData ===>> H2,-0.201983529182111,H1,131.815294240693,AX,31.4778697049614,L1,0.444313195082045,L2,-0.01698757...
setting magnet DAC
current  : 5.883872
requested: 5.884906
Delta Dac: 0.001034
Checking detector protection. dv=0.00103
Checking detector "CDD". Protection Threshold: 0.1 (V)
SetMagnetDAC 5.88490605511 ===>> OK
Magnet settling time: 1.049
GetData ===>> H2,-0.245563965571814,H1,131.546416090082,AX,31.3848317480692,L1,0.382118204173049,L2,0.194958068...
setting magnet DAC
current  : 5.884906
requested: 5.885941
Delta Dac: 0.001034
Checking detector protection. dv=0.00103
Checking detector "CDD". Protection Threshold: 0.1 (V)
SetMagnetDAC 5.88594053787 ===>> OK
Magnet settling time: 1.049
GetData ===>> H2,-0.209630056040561,H1,130.647845248589,AX,30.8748890162727,L1,0.417667016219919,L2,0.170680652...
setting magnet DAC
current  : 5.885941
requested: 5.886975
Delta Dac: 0.001034
Checking detector protection. dv=0.00103
Checking detector "CDD". Protection Threshold: 0.1 (V)
SetMagnetDAC 5.88697502063 ===>> OK
Magnet settling time: 1.049
GetData ===>> H2,-0.126593181191731,H1,127.620305871116,AX,29.5040495227824,L1,0.370892620129635,L2,0.097839730...
setting magnet DAC
current  : 5.886975
requested: 5.888010
Delta Dac: 0.001034
Checking detector protection. dv=0.00103
Checking detector "CDD". Protection Threshold: 0.1 (V)
SetMagnetDAC 5.88800950339 ===>> OK
Magnet settling time: 1.049
GetData ===>> H2,-0.126276820953343,H1,117.911887703452,AX,25.6871665205211,L1,0.341663673792913,L2,0.051459336...
setting magnet DAC
current  : 5.888010
requested: 5.889044
Delta Dac: 0.001034
Checking detector protection. dv=0.00103
Checking detector "CDD". Protection Threshold: 0.1 (V)
SetMagnetDAC 5.88904398615 ===>> OK
Magnet settling time: 1.049
GetData ===>> H2,-0.155113071587313,H1,96.0822794145422,AX,18.8192199432576,L1,0.243545770357026,L2,0.135530381...
setting magnet DAC
current  : 5.889044
requested: 5.890078
Delta Dac: 0.001034
Checking detector protection. dv=0.00103
Checking detector "CDD". Protection Threshold: 0.1 (V)
SetMagnetDAC 5.89007846891 ===>> OK
Magnet settling time: 1.049
GetData ===>> H2,-0.242460878765487,H1,63.6085186658466,AX,10.99118899064,L1,0.211979023841578,L2,0.06873255144...
setting magnet DAC
current  : 5.890078
requested: 5.891113
Delta Dac: 0.001034
Checking detector protection. dv=0.00103
Checking detector "CDD". Protection Threshold: 0.1 (V)
SetMagnetDAC 5.89111295166 ===>> OK
Magnet settling time: 1.049
GetData ===>> H2,-0.0691506788085899,H1,32.2463417506615,AX,4.5428744757492,L1,0.139374691079425,L2,-0.04965626...
setting magnet DAC
current  : 5.891113
requested: 5.892147
Delta Dac: 0.001034
Checking detector protection. dv=0.00103
Checking detector "CDD". Protection Threshold: 0.1 (V)
SetMagnetDAC 5.89214743442 ===>> OK
Magnet settling time: 1.049
GetData ===>> H2,-0.188237220572673,H1,6.86813049153299,AX,0.77550840002964,L1,0.0890611923706542,L2,-0.0610364...
setting magnet DAC
current  : 5.892147
requested: 5.893182
Delta Dac: 0.001034
Checking detector protection. dv=0.00103
Checking detector "CDD". Protection Threshold: 0.1 (V)
SetMagnetDAC 5.89318191718 ===>> OK
Magnet settling time: 1.049
GetData ===>> H2,-0.252170994505416,H1,1.78286194471389,AX,0.115755981765799,L1,0.0697752475410317,L2,0.0464693...
setting magnet DAC
current  : 5.893182
requested: 5.894216
Delta Dac: 0.001034
Checking detector protection. dv=0.00103
Checking detector "CDD". Protection Threshold: 0.1 (V)
SetMagnetDAC 5.89421639994 ===>> OK
Magnet settling time: 1.049
GetData ===>> H2,-0.148435845562857,H1,0.447335605556343,AX,-0.0238594758613065,L1,0.0243640385183337,L2,-0.004...
setting magnet DAC
current  : 5.894216
requested: 5.895251
Delta Dac: 0.001034
Checking detector protection. dv=0.00103
Checking detector "CDD". Protection Threshold: 0.1 (V)
SetMagnetDAC 5.8952508827 ===>> OK
Magnet settling time: 1.049
GetData ===>> H2,-0.230919809722381,H1,0.048188558462159,AX,-0.168980571049193,L1,0.00254586431135533,L2,-0.006...
setting magnet DAC
current  : 5.895251
requested: 5.896285
Delta Dac: 0.001034
Checking detector protection. dv=0.00103
Checking detector "CDD". Protection Threshold: 0.1 (V)
SetMagnetDAC 5.89628536546 ===>> OK
Magnet settling time: 1.049
GetData ===>> H2,-0.157288160762956,H1,-0.0946588311132366,AX,-0.0825273497648991,L1,-0.00698850340935923,L2,-0...
result of _do_sweep=True
result of _calculate_peak_center=([5.8732292532335713, 5.8811050047365772, 5.8889807562395831], [97.025876086451234, 132.08789297943326, 97.416554069475893], 5.8817963875021082, 132.08789297943326)
Failed to find a valid peak. No peak greater than 1.0. max = 0.0178423899975
new center pos Detector(H1) (Ar40) @ 5.88110500474
GetHighVoltage ===>> 4499.94659342336
GetDeflection H1 ===>> 0
dac uncorrected for HV and deflection 5.88113963822
update mftable H1 Ar40 5.88113963822 message=automated run peakcenter
get initial guess parabolic
get initial guess parabolic
get initial guess parabolic
get initial guess parabolic
get initial guess parabolic
get initial guess parabolic
dump mftable to /Users/jan/PychronDev/setupfiles/spectrometer/mftables/mftable.csv
add to repo msg=modified - automated run peakcenter
sweep finished
locally archiving mftable
setting magnet DAC
current  : 5.896285
requested: 5.881105
Delta Dac: 0.015180
Checking detector protection. dv=0.01518
Checking detector "CDD". Protection Threshold: 0.1 (V)
SetMagnetDAC 5.88110500474 ===>> OK
Magnet settling time: 0.500
setting integration time = 1.048576
SetIntegrationTime 1.048576 ===>> OK
Failed to find a valid peak. No peak greater than 1.0. max = 0.0178423899975
flush and close file /Users/jan/PychronDev/data/isotopes/8b/b360cf-8bbd-4bab-a01b-85fcbd895728.h5
finished measure script
executed snippet estimated_duration=226.132928, duration=273.885669947
jan_unknown120_60.py completed successfully
Measurement Finished
06:42:03 -- ******* Measurement Finished *******
Post Measurement Started jan_pump_ms.py
06:42:03 -- ******* Post Measurement Started jan_pump_ms.py *******
testing...
no interpolation path defined
executed snippet estimated_duration=0, duration=2.69412994385e-05
Pumping spectrometer
open () {'name': 'O'}
opening name=O desc=---
checking ownership. requestor=129.138.12.150
check software interlocks O
interlocks []
actuate state mode=None-script, software_lock=False
doing actuation None-script open_channel True
Open O ===>> OK
GetIndicatorState O ===>> OK
change switch state (True, True)
update switch state O True args=() kw={} ncanvase=3
06:42:03 -- OPEN   VALVE-O (Jan Ion Pump)
---------------------------------------- open O () result=[(True, True)], time=0.10 sec
action=open, ok=True, locked=[False]
executed snippet estimated_duration=0, duration=0.358780860901
jan_pump_ms.py completed successfully
setting _ms_pumptime
Post Measurement Finished
06:42:03 -- ******* Post Measurement Finished *******
$$$$$$$$$$$$$$$$$$$$ state at run end measurement
state changed from measurement to success
post measurement save measured=True aborted=False
Set filtering
setting fod for Ar40= {'filter_outliers': True, 'std_devs': 2, 'iterations': 1}
setting fod for H1= {'filter_outliers': True, 'std_devs': 2, 'iterations': 1}
setting fod for PM41= {'filter_outliers': False, 'std_devs': 2, 'iterations': 1}
setting fod for H2= {'filter_outliers': True, 'std_devs': 2, 'iterations': 1}
setting fod for Ar36= {'filter_outliers': True, 'std_devs': 2, 'iterations': 1}
setting fod for CDD= {'filter_outliers': True, 'std_devs': 10, 'iterations': 1}
setting fod for Ar37= {'filter_outliers': True, 'std_devs': 2, 'iterations': 1}
setting fod for L2= {'filter_outliers': True, 'std_devs': 2, 'iterations': 1}
setting fod for Ar38= {'filter_outliers': True, 'std_devs': 2, 'iterations': 1}
setting fod for L1= {'filter_outliers': True, 'std_devs': 2, 'iterations': 1}
setting fod for Ar39= {'filter_outliers': True, 'std_devs': 2, 'iterations': 1}
setting fod for AX= {'filter_outliers': True, 'std_devs': 2, 'iterations': 1}
persistence save...
persistence save - db
post measurement save
5731963344 connecting to database sqlite:////Users/jan/PychronDev/.appdata/local_lab.db
connected to db sqlite:////Users/jan/PychronDev/.appdata/local_lab.db
create new session 5731963344
close session 5731963344
No database instance. Not saving post measurement to isotopedb database
$$$$$$$$$$$$$$$ auto_save_detector_ic=False
massspec enabled True
create new session 5025924496
MassSpec Database Version: 16.0
close session 5025924496
saving post measurement to secondary database
saving to massspec database 129.138.12.160/massspecdata
setting labnumber to 65591
setting aliquot to 5
setting step to 
setting uuid to 8bb360cf-8bbd-4bab-a01b-85fcbd895728
setting irradpos to 65591
setting extract_device to Fusions CO2
setting tray to 
setting position to 201
setting power_requested to 0.35
setting extract_value to 0.35
setting duration to 30.0
setting duration_at_request to 30.0
setting first_stage_delay to 30.0
setting cleanup to 30.0
setting comment to O:14
setting irradiation to NM-289
setting level to O
setting irradiation_level to O
setting sample to BW-2014-10
setting material to Sanidine
setting project to Bustos Wells
setting mass_spectrometer to Jan
no attribute chron_dosages
no attribute production_ratios
no attribute interference_corrections
no attribute production_name
no attribute j
Reference Isotope=Ar40
Reference Detector=H1
%%%%%%%%%%%%%%%%%%%% Comment: O:14 %%%%%%%%%%%%%%%%%%%
adding isotope PM41 H2
add baseline dbdet= PM41. original det= H2
get baseline data PM41 H2
Get data baseline <pychron.processing.isotope.Baseline object at 0x177e2c950> len t=60
baseline PM41. v=-0.191138325659, e=0.00683119104153
get signal data PM41 H2
Get data signal PM41 0.04+/-0.06 len t=120
adding isotope Ar40 H1
add baseline dbdet= Ar40. original det= H1
get baseline data Ar40 H1
Get data baseline <pychron.processing.isotope.Baseline object at 0x177e2c610> len t=60
baseline Ar40. v=-0.030945465068, e=0.00453484883837
get signal data Ar40 H1
Get data signal Ar40 141.097+/-0.020 len t=120
adding isotope Ar39 AX
add baseline dbdet= Ar39. original det= AX
get baseline data Ar39 AX
Get data baseline <pychron.processing.isotope.Baseline object at 0x177e2cf10> len t=60
baseline Ar39. v=-0.0832832641972, e=0.00678763824024
get signal data Ar39 AX
Get data signal Ar39 34.477+/-0.015 len t=120
adding isotope Ar38 L1
add baseline dbdet= Ar38. original det= L1
get baseline data Ar38 L1
Get data baseline <pychron.processing.isotope.Baseline object at 0x177e2c890> len t=60
baseline Ar38. v=-0.0178749961168, e=0.00284366647713
get signal data Ar38 L1
Get data signal Ar38 0.496+/-0.006 len t=120
adding isotope Ar37 L2
add baseline dbdet= Ar37. original det= L2
get baseline data Ar37 L2
Get data baseline <pychron.processing.isotope.Baseline object at 0x1844344d0> len t=60
baseline Ar37. v=-0.00931554268921, e=0.00588443660206
get signal data Ar37 L2
Get data signal Ar37 0.184+/-0.010 len t=120
adding isotope Ar36 CDD
add baseline dbdet= Ar36. original det= CDD
get baseline data Ar36 CDD
Get data baseline <pychron.processing.isotope.Baseline object at 0x184434f90> len t=60
baseline Ar36. v=5.70650744359e-05, e=1.12405773567e-05
get signal data Ar36 CDD
Get data signal Ar36 0.00854+/-0.00027 len t=120
65591-05 added analysis time 0.486212015152s
analysis added to mass spec database
mass spec save time= 0.495
persistence save - dvc
================= post measurement started
create new session 4992585168
close session 4992585168
---------------- Experiment Queue saving disabled
DVC saving peakcenter
Failed to find a valid peak. No peak greater than 1.0. max = 0.0178423899975
Smart pull ahead: 0 behind: 0
Up-to-date with origin
add to repo msg=modified - ad8224ebc6dbfeb9f5997218dfa5fe690569839d.json
add to repo msg=modified - 91-05.json
add to repo msg=modified - 91-05.dat.json
add to repo msg=modified - 91-05.blan.json
add to repo msg=modified - 91-05.inte.json
add to repo msg=modified - 91-05.icfa.json
add to repo msg=modified - 91-05.base.json
not at valid file /Users/jan/PychronDev/data/.dvc/repositories/Load1792/655/tags/91-05.tags.json
add to repo msg=modified - 91-05.peak.json
add to repo msg=modified - 91-05.extr.json
not at valid file /Users/jan/PychronDev/data/.dvc/repositories/Load1792/655/monitor/91-05.moni.json
commit message=<COLLECTION>
add to repo msg=modified - 91-05.inte.json
add to repo msg=modified - 91-05.base.json
commit message=<ISOEVO> default collection fits
add to repo msg=modified - 91-05.blan.json
commit message=<BLANKS> preceding ba-01-J-2326
add to repo msg=modified - 91-05.icfa.json
commit message=<ICFactor> default
push repository <pychron.git_archive.repo_manager.GitRepoManager object at 0x189e85710>
pushing to remote=origin, url=https://github.com
no changes to meta repo
create new session 4992585168
add association Load1792
get identifier "65591"
setting analysis irradiation position=<pychron.dvc.dvc_orm.IrradiationPositionTbl object at 0x18d638290>
close session 4992585168
================= post measurement finished
06:42:16 -- ******* Post Run Check *******
loading queue conditionals post_run_actions
loading system conditionals post_run_actions
loading conditionals from /Users/jan/PychronDev/setupfiles/spectrometer/default_conditionals.yaml
loading queue conditionals post_run_terminations
loading system conditionals post_run_terminations
loading conditionals from /Users/jan/PychronDev/setupfiles/spectrometer/default_conditionals.yaml
Checking default post run terminations n=1
GetDeflection CDD ===>> 50
testing CDD==2000
evaluate ot="CDD.deflection==2000" t="CDD==2000", ctx="{'CDD': 50.0}"
06:42:16 -- ******* Post Run Check Passed *******
06:42:16 -- Automated run 65591-05 success duration: 372.332 s
----------------- finish -----------------
----------------- stop -----------------
retroactive repository identifiers disabled
finish run. runs completed=145
update duration runid=65591-05, duration=372.332113028, md5=301e91d8
loading script "jan_unknown120_60.py"
loading script "jan_pump_ms.py"
loading script "jan_co2.py"
loading script "jan_pump_extraction_line.py"
testing...
no interpolation path defined
executed snippet estimated_duration=213.652928, duration=0.000195980072021
script duration name:unknown120_60 seconds:214.0
loading script "jan_unknown120_60.py"
loading script "jan_pump_ms.py"
loading script "jan_co2.py"
loading script "jan_pump_extraction_line.py"
testing...
no interpolation path defined
executed snippet estimated_duration=0, duration=2.40802764893e-05
loading script "jan_unknown120_60.py"
loading script "jan_pump_ms.py"
loading script "jan_co2.py"
loading script "jan_pump_extraction_line.py"
testing...
no interpolation path defined
calculate duration
testing...
no interpolation path defined
executed snippet estimated_duration=0, duration=4.60147857666e-05
calculate duration
testing...
no interpolation path defined
executed snippet estimated_duration=0, duration=9.29832458496e-05
executed snippet estimated_duration=0.0, duration=0.00274896621704
script duration name:co2 seconds:0.0
loading script "jan_unknown120_60.py"
loading script "jan_pump_ms.py"
loading script "jan_co2.py"
loading script "jan_pump_extraction_line.py"
testing...
no interpolation path defined
calculate duration
testing...
no interpolation path defined
executed snippet estimated_duration=4.0, duration=0.00014591217041
executed snippet estimated_duration=4.0, duration=0.00150108337402
Script duration 214.0
Run total estimated duration= 215.000
unknown120_60 in script context. using previous estimated duration
script duration name:unknown120_60 seconds:214.0
pump_ms in script context. using previous estimated duration
co2 in script context. using previous estimated duration
script duration name:co2 seconds:0.0
pump_extraction_line in script context. using previous estimated duration
Script duration 214.0
Run total estimated duration= 215.000
script duration name:unknown120_60 seconds:214.0
script duration name:co2 seconds:0.0
Script duration 214.0
Run total estimated duration= 215.000
script duration name:unknown120_60 seconds:214.0
script duration name:co2 seconds:0.0
Script duration 214.0
Run total estimated duration= 215.000
script duration name:unknown120_60 seconds:214.0
script duration name:co2 seconds:0.0
Script duration 214.0
Run total estimated duration= 215.000
script duration name:unknown120_60 seconds:214.0
script duration name:co2 seconds:0.0
Script duration 214.0
Run total estimated duration= 215.000
script duration name:unknown120_60 seconds:214.0
script duration name:co2 seconds:0.0
Script duration 214.0
Run total estimated duration= 215.000
loading script "jan_unknown400_120.py"
loading script "jan_pump_ms.py"
loading script "jan_co2.py"
loading script "jan_pump_extraction_line.py"
testing...
no interpolation path defined
executed snippet estimated_duration=556.052928, duration=0.000144958496094
script duration name:unknown400_120 seconds:556.0
script duration name:co2 seconds:0.0
Script duration 556.0
Run total estimated duration= 557.000
unknown400_120 in script context. using previous estimated duration
script duration name:unknown400_120 seconds:556.0
loading script "jan_unknown400_120.py"
loading script "jan_pump_ms.py"
loading script "jan_cocktail_x1.py"
loading script "jan_pump_extraction_line.py"
testing...
no interpolation path defined
calculate duration
testing...
no interpolation path defined
executed snippet estimated_duration=0, duration=4.91142272949e-05
calculate duration
testing...
no interpolation path defined
executed snippet estimated_duration=0, duration=0.000123977661133
calculate duration
testing...
no interpolation path defined
executed snippet estimated_duration=32.0, duration=9.70363616943e-05
calculate duration
testing...
no interpolation path defined
executed snippet estimated_duration=34.0, duration=9.60826873779e-05
calculate duration
testing...
no interpolation path defined
executed snippet estimated_duration=4.0, duration=6.103515625e-05
calculate duration
testing...
no interpolation path defined
executed snippet estimated_duration=38.0, duration=9.29832458496e-05
executed snippet estimated_duration=108.0, duration=0.0110590457916
script duration name:cocktail_x1 seconds:108.0
Script duration 664.0
Run total estimated duration= 665.000
script duration name:unknown400_120 seconds:556.0
loading script "jan_unknown400_120.py"
loading script "jan_pump_ms.py"
loading script "jan_sniffair_x2.py"
loading script "jan_pump_extraction_line.py"
testing...
no interpolation path defined
calculate duration
testing...
no interpolation path defined
executed snippet estimated_duration=0, duration=8.29696655273e-05
calculate duration
testing...
no interpolation path defined
executed snippet estimated_duration=0, duration=9.79900360107e-05
calculate duration
testing...
no interpolation path defined
executed snippet estimated_duration=32.0, duration=0.000107049942017
calculate duration
testing...
no interpolation path defined
executed snippet estimated_duration=34.0, duration=0.000104904174805
calculate duration
testing...
no interpolation path defined
executed snippet estimated_duration=4.0, duration=6.48498535156e-05
calculate duration
testing...
no interpolation path defined
executed snippet estimated_duration=36.0, duration=9.17911529541e-05
calculate duration
testing...
no interpolation path defined
executed snippet estimated_duration=34.0, duration=9.79900360107e-05
calculate duration
testing...
no interpolation path defined
executed snippet estimated_duration=4.0, duration=6.29425048828e-05
calculate duration
testing...
no interpolation path defined
executed snippet estimated_duration=36.0, duration=0.000111103057861
calculate duration
testing...
no interpolation path defined
executed snippet estimated_duration=70.0, duration=0.000108003616333
executed snippet estimated_duration=250.0, duration=0.0280737876892
script duration name:sniffair_x2 seconds:250.0
Script duration 806.0
Run total estimated duration= 807.000
script duration name:unknown400_120 seconds:556.0
sniffair_x2 in script context. using previous estimated duration
script duration name:sniffair_x2 seconds:250.0
Script duration 806.0
Run total estimated duration= 807.000
script duration name:unknown400_120 seconds:556.0
cocktail_x1 in script context. using previous estimated duration
script duration name:cocktail_x1 seconds:108.0
Script duration 664.0
Run total estimated duration= 665.000
loading script "jan_ic_peak_hop3.py"
loading script "jan_pump_ms.py"
loading script "jan_air_x1.py"
loading script "jan_pump_extraction_line.py"
testing...
no interpolation path defined
executed snippet estimated_duration=133.8, duration=0.00695395469666
script duration name:ic_peak_hop3 seconds:134.0
loading script "jan_ic_peak_hop3.py"
loading script "jan_pump_ms.py"
loading script "jan_air_x1.py"
loading script "jan_pump_extraction_line.py"
testing...
no interpolation path defined
calculate duration
testing...
no interpolation path defined
executed snippet estimated_duration=0, duration=4.41074371338e-05
calculate duration
testing...
no interpolation path defined
executed snippet estimated_duration=0, duration=0.000100135803223
calculate duration
testing...
no interpolation path defined
executed snippet estimated_duration=32.0, duration=8.9168548584e-05
calculate duration
testing...
no interpolation path defined
executed snippet estimated_duration=34.0, duration=0.000100135803223
calculate duration
testing...
no interpolation path defined
executed snippet estimated_duration=4.0, duration=7.20024108887e-05
calculate duration
testing...
no interpolation path defined
executed snippet estimated_duration=36.0, duration=8.98838043213e-05
executed snippet estimated_duration=106.0, duration=0.0126631259918
script duration name:air_x1 seconds:106.0
Script duration 240.0
Run total estimated duration= 241.000
nruns=13 before=5.0, run_dur=5247.0, btw=540.0
write rem/ex queues
/Users/jan/PychronDev/experiments/rem/CurrentExperiment.rem.txt
/Users/jan/PychronDev/experiments/rem/CurrentExperiment.ex.txt
doing event level: 3
