do run
loading script "jan_unknown120_60.py"
loading script "jan_pump_ms.py"
loading script "jan_co2.py"
loading script "jan_pump_extraction_line.py"
testing...
no interpolation path defined
executed snippet estimated_duration=213.652928, duration=0.000343084335327
script duration name:unknown120_60 seconds:214.0
loading script "jan_unknown120_60.py"
loading script "jan_pump_ms.py"
loading script "jan_co2.py"
loading script "jan_pump_extraction_line.py"
testing...
no interpolation path defined
executed snippet estimated_duration=0, duration=3.2901763916e-05
loading script "jan_unknown120_60.py"
loading script "jan_pump_ms.py"
loading script "jan_co2.py"
loading script "jan_pump_extraction_line.py"
testing...
no interpolation path defined
calculate duration
testing...
no interpolation path defined
executed snippet estimated_duration=0, duration=4.41074371338e-05
calculate duration
testing...
no interpolation path defined
executed snippet estimated_duration=0, duration=7.00950622559e-05
executed snippet estimated_duration=0.0, duration=0.00198578834534
script duration name:co2 seconds:0.0
loading script "jan_unknown120_60.py"
loading script "jan_pump_ms.py"
loading script "jan_co2.py"
loading script "jan_pump_extraction_line.py"
testing...
no interpolation path defined
calculate duration
testing...
no interpolation path defined
executed snippet estimated_duration=4.0, duration=0.000112056732178
executed snippet estimated_duration=4.0, duration=0.000845909118652
Script duration 214.0
Run total estimated duration= 215.000
run duration: 0:03:35
doing event level: 2
06:29:00 -- Setting default integration. t=1.048576
setting integration time = 1.048576
SetIntegrationTime 1.048576 ===>> OK
----------------- start -----------------
**************** Experiment Type: Ar/Ar, Ar/Ar
create new session 4419438256
close session 4419438256
$$$$$ Clearing conditionals
adding conditionals 
Add queue conditionals
add default conditionals
adding default conditionals from /Users/jan/PychronDev/setupfiles/spectrometer/default_conditionals.yaml
Start automated run 65591-04
loading script "jan_unknown120_60.py"
loading script "jan_pump_ms.py"
loading script "jan_co2.py"
loading script "jan_pump_extraction_line.py"
%%%%%%%%%%%%%%%%%% setting automated run 65591-04
No value "sensitivity_multiplier" in metadata
$$$$$$$$$$$$$$$ auto_save_detector_ic=False
============================= Pre Extraction Check =============================
loading queue conditionals pre_run_terminations
loading system conditionals pre_run_terminations
loading conditionals from /Users/jan/PychronDev/setupfiles/spectrometer/default_conditionals.yaml
06:29:00 -- ******* Pre Extraction Check *******
Get a measurement from the spectrometer
GetData ===>> H2,-0.161060477760273,H1,-0.000336585684146229,AX,-0.108684600718966,L1,-0.0398768107578726,L2,0....
Pre Extraction Termination data. keys=H2,H1,AX,L1,L2,CDD, signals=-0.16106,-0.00034,-0.10868,-0.03988,0.01891,0.00417
06:29:00 -- testing system defined conditionals
Checking default pre extraction terminations n=2
testing CDD
evaluate ot="CDD.inactive" t="CDD", ctx="{'CDD': False}"
GetDeflection CDD ===>> 50
testing CDD==2000
evaluate ot="CDD.deflection==2000" t="CDD==2000", ctx="{'CDD': 50.0}"
06:29:00 -- ******* Pre Extraction Check Passed *******
=================================================================================
06:29:00 -- stopping status monitor
stop 5025639504
Status monitor stopped
Status monitor finished
06:29:02 -- starting status monitor
start 5025639504
StatusMonitor period=1. Frequencies(state=2, checksum=3, lock=5, owner=5)
start extraction
do extraction
Analysis started at 06:29:03.647917
Extraction Started jan_co2.py
06:29:03 -- ******* Extraction Started jan_co2.py *******
state changed from not run to extraction
DO EXTRACTION <pychron.extraction_line.pyscript_runner.RemotePyScriptRunner object at 0x12bfe48f0>
testing...
no interpolation path defined
calculate duration
testing...
no interpolation path defined
executed snippet estimated_duration=0, duration=4.91142272949e-05
calculate duration
testing...
no interpolation path defined
executed snippet estimated_duration=0, duration=9.10758972168e-05
executed snippet estimated_duration=100.0, duration=0.00294589996338
Jan CO2 laser analysis
doing GOSUB
testing...
no interpolation path defined
executed snippet estimated_duration=0, duration=5.91278076172e-05
Waiting for CO2 access
wait ('FelixCO2Flag', 0) {}
waiting for FelixCO2Flag = 0
Read FelixCO2Flag ===>> 0
finished waiting
CO2 free
wait ('CO2PumpTimeFlag', 0) {}
waiting for CO2PumpTimeFlag = 0
Read CO2PumpTimeFlag ===>> 0
finished waiting
acquire ('JanCO2Flag',) {'clear': True}
acquire JanCO2Flag
Set JanCO2Flag 1 ===>> OK
JanCO2Flag acquired
set extraction state False (0.75, 'red', 1.5)
CO2 acquired
executed snippet estimated_duration=0, duration=0.0163009166718
WaitForCO2Access.py completed successfully
gosub finished
doing GOSUB
testing...
no interpolation path defined
executed snippet estimated_duration=0, duration=7.89165496826e-05
Prepare for CO2 analysis
close () {'description': 'Jan Inlet'}
closing name=--- desc=Jan Inlet
checking ownership. requestor=129.138.12.150
check software interlocks R
interlocks []
actuate state mode=None-script, software_lock=False
doing actuation None-script close_channel False
Close R ===>> OK
GetIndicatorState R ===>> False
change switch state (True, True)
update switch state R False args=() kw={} ncanvase=3
06:29:04 -- CLOSE  VALVE-R (Jan Inlet)
---------------------------------------- close None (Jan Inlet) result=[(True, True)]
action=close, ok=True, locked=[False]
open () {'description': 'Jan Ion Pump'}
opening name=--- desc=Jan Ion Pump
checking ownership. requestor=129.138.12.150
check software interlocks O
interlocks []
actuate state mode=None-script, software_lock=False
doing actuation None-script open_channel False
Open O ===>> OK
GetIndicatorState O ===>> OK
change switch state (True, True)
update switch state O True args=() kw={} ncanvase=3
06:29:04 -- OPEN   VALVE-O (Jan Ion Pump)
---------------------------------------- open None (Jan Ion Pump) result=[(True, True)], time=0.09 sec
action=open, ok=True, locked=[False]
close () {'description': 'Microbone to Minibone'}
closing name=--- desc=Microbone to Minibone
checking ownership. requestor=129.138.12.150
check software interlocks L
interlocks []
actuate state mode=None-script, software_lock=False
doing actuation None-script close_channel False
Close L ===>> OK
GetIndicatorState L ===>> False
change switch state (True, True)
update switch state L False args=() kw={} ncanvase=3
06:29:05 -- CLOSE  VALVE-L (Microbone to Minibone)
---------------------------------------- close None (Microbone to Minibone) result=[(True, True)]
action=close, ok=True, locked=[False]
open () {'description': 'Microbone to Turbo'}
opening name=--- desc=Microbone to Turbo
checking ownership. requestor=129.138.12.150
check software interlocks U
interlocks []
actuate state mode=None-script, software_lock=False
doing actuation None-script open_channel False
Open U ===>> OK
GetIndicatorState U ===>> OK
change switch state (True, True)
update switch state U True args=() kw={} ncanvase=3
06:29:05 -- OPEN   VALVE-U (Microbone to Turbo)
---------------------------------------- open None (Microbone to Turbo) result=[(True, True)], time=0.13 sec
action=open, ok=True, locked=[False]
open () {'description': 'Microbone to Inlet Pipette'}
opening name=--- desc=Microbone to Inlet Pipette
checking ownership. requestor=129.138.12.150
check software interlocks S
interlocks []
actuate state mode=None-script, software_lock=False
doing actuation None-script open_channel False
Open S ===>> OK
GetIndicatorState S ===>> OK
change switch state (True, True)
update switch state S True args=() kw={} ncanvase=3
06:29:06 -- OPEN   VALVE-S (Microbone to Inlet Pipette)
---------------------------------------- open None (Microbone to Inlet Pipette) result=[(True, True)], time=0.43 sec
action=open, ok=True, locked=[False]
open () {'description': 'Microbone to Getter D-50'}
opening name=--- desc=Microbone to Getter D-50
checking ownership. requestor=129.138.12.150
check software interlocks K
interlocks []
actuate state mode=None-script, software_lock=False
doing actuation None-script open_channel False
Open K ===>> OK
GetIndicatorState K ===>> OK
change switch state (True, True)
update switch state K True args=() kw={} ncanvase=3
06:29:06 -- OPEN   VALVE-K (Microbone to Getter D-50)
---------------------------------------- open None (Microbone to Getter D-50) result=[(True, True)], time=0.41 sec
action=open, ok=True, locked=[False]
open () {'description': 'Microbone to Getter NP-10'}
opening name=--- desc=Microbone to Getter NP-10
checking ownership. requestor=129.138.12.150
check software interlocks M
interlocks []
actuate state mode=None-script, software_lock=False
doing actuation None-script open_channel False
Open M ===>> OK
GetIndicatorState M ===>> OK
change switch state (True, True)
update switch state M True args=() kw={} ncanvase=3
06:29:07 -- OPEN   VALVE-M (Microbone to Getter NP-10)
---------------------------------------- open None (Microbone to Getter NP-10) result=[(True, True)], time=0.13 sec
action=open, ok=True, locked=[False]
close () {'description': 'CO2 Laser to Felix'}
closing name=--- desc=CO2 Laser to Felix
checking ownership. requestor=129.138.12.150
check software interlocks F
interlocks []
actuate state mode=None-script, software_lock=True
VALVE-F(CO2 Laser to Felix) software locked
change switch state (True, False)
---------------------------------------- close None (CO2 Laser to Felix) result=[(True, False)]
action=close, ok=True, locked=[True]
open () {'description': 'CO2 Laser to Jan'}
opening name=--- desc=CO2 Laser to Jan
checking ownership. requestor=129.138.12.150
check software interlocks A
interlocks []
actuate state mode=None-script, software_lock=False
doing actuation None-script open_channel False
Open A ===>> OK
GetIndicatorState A ===>> OK
change switch state (True, True)
update switch state A True args=() kw={} ncanvase=3
06:29:07 -- OPEN   VALVE-A (CO2 Laser to Jan)
---------------------------------------- open None (CO2 Laser to Jan) result=[(True, True)], time=0.14 sec
action=open, ok=True, locked=[False]
open () {'description': 'Microbone to CO2 Laser'}
opening name=--- desc=Microbone to CO2 Laser
checking ownership. requestor=129.138.12.150
check software interlocks T
interlocks []
actuate state mode=None-script, software_lock=False
doing actuation None-script open_channel False
Open T ===>> OK
GetIndicatorState T ===>> OK
change switch state (True, True)
update switch state T True args=() kw={} ncanvase=3
06:29:08 -- OPEN   VALVE-T (Microbone to CO2 Laser)
---------------------------------------- open None (Microbone to CO2 Laser) result=[(True, True)], time=0.42 sec
action=open, ok=True, locked=[False]
executed snippet estimated_duration=0, duration=4.89860606194
PrepareForCO2Analysis.py completed successfully
gosub finished
set_motor ('beam', '1.25') {}
setting motor "beam" to 1.25
set motor beam to 1.25
SetMotor beam,1.25 ===>> OK
GetMotorMoving beam ===>> False
GetMotorMoving beam ===>> False
Block completed
move_to_position ('200',) {'autocenter': True}
FusionsCO2 move to position 200
sending GoToHole 200,True
GoToHole 200,True ===>> OK
GetDriveMoving ===>> OK
GetDriveMoving ===>> OK
GetDriveMoving ===>> OK
GetDriveMoving ===>> OK
GetDriveMoving ===>> OK
GetDriveMoving ===>> OK
GetDriveMoving ===>> False
GetDriveMoving ===>> False
Block completed
GetAutoCorrecting ===>> OK
GetAutoCorrecting ===>> OK
GetAutoCorrecting ===>> OK
GetAutoCorrecting ===>> OK
GetAutoCorrecting ===>> OK
GetAutoCorrecting ===>> OK
GetAutoCorrecting ===>> OK
GetAutoCorrecting ===>> OK
GetAutoCorrecting ===>> OK
GetAutoCorrecting ===>> OK
GetAutoCorrecting ===>> OK
GetAutoCorrecting ===>> OK
GetAutoCorrecting ===>> OK
GetAutoCorrecting ===>> OK
GetAutoCorrecting ===>> False
GetAutoCorrecting ===>> False
Block completed
update position
GetPosition ===>> -3.98780,-11.96340,1.00000
got position (-3.9878, -11.9634, 1.0)
move to position succeeded
sleep (5,) {}
SLEEP 5.0
block started
WaitControl setup for 5.0  
Join finished
block finished. duration 5.06518507004
close () {'description': 'Microbone to Turbo'}
closing name=--- desc=Microbone to Turbo
checking ownership. requestor=129.138.12.150
check software interlocks U
interlocks []
actuate state mode=None-script, software_lock=False
doing actuation None-script close_channel True
Close U ===>> OK
State checksums do not match. Local:-1965264452 Remote:1551197106
State checksum failed
GetIndicatorState U ===>> False
change switch state (True, True)
update switch state U False args=() kw={} ncanvase=3
06:29:26 -- CLOSE  VALVE-U (Microbone to Turbo)
---------------------------------------- close None (Microbone to Turbo) result=[(True, True)]
action=close, ok=True, locked=[False]
enable laser
enable () {}
set extraction state FusionsCO2 Enabled (False, 'red', 1.5)
enabling laser
Enable ===>> OK
begin interval
BEGIN INTERVAL Interval 1 waiting for 30.0
block started
WaitControl setup for 30.0  
set extract to 0.35
extract (0.35,) {}
GetPosition ===>> -3.98780,-11.96340,1.00000
set extraction state FusionsCO2 ON! 0.35(watts) (0.75, 'red', 1.5)
extract sample to 0.35 (watts)
set laser output
SetLaserOutput 0.35,watts ===>> OK
executing pattern triangle.lp
execute_pattern ('triangle.lp',) {}
executing pattern triangle.lp
IsPatterning ===>> OK
IsPatterning ===>> OK
IsPatterning ===>> OK
IsPatterning ===>> OK
IsPatterning ===>> OK
IsPatterning ===>> OK
IsPatterning ===>> OK
IsPatterning ===>> OK
IsPatterning ===>> OK
IsPatterning ===>> OK
IsPatterning ===>> OK
IsPatterning ===>> OK
IsPatterning ===>> OK
IsPatterning ===>> OK
IsPatterning ===>> OK
IsPatterning ===>> OK
IsPatterning ===>> OK
IsPatterning ===>> OK
IsPatterning ===>> OK
IsPatterning ===>> OK
IsPatterning ===>> OK
IsPatterning ===>> OK
IsPatterning ===>> OK
IsPatterning ===>> OK
IsPatterning ===>> OK
IsPatterning ===>> OK
IsPatterning ===>> False
IsPatterning ===>> False
Block completed
COMPLETE INTERVAL waiting for Interval 1 to complete
Join finished
block finished. duration 30.1342029572
Interval 1 finished
end_extract () {}
ending extraction. set laser power to 0
set laser power 0
SetLaserPower 0 ===>> OK
disable () {}
%%%%%%%%%%%%%%%%%%%%%%%%%%%%%%%%%%% disable
set extraction state False (0.75, 'red', 1.5)
disabling laser
Disable ===>> OK
sleep (30.0,) {}
SLEEP 30.0
block started
WaitControl setup for 30.0  
Join finished
block finished. duration 30.1199929714
executed snippet estimated_duration=166.0, duration=83.4897270203
jan_co2.py completed successfully
GetAchievedOutput ===>> No Response
Requested Output= 0.000
Achieved Output=  0.000
GetResponseBlob ===>> No Response
GetOutputBlob ===>> No Response
persistence save...
persistence save - db
AutomatedRunPersister post_extraction_save deprecated
persistence save - dvc
no extraction position for 200
create new session 4992585168
close session 4992585168
Extraction Finished
06:30:27 -- ******* Extraction Finished *******
no overlap. not waiting for min ms pumptime
06:30:27 -- Sending spectrometer configuration
======== Sending configuration ========
SetDeflection CDD,50.0 ===>> OK
SetDeflection H2,0.0 ===>> OK
SetDeflection H1,0.0 ===>> OK
SetDeflection L2,825.0 ===>> OK
SetDeflection L1,400.0 ===>> OK
SetDeflection AX,190.0 ===>> OK
SetZFocus 74.64 ===>> OK
SetZSymmetry -50.72 ===>> OK
SetExtractionLens 26.13 ===>> OK
SetIonRepeller -3.81 ===>> OK
SetElectronEnergy 75.08 ===>> OK
SetYSymmetry -2.81 ===>> OK
SetIonCounterVoltage 1590.0 ===>> OK
send trap current 200.0
GetParameter Trap Current Readback ===>> 197.699505585058
SetParameter Trap Current Set,200.0 ===>> OK
updating mftable name mftable
Using mftable located at /Users/jan/PychronDev/setupfiles/spectrometer/mftables/mftable.csv
============ MFtable ===========
Isotope  H2     H1     AX     L1     L2     CDD    
Ar40     5.8220 5.8810 5.9944 6.1619 6.2326 6.3902
Ar39     5.7213 5.7733 5.8868 6.0480 6.1178 6.2767
Ar36     5.3988 5.4423 5.5502 5.7069 5.7727 5.9278
================================
get initial guess parabolic
get initial guess parabolic
get initial guess parabolic
get initial guess parabolic
get initial guess parabolic
get initial guess parabolic
======== Configuration Finished ========
GetYSymmetry ===>> -2.81
GetZSymmetry ===>> -50.72
GetParameter Trap Current Readback ===>> 197.923274125618
GetHighVoltage ===>> 4499.94659342336
start measurement
do measurement
L#=65591 analysis type=unknown
Measurement Started jan_unknown120_60.py
06:30:27 -- ******* Measurement Started jan_unknown120_60.py *******
state changed from extraction to measurement
setting spec, defl, and gains
GetExtractionLens ===>> 26.13
GetYSymmetry ===>> -2.81
GetZSymmetry ===>> -50.72
GetZFocus ===>> 74.64
GetDeflection H2 ===>> 0
GetDeflection H1 ===>> 0
GetDeflection AX ===>> 190
GetDeflection L1 ===>> 400
GetDeflection L2 ===>> 825
GetDeflection CDD ===>> 50
GetGain H2 ===>> 0.0113
GetGain H1 ===>> 0.1
GetGain AX ===>> 0.097049
GetGain L1 ===>> 0.010355
GetGain L2 ===>> 0.095649
GetGain CDD ===>> 0
pre measurement save
New frame /Users/jan/PychronDev/data/isotopes/fa/c8dc63-7c3b-4a49-bb19-cc0787002add.h5
flush and close file /Users/jan/PychronDev/data/isotopes/fa/c8dc63-7c3b-4a49-bb19-cc0787002add.h5
testing...
no interpolation path defined
executed snippet estimated_duration=226.132928, duration=0.000144004821777
unknown measurement script
activate_detectors ('H2', 'H1', 'AX', 'L1', 'L2', 'CDD') {}
activate detectors
*************** Set Analysis View Ar/Ar
create graphs
clearing graphs
clear isotope group
setting isotope det=H2, iso=PM41
setting isotope det=H1, iso=Ar40
setting isotope det=AX, iso=Ar39
setting isotope det=L1, iso=Ar38
setting isotope det=L2, iso=Ar37
setting isotope det=CDD, iso=Ar36
setting previous blanks
 - setting Ar40 blank 0.073+/-0.007
 - setting Ar36 blank 0.00397+/-0.00016
 - setting Ar37 blank 0.050+/-0.005
 - setting Ar38 blank 0.0099+/-0.0022
 - setting PM41 blank 0.04+/-0.06
 - setting Ar39 blank 0.032+/-0.008
load analysis view
position_magnet ('Ar40',) {'detector': 'H1'}
detector Detector(H1)
POSITION Ar40 H1
setting detector H2 to PM41 (40.9624)
setting detector H1 to Ar40 (39.9624)
setting detector AX to Ar39 (38.9624)
setting detector L1 to Ar38 (37.9624)
setting detector L2 to Ar37 (36.9624)
setting detector CDD to Ar36 (35.9624)
Mapping mass to dac mass func: "parabolic"
H1 map mass coeffs = [-0.00063987  0.15840543  0.57262999]
H1 map mass to dac 39.9624 >> 5.88102
GetDeflection H1 ===>> 0
GetHighVoltage ===>> 4499.94659342336
positioning Ar40 (5.88098536722) on H1
setting magnet DAC
current  : 5.880985
requested: 5.880985
Delta Dac: 0.000000
Checking detector protection. dv=0.00000
Checking detector "CDD". Protection Threshold: 0.1 (V)
SetMagnetDAC 5.88098536722 ===>> OK
Magnet settling time: 0.500
update labels <pychron.experiment.plot_panel.PlotPanel object at 0x18af20fb0>
update labels "<pychron.graph.stacked_regression_graph.StackedRegressionGraph object at 0x159032a70>"
setting label 0 H2 PM41
setting label 1 H1 Ar40
setting label 2 AX Ar39
setting label 3 L1 Ar38
setting label 4 L2 Ar37
setting label 5 CDD Ar36
update labels "<pychron.graph.stacked_graph.StackedGraph object at 0x184668290>"
setting label 0 H2 PM41
setting label 1 H1 Ar40
setting label 2 AX Ar39
setting label 3 L1 Ar38
setting label 4 L2 Ar37
setting label 5 CDD Ar36
equilibrate () {'delay': 3, 'inlet': 'R', 'outlet': 'O', 'eqtime': 12.0}
Equilibration Started
06:30:28 -- ******* Equilibration Started *******
checking ownership. requestor=129.138.12.150
check software interlocks O
interlocks []
actuate state mode=None-script, software_lock=False
doing actuation None-script close_channel True
Close O ===>> OK
GetIndicatorState O ===>> False
change switch state (True, True)
update switch state O False args=() kw={} ncanvase=3
06:30:28 -- CLOSE  VALVE-O (Jan Ion Pump)
waiting 3s before opening inlet value ('R',)
checking ownership. requestor=129.138.12.150
check software interlocks R
interlocks []
actuate state mode=None-script, software_lock=False
doing actuation None-script open_channel True
Open R ===>> OK
set states for children of R. state=True
handle state [('R', True)]
update switch state R True args=() kw={'refresh': False} ncanvase=3
refresh_canvas_needed fired
GetIndicatorState R ===>> OK
change switch state (True, True)
update switch state R True args=() kw={} ncanvase=3
06:30:32 -- OPEN   VALVE-R (Jan Inlet)
equilibrating for 12.0sec
set_time_zero () {}
sniff (12.0,) {}
py_sniff
build tables- sniff [Detector(H2), Detector(H1), Detector(AX), Detector(L1), Detector(L2), Detector(CDD)]
add group /sniff/PM41 (Group) '' table H2
add group /sniff/Ar40 (Group) '' table H1
add group /sniff/Ar39 (Group) '' table AX
add group /sniff/Ar38 (Group) '' table L1
add group /sniff/Ar37 (Group) '' table L2
add group /sniff/Ar36 (Group) '' table CDD
flush and close file /Users/jan/PychronDev/data/isotopes/fa/c8dc63-7c3b-4a49-bb19-cc0787002add.h5
measuring sniff. ncounts=12.0
"sniff" increment series count="1" fit count="0" regressing="False"
starting measurement
check iteration duration=2.09808349609e-05
GetData ===>> H2,-0.158733486075892,H1,0.0422693074966897,AX,-0.0792586478033593,L1,-0.0141699115320106,L2,-0.1...
check iteration duration=4.41074371338e-05
GetData ===>> H2,0.710728973710218,H1,35.2215699175554,AX,10.3426364192688,L1,0.134024264609641,L2,0.3922834040...
check iteration duration=1.71661376953e-05
GetData ===>> H2,0.805024619979602,H1,77.9228400102056,AX,20.4045468777957,L1,0.311930311195171,L2,0.3266028033...
check iteration duration=4.88758087158e-05
GetData ===>> H2,0.363833468141914,H1,92.0019092304905,AX,23.18544433094,L1,0.383741372184859,L2,0.259617583020...
check iteration duration=1.78813934326e-05
GetData ===>> H2,0.145240896200298,H1,96.7558449831365,AX,24.0152672225565,L1,0.417682713730735,L2,0.2473214948...
check iteration duration=4.88758087158e-05
GetData ===>> H2,0.11757874525606,H1,98.5472858555278,AX,24.2357773473841,L1,0.406898999029177,L2,0.16453241550...
check iteration duration=4.41074371338e-05
GetData ===>> H2,0.0895368741351381,H1,99.3917026113739,AX,24.4267824817541,L1,0.390908136002577,L2,0.249342192...
check iteration duration=4.41074371338e-05
GetData ===>> H2,0.102944969385457,H1,99.6640615460026,AX,24.4720449598045,L1,0.38961894776555,L2,0.28645384890...
check iteration duration=4.48226928711e-05
GetData ===>> H2,0.0165458148896575,H1,99.9559180320718,AX,24.5317787354865,L1,0.400779873806843,L2,0.287514989...
check iteration duration=1.71661376953e-05
GetData ===>> H2,0.0570157162705131,H1,100.057005698926,AX,24.5102616165726,L1,0.346424050918288,L2,0.191626404...
check iteration duration=4.41074371338e-05
GetData ===>> H2,0.030856891445636,H1,100.045522201429,AX,24.5775166428003,L1,0.332128187793809,L2,0.1973542001...
check iteration duration=1.50203704834e-05
GetData ===>> H2,-0.00171067671305758,H1,100.092302382194,AX,24.4553533874383,L1,0.405846460397708,L2,0.1606543...
Equilibration Finished
06:30:44 -- ******* Equilibration Finished *******
checking ownership. requestor=129.138.12.150
check software interlocks R
interlocks []
actuate state mode=None-script, software_lock=False
doing actuation None-script close_channel True
Close R ===>> OK
GetIndicatorState R ===>> False
change switch state (True, True)
update switch state R False args=() kw={} ncanvase=3
06:30:45 -- CLOSE  VALVE-R (Jan Inlet)
Post Equilibration Started jan_pump_extraction_line.py
06:30:45 -- ******* Post Equilibration Started jan_pump_extraction_line.py *******
testing...
no interpolation path defined
calculate duration
testing...
no interpolation path defined
executed snippet estimated_duration=4.0, duration=0.000147104263306
executed snippet estimated_duration=4.0, duration=0.0225389003754
Pump after analysis
doing GOSUB
testing...
no interpolation path defined
executed snippet estimated_duration=4.0, duration=0.000108003616333
Pump Microbone
close () {'description': 'Jan Inlet'}
closing name=--- desc=Jan Inlet
checking ownership. requestor=129.138.12.150
check software interlocks R
interlocks []
actuate state mode=None-script, software_lock=False
doing actuation None-script close_channel False
check iteration duration=3.40938568115e-05
waiting for write to finish
measurement finished
estimated time: 12.583 actual time: :12.710
flush and close file /Users/jan/PychronDev/data/isotopes/fa/c8dc63-7c3b-4a49-bb19-cc0787002add.h5
set_fits () {}
Close R ===>> OK
using default fits file=/Users/jan/PychronDev/scripts/measurement/fits/nominal_linear.yaml
set "Ar40" to "('Linear', 'SEM')"
No fit for "PM41". defaulting to linear. check the measurement script "jan_unknown120_60.py"
set "PM41" to "linear"
set "Ar36" to "('Linear', 'SEM')"
set "Ar37" to "('linear', 'SEM')"
set "Ar38" to "('linear', 'SEM')"
set "Ar39" to "('Linear', 'SEM')"
set_baseline_fits () {}
using default fits file=/Users/jan/PychronDev/scripts/measurement/fits/nominal_linear.yaml
set "H1" to "('average', 'SEM')"
set "H2" to "('average', 'SEM')"
set "CDD" to "('average', 'SEM')"
set "L2" to "('average', 'SEM')"
set "L1" to "('average', 'SEM')"
set "AX" to "('average', 'SEM')"
multicollect () {'integration_time': 1, 'ncounts': 120}
build tables- signal [Detector(H2), Detector(H1), Detector(AX), Detector(L1), Detector(L2), Detector(CDD)]
add group /signal/PM41 (Group) '' table H2
add group /signal/Ar40 (Group) '' table H1
add group /signal/Ar39 (Group) '' table AX
add group /signal/Ar38 (Group) '' table L1
add group /signal/Ar37 (Group) '' table L2
add group /signal/Ar36 (Group) '' table CDD
flush and close file /Users/jan/PychronDev/data/isotopes/fa/c8dc63-7c3b-4a49-bb19-cc0787002add.h5
measuring signal. ncounts=120
GetIndicatorState R ===>> False
change switch state (True, True)
update switch state R False args=() kw={} ncanvase=3
06:30:45 -- CLOSE  VALVE-R (Jan Inlet)
---------------------------------------- close None (Jan Inlet) result=[(True, True)]
"signal" increment series count="2" fit count="1" regressing="True"
action=close, ok=True, locked=[False]
is_closed ('F',) {}
is F () closed?
is closed True
open () {'description': 'CO2 Laser to Jan'}
opening name=--- desc=CO2 Laser to Jan
checking ownership. requestor=129.138.12.150
check software interlocks A
interlocks []
actuate state mode=None-script, software_lock=False
doing actuation None-script open_channel False
Open A ===>> OK
GetIndicatorState A ===>> OK
change switch state (True, True)
update switch state A True args=() kw={} ncanvase=3
06:30:45 -- OPEN   VALVE-A (CO2 Laser to Jan)
---------------------------------------- open None (CO2 Laser to Jan) result=[(True, True)], time=0.13 sec
starting measurement
check iteration duration=5.60283660889e-05
GetData ===>> H2,-0.0316705313130589,H1,100.058311510492,AX,24.362668710734,L1,0.394695910017462,L2,0.158966263...
action=open, ok=True, locked=[False]
sleep (1,) {}
SLEEP 1.0
check iteration duration=8.41617584229e-05
GetData ===>> H2,-0.00440805297995712,H1,100.069134084586,AX,24.3911315329011,L1,0.411743290537283,L2,0.2308606...
close () {'description': 'CO2 Laser to Roughing'}
closing name=--- desc=CO2 Laser to Roughing
checking ownership. requestor=129.138.12.150
check software interlocks G
interlocks []
actuate state mode=None-script, software_lock=True
VALVE-G(CO2 Laser to Roughing) software locked
change switch state (True, False)
---------------------------------------- close None (CO2 Laser to Roughing) result=[(True, False)]
action=close, ok=True, locked=[True]
open () {'description': 'Microbone to Turbo'}
opening name=--- desc=Microbone to Turbo
checking ownership. requestor=129.138.12.150
check software interlocks U
interlocks []
actuate state mode=None-script, software_lock=False
doing actuation None-script open_channel True
Open U ===>> OK
GetIndicatorState U ===>> OK
change switch state (True, True)
update switch state U True args=() kw={} ncanvase=3
06:30:47 -- OPEN   VALVE-U (Microbone to Turbo)
---------------------------------------- open None (Microbone to Turbo) result=[(True, True)], time=0.18 sec
action=open, ok=True, locked=[False]
open () {'description': 'Microbone to Getter NP-10'}
opening name=--- desc=Microbone to Getter NP-10
checking ownership. requestor=129.138.12.150
check software interlocks M
interlocks []
actuate state mode=None-script, software_lock=False
doing actuation None-script open_channel False
Open M ===>> OK
GetIndicatorState M ===>> OK
change switch state (True, True)
update switch state M True args=() kw={} ncanvase=3
06:30:47 -- OPEN   VALVE-M (Microbone to Getter NP-10)
---------------------------------------- open None (Microbone to Getter NP-10) result=[(True, True)], time=0.14 sec
action=open, ok=True, locked=[False]
open () {'description': 'Microbone to Getter D-50'}
opening name=--- desc=Microbone to Getter D-50
checking ownership. requestor=129.138.12.150
check software interlocks K
interlocks []
actuate state mode=None-script, software_lock=False
doing actuation None-script open_channel False
check iteration duration=9.20295715332e-05
GetData ===>> H2,-0.0813880990726198,H1,100.184814403309,AX,24.3298562506799,L1,0.387587642881796,L2,0.28840498...
Open K ===>> OK
GetIndicatorState K ===>> OK
change switch state (True, True)
update switch state K True args=() kw={} ncanvase=3
06:30:48 -- OPEN   VALVE-K (Microbone to Getter D-50)
---------------------------------------- open None (Microbone to Getter D-50) result=[(True, True)], time=0.41 sec
action=open, ok=True, locked=[False]
open () {'description': 'Microbone to CO2 Laser'}
opening name=--- desc=Microbone to CO2 Laser
checking ownership. requestor=129.138.12.150
check software interlocks T
interlocks []
actuate state mode=None-script, software_lock=False
doing actuation None-script open_channel False
Open T ===>> OK
GetIndicatorState T ===>> OK
change switch state (True, True)
update switch state T True args=() kw={} ncanvase=3
06:30:49 -- OPEN   VALVE-T (Microbone to CO2 Laser)
---------------------------------------- open None (Microbone to CO2 Laser) result=[(True, True)], time=0.41 sec
check iteration duration=7.89165496826e-05
GetData ===>> H2,-0.132992071255,H1,100.259530546282,AX,24.3032873196917,L1,0.357324395134618,L2,0.199761802117...
action=open, ok=True, locked=[False]
open () {'description': 'Microbone to Inlet Pipette'}
opening name=--- desc=Microbone to Inlet Pipette
checking ownership. requestor=129.138.12.150
check software interlocks S
interlocks []
actuate state mode=None-script, software_lock=False
doing actuation None-script open_channel False
Open S ===>> OK
GetIndicatorState S ===>> OK
change switch state (True, True)
update switch state S True args=() kw={} ncanvase=3
06:30:49 -- OPEN   VALVE-S (Microbone to Inlet Pipette)
---------------------------------------- open None (Microbone to Inlet Pipette) result=[(True, True)], time=0.41 sec
action=open, ok=True, locked=[False]
sleep (1,) {}
SLEEP 1.0
testing H1>-5.0
evaluate ot="H1.bs>-5.0" t="H1>-5.0", ctx="{'H1': None}"
check iteration duration=0.000570774078369
GetData ===>> H2,-0.188461479445427,H1,99.8756802208912,AX,24.340122949725,L1,0.329428039398304,L2,0.0618978125...
set_resource () {'name': 'CO2PumpTimeFlag', 'value': 30}
Set CO2PumpTimeFlag 30 ===>> OK
release ('JanCO2Flag',) {}
release JanCO2Flag
Set JanCO2Flag 0 ===>> OK
executed snippet estimated_duration=6.0, duration=5.91816115379
PumpMicrobone.py completed successfully
gosub finished
get_resource_value () {'name': 'JanMiniboneFlag'}
Read JanMiniboneFlag ===>> 0
Get Resource Value JanMiniboneFlag=0.0
get resource value 0.0
get_resource_value () {'name': 'JanMiniboneFlag'}
Read JanMiniboneFlag ===>> 0
Get Resource Value JanMiniboneFlag=0.0
executed snippet estimated_duration=4.0, duration=5.93002700806
jan_pump_extraction_line.py completed successfully
Post Equilibration Finished
06:30:50 -- ******* Post Equilibration Finished *******
check iteration duration=4.00543212891e-05
GetData ===>> H2,-0.167875287133026,H1,99.9848084244845,AX,24.4141186044194,L1,0.328422068682967,L2,0.173361361...
check iteration duration=3.81469726562e-05
GetData ===>> H2,-0.120248068089422,H1,99.9167862335248,AX,24.3710593195313,L1,0.358706079744616,L2,0.164110380...
check iteration duration=5.69820404053e-05
GetData ===>> H2,-0.0362546372178691,H1,100.0084615419,AX,24.389813283801,L1,0.364393672145188,L2,0.06974478639...
check iteration duration=8.60691070557e-05
GetData ===>> H2,-0.219479613608765,H1,99.8939163834966,AX,24.2832176534311,L1,0.363538845030259,L2,0.109204646...
testing H1>-5.0
evaluate ot="H1.bs>-5.0" t="H1>-5.0", ctx="{'H1': None}"
check iteration duration=0.000604867935181
GetData ===>> H2,-0.262756859199645,H1,100.101552809279,AX,24.3253167719769,L1,0.358177083879395,L2,0.075048701...
check iteration duration=8.10623168945e-05
GetData ===>> H2,-0.215247779792426,H1,99.8646680823546,AX,24.3191470350993,L1,0.333898183684605,L2,0.178403580...
check iteration duration=8.70227813721e-05
GetData ===>> H2,-0.204110628951438,H1,99.8505644296156,AX,24.2316422993139,L1,0.341051402490902,L2,0.195049348...
check iteration duration=4.31537628174e-05
GetData ===>> H2,-0.148340322128771,H1,100.116619521724,AX,24.2302857245145,L1,0.357534506691395,L2,0.125245494...
check iteration duration=8.48770141602e-05
GetData ===>> H2,-0.21726443934039,H1,99.9952926293199,AX,24.2532062698018,L1,0.323363230418602,L2,0.1476524594...
testing H1>-5.0
evaluate ot="H1.bs>-5.0" t="H1>-5.0", ctx="{'H1': None}"
check iteration duration=0.000663042068481
GetData ===>> H2,-0.128922348557823,H1,99.9886370423886,AX,24.1090793912793,L1,0.333112565378592,L2,0.115953559...
check iteration duration=8.39233398438e-05
GetData ===>> H2,-0.17298235640138,H1,99.8488842349117,AX,24.2699724850965,L1,0.346773053348664,L2,0.1272750191...
check iteration duration=8.39233398438e-05
GetData ===>> H2,-0.177255905237062,H1,99.8257789950365,AX,24.3436976045199,L1,0.341225810706956,L2,0.169391657...
check iteration duration=4.29153442383e-05
GetData ===>> H2,-0.213883674335494,H1,99.7244349633622,AX,24.2618304380422,L1,0.380111983263129,L2,0.164041942...
check iteration duration=8.79764556885e-05
GetData ===>> H2,-0.158649743284286,H1,99.7776637737638,AX,24.1834941876639,L1,0.377756552408521,L2,0.230609566...
testing H1>-5.0
evaluate ot="H1.bs>-5.0" t="H1>-5.0", ctx="{'H1': None}"
check iteration duration=0.000645160675049
GetData ===>> H2,-0.180880785008427,H1,99.8239370655447,AX,24.1605100222677,L1,0.336771571515475,L2,0.211401300...
check iteration duration=4.31537628174e-05
GetData ===>> H2,-0.157796071783468,H1,99.7833845820842,AX,24.2178164591234,L1,0.335037681345201,L2,0.198654982...
check iteration duration=8.89301300049e-05
GetData ===>> H2,-0.163415344430556,H1,99.5955175730867,AX,24.3586758940241,L1,0.292469815112906,L2,0.164509602...
check iteration duration=3.88622283936e-05
GetData ===>> H2,-0.166130125173876,H1,99.61933596311,AX,24.1164976756992,L1,0.284658524229706,L2,0.07580153912...
check iteration duration=8.08238983154e-05
GetData ===>> H2,-0.172727394871147,H1,99.6484852546398,AX,24.1261796548363,L1,0.347208712927943,L2,0.176692390...
testing H1>-5.0
evaluate ot="H1.bs>-5.0" t="H1>-5.0", ctx="{'H1': None}"
check iteration duration=0.000578880310059
06:31:11 -- collecting point 25
GetData ===>> H2,-0.20197678868651,H1,99.6629182769296,AX,24.1598582445238,L1,0.383867276216446,L2,0.1870056242...
check iteration duration=8.70227813721e-05
GetData ===>> H2,-0.198587158716746,H1,99.5826182695886,AX,24.0447304613017,L1,0.350462711845147,L2,0.149249084...
check iteration duration=8.79764556885e-05
GetData ===>> H2,-0.225594690062061,H1,99.4943896488189,AX,24.1162500993121,L1,0.305051701864914,L2,0.100769173...
check iteration duration=9.29832458496e-05
GetData ===>> H2,-0.145359067320135,H1,99.4869979487669,AX,24.1747718911628,L1,0.316409314535579,L2,0.207178965...
check iteration duration=9.58442687988e-05
GetData ===>> H2,-0.126597237034972,H1,99.5063171220997,AX,24.1004208482161,L1,0.366127968975849,L2,0.140764467...
testing H1>-5.0
evaluate ot="H1.bs>-5.0" t="H1>-5.0", ctx="{'H1': None}"
check iteration duration=0.000578165054321
GetData ===>> H2,-0.088672197464671,H1,99.5835829990337,AX,24.0933015355847,L1,0.378777661897758,L2,0.081655319...
check iteration duration=8.70227813721e-05
GetData ===>> H2,-0.167988652625048,H1,99.6443413762615,AX,24.2132647486029,L1,0.331440277496608,L2,0.181255631...
check iteration duration=9.89437103271e-05
GetData ===>> H2,-0.233929569048424,H1,99.6287178382531,AX,24.1558694493167,L1,0.313597368156065,L2,0.185705000...
check iteration duration=4.00543212891e-05
GetData ===>> H2,-0.249711296538443,H1,99.5493924896641,AX,24.1072537378339,L1,0.323928720942311,L2,0.238291668...
check iteration duration=8.9168548584e-05
GetData ===>> H2,-0.282681575007389,H1,99.4473139677679,AX,24.0576467495335,L1,0.332925928898821,L2,0.138472381...
testing H1>-5.0
evaluate ot="H1.bs>-5.0" t="H1>-5.0", ctx="{'H1': None}"
check iteration duration=0.000657081604004
GetData ===>> H2,-0.167575672871808,H1,99.5691841640779,AX,24.0558871250598,L1,0.324557622108303,L2,0.183103805...
check iteration duration=7.5101852417e-05
GetData ===>> H2,-0.149581492545241,H1,99.4957466188757,AX,24.1145043698668,L1,0.364232470721882,L2,0.055283130...
check iteration duration=3.981590271e-05
GetData ===>> H2,-0.242826942043543,H1,99.6318095181103,AX,24.1722035746179,L1,0.372218651333285,L2,0.192333803...
check iteration duration=4.19616699219e-05
GetData ===>> H2,-0.230345732362721,H1,99.3432727771937,AX,23.9305574146173,L1,0.362819624287056,L2,0.219835115...
check iteration duration=4.00543212891e-05
GetData ===>> H2,-0.239937141722006,H1,99.3071703405923,AX,23.8654657391806,L1,0.382251421394007,L2,0.075858572...
testing H1>-5.0
evaluate ot="H1.bs>-5.0" t="H1>-5.0", ctx="{'H1': None}"
check iteration duration=0.000645875930786
GetData ===>> H2,-0.206994650028558,H1,99.1695839072641,AX,24.148661309154,L1,0.395360382659711,L2,0.1183591153...
check iteration duration=9.29832458496e-05
GetData ===>> H2,-0.17307948309376,H1,99.2185058992717,AX,24.1198595578869,L1,0.355309008921209,L2,0.1034707236...
check iteration duration=6.103515625e-05
GetData ===>> H2,-0.195169261334915,H1,99.2259829876694,AX,24.0269551382415,L1,0.344248545131654,L2,0.159878725...
check iteration duration=6.29425048828e-05
GetData ===>> H2,-0.187767018513661,H1,99.3936129921793,AX,24.1582027465088,L1,0.298077328209121,L2,0.187017033...
check iteration duration=8.9168548584e-05
GetData ===>> H2,-0.131283774251333,H1,99.505210041197,AX,24.10660172613,L1,0.328051408645451,L2,0.196829328145...
testing H1>-5.0
evaluate ot="H1.bs>-5.0" t="H1>-5.0", ctx="{'H1': None}"
check iteration duration=0.000574111938477
GetData ===>> H2,-0.229383299438066,H1,99.38100849961,AX,24.0531499877047,L1,0.308063493035423,L2,0.06154425762...
check iteration duration=9.20295715332e-05
GetData ===>> H2,-0.229889428231757,H1,99.3708863960005,AX,24.0056129300514,L1,0.31161106667106,L2,0.1282441891...
check iteration duration=4.10079956055e-05
GetData ===>> H2,-0.145817045494888,H1,99.3138619295433,AX,23.9531611146361,L1,0.309123250463631,L2,0.121004156...
check iteration duration=8.29696655273e-05
GetData ===>> H2,-0.16009354445975,H1,99.1849082236875,AX,23.8774731289978,L1,0.321971574347746,L2,0.0807322068...
check iteration duration=8.60691070557e-05
GetData ===>> H2,-0.181388121615186,H1,99.2588570204881,AX,23.9342679548343,L1,0.33581612632308,L2,0.1677718826...
testing H1>-5.0
evaluate ot="H1.bs>-5.0" t="H1>-5.0", ctx="{'H1': None}"
check iteration duration=0.000579118728638
06:31:37 -- collecting point 50
GetData ===>> H2,-0.249214988500016,H1,99.1536368666397,AX,23.9973664159615,L1,0.320680514908753,L2,0.192288164...
check iteration duration=8.39233398438e-05
GetData ===>> H2,-0.21444522632548,H1,99.202500118146,AX,24.0102249958416,L1,0.346674208796061,L2,0.16129305801...
check iteration duration=3.88622283936e-05
GetData ===>> H2,-0.307151358018773,H1,99.0346416067985,AX,24.0812414863548,L1,0.347358818419173,L2,0.141688159...
check iteration duration=8.70227813721e-05
GetData ===>> H2,-0.345813579778464,H1,99.0229785702281,AX,24.0033851374426,L1,0.321987415251949,L2,0.112430841...
check iteration duration=4.19616699219e-05
GetData ===>> H2,-0.198642447225478,H1,99.2074783215637,AX,24.0658847754347,L1,0.346448456295968,L2,0.184187628...
testing H1>-5.0
evaluate ot="H1.bs>-5.0" t="H1>-5.0", ctx="{'H1': None}"
check iteration duration=0.000990152359009
GetData ===>> H2,-0.226176392808181,H1,99.2181311624247,AX,23.9159004331121,L1,0.346640040530579,L2,0.104690435...
check iteration duration=8.89301300049e-05
GetData ===>> H2,-0.259306329613234,H1,99.1035235602631,AX,23.8969195640461,L1,0.300323631930256,L2,0.203493134...
check iteration duration=3.88622283936e-05
GetData ===>> H2,-0.11961904334652,H1,98.9342159246431,AX,23.8895860411315,L1,0.315855883837853,L2,0.1566509304...
check iteration duration=6.79492950439e-05
GetData ===>> H2,-0.0818554842035977,H1,99.1155777553238,AX,23.9166691170248,L1,0.316225240649566,L2,0.12142600...
check iteration duration=9.29832458496e-05
GetData ===>> H2,-0.11533127761693,H1,99.0497835105907,AX,23.9601280589221,L1,0.296014184900395,L2,0.0780426945...
testing H1>-5.0
evaluate ot="H1.bs>-5.0" t="H1>-5.0", ctx="{'H1': None}"
check iteration duration=0.000585079193115
GetData ===>> H2,-0.181303117332926,H1,98.8904333951911,AX,23.7894799293201,L1,0.280636141640435,L2,0.098250075...
check iteration duration=8.58306884766e-05
GetData ===>> H2,-0.124124255658191,H1,99.0783127470282,AX,23.7725898031697,L1,0.318846472465328,L2,0.203881109...
check iteration duration=9.70363616943e-05
GetData ===>> H2,-0.154468570602364,H1,98.9934327136865,AX,23.8475222297462,L1,0.313693646558418,L2,0.171444932...
check iteration duration=8.89301300049e-05
GetData ===>> H2,-0.180138629342429,H1,98.9571369217691,AX,23.8465326879636,L1,0.311602537373904,L2,0.130342190...
check iteration duration=6.91413879395e-05
GetData ===>> H2,-0.210092131947811,H1,98.8838947361461,AX,23.8877104055954,L1,0.344595033344733,L2,0.195791002...
testing H1>-5.0
evaluate ot="H1.bs>-5.0" t="H1>-5.0", ctx="{'H1': None}"
check iteration duration=0.000576972961426
GetData ===>> H2,-0.167819953564223,H1,98.8933553952014,AX,23.8995248416248,L1,0.36361089199371,L2,0.1345041237...
check iteration duration=9.29832458496e-05
GetData ===>> H2,-0.228640218215688,H1,98.814359852364,AX,23.9651809991021,L1,0.352267137143945,L2,0.1456681196...
check iteration duration=8.79764556885e-05
GetData ===>> H2,-0.205683454979293,H1,98.7813267165283,AX,23.8658303693377,L1,0.376393193396292,L2,0.086863665...
check iteration duration=8.79764556885e-05
GetData ===>> H2,-0.163644863746121,H1,98.9752837168811,AX,23.8209379185121,L1,0.367271299712218,L2,-0.00491225...
check iteration duration=8.60691070557e-05
GetData ===>> H2,-0.197655304418225,H1,98.8470972954404,AX,23.9094254628559,L1,0.339168508396519,L2,0.292353024...
testing H1>-5.0
evaluate ot="H1.bs>-5.0" t="H1>-5.0", ctx="{'H1': None}"
check iteration duration=0.000585079193115
GetData ===>> H2,-0.148329517001963,H1,98.9252160269346,AX,23.9585262735465,L1,0.350119687233856,L2,0.195688311...
check iteration duration=8.70227813721e-05
GetData ===>> H2,-0.238393307318453,H1,98.8757351757276,AX,23.8904978200338,L1,0.346310566675898,L2,0.145132126...
check iteration duration=7.60555267334e-05
GetData ===>> H2,-0.298877985613346,H1,98.7532346959252,AX,23.7702347619294,L1,0.32347413234652,L2,0.1474243723...
check iteration duration=7.41481781006e-05
GetData ===>> H2,-0.1992195891852,H1,98.8963487227047,AX,23.7523719311879,L1,0.293541154163269,L2,0.11699101951...
check iteration duration=3.69548797607e-05
GetData ===>> H2,-0.21435904270002,H1,98.6954106127529,AX,23.8743734812143,L1,0.312833266649412,L2,0.2055585518...
testing H1>-5.0
evaluate ot="H1.bs>-5.0" t="H1>-5.0", ctx="{'H1': None}"
check iteration duration=0.000569820404053
06:32:03 -- collecting point 75
GetData ===>> H2,-0.208843271109943,H1,98.6945381693376,AX,23.9112493593314,L1,0.331793984463918,L2,0.155715688...
check iteration duration=4.2200088501e-05
GetData ===>> H2,-0.231954091101943,H1,98.6935589021833,AX,23.7298169576002,L1,0.340229246616013,L2,0.124527190...
check iteration duration=4.31537628174e-05
GetData ===>> H2,-0.167512240007358,H1,98.6835707437207,AX,23.700753093362,L1,0.338558237007309,L2,0.1977877922...
check iteration duration=8.20159912109e-05
GetData ===>> H2,-0.131889755433455,H1,98.5011230897744,AX,23.8685651342996,L1,0.333759110213864,L2,0.086430575...
check iteration duration=6.5803527832e-05
GetData ===>> H2,-0.138208697401378,H1,98.6214359566618,AX,23.8085592836809,L1,0.320080512708665,L2,0.110948829...
testing H1>-5.0
evaluate ot="H1.bs>-5.0" t="H1>-5.0", ctx="{'H1': None}"
check iteration duration=0.000586986541748
GetData ===>> H2,-0.0981937902224807,H1,98.6959981795556,AX,23.7831555854605,L1,0.316354457732973,L2,0.08769565...
check iteration duration=3.88622283936e-05
GetData ===>> H2,-0.141381039422155,H1,98.7935484824391,AX,23.6882474697122,L1,0.302726178347567,L2,0.174319590...
check iteration duration=8.48770141602e-05
GetData ===>> H2,-0.191722853126647,H1,98.8390771173482,AX,23.7259769082225,L1,0.333123544101015,L2,0.133569098...
check iteration duration=4.10079956055e-05
GetData ===>> H2,-0.201761090706639,H1,98.8256220070843,AX,23.7269792131728,L1,0.341947867931332,L2,0.176509865...
check iteration duration=8.79764556885e-05
GetData ===>> H2,-0.185808813790989,H1,98.7335004030979,AX,23.8512851744115,L1,0.313724114596058,L2,0.173555288...
testing H1>-5.0
evaluate ot="H1.bs>-5.0" t="H1>-5.0", ctx="{'H1': None}"
check iteration duration=0.000553131103516
GetData ===>> H2,-0.226803844143529,H1,98.6923125714491,AX,23.7677626738177,L1,0.332812484858202,L2,0.193714386...
check iteration duration=7.29560852051e-05
GetData ===>> H2,-0.164498094787786,H1,98.58936797504,AX,23.7486904435396,L1,0.363109016040631,L2,0.15444970540...
check iteration duration=8.41617584229e-05
GetData ===>> H2,-0.276340983041797,H1,98.4857042246218,AX,23.5690540041094,L1,0.344078965384103,L2,0.171889814...
check iteration duration=6.00814819336e-05
GetData ===>> H2,-0.347093524349713,H1,98.3210839451153,AX,23.7672942844804,L1,0.359907111666726,L2,0.128882706...
check iteration duration=7.31945037842e-05
GetData ===>> H2,-0.238023414133587,H1,98.457204738537,AX,23.6462385430475,L1,0.320508559461394,L2,0.1200692627...
testing H1>-5.0
evaluate ot="H1.bs>-5.0" t="H1>-5.0", ctx="{'H1': None}"
check iteration duration=0.000576972961426
GetData ===>> H2,-0.0458805372112341,H1,98.5053579380038,AX,23.773565663867,L1,0.33063411522319,L2,0.1368417270...
check iteration duration=7.60555267334e-05
GetData ===>> H2,-0.165177123579439,H1,98.5200384885615,AX,23.6723604965127,L1,0.296782638833068,L2,0.144881237...
check iteration duration=8.60691070557e-05
GetData ===>> H2,-0.142408109585699,H1,98.6750997834789,AX,23.5167116395665,L1,0.338527724392584,L2,0.237949214...
check iteration duration=7.60555267334e-05
GetData ===>> H2,-0.0874409431334144,H1,98.4228203445139,AX,23.5508107678548,L1,0.368165531823645,L2,0.15723260...
check iteration duration=4.19616699219e-05
GetData ===>> H2,-0.115641176754855,H1,98.6357361151247,AX,23.6815593057158,L1,0.333010097870403,L2,0.141722370...
testing H1>-5.0
evaluate ot="H1.bs>-5.0" t="H1>-5.0", ctx="{'H1': None}"
check iteration duration=0.000577926635742
GetData ===>> H2,-0.169641770492542,H1,98.475521397748,AX,23.6509733337524,L1,0.348838024300762,L2,0.1465690504...
check iteration duration=5.88893890381e-05
GetData ===>> H2,-0.296374118797301,H1,98.3392416285902,AX,23.5689630168218,L1,0.34878554056952,L2,0.1743652211...
check iteration duration=7.48634338379e-05
GetData ===>> H2,-0.211168439634996,H1,98.4862739137665,AX,23.656644946786,L1,0.328489130321213,L2,0.1163297801...
check iteration duration=4.19616699219e-05
GetData ===>> H2,-0.21583350013452,H1,98.4444075509264,AX,23.6300065338596,L1,0.290657316575152,L2,0.1330217707...
check iteration duration=3.60012054443e-05
GetData ===>> H2,-0.277109203887796,H1,98.2689994530055,AX,23.7493798999801,L1,0.285123213474246,L2,0.176315932...
testing H1>-5.0
evaluate ot="H1.bs>-5.0" t="H1>-5.0", ctx="{'H1': None}"
check iteration duration=0.00064492225647
06:32:30 -- collecting point 100
GetData ===>> H2,-0.18213829046952,H1,98.3011503838336,AX,23.6669872932966,L1,0.364716082595799,L2,0.0922888529...
check iteration duration=8.48770141602e-05
GetData ===>> H2,-0.0917182408630776,H1,98.4296894714859,AX,23.5516692358292,L1,0.363907633129462,L2,0.20069747...
check iteration duration=3.48091125488e-05
GetData ===>> H2,-0.0699223449898824,H1,98.4586998918114,AX,23.5224070912386,L1,0.354013263856891,L2,0.15523666...
check iteration duration=4.6968460083e-05
GetData ===>> H2,-0.0662859698330489,H1,98.3697643180414,AX,23.4914367843908,L1,0.365772536359433,L2,0.13143681...
check iteration duration=8.60691070557e-05
GetData ===>> H2,-0.239496944216298,H1,98.2531865032651,AX,23.4636464045142,L1,0.363963807315428,L2,0.159969971...
testing H1>-5.0
evaluate ot="H1.bs>-5.0" t="H1>-5.0", ctx="{'H1': None}"
check iteration duration=0.00065016746521
GetData ===>> H2,-0.198452307562294,H1,98.2679855240643,AX,23.5383247245003,L1,0.331428080922626,L2,0.065912462...
check iteration duration=9.10758972168e-05
GetData ===>> H2,-0.126535047279334,H1,98.2451116949305,AX,23.5385588246696,L1,0.304635260339006,L2,0.170851759...
check iteration duration=4.29153442383e-05
GetData ===>> H2,-0.0668611397235537,H1,97.99127402055,AX,23.5205475846009,L1,0.315637689216191,L2,0.1278679220...
check iteration duration=9.20295715332e-05
GetData ===>> H2,-0.144937548938111,H1,98.1336030925185,AX,23.5613203554909,L1,0.309341306134482,L2,0.084287949...
check iteration duration=9.98973846436e-05
GetData ===>> H2,-0.115263612924782,H1,98.1302797370595,AX,23.6221255152963,L1,0.324629533812718,L2,0.220565547...
testing H1>-5.0
evaluate ot="H1.bs>-5.0" t="H1>-5.0", ctx="{'H1': None}"
check iteration duration=0.000613927841187
GetData ===>> H2,-0.164172740529382,H1,98.1566909049704,AX,23.613880966293,L1,0.339888675419022,L2,0.0498206611...
check iteration duration=9.48905944824e-05
GetData ===>> H2,-0.260338815360482,H1,97.8839808228825,AX,23.6000720916573,L1,0.341251423352452,L2,0.272728546...
check iteration duration=8.60691070557e-05
GetData ===>> H2,-0.22631777436876,H1,97.9191947827235,AX,23.4753830118479,L1,0.313607117826452,L2,0.1710913094...
check iteration duration=8.82148742676e-05
GetData ===>> H2,-0.121577698164568,H1,98.0235948802169,AX,23.5523195948519,L1,0.293412100553768,L2,0.175255014...
check iteration duration=4.00543212891e-05
GetData ===>> H2,-0.167095193821053,H1,97.8891150330401,AX,23.4620868175363,L1,0.295296932186086,L2,0.197388431...
testing H1>-5.0
evaluate ot="H1.bs>-5.0" t="H1>-5.0", ctx="{'H1': None}"
check iteration duration=0.000586986541748
GetData ===>> H2,-0.240812101104732,H1,97.9613759127574,AX,23.6308518914237,L1,0.315234224272276,L2,0.197730740...
check iteration duration=0.000111818313599
GetData ===>> H2,-0.0608069720678861,H1,98.0513015122333,AX,23.5843149454552,L1,0.359420817290706,L2,0.15462078...
check iteration duration=8.48770141602e-05
GetData ===>> H2,-0.237227093874097,H1,98.2320755366861,AX,23.5353725043617,L1,0.346372799814424,L2,0.109124847...
check iteration duration=8.10623168945e-05
GetData ===>> H2,-0.187373246979207,H1,98.1432181367894,AX,23.4789185386363,L1,0.297984757954882,L2,0.172562844...
check iteration duration=8.98838043213e-05
GetData ===>> H2,-0.102849408437922,H1,98.0850398204092,AX,23.4128803057494,L1,0.337086412067247,L2,0.196441381...
testing H1>-5.0
evaluate ot="H1.bs>-5.0" t="H1>-5.0", ctx="{'H1': None}"
check iteration duration=0.000534057617188
GetData ===>> H2,-0.249599662757107,H1,98.0390914767727,AX,23.4421780499403,L1,0.353450319178147,L2,0.083672522...
check iteration duration=4.91142272949e-05
waiting for write to finish
measurement finished
estimated time: 125.829 actual time: :126.359
flush and close file /Users/jan/PychronDev/data/isotopes/fa/c8dc63-7c3b-4a49-bb19-cc0787002add.h5
baselines () {'settling_time': 15.0, 'detector': 'H1', 'mass': 34.2, 'ncounts': 60}
%%%%%%%%%%%%%%%%%%%%%%%%%%%%%%%% Baseline
build tables- baseline [Detector(H2), Detector(H1), Detector(AX), Detector(L1), Detector(L2), Detector(CDD)]
add group baseline table H2
add group baseline table H1
add group baseline table AX
add group baseline table L1
add group baseline table L2
add group baseline table CDD
flush and close file /Users/jan/PychronDev/data/isotopes/fa/c8dc63-7c3b-4a49-bb19-cc0787002add.h5
detector Detector(H1)
POSITION 34.2 H1
Mapping mass to dac mass func: "parabolic"
H1 map mass coeffs = [-0.00063987  0.15840543  0.57262999]
H1 map mass to dac 34.2 >> 5.24167599104
GetDeflection H1 ===>> 0
GetHighVoltage ===>> 4499.94659342336
positioning 34.2 (5.24164512331) on H1
setting magnet DAC
current  : 5.880985
requested: 5.241645
Delta Dac: 0.639340
Checking detector protection. dv=0.63934
Checking detector "CDD". Protection Threshold: 0.1 (V)
ProtectDetector CDD,On ===>> OK
GetDeflection CDD ===>> 2000
Protected = 2000
SetMagnetDAC 5.24164512331 ===>> OK
Magnet settling time: 0.500
GetMagnetMoving ===>> True
GetMagnetMoving ===>> True
GetMagnetMoving ===>> True
GetMagnetMoving ===>> True
GetMagnetMoving ===>> True
GetMagnetMoving ===>> True
GetMagnetMoving ===>> True
GetMagnetMoving ===>> True
GetMagnetMoving ===>> False
ProtectDetector CDD,Off ===>> OK
GetDeflection CDD ===>> 50
Delaying 15.0s for detectors to settle
Join finished
measuring baseline. ncounts=60
"baseline" increment series count="2" fit count="1" regressing="True"
starting measurement
check iteration duration=3.81469726562e-05
GetData ===>> H2,-0.22777861358743,H1,-0.0706902584973299,AX,-0.0878590393061395,L1,-0.0231572888506104,L2,0.08...
check iteration duration=8.79764556885e-05
GetData ===>> H2,-0.123521139660553,H1,-0.0461197906676201,AX,-0.123967749495908,L1,-0.00415889266650831,L2,-0....
check iteration duration=3.60012054443e-05
GetData ===>> H2,-0.191184973200036,H1,0.0191088283219678,AX,-0.179215498292906,L1,-0.0513914721627076,L2,-0.01...
check iteration duration=8.48770141602e-05
GetData ===>> H2,-0.156189860446558,H1,-0.0457740205175526,AX,-0.0718051330237828,L1,-0.0448426977664662,L2,-0....
testing H1>-5.0
evaluate ot="H1.bs>-5.0" t="H1>-5.0", ctx="{'H1': None}"
check iteration duration=0.000572919845581
GetData ===>> H2,-0.0663836422409839,H1,-0.114463433117673,AX,-0.00912898122622836,L1,-0.0240705629454409,L2,-0...
check iteration duration=7.5101852417e-05
GetData ===>> H2,-0.112964127033293,H1,-0.0941463856505507,AX,-0.0350972280148863,L1,-0.00564156873896369,L2,0....
check iteration duration=4.10079956055e-05
GetData ===>> H2,-0.241289934915244,H1,-0.126379010770372,AX,-0.0585543184043529,L1,0.0106999581154958,L2,0.050...
check iteration duration=8.51154327393e-05
GetData ===>> H2,-0.411394649256822,H1,-0.0657194279399363,AX,-0.0729295722892291,L1,-0.0243066583752797,L2,-0....
check iteration duration=8.60691070557e-05
GetData ===>> H2,-0.245898983344651,H1,-0.0835632041857657,AX,-0.0541137905306484,L1,-0.0416732914219623,L2,-0....
testing H1>-5.0
evaluate ot="H1.bs>-5.0" t="H1>-5.0", ctx="{'H1': None}"
check iteration duration=0.000578880310059
GetData ===>> H2,-0.15997334726492,H1,-0.0806907737375127,AX,-0.0365699848071601,L1,-0.0588884626844298,L2,-0.0...
check iteration duration=8.29696655273e-05
GetData ===>> H2,-0.214877481160972,H1,-0.0240357952752788,AX,-0.0200552781784531,L1,-0.0437795553811138,L2,-0....
check iteration duration=4.10079956055e-05
GetData ===>> H2,-0.275540473465586,H1,-0.0185259613327603,AX,-0.00476739916312689,L1,-0.00657352760802021,L2,0...
check iteration duration=7.60555267334e-05
GetData ===>> H2,-0.186297048046316,H1,-0.118037853363506,AX,-0.119171022741943,L1,-0.0263941240289059,L2,0.011...
check iteration duration=8.48770141602e-05
GetData ===>> H2,-0.226235638629838,H1,-0.0307020503233833,AX,-0.125485505077976,L1,-0.0657777305302868,L2,0.08...
testing H1>-5.0
evaluate ot="H1.bs>-5.0" t="H1>-5.0", ctx="{'H1': None}"
check iteration duration=0.000584125518799
GetData ===>> H2,-0.184783723081047,H1,-0.0437351446522126,AX,-0.0751088608791111,L1,-0.0470787607723853,L2,0.0...
check iteration duration=7.9870223999e-05
GetData ===>> H2,-0.184080942792097,H1,-0.0462032522489995,AX,-0.0799193517353063,L1,-0.053787553387677,L2,-0.0...
check iteration duration=4.19616699219e-05
GetData ===>> H2,-0.147951331076754,H1,-0.0408257995643922,AX,-0.0712602969537361,L1,-0.021171050928694,L2,-0.0...
check iteration duration=9.48905944824e-05
GetData ===>> H2,-0.155680526395144,H1,-0.0159975377367559,AX,-0.109530508717516,L1,-0.0263653673994642,L2,0.03...
check iteration duration=4.10079956055e-05
GetData ===>> H2,-0.227588782485503,H1,-0.0401103738820073,AX,-0.0571166762092126,L1,-0.0571603200964293,L2,0.0...
testing H1>-5.0
evaluate ot="H1.bs>-5.0" t="H1>-5.0", ctx="{'H1': None}"
check iteration duration=0.000574111938477
GetData ===>> H2,-0.201093749035395,H1,0.0944146849538143,AX,-0.188893041853574,L1,0.000154824921245205,L2,-0.0...
check iteration duration=9.29832458496e-05
GetData ===>> H2,-0.226639579134883,H1,-0.056790385549088,AX,-0.0334504971787414,L1,-0.0165509616867129,L2,-0.0...
check iteration duration=4.2200088501e-05
GetData ===>> H2,-0.185865460834169,H1,-0.0887715088302652,AX,-0.0399792732857584,L1,-0.0725571098303213,L2,0.1...
check iteration duration=8.60691070557e-05
GetData ===>> H2,-0.188109534667148,H1,-0.0599734600029265,AX,-0.103411994655792,L1,-0.0484706621574219,L2,-0.0...
check iteration duration=4.19616699219e-05
GetData ===>> H2,-0.11065334467015,H1,-0.00683743063991642,AX,-0.0806959629017525,L1,-0.0312923346553804,L2,0.0...
testing H1>-5.0
evaluate ot="H1.bs>-5.0" t="H1>-5.0", ctx="{'H1': None}"
check iteration duration=0.000663995742798
06:33:35 -- collecting point 25
GetData ===>> H2,-0.10116147652358,H1,-0.050721996822589,AX,-0.0823650763714125,L1,0.00281837320744376,L2,0.034...
check iteration duration=8.60691070557e-05
GetData ===>> H2,-0.225500429853398,H1,-0.0186571513801635,AX,-0.10367852885262,L1,-0.0128023621954048,L2,-0.01...
check iteration duration=8.51154327393e-05
GetData ===>> H2,-0.215041760596113,H1,-0.0664108292284692,AX,-0.111060077109022,L1,-0.0120603799286862,L2,-0.0...
check iteration duration=8.41617584229e-05
GetData ===>> H2,-0.218271023065439,H1,-0.0726570657162416,AX,-0.0519456262767922,L1,0.00480779147424219,L2,-0....
check iteration duration=7.79628753662e-05
GetData ===>> H2,-0.206735926764296,H1,0.0178083729657221,AX,-0.0699155821074515,L1,-0.0159380679264826,L2,-0.0...
testing H1>-5.0
evaluate ot="H1.bs>-5.0" t="H1>-5.0", ctx="{'H1': None}"
check iteration duration=0.000539064407349
GetData ===>> H2,-0.204459715480266,H1,-0.0384767994029421,AX,-0.177592821864772,L1,-0.0288632929036274,L2,0.09...
check iteration duration=7.79628753662e-05
GetData ===>> H2,-0.177353087664923,H1,-0.135548827008303,AX,-0.043631949840606,L1,-0.0341302642966469,L2,-0.01...
check iteration duration=3.79085540771e-05
GetData ===>> H2,-0.245608366089056,H1,-0.0335878405576693,AX,0.0734393232566719,L1,-0.0177094807829244,L2,-0.0...
check iteration duration=9.51290130615e-05
GetData ===>> H2,-0.211165745625996,H1,-0.0884616401665593,AX,-0.104779423233294,L1,-0.0248866865585041,L2,0.01...
check iteration duration=6.103515625e-05
GetData ===>> H2,-0.16160332873078,H1,-0.0502570166929893,AX,-0.16920083454933,L1,0.000849752247855157,L2,-0.02...
testing H1>-5.0
evaluate ot="H1.bs>-5.0" t="H1>-5.0", ctx="{'H1': None}"
check iteration duration=0.000586986541748
GetData ===>> H2,-0.0853081200523978,H1,-0.00977161869768466,AX,-0.0866072775718218,L1,0.0115689830119787,L2,0....
check iteration duration=8.17775726318e-05
GetData ===>> H2,-0.16073097344426,H1,-0.00458305699713151,AX,-0.103354052342438,L1,-0.0179109487486288,L2,-0.0...
check iteration duration=3.60012054443e-05
GetData ===>> H2,-0.242408390778577,H1,-0.0677101738977058,AX,-0.16984996438042,L1,0.00865612457846547,L2,-0.04...
check iteration duration=8.29696655273e-05
GetData ===>> H2,-0.198533218447844,H1,-0.100510057173042,AX,-0.0948825147908784,L1,0.00316412197822796,L2,-0.0...
check iteration duration=7.9870223999e-05
GetData ===>> H2,-0.240913053594381,H1,-0.0356626961647731,AX,-0.061139702134734,L1,-0.0284667811717905,L2,0.04...
testing H1>-5.0
evaluate ot="H1.bs>-5.0" t="H1>-5.0", ctx="{'H1': None}"
check iteration duration=0.000581979751587
GetData ===>> H2,-0.252464132161854,H1,-0.1152259868199,AX,-0.0433652511127395,L1,-0.0115616987510641,L2,0.0130...
check iteration duration=9.79900360107e-05
GetData ===>> H2,-0.210027469400262,H1,0.020063301718243,AX,-0.0938742252219097,L1,-0.0452245874457944,L2,0.018...
check iteration duration=7.60555267334e-05
GetData ===>> H2,-0.161337307996942,H1,-0.0126103041454105,AX,-0.0859350285122279,L1,-0.062872588732003,L2,-0.0...
check iteration duration=8.10623168945e-05
GetData ===>> H2,-0.15623174100806,H1,-0.0899156309679626,AX,-0.113238511787016,L1,-0.0234701125430559,L2,0.070...
check iteration duration=7.10487365723e-05
GetData ===>> H2,-0.190822327944725,H1,-0.0183351391387586,AX,-0.16014734014003,L1,-0.0295041473893922,L2,-0.05...
testing H1>-5.0
evaluate ot="H1.bs>-5.0" t="H1>-5.0", ctx="{'H1': None}"
check iteration duration=0.00059700012207
GetData ===>> H2,-0.233676597971982,H1,-0.0292710490989777,AX,-0.0487106817835487,L1,-0.0149340888774153,L2,0.0...
check iteration duration=8.39233398438e-05
GetData ===>> H2,-0.233283674215845,H1,-0.0734795372717699,AX,-0.155150748658645,L1,-0.0299078048571343,L2,0.02...
check iteration duration=9.48905944824e-05
GetData ===>> H2,-0.213175297990428,H1,-0.0840280295771432,AX,-0.128184966033353,L1,-0.0578736338308053,L2,-0.0...
check iteration duration=4.10079956055e-05
GetData ===>> H2,-0.303969062008595,H1,0.0184884254943675,AX,-0.103469936934625,L1,-0.0481116346846216,L2,-0.03...
check iteration duration=7.91549682617e-05
GetData ===>> H2,-0.360173005348091,H1,-0.0648849717469922,AX,-0.104385420360062,L1,-0.0361642643858154,L2,-0.0...
testing H1>-5.0
evaluate ot="H1.bs>-5.0" t="H1>-5.0", ctx="{'H1': None}"
check iteration duration=0.000530004501343
06:34:02 -- collecting point 50
GetData ===>> H2,-0.229287724700686,H1,-0.09063070066031,AX,-0.132842228994324,L1,-0.0334034953334421,L2,-0.055...
check iteration duration=3.60012054443e-05
GetData ===>> H2,-0.272714058953104,H1,-0.0306424256808267,AX,-0.0765810122506417,L1,-0.0378428070740248,L2,-0....
check iteration duration=8.51154327393e-05
GetData ===>> H2,-0.285031316707696,H1,-0.0594727583725028,AX,-0.0161117455770337,L1,-0.00285357314067142,L2,0....
check iteration duration=4.31537628174e-05
GetData ===>> H2,-0.110360909873856,H1,0.0111035409598117,AX,-0.0255063689826751,L1,-0.0125458510881188,L2,0.02...
check iteration duration=9.89437103271e-05
GetData ===>> H2,-0.229567716012424,H1,-0.0490528273406231,AX,0.00312106476282832,L1,-0.0506867743581994,L2,0.0...
testing H1>-5.0
evaluate ot="H1.bs>-5.0" t="H1>-5.0", ctx="{'H1': None}"
check iteration duration=0.000530004501343
GetData ===>> H2,-0.162421607169013,H1,-0.0946707484183349,AX,-0.00313175550178837,L1,0.00544299578465498,L2,-0...
check iteration duration=8.48770141602e-05
GetData ===>> H2,-0.21767139562912,H1,0.0206121280417861,AX,-0.039828524958426,L1,0.0113805278784724,L2,-0.0469...
check iteration duration=8.9168548584e-05
GetData ===>> H2,-0.195114008473742,H1,-0.0239642409342487,AX,-0.0562587183278841,L1,-0.0305294296205732,L2,0.0...
check iteration duration=8.41617584229e-05
GetData ===>> H2,-0.205509605784572,H1,-0.0253476157947794,AX,-0.0703097245910127,L1,-0.0464587460557972,L2,0.0...
check iteration duration=8.79764556885e-05
GetData ===>> H2,-0.188062338175078,H1,-0.0318945357145271,AX,-0.169525400006449,L1,-0.0193139173530652,L2,-0.0...
testing H1>-5.0
evaluate ot="H1.bs>-5.0" t="H1>-5.0", ctx="{'H1': None}"
check iteration duration=0.00090503692627
GetData ===>> H2,-0.217741466094413,H1,-0.0404084685378557,AX,-0.137643263734017,L1,-0.0323150395998545,L2,-0.0...
check iteration duration=1.69277191162e-05
waiting for write to finish
measurement finished
estimated time: 62.915 actual time: :63.257
flush and close file /Users/jan/PychronDev/data/isotopes/fa/c8dc63-7c3b-4a49-bb19-cc0787002add.h5
activate_detectors ('H1', 'AX', 'CDD') {'peak_center': True}
peak_center () {'detector': 'H1', 'integration_time': 0.262144, 'isotope': 'Ar40'}
peak center: mean=98.0227987915 threshold=3
peak center started
setup peak center. detector=['H1', 'AX', 'CDD'], isotope=Ar40
VersionedUnpickler [<apptools.sweet_pickle.versioned_unpickler.VersionedUnpickler object at 0x19b439350>] using Updater [<apptools.sweet_pickle.updater.Updater object at 0x12e273d10>]
VersionedUnpickler [<apptools.sweet_pickle.versioned_unpickler.VersionedUnpickler object at 0x19b439350>] using Updater [<apptools.sweet_pickle.updater.Updater object at 0x12e273d10>]
VersionedUnpickler [<apptools.sweet_pickle.versioned_unpickler.VersionedUnpickler object at 0x17f74d050>] using Updater [<apptools.sweet_pickle.updater.Updater object at 0x12e273d10>]
setting integration time = 0.524288
SetIntegrationTime 0.524288 ===>> OK
Mapping mass to dac mass func: "parabolic"
H1 map mass coeffs = [-0.00063987  0.15840543  0.57262999]
H1 map mass to dac 39.9624 >> 5.88102
GetDeflection H1 ===>> 0
GetHighVoltage ===>> 4499.94659342336
do peak center. <pychron.spectrometer.jobs.peak_center.PeakCenter object at 0x12e273ef0>
doing pc
starting peak center. center dac= 5.88098536722 step_width=0.001
width = 0.001
get scan parameters. half-width=0.015,window=0.015, i=0, scalar=1
Scan parameters center=5.88099 width=0.03000 (5.86599 - 5.89599)
GetData ===>> H2,-0.0630576036838917,H1,-0.130528784661377,AX,-0.0711211893831383,L1,-0.0369909906752333,L2,-0....
Moving to starting dac 5.86598536722
setting magnet DAC
current  : 5.241645
requested: 5.865985
Delta Dac: 0.624340
Checking detector protection. dv=0.62434
Checking detector "CDD". Protection Threshold: 0.1 (V)
ProtectDetector CDD,On ===>> OK
GetDeflection CDD ===>> 2000
Protected = 2000
SetMagnetDAC 5.86598536722 ===>> OK
Magnet settling time: 0.500
GetMagnetMoving ===>> True
GetMagnetMoving ===>> True
GetMagnetMoving ===>> True
GetMagnetMoving ===>> True
GetMagnetMoving ===>> True
GetMagnetMoving ===>> True
GetMagnetMoving ===>> True
GetMagnetMoving ===>> True
GetMagnetMoving ===>> False
ProtectDetector CDD,Off ===>> OK
GetDeflection CDD ===>> 50
Wait until signal near baseline. tol= -0.097896588496. timeout= 10
GetData ===>> H2,0.183131112595841,H1,0.18923036463534,AX,0.0937558240274938,L1,-0.0180042909132421,L2,0.123672...
GetData ===>> H2,5.34678331179451,H1,2.87527596615538,AX,0.151003683025216,L1,-0.00612015298876578,L2,0.0242341...
GetData ===>> H2,6.42386395212639,H1,3.64951714336341,AX,0.542269307385276,L1,-0.0342912934309998,L2,-0.0460826...
GetData ===>> H2,3.29248849803458,H1,1.90506245773341,AX,0.144440151240432,L1,-0.0114993618664616,L2,-0.1478085...
GetData ===>> H2,1.23187666158257,H1,0.900985044899616,AX,0.0118455222612215,L1,0.00546576300813017,L2,-0.12780...
GetData ===>> H2,0.337794045736337,H1,0.506137128088491,AX,-0.0291943806681189,L1,-0.0070580641528554,L2,-0.138...
GetData ===>> H2,0.0326340363281729,H1,0.269731833621578,AX,-0.00678581515696552,L1,0.000906164687888619,L2,0.0...
GetData ===>> H2,-0.0749294443787735,H1,0.132109504730305,AX,0.0312695295632718,L1,-0.0119908537468471,L2,-0.10...
GetData ===>> H2,-0.118024005035323,H1,0.0272579377593509,AX,-0.0530355116725345,L1,-0.0402780526247277,L2,0.10...
GetData ===>> H2,-0.0996654684813927,H1,-0.0155920298960719,AX,-0.181787927014603,L1,-0.0315877965667463,L2,0.0...
GetData ===>> H2,-0.132251024899229,H1,0.0300022966858161,AX,-0.0589021318736396,L1,-0.0173765113257424,L2,0.00...
GetData ===>> H2,-0.205830348727615,H1,0.123979287319354,AX,0.0367005904554383,L1,-0.0521427763180924,L2,0.0173...
GetData ===>> H2,-0.215526505670658,H1,0.00828812260758056,AX,-0.0534761001763575,L1,-0.0416840693368064,L2,0.0...
GetData ===>> H2,-0.169436662037313,H1,0.0531533613743253,AX,-0.05978325376531,L1,-0.0459368507293245,L2,0.0193...
GetData ===>> H2,-0.13501809687348,H1,0.0259931715785423,AX,-0.0525949211738584,L1,-0.0510349419312594,L2,-0.05...
GetData ===>> H2,-0.18156406136805,H1,0.0856497925927126,AX,-0.00820100141012843,L1,-0.00123728590672964,L2,-0....
GetData ===>> H2,-0.109032355754092,H1,0.0873418923488913,AX,-0.0319776931790941,L1,0.0226399647322566,L2,-0.10...
GetData ===>> H2,-0.11703358859041,H1,0.116946347143388,AX,-0.0516209772036213,L1,0.00262269426697732,L2,0.0015...
GetData ===>> H2,-0.192078701361723,H1,0.00241894572694541,AX,-0.0957169534285772,L1,-0.0442081781193545,L2,-0....
GetData ===>> H2,-0.157990584870241,H1,0.0753309861585063,AX,-0.112473747722554,L1,-0.0479117704987044,L2,-0.02...
GetData ===>> H2,-0.173271036073749,H1,0.0583809920466695,AX,-0.0181531235770098,L1,-0.0426348754441409,L2,-0.0...
Peak center failed to move to a baseline position
_do_sweep sm= 5.86598536722, em= 5.89598536722, stm= 0.001
calculated step values: start=5.86598536722, end=5.89598536722, width=0.001, nsteps=31.0
setting magnet DAC
current  : 5.865985
requested: 5.865985
Delta Dac: 0.000000
Checking detector protection. dv=0.00000
Checking detector "CDD". Protection Threshold: 0.1 (V)
SetMagnetDAC 5.86598536722 ===>> OK
GetData ===>> H2,-0.173271036073749,H1,0.0583809920466695,AX,-0.0181531235770098,L1,-0.0426348754441409,L2,-0.0...
setting magnet DAC
current  : 5.865985
requested: 5.867020
Delta Dac: 0.001034
Checking detector protection. dv=0.00103
Checking detector "CDD". Protection Threshold: 0.1 (V)
SetMagnetDAC 5.86701984998 ===>> OK
Magnet settling time: 1.049
GetData ===>> H2,-0.198111126963982,H1,0.114586250769544,AX,0.0523654181059317,L1,-0.0271481785532387,L2,-0.005...
setting magnet DAC
current  : 5.867020
requested: 5.868054
Delta Dac: 0.001034
Checking detector protection. dv=0.00103
Checking detector "CDD". Protection Threshold: 0.1 (V)
SetMagnetDAC 5.86805433274 ===>> OK
Magnet settling time: 1.049
GetData ===>> H2,-0.155872373737864,H1,0.447383442251792,AX,0.0433853890254557,L1,0.0160153497617663,L2,-0.0782...
setting magnet DAC
current  : 5.868054
requested: 5.869089
Delta Dac: 0.001034
Checking detector protection. dv=0.00103
Checking detector "CDD". Protection Threshold: 0.1 (V)
SetMagnetDAC 5.8690888155 ===>> OK
Magnet settling time: 1.049
GetData ===>> H2,-0.287345649079414,H1,1.76438948641982,AX,0.317768213156572,L1,-0.0399283143413902,L2,-0.02532...
setting magnet DAC
current  : 5.869089
requested: 5.870123
Delta Dac: 0.001034
Checking detector protection. dv=0.00103
Checking detector "CDD". Protection Threshold: 0.1 (V)
SetMagnetDAC 5.87012329826 ===>> OK
Magnet settling time: 1.049
GetData ===>> H2,-0.326136783479557,H1,6.50270218733746,AX,1.03310459871276,L1,-0.0294364421088951,L2,0.0008426...
setting magnet DAC
current  : 5.870123
requested: 5.871158
Delta Dac: 0.001034
Checking detector protection. dv=0.00103
Checking detector "CDD". Protection Threshold: 0.1 (V)
SetMagnetDAC 5.87115778102 ===>> OK
Magnet settling time: 1.049
GetData ===>> H2,-0.350160712767517,H1,18.6081104809418,AX,2.86150884810692,L1,-0.0186871364456537,L2,-0.033926...
setting magnet DAC
current  : 5.871158
requested: 5.872192
Delta Dac: 0.001034
Checking detector protection. dv=0.00103
Checking detector "CDD". Protection Threshold: 0.1 (V)
SetMagnetDAC 5.87219226378 ===>> OK
Magnet settling time: 1.049
GetData ===>> H2,-0.216945612028435,H1,40.6255515148051,AX,7.19729554623619,L1,0.0100521210152948,L2,-0.0532753...
setting magnet DAC
current  : 5.872192
requested: 5.873227
Delta Dac: 0.001034
Checking detector protection. dv=0.00103
Checking detector "CDD". Protection Threshold: 0.1 (V)
SetMagnetDAC 5.87322674654 ===>> OK
Magnet settling time: 1.049
GetData ===>> H2,-0.104030793135308,H1,64.8571279153305,AX,12.7585965372859,L1,0.0673391117111656,L2,-0.0703672...
setting magnet DAC
current  : 5.873227
requested: 5.874261
Delta Dac: 0.001034
Checking detector protection. dv=0.00103
Checking detector "CDD". Protection Threshold: 0.1 (V)
SetMagnetDAC 5.87426122929 ===>> OK
Magnet settling time: 1.049
GetData ===>> H2,-0.141997631170933,H1,82.392562710057,AX,17.7579198418356,L1,0.111161480606163,L2,0.0346448753...
setting magnet DAC
current  : 5.874261
requested: 5.875296
Delta Dac: 0.001034
Checking detector protection. dv=0.00103
Checking detector "CDD". Protection Threshold: 0.1 (V)
SetMagnetDAC 5.87529571205 ===>> OK
Magnet settling time: 1.049
GetData ===>> H2,-0.0438586099094916,H1,91.0963653367334,AX,20.6098433864241,L1,0.143630315496908,L2,0.08304570...
setting magnet DAC
current  : 5.875296
requested: 5.876330
Delta Dac: 0.001034
Checking detector protection. dv=0.00103
Checking detector "CDD". Protection Threshold: 0.1 (V)
SetMagnetDAC 5.87633019481 ===>> OK
Magnet settling time: 1.049
GetData ===>> H2,-0.198130006791698,H1,94.4016767618398,AX,22.0313950948413,L1,0.222530118924302,L2,0.107232502...
setting magnet DAC
current  : 5.876330
requested: 5.877365
Delta Dac: 0.001034
Checking detector protection. dv=0.00103
Checking detector "CDD". Protection Threshold: 0.1 (V)
SetMagnetDAC 5.87736467757 ===>> OK
Magnet settling time: 1.049
GetData ===>> H2,-0.182170629700308,H1,95.546429831325,AX,22.5222573818635,L1,0.253676981343102,L2,0.1975595856...
setting magnet DAC
current  : 5.877365
requested: 5.878399
Delta Dac: 0.001034
Checking detector protection. dv=0.00103
Checking detector "CDD". Protection Threshold: 0.1 (V)
SetMagnetDAC 5.87839916033 ===>> OK
Magnet settling time: 1.049
GetData ===>> H2,-0.274315048318474,H1,95.4733247936705,AX,22.5788958177446,L1,0.322836624103746,L2,0.052256843...
setting magnet DAC
current  : 5.878399
requested: 5.879434
Delta Dac: 0.001034
Checking detector protection. dv=0.00103
Checking detector "CDD". Protection Threshold: 0.1 (V)
SetMagnetDAC 5.87943364309 ===>> OK
Magnet settling time: 1.049
GetData ===>> H2,-0.256639844619336,H1,95.6899278029529,AX,22.5518672126507,L1,0.299879045700698,L2,0.107232502...
setting magnet DAC
current  : 5.879434
requested: 5.880468
Delta Dac: 0.001034
Checking detector protection. dv=0.00103
Checking detector "CDD". Protection Threshold: 0.1 (V)
SetMagnetDAC 5.88046812585 ===>> OK
Magnet settling time: 1.049
GetData ===>> H2,-0.120250773496915,H1,95.6917964499896,AX,22.4749863894902,L1,0.30618299854552,L2,0.1743081834...
setting magnet DAC
current  : 5.880468
requested: 5.881503
Delta Dac: 0.001034
Checking detector protection. dv=0.00103
Checking detector "CDD". Protection Threshold: 0.1 (V)
SetMagnetDAC 5.8815026086 ===>> OK
Magnet settling time: 1.049
GetData ===>> H2,-0.153721335960529,H1,95.4778311878671,AX,22.5000035576503,L1,0.314094613196595,L2,0.139977626...
setting magnet DAC
current  : 5.881503
requested: 5.882537
Delta Dac: 0.001034
Checking detector protection. dv=0.00103
Checking detector "CDD". Protection Threshold: 0.1 (V)
SetMagnetDAC 5.88253709136 ===>> OK
Magnet settling time: 1.049
GetData ===>> H2,-0.273788952941562,H1,95.401896715267,AX,22.5889426459342,L1,0.316600706128504,L2,0.1913525744...
setting magnet DAC
current  : 5.882537
requested: 5.883572
Delta Dac: 0.001034
Checking detector protection. dv=0.00103
Checking detector "CDD". Protection Threshold: 0.1 (V)
SetMagnetDAC 5.88357157412 ===>> OK
Magnet settling time: 1.049
GetData ===>> H2,-0.197571690005308,H1,95.3967878641309,AX,22.5091891765781,L1,0.274709206411857,L2,0.221820992...
setting magnet DAC
current  : 5.883572
requested: 5.884606
Delta Dac: 0.001034
Checking detector protection. dv=0.00103
Checking detector "CDD". Protection Threshold: 0.1 (V)
SetMagnetDAC 5.88460605688 ===>> OK
Magnet settling time: 1.049
GetData ===>> H2,-0.236031021939065,H1,95.3205988581943,AX,22.5803458180461,L1,0.363475088116893,L2,0.068664181...
setting magnet DAC
current  : 5.884606
requested: 5.885641
Delta Dac: 0.001034
Checking detector protection. dv=0.00103
Checking detector "CDD". Protection Threshold: 0.1 (V)
SetMagnetDAC 5.88564053964 ===>> OK
Magnet settling time: 1.049
GetData ===>> H2,-0.200182325904022,H1,94.8789087084138,AX,22.1511767655192,L1,0.290747769148801,L2,0.274634486...
setting magnet DAC
current  : 5.885641
requested: 5.886675
Delta Dac: 0.001034
Checking detector protection. dv=0.00103
Checking detector "CDD". Protection Threshold: 0.1 (V)
SetMagnetDAC 5.8866750224 ===>> OK
Magnet settling time: 1.049
GetData ===>> H2,-0.165519997407528,H1,93.3818293817743,AX,21.4104424580764,L1,0.278539236433837,L2,0.076527028...
setting magnet DAC
current  : 5.886675
requested: 5.887710
Delta Dac: 0.001034
Checking detector protection. dv=0.00103
Checking detector "CDD". Protection Threshold: 0.1 (V)
SetMagnetDAC 5.88770950516 ===>> OK
Magnet settling time: 1.049
GetData ===>> H2,-0.0685674868687932,H1,88.249150001417,AX,19.4059780146607,L1,0.237207841280965,L2,0.255998236...
setting magnet DAC
current  : 5.887710
requested: 5.888744
Delta Dac: 0.001034
Checking detector protection. dv=0.00103
Checking detector "CDD". Protection Threshold: 0.1 (V)
SetMagnetDAC 5.88874398791 ===>> OK
Magnet settling time: 1.049
GetData ===>> H2,-0.186054592519525,H1,75.7320179160487,AX,15.4127246301907,L1,0.223536595147418,L2,-0.10140248...
setting magnet DAC
current  : 5.888744
requested: 5.889778
Delta Dac: 0.001034
Checking detector protection. dv=0.00103
Checking detector "CDD". Protection Threshold: 0.1 (V)
SetMagnetDAC 5.88977847067 ===>> OK
Magnet settling time: 1.049
GetData ===>> H2,-0.148792067680142,H1,54.5917682806181,AX,9.76190841238543,L1,0.162042802948129,L2,0.082840563...
setting magnet DAC
current  : 5.889778
requested: 5.890813
Delta Dac: 0.001034
Checking detector protection. dv=0.00103
Checking detector "CDD". Protection Threshold: 0.1 (V)
SetMagnetDAC 5.89081295343 ===>> OK
Magnet settling time: 1.049
GetData ===>> H2,-0.22146025493453,H1,19.8351908534765,AX,2.73906019356811,L1,0.101953991259762,L2,0.0194733856...
setting magnet DAC
current  : 5.890813
requested: 5.891847
Delta Dac: 0.001034
Checking detector protection. dv=0.00103
Checking detector "CDD". Protection Threshold: 0.1 (V)
SetMagnetDAC 5.89184743619 ===>> OK
Magnet settling time: 1.049
GetData ===>> H2,-0.185529082166361,H1,7.32645129292309,AX,0.777675155654554,L1,0.0912305230846202,L2,0.0387229...
setting magnet DAC
current  : 5.891847
requested: 5.892882
Delta Dac: 0.001034
Checking detector protection. dv=0.00103
Checking detector "CDD". Protection Threshold: 0.1 (V)
SetMagnetDAC 5.89288191895 ===>> OK
Magnet settling time: 1.049
GetData ===>> H2,-0.130853721424611,H1,2.18374993791637,AX,0.0747270303878835,L1,0.0334479064657713,L2,-0.03174...
setting magnet DAC
current  : 5.892882
requested: 5.893916
Delta Dac: 0.001034
Checking detector protection. dv=0.00103
Checking detector "CDD". Protection Threshold: 0.1 (V)
SetMagnetDAC 5.89391640171 ===>> OK
Magnet settling time: 1.049
GetData ===>> H2,-0.063185635440639,H1,0.530839274874162,AX,-0.136526174578716,L1,0.00581332287181764,L2,-0.056...
setting magnet DAC
current  : 5.893916
requested: 5.894951
Delta Dac: 0.001034
Checking detector protection. dv=0.00103
Checking detector "CDD". Protection Threshold: 0.1 (V)
SetMagnetDAC 5.89495088447 ===>> OK
Magnet settling time: 1.049
GetData ===>> H2,-0.155637292742836,H1,0.0884620304504537,AX,-0.0629830503807386,L1,0.00321334412253373,L2,0.10...
setting magnet DAC
current  : 5.894951
requested: 5.895985
Delta Dac: 0.001034
Checking detector protection. dv=0.00103
Checking detector "CDD". Protection Threshold: 0.1 (V)
SetMagnetDAC 5.89598536722 ===>> OK
Magnet settling time: 1.049
GetData ===>> H2,-0.0970194927179074,H1,-0.0153534951047305,AX,-0.0491860746321267,L1,0.0263333971120352,L2,0.0...
result of _do_sweep=True
result of _calculate_peak_center=([5.8735905776455359, 5.8812859684270986, 5.8889813592086622], [71.024400072597928, 95.691699085614943, 70.881199111931878], 5.8804142249401252, 95.691699085614943)
Failed to find a valid peak. No peak greater than 1.0. max = 0.0151807066317
new center pos Detector(H1) (Ar40) @ 5.88128596843
GetHighVoltage ===>> 4499.94659342336
GetDeflection H1 ===>> 0
dac uncorrected for HV and deflection 5.88132060297
update mftable H1 Ar40 5.88132060297 message=automated run peakcenter
get initial guess parabolic
get initial guess parabolic
get initial guess parabolic
get initial guess parabolic
get initial guess parabolic
get initial guess parabolic
dump mftable to /Users/jan/PychronDev/setupfiles/spectrometer/mftables/mftable.csv
add to repo msg=modified - automated run peakcenter
sweep finished
locally archiving mftable
setting magnet DAC
current  : 5.895985
requested: 5.881286
Delta Dac: 0.014699
Checking detector protection. dv=0.01470
Checking detector "CDD". Protection Threshold: 0.1 (V)
SetMagnetDAC 5.88128596843 ===>> OK
Magnet settling time: 0.500
setting integration time = 1.048576
SetIntegrationTime 1.048576 ===>> OK
Failed to find a valid peak. No peak greater than 1.0. max = 0.0151807066317
flush and close file /Users/jan/PychronDev/data/isotopes/fa/c8dc63-7c3b-4a49-bb19-cc0787002add.h5
finished measure script
executed snippet estimated_duration=226.132928, duration=272.814172029
jan_unknown120_60.py completed successfully
Measurement Finished
06:35:00 -- ******* Measurement Finished *******
Post Measurement Started jan_pump_ms.py
06:35:00 -- ******* Post Measurement Started jan_pump_ms.py *******
testing...
no interpolation path defined
executed snippet estimated_duration=0, duration=2.8133392334e-05
Pumping spectrometer
open () {'name': 'O'}
opening name=O desc=---
checking ownership. requestor=129.138.12.150
check software interlocks O
interlocks []
actuate state mode=None-script, software_lock=False
doing actuation None-script open_channel True
Open O ===>> OK
GetIndicatorState O ===>> OK
change switch state (True, True)
update switch state O True args=() kw={} ncanvase=3
06:35:00 -- OPEN   VALVE-O (Jan Ion Pump)
---------------------------------------- open O () result=[(True, True)], time=0.09 sec
action=open, ok=True, locked=[False]
executed snippet estimated_duration=0, duration=0.346119880676
jan_pump_ms.py completed successfully
setting _ms_pumptime
Post Measurement Finished
06:35:00 -- ******* Post Measurement Finished *******
$$$$$$$$$$$$$$$$$$$$ state at run end measurement
state changed from measurement to success
post measurement save measured=True aborted=False
Set filtering
setting fod for Ar40= {'filter_outliers': True, 'std_devs': 2, 'iterations': 1}
setting fod for H1= {'filter_outliers': True, 'std_devs': 2, 'iterations': 1}
setting fod for PM41= {'filter_outliers': False, 'std_devs': 2, 'iterations': 1}
setting fod for H2= {'filter_outliers': True, 'std_devs': 2, 'iterations': 1}
setting fod for Ar36= {'filter_outliers': True, 'std_devs': 2, 'iterations': 1}
setting fod for CDD= {'filter_outliers': True, 'std_devs': 10, 'iterations': 1}
setting fod for Ar37= {'filter_outliers': True, 'std_devs': 2, 'iterations': 1}
setting fod for L2= {'filter_outliers': True, 'std_devs': 2, 'iterations': 1}
setting fod for Ar38= {'filter_outliers': True, 'std_devs': 2, 'iterations': 1}
setting fod for L1= {'filter_outliers': True, 'std_devs': 2, 'iterations': 1}
setting fod for Ar39= {'filter_outliers': True, 'std_devs': 2, 'iterations': 1}
setting fod for AX= {'filter_outliers': True, 'std_devs': 2, 'iterations': 1}
persistence save...
persistence save - db
post measurement save
6212583696 connecting to database sqlite:////Users/jan/PychronDev/.appdata/local_lab.db
connected to db sqlite:////Users/jan/PychronDev/.appdata/local_lab.db
create new session 6212583696
close session 6212583696
No database instance. Not saving post measurement to isotopedb database
$$$$$$$$$$$$$$$ auto_save_detector_ic=False
massspec enabled True
create new session 5025924496
MassSpec Database Version: 16.0
close session 5025924496
saving post measurement to secondary database
saving to massspec database 129.138.12.160/massspecdata
setting labnumber to 65591
setting aliquot to 4
setting step to 
setting uuid to fac8dc63-7c3b-4a49-bb19-cc0787002add
setting irradpos to 65591
setting extract_device to Fusions CO2
setting tray to 
setting position to 200
setting power_requested to 0.35
setting extract_value to 0.35
setting duration to 30.0
setting duration_at_request to 30.0
setting first_stage_delay to 30.0
setting cleanup to 30.0
setting comment to O:14
setting irradiation to NM-289
setting level to O
setting irradiation_level to O
setting sample to BW-2014-10
setting material to Sanidine
setting project to Bustos Wells
setting mass_spectrometer to Jan
no attribute chron_dosages
no attribute production_ratios
no attribute interference_corrections
no attribute production_name
no attribute j
Reference Isotope=Ar40
Reference Detector=H1
%%%%%%%%%%%%%%%%%%%% Comment: O:14 %%%%%%%%%%%%%%%%%%%
adding isotope PM41 H2
add baseline dbdet= PM41. original det= H2
get baseline data PM41 H2
Get data baseline <pychron.processing.isotope.Baseline object at 0x1666e7fd0> len t=60
baseline PM41. v=-0.198902859121, e=0.00615172225424
get signal data PM41 H2
Get data signal PM41 0.03+/-0.07 len t=120
adding isotope Ar40 H1
add baseline dbdet= Ar40. original det= H1
get baseline data Ar40 H1
Get data baseline <pychron.processing.isotope.Baseline object at 0x1666f9190> len t=60
baseline Ar40. v=-0.0479691581742, e=0.00493647194544
get signal data Ar40 H1
Get data signal Ar40 100.360+/-0.022 len t=120
adding isotope Ar39 AX
add baseline dbdet= Ar39. original det= AX
get baseline data Ar39 AX
Get data baseline <pychron.processing.isotope.Baseline object at 0x1666f9350> len t=60
baseline Ar39. v=-0.0834530541931, e=0.00618674932425
get signal data Ar39 AX
Get data signal Ar39 24.540+/-0.014 len t=120
adding isotope Ar38 L1
add baseline dbdet= Ar38. original det= L1
get baseline data Ar38 L1
Get data baseline <pychron.processing.isotope.Baseline object at 0x1666f9510> len t=60
baseline Ar38. v=-0.0251073195031, e=0.00270875356485
get signal data Ar38 L1
Get data signal Ar38 0.377+/-0.005 len t=120
adding isotope Ar37 L2
add baseline dbdet= Ar37. original det= L2
get baseline data Ar37 L2
Get data baseline <pychron.processing.isotope.Baseline object at 0x1666f96d0> len t=60
baseline Ar37. v=-0.00655452367579, e=0.00642312680562
get signal data Ar37 L2
Get data signal Ar37 0.158+/-0.010 len t=120
adding isotope Ar36 CDD
add baseline dbdet= Ar36. original det= CDD
get baseline data Ar36 CDD
Get data baseline <pychron.processing.isotope.Baseline object at 0x1666f9890> len t=60
baseline Ar36. v=6.20272548566e-05, e=1.18901188333e-05
get signal data Ar36 CDD
Get data signal Ar36 0.00760+/-0.00024 len t=120
65591-04 added analysis time 0.482256889343s
analysis added to mass spec database
mass spec save time= 0.491
persistence save - dvc
================= post measurement started
create new session 4992585168
close session 4992585168
---------------- Experiment Queue saving disabled
DVC saving peakcenter
Failed to find a valid peak. No peak greater than 1.0. max = 0.0151807066317
Smart pull ahead: 0 behind: 0
Up-to-date with origin
add to repo msg=modified - ad8224ebc6dbfeb9f5997218dfa5fe690569839d.json
add to repo msg=modified - 91-04.json
add to repo msg=modified - 91-04.dat.json
add to repo msg=modified - 91-04.blan.json
add to repo msg=modified - 91-04.inte.json
add to repo msg=modified - 91-04.icfa.json
add to repo msg=modified - 91-04.base.json
not at valid file /Users/jan/PychronDev/data/.dvc/repositories/Load1792/655/tags/91-04.tags.json
add to repo msg=modified - 91-04.peak.json
add to repo msg=modified - 91-04.extr.json
not at valid file /Users/jan/PychronDev/data/.dvc/repositories/Load1792/655/monitor/91-04.moni.json
commit message=<COLLECTION>
add to repo msg=modified - 91-04.inte.json
add to repo msg=modified - 91-04.base.json
commit message=<ISOEVO> default collection fits
add to repo msg=modified - 91-04.blan.json
commit message=<BLANKS> preceding ba-01-J-2326
add to repo msg=modified - 91-04.icfa.json
commit message=<ICFactor> default
push repository <pychron.git_archive.repo_manager.GitRepoManager object at 0x17b4e5dd0>
pushing to remote=origin, url=https://github.com
no changes to meta repo
create new session 4992585168
add association Load1792
get identifier "65591"
setting analysis irradiation position=<pychron.dvc.dvc_orm.IrradiationPositionTbl object at 0x19c1b2f50>
close session 4992585168
================= post measurement finished
06:35:12 -- ******* Post Run Check *******
loading queue conditionals post_run_actions
loading system conditionals post_run_actions
loading conditionals from /Users/jan/PychronDev/setupfiles/spectrometer/default_conditionals.yaml
loading queue conditionals post_run_terminations
loading system conditionals post_run_terminations
loading conditionals from /Users/jan/PychronDev/setupfiles/spectrometer/default_conditionals.yaml
Checking default post run terminations n=1
GetDeflection CDD ===>> 50
testing CDD==2000
evaluate ot="CDD.deflection==2000" t="CDD==2000", ctx="{'CDD': 50.0}"
06:35:12 -- ******* Post Run Check Passed *******
06:35:12 -- Automated run 65591-04 success duration: 372.440 s
----------------- finish -----------------
----------------- stop -----------------
retroactive repository identifiers disabled
finish run. runs completed=144
update duration runid=65591-04, duration=372.440257072, md5=301e91d8
loading script "jan_unknown120_60.py"
loading script "jan_pump_ms.py"
loading script "jan_co2.py"
loading script "jan_pump_extraction_line.py"
testing...
no interpolation path defined
executed snippet estimated_duration=213.652928, duration=0.000403881072998
script duration name:unknown120_60 seconds:214.0
loading script "jan_unknown120_60.py"
loading script "jan_pump_ms.py"
loading script "jan_co2.py"
loading script "jan_pump_extraction_line.py"
testing...
no interpolation path defined
executed snippet estimated_duration=0, duration=2.47955322266e-05
loading script "jan_unknown120_60.py"
loading script "jan_pump_ms.py"
loading script "jan_co2.py"
loading script "jan_pump_extraction_line.py"
testing...
no interpolation path defined
calculate duration
testing...
no interpolation path defined
executed snippet estimated_duration=0, duration=5.00679016113e-05
calculate duration
testing...
no interpolation path defined
executed snippet estimated_duration=0, duration=0.000102043151855
executed snippet estimated_duration=0.0, duration=0.00261998176575
script duration name:co2 seconds:0.0
loading script "jan_unknown120_60.py"
loading script "jan_pump_ms.py"
loading script "jan_co2.py"
loading script "jan_pump_extraction_line.py"
testing...
no interpolation path defined
calculate duration
testing...
no interpolation path defined
executed snippet estimated_duration=4.0, duration=0.000153064727783
executed snippet estimated_duration=4.0, duration=0.00187087059021
Script duration 214.0
Run total estimated duration= 215.000
unknown120_60 in script context. using previous estimated duration
script duration name:unknown120_60 seconds:214.0
pump_ms in script context. using previous estimated duration
co2 in script context. using previous estimated duration
script duration name:co2 seconds:0.0
pump_extraction_line in script context. using previous estimated duration
Script duration 214.0
Run total estimated duration= 215.000
script duration name:unknown120_60 seconds:214.0
script duration name:co2 seconds:0.0
Script duration 214.0
Run total estimated duration= 215.000
script duration name:unknown120_60 seconds:214.0
script duration name:co2 seconds:0.0
Script duration 214.0
Run total estimated duration= 215.000
script duration name:unknown120_60 seconds:214.0
script duration name:co2 seconds:0.0
Script duration 214.0
Run total estimated duration= 215.000
script duration name:unknown120_60 seconds:214.0
script duration name:co2 seconds:0.0
Script duration 214.0
Run total estimated duration= 215.000
script duration name:unknown120_60 seconds:214.0
script duration name:co2 seconds:0.0
Script duration 214.0
Run total estimated duration= 215.000
script duration name:unknown120_60 seconds:214.0
script duration name:co2 seconds:0.0
Script duration 214.0
Run total estimated duration= 215.000
loading script "jan_unknown400_120.py"
loading script "jan_pump_ms.py"
loading script "jan_co2.py"
loading script "jan_pump_extraction_line.py"
testing...
no interpolation path defined
executed snippet estimated_duration=556.052928, duration=0.000186920166016
script duration name:unknown400_120 seconds:556.0
script duration name:co2 seconds:0.0
Script duration 556.0
Run total estimated duration= 557.000
unknown400_120 in script context. using previous estimated duration
script duration name:unknown400_120 seconds:556.0
loading script "jan_unknown400_120.py"
loading script "jan_pump_ms.py"
loading script "jan_cocktail_x1.py"
loading script "jan_pump_extraction_line.py"
testing...
no interpolation path defined
calculate duration
testing...
no interpolation path defined
executed snippet estimated_duration=0, duration=5.79357147217e-05
calculate duration
testing...
no interpolation path defined
executed snippet estimated_duration=0, duration=0.000104904174805
calculate duration
testing...
no interpolation path defined
executed snippet estimated_duration=32.0, duration=9.29832458496e-05
calculate duration
testing...
no interpolation path defined
executed snippet estimated_duration=34.0, duration=0.000102043151855
calculate duration
testing...
no interpolation path defined
executed snippet estimated_duration=4.0, duration=6.29425048828e-05
calculate duration
testing...
no interpolation path defined
executed snippet estimated_duration=38.0, duration=9.70363616943e-05
executed snippet estimated_duration=108.0, duration=0.00881791114807
script duration name:cocktail_x1 seconds:108.0
Script duration 664.0
Run total estimated duration= 665.000
script duration name:unknown400_120 seconds:556.0
loading script "jan_unknown400_120.py"
loading script "jan_pump_ms.py"
loading script "jan_sniffair_x2.py"
loading script "jan_pump_extraction_line.py"
testing...
no interpolation path defined
calculate duration
testing...
no interpolation path defined
executed snippet estimated_duration=0, duration=4.41074371338e-05
calculate duration
testing...
no interpolation path defined
executed snippet estimated_duration=0, duration=9.79900360107e-05
calculate duration
testing...
no interpolation path defined
executed snippet estimated_duration=32.0, duration=8.98838043213e-05
calculate duration
testing...
no interpolation path defined
executed snippet estimated_duration=34.0, duration=0.000136137008667
calculate duration
testing...
no interpolation path defined
executed snippet estimated_duration=4.0, duration=6.79492950439e-05
calculate duration
testing...
no interpolation path defined
executed snippet estimated_duration=36.0, duration=8.79764556885e-05
calculate duration
testing...
no interpolation path defined
executed snippet estimated_duration=34.0, duration=9.79900360107e-05
calculate duration
testing...
no interpolation path defined
executed snippet estimated_duration=4.0, duration=9.48905944824e-05
calculate duration
testing...
no interpolation path defined
executed snippet estimated_duration=36.0, duration=0.000101089477539
calculate duration
testing...
no interpolation path defined
executed snippet estimated_duration=70.0, duration=0.000128984451294
executed snippet estimated_duration=250.0, duration=0.0238790512085
script duration name:sniffair_x2 seconds:250.0
Script duration 806.0
Run total estimated duration= 807.000
script duration name:unknown400_120 seconds:556.0
sniffair_x2 in script context. using previous estimated duration
script duration name:sniffair_x2 seconds:250.0
Script duration 806.0
Run total estimated duration= 807.000
script duration name:unknown400_120 seconds:556.0
cocktail_x1 in script context. using previous estimated duration
script duration name:cocktail_x1 seconds:108.0
Script duration 664.0
Run total estimated duration= 665.000
loading script "jan_ic_peak_hop3.py"
loading script "jan_pump_ms.py"
loading script "jan_air_x1.py"
loading script "jan_pump_extraction_line.py"
testing...
no interpolation path defined
executed snippet estimated_duration=133.8, duration=0.00704479217529
script duration name:ic_peak_hop3 seconds:134.0
loading script "jan_ic_peak_hop3.py"
loading script "jan_pump_ms.py"
loading script "jan_air_x1.py"
loading script "jan_pump_extraction_line.py"
testing...
no interpolation path defined
calculate duration
testing...
no interpolation path defined
executed snippet estimated_duration=0, duration=4.2200088501e-05
calculate duration
testing...
no interpolation path defined
executed snippet estimated_duration=0, duration=9.58442687988e-05
calculate duration
testing...
no interpolation path defined
executed snippet estimated_duration=32.0, duration=8.89301300049e-05
calculate duration
testing...
no interpolation path defined
executed snippet estimated_duration=34.0, duration=9.98973846436e-05
calculate duration
testing...
no interpolation path defined
executed snippet estimated_duration=4.0, duration=6.31809234619e-05
calculate duration
testing...
no interpolation path defined
executed snippet estimated_duration=36.0, duration=0.000108957290649
executed snippet estimated_duration=106.0, duration=0.0172860622406
script duration name:air_x1 seconds:106.0
Script duration 240.0
Run total estimated duration= 241.000
nruns=14 before=5.0, run_dur=5462.0, btw=585.0
write rem/ex queues
/Users/jan/PychronDev/experiments/rem/CurrentExperiment.rem.txt
/Users/jan/PychronDev/experiments/rem/CurrentExperiment.ex.txt
doing event level: 3
