do run
loading script "jan_unknown120_60.py"
loading script "jan_pump_ms.py"
loading script "jan_co2.py"
loading script "jan_pump_extraction_line.py"
testing...
no interpolation path defined
executed snippet estimated_duration=213.652928, duration=0.00018310546875
script duration name:unknown120_60 seconds:214.0
loading script "jan_unknown120_60.py"
loading script "jan_pump_ms.py"
loading script "jan_co2.py"
loading script "jan_pump_extraction_line.py"
testing...
no interpolation path defined
executed snippet estimated_duration=0, duration=3.09944152832e-05
loading script "jan_unknown120_60.py"
loading script "jan_pump_ms.py"
loading script "jan_co2.py"
loading script "jan_pump_extraction_line.py"
testing...
no interpolation path defined
calculate duration
testing...
no interpolation path defined
executed snippet estimated_duration=0, duration=5.3882598877e-05
calculate duration
testing...
no interpolation path defined
executed snippet estimated_duration=0, duration=7.00950622559e-05
executed snippet estimated_duration=0.0, duration=0.00223112106323
script duration name:co2 seconds:0.0
loading script "jan_unknown120_60.py"
loading script "jan_pump_ms.py"
loading script "jan_co2.py"
loading script "jan_pump_extraction_line.py"
testing...
no interpolation path defined
calculate duration
testing...
no interpolation path defined
executed snippet estimated_duration=4.0, duration=0.000117063522339
executed snippet estimated_duration=4.0, duration=0.00110197067261
Script duration 214.0
Run total estimated duration= 215.000
run duration: 0:03:35
doing event level: 2
06:07:50 -- Setting default integration. t=1.048576
setting integration time = 1.048576
SetIntegrationTime 1.048576 ===>> OK
----------------- start -----------------
**************** Experiment Type: Ar/Ar, Ar/Ar
create new session 4419438256
close session 4419438256
$$$$$ Clearing conditionals
adding conditionals 
Add queue conditionals
add default conditionals
adding default conditionals from /Users/jan/PychronDev/setupfiles/spectrometer/default_conditionals.yaml
Start automated run 65591-01
loading script "jan_unknown120_60.py"
loading script "jan_pump_ms.py"
loading script "jan_co2.py"
loading script "jan_pump_extraction_line.py"
%%%%%%%%%%%%%%%%%% setting automated run 65591-01
No value "sensitivity_multiplier" in metadata
$$$$$$$$$$$$$$$ auto_save_detector_ic=False
============================= Pre Extraction Check =============================
loading queue conditionals pre_run_terminations
loading system conditionals pre_run_terminations
loading conditionals from /Users/jan/PychronDev/setupfiles/spectrometer/default_conditionals.yaml
06:07:50 -- ******* Pre Extraction Check *******
Get a measurement from the spectrometer
GetData ===>> H2,-0.1771587219752,H1,0.0510647724584647,AX,-0.048270071703841,L1,0.032069543865987,L2,0.0504250...
Pre Extraction Termination data. keys=H2,H1,AX,L1,L2,CDD, signals=-0.17716,0.05106,-0.04827,0.03207,0.05043,0.00313
06:07:50 -- testing system defined conditionals
Checking default pre extraction terminations n=2
testing CDD
evaluate ot="CDD.inactive" t="CDD", ctx="{'CDD': False}"
GetDeflection CDD ===>> 50
testing CDD==2000
evaluate ot="CDD.deflection==2000" t="CDD==2000", ctx="{'CDD': 50.0}"
06:07:50 -- ******* Pre Extraction Check Passed *******
=================================================================================
06:07:50 -- stopping status monitor
stop 5025639504
Status monitor stopped
06:07:52 -- starting status monitor
start 5025639504
StatusMonitor period=1. Frequencies(state=2, checksum=3, lock=5, owner=5)
start extraction
do extraction
Analysis started at 06:07:54.643040
Extraction Started jan_co2.py
06:07:54 -- ******* Extraction Started jan_co2.py *******
state changed from not run to extraction
DO EXTRACTION <pychron.extraction_line.pyscript_runner.RemotePyScriptRunner object at 0x12bfe48f0>
testing...
no interpolation path defined
calculate duration
testing...
no interpolation path defined
executed snippet estimated_duration=0, duration=4.88758087158e-05
calculate duration
testing...
no interpolation path defined
executed snippet estimated_duration=0, duration=9.10758972168e-05
executed snippet estimated_duration=100.0, duration=0.00267696380615
Jan CO2 laser analysis
doing GOSUB
testing...
no interpolation path defined
executed snippet estimated_duration=0, duration=4.29153442383e-05
Waiting for CO2 access
wait ('FelixCO2Flag', 0) {}
waiting for FelixCO2Flag = 0
Read FelixCO2Flag ===>> 0
finished waiting
CO2 free
wait ('CO2PumpTimeFlag', 0) {}
waiting for CO2PumpTimeFlag = 0
Read CO2PumpTimeFlag ===>> 0
finished waiting
acquire ('JanCO2Flag',) {'clear': True}
acquire JanCO2Flag
Set JanCO2Flag 1 ===>> OK
JanCO2Flag acquired
set extraction state False (0.75, 'red', 1.5)
CO2 acquired
executed snippet estimated_duration=0, duration=0.0250091552734
WaitForCO2Access.py completed successfully
gosub finished
doing GOSUB
testing...
no interpolation path defined
executed snippet estimated_duration=0, duration=7.41481781006e-05
Prepare for CO2 analysis
close () {'description': 'Jan Inlet'}
closing name=--- desc=Jan Inlet
checking ownership. requestor=129.138.12.150
check software interlocks R
interlocks []
actuate state mode=None-script, software_lock=False
doing actuation None-script close_channel False
Close R ===>> OK
GetIndicatorState R ===>> False
change switch state (True, True)
update switch state R False args=() kw={} ncanvase=3
06:07:55 -- CLOSE  VALVE-R (Jan Inlet)
---------------------------------------- close None (Jan Inlet) result=[(True, True)]
action=close, ok=True, locked=[False]
open () {'description': 'Jan Ion Pump'}
opening name=--- desc=Jan Ion Pump
checking ownership. requestor=129.138.12.150
check software interlocks O
interlocks []
actuate state mode=None-script, software_lock=False
doing actuation None-script open_channel False
Open O ===>> OK
GetIndicatorState O ===>> OK
change switch state (True, True)
update switch state O True args=() kw={} ncanvase=3
06:07:55 -- OPEN   VALVE-O (Jan Ion Pump)
---------------------------------------- open None (Jan Ion Pump) result=[(True, True)], time=0.12 sec
action=open, ok=True, locked=[False]
close () {'description': 'Microbone to Minibone'}
closing name=--- desc=Microbone to Minibone
checking ownership. requestor=129.138.12.150
check software interlocks L
interlocks []
actuate state mode=None-script, software_lock=False
doing actuation None-script close_channel False
Close L ===>> OK
GetIndicatorState L ===>> False
change switch state (True, True)
update switch state L False args=() kw={} ncanvase=3
06:07:56 -- CLOSE  VALVE-L (Microbone to Minibone)
---------------------------------------- close None (Microbone to Minibone) result=[(True, True)]
action=close, ok=True, locked=[False]
open () {'description': 'Microbone to Turbo'}
opening name=--- desc=Microbone to Turbo
checking ownership. requestor=129.138.12.150
check software interlocks U
interlocks []
actuate state mode=None-script, software_lock=False
doing actuation None-script open_channel False
Open U ===>> OK
GetIndicatorState U ===>> OK
change switch state (True, True)
update switch state U True args=() kw={} ncanvase=3
06:07:56 -- OPEN   VALVE-U (Microbone to Turbo)
---------------------------------------- open None (Microbone to Turbo) result=[(True, True)], time=0.14 sec
action=open, ok=True, locked=[False]
open () {'description': 'Microbone to Inlet Pipette'}
opening name=--- desc=Microbone to Inlet Pipette
checking ownership. requestor=129.138.12.150
check software interlocks S
interlocks []
actuate state mode=None-script, software_lock=False
doing actuation None-script open_channel False
Open S ===>> OK
GetIndicatorState S ===>> OK
change switch state (True, True)
update switch state S True args=() kw={} ncanvase=3
06:07:57 -- OPEN   VALVE-S (Microbone to Inlet Pipette)
---------------------------------------- open None (Microbone to Inlet Pipette) result=[(True, True)], time=0.42 sec
action=open, ok=True, locked=[False]
open () {'description': 'Microbone to Getter D-50'}
opening name=--- desc=Microbone to Getter D-50
checking ownership. requestor=129.138.12.150
check software interlocks K
interlocks []
actuate state mode=None-script, software_lock=False
doing actuation None-script open_channel False
Open K ===>> OK
GetIndicatorState K ===>> OK
change switch state (True, True)
update switch state K True args=() kw={} ncanvase=3
06:07:57 -- OPEN   VALVE-K (Microbone to Getter D-50)
---------------------------------------- open None (Microbone to Getter D-50) result=[(True, True)], time=0.42 sec
action=open, ok=True, locked=[False]
open () {'description': 'Microbone to Getter NP-10'}
opening name=--- desc=Microbone to Getter NP-10
checking ownership. requestor=129.138.12.150
check software interlocks M
interlocks []
actuate state mode=None-script, software_lock=False
doing actuation None-script open_channel False
Open M ===>> OK
GetIndicatorState M ===>> OK
change switch state (True, True)
update switch state M True args=() kw={} ncanvase=3
06:07:58 -- OPEN   VALVE-M (Microbone to Getter NP-10)
---------------------------------------- open None (Microbone to Getter NP-10) result=[(True, True)], time=0.16 sec
action=open, ok=True, locked=[False]
close () {'description': 'CO2 Laser to Felix'}
closing name=--- desc=CO2 Laser to Felix
checking ownership. requestor=129.138.12.150
check software interlocks F
interlocks []
actuate state mode=None-script, software_lock=True
VALVE-F(CO2 Laser to Felix) software locked
change switch state (True, False)
---------------------------------------- close None (CO2 Laser to Felix) result=[(True, False)]
action=close, ok=True, locked=[True]
open () {'description': 'CO2 Laser to Jan'}
opening name=--- desc=CO2 Laser to Jan
checking ownership. requestor=129.138.12.150
check software interlocks A
interlocks []
actuate state mode=None-script, software_lock=False
doing actuation None-script open_channel False
Open A ===>> OK
GetIndicatorState A ===>> OK
change switch state (True, True)
update switch state A True args=() kw={} ncanvase=3
06:07:58 -- OPEN   VALVE-A (CO2 Laser to Jan)
---------------------------------------- open None (CO2 Laser to Jan) result=[(True, True)], time=0.13 sec
action=open, ok=True, locked=[False]
open () {'description': 'Microbone to CO2 Laser'}
opening name=--- desc=Microbone to CO2 Laser
checking ownership. requestor=129.138.12.150
check software interlocks T
interlocks []
actuate state mode=None-script, software_lock=False
doing actuation None-script open_channel False
Open T ===>> OK
GetIndicatorState T ===>> OK
change switch state (True, True)
update switch state T True args=() kw={} ncanvase=3
06:07:59 -- OPEN   VALVE-T (Microbone to CO2 Laser)
---------------------------------------- open None (Microbone to CO2 Laser) result=[(True, True)], time=0.42 sec
action=open, ok=True, locked=[False]
executed snippet estimated_duration=0, duration=5.0587041378
PrepareForCO2Analysis.py completed successfully
gosub finished
set_motor ('beam', '1.25') {}
setting motor "beam" to 1.25
set motor beam to 1.25
SetMotor beam,1.25 ===>> OK
GetMotorMoving beam ===>> False
GetMotorMoving beam ===>> False
Block completed
move_to_position ('197',) {'autocenter': True}
FusionsCO2 move to position 197
sending GoToHole 197,True
GoToHole 197,True ===>> OK
GetDriveMoving ===>> OK
GetDriveMoving ===>> OK
GetDriveMoving ===>> OK
GetDriveMoving ===>> OK
GetDriveMoving ===>> OK
GetDriveMoving ===>> OK
GetDriveMoving ===>> OK
GetDriveMoving ===>> OK
GetDriveMoving ===>> OK
GetDriveMoving ===>> OK
GetDriveMoving ===>> OK
GetDriveMoving ===>> OK
GetDriveMoving ===>> OK
GetDriveMoving ===>> OK
GetDriveMoving ===>> OK
GetDriveMoving ===>> OK
GetDriveMoving ===>> OK
GetDriveMoving ===>> OK
GetDriveMoving ===>> OK
GetDriveMoving ===>> OK
GetDriveMoving ===>> OK
GetDriveMoving ===>> OK
GetDriveMoving ===>> OK
GetDriveMoving ===>> OK
GetDriveMoving ===>> OK
GetDriveMoving ===>> OK
GetDriveMoving ===>> OK
GetDriveMoving ===>> OK
GetDriveMoving ===>> OK
GetDriveMoving ===>> OK
GetDriveMoving ===>> OK
GetDriveMoving ===>> OK
GetDriveMoving ===>> OK
GetDriveMoving ===>> OK
GetDriveMoving ===>> False
GetDriveMoving ===>> OK
GetDriveMoving ===>> OK
GetDriveMoving ===>> OK
GetDriveMoving ===>> OK
GetDriveMoving ===>> False
Block completed
GetAutoCorrecting ===>> False
GetAutoCorrecting ===>> False
Block completed
update position
GetPosition ===>> -9.96950,-11.96340,1.00000
got position (-9.9695, -11.9634, 1.0)
move to position succeeded
sleep (5,) {}
SLEEP 5.0
block started
WaitControl setup for 5.0  
Join finished
block finished. duration 5.02487802505
close () {'description': 'Microbone to Turbo'}
closing name=--- desc=Microbone to Turbo
checking ownership. requestor=129.138.12.150
check software interlocks U
interlocks []
actuate state mode=None-script, software_lock=False
doing actuation None-script close_channel True
Close U ===>> OK
set states for children of U. state=False
handle state [('U', False)]
update switch state U False args=() kw={'refresh': False} ncanvase=3
refresh_canvas_needed fired
GetIndicatorState U ===>> False
change switch state (True, True)
update switch state U False args=() kw={} ncanvase=3
06:08:18 -- CLOSE  VALVE-U (Microbone to Turbo)
---------------------------------------- close None (Microbone to Turbo) result=[(True, True)]
action=close, ok=True, locked=[False]
enable laser
enable () {}
set extraction state FusionsCO2 Enabled (False, 'red', 1.5)
enabling laser
Enable ===>> OK
begin interval
BEGIN INTERVAL Interval 1 waiting for 30.0
block started
set extract to 0.35
WaitControl setup for 30.0  
extract (0.35,) {}
GetPosition ===>> -9.96950,-11.96340,1.00000
set extraction state FusionsCO2 ON! 0.35(watts) (0.75, 'red', 1.5)
extract sample to 0.35 (watts)
set laser output
SetLaserOutput 0.35,watts ===>> OK
executing pattern triangle.lp
execute_pattern ('triangle.lp',) {}
executing pattern triangle.lp
IsPatterning ===>> OK
IsPatterning ===>> OK
IsPatterning ===>> OK
IsPatterning ===>> OK
IsPatterning ===>> OK
IsPatterning ===>> OK
IsPatterning ===>> OK
IsPatterning ===>> OK
IsPatterning ===>> OK
IsPatterning ===>> OK
IsPatterning ===>> OK
IsPatterning ===>> OK
IsPatterning ===>> OK
IsPatterning ===>> OK
IsPatterning ===>> OK
IsPatterning ===>> OK
IsPatterning ===>> OK
IsPatterning ===>> OK
IsPatterning ===>> OK
IsPatterning ===>> OK
IsPatterning ===>> OK
IsPatterning ===>> OK
IsPatterning ===>> OK
IsPatterning ===>> OK
IsPatterning ===>> OK
IsPatterning ===>> OK
IsPatterning ===>> False
IsPatterning ===>> False
Block completed
COMPLETE INTERVAL waiting for Interval 1 to complete
Join finished
block finished. duration 30.1363170147
Interval 1 finished
end_extract () {}
ending extraction. set laser power to 0
set laser power 0
SetLaserPower 0 ===>> OK
disable () {}
%%%%%%%%%%%%%%%%%%%%%%%%%%%%%%%%%%% disable
set extraction state False (0.75, 'red', 1.5)
disabling laser
Disable ===>> OK
sleep (30.0,) {}
SLEEP 30.0
block started
WaitControl setup for 30.0  
Join finished
block finished. duration 30.1528170109
executed snippet estimated_duration=166.5, duration=85.4001841545
jan_co2.py completed successfully
GetAchievedOutput ===>> No Response
Requested Output= 0.000
Achieved Output=  0.000
GetResponseBlob ===>> No Response
GetOutputBlob ===>> No Response
persistence save...
persistence save - db
AutomatedRunPersister post_extraction_save deprecated
persistence save - dvc
no extraction position for 197
create new session 4992585168
close session 4992585168
Extraction Finished
06:09:20 -- ******* Extraction Finished *******
no overlap. not waiting for min ms pumptime
06:09:20 -- Sending spectrometer configuration
======== Sending configuration ========
SetDeflection CDD,50.0 ===>> OK
SetDeflection H2,0.0 ===>> OK
SetDeflection H1,0.0 ===>> OK
SetDeflection L2,825.0 ===>> OK
SetDeflection L1,400.0 ===>> OK
SetDeflection AX,190.0 ===>> OK
SetZFocus 74.64 ===>> OK
SetZSymmetry -50.72 ===>> OK
SetExtractionLens 26.13 ===>> OK
SetIonRepeller -3.81 ===>> OK
SetElectronEnergy 75.08 ===>> OK
SetYSymmetry -2.81 ===>> OK
SetIonCounterVoltage 1590.0 ===>> OK
send trap current 200.0
GetParameter Trap Current Readback ===>> 197.923274125618
SetParameter Trap Current Set,200.0 ===>> OK
updating mftable name mftable
Using mftable located at /Users/jan/PychronDev/setupfiles/spectrometer/mftables/mftable.csv
============ MFtable ===========
Isotope  H2     H1     AX     L1     L2     CDD    
Ar40     5.8222 5.8812 5.9946 6.1621 6.2328 6.3903
Ar39     5.7214 5.7734 5.8870 6.0481 6.1179 6.2768
Ar36     5.3989 5.4425 5.5503 5.7070 5.7729 5.9279
================================
get initial guess parabolic
get initial guess parabolic
get initial guess parabolic
get initial guess parabolic
get initial guess parabolic
get initial guess parabolic
======== Configuration Finished ========
GetYSymmetry ===>> -2.81
GetZSymmetry ===>> -50.72
GetParameter Trap Current Readback ===>> 198.258926936459
GetHighVoltage ===>> 4499.94659342336
start measurement
do measurement
L#=65591 analysis type=unknown
Measurement Started jan_unknown120_60.py
06:09:20 -- ******* Measurement Started jan_unknown120_60.py *******
state changed from extraction to measurement
setting spec, defl, and gains
GetExtractionLens ===>> 26.13
GetYSymmetry ===>> -2.81
GetZSymmetry ===>> -50.72
GetZFocus ===>> 74.64
GetDeflection H2 ===>> 0
GetDeflection H1 ===>> 0
GetDeflection AX ===>> 190
GetDeflection L1 ===>> 400
GetDeflection L2 ===>> 825
GetDeflection CDD ===>> 50
GetGain H2 ===>> 0.0113
GetGain H1 ===>> 0.1
GetGain AX ===>> 0.097049
GetGain L1 ===>> 0.010355
GetGain L2 ===>> 0.095649
GetGain CDD ===>> 0
pre measurement save
New frame /Users/jan/PychronDev/data/isotopes/92/138feb-6519-4386-beed-febfa353feef.h5
flush and close file /Users/jan/PychronDev/data/isotopes/92/138feb-6519-4386-beed-febfa353feef.h5
testing...
no interpolation path defined
executed snippet estimated_duration=226.132928, duration=0.000202894210815
unknown measurement script
activate_detectors ('H2', 'H1', 'AX', 'L1', 'L2', 'CDD') {}
activate detectors
*************** Set Analysis View Ar/Ar
create graphs
clearing graphs
clear isotope group
setting isotope det=H2, iso=PM41
setting isotope det=H1, iso=Ar40
setting isotope det=AX, iso=Ar39
setting isotope det=L1, iso=Ar38
setting isotope det=L2, iso=Ar37
setting isotope det=CDD, iso=Ar36
setting previous blanks
 - setting Ar40 blank 0.073+/-0.007
 - setting Ar36 blank 0.00397+/-0.00016
 - setting Ar37 blank 0.050+/-0.005
 - setting Ar38 blank 0.0099+/-0.0022
 - setting PM41 blank 0.04+/-0.06
 - setting Ar39 blank 0.032+/-0.008
load analysis view
position_magnet ('Ar40',) {'detector': 'H1'}
detector Detector(H1)
POSITION Ar40 H1
setting detector H2 to PM41 (40.9624)
setting detector H1 to Ar40 (39.9624)
setting detector AX to Ar39 (38.9624)
setting detector L1 to Ar38 (37.9624)
setting detector L2 to Ar37 (36.9624)
setting detector CDD to Ar36 (35.9624)
Mapping mass to dac mass func: "parabolic"
H1 map mass coeffs = [-0.00063987  0.15840543  0.57277999]
H1 map mass to dac 39.9624 >> 5.88117
GetDeflection H1 ===>> 0
GetHighVoltage ===>> 4499.94659342336
positioning Ar40 (5.88113536634) on H1
setting magnet DAC
current  : 5.881136
requested: 5.881135
Delta Dac: 0.000001
Checking detector protection. dv=0.00000
Checking detector "CDD". Protection Threshold: 0.1 (V)
SetMagnetDAC 5.88113536634 ===>> OK
Magnet settling time: 0.500
update labels <pychron.experiment.plot_panel.PlotPanel object at 0x178551890>
update labels "<pychron.graph.stacked_regression_graph.StackedRegressionGraph object at 0x18fad12f0>"
setting label 0 H2 PM41
setting label 1 H1 Ar40
setting label 2 AX Ar39
setting label 3 L1 Ar38
setting label 4 L2 Ar37
setting label 5 CDD Ar36
update labels "<pychron.graph.stacked_graph.StackedGraph object at 0x195f3fd10>"
setting label 0 H2 PM41
setting label 1 H1 Ar40
setting label 2 AX Ar39
equilibrate () {'delay': 3, 'inlet': 'R', 'outlet': 'O', 'eqtime': 12.0}
setting label 3 L1 Ar38
Equilibration Started
setting label 4 L2 Ar37
06:09:21 -- ******* Equilibration Started *******
setting label 5 CDD Ar36
checking ownership. requestor=129.138.12.150
check software interlocks O
interlocks []
actuate state mode=None-script, software_lock=False
doing actuation None-script close_channel True
Close O ===>> OK
GetIndicatorState O ===>> False
change switch state (True, True)
update switch state O False args=() kw={} ncanvase=3
06:09:21 -- CLOSE  VALVE-O (Jan Ion Pump)
waiting 3s before opening inlet value ('R',)
checking ownership. requestor=129.138.12.150
check software interlocks R
interlocks []
actuate state mode=None-script, software_lock=False
doing actuation None-script open_channel True
Open R ===>> OK
GetIndicatorState R ===>> OK
change switch state (True, True)
update switch state R True args=() kw={} ncanvase=3
06:09:25 -- OPEN   VALVE-R (Jan Inlet)
equilibrating for 12.0sec
set_time_zero () {}
sniff (12.0,) {}
py_sniff
build tables- sniff [Detector(H2), Detector(H1), Detector(AX), Detector(L1), Detector(L2), Detector(CDD)]
add group /sniff/PM41 (Group) '' table H2
add group /sniff/Ar40 (Group) '' table H1
add group /sniff/Ar39 (Group) '' table AX
add group /sniff/Ar38 (Group) '' table L1
add group /sniff/Ar37 (Group) '' table L2
add group /sniff/Ar36 (Group) '' table CDD
flush and close file /Users/jan/PychronDev/data/isotopes/92/138feb-6519-4386-beed-febfa353feef.h5
measuring sniff. ncounts=12.0
"sniff" increment series count="1" fit count="0" regressing="False"
starting measurement
check iteration duration=1.81198120117e-05
GetData ===>> H2,-0.232484328228724,H1,0.969728079426813,AX,0.298893069646182,L1,0.0499496834723014,L2,0.111553...
check iteration duration=5.79357147217e-05
GetData ===>> H2,0.701283608170805,H1,40.1977047357133,AX,11.3874142818353,L1,0.24060604918694,L2,0.41646821621...
check iteration duration=5.50746917725e-05
GetData ===>> H2,0.659824987987279,H1,74.4386903930338,AX,18.7380849948895,L1,0.470576160520566,L2,0.3156794347...
check iteration duration=4.50611114502e-05
GetData ===>> H2,0.199909318457619,H1,85.4639553540419,AX,20.7729852530803,L1,0.570082743809595,L2,0.2217525134...
check iteration duration=1.59740447998e-05
GetData ===>> H2,0.0407159415312696,H1,89.2489666541991,AX,21.4204711900858,L1,0.617946929671143,L2,0.157711642...
check iteration duration=4.60147857666e-05
GetData ===>> H2,0.0495254182929194,H1,90.9157680260589,AX,21.7047784471569,L1,0.623375068145484,L2,0.245415000...
check iteration duration=4.41074371338e-05
GetData ===>> H2,-0.0342737584596288,H1,91.8029619895491,AX,21.8047583136848,L1,0.630198268969149,L2,0.24471862...
check iteration duration=2.19345092773e-05
GetData ===>> H2,-0.0714153501152736,H1,91.9037139786023,AX,21.9899948206233,L1,0.618284405409477,L2,0.27742892...
check iteration duration=4.60147857666e-05
GetData ===>> H2,-0.0758565938129099,H1,92.0773155005404,AX,21.9102450612437,L1,0.623106685723687,L2,0.20632311...
check iteration duration=4.91142272949e-05
GetData ===>> H2,-0.0629383042623434,H1,92.2701856233578,AX,21.7604491878773,L1,0.623560590004095,L2,0.22430910...
check iteration duration=3.91006469727e-05
GetData ===>> H2,-0.0963128614930825,H1,92.2012661746811,AX,21.7070741921728,L1,0.654697821445673,L2,0.25210502...
check iteration duration=2.78949737549e-05
Equilibration Finished
06:09:37 -- ******* Equilibration Finished *******
GetData ===>> H2,-0.113657134718483,H1,92.1162409332716,AX,21.7923638583371,L1,0.633732259044516,L2,0.298047157...
checking ownership. requestor=129.138.12.150
check software interlocks R
interlocks []
actuate state mode=None-script, software_lock=False
doing actuation None-script close_channel True
Close R ===>> OK
GetIndicatorState R ===>> False
change switch state (True, True)
update switch state R False args=() kw={} ncanvase=3
06:09:37 -- CLOSE  VALVE-R (Jan Inlet)
Post Equilibration Started jan_pump_extraction_line.py
06:09:37 -- ******* Post Equilibration Started jan_pump_extraction_line.py *******
testing...
no interpolation path defined
calculate duration
testing...
no interpolation path defined
executed snippet estimated_duration=4.0, duration=0.000187873840332
executed snippet estimated_duration=4.0, duration=0.0233478546143
Pump after analysis
doing GOSUB
testing...
no interpolation path defined
executed snippet estimated_duration=4.0, duration=0.000130891799927
Pump Microbone
close () {'description': 'Jan Inlet'}
closing name=--- desc=Jan Inlet
checking ownership. requestor=129.138.12.150
check software interlocks R
interlocks []
actuate state mode=None-script, software_lock=False
doing actuation None-script close_channel False
Close R ===>> OK
check iteration duration=2.09808349609e-05
waiting for write to finish
measurement finished
estimated time: 12.583 actual time: :12.760
GetIndicatorState R ===>> False
flush and close file /Users/jan/PychronDev/data/isotopes/92/138feb-6519-4386-beed-febfa353feef.h5
change switch state (True, True)
set_fits () {}
update switch state R False args=() kw={} ncanvase=3
using default fits file=/Users/jan/PychronDev/scripts/measurement/fits/nominal_linear.yaml
set "Ar40" to "('Linear', 'SEM')"
No fit for "PM41". defaulting to linear. check the measurement script "jan_unknown120_60.py"
set "PM41" to "linear"
06:09:38 -- CLOSE  VALVE-R (Jan Inlet)
set "Ar36" to "('Linear', 'SEM')"
---------------------------------------- close None (Jan Inlet) result=[(True, True)]
set "Ar37" to "('linear', 'SEM')"
set "Ar38" to "('linear', 'SEM')"
set "Ar39" to "('Linear', 'SEM')"
set_baseline_fits () {}
using default fits file=/Users/jan/PychronDev/scripts/measurement/fits/nominal_linear.yaml
set "H1" to "('average', 'SEM')"
set "H2" to "('average', 'SEM')"
set "CDD" to "('average', 'SEM')"
set "L2" to "('average', 'SEM')"
set "L1" to "('average', 'SEM')"
set "AX" to "('average', 'SEM')"
multicollect () {'integration_time': 1, 'ncounts': 120}
build tables- signal [Detector(H2), Detector(H1), Detector(AX), Detector(L1), Detector(L2), Detector(CDD)]
add group /signal/PM41 (Group) '' table H2
add group /signal/Ar40 (Group) '' table H1
add group /signal/Ar39 (Group) '' table AX
add group /signal/Ar38 (Group) '' table L1
add group /signal/Ar37 (Group) '' table L2
add group /signal/Ar36 (Group) '' table CDD
flush and close file /Users/jan/PychronDev/data/isotopes/92/138feb-6519-4386-beed-febfa353feef.h5
measuring signal. ncounts=120
"signal" increment series count="2" fit count="1" regressing="True"
action=close, ok=True, locked=[False]
is_closed ('F',) {}
is F () closed?
is closed True
open () {'description': 'CO2 Laser to Jan'}
opening name=--- desc=CO2 Laser to Jan
checking ownership. requestor=129.138.12.150
check software interlocks A
interlocks []
actuate state mode=None-script, software_lock=False
doing actuation None-script open_channel False
Open A ===>> OK
GetIndicatorState A ===>> OK
change switch state (True, True)
update switch state A True args=() kw={} ncanvase=3
06:09:38 -- OPEN   VALVE-A (CO2 Laser to Jan)
---------------------------------------- open None (CO2 Laser to Jan) result=[(True, True)], time=0.13 sec
starting measurement
check iteration duration=6.19888305664e-05
GetData ===>> H2,-0.0544784148148974,H1,92.381037043854,AX,21.9054722618586,L1,0.688747620327656,L2,0.200275279...
action=open, ok=True, locked=[False]
sleep (1,) {}
SLEEP 1.0
check iteration duration=4.00543212891e-05
close () {'description': 'CO2 Laser to Roughing'}
closing name=--- desc=CO2 Laser to Roughing
GetData ===>> H2,-0.0953296171838037,H1,92.4681329864454,AX,22.0343729775003,L1,0.672867243004839,L2,0.30715390...
checking ownership. requestor=129.138.12.150
check software interlocks G
interlocks []
actuate state mode=None-script, software_lock=True
VALVE-G(CO2 Laser to Roughing) software locked
change switch state (True, False)
---------------------------------------- close None (CO2 Laser to Roughing) result=[(True, False)]
action=close, ok=True, locked=[True]
open () {'description': 'Microbone to Turbo'}
opening name=--- desc=Microbone to Turbo
checking ownership. requestor=129.138.12.150
check software interlocks U
interlocks []
actuate state mode=None-script, software_lock=False
doing actuation None-script open_channel True
Open U ===>> OK
GetIndicatorState U ===>> OK
change switch state (True, True)
update switch state U True args=() kw={} ncanvase=3
06:09:40 -- OPEN   VALVE-U (Microbone to Turbo)
---------------------------------------- open None (Microbone to Turbo) result=[(True, True)], time=0.16 sec
action=open, ok=True, locked=[False]
open () {'description': 'Microbone to Getter NP-10'}
opening name=--- desc=Microbone to Getter NP-10
checking ownership. requestor=129.138.12.150
check software interlocks M
interlocks []
actuate state mode=None-script, software_lock=False
doing actuation None-script open_channel False
Open M ===>> OK
GetIndicatorState M ===>> OK
change switch state (True, True)
update switch state M True args=() kw={} ncanvase=3
06:09:40 -- OPEN   VALVE-M (Microbone to Getter NP-10)
---------------------------------------- open None (Microbone to Getter NP-10) result=[(True, True)], time=0.13 sec
action=open, ok=True, locked=[False]
open () {'description': 'Microbone to Getter D-50'}
opening name=--- desc=Microbone to Getter D-50
checking ownership. requestor=129.138.12.150
check software interlocks K
interlocks []
actuate state mode=None-script, software_lock=False
doing actuation None-script open_channel False
check iteration duration=7.89165496826e-05
GetData ===>> H2,-0.0222751505497142,H1,92.4035923643568,AX,22.0059905538856,L1,0.688644612666396,L2,0.18298971...
Open K ===>> OK
GetIndicatorState K ===>> OK
change switch state (True, True)
update switch state K True args=() kw={} ncanvase=3
06:09:41 -- OPEN   VALVE-K (Microbone to Getter D-50)
---------------------------------------- open None (Microbone to Getter D-50) result=[(True, True)], time=0.41 sec
action=open, ok=True, locked=[False]
open () {'description': 'Microbone to CO2 Laser'}
opening name=--- desc=Microbone to CO2 Laser
checking ownership. requestor=129.138.12.150
check software interlocks T
interlocks []
actuate state mode=None-script, software_lock=False
doing actuation None-script open_channel False
Open T ===>> OK
GetIndicatorState T ===>> OK
change switch state (True, True)
update switch state T True args=() kw={} ncanvase=3
06:09:42 -- OPEN   VALVE-T (Microbone to CO2 Laser)
---------------------------------------- open None (Microbone to CO2 Laser) result=[(True, True)], time=0.43 sec
check iteration duration=8.58306884766e-05
GetData ===>> H2,-0.0130821259181353,H1,92.3636690135095,AX,21.8160835209796,L1,0.670685702527812,L2,0.22780170...
action=open, ok=True, locked=[False]
open () {'description': 'Microbone to Inlet Pipette'}
opening name=--- desc=Microbone to Inlet Pipette
checking ownership. requestor=129.138.12.150
check software interlocks S
interlocks []
actuate state mode=None-script, software_lock=False
doing actuation None-script open_channel False
Open S ===>> OK
GetIndicatorState S ===>> OK
change switch state (True, True)
update switch state S True args=() kw={} ncanvase=3
06:09:42 -- OPEN   VALVE-S (Microbone to Inlet Pipette)
---------------------------------------- open None (Microbone to Inlet Pipette) result=[(True, True)], time=0.45 sec
action=open, ok=True, locked=[False]
sleep (1,) {}
SLEEP 1.0
testing H1>-5.0
evaluate ot="H1.bs>-5.0" t="H1>-5.0", ctx="{'H1': None}"
check iteration duration=0.000590085983276
GetData ===>> H2,-0.061476784857257,H1,92.3203625469533,AX,21.8365699354725,L1,0.636142993888441,L2,0.239627252...
set_resource () {'name': 'CO2PumpTimeFlag', 'value': 30}
Set CO2PumpTimeFlag 30 ===>> OK
release ('JanCO2Flag',) {}
release JanCO2Flag
Set JanCO2Flag 0 ===>> OK
executed snippet estimated_duration=6.0, duration=6.00267100334
PumpMicrobone.py completed successfully
gosub finished
get_resource_value () {'name': 'JanMiniboneFlag'}
Read JanMiniboneFlag ===>> 0
Get Resource Value JanMiniboneFlag=0.0
get resource value 0.0
get_resource_value () {'name': 'JanMiniboneFlag'}
Read JanMiniboneFlag ===>> 0
Get Resource Value JanMiniboneFlag=0.0
executed snippet estimated_duration=4.0, duration=6.02822995186
jan_pump_extraction_line.py completed successfully
Post Equilibration Finished
06:09:44 -- ******* Post Equilibration Finished *******
check iteration duration=8.29696655273e-05
GetData ===>> H2,-0.140466057802454,H1,92.365866060047,AX,21.7207462931346,L1,0.623156156616271,L2,0.2737324921...
check iteration duration=7.89165496826e-05
GetData ===>> H2,-0.187668576914276,H1,92.3164404930042,AX,21.7217386879812,L1,0.605649361764803,L2,0.299713240...
check iteration duration=8.70227813721e-05
GetData ===>> H2,-0.08632515416813,H1,92.3273876442577,AX,21.8487888053118,L1,0.62450309224578,L2,0.20669968567...
check iteration duration=8.29696655273e-05
GetData ===>> H2,0.00130259641390256,H1,92.3706438783252,AX,21.8264036482229,L1,0.601948605309774,L2,0.16638026...
testing H1>-5.0
evaluate ot="H1.bs>-5.0" t="H1>-5.0", ctx="{'H1': None}"
check iteration duration=0.000587940216064
GetData ===>> H2,0.00974677067118639,H1,92.5124143434804,AX,21.8721594606297,L1,0.625199510415045,L2,0.20618617...
check iteration duration=4.19616699219e-05
GetData ===>> H2,-0.122354032727562,H1,92.6392195791902,AX,21.7076416872139,L1,0.627123252687154,L2,0.143797859...
check iteration duration=7.39097595215e-05
GetData ===>> H2,-0.169350299471455,H1,92.5662536826741,AX,21.8114397846941,L1,0.671201591220987,L2,0.202876940...
check iteration duration=3.981590271e-05
GetData ===>> H2,-0.159622202090389,H1,92.536348247551,AX,21.7906744015016,L1,0.630490350056691,L2,0.2356319705...
check iteration duration=4.10079956055e-05
GetData ===>> H2,-0.22101812273808,H1,92.6067022424745,AX,21.7830270374399,L1,0.60666034888595,L2,0.18586472512...
testing H1>-5.0
evaluate ot="H1.bs>-5.0" t="H1>-5.0", ctx="{'H1': None}"
check iteration duration=0.000519990921021
GetData ===>> H2,-0.165583441427094,H1,92.4910132120319,AX,21.7502513724106,L1,0.631699603654154,L2,0.281502016...
check iteration duration=4.00543212891e-05
GetData ===>> H2,-0.155131987205251,H1,92.5739665770384,AX,21.7378115966028,L1,0.648109006303029,L2,0.278798013...
check iteration duration=8.41617584229e-05
GetData ===>> H2,-0.0803638488337189,H1,92.627966786617,AX,21.805558004704,L1,0.629403750966579,L2,0.1854425958...
check iteration duration=8.10623168945e-05
GetData ===>> H2,-0.221294277776841,H1,92.7472031087496,AX,21.6979817798187,L1,0.639301535953533,L2,0.186720398...
check iteration duration=3.79085540771e-05
GetData ===>> H2,-0.256861627727681,H1,92.5999345203272,AX,21.8736953125805,L1,0.635385167944466,L2,0.253383714...
testing H1>-5.0
evaluate ot="H1.bs>-5.0" t="H1>-5.0", ctx="{'H1': None}"
check iteration duration=0.00109815597534
GetData ===>> H2,-0.089185800243023,H1,92.6614311171467,AX,21.7414724805691,L1,0.609262425311894,L2,0.144812813...
check iteration duration=4.60147857666e-05
GetData ===>> H2,-0.14923981282796,H1,92.8068794421813,AX,21.8296030874515,L1,0.655431547000128,L2,0.1772285597...
check iteration duration=0.00116920471191
GetData ===>> H2,-0.113272737241122,H1,92.8906373142209,AX,21.7941694138771,L1,0.661479655699624,L2,0.128016148...
check iteration duration=7.9870223999e-05
GetData ===>> H2,-0.167779465415829,H1,92.8568106214504,AX,21.7457780448444,L1,0.609655574842716,L2,0.175905253...
check iteration duration=5.88893890381e-05
GetData ===>> H2,-0.168315246867517,H1,92.879355060955,AX,21.7157071298882,L1,0.633848635033692,L2,0.2349128374...
testing H1>-5.0
evaluate ot="H1.bs>-5.0" t="H1>-5.0", ctx="{'H1': None}"
check iteration duration=0.000669956207275
06:10:04 -- collecting point 25
GetData ===>> H2,-0.211350283758224,H1,92.847888102705,AX,21.8724046792275,L1,0.615078354403604,L2,0.2509633471...
check iteration duration=3.88622283936e-05
GetData ===>> H2,-0.155003630606752,H1,92.968610252955,AX,21.8703913219154,L1,0.634782166209284,L2,0.2890097333...
check iteration duration=3.81469726562e-05
GetData ===>> H2,-0.166069383837945,H1,92.7265147901012,AX,21.7112738913243,L1,0.601996786976222,L2,0.294372748...
check iteration duration=8.70227813721e-05
GetData ===>> H2,-0.232816723076402,H1,92.8773117736231,AX,21.8234365108693,L1,0.621004390675451,L2,0.123888702...
check iteration duration=8.39233398438e-05
GetData ===>> H2,-0.197981664439505,H1,92.779441997588,AX,21.7621768523123,L1,0.62534919075615,L2,0.28940909644...
testing H1>-5.0
evaluate ot="H1.bs>-5.0" t="H1>-5.0", ctx="{'H1': None}"
check iteration duration=0.000581026077271
GetData ===>> H2,-0.177266703325783,H1,93.075525193265,AX,21.5825037262201,L1,0.6072190295133,L2,0.197502534071...
check iteration duration=8.79764556885e-05
GetData ===>> H2,-0.287528303946539,H1,93.1116178481454,AX,21.7582316291733,L1,0.575133420201466,L2,0.180993238...
check iteration duration=7.10487365723e-05
GetData ===>> H2,-0.219645329996837,H1,93.134519004937,AX,21.8829754193624,L1,0.593771726856897,L2,0.2593093052...
check iteration duration=8.51154327393e-05
GetData ===>> H2,-0.180204750639285,H1,93.1723511570778,AX,21.8328026212413,L1,0.600980077746951,L2,0.251088930...
check iteration duration=5.48362731934e-05
GetData ===>> H2,-0.23370216445513,H1,93.0039429543896,AX,21.7039659198622,L1,0.62877016023786,L2,0.28169597780...
testing H1>-5.0
evaluate ot="H1.bs>-5.0" t="H1>-5.0", ctx="{'H1': None}"
check iteration duration=0.00058388710022
GetData ===>> H2,-0.272333836021567,H1,93.0963931802153,AX,21.6714053643731,L1,0.608091719192547,L2,0.146968199...
check iteration duration=7.60555267334e-05
GetData ===>> H2,-0.268897812886643,H1,93.1403934656902,AX,21.7458296095266,L1,0.606575066216013,L2,0.198312669...
check iteration duration=8.60691070557e-05
GetData ===>> H2,-0.092765468471319,H1,93.1711627727436,AX,21.7459843037203,L1,0.615977684367476,L2,0.279551019...
check iteration duration=3.69548797607e-05
GetData ===>> H2,-0.0762198422854999,H1,93.1394493400578,AX,21.5150754313042,L1,0.629544829164129,L2,0.14494966...
check iteration duration=3.91006469727e-05
GetData ===>> H2,-0.138245197220278,H1,93.0795797120562,AX,21.5669425018999,L1,0.608415597212986,L2,0.239319039...
testing H1>-5.0
evaluate ot="H1.bs>-5.0" t="H1>-5.0", ctx="{'H1': None}"
check iteration duration=0.000571966171265
GetData ===>> H2,-0.129273777461592,H1,93.0817817821695,AX,21.6017522456624,L1,0.650771039023696,L2,0.116466587...
check iteration duration=8.29696655273e-05
GetData ===>> H2,-0.0510319001096007,H1,93.0925654124778,AX,21.7730591936258,L1,0.611736548287893,L2,0.22351016...
check iteration duration=0.000101089477539
GetData ===>> H2,-0.0936134760157718,H1,93.1495203268044,AX,21.7160550952543,L1,0.571104529420743,L2,0.25503918...
check iteration duration=8.98838043213e-05
GetData ===>> H2,-0.237466533909145,H1,93.2651097824564,AX,21.6317914187521,L1,0.578138023414023,L2,0.226180937...
check iteration duration=0.000107049942017
GetData ===>> H2,-0.269584563709243,H1,93.2747456364492,AX,21.5947687856796,L1,0.606744396261123,L2,0.264731584...
testing H1>-5.0
evaluate ot="H1.bs>-5.0" t="H1>-5.0", ctx="{'H1': None}"
check iteration duration=0.000672101974487
GetData ===>> H2,-0.136671542860247,H1,93.3955246223756,AX,21.6492568926462,L1,0.605760590242691,L2,0.227310903...
check iteration duration=8.20159912109e-05
GetData ===>> H2,-0.207954030465734,H1,93.3155520092537,AX,21.7484852238735,L1,0.606058441262053,L2,0.154666404...
check iteration duration=8.70227813721e-05
GetData ===>> H2,-0.117766938030414,H1,93.5788725377878,AX,21.7797129176373,L1,0.625775977129946,L2,0.237618175...
check iteration duration=8.41617584229e-05
GetData ===>> H2,-0.066619680432575,H1,93.4830959156595,AX,21.6050895195521,L1,0.606577538167594,L2,0.178529068...
check iteration duration=7.70092010498e-05
GetData ===>> H2,-0.093945346727176,H1,93.5529893113634,AX,21.7972776193232,L1,0.627321214238571,L2,0.268804133...
testing H1>-5.0
evaluate ot="H1.bs>-5.0" t="H1>-5.0", ctx="{'H1': None}"
check iteration duration=0.000591039657593
06:10:30 -- collecting point 50
GetData ===>> H2,-0.163084558415254,H1,93.5193644981023,AX,21.7631825204297,L1,0.612194096933068,L2,0.199248327...
check iteration duration=9.3936920166e-05
GetData ===>> H2,-0.11999375690635,H1,93.615596393466,AX,21.8493952687756,L1,0.625313316758781,L2,0.24184185270...
check iteration duration=8.48770141602e-05
GetData ===>> H2,-0.101758440206644,H1,93.5834756446338,AX,21.8101369944656,L1,0.595357156619401,L2,0.227744630...
check iteration duration=3.981590271e-05
GetData ===>> H2,-0.200755344579411,H1,93.4965555556417,AX,21.8405825273421,L1,0.558495990373758,L2,0.220896527...
check iteration duration=9.79900360107e-05
GetData ===>> H2,-0.207462223413943,H1,93.6271685856618,AX,21.6934809960291,L1,0.589940757661343,L2,0.225279257...
testing H1>-5.0
evaluate ot="H1.bs>-5.0" t="H1>-5.0", ctx="{'H1': None}"
check iteration duration=0.000595092773438
GetData ===>> H2,-0.185742725215665,H1,93.4533630609693,AX,21.6565017026885,L1,0.605159970630749,L2,0.131505233...
check iteration duration=0.000110864639282
GetData ===>> H2,-0.134229512958475,H1,93.6557440747207,AX,21.7120471175305,L1,0.590810353634815,L2,0.130729870...
check iteration duration=8.20159912109e-05
GetData ===>> H2,-0.0636879719118155,H1,93.5434701914295,AX,21.769925895505,L1,0.626766931404913,L2,0.251602683...
check iteration duration=8.70227813721e-05
GetData ===>> H2,-0.175586126876589,H1,93.5629465510138,AX,21.7539642458085,L1,0.624402900935433,L2,0.258841181...
check iteration duration=4.00543212891e-05
GetData ===>> H2,-0.176470316659994,H1,93.7170460383216,AX,21.7027148977041,L1,0.592247076122951,L2,0.249433524...
testing H1>-5.0
evaluate ot="H1.bs>-5.0" t="H1>-5.0", ctx="{'H1': None}"
check iteration duration=0.000595092773438
GetData ===>> H2,-0.144949708341663,H1,93.7660816616138,AX,21.588880868183,L1,0.597270375166528,L2,0.1395442956...
check iteration duration=9.29832458496e-05
GetData ===>> H2,-0.20725336737424,H1,93.8181744989286,AX,21.6670088285028,L1,0.618180565552056,L2,0.2191046876...
check iteration duration=7.48634338379e-05
GetData ===>> H2,-0.236569280233693,H1,93.7834030211347,AX,21.6719468855497,L1,0.636590038057435,L2,0.197456892...
check iteration duration=9.08374786377e-05
GetData ===>> H2,-0.272130955643255,H1,93.8382879039094,AX,21.5911741546056,L1,0.612868090469632,L2,0.221889471...
check iteration duration=8.39233398438e-05
GetData ===>> H2,-0.300809849672898,H1,93.71277158635,AX,21.6177824092034,L1,0.58265087991001,L2,0.237515440069...
testing H1>-5.0
evaluate ot="H1.bs>-5.0" t="H1>-5.0", ctx="{'H1': None}"
check iteration duration=0.000572919845581
GetData ===>> H2,-0.213903874530974,H1,93.6766539277606,AX,21.6066744385882,L1,0.581073563047368,L2,0.119350997...
check iteration duration=3.91006469727e-05
GetData ===>> H2,-0.210193166438114,H1,93.7992900260336,AX,21.5347837244348,L1,0.591053705344849,L2,0.332641438...
check iteration duration=8.20159912109e-05
GetData ===>> H2,-0.0704525808697319,H1,93.6891767467579,AX,21.4959804721527,L1,0.618588513825276,L2,0.23154553...
check iteration duration=9.01222229004e-05
GetData ===>> H2,-0.172017789181697,H1,93.9364994468261,AX,21.583302458752,L1,0.581183399713938,L2,0.2116295400...
check iteration duration=9.01222229004e-05
GetData ===>> H2,-0.212496507914722,H1,93.8258130638415,AX,21.7248190364514,L1,0.62627824675325,L2,0.1957795927...
testing H1>-5.0
evaluate ot="H1.bs>-5.0" t="H1>-5.0", ctx="{'H1': None}"
check iteration duration=0.000582933425903
GetData ===>> H2,-0.219685748259523,H1,93.8675869151366,AX,21.7243034908484,L1,0.622191516729939,L2,0.203082338...
check iteration duration=8.29696655273e-05
GetData ===>> H2,-0.247638494119722,H1,93.740514932028,AX,21.6453253038437,L1,0.578831421801127,L2,0.1455198659...
check iteration duration=8.98838043213e-05
GetData ===>> H2,-0.169759166424115,H1,93.8019701420932,AX,21.7043915286365,L1,0.566592403526088,L2,0.239227717...
check iteration duration=8.08238983154e-05
GetData ===>> H2,-0.238654194089972,H1,93.9997672189625,AX,21.556728445495,L1,0.567232642945631,L2,0.2743029204...
check iteration duration=4.38690185547e-05
GetData ===>> H2,-0.218194218630655,H1,94.0566613442302,AX,21.5938926638675,L1,0.587739918859948,L2,0.128563447...
testing H1>-5.0
evaluate ot="H1.bs>-5.0" t="H1>-5.0", ctx="{'H1': None}"
check iteration duration=0.000581979751587
06:10:57 -- collecting point 75
GetData ===>> H2,-0.161622233519886,H1,94.0183671607588,AX,21.6098701183347,L1,0.600541552285939,L2,0.177376862...
check iteration duration=4.19616699219e-05
GetData ===>> H2,-0.128873688313397,H1,94.01391418018,AX,21.7582960924478,L1,0.582280596167854,L2,0.27438278064...
check iteration duration=8.32080841064e-05
GetData ===>> H2,-0.16320202231004,H1,93.9546708105047,AX,21.6296390426368,L1,0.609812591554274,L2,0.3010027625...
check iteration duration=4.00543212891e-05
GetData ===>> H2,-0.160999709242189,H1,93.9807314480727,AX,21.5224978642549,L1,0.596214847891724,L2,0.234855763...
check iteration duration=3.79085540771e-05
GetData ===>> H2,-0.202350206090436,H1,94.0681480356636,AX,21.5345261837321,L1,0.610603893034626,L2,0.190873373...
testing H1>-5.0
evaluate ot="H1.bs>-5.0" t="H1>-5.0", ctx="{'H1': None}"
check iteration duration=0.00061297416687
GetData ===>> H2,-0.14232432576698,H1,93.9475912466071,AX,21.5003995857754,L1,0.61476416395555,L2,0.17265410351...
check iteration duration=4.10079956055e-05
GetData ===>> H2,-0.221656636835902,H1,93.9644846309841,AX,21.5267873718324,L1,0.585850682604642,L2,0.202819886...
check iteration duration=4.88758087158e-05
GetData ===>> H2,-0.0587484747520268,H1,94.008321848269,AX,21.6579584579633,L1,0.602403251481627,L2,0.303513386...
check iteration duration=9.29832458496e-05
GetData ===>> H2,-0.0909703556281653,H1,94.1005084992564,AX,21.6302319084301,L1,0.597045417721017,L2,0.25046101...
check iteration duration=8.79764556885e-05
GetData ===>> H2,-0.151670511773815,H1,94.131649480839,AX,21.6267134264189,L1,0.578313219336372,L2,0.1842560804...
testing H1>-5.0
evaluate ot="H1.bs>-5.0" t="H1>-5.0", ctx="{'H1': None}"
check iteration duration=0.000575065612793
GetData ===>> H2,-0.242241504275992,H1,94.1413109352432,AX,21.5991752706562,L1,0.598972894706348,L2,0.119008967...
check iteration duration=4.10079956055e-05
GetData ===>> H2,-0.261771145277869,H1,94.2444176269275,AX,21.6585385872074,L1,0.587878229421886,L2,0.298457969...
check iteration duration=8.10623168945e-05
GetData ===>> H2,-0.101598711500804,H1,94.2952090621132,AX,21.6355936249374,L1,0.54130340102613,L2,0.2419674243...
check iteration duration=8.51154327393e-05
GetData ===>> H2,-0.114000915806415,H1,94.210976342903,AX,21.6669701500945,L1,0.567907466074056,L2,0.1926989140...
check iteration duration=3.91006469727e-05
GetData ===>> H2,-0.117319086346054,H1,94.3139801509253,AX,21.6443198712929,L1,0.5895887402629,L2,0.28588334829...
testing H1>-5.0
evaluate ot="H1.bs>-5.0" t="H1>-5.0", ctx="{'H1': None}"
check iteration duration=0.000541925430298
GetData ===>> H2,-0.0956004918739067,H1,94.2041697087975,AX,21.4691733377327,L1,0.564547356696302,L2,0.26881554...
check iteration duration=6.19888305664e-05
GetData ===>> H2,-0.12021019231681,H1,94.1553220476473,AX,21.5200752085857,L1,0.571849953539829,L2,0.1872452147...
check iteration duration=7.60555267334e-05
GetData ===>> H2,-0.204571582628923,H1,94.2886258178932,AX,21.5463736910964,L1,0.601192553089798,L2,0.230951994...
check iteration duration=8.29696655273e-05
GetData ===>> H2,-0.033000057552543,H1,94.2872216220186,AX,21.5229360099075,L1,0.613919360439168,L2,0.178369355...
check iteration duration=3.981590271e-05
GetData ===>> H2,-0.125606216248826,H1,94.3773107546339,AX,21.5817694128075,L1,0.569631117083298,L2,0.262712485...
testing H1>-5.0
evaluate ot="H1.bs>-5.0" t="H1>-5.0", ctx="{'H1': None}"
check iteration duration=0.000592947006226
GetData ===>> H2,-0.164602044179109,H1,94.3103134604795,AX,21.5058496452551,L1,0.573094092100474,L2,0.183959453...
check iteration duration=8.10623168945e-05
GetData ===>> H2,-0.120045160689951,H1,94.3892464199721,AX,21.4853650308031,L1,0.594997540612689,L2,0.243051913...
check iteration duration=3.981590271e-05
GetData ===>> H2,-0.127160985143561,H1,94.4392814234224,AX,21.5835472328057,L1,0.582017702743655,L2,0.173783437...
check iteration duration=8.08238983154e-05
GetData ===>> H2,-0.175857465739597,H1,94.4127870888092,AX,21.6451319507042,L1,0.589192271824145,L2,0.194535899...
check iteration duration=4.00543212891e-05
GetData ===>> H2,-0.20602171203352,H1,94.38980812217,AX,21.6276413666054,L1,0.607217793461004,L2,0.372375783590...
testing H1>-5.0
evaluate ot="H1.bs>-5.0" t="H1>-5.0", ctx="{'H1': None}"
check iteration duration=0.00133895874023
06:11:23 -- collecting point 100
GetData ===>> H2,-0.234338616674791,H1,94.3442996354359,AX,21.584436153766,L1,0.605506002374778,L2,0.2280642211...
check iteration duration=8.79764556885e-05
GetData ===>> H2,-0.190514946659359,H1,94.4806213994158,AX,21.5009793662753,L1,0.547605603530399,L2,0.099925667...
check iteration duration=6.89029693604e-05
GetData ===>> H2,-0.235001942028817,H1,94.5101341874717,AX,21.452417425296,L1,0.556065090071433,L2,0.2207938094...
check iteration duration=3.79085540771e-05
GetData ===>> H2,-0.195667271882631,H1,94.5738769998321,AX,21.5618804340484,L1,0.617985250539732,L2,0.186537853...
check iteration duration=7.20024108887e-05
GetData ===>> H2,-0.229523294777025,H1,94.5622326594671,AX,21.5192891458062,L1,0.615568213605925,L2,0.149043802...
testing H1>-5.0
evaluate ot="H1.bs>-5.0" t="H1>-5.0", ctx="{'H1': None}"
check iteration duration=0.000586032867432
GetData ===>> H2,-0.129799548846749,H1,94.5413173087602,AX,21.4870397277695,L1,0.572526311915551,L2,0.181814643...
check iteration duration=6.79492950439e-05
GetData ===>> H2,-0.164638493739853,H1,94.6442016705255,AX,21.5013787724289,L1,0.571540176405091,L2,0.268496119...
check iteration duration=8.82148742676e-05
GetData ===>> H2,-0.229787127431511,H1,94.5743863509545,AX,21.567406214621,L1,0.569123985958626,L2,0.2420130867...
check iteration duration=8.51154327393e-05
GetData ===>> H2,-0.216174146514504,H1,94.6505980838645,AX,21.591547784529,L1,0.5580857369782,L2,0.144459289071...
check iteration duration=6.79492950439e-05
GetData ===>> H2,-0.22362987539208,H1,94.6074979500773,AX,21.6296261542861,L1,0.552248155762127,L2,0.1806281725...
testing H1>-5.0
evaluate ot="H1.bs>-5.0" t="H1>-5.0", ctx="{'H1': None}"
check iteration duration=0.000595092773438
GetData ===>> H2,-0.220068367319447,H1,94.6863570026336,AX,21.5650490289283,L1,0.573696466846875,L2,0.153480270...
check iteration duration=9.70363616943e-05
GetData ===>> H2,-0.137807191642205,H1,94.6780485916184,AX,21.5451502470708,L1,0.567752018456539,L2,0.239821313...
check iteration duration=3.88622283936e-05
GetData ===>> H2,-0.118198536684558,H1,94.6726362044017,AX,21.4447293788151,L1,0.580145551402868,L2,0.231237352...
check iteration duration=9.89437103271e-05
GetData ===>> H2,-0.167278750021068,H1,94.7617161690608,AX,21.5604249724017,L1,0.574545776007915,L2,0.141357454...
check iteration duration=8.01086425781e-05
GetData ===>> H2,-0.206950182388728,H1,94.6811751691513,AX,21.5569216406354,L1,0.545637524045619,L2,0.188260628...
testing H1>-5.0
evaluate ot="H1.bs>-5.0" t="H1>-5.0", ctx="{'H1': None}"
check iteration duration=0.000576972961426
GetData ===>> H2,-0.148087749596978,H1,94.5705926055554,AX,21.5097537574945,L1,0.545822362164885,L2,0.351239171...
check iteration duration=8.60691070557e-05
GetData ===>> H2,-0.198970127231151,H1,94.8137468277411,AX,21.6231950588683,L1,0.571456254314407,L2,0.303958458...
check iteration duration=8.10623168945e-05
GetData ===>> H2,-0.265164973937019,H1,94.8293947707732,AX,21.5158872350856,L1,0.621626378334098,L2,0.150138644...
check iteration duration=8.98838043213e-05
GetData ===>> H2,-0.139342840604648,H1,94.9990642018037,AX,21.3839654145834,L1,0.591860389179093,L2,0.236899027...
check iteration duration=6.89029693604e-05
GetData ===>> H2,-0.145934576734353,H1,94.9466149270329,AX,21.4605181531169,L1,0.563817256895101,L2,0.106970313...
testing H1>-5.0
evaluate ot="H1.bs>-5.0" t="H1>-5.0", ctx="{'H1': None}"
check iteration duration=0.00072193145752
GetData ===>> H2,-0.128551984781437,H1,94.876535774307,AX,21.490582441473,L1,0.550328504882788,L2,0.21863676050...
check iteration duration=4.6968460083e-05
waiting for write to finish
measurement finished
estimated time: 125.829 actual time: :126.439
flush and close file /Users/jan/PychronDev/data/isotopes/92/138feb-6519-4386-beed-febfa353feef.h5
baselines () {'settling_time': 15.0, 'detector': 'H1', 'mass': 34.2, 'ncounts': 60}
%%%%%%%%%%%%%%%%%%%%%%%%%%%%%%%% Baseline
build tables- baseline [Detector(H2), Detector(H1), Detector(AX), Detector(L1), Detector(L2), Detector(CDD)]
add group baseline table H2
add group baseline table H1
add group baseline table AX
add group baseline table L1
add group baseline table L2
add group baseline table CDD
flush and close file /Users/jan/PychronDev/data/isotopes/92/138feb-6519-4386-beed-febfa353feef.h5
detector Detector(H1)
POSITION 34.2 H1
Mapping mass to dac mass func: "parabolic"
H1 map mass coeffs = [-0.00063987  0.15840543  0.57277999]
H1 map mass to dac 34.2 >> 5.24182599104
GetDeflection H1 ===>> 0
GetHighVoltage ===>> 4499.94659342336
positioning 34.2 (5.24179512242) on H1
setting magnet DAC
current  : 5.881135
requested: 5.241795
Delta Dac: 0.639340
Checking detector protection. dv=0.63934
Checking detector "CDD". Protection Threshold: 0.1 (V)
ProtectDetector CDD,On ===>> OK
GetDeflection CDD ===>> 2000
Protected = 2000
SetMagnetDAC 5.24179512242 ===>> OK
Magnet settling time: 0.500
GetMagnetMoving ===>> True
GetMagnetMoving ===>> True
GetMagnetMoving ===>> True
GetMagnetMoving ===>> True
GetMagnetMoving ===>> True
GetMagnetMoving ===>> True
GetMagnetMoving ===>> True
GetMagnetMoving ===>> True
GetMagnetMoving ===>> False
ProtectDetector CDD,Off ===>> OK
GetDeflection CDD ===>> 50
Delaying 15.0s for detectors to settle
Join finished
measuring baseline. ncounts=60
"baseline" increment series count="2" fit count="1" regressing="True"
starting measurement
check iteration duration=4.00543212891e-05
GetData ===>> H2,-0.145433371820796,H1,0.0593835825450253,AX,-0.00687861488590157,L1,-0.00171487959187064,L2,0....
check iteration duration=5.60283660889e-05
GetData ===>> H2,-0.101956067531427,H1,-0.0550497851628638,AX,-0.114849131592555,L1,-0.00959430434571168,L2,-0....
check iteration duration=7.79628753662e-05
GetData ===>> H2,-0.157263845302785,H1,-0.121919004377857,AX,-0.0942798602128423,L1,-0.0164058375747205,L2,-0.0...
check iteration duration=8.51154327393e-05
GetData ===>> H2,-0.157263845302785,H1,-0.121919004377857,AX,-0.0942798602128423,L1,-0.0164058375747205,L2,-0.0...
testing H1>-5.0
evaluate ot="H1.bs>-5.0" t="H1>-5.0", ctx="{'H1': None}"
check iteration duration=0.000574827194214
GetData ===>> H2,-0.282412848345559,H1,-0.00915139099275635,AX,-0.148716244631847,L1,-0.0557586785700327,L2,-0....
check iteration duration=8.20159912109e-05
GetData ===>> H2,-0.192146129129389,H1,-0.0673406372224015,AX,-0.0715385114983201,L1,-0.0264061059335733,L2,0.0...
check iteration duration=8.98838043213e-05
GetData ===>> H2,-0.150210804523593,H1,0.00266945234386209,AX,-0.107711218030318,L1,-0.0269440787435411,L2,-0.0...
check iteration duration=4.29153442383e-05
GetData ===>> H2,-0.274061530283389,H1,0.000903990498568774,AX,-0.0265153671985612,L1,-0.0156322067833116,L2,0....
check iteration duration=6.89029693604e-05
GetData ===>> H2,-0.191224068091294,H1,0.0439638960133105,AX,-0.0395850079363342,L1,-0.0272735579027404,L2,0.11...
testing H1>-5.0
evaluate ot="H1.bs>-5.0" t="H1>-5.0", ctx="{'H1': None}"
check iteration duration=0.000591039657593
GetData ===>> H2,-0.244580382065163,H1,-0.00396279714143228,AX,-0.0652900848344296,L1,-0.0191820226537469,L2,-0...
check iteration duration=8.48770141602e-05
GetData ===>> H2,-0.314879880066828,H1,0.0113779291863072,AX,-0.0898873227421387,L1,-0.0294238930834234,L2,0.07...
check iteration duration=8.39233398438e-05
GetData ===>> H2,-0.222762501015995,H1,0.0802804376510259,AX,-0.131648971422341,L1,-0.020715491470179,L2,-0.054...
check iteration duration=8.60691070557e-05
GetData ===>> H2,-0.226191204292717,H1,-0.0595919732736093,AX,-0.0643742334825323,L1,-0.0203066692348036,L2,-0....
check iteration duration=3.91006469727e-05
GetData ===>> H2,-0.150603769180286,H1,0.0210535774854527,AX,-0.0495107318283573,L1,-0.0364350546876023,L2,0.00...
testing H1>-5.0
evaluate ot="H1.bs>-5.0" t="H1>-5.0", ctx="{'H1': None}"
check iteration duration=0.00123691558838
GetData ===>> H2,-0.219369134666944,H1,-0.0326815682895053,AX,-0.0899568631388076,L1,-0.0404038117036485,L2,0.0...
check iteration duration=8.51154327393e-05
GetData ===>> H2,-0.163320835125808,H1,-0.0688545368807468,AX,-0.166418800484789,L1,-0.00291356396113539,L2,-0....
check iteration duration=3.69548797607e-05
GetData ===>> H2,-0.0738530971850433,H1,-0.0335520668079291,AX,-0.0837559823909616,L1,0.00912774167268234,L2,0....
check iteration duration=4.2200088501e-05
GetData ===>> H2,-0.159749155832261,H1,0.00475703186439986,AX,-0.160611047910585,L1,0.0116097954160372,L2,-0.00...
check iteration duration=5.29289245605e-05
GetData ===>> H2,-0.247155547780821,H1,0.0693264817382079,AX,-0.0544616198716586,L1,0.00266471089685888,L2,-0.0...
testing H1>-5.0
evaluate ot="H1.bs>-5.0" t="H1>-5.0", ctx="{'H1': None}"
check iteration duration=0.000611066818237
GetData ===>> H2,-0.244457932703624,H1,-0.0469544033491197,AX,0.0504652768469719,L1,-0.0228804137884925,L2,0.01...
check iteration duration=7.79628753662e-05
GetData ===>> H2,-0.219137394841916,H1,-0.0386437352444034,AX,-0.0811827906214605,L1,-0.0749431967513242,L2,0.0...
check iteration duration=4.29153442383e-05
GetData ===>> H2,-0.186059677115919,H1,-0.105264671142513,AX,-0.172805768650876,L1,-0.0787096847194974,L2,0.041...
check iteration duration=6.79492950439e-05
GetData ===>> H2,-0.234104492543516,H1,-0.0265759412395593,AX,-0.0254019892599064,L1,-0.0122653594968861,L2,-0....
check iteration duration=8.29696655273e-05
GetData ===>> H2,-0.216639994116611,H1,-0.0119781668747041,AX,-0.0678868823031507,L1,0.0413070890262043,L2,-0.0...
testing H1>-5.0
evaluate ot="H1.bs>-5.0" t="H1>-5.0", ctx="{'H1': None}"
check iteration duration=0.000543117523193
06:12:29 -- collecting point 25
GetData ===>> H2,-0.18895499277153,H1,-0.0111671169823023,AX,-0.116981134064967,L1,-0.0402361325820524,L2,-0.07...
check iteration duration=8.29696655273e-05
GetData ===>> H2,-0.275375260555042,H1,-0.024596302510038,AX,-0.137388164503092,L1,-0.0581022186186084,L2,0.066...
check iteration duration=7.48634338379e-05
GetData ===>> H2,-0.161746464206597,H1,-0.0267190461362031,AX,-0.115405310655198,L1,-0.0479656265090231,L2,0.07...
check iteration duration=3.88622283936e-05
GetData ===>> H2,-0.0910137126375375,H1,0.0166988234944877,AX,0.000998077040029481,L1,-0.0410218048806479,L2,-0...
check iteration duration=4.19616699219e-05
GetData ===>> H2,-0.182904598696556,H1,-0.0957909687610446,AX,-0.176572839966041,L1,-0.0182107448008204,L2,-0.1...
testing H1>-5.0
evaluate ot="H1.bs>-5.0" t="H1>-5.0", ctx="{'H1': None}"
check iteration duration=0.000619173049927
GetData ===>> H2,-0.162931988550124,H1,-0.0348995358850466,AX,-0.1811626742681,L1,-0.00931373048565947,L2,-0.06...
check iteration duration=3.69548797607e-05
GetData ===>> H2,-0.204404455396166,H1,-0.0585905636899085,AX,-0.0385413566542282,L1,-0.00519175077139506,L2,0....
check iteration duration=8.51154327393e-05
GetData ===>> H2,-0.170128888190345,H1,0.0120102179629768,AX,-0.103829178293099,L1,-0.0353985833073785,L2,-0.01...
check iteration duration=7.89165496826e-05
GetData ===>> H2,-0.221301013181304,H1,-0.0589362895597965,AX,-0.00575341220523718,L1,-0.0656162893826727,L2,-0...
check iteration duration=8.89301300049e-05
GetData ===>> H2,-0.236245067596844,H1,-0.0587097796420409,AX,-0.0504383178495533,L1,-0.0416481429090297,L2,-0....
testing H1>-5.0
evaluate ot="H1.bs>-5.0" t="H1>-5.0", ctx="{'H1': None}"
check iteration duration=0.000576019287109
GetData ===>> H2,-0.206839686284254,H1,0.0567935776216057,AX,-0.00243572858618842,L1,-0.0430527705753509,L2,-0....
check iteration duration=8.51154327393e-05
GetData ===>> H2,-0.0926029038880385,H1,0.0351571220248871,AX,-0.104617186949309,L1,-0.0134747738306433,L2,0.03...
check iteration duration=6.103515625e-05
GetData ===>> H2,-0.194405130759377,H1,-0.0218891427920419,AX,-0.0776126641115313,L1,0.0320274869398412,L2,-0.0...
check iteration duration=8.51154327393e-05
GetData ===>> H2,-0.233142379798188,H1,0.0283318083800445,AX,-0.185369832088832,L1,-0.0030995332331103,L2,0.037...
check iteration duration=9.41753387451e-05
GetData ===>> H2,-0.215255858900094,H1,-0.0200405995937956,AX,-0.0317573505066105,L1,-0.0246530015412015,L2,-0....
testing H1>-5.0
evaluate ot="H1.bs>-5.0" t="H1>-5.0", ctx="{'H1': None}"
check iteration duration=0.000596046447754
GetData ===>> H2,-0.155818332561379,H1,-0.0207442426420233,AX,-0.0647220261503265,L1,-0.0391856789988528,L2,0.0...
check iteration duration=8.9168548584e-05
GetData ===>> H2,-0.184163228343908,H1,-0.135250731766834,AX,-0.0214470750670385,L1,0.00260588766410447,L2,0.02...
check iteration duration=3.91006469727e-05
GetData ===>> H2,-0.146719438035522,H1,-0.0625603785170846,AX,-0.0493599982648177,L1,-0.0476293209170561,L2,-0....
check iteration duration=6.41345977783e-05
GetData ===>> H2,-0.0934617604631353,H1,-0.0665777184789771,AX,-0.0466815398553774,L1,-0.0380416736450947,L2,-0...
check iteration duration=8.70227813721e-05
GetData ===>> H2,-0.184721675137746,H1,-0.0258246371753533,AX,-0.103504702285358,L1,-0.0102825165054455,L2,0.03...
testing H1>-5.0
evaluate ot="H1.bs>-5.0" t="H1>-5.0", ctx="{'H1': None}"
check iteration duration=0.000545024871826
GetData ===>> H2,-0.272512528960688,H1,-0.0463105598941692,AX,-0.158222929266561,L1,-0.0222019777412848,L2,0.08...
check iteration duration=3.71932983398e-05
GetData ===>> H2,-0.247945201401929,H1,-0.101213134627254,AX,-0.16014734014003,L1,-0.0320719470296718,L2,-0.014...
check iteration duration=4.00543212891e-05
GetData ===>> H2,-0.186604543896494,H1,0.00580680258812656,AX,-0.0191505995281386,L1,-0.0274820227769347,L2,-0....
check iteration duration=9.98973846436e-05
GetData ===>> H2,-0.254830469287258,H1,-0.0755654855393971,AX,-0.012933605976823,L1,-0.0331161257306,L2,-0.0136...
check iteration duration=9.70363616943e-05
GetData ===>> H2,-0.242728698284745,H1,-0.0423162533102815,AX,-0.0409881214662399,L1,-0.0144994859032747,L2,-0....
testing H1>-5.0
evaluate ot="H1.bs>-5.0" t="H1>-5.0", ctx="{'H1': None}"
check iteration duration=0.000575065612793
06:12:55 -- collecting point 50
GetData ===>> H2,-0.160323131064125,H1,0.01008950403969,AX,-0.0437479055812925,L1,0.00294802760558004,L2,-0.044...
check iteration duration=4.19616699219e-05
GetData ===>> H2,-0.0868681670876835,H1,0.00367148508042554,AX,-0.0346797495943428,L1,0.011260494599087,L2,-0.0...
check iteration duration=3.91006469727e-05
GetData ===>> H2,-0.174411600110668,H1,-0.1207264556083,AX,-0.0971887930251487,L1,0.0107599712376715,L2,-0.0083...
check iteration duration=6.60419464111e-05
GetData ===>> H2,-0.190727957385541,H1,0.0387131516071506,AX,-0.168795126204768,L1,-0.030560569734725,L2,-0.014...
check iteration duration=8.98838043213e-05
GetData ===>> H2,-0.118336536554392,H1,0.0109484522949234,AX,0.0239937753785157,L1,-0.0134040588564597,L2,-0.01...
testing H1>-5.0
evaluate ot="H1.bs>-5.0" t="H1>-5.0", ctx="{'H1': None}"
check iteration duration=0.000582933425903
GetData ===>> H2,-0.161741062900713,H1,-0.00653923598188373,AX,-0.123886647386073,L1,0.00282077419964698,L2,-0....
check iteration duration=7.39097595215e-05
GetData ===>> H2,-0.295109897431602,H1,-0.0116203515558187,AX,-0.0154042125289299,L1,-0.0326718840560592,L2,-0....
check iteration duration=8.10623168945e-05
GetData ===>> H2,-0.317670288280455,H1,0.0174743137665302,AX,-0.17097433972885,L1,-0.0302395823932998,L2,-0.106...
check iteration duration=4.10079956055e-05
GetData ===>> H2,-0.253999618793478,H1,0.0424841129043287,AX,-0.0445479964264212,L1,-0.0272879349293471,L2,-0.0...
check iteration duration=4.10079956055e-05
GetData ===>> H2,-0.144052579565412,H1,-0.0630729857677313,AX,-0.0801859502971153,L1,-0.02470213576485,L2,0.044...
testing H1>-5.0
evaluate ot="H1.bs>-5.0" t="H1>-5.0", ctx="{'H1': None}"
check iteration duration=0.000702142715454
GetData ===>> H2,-0.127559782841417,H1,-0.0209827645866188,AX,-0.111871202104117,L1,-0.0131991024800587,L2,-0.0...
check iteration duration=5.50746917725e-05
waiting for write to finish
measurement finished
estimated time: 62.915 actual time: :63.169
flush and close file /Users/jan/PychronDev/data/isotopes/92/138feb-6519-4386-beed-febfa353feef.h5
activate_detectors ('H1', 'AX', 'CDD') {'peak_center': True}
peak_center () {'detector': 'H1', 'integration_time': 0.262144, 'isotope': 'Ar40'}
peak center: mean=94.7829525241 threshold=3
peak center started
setup peak center. detector=['H1', 'AX', 'CDD'], isotope=Ar40
VersionedUnpickler [<apptools.sweet_pickle.versioned_unpickler.VersionedUnpickler object at 0x16f3cc9b0>] using Updater [<apptools.sweet_pickle.updater.Updater object at 0x12e273d10>]
VersionedUnpickler [<apptools.sweet_pickle.versioned_unpickler.VersionedUnpickler object at 0x16f3cc9b0>] using Updater [<apptools.sweet_pickle.updater.Updater object at 0x12e273d10>]
VersionedUnpickler [<apptools.sweet_pickle.versioned_unpickler.VersionedUnpickler object at 0x14ba79890>] using Updater [<apptools.sweet_pickle.updater.Updater object at 0x12e273d10>]
setting integration time = 0.524288
SetIntegrationTime 0.524288 ===>> OK
Mapping mass to dac mass func: "parabolic"
H1 map mass coeffs = [-0.00063987  0.15840543  0.57277999]
H1 map mass to dac 39.9624 >> 5.88117
GetDeflection H1 ===>> 0
GetHighVoltage ===>> 4499.94659342336
do peak center. <pychron.spectrometer.jobs.peak_center.PeakCenter object at 0x12e273ef0>
doing pc
starting peak center. center dac= 5.88113536634 step_width=0.001
width = 0.001
get scan parameters. half-width=0.015,window=0.015, i=0, scalar=1
Scan parameters center=5.88114 width=0.03000 (5.86614 - 5.89614)
GetData ===>> H2,-0.0950451918108993,H1,-0.117215748015753,AX,-0.0173760131353951,L1,-0.0403235656159441,L2,0.0...
Moving to starting dac 5.86613536634
setting magnet DAC
current  : 5.241795
requested: 5.866135
Delta Dac: 0.624340
Checking detector protection. dv=0.62434
Checking detector "CDD". Protection Threshold: 0.1 (V)
ProtectDetector CDD,On ===>> OK
GetDeflection CDD ===>> 2000
Protected = 2000
SetMagnetDAC 5.86613536634 ===>> OK
Magnet settling time: 0.500
GetMagnetMoving ===>> True
GetMagnetMoving ===>> True
GetMagnetMoving ===>> True
GetMagnetMoving ===>> True
GetMagnetMoving ===>> True
GetMagnetMoving ===>> True
GetMagnetMoving ===>> True
GetMagnetMoving ===>> True
GetMagnetMoving ===>> False
ProtectDetector CDD,Off ===>> OK
GetDeflection CDD ===>> 50
Wait until signal near baseline. tol= -0.0879118110118. timeout= 10
GetData ===>> H2,0.438408900008938,H1,0.321078420277066,AX,0.0802892651261341,L1,0.048106577989758,L2,0.2206568...
GetData ===>> H2,5.41938819226234,H1,2.99636362380034,AX,0.214783412782247,L1,0.0475660571261619,L2,-0.14215847...
GetData ===>> H2,5.53063365562559,H1,3.19486599363537,AX,0.434111630086304,L1,0.0063215009471048,L2,-0.11328788...
GetData ===>> H2,2.762194404155,H1,1.52839573848766,AX,0.102193653184464,L1,0.0301651417573758,L2,-0.0515682342...
GetData ===>> H2,0.929761364111072,H1,0.751301363439816,AX,0.00836492685114876,L1,0.0166368223854771,L2,-0.0618...
GetData ===>> H2,0.130107697396373,H1,0.385047666953509,AX,-0.0380775080474954,L1,0.00703826737710896,L2,-0.188...
GetData ===>> H2,-0.214653949571123,H1,0.2065042102392,AX,-0.0281506179550211,L1,-0.0275575191657166,L2,0.14383...
GetData ===>> H2,-0.304035592260753,H1,0.1541907854689,AX,-0.101627355568261,L1,-0.030487049789931,L2,-0.117162...
GetData ===>> H2,-0.219697147466592,H1,0.0675479074544462,AX,-0.0522934633675438,L1,-0.00883050161499816,L2,0.0...
GetData ===>> H2,-0.107718644990682,H1,0.0318875955392485,AX,-0.0782154219341878,L1,-0.018893178977889,L2,0.013...
GetData ===>> H2,-0.0667200630072367,H1,0.154691605302726,AX,-0.0204496226508327,L1,-0.013268620315288,L2,-0.13...
GetData ===>> H2,-0.0869656629205132,H1,0.0625823907680847,AX,-0.104223183419041,L1,-0.0171728339600332,L2,0.01...
GetData ===>> H2,-0.108999920280702,H1,0.0836240769664489,AX,-0.104431773722053,L1,-0.0279620557986245,L2,-0.05...
GetData ===>> H2,-0.133321183538602,H1,-0.000443942515526552,AX,-0.0608498643280097,L1,0.0120498652996961,L2,-0...
GetData ===>> H2,-0.209287865211833,H1,0.121213733285486,AX,-0.0977103056499434,L1,0.0231706022760019,L2,0.0654...
GetData ===>> H2,-0.266587568834889,H1,0.034274100697851,AX,-0.125219030620851,L1,-0.0107920509397929,L2,-0.000...
GetData ===>> H2,-0.242358594257757,H1,0.088414364744094,AX,-0.101233339929365,L1,-0.0391449522477579,L2,0.0019...
GetData ===>> H2,-0.237256723732671,H1,0.0323887569037453,AX,-0.0185474757562478,L1,-0.0523461451665437,L2,0.06...
GetData ===>> H2,-0.187531280756426,H1,0.157219591250812,AX,-0.080881421367905,L1,-0.05135079485639,L2,0.076116...
GetData ===>> H2,-0.237202967671032,H1,0.0779999519294751,AX,-0.0384717795041803,L1,-0.0372785317078209,L2,0.01...
GetData ===>> H2,-0.224326399883418,H1,-0.0160690977734077,AX,-0.0187098556009199,L1,-0.0194729504375942,L2,-0....
Peak center failed to move to a baseline position
_do_sweep sm= 5.86613536634, em= 5.89613536634, stm= 0.001
calculated step values: start=5.86613536634, end=5.89613536634, width=0.001, nsteps=31.0
setting magnet DAC
current  : 5.866135
requested: 5.866135
Delta Dac: 0.000000
Checking detector protection. dv=0.00000
Checking detector "CDD". Protection Threshold: 0.1 (V)
SetMagnetDAC 5.86613536634 ===>> OK
GetData ===>> H2,-0.224326399883418,H1,-0.0160690977734077,AX,-0.0187098556009199,L1,-0.0194729504375942,L2,-0....
setting magnet DAC
current  : 5.866135
requested: 5.867170
Delta Dac: 0.001034
Checking detector protection. dv=0.00103
Checking detector "CDD". Protection Threshold: 0.1 (V)
SetMagnetDAC 5.8671698491 ===>> OK
Magnet settling time: 1.049
GetData ===>> H2,-0.25681995971865,H1,0.163754492025192,AX,0.0855041487522083,L1,0.00572463404284434,L2,0.03259...
setting magnet DAC
current  : 5.867170
requested: 5.868204
Delta Dac: 0.001034
Checking detector protection. dv=0.00103
Checking detector "CDD". Protection Threshold: 0.1 (V)
SetMagnetDAC 5.86820433186 ===>> OK
Magnet settling time: 1.049
GetData ===>> H2,-0.262729903420578,H1,0.56534645355828,AX,-0.0719094629870192,L1,0.00965885427972225,L2,-0.008...
setting magnet DAC
current  : 5.868204
requested: 5.869239
Delta Dac: 0.001034
Checking detector protection. dv=0.00103
Checking detector "CDD". Protection Threshold: 0.1 (V)
SetMagnetDAC 5.86923881462 ===>> OK
Magnet settling time: 1.049
GetData ===>> H2,-0.147731464343434,H1,1.87000224350127,AX,0.211998413280665,L1,-0.0381914199721971,L2,-0.13687...
setting magnet DAC
current  : 5.869239
requested: 5.870273
Delta Dac: 0.001034
Checking detector protection. dv=0.00103
Checking detector "CDD". Protection Threshold: 0.1 (V)
SetMagnetDAC 5.87027329738 ===>> OK
Magnet settling time: 1.049
GetData ===>> H2,-0.0747044230328565,H1,7.00639759274921,AX,0.862165022383815,L1,-0.0432958362536567,L2,-0.0831...
setting magnet DAC
current  : 5.870273
requested: 5.871308
Delta Dac: 0.001034
Checking detector protection. dv=0.00103
Checking detector "CDD". Protection Threshold: 0.1 (V)
SetMagnetDAC 5.87130778013 ===>> OK
Magnet settling time: 1.049
GetData ===>> H2,-0.194534841513846,H1,19.6930046180628,AX,2.92174239181741,L1,0.000841350422120124,L2,-0.00626...
setting magnet DAC
current  : 5.871308
requested: 5.872342
Delta Dac: 0.001034
Checking detector protection. dv=0.00103
Checking detector "CDD". Protection Threshold: 0.1 (V)
SetMagnetDAC 5.87234226289 ===>> OK
Magnet settling time: 1.049
GetData ===>> H2,-0.162838825409931,H1,41.3589793609237,AX,6.80690233047225,L1,0.00827534880282848,L2,-0.002755...
setting magnet DAC
current  : 5.872342
requested: 5.873377
Delta Dac: 0.001034
Checking detector protection. dv=0.00103
Checking detector "CDD". Protection Threshold: 0.1 (V)
SetMagnetDAC 5.87337674565 ===>> OK
Magnet settling time: 1.049
GetData ===>> H2,-0.20421845605626,H1,65.014591375191,AX,11.9233231557837,L1,0.0913557372823039,L2,0.0798318955...
setting magnet DAC
current  : 5.873377
requested: 5.874411
Delta Dac: 0.001034
Checking detector protection. dv=0.00103
Checking detector "CDD". Protection Threshold: 0.1 (V)
SetMagnetDAC 5.87441122841 ===>> OK
Magnet settling time: 1.049
GetData ===>> H2,-0.143401662481795,H1,82.8119749680294,AX,16.4286352153616,L1,0.140335794043707,L2,0.069279511...
setting magnet DAC
current  : 5.874411
requested: 5.875446
Delta Dac: 0.001034
Checking detector protection. dv=0.00103
Checking detector "CDD". Protection Threshold: 0.1 (V)
SetMagnetDAC 5.87544571117 ===>> OK
Magnet settling time: 1.049
GetData ===>> H2,-0.0855085547454132,H1,93.6424569955276,AX,20.0832443031784,L1,0.20893183482148,L2,0.252116438...
setting magnet DAC
current  : 5.875446
requested: 5.876480
Delta Dac: 0.001034
Checking detector protection. dv=0.00103
Checking detector "CDD". Protection Threshold: 0.1 (V)
SetMagnetDAC 5.87648019393 ===>> OK
Magnet settling time: 1.049
GetData ===>> H2,-0.197064595812334,H1,95.202289677441,AX,20.7161642295295,L1,0.234981038839047,L2,0.1113136306...
setting magnet DAC
current  : 5.876480
requested: 5.877515
Delta Dac: 0.001034
Checking detector protection. dv=0.00103
Checking detector "CDD". Protection Threshold: 0.1 (V)
SetMagnetDAC 5.87751467669 ===>> OK
Magnet settling time: 1.049
GetData ===>> H2,-0.170049277588571,H1,95.791715283433,AX,21.0721455312744,L1,0.376116668540034,L2,0.0683451232...
setting magnet DAC
current  : 5.877515
requested: 5.878549
Delta Dac: 0.001034
Checking detector protection. dv=0.00103
Checking detector "CDD". Protection Threshold: 0.1 (V)
SetMagnetDAC 5.87854915944 ===>> OK
Magnet settling time: 1.049
GetData ===>> H2,-0.171452501126759,H1,95.9726263307757,AX,20.9572317138665,L1,0.419446942147586,L2,0.035168858...
setting magnet DAC
current  : 5.878549
requested: 5.879584
Delta Dac: 0.001034
Checking detector protection. dv=0.00103
Checking detector "CDD". Protection Threshold: 0.1 (V)
SetMagnetDAC 5.8795836422 ===>> OK
Magnet settling time: 1.049
GetData ===>> H2,-0.168127658763398,H1,95.9825048386958,AX,20.905468009863,L1,0.439625459956687,L2,0.3213084221...
setting magnet DAC
current  : 5.879584
requested: 5.880618
Delta Dac: 0.001034
Checking detector protection. dv=0.00103
Checking detector "CDD". Protection Threshold: 0.1 (V)
SetMagnetDAC 5.88061812496 ===>> OK
Magnet settling time: 1.049
GetData ===>> H2,-0.13475330863804,H1,96.2050529346612,AX,21.009097366378,L1,0.501587256619319,L2,0.29747838831...
setting magnet DAC
current  : 5.880618
requested: 5.881653
Delta Dac: 0.001034
Checking detector protection. dv=0.00103
Checking detector "CDD". Protection Threshold: 0.1 (V)
SetMagnetDAC 5.88165260772 ===>> OK
Magnet settling time: 1.049
GetData ===>> H2,-0.139105318949336,H1,96.025978103296,AX,21.1685418586388,L1,0.549447088965197,L2,0.2831832128...
setting magnet DAC
current  : 5.881653
requested: 5.882687
Delta Dac: 0.001034
Checking detector protection. dv=0.00103
Checking detector "CDD". Protection Threshold: 0.1 (V)
SetMagnetDAC 5.88268709048 ===>> OK
Magnet settling time: 1.049
GetData ===>> H2,-0.234479888441873,H1,95.9463456524766,AX,20.9454954019142,L1,0.547295023837698,L2,0.186355310...
setting magnet DAC
current  : 5.882687
requested: 5.883722
Delta Dac: 0.001034
Checking detector protection. dv=0.00103
Checking detector "CDD". Protection Threshold: 0.1 (V)
SetMagnetDAC 5.88372157324 ===>> OK
Magnet settling time: 1.049
GetData ===>> H2,-0.156239846905316,H1,95.9456049224202,AX,20.9320143445374,L1,0.539831592228387,L2,0.218009056...
setting magnet DAC
current  : 5.883722
requested: 5.884756
Delta Dac: 0.001034
Checking detector protection. dv=0.00103
Checking detector "CDD". Protection Threshold: 0.1 (V)
SetMagnetDAC 5.884756056 ===>> OK
Magnet settling time: 1.049
GetData ===>> H2,-0.170016893454877,H1,96.03063671001,AX,20.8203789686559,L1,0.519639104254946,L2,0.23905648812...
setting magnet DAC
current  : 5.884756
requested: 5.885791
Delta Dac: 0.001034
Checking detector protection. dv=0.00103
Checking detector "CDD". Protection Threshold: 0.1 (V)
SetMagnetDAC 5.88579053876 ===>> OK
Magnet settling time: 1.049
GetData ===>> H2,-0.199246557715619,H1,95.5932839486879,AX,20.4999128178951,L1,0.4436640311253,L2,0.15544196121...
setting magnet DAC
current  : 5.885791
requested: 5.886825
Delta Dac: 0.001034
Checking detector protection. dv=0.00103
Checking detector "CDD". Protection Threshold: 0.1 (V)
SetMagnetDAC 5.88682502151 ===>> OK
Magnet settling time: 1.049
GetData ===>> H2,-0.239276165917741,H1,94.0277807050224,AX,19.9275562392436,L1,0.495425152035332,L2,0.168125493...
setting magnet DAC
current  : 5.886825
requested: 5.887860
Delta Dac: 0.001034
Checking detector protection. dv=0.00103
Checking detector "CDD". Protection Threshold: 0.1 (V)
SetMagnetDAC 5.88785950427 ===>> OK
Magnet settling time: 1.049
GetData ===>> H2,-0.243599404281059,H1,85.5807637633802,AX,17.0334861766807,L1,0.489062899383358,L2,0.087900810...
setting magnet DAC
current  : 5.887860
requested: 5.888894
Delta Dac: 0.001034
Checking detector protection. dv=0.00103
Checking detector "CDD". Protection Threshold: 0.1 (V)
SetMagnetDAC 5.88889398703 ===>> OK
Magnet settling time: 1.049
GetData ===>> H2,-0.145901487951815,H1,67.6744195766475,AX,11.9861645731379,L1,0.40571497934058,L2,0.0459908949...
setting magnet DAC
current  : 5.888894
requested: 5.889928
Delta Dac: 0.001034
Checking detector protection. dv=0.00103
Checking detector "CDD". Protection Threshold: 0.1 (V)
SetMagnetDAC 5.88992846979 ===>> OK
Magnet settling time: 1.049
GetData ===>> H2,-0.156718084583362,H1,42.4856481512899,AX,6.36755406689039,L1,0.374966123680084,L2,0.015692277...
setting magnet DAC
current  : 5.889928
requested: 5.890963
Delta Dac: 0.001034
Checking detector protection. dv=0.00103
Checking detector "CDD". Protection Threshold: 0.1 (V)
SetMagnetDAC 5.89096295255 ===>> OK
Magnet settling time: 1.049
GetData ===>> H2,-0.107905168736392,H1,20.3324415862196,AX,2.62613339433745,L1,0.35699457754144,L2,0.0075383491...
setting magnet DAC
current  : 5.890963
requested: 5.891997
Delta Dac: 0.001034
Checking detector protection. dv=0.00103
Checking detector "CDD". Protection Threshold: 0.1 (V)
SetMagnetDAC 5.89199743531 ===>> OK
Magnet settling time: 1.049
GetData ===>> H2,-0.249508202932777,H1,7.43857553269891,AX,0.736724612133186,L1,0.245512985445068,L2,0.02765111...
setting magnet DAC
current  : 5.891997
requested: 5.893032
Delta Dac: 0.001034
Checking detector protection. dv=0.00103
Checking detector "CDD". Protection Threshold: 0.1 (V)
SetMagnetDAC 5.89303191807 ===>> OK
Magnet settling time: 1.049
GetData ===>> H2,-0.279990485808255,H1,2.15841877474554,AX,0.00031362638766345,L1,0.165268209877721,L2,-0.07478...
setting magnet DAC
current  : 5.893032
requested: 5.894066
Delta Dac: 0.001034
Checking detector protection. dv=0.00103
Checking detector "CDD". Protection Threshold: 0.1 (V)
SetMagnetDAC 5.89406640082 ===>> OK
Magnet settling time: 1.049
GetData ===>> H2,-0.244059626694059,H1,0.456583943023259,AX,-0.0518992479040594,L1,0.0907946934442988,L2,-0.108...
setting magnet DAC
current  : 5.894066
requested: 5.895101
Delta Dac: 0.001034
Checking detector protection. dv=0.00103
Checking detector "CDD". Protection Threshold: 0.1 (V)
SetMagnetDAC 5.89510088358 ===>> OK
Magnet settling time: 1.049
GetData ===>> H2,-0.105228665152542,H1,0.0311477904910042,AX,0.0143980379914289,L1,0.0855806416282855,L2,0.1166...
setting magnet DAC
current  : 5.895101
requested: 5.896135
Delta Dac: 0.001034
Checking detector protection. dv=0.00103
Checking detector "CDD". Protection Threshold: 0.1 (V)
SetMagnetDAC 5.89613536634 ===>> OK
Magnet settling time: 1.049
GetData ===>> H2,-0.168003498022147,H1,-0.0229386230915949,AX,0.0535934355610539,L1,0.0579875929240517,L2,-0.13...
result of _do_sweep=True
result of _calculate_peak_center=([5.8737405767621995, 5.8812255467020798, 5.8887105166419591], [71.273991817165182, 96.203976332468514, 70.850194046644006], 5.8806243442972699, 96.203976332468514)
Failed to find a valid peak. No peak greater than 1.0. max = 0.0249807893922
new center pos Detector(H1) (Ar40) @ 5.8812255467
GetHighVoltage ===>> 4499.94659342336
GetDeflection H1 ===>> 0
dac uncorrected for HV and deflection 5.88126018089
update mftable H1 Ar40 5.88126018089 message=automated run peakcenter
get initial guess parabolic
get initial guess parabolic
get initial guess parabolic
get initial guess parabolic
get initial guess parabolic
get initial guess parabolic
dump mftable to /Users/jan/PychronDev/setupfiles/spectrometer/mftables/mftable.csv
add to repo msg=modified - automated run peakcenter
sweep finished
locally archiving mftable
setting magnet DAC
current  : 5.896135
requested: 5.881226
Delta Dac: 0.014910
Checking detector protection. dv=0.01491
Checking detector "CDD". Protection Threshold: 0.1 (V)
SetMagnetDAC 5.8812255467 ===>> OK
Magnet settling time: 0.500
setting integration time = 1.048576
SetIntegrationTime 1.048576 ===>> OK
Failed to find a valid peak. No peak greater than 1.0. max = 0.0249807893922
flush and close file /Users/jan/PychronDev/data/isotopes/92/138feb-6519-4386-beed-febfa353feef.h5
finished measure script
executed snippet estimated_duration=226.132928, duration=272.739042997
jan_unknown120_60.py completed successfully
Measurement Finished
06:13:53 -- ******* Measurement Finished *******
Post Measurement Started jan_pump_ms.py
06:13:53 -- ******* Post Measurement Started jan_pump_ms.py *******
testing...
no interpolation path defined
executed snippet estimated_duration=0, duration=2.90870666504e-05
Pumping spectrometer
open () {'name': 'O'}
opening name=O desc=---
checking ownership. requestor=129.138.12.150
check software interlocks O
interlocks []
actuate state mode=None-script, software_lock=False
doing actuation None-script open_channel True
Open O ===>> OK
GetIndicatorState O ===>> OK
change switch state (True, True)
update switch state O True args=() kw={} ncanvase=3
06:13:53 -- OPEN   VALVE-O (Jan Ion Pump)
---------------------------------------- open O () result=[(True, True)], time=0.10 sec
action=open, ok=True, locked=[False]
executed snippet estimated_duration=0, duration=0.349245071411
jan_pump_ms.py completed successfully
setting _ms_pumptime
Post Measurement Finished
06:13:53 -- ******* Post Measurement Finished *******
$$$$$$$$$$$$$$$$$$$$ state at run end measurement
state changed from measurement to success
post measurement save measured=True aborted=False
Set filtering
setting fod for Ar40= {'filter_outliers': True, 'std_devs': 2, 'iterations': 1}
setting fod for H1= {'filter_outliers': True, 'std_devs': 2, 'iterations': 1}
setting fod for PM41= {'filter_outliers': False, 'std_devs': 2, 'iterations': 1}
setting fod for H2= {'filter_outliers': True, 'std_devs': 2, 'iterations': 1}
setting fod for Ar36= {'filter_outliers': True, 'std_devs': 2, 'iterations': 1}
setting fod for CDD= {'filter_outliers': True, 'std_devs': 10, 'iterations': 1}
setting fod for Ar37= {'filter_outliers': True, 'std_devs': 2, 'iterations': 1}
setting fod for L2= {'filter_outliers': True, 'std_devs': 2, 'iterations': 1}
setting fod for Ar38= {'filter_outliers': True, 'std_devs': 2, 'iterations': 1}
setting fod for L1= {'filter_outliers': True, 'std_devs': 2, 'iterations': 1}
setting fod for Ar39= {'filter_outliers': True, 'std_devs': 2, 'iterations': 1}
setting fod for AX= {'filter_outliers': True, 'std_devs': 2, 'iterations': 1}
persistence save...
persistence save - db
post measurement save
6613975792 connecting to database sqlite:////Users/jan/PychronDev/.appdata/local_lab.db
connected to db sqlite:////Users/jan/PychronDev/.appdata/local_lab.db
create new session 6613975792
close session 6613975792
No database instance. Not saving post measurement to isotopedb database
$$$$$$$$$$$$$$$ auto_save_detector_ic=False
massspec enabled True
create new session 5025924496
MassSpec Database Version: 16.0
close session 5025924496
saving post measurement to secondary database
saving to massspec database 129.138.12.160/massspecdata
setting labnumber to 65591
setting aliquot to 1
setting step to 
setting uuid to 92138feb-6519-4386-beed-febfa353feef
setting irradpos to 65591
setting extract_device to Fusions CO2
setting tray to 
setting position to 197
setting power_requested to 0.35
setting extract_value to 0.35
setting duration to 30.0
setting duration_at_request to 30.0
setting first_stage_delay to 30.0
setting cleanup to 30.0
setting comment to O:14
setting irradiation to NM-289
setting level to O
setting irradiation_level to O
setting sample to BW-2014-10
setting material to Sanidine
setting project to Bustos Wells
setting mass_spectrometer to Jan
no attribute chron_dosages
no attribute production_ratios
no attribute interference_corrections
no attribute production_name
no attribute j
Reference Isotope=Ar40
Reference Detector=H1
%%%%%%%%%%%%%%%%%%%% Comment: O:14 %%%%%%%%%%%%%%%%%%%
adding isotope PM41 H2
add baseline dbdet= PM41. original det= H2
get baseline data PM41 H2
Get data baseline <pychron.processing.isotope.Baseline object at 0x177221110> len t=60
baseline PM41. v=-0.191333213037, e=0.00688343679591
get signal data PM41 H2
Get data signal PM41 0.06+/-0.07 len t=120
adding isotope Ar40 H1
add baseline dbdet= Ar40. original det= H1
get baseline data Ar40 H1
Get data baseline <pychron.processing.isotope.Baseline object at 0x149ee5750> len t=60
baseline Ar40. v=-0.0239175503133, e=0.00608316921136
get signal data Ar40 H1
Get data signal Ar40 92.075+/-0.018 len t=120
adding isotope Ar39 AX
add baseline dbdet= Ar39. original det= AX
get baseline data Ar39 AX
Get data baseline <pychron.processing.isotope.Baseline object at 0x179980d50> len t=60
baseline Ar39. v=-0.0826925434628, e=0.00716204845204
get signal data Ar39 AX
Get data signal Ar39 21.958+/-0.016 len t=120
adding isotope Ar38 L1
add baseline dbdet= Ar38. original det= L1
get baseline data Ar38 L1
Get data baseline <pychron.processing.isotope.Baseline object at 0x179980ed0> len t=60
baseline Ar38. v=-0.0219718836553, e=0.00243502310436
get signal data Ar38 L1
Get data signal Ar38 0.669+/-0.004 len t=120
adding isotope Ar37 L2
add baseline dbdet= Ar37. original det= L2
get baseline data Ar37 L2
Get data baseline <pychron.processing.isotope.Baseline object at 0x1799807d0> len t=60
baseline Ar37. v=-0.0102522377624, e=0.00741614293664
get signal data Ar37 L2
Get data signal Ar37 0.234+/-0.011 len t=120
adding isotope Ar36 CDD
add baseline dbdet= Ar36. original det= CDD
get baseline data Ar36 CDD
Get data baseline <pychron.processing.isotope.Baseline object at 0x1799806d0> len t=60
baseline Ar36. v=0.000295249738369, e=2.99181609946e-05
get signal data Ar36 CDD
Get data signal Ar36 0.00833+/-0.00027 len t=120
65591-01 added analysis time 0.531262874603s
analysis added to mass spec database
mass spec save time= 0.540
persistence save - dvc
================= post measurement started
create new session 4992585168
close session 4992585168
---------------- Experiment Queue saving disabled
DVC saving peakcenter
Failed to find a valid peak. No peak greater than 1.0. max = 0.0249807893922
Smart pull ahead: 0 behind: 0
Up-to-date with origin
add to repo msg=modified - ad8224ebc6dbfeb9f5997218dfa5fe690569839d.json
add to repo msg=modified - 91-01.json
add to repo msg=modified - 91-01.dat.json
add to repo msg=modified - 91-01.blan.json
add to repo msg=modified - 91-01.inte.json
add to repo msg=modified - 91-01.icfa.json
add to repo msg=modified - 91-01.base.json
not at valid file /Users/jan/PychronDev/data/.dvc/repositories/Load1792/655/tags/91-01.tags.json
add to repo msg=modified - 91-01.peak.json
add to repo msg=modified - 91-01.extr.json
not at valid file /Users/jan/PychronDev/data/.dvc/repositories/Load1792/655/monitor/91-01.moni.json
commit message=<COLLECTION>
add to repo msg=modified - 91-01.inte.json
add to repo msg=modified - 91-01.base.json
commit message=<ISOEVO> default collection fits
add to repo msg=modified - 91-01.blan.json
commit message=<BLANKS> preceding ba-01-J-2326
add to repo msg=modified - 91-01.icfa.json
commit message=<ICFactor> default
push repository <pychron.git_archive.repo_manager.GitRepoManager object at 0x18fcf0e30>
pushing to remote=origin, url=https://github.com
no changes to meta repo
create new session 4992585168
add association Load1792
get identifier "65591"
setting analysis irradiation position=<pychron.dvc.dvc_orm.IrradiationPositionTbl object at 0x180e82d50>
close session 4992585168
================= post measurement finished
06:14:06 -- ******* Post Run Check *******
loading queue conditionals post_run_actions
loading system conditionals post_run_actions
loading conditionals from /Users/jan/PychronDev/setupfiles/spectrometer/default_conditionals.yaml
loading queue conditionals post_run_terminations
loading system conditionals post_run_terminations
loading conditionals from /Users/jan/PychronDev/setupfiles/spectrometer/default_conditionals.yaml
Checking default post run terminations n=1
GetDeflection CDD ===>> 50
testing CDD==2000
evaluate ot="CDD.deflection==2000" t="CDD==2000", ctx="{'CDD': 50.0}"
06:14:06 -- ******* Post Run Check Passed *******
06:14:06 -- Automated run 65591-01 success duration: 375.941 s
----------------- finish -----------------
----------------- stop -----------------
retroactive repository identifiers disabled
finish run. runs completed=141
update duration runid=65591-01, duration=375.940814018, md5=301e91d8
loading script "jan_unknown120_60.py"
loading script "jan_pump_ms.py"
loading script "jan_co2.py"
loading script "jan_pump_extraction_line.py"
testing...
no interpolation path defined
executed snippet estimated_duration=213.652928, duration=0.000194072723389
script duration name:unknown120_60 seconds:214.0
loading script "jan_unknown120_60.py"
loading script "jan_pump_ms.py"
loading script "jan_co2.py"
loading script "jan_pump_extraction_line.py"
testing...
no interpolation path defined
executed snippet estimated_duration=0, duration=2.71797180176e-05
loading script "jan_unknown120_60.py"
loading script "jan_pump_ms.py"
loading script "jan_co2.py"
loading script "jan_pump_extraction_line.py"
testing...
no interpolation path defined
calculate duration
testing...
no interpolation path defined
executed snippet estimated_duration=0, duration=4.60147857666e-05
calculate duration
testing...
no interpolation path defined
executed snippet estimated_duration=0, duration=9.29832458496e-05
executed snippet estimated_duration=0.0, duration=0.00282502174377
script duration name:co2 seconds:0.0
loading script "jan_unknown120_60.py"
loading script "jan_pump_ms.py"
loading script "jan_co2.py"
loading script "jan_pump_extraction_line.py"
testing...
no interpolation path defined
calculate duration
testing...
no interpolation path defined
executed snippet estimated_duration=4.0, duration=0.000147819519043
executed snippet estimated_duration=4.0, duration=0.00151705741882
Script duration 214.0
Run total estimated duration= 215.000
unknown120_60 in script context. using previous estimated duration
script duration name:unknown120_60 seconds:214.0
pump_ms in script context. using previous estimated duration
co2 in script context. using previous estimated duration
script duration name:co2 seconds:0.0
pump_extraction_line in script context. using previous estimated duration
Script duration 214.0
Run total estimated duration= 215.000
script duration name:unknown120_60 seconds:214.0
script duration name:co2 seconds:0.0
Script duration 214.0
Run total estimated duration= 215.000
script duration name:unknown120_60 seconds:214.0
script duration name:co2 seconds:0.0
Script duration 214.0
Run total estimated duration= 215.000
script duration name:unknown120_60 seconds:214.0
script duration name:co2 seconds:0.0
Script duration 214.0
Run total estimated duration= 215.000
script duration name:unknown120_60 seconds:214.0
script duration name:co2 seconds:0.0
Script duration 214.0
Run total estimated duration= 215.000
script duration name:unknown120_60 seconds:214.0
script duration name:co2 seconds:0.0
Script duration 214.0
Run total estimated duration= 215.000
script duration name:unknown120_60 seconds:214.0
script duration name:co2 seconds:0.0
Script duration 214.0
Run total estimated duration= 215.000
script duration name:unknown120_60 seconds:214.0
script duration name:co2 seconds:0.0
Script duration 214.0
Run total estimated duration= 215.000
script duration name:unknown120_60 seconds:214.0
script duration name:co2 seconds:0.0
Script duration 214.0
Run total estimated duration= 215.000
script duration name:unknown120_60 seconds:214.0
script duration name:co2 seconds:0.0
Script duration 214.0
Run total estimated duration= 215.000
loading script "jan_unknown400_120.py"
loading script "jan_pump_ms.py"
loading script "jan_co2.py"
loading script "jan_pump_extraction_line.py"
testing...
no interpolation path defined
executed snippet estimated_duration=556.052928, duration=0.000196933746338
script duration name:unknown400_120 seconds:556.0
script duration name:co2 seconds:0.0
Script duration 556.0
Run total estimated duration= 557.000
unknown400_120 in script context. using previous estimated duration
script duration name:unknown400_120 seconds:556.0
loading script "jan_unknown400_120.py"
loading script "jan_pump_ms.py"
loading script "jan_cocktail_x1.py"
loading script "jan_pump_extraction_line.py"
testing...
no interpolation path defined
calculate duration
testing...
no interpolation path defined
executed snippet estimated_duration=0, duration=4.60147857666e-05
calculate duration
testing...
no interpolation path defined
executed snippet estimated_duration=0, duration=9.60826873779e-05
calculate duration
testing...
no interpolation path defined
executed snippet estimated_duration=32.0, duration=9.10758972168e-05
calculate duration
testing...
no interpolation path defined
executed snippet estimated_duration=34.0, duration=9.89437103271e-05
calculate duration
testing...
no interpolation path defined
executed snippet estimated_duration=4.0, duration=5.98430633545e-05
calculate duration
testing...
no interpolation path defined
executed snippet estimated_duration=38.0, duration=9.3936920166e-05
executed snippet estimated_duration=108.0, duration=0.00822710990906
script duration name:cocktail_x1 seconds:108.0
Script duration 664.0
Run total estimated duration= 665.000
script duration name:unknown400_120 seconds:556.0
loading script "jan_unknown400_120.py"
loading script "jan_pump_ms.py"
loading script "jan_sniffair_x2.py"
loading script "jan_pump_extraction_line.py"
testing...
no interpolation path defined
calculate duration
testing...
no interpolation path defined
executed snippet estimated_duration=0, duration=4.6968460083e-05
calculate duration
testing...
no interpolation path defined
executed snippet estimated_duration=0, duration=9.89437103271e-05
calculate duration
testing...
no interpolation path defined
executed snippet estimated_duration=32.0, duration=0.000102043151855
calculate duration
testing...
no interpolation path defined
executed snippet estimated_duration=34.0, duration=0.000118970870972
calculate duration
testing...
no interpolation path defined
executed snippet estimated_duration=4.0, duration=0.000110149383545
calculate duration
testing...
no interpolation path defined
executed snippet estimated_duration=36.0, duration=8.60691070557e-05
calculate duration
testing...
no interpolation path defined
executed snippet estimated_duration=34.0, duration=0.00010085105896
calculate duration
testing...
no interpolation path defined
executed snippet estimated_duration=4.0, duration=6.50882720947e-05
calculate duration
testing...
no interpolation path defined
executed snippet estimated_duration=36.0, duration=8.79764556885e-05
calculate duration
testing...
no interpolation path defined
executed snippet estimated_duration=70.0, duration=9.48905944824e-05
executed snippet estimated_duration=250.0, duration=0.0248110294342
script duration name:sniffair_x2 seconds:250.0
Script duration 806.0
Run total estimated duration= 807.000
script duration name:unknown400_120 seconds:556.0
sniffair_x2 in script context. using previous estimated duration
script duration name:sniffair_x2 seconds:250.0
Script duration 806.0
Run total estimated duration= 807.000
script duration name:unknown400_120 seconds:556.0
cocktail_x1 in script context. using previous estimated duration
script duration name:cocktail_x1 seconds:108.0
Script duration 664.0
Run total estimated duration= 665.000
loading script "jan_ic_peak_hop3.py"
loading script "jan_pump_ms.py"
loading script "jan_air_x1.py"
loading script "jan_pump_extraction_line.py"
testing...
no interpolation path defined
executed snippet estimated_duration=133.8, duration=0.00860714912415
script duration name:ic_peak_hop3 seconds:134.0
loading script "jan_ic_peak_hop3.py"
loading script "jan_pump_ms.py"
loading script "jan_air_x1.py"
loading script "jan_pump_extraction_line.py"
testing...
no interpolation path defined
calculate duration
testing...
no interpolation path defined
executed snippet estimated_duration=0, duration=6.103515625e-05
calculate duration
testing...
no interpolation path defined
executed snippet estimated_duration=0, duration=0.000104188919067
calculate duration
testing...
no interpolation path defined
executed snippet estimated_duration=32.0, duration=9.48905944824e-05
calculate duration
testing...
no interpolation path defined
executed snippet estimated_duration=34.0, duration=0.000102996826172
calculate duration
testing...
no interpolation path defined
executed snippet estimated_duration=4.0, duration=6.48498535156e-05
calculate duration
testing...
no interpolation path defined
executed snippet estimated_duration=36.0, duration=8.70227813721e-05
executed snippet estimated_duration=106.0, duration=0.0221221446991
script duration name:air_x1 seconds:106.0
Script duration 240.0
Run total estimated duration= 241.000
nruns=17 before=5.0, run_dur=6107.0, btw=720.0
write rem/ex queues
/Users/jan/PychronDev/experiments/rem/CurrentExperiment.rem.txt
/Users/jan/PychronDev/experiments/rem/CurrentExperiment.ex.txt
doing event level: 3
