do run
loading script "jan_unknown120_60.py"
loading script "jan_pump_ms.py"
loading script "jan_co2.py"
loading script "jan_pump_extraction_line.py"
testing...
no interpolation path defined
executed snippet estimated_duration=213.652928, duration=0.000241041183472
script duration name:unknown120_60 seconds:214.0
loading script "jan_unknown120_60.py"
loading script "jan_pump_ms.py"
loading script "jan_co2.py"
loading script "jan_pump_extraction_line.py"
testing...
no interpolation path defined
executed snippet estimated_duration=0, duration=1.8835067749e-05
loading script "jan_unknown120_60.py"
loading script "jan_pump_ms.py"
loading script "jan_co2.py"
loading script "jan_pump_extraction_line.py"
testing...
no interpolation path defined
calculate duration
testing...
no interpolation path defined
executed snippet estimated_duration=0, duration=3.50475311279e-05
calculate duration
testing...
no interpolation path defined
executed snippet estimated_duration=0, duration=6.79492950439e-05
executed snippet estimated_duration=0.0, duration=0.00173187255859
script duration name:co2 seconds:0.0
loading script "jan_unknown120_60.py"
loading script "jan_pump_ms.py"
loading script "jan_co2.py"
loading script "jan_pump_extraction_line.py"
testing...
no interpolation path defined
calculate duration
testing...
no interpolation path defined
executed snippet estimated_duration=4.0, duration=0.000108003616333
executed snippet estimated_duration=4.0, duration=0.00104904174805
Script duration 214.0
Run total estimated duration= 215.000
run duration: 0:03:35
doing event level: 2
06:21:59 -- Setting default integration. t=1.048576
setting integration time = 1.048576
SetIntegrationTime 1.048576 ===>> OK
----------------- start -----------------
**************** Experiment Type: Ar/Ar, Ar/Ar
create new session 4419438256
close session 4419438256
$$$$$ Clearing conditionals
adding conditionals 
Add queue conditionals
add default conditionals
adding default conditionals from /Users/jan/PychronDev/setupfiles/spectrometer/default_conditionals.yaml
Start automated run 65591-03
loading script "jan_unknown120_60.py"
loading script "jan_pump_ms.py"
loading script "jan_co2.py"
loading script "jan_pump_extraction_line.py"
%%%%%%%%%%%%%%%%%% setting automated run 65591-03
No value "sensitivity_multiplier" in metadata
$$$$$$$$$$$$$$$ auto_save_detector_ic=False
============================= Pre Extraction Check =============================
loading queue conditionals pre_run_terminations
loading system conditionals pre_run_terminations
loading conditionals from /Users/jan/PychronDev/setupfiles/spectrometer/default_conditionals.yaml
06:21:59 -- ******* Pre Extraction Check *******
Get a measurement from the spectrometer
GetData ===>> H2,-0.193694860831619,H1,-0.0294380002960669,AX,-0.0206699909248516,L1,-0.00555040725469957,L2,0....
Pre Extraction Termination data. keys=H2,H1,AX,L1,L2,CDD, signals=-0.19369,-0.02944,-0.02067,-0.00555,0.01672,0.00447
06:21:59 -- testing system defined conditionals
Checking default pre extraction terminations n=2
testing CDD
evaluate ot="CDD.inactive" t="CDD", ctx="{'CDD': False}"
GetDeflection CDD ===>> 50
testing CDD==2000
evaluate ot="CDD.deflection==2000" t="CDD==2000", ctx="{'CDD': 50.0}"
06:21:59 -- ******* Pre Extraction Check Passed *******
=================================================================================
06:21:59 -- stopping status monitor
stop 5025639504
Status monitor stopped
Status monitor finished
06:22:01 -- starting status monitor
start 5025639504
StatusMonitor period=1. Frequencies(state=2, checksum=3, lock=5, owner=5)
start extraction
do extraction
Analysis started at 06:22:02.557598
Extraction Started jan_co2.py
06:22:02 -- ******* Extraction Started jan_co2.py *******
state changed from not run to extraction
DO EXTRACTION <pychron.extraction_line.pyscript_runner.RemotePyScriptRunner object at 0x12bfe48f0>
testing...
no interpolation path defined
calculate duration
testing...
no interpolation path defined
executed snippet estimated_duration=0, duration=7.29560852051e-05
calculate duration
testing...
no interpolation path defined
executed snippet estimated_duration=0, duration=9.3936920166e-05
executed snippet estimated_duration=100.0, duration=0.00277709960938
Jan CO2 laser analysis
doing GOSUB
testing...
no interpolation path defined
executed snippet estimated_duration=0, duration=4.6968460083e-05
Waiting for CO2 access
wait ('FelixCO2Flag', 0) {}
waiting for FelixCO2Flag = 0
Read FelixCO2Flag ===>> 0
finished waiting
CO2 free
wait ('CO2PumpTimeFlag', 0) {}
waiting for CO2PumpTimeFlag = 0
Read CO2PumpTimeFlag ===>> 0
finished waiting
acquire ('JanCO2Flag',) {'clear': True}
acquire JanCO2Flag
Set JanCO2Flag 1 ===>> OK
JanCO2Flag acquired
set extraction state False (0.75, 'red', 1.5)
CO2 acquired
executed snippet estimated_duration=0, duration=0.0215289592743
WaitForCO2Access.py completed successfully
gosub finished
doing GOSUB
testing...
no interpolation path defined
executed snippet estimated_duration=0, duration=0.000143051147461
Prepare for CO2 analysis
close () {'description': 'Jan Inlet'}
closing name=--- desc=Jan Inlet
checking ownership. requestor=129.138.12.150
check software interlocks R
interlocks []
actuate state mode=None-script, software_lock=False
doing actuation None-script close_channel False
Close R ===>> OK
GetIndicatorState R ===>> False
change switch state (True, True)
update switch state R False args=() kw={} ncanvase=3
06:22:03 -- CLOSE  VALVE-R (Jan Inlet)
---------------------------------------- close None (Jan Inlet) result=[(True, True)]
action=close, ok=True, locked=[False]
open () {'description': 'Jan Ion Pump'}
opening name=--- desc=Jan Ion Pump
checking ownership. requestor=129.138.12.150
check software interlocks O
interlocks []
actuate state mode=None-script, software_lock=False
doing actuation None-script open_channel False
Open O ===>> OK
GetIndicatorState O ===>> OK
change switch state (True, True)
update switch state O True args=() kw={} ncanvase=3
06:22:03 -- OPEN   VALVE-O (Jan Ion Pump)
---------------------------------------- open None (Jan Ion Pump) result=[(True, True)], time=0.09 sec
action=open, ok=True, locked=[False]
close () {'description': 'Microbone to Minibone'}
closing name=--- desc=Microbone to Minibone
checking ownership. requestor=129.138.12.150
check software interlocks L
interlocks []
actuate state mode=None-script, software_lock=False
doing actuation None-script close_channel False
Close L ===>> OK
GetIndicatorState L ===>> False
change switch state (True, True)
update switch state L False args=() kw={} ncanvase=3
06:22:04 -- CLOSE  VALVE-L (Microbone to Minibone)
---------------------------------------- close None (Microbone to Minibone) result=[(True, True)]
action=close, ok=True, locked=[False]
open () {'description': 'Microbone to Turbo'}
opening name=--- desc=Microbone to Turbo
checking ownership. requestor=129.138.12.150
check software interlocks U
interlocks []
actuate state mode=None-script, software_lock=False
doing actuation None-script open_channel False
Open U ===>> OK
GetIndicatorState U ===>> OK
change switch state (True, True)
update switch state U True args=() kw={} ncanvase=3
06:22:04 -- OPEN   VALVE-U (Microbone to Turbo)
---------------------------------------- open None (Microbone to Turbo) result=[(True, True)], time=0.14 sec
action=open, ok=True, locked=[False]
open () {'description': 'Microbone to Inlet Pipette'}
opening name=--- desc=Microbone to Inlet Pipette
checking ownership. requestor=129.138.12.150
check software interlocks S
interlocks []
actuate state mode=None-script, software_lock=False
doing actuation None-script open_channel False
Open S ===>> OK
GetIndicatorState S ===>> OK
change switch state (True, True)
update switch state S True args=() kw={} ncanvase=3
06:22:05 -- OPEN   VALVE-S (Microbone to Inlet Pipette)
---------------------------------------- open None (Microbone to Inlet Pipette) result=[(True, True)], time=0.39 sec
action=open, ok=True, locked=[False]
open () {'description': 'Microbone to Getter D-50'}
opening name=--- desc=Microbone to Getter D-50
checking ownership. requestor=129.138.12.150
check software interlocks K
interlocks []
actuate state mode=None-script, software_lock=False
doing actuation None-script open_channel False
Open K ===>> OK
GetIndicatorState K ===>> OK
change switch state (True, True)
update switch state K True args=() kw={} ncanvase=3
06:22:05 -- OPEN   VALVE-K (Microbone to Getter D-50)
---------------------------------------- open None (Microbone to Getter D-50) result=[(True, True)], time=0.40 sec
action=open, ok=True, locked=[False]
open () {'description': 'Microbone to Getter NP-10'}
opening name=--- desc=Microbone to Getter NP-10
checking ownership. requestor=129.138.12.150
check software interlocks M
interlocks []
actuate state mode=None-script, software_lock=False
doing actuation None-script open_channel False
Open M ===>> OK
GetIndicatorState M ===>> OK
change switch state (True, True)
update switch state M True args=() kw={} ncanvase=3
06:22:06 -- OPEN   VALVE-M (Microbone to Getter NP-10)
---------------------------------------- open None (Microbone to Getter NP-10) result=[(True, True)], time=0.16 sec
action=open, ok=True, locked=[False]
close () {'description': 'CO2 Laser to Felix'}
closing name=--- desc=CO2 Laser to Felix
checking ownership. requestor=129.138.12.150
check software interlocks F
interlocks []
actuate state mode=None-script, software_lock=True
VALVE-F(CO2 Laser to Felix) software locked
change switch state (True, False)
---------------------------------------- close None (CO2 Laser to Felix) result=[(True, False)]
action=close, ok=True, locked=[True]
open () {'description': 'CO2 Laser to Jan'}
opening name=--- desc=CO2 Laser to Jan
checking ownership. requestor=129.138.12.150
check software interlocks A
interlocks []
actuate state mode=None-script, software_lock=False
doing actuation None-script open_channel False
Open A ===>> OK
GetIndicatorState A ===>> OK
change switch state (True, True)
update switch state A True args=() kw={} ncanvase=3
06:22:06 -- OPEN   VALVE-A (CO2 Laser to Jan)
---------------------------------------- open None (CO2 Laser to Jan) result=[(True, True)], time=0.13 sec
action=open, ok=True, locked=[False]
open () {'description': 'Microbone to CO2 Laser'}
opening name=--- desc=Microbone to CO2 Laser
checking ownership. requestor=129.138.12.150
check software interlocks T
interlocks []
actuate state mode=None-script, software_lock=False
doing actuation None-script open_channel False
Open T ===>> OK
GetIndicatorState T ===>> OK
change switch state (True, True)
update switch state T True args=() kw={} ncanvase=3
06:22:07 -- OPEN   VALVE-T (Microbone to CO2 Laser)
---------------------------------------- open None (Microbone to CO2 Laser) result=[(True, True)], time=0.41 sec
action=open, ok=True, locked=[False]
executed snippet estimated_duration=0, duration=4.83956289291
PrepareForCO2Analysis.py completed successfully
gosub finished
set_motor ('beam', '1.25') {}
setting motor "beam" to 1.25
set motor beam to 1.25
SetMotor beam,1.25 ===>> OK
GetMotorMoving beam ===>> False
GetMotorMoving beam ===>> False
Block completed
move_to_position ('199',) {'autocenter': True}
FusionsCO2 move to position 199
sending GoToHole 199,True
GoToHole 199,True ===>> OK
GetDriveMoving ===>> OK
GetDriveMoving ===>> OK
GetDriveMoving ===>> OK
GetDriveMoving ===>> OK
GetDriveMoving ===>> OK
GetDriveMoving ===>> OK
GetDriveMoving ===>> False
GetDriveMoving ===>> False
Block completed
GetAutoCorrecting ===>> OK
GetAutoCorrecting ===>> OK
GetAutoCorrecting ===>> OK
GetAutoCorrecting ===>> OK
GetAutoCorrecting ===>> OK
GetAutoCorrecting ===>> OK
GetAutoCorrecting ===>> OK
GetAutoCorrecting ===>> OK
GetAutoCorrecting ===>> False
GetAutoCorrecting ===>> False
Block completed
update position
GetPosition ===>> -5.98170,-11.96340,1.00000
got position (-5.9817, -11.9634, 1.0)
move to position succeeded
sleep (5,) {}
SLEEP 5.0
block started
WaitControl setup for 5.0  
Join finished
block finished. duration 5.02199220657
close () {'description': 'Microbone to Turbo'}
closing name=--- desc=Microbone to Turbo
checking ownership. requestor=129.138.12.150
check software interlocks U
interlocks []
actuate state mode=None-script, software_lock=False
doing actuation None-script close_channel True
Close U ===>> OK
GetIndicatorState U ===>> False
change switch state (True, True)
update switch state U False args=() kw={} ncanvase=3
06:22:21 -- CLOSE  VALVE-U (Microbone to Turbo)
---------------------------------------- close None (Microbone to Turbo) result=[(True, True)]
action=close, ok=True, locked=[False]
enable laser
enable () {}
set extraction state FusionsCO2 Enabled (False, 'red', 1.5)
enabling laser
Enable ===>> OK
begin interval
BEGIN INTERVAL Interval 1 waiting for 30.0
block started
set extract to 0.35
WaitControl setup for 30.0  
extract (0.35,) {}
GetPosition ===>> -5.98170,-11.96340,1.00000
set extraction state FusionsCO2 ON! 0.35(watts) (0.75, 'red', 1.5)
extract sample to 0.35 (watts)
set laser output
SetLaserOutput 0.35,watts ===>> OK
executing pattern triangle.lp
execute_pattern ('triangle.lp',) {}
executing pattern triangle.lp
IsPatterning ===>> OK
IsPatterning ===>> OK
IsPatterning ===>> OK
IsPatterning ===>> OK
IsPatterning ===>> OK
IsPatterning ===>> OK
IsPatterning ===>> OK
IsPatterning ===>> OK
IsPatterning ===>> OK
IsPatterning ===>> OK
IsPatterning ===>> OK
IsPatterning ===>> OK
IsPatterning ===>> OK
IsPatterning ===>> OK
IsPatterning ===>> OK
IsPatterning ===>> OK
IsPatterning ===>> OK
IsPatterning ===>> OK
IsPatterning ===>> OK
IsPatterning ===>> OK
IsPatterning ===>> OK
IsPatterning ===>> OK
IsPatterning ===>> OK
IsPatterning ===>> OK
IsPatterning ===>> OK
IsPatterning ===>> OK
IsPatterning ===>> False
IsPatterning ===>> False
Block completed
COMPLETE INTERVAL waiting for Interval 1 to complete
Join finished
block finished. duration 30.1491031647
Interval 1 finished
end_extract () {}
ending extraction. set laser power to 0
set laser power 0
SetLaserPower 0 ===>> OK
disable () {}
%%%%%%%%%%%%%%%%%%%%%%%%%%%%%%%%%%% disable
set extraction state False (0.75, 'red', 1.5)
disabling laser
Disable ===>> OK
sleep (30.0,) {}
SLEEP 30.0
block started
WaitControl setup for 30.0  
Join finished
block finished. duration 30.1273860931
executed snippet estimated_duration=166.5, duration=80.4127161503
jan_co2.py completed successfully
GetAchievedOutput ===>> No Response
Requested Output= 0.000
Achieved Output=  0.000
GetResponseBlob ===>> No Response
GetOutputBlob ===>> No Response
persistence save...
persistence save - db
AutomatedRunPersister post_extraction_save deprecated
persistence save - dvc
no extraction position for 199
create new session 4992585168
close session 4992585168
Extraction Finished
06:23:23 -- ******* Extraction Finished *******
no overlap. not waiting for min ms pumptime
06:23:23 -- Sending spectrometer configuration
======== Sending configuration ========
SetDeflection CDD,50.0 ===>> OK
SetDeflection H2,0.0 ===>> OK
SetDeflection H1,0.0 ===>> OK
SetDeflection L2,825.0 ===>> OK
SetDeflection L1,400.0 ===>> OK
SetDeflection AX,190.0 ===>> OK
SetZFocus 74.64 ===>> OK
SetZSymmetry -50.72 ===>> OK
SetExtractionLens 26.13 ===>> OK
SetIonRepeller -3.81 ===>> OK
SetElectronEnergy 75.08 ===>> OK
SetYSymmetry -2.81 ===>> OK
SetIonCounterVoltage 1590.0 ===>> OK
send trap current 200.0
GetParameter Trap Current Readback ===>> 198.258926936459
SetParameter Trap Current Set,200.0 ===>> OK
updating mftable name mftable
Using mftable located at /Users/jan/PychronDev/setupfiles/spectrometer/mftables/mftable.csv
============ MFtable ===========
Isotope  H2     H1     AX     L1     L2     CDD    
Ar40     5.8221 5.8811 5.9945 6.1620 6.2327 6.3902
Ar39     5.7214 5.7734 5.8869 6.0481 6.1178 6.2767
Ar36     5.3989 5.4424 5.5503 5.7069 5.7728 5.9279
================================
get initial guess parabolic
get initial guess parabolic
get initial guess parabolic
get initial guess parabolic
get initial guess parabolic
get initial guess parabolic
======== Configuration Finished ========
GetYSymmetry ===>> -2.81
GetZSymmetry ===>> -50.72
GetParameter Trap Current Readback ===>> 198.035158395898
GetHighVoltage ===>> 4499.94659342336
start measurement
do measurement
L#=65591 analysis type=unknown
Measurement Started jan_unknown120_60.py
06:23:23 -- ******* Measurement Started jan_unknown120_60.py *******
state changed from extraction to measurement
setting spec, defl, and gains
GetExtractionLens ===>> 26.13
GetYSymmetry ===>> -2.81
GetZSymmetry ===>> -50.72
GetZFocus ===>> 74.64
GetDeflection H2 ===>> 0
GetDeflection H1 ===>> 0
GetDeflection AX ===>> 190
GetDeflection L1 ===>> 400
GetDeflection L2 ===>> 825
GetDeflection CDD ===>> 50
GetGain H2 ===>> 0.0113
GetGain H1 ===>> 0.1
GetGain AX ===>> 0.097049
GetGain L1 ===>> 0.010355
GetGain L2 ===>> 0.095649
GetGain CDD ===>> 0
pre measurement save
New frame /Users/jan/PychronDev/data/isotopes/e1/a934fd-0503-44ca-95d1-fff15bd08adf.h5
flush and close file /Users/jan/PychronDev/data/isotopes/e1/a934fd-0503-44ca-95d1-fff15bd08adf.h5
testing...
no interpolation path defined
executed snippet estimated_duration=226.132928, duration=0.000195026397705
unknown measurement script
activate_detectors ('H2', 'H1', 'AX', 'L1', 'L2', 'CDD') {}
activate detectors
*************** Set Analysis View Ar/Ar
create graphs
clearing graphs
clear isotope group
setting isotope det=H2, iso=PM41
setting isotope det=H1, iso=Ar40
setting isotope det=AX, iso=Ar39
setting isotope det=L1, iso=Ar38
setting isotope det=L2, iso=Ar37
setting isotope det=CDD, iso=Ar36
setting previous blanks
 - setting Ar40 blank 0.073+/-0.007
 - setting Ar36 blank 0.00397+/-0.00016
 - setting Ar37 blank 0.050+/-0.005
 - setting Ar38 blank 0.0099+/-0.0022
 - setting PM41 blank 0.04+/-0.06
 - setting Ar39 blank 0.032+/-0.008
load analysis view
position_magnet ('Ar40',) {'detector': 'H1'}
detector Detector(H1)
POSITION Ar40 H1
setting detector H2 to PM41 (40.9624)
setting detector H1 to Ar40 (39.9624)
setting detector AX to Ar39 (38.9624)
setting detector L1 to Ar38 (37.9624)
setting detector L2 to Ar37 (36.9624)
setting detector CDD to Ar36 (35.9624)
Mapping mass to dac mass func: "parabolic"
H1 map mass coeffs = [-0.00063987  0.15840543  0.57271999]
H1 map mass to dac 39.9624 >> 5.88111
GetDeflection H1 ===>> 0
GetHighVoltage ===>> 4499.94659342336
positioning Ar40 (5.88107536669) on H1
setting magnet DAC
current  : 5.881075
requested: 5.881075
Delta Dac: 0.000000
Checking detector protection. dv=0.00000
Checking detector "CDD". Protection Threshold: 0.1 (V)
SetMagnetDAC 5.88107536669 ===>> OK
Magnet settling time: 0.500
update labels <pychron.experiment.plot_panel.PlotPanel object at 0x189a220b0>
update labels "<pychron.graph.stacked_regression_graph.StackedRegressionGraph object at 0x16e361ef0>"
setting label 0 H2 PM41
setting label 1 H1 Ar40
setting label 2 AX Ar39
setting label 3 L1 Ar38
setting label 4 L2 Ar37
setting label 5 CDD Ar36
update labels "<pychron.graph.stacked_graph.StackedGraph object at 0x16e37f590>"
setting label 0 H2 PM41
setting label 1 H1 Ar40
setting label 2 AX Ar39
setting label 3 L1 Ar38
setting label 4 L2 Ar37
setting label 5 CDD Ar36
equilibrate () {'delay': 3, 'inlet': 'R', 'outlet': 'O', 'eqtime': 12.0}
Equilibration Started
06:23:24 -- ******* Equilibration Started *******
checking ownership. requestor=129.138.12.150
check software interlocks O
interlocks []
actuate state mode=None-script, software_lock=False
doing actuation None-script close_channel True
Close O ===>> OK
GetIndicatorState O ===>> False
change switch state (True, True)
update switch state O False args=() kw={} ncanvase=3
06:23:24 -- CLOSE  VALVE-O (Jan Ion Pump)
waiting 3s before opening inlet value ('R',)
checking ownership. requestor=129.138.12.150
check software interlocks R
interlocks []
actuate state mode=None-script, software_lock=False
doing actuation None-script open_channel True
Open R ===>> OK
GetIndicatorState R ===>> OK
change switch state (True, True)
update switch state R True args=() kw={} ncanvase=3
06:23:27 -- OPEN   VALVE-R (Jan Inlet)
set_time_zero () {}
equilibrating for 12.0sec
sniff (12.0,) {}
py_sniff
build tables- sniff [Detector(H2), Detector(H1), Detector(AX), Detector(L1), Detector(L2), Detector(CDD)]
add group /sniff/PM41 (Group) '' table H2
add group /sniff/Ar40 (Group) '' table H1
add group /sniff/Ar39 (Group) '' table AX
add group /sniff/Ar38 (Group) '' table L1
add group /sniff/Ar37 (Group) '' table L2
add group /sniff/Ar36 (Group) '' table CDD
flush and close file /Users/jan/PychronDev/data/isotopes/e1/a934fd-0503-44ca-95d1-fff15bd08adf.h5
measuring sniff. ncounts=12.0
"sniff" increment series count="1" fit count="0" regressing="False"
starting measurement
check iteration duration=2.00271606445e-05
GetData ===>> H2,-0.156026389677356,H1,-0.0128488454742335,AX,-0.0279186691652909,L1,-0.0517240627815716,L2,0.0...
check iteration duration=4.19616699219e-05
GetData ===>> H2,0.616564106719879,H1,38.5588354595011,AX,11.1241280346547,L1,0.117897557974131,L2,0.3606136141...
check iteration duration=5.19752502441e-05
GetData ===>> H2,0.836780489706213,H1,97.0149562131021,AX,25.4961485727552,L1,0.343015191019901,L2,0.3261119669...
check iteration duration=4.29153442383e-05
GetData ===>> H2,0.36543543706064,H1,116.871426869087,AX,29.4525211781147,L1,0.409752410616884,L2,0.21915033917...
check iteration duration=1.90734863281e-05
GetData ===>> H2,0.103942531273689,H1,123.666890564927,AX,30.7212337632363,L1,0.452896277992907,L2,0.1792705945...
check iteration duration=4.50611114502e-05
GetData ===>> H2,0.0290650026515302,H1,126.42162907781,AX,31.0023370659915,L1,0.446533415328893,L2,0.2020553560...
check iteration duration=5.69820404053e-05
GetData ===>> H2,0.0318618882239608,H1,127.408058338262,AX,31.1914936443397,L1,0.430909993392649,L2,0.266796356...
check iteration duration=6.103515625e-05
GetData ===>> H2,-0.10510816473385,H1,128.045738950465,AX,31.522046548928,L1,0.457301186098252,L2,0.29493188837...
check iteration duration=1.69277191162e-05
GetData ===>> H2,-0.142216216699253,H1,128.294509591049,AX,31.3900703398482,L1,0.456789290327528,L2,0.161977420...
check iteration duration=1.59740447998e-05
GetData ===>> H2,-0.0668801306864178,H1,128.360967796067,AX,31.3959286927621,L1,0.444024680281012,L2,0.21476788...
check iteration duration=4.29153442383e-05
GetData ===>> H2,-0.0502895417085681,H1,128.177340747806,AX,31.3200436983598,L1,0.44388859337231,L2,0.184849336...
Equilibration Finished
check iteration duration=1.4066696167e-05
06:23:40 -- ******* Equilibration Finished *******
GetData ===>> H2,-0.0554090662663169,H1,128.304354279458,AX,31.288299815589,L1,0.447088951083102,L2,0.159684826...
checking ownership. requestor=129.138.12.150
check software interlocks R
interlocks []
actuate state mode=None-script, software_lock=False
doing actuation None-script close_channel True
Close R ===>> OK
set states for children of R. state=False
handle state [('R', False)]
update switch state R False args=() kw={'refresh': False} ncanvase=3
refresh_canvas_needed fired
GetIndicatorState R ===>> False
change switch state (True, True)
update switch state R False args=() kw={} ncanvase=3
06:23:40 -- CLOSE  VALVE-R (Jan Inlet)
Post Equilibration Started jan_pump_extraction_line.py
06:23:40 -- ******* Post Equilibration Started jan_pump_extraction_line.py *******
testing...
no interpolation path defined
calculate duration
testing...
no interpolation path defined
executed snippet estimated_duration=4.0, duration=0.000124931335449
executed snippet estimated_duration=4.0, duration=0.00103211402893
Pump after analysis
doing GOSUB
testing...
no interpolation path defined
executed snippet estimated_duration=4.0, duration=0.000112771987915
Pump Microbone
close () {'description': 'Jan Inlet'}
closing name=--- desc=Jan Inlet
checking ownership. requestor=129.138.12.150
check software interlocks R
interlocks []
actuate state mode=None-script, software_lock=False
doing actuation None-script close_channel False
Close R ===>> OK
check iteration duration=1.59740447998e-05
waiting for write to finish
measurement finished
estimated time: 12.583 actual time: :12.695
flush and close file /Users/jan/PychronDev/data/isotopes/e1/a934fd-0503-44ca-95d1-fff15bd08adf.h5
set_fits () {}
using default fits file=/Users/jan/PychronDev/scripts/measurement/fits/nominal_linear.yaml
set "Ar40" to "('Linear', 'SEM')"
No fit for "PM41". defaulting to linear. check the measurement script "jan_unknown120_60.py"
set "PM41" to "linear"
set "Ar36" to "('Linear', 'SEM')"
set "Ar37" to "('linear', 'SEM')"
set "Ar38" to "('linear', 'SEM')"
set "Ar39" to "('Linear', 'SEM')"
set_baseline_fits () {}
using default fits file=/Users/jan/PychronDev/scripts/measurement/fits/nominal_linear.yaml
set "H1" to "('average', 'SEM')"
set "H2" to "('average', 'SEM')"
set "CDD" to "('average', 'SEM')"
set "L2" to "('average', 'SEM')"
set "L1" to "('average', 'SEM')"
set "AX" to "('average', 'SEM')"
multicollect () {'integration_time': 1, 'ncounts': 120}
build tables- signal [Detector(H2), Detector(H1), Detector(AX), Detector(L1), Detector(L2), Detector(CDD)]
add group /signal/PM41 (Group) '' table H2
GetIndicatorState R ===>> False
add group /signal/Ar40 (Group) '' table H1
change switch state (True, True)
add group /signal/Ar39 (Group) '' table AX
update switch state R False args=() kw={} ncanvase=3
add group /signal/Ar38 (Group) '' table L1
add group /signal/Ar37 (Group) '' table L2
add group /signal/Ar36 (Group) '' table CDD
flush and close file /Users/jan/PychronDev/data/isotopes/e1/a934fd-0503-44ca-95d1-fff15bd08adf.h5
measuring signal. ncounts=120
06:23:41 -- CLOSE  VALVE-R (Jan Inlet)
---------------------------------------- close None (Jan Inlet) result=[(True, True)]
"signal" increment series count="2" fit count="1" regressing="True"
action=close, ok=True, locked=[False]
is_closed ('F',) {}
is F () closed?
is closed True
open () {'description': 'CO2 Laser to Jan'}
opening name=--- desc=CO2 Laser to Jan
checking ownership. requestor=129.138.12.150
check software interlocks A
interlocks []
actuate state mode=None-script, software_lock=False
doing actuation None-script open_channel False
Open A ===>> OK
GetIndicatorState A ===>> OK
change switch state (True, True)
update switch state A True args=() kw={} ncanvase=3
06:23:41 -- OPEN   VALVE-A (CO2 Laser to Jan)
---------------------------------------- open None (CO2 Laser to Jan) result=[(True, True)], time=0.14 sec
starting measurement
check iteration duration=6.38961791992e-05
GetData ===>> H2,0.0138003972486368,H1,128.384993327405,AX,31.3649434702426,L1,0.412400879898232,L2,0.167703442...
action=open, ok=True, locked=[False]
sleep (1,) {}
SLEEP 1.0
check iteration duration=5.50746917725e-05
GetData ===>> H2,-0.087210752918814,H1,128.379745397181,AX,31.3697368041231,L1,0.427413866232732,L2,0.255210446...
close () {'description': 'CO2 Laser to Roughing'}
closing name=--- desc=CO2 Laser to Roughing
checking ownership. requestor=129.138.12.150
check software interlocks G
interlocks []
actuate state mode=None-script, software_lock=True
VALVE-G(CO2 Laser to Roughing) software locked
change switch state (True, False)
---------------------------------------- close None (CO2 Laser to Roughing) result=[(True, False)]
action=close, ok=True, locked=[True]
open () {'description': 'Microbone to Turbo'}
opening name=--- desc=Microbone to Turbo
checking ownership. requestor=129.138.12.150
check software interlocks U
interlocks []
actuate state mode=None-script, software_lock=False
doing actuation None-script open_channel True
Open U ===>> OK
GetIndicatorState U ===>> OK
change switch state (True, True)
update switch state U True args=() kw={} ncanvase=3
06:23:43 -- OPEN   VALVE-U (Microbone to Turbo)
---------------------------------------- open None (Microbone to Turbo) result=[(True, True)], time=0.18 sec
action=open, ok=True, locked=[False]
open () {'description': 'Microbone to Getter NP-10'}
opening name=--- desc=Microbone to Getter NP-10
checking ownership. requestor=129.138.12.150
check software interlocks M
interlocks []
actuate state mode=None-script, software_lock=False
doing actuation None-script open_channel False
Open M ===>> OK
GetIndicatorState M ===>> OK
change switch state (True, True)
update switch state M True args=() kw={} ncanvase=3
06:23:43 -- OPEN   VALVE-M (Microbone to Getter NP-10)
---------------------------------------- open None (Microbone to Getter NP-10) result=[(True, True)], time=0.13 sec
action=open, ok=True, locked=[False]
open () {'description': 'Microbone to Getter D-50'}
opening name=--- desc=Microbone to Getter D-50
checking ownership. requestor=129.138.12.150
check software interlocks K
interlocks []
actuate state mode=None-script, software_lock=False
doing actuation None-script open_channel False
check iteration duration=7.79628753662e-05
GetData ===>> H2,-0.0645473854604557,H1,128.155738261434,AX,31.3118543506513,L1,0.437958552614761,L2,0.28127382...
Open K ===>> OK
GetIndicatorState K ===>> OK
change switch state (True, True)
update switch state K True args=() kw={} ncanvase=3
06:23:44 -- OPEN   VALVE-K (Microbone to Getter D-50)
---------------------------------------- open None (Microbone to Getter D-50) result=[(True, True)], time=0.41 sec
action=open, ok=True, locked=[False]
open () {'description': 'Microbone to CO2 Laser'}
opening name=--- desc=Microbone to CO2 Laser
checking ownership. requestor=129.138.12.150
check software interlocks T
interlocks []
actuate state mode=None-script, software_lock=False
doing actuation None-script open_channel False
Open T ===>> OK
GetIndicatorState T ===>> OK
change switch state (True, True)
update switch state T True args=() kw={} ncanvase=3
06:23:44 -- OPEN   VALVE-T (Microbone to CO2 Laser)
---------------------------------------- open None (Microbone to CO2 Laser) result=[(True, True)], time=0.41 sec
check iteration duration=7.91549682617e-05
GetData ===>> H2,-0.182293445090436,H1,128.135879787502,AX,31.3381126332966,L1,0.479283956823764,L2,0.094807794...
action=open, ok=True, locked=[False]
open () {'description': 'Microbone to Inlet Pipette'}
opening name=--- desc=Microbone to Inlet Pipette
checking ownership. requestor=129.138.12.150
check software interlocks S
interlocks []
actuate state mode=None-script, software_lock=False
doing actuation None-script open_channel False
Open S ===>> OK
GetIndicatorState S ===>> OK
change switch state (True, True)
update switch state S True args=() kw={} ncanvase=3
06:23:45 -- OPEN   VALVE-S (Microbone to Inlet Pipette)
---------------------------------------- open None (Microbone to Inlet Pipette) result=[(True, True)], time=0.41 sec
action=open, ok=True, locked=[False]
sleep (1,) {}
SLEEP 1.0
testing H1>-5.0
evaluate ot="H1.bs>-5.0" t="H1>-5.0", ctx="{'H1': None}"
check iteration duration=0.000571966171265
GetData ===>> H2,-0.13685812153602,H1,128.095641950421,AX,31.207707469741,L1,0.468681524870672,L2,0.22153566288...
set_resource () {'name': 'CO2PumpTimeFlag', 'value': 30}
Set CO2PumpTimeFlag 30 ===>> OK
release ('JanCO2Flag',) {}
release JanCO2Flag
Set JanCO2Flag 0 ===>> OK
executed snippet estimated_duration=6.0, duration=5.92706894875
PumpMicrobone.py completed successfully
gosub finished
get_resource_value () {'name': 'JanMiniboneFlag'}
Read JanMiniboneFlag ===>> 0
Get Resource Value JanMiniboneFlag=0.0
get resource value 0.0
get_resource_value () {'name': 'JanMiniboneFlag'}
Read JanMiniboneFlag ===>> 0
Get Resource Value JanMiniboneFlag=0.0
executed snippet estimated_duration=4.0, duration=5.94030189514
jan_pump_extraction_line.py completed successfully
Post Equilibration Finished
06:23:46 -- ******* Post Equilibration Finished *******
check iteration duration=7.91549682617e-05
GetData ===>> H2,-0.160898427654573,H1,128.135116800463,AX,31.262865355027,L1,0.435233697784787,L2,0.1554761771...
check iteration duration=8.58306884766e-05
GetData ===>> H2,-0.124390644225376,H1,128.131321481731,AX,31.1683139354437,L1,0.436006198089434,L2,0.213957615...
check iteration duration=3.91006469727e-05
GetData ===>> H2,-0.238944990377053,H1,128.143470723482,AX,31.1243576750567,L1,0.441344957562947,L2,0.087843823...
check iteration duration=4.00543212891e-05
GetData ===>> H2,-0.201367431290816,H1,127.965720351822,AX,31.0607081148363,L1,0.414310209239503,L2,0.086430575...
testing H1>-5.0
evaluate ot="H1.bs>-5.0" t="H1>-5.0", ctx="{'H1': None}"
check iteration duration=0.000582933425903
GetData ===>> H2,-0.179538122337095,H1,128.026606046779,AX,30.9794056804975,L1,0.407514661723335,L2,0.221661207...
check iteration duration=6.60419464111e-05
GetData ===>> H2,-0.25271826828062,H1,127.9761630002,AX,31.1571226509881,L1,0.394103672304882,L2,0.211857780169...
check iteration duration=7.10487365723e-05
GetData ===>> H2,-0.197016043048471,H1,127.861266395166,AX,31.2186480712175,L1,0.416108413913908,L2,0.103698706...
check iteration duration=8.48770141602e-05
GetData ===>> H2,-0.19631739965588,H1,127.919127643536,AX,31.1148570687268,L1,0.433675385613615,L2,0.0620688879...
check iteration duration=6.8187713623e-05
GetData ===>> H2,-0.157257090999043,H1,127.883141243569,AX,31.0968673176882,L1,0.416918198723812,L2,0.177559389...
testing H1>-5.0
evaluate ot="H1.bs>-5.0" t="H1>-5.0", ctx="{'H1': None}"
check iteration duration=0.000620126724243
GetData ===>> H2,-0.0692198461023795,H1,127.81365976652,AX,31.1338994568714,L1,0.403411348358677,L2,0.265050993...
check iteration duration=4.2200088501e-05
GetData ===>> H2,-0.0884662077732387,H1,127.662579518209,AX,31.1378294519602,L1,0.42611032210938,L2,0.163277721...
check iteration duration=6.29425048828e-05
GetData ===>> H2,-0.100395259486317,H1,127.639150936649,AX,31.0798220836267,L1,0.445996303306098,L2,0.066859123...
check iteration duration=9.41753387451e-05
GetData ===>> H2,-0.224577984887514,H1,127.672135589147,AX,31.1022087769965,L1,0.422623173890174,L2,0.172140774...
check iteration duration=3.69548797607e-05
GetData ===>> H2,-0.223337615375687,H1,127.648705641891,AX,31.0343224366514,L1,0.424201859155386,L2,0.229753500...
testing H1>-5.0
evaluate ot="H1.bs>-5.0" t="H1>-5.0", ctx="{'H1': None}"
check iteration duration=0.000636100769043
GetData ===>> H2,-0.0455302413794794,H1,127.698288143361,AX,31.07157618147,L1,0.379515125125063,L2,0.2092330513...
check iteration duration=8.01086425781e-05
GetData ===>> H2,-0.107622177740839,H1,127.720656546724,AX,31.2105468106076,L1,0.383589800448437,L2,0.183868184...
check iteration duration=4.60147857666e-05
GetData ===>> H2,-0.194293269572898,H1,127.741816543842,AX,31.0540909432597,L1,0.408096086807299,L2,0.233931172...
check iteration duration=4.81605529785e-05
GetData ===>> H2,-0.23483106883683,H1,127.702429486531,AX,31.0083731233106,L1,0.395785031344196,L2,0.0894850413...
check iteration duration=4.31537628174e-05
GetData ===>> H2,-0.305900558556538,H1,127.618324000213,AX,30.9293757161649,L1,0.400293045401164,L2,0.167098885...
testing H1>-5.0
evaluate ot="H1.bs>-5.0" t="H1>-5.0", ctx="{'H1': None}"
check iteration duration=0.000586986541748
06:24:07 -- collecting point 25
GetData ===>> H2,-0.276843287210806,H1,127.587498739691,AX,30.9548439992605,L1,0.381116075017278,L2,0.116626197...
check iteration duration=7.79628753662e-05
GetData ===>> H2,-0.142521622159232,H1,127.503120322532,AX,30.9366498609036,L1,0.390103291721132,L2,0.161498366...
check iteration duration=8.89301300049e-05
GetData ===>> H2,-0.137823414372607,H1,127.39874635797,AX,30.8730405118366,L1,0.412582122351928,L2,0.2024319149...
check iteration duration=3.81469726562e-05
GetData ===>> H2,-0.121501955364655,H1,127.333362665331,AX,30.8361979126957,L1,0.416023886347894,L2,0.212862043...
check iteration duration=8.70227813721e-05
GetData ===>> H2,-0.0583239820415814,H1,127.293208548826,AX,30.9925778879982,L1,0.391556460716734,L2,0.17761642...
testing H1>-5.0
evaluate ot="H1.bs>-5.0" t="H1>-5.0", ctx="{'H1': None}"
check iteration duration=0.000566005706787
GetData ===>> H2,-0.0188661596421436,H1,127.208645545162,AX,31.0307187555435,L1,0.401975025312877,L2,0.14099253...
check iteration duration=4.00543212891e-05
GetData ===>> H2,-0.063308399526534,H1,127.124500504564,AX,30.9256783177803,L1,0.398854772338259,L2,0.185225827...
check iteration duration=9.60826873779e-05
GetData ===>> H2,-0.231220600245009,H1,127.270094454,AX,30.9188888654415,L1,0.387421340718821,L2,0.235517822093...
check iteration duration=8.32080841064e-05
GetData ===>> H2,-0.192217572243437,H1,127.178329620952,AX,30.9400921335587,L1,0.385906403184602,L2,0.155476177...
check iteration duration=8.70227813721e-05
GetData ===>> H2,-0.130572618312335,H1,127.238284105155,AX,30.8751503904508,L1,0.397592738225075,L2,0.172277661...
testing H1>-5.0
evaluate ot="H1.bs>-5.0" t="H1>-5.0", ctx="{'H1': None}"
check iteration duration=0.000601053237915
GetData ===>> H2,-0.263048657031459,H1,127.334221267073,AX,30.8026174094066,L1,0.422737066265699,L2,0.183788323...
check iteration duration=4.10079956055e-05
GetData ===>> H2,-0.209126196651713,H1,127.236449831794,AX,30.9442203099831,L1,0.415853608289355,L2,0.141460086...
check iteration duration=6.103515625e-05
GetData ===>> H2,-0.164431944678592,H1,127.183615970629,AX,30.9325488528638,L1,0.41529991784442,L2,0.2052048031...
check iteration duration=3.91006469727e-05
GetData ===>> H2,-0.309233926074464,H1,127.013064973174,AX,30.7643437759678,L1,0.4285055890541,L2,0.16669965248...
check iteration duration=0.000108957290649
GetData ===>> H2,-0.203713007618396,H1,126.803460766765,AX,30.9033620500711,L1,0.452951496439797,L2,0.187918353...
testing H1>-5.0
evaluate ot="H1.bs>-5.0" t="H1>-5.0", ctx="{'H1': None}"
check iteration duration=0.000768899917603
GetData ===>> H2,-0.167528435666088,H1,127.008580453911,AX,30.9504330295986,L1,0.405145235793599,L2,0.140981135...
check iteration duration=8.20159912109e-05
GetData ===>> H2,-0.16735028214666,H1,126.998208036854,AX,30.8818700121301,L1,0.413190777496432,L2,0.1934975990...
check iteration duration=8.79764556885e-05
GetData ===>> H2,-0.199804791857235,H1,126.900659148358,AX,30.7546697923223,L1,0.407717850749367,L2,0.284571209...
check iteration duration=8.20159912109e-05
GetData ===>> H2,-0.218566108934414,H1,126.814996032977,AX,30.6118736318532,L1,0.404532162400943,L2,0.098512240...
check iteration duration=8.39233398438e-05
GetData ===>> H2,-0.221195940414645,H1,126.681971638007,AX,30.7419470806684,L1,0.372948309652064,L2,0.122497724...
testing H1>-5.0
evaluate ot="H1.bs>-5.0" t="H1>-5.0", ctx="{'H1': None}"
check iteration duration=0.000579833984375
GetData ===>> H2,-0.127571949330563,H1,126.786646456413,AX,30.9079997061271,L1,0.364260558666325,L2,0.171775741...
check iteration duration=4.00543212891e-05
GetData ===>> H2,-0.0541989332003811,H1,126.730078901667,AX,30.8895039881278,L1,0.401362141098522,L2,0.10089456...
check iteration duration=8.29696655273e-05
GetData ===>> H2,-0.125894202558713,H1,126.806597810963,AX,30.8896115126067,L1,0.400305276988045,L2,0.172060923...
check iteration duration=6.60419464111e-05
GetData ===>> H2,-0.100503561849608,H1,126.664380840865,AX,30.7254110454508,L1,0.450871806075084,L2,0.220154678...
check iteration duration=7.89165496826e-05
GetData ===>> H2,-0.20914101636595,H1,126.780938167178,AX,30.9309488278634,L1,0.422656239288583,L2,0.1716274476...
testing H1>-5.0
evaluate ot="H1.bs>-5.0" t="H1>-5.0", ctx="{'H1': None}"
check iteration duration=0.000589847564697
06:24:33 -- collecting point 50
GetData ===>> H2,-0.178202048686242,H1,126.591349609904,AX,30.817405030661,L1,0.411968605057913,L2,0.1472533073...
check iteration duration=0.000104188919067
GetData ===>> H2,-0.166487817546953,H1,126.520544324438,AX,30.7748382998126,L1,0.405070588174772,L2,0.140011836...
check iteration duration=4.10079956055e-05
GetData ===>> H2,-0.121005557006499,H1,126.644591022357,AX,30.6754549882595,L1,0.396256203895596,L2,0.059833526...
check iteration duration=4.10079956055e-05
GetData ===>> H2,-0.0923929211935397,H1,126.573963250202,AX,30.7452518919832,L1,0.35741356986224,L2,0.145554078...
check iteration duration=8.60691070557e-05
GetData ===>> H2,-0.204142977190818,H1,126.320492164796,AX,30.5970740025271,L1,0.400026362792804,L2,0.173600918...
testing H1>-5.0
evaluate ot="H1.bs>-5.0" t="H1>-5.0", ctx="{'H1': None}"
check iteration duration=0.000540971755981
GetData ===>> H2,-0.251612936181366,H1,126.39471565508,AX,30.7406574244895,L1,0.409623861518276,L2,0.1590917262...
check iteration duration=9.20295715332e-05
GetData ===>> H2,-0.197787467875122,H1,126.458591178752,AX,30.6436799581755,L1,0.412898079677938,L2,0.140867099...
check iteration duration=7.9870223999e-05
GetData ===>> H2,-0.0865837994665457,H1,126.334621527038,AX,30.643747069623,L1,0.424647707109366,L2,0.114824907...
check iteration duration=7.39097595215e-05
GetData ===>> H2,-0.0907522131657111,H1,126.302588944302,AX,30.8088894878254,L1,0.39332916503007,L2,0.164201631...
check iteration duration=8.10623168945e-05
GetData ===>> H2,-0.210587865861677,H1,126.418729298462,AX,30.6985636265036,L1,0.415151700463446,L2,0.160654324...
testing H1>-5.0
evaluate ot="H1.bs>-5.0" t="H1>-5.0", ctx="{'H1': None}"
check iteration duration=0.000664949417114
GetData ===>> H2,-0.231380761028254,H1,126.455982730901,AX,30.6308221424045,L1,0.393117501011592,L2,0.261765690...
check iteration duration=9.48905944824e-05
GetData ===>> H2,-0.176039704610097,H1,126.345006570694,AX,30.6697087762282,L1,0.391327707510893,L2,0.161418524...
check iteration duration=8.79764556885e-05
GetData ===>> H2,-0.135593923367034,H1,126.257761666765,AX,30.6385124967612,L1,0.390628023462865,L2,0.185556684...
check iteration duration=8.29696655273e-05
GetData ===>> H2,-0.176336680189814,H1,126.284843341626,AX,30.6783550569995,L1,0.421761061774885,L2,0.124789427...
check iteration duration=5.69820404053e-05
GetData ===>> H2,-0.133650704567822,H1,126.218333956867,AX,30.4883545345835,L1,0.428264199281518,L2,0.127491656...
testing H1>-5.0
evaluate ot="H1.bs>-5.0" t="H1>-5.0", ctx="{'H1': None}"
check iteration duration=0.000655889511108
GetData ===>> H2,-0.148595590254555,H1,126.288929329188,AX,30.6370361227475,L1,0.429378070401458,L2,0.199373843...
check iteration duration=3.91006469727e-05
GetData ===>> H2,-0.258189546911169,H1,126.12593602803,AX,30.6295337574155,L1,0.405896637117134,L2,0.1917975490...
check iteration duration=4.00543212891e-05
GetData ===>> H2,-0.298145400511996,H1,126.056555804071,AX,30.5173073966093,L1,0.42609562142619,L2,0.0985578346...
check iteration duration=4.19616699219e-05
GetData ===>> H2,-0.234500078765644,H1,125.856431478008,AX,30.5760678261525,L1,0.394470757771298,L2,0.068741067...
check iteration duration=4.41074371338e-05
GetData ===>> H2,-0.14740969283691,H1,125.891173351963,AX,30.6584991359565,L1,0.384368462916954,L2,0.1617492989...
testing H1>-5.0
evaluate ot="H1.bs>-5.0" t="H1>-5.0", ctx="{'H1': None}"
check iteration duration=0.000587940216064
GetData ===>> H2,-0.137174487060302,H1,126.028485421456,AX,30.6051109126463,L1,0.405374076956186,L2,0.224891194...
check iteration duration=9.51290130615e-05
GetData ===>> H2,-0.159835591608726,H1,125.888316777637,AX,30.4790316342003,L1,0.413521450332723,L2,0.117287438...
check iteration duration=8.89301300049e-05
GetData ===>> H2,-0.112624375395638,H1,125.819851701482,AX,30.3262444914674,L1,0.422341509992597,L2,0.277360473...
check iteration duration=8.9168548584e-05
GetData ===>> H2,-0.104225828066462,H1,125.759081311318,AX,30.4119295344496,L1,0.433927936310229,L2,0.195619851...
check iteration duration=9.60826873779e-05
GetData ===>> H2,-0.115285265670141,H1,125.606563076765,AX,30.3461146903152,L1,0.411304921006794,L2,0.148929757...
testing H1>-5.0
evaluate ot="H1.bs>-5.0" t="H1>-5.0", ctx="{'H1': None}"
check iteration duration=0.00128793716431
06:24:59 -- collecting point 75
GetData ===>> H2,-0.103444930021561,H1,125.605922544956,AX,30.4036266437722,L1,0.37855631097382,L2,0.2192758810...
check iteration duration=9.3936920166e-05
GetData ===>> H2,-0.183893437415246,H1,125.708692169801,AX,30.2924383592462,L1,0.358031706426644,L2,0.097064639...
check iteration duration=7.00950622559e-05
GetData ===>> H2,-0.0398312943642674,H1,125.778988414283,AX,30.4751149049271,L1,0.380566167680627,L2,0.18366282...
check iteration duration=8.79764556885e-05
GetData ===>> H2,-0.140953967083504,H1,125.784445323347,AX,30.3494267313249,L1,0.382053429451994,L2,0.150457975...
check iteration duration=7.29560852051e-05
GetData ===>> H2,-0.209565390850685,H1,125.743034350372,AX,30.5143688380653,L1,0.37423053184268,L2,0.1355531874...
testing H1>-5.0
evaluate ot="H1.bs>-5.0" t="H1>-5.0", ctx="{'H1': None}"
check iteration duration=0.000593185424805
GetData ===>> H2,-0.12565353844464,H1,125.833080083722,AX,30.4794206318751,L1,0.390993761448302,L2,0.1185301287...
check iteration duration=8.58306884766e-05
GetData ===>> H2,-0.075318476807953,H1,125.688513687252,AX,30.4093422648929,L1,0.385532288393662,L2,0.179635655...
check iteration duration=8.32080841064e-05
GetData ===>> H2,-0.0406862681148949,H1,125.682357708326,AX,30.5427646955418,L1,0.423176727163429,L2,0.17118256...
check iteration duration=8.29696655273e-05
GetData ===>> H2,-0.213261490639725,H1,125.461786506581,AX,30.4300286790173,L1,0.402781250062534,L2,0.120776132...
check iteration duration=4.19616699219e-05
GetData ===>> H2,-0.229752129576671,H1,125.515137392898,AX,30.3814257997981,L1,0.362772003641993,L2,0.176487049...
testing H1>-5.0
evaluate ot="H1.bs>-5.0" t="H1>-5.0", ctx="{'H1': None}"
check iteration duration=0.000587940216064
GetData ===>> H2,-0.284730405155545,H1,125.515409140949,AX,30.4772744545563,L1,0.337585539603127,L2,0.067988285...
check iteration duration=8.01086425781e-05
GetData ===>> H2,-0.255845422081118,H1,125.534199677281,AX,30.4710507716932,L1,0.392481311734454,L2,0.167885950...
check iteration duration=3.91006469727e-05
GetData ===>> H2,-0.263816439232283,H1,125.459341595652,AX,30.4427132214935,L1,0.401764609843317,L2,0.210864939...
check iteration duration=8.29696655273e-05
GetData ===>> H2,-0.188874090422203,H1,125.436388388837,AX,30.3809697558621,L1,0.38290408855111,L2,0.2644121758...
check iteration duration=8.41617584229e-05
GetData ===>> H2,-0.238978646871266,H1,125.166312750143,AX,30.1953772049265,L1,0.431587788928386,L2,0.170555174...
testing H1>-5.0
evaluate ot="H1.bs>-5.0" t="H1>-5.0", ctx="{'H1': None}"
check iteration duration=0.000535011291504
GetData ===>> H2,-0.235533381497788,H1,125.318074852352,AX,30.3837865273659,L1,0.468008724479087,L2,0.174022995...
check iteration duration=9.70363616943e-05
GetData ===>> H2,-0.207847586369466,H1,125.449271278129,AX,30.4022180008878,L1,0.464647835929505,L2,0.184130584...
check iteration duration=8.10623168945e-05
GetData ===>> H2,-0.246920120765967,H1,125.34141284401,AX,30.3350126891152,L1,0.44008256698045,L2,0.12469821483...
check iteration duration=8.89301300049e-05
GetData ===>> H2,-0.170682098953475,H1,125.120826152333,AX,30.3341948313856,L1,0.392109403955227,L2,0.205946535...
check iteration duration=8.98838043213e-05
GetData ===>> H2,-0.262017245633461,H1,125.115882723243,AX,30.1656690322719,L1,0.340887228068776,L2,0.132041149...
testing H1>-5.0
evaluate ot="H1.bs>-5.0" t="H1>-5.0", ctx="{'H1': None}"
check iteration duration=0.000587224960327
GetData ===>> H2,-0.222005514320509,H1,125.176261002876,AX,30.2718272344323,L1,0.395088714615028,L2,0.173760622...
check iteration duration=3.981590271e-05
GetData ===>> H2,-0.160057080276921,H1,125.210197115511,AX,30.3183081189022,L1,0.4352520899751,L2,0.20648286920...
check iteration duration=8.51154327393e-05
GetData ===>> H2,-0.0241997574946143,H1,125.01348091849,AX,30.2398191327647,L1,0.421094933741268,L2,0.135108474...
check iteration duration=8.58306884766e-05
GetData ===>> H2,-0.0660187229875811,H1,125.019118704561,AX,30.3874081943318,L1,0.434114288372366,L2,0.17929341...
check iteration duration=5.81741333008e-05
GetData ===>> H2,-0.14951666872628,H1,124.759542453532,AX,30.2854826875051,L1,0.425064175957563,L2,0.2645718798...
testing H1>-5.0
evaluate ot="H1.bs>-5.0" t="H1>-5.0", ctx="{'H1': None}"
check iteration duration=0.000541925430298
06:25:26 -- collecting point 100
GetData ===>> H2,-0.268001345274563,H1,124.817139948056,AX,30.1885692262261,L1,0.407207437755303,L2,0.173338546...
check iteration duration=8.89301300049e-05
GetData ===>> H2,-0.272434603064727,H1,124.838148493106,AX,30.0782650778029,L1,0.401036752366425,L2,0.191101564...
check iteration duration=8.39233398438e-05
GetData ===>> H2,-0.0848043091409858,H1,124.989451464521,AX,30.1731187882725,L1,0.393201921397557,L2,0.14294257...
check iteration duration=4.10079956055e-05
GetData ===>> H2,-0.154919860253391,H1,124.957764986147,AX,30.0938899402892,L1,0.463256174607979,L2,0.079797706...
check iteration duration=4.00543212891e-05
GetData ===>> H2,-0.203447469656061,H1,124.914499177084,AX,30.0188514641897,L1,0.423549045243137,L2,0.233988245...
testing H1>-5.0
evaluate ot="H1.bs>-5.0" t="H1>-5.0", ctx="{'H1': None}"
check iteration duration=0.000627040863037
GetData ===>> H2,-0.175640125178407,H1,124.94069367003,AX,30.168884693733,L1,0.37945886569778,L2,0.143626801440...
check iteration duration=9.20295715332e-05
GetData ===>> H2,-0.281927780501989,H1,124.821012286759,AX,30.1476228389402,L1,0.341091650277128,L2,0.089325477...
check iteration duration=0.000101089477539
GetData ===>> H2,-0.259249888374155,H1,124.627384816679,AX,30.1265793044598,L1,0.370922016484343,L2,0.156787795...
check iteration duration=3.69548797607e-05
GetData ===>> H2,-0.170642970299577,H1,124.531507775298,AX,30.091252171849,L1,0.372654973435291,L2,0.1175838586...
check iteration duration=3.91006469727e-05
GetData ===>> H2,-0.193809423512823,H1,124.58395513862,AX,30.1786662293984,L1,0.393082020186995,L2,0.2139233782...
testing H1>-5.0
evaluate ot="H1.bs>-5.0" t="H1>-5.0", ctx="{'H1': None}"
check iteration duration=0.00057315826416
GetData ===>> H2,-0.142532432821269,H1,124.549368941825,AX,30.1452919160987,L1,0.370831588123698,L2,0.236625068...
check iteration duration=8.39233398438e-05
GetData ===>> H2,-0.0865404666331335,H1,124.548033640407,AX,30.0598447227628,L1,0.394804816951662,L2,0.23748119...
check iteration duration=6.50882720947e-05
GetData ===>> H2,-0.12296938216055,H1,124.463177443058,AX,30.101803617084,L1,0.39482194848466,L2,0.094648221513...
check iteration duration=4.19616699219e-05
GetData ===>> H2,-0.160119204369924,H1,124.492889478344,AX,30.0747039307077,L1,0.390212149947347,L2,0.125017461...
check iteration duration=9.10758972168e-05
GetData ===>> H2,-0.22365950501786,H1,124.462519816293,AX,30.1936215646752,L1,0.386315988936605,L2,0.1824763348...
testing H1>-5.0
evaluate ot="H1.bs>-5.0" t="H1>-5.0", ctx="{'H1': None}"
check iteration duration=0.000561952590942
GetData ===>> H2,-0.136952761720271,H1,124.402160609292,AX,30.24188216813,L1,0.367176017281425,L2,0.13184730733...
check iteration duration=4.10079956055e-05
GetData ===>> H2,-0.156257409662818,H1,124.472210409707,AX,30.1741773368236,L1,0.352501564836225,L2,0.158532846...
check iteration duration=8.08238983154e-05
GetData ===>> H2,-0.245056710906722,H1,124.530288720717,AX,30.1364777138051,L1,0.378809458555353,L2,0.222996560...
check iteration duration=8.51154327393e-05
GetData ===>> H2,-0.200663663541795,H1,124.493508536908,AX,29.9906917686787,L1,0.410462520330757,L2,0.214824951...
check iteration duration=8.79764556885e-05
GetData ===>> H2,-0.126652666747342,H1,124.605364724192,AX,29.9465047853269,L1,0.404806266541179,L2,0.213854904...
testing H1>-5.0
evaluate ot="H1.bs>-5.0" t="H1>-5.0", ctx="{'H1': None}"
check iteration duration=0.000577211380005
GetData ===>> H2,-0.219797571366549,H1,124.625353057244,AX,29.9992607814405,L1,0.368986534882667,L2,0.176213262...
check iteration duration=1.59740447998e-05
waiting for write to finish
measurement finished
estimated time: 125.829 actual time: :126.390
flush and close file /Users/jan/PychronDev/data/isotopes/e1/a934fd-0503-44ca-95d1-fff15bd08adf.h5
baselines () {'settling_time': 15.0, 'detector': 'H1', 'mass': 34.2, 'ncounts': 60}
%%%%%%%%%%%%%%%%%%%%%%%%%%%%%%%% Baseline
build tables- baseline [Detector(H2), Detector(H1), Detector(AX), Detector(L1), Detector(L2), Detector(CDD)]
add group baseline table H2
add group baseline table H1
add group baseline table AX
add group baseline table L1
add group baseline table L2
add group baseline table CDD
flush and close file /Users/jan/PychronDev/data/isotopes/e1/a934fd-0503-44ca-95d1-fff15bd08adf.h5
detector Detector(H1)
POSITION 34.2 H1
Mapping mass to dac mass func: "parabolic"
H1 map mass coeffs = [-0.00063987  0.15840543  0.57271999]
H1 map mass to dac 34.2 >> 5.24176599104
GetDeflection H1 ===>> 0
GetHighVoltage ===>> 4499.94659342336
positioning 34.2 (5.24173512278) on H1
setting magnet DAC
current  : 5.881075
requested: 5.241735
Delta Dac: 0.639340
Checking detector protection. dv=0.63934
Checking detector "CDD". Protection Threshold: 0.1 (V)
ProtectDetector CDD,On ===>> OK
GetDeflection CDD ===>> 2000
Protected = 2000
SetMagnetDAC 5.24173512278 ===>> OK
Magnet settling time: 0.500
GetMagnetMoving ===>> True
GetMagnetMoving ===>> True
GetMagnetMoving ===>> True
GetMagnetMoving ===>> True
GetMagnetMoving ===>> True
GetMagnetMoving ===>> True
GetMagnetMoving ===>> True
GetMagnetMoving ===>> True
GetMagnetMoving ===>> False
ProtectDetector CDD,Off ===>> OK
GetDeflection CDD ===>> 50
Delaying 15.0s for detectors to settle
Join finished
measuring baseline. ncounts=60
"baseline" increment series count="2" fit count="1" regressing="True"
starting measurement
check iteration duration=3.69548797607e-05
GetData ===>> H2,-0.201213738622581,H1,-0.013576393015957,AX,-0.0683274035699141,L1,-0.0291040673226414,L2,-0.0...
check iteration duration=8.29696655273e-05
GetData ===>> H2,-0.195923550776292,H1,0.027305665097921,AX,-0.150293027335677,L1,-0.0390670918230963,L2,0.0702...
check iteration duration=6.91413879395e-05
GetData ===>> H2,-0.252161581702216,H1,-0.0363543051417057,AX,-0.156055023217327,L1,-0.032300669759153,L2,0.017...
check iteration duration=3.60012054443e-05
GetData ===>> H2,-0.135146349929956,H1,-0.0519500108800528,AX,-0.0561079952162701,L1,-0.0354489115539597,L2,-0....
testing H1>-5.0
evaluate ot="H1.bs>-5.0" t="H1>-5.0", ctx="{'H1': None}"
check iteration duration=0.000699996948242
GetData ===>> H2,-0.159920676182325,H1,-0.0209946906689183,AX,0.033486015685288,L1,-0.0366902618788331,L2,0.078...
check iteration duration=6.69956207275e-05
GetData ===>> H2,-0.103784634033958,H1,0.0366606627452139,AX,-0.154373993286803,L1,-0.0412984523029228,L2,-0.00...
check iteration duration=4.57763671875e-05
GetData ===>> H2,-0.090452768558612,H1,-0.047729394606688,AX,-0.0435623763298744,L1,-0.0308372334372613,L2,0.02...
check iteration duration=4.00543212891e-05
GetData ===>> H2,-0.190802105748286,H1,-0.0594608368745362,AX,-0.115335788446275,L1,-0.0687669122051508,L2,-0.0...
check iteration duration=6.60419464111e-05
GetData ===>> H2,-0.209632750415444,H1,0.0241318466373876,AX,-0.105776011613751,L1,-0.0435041735841148,L2,0.012...
testing H1>-5.0
evaluate ot="H1.bs>-5.0" t="H1>-5.0", ctx="{'H1': None}"
check iteration duration=0.00053882598877
GetData ===>> H2,-0.265060108624018,H1,-0.0359965769572089,AX,-0.136043084767277,L1,-0.044606852689685,L2,0.003...
check iteration duration=4.00543212891e-05
GetData ===>> H2,-0.212406268863647,H1,-0.0470736331640296,AX,0.00364311801701249,L1,-0.0162751041445793,L2,0.0...
check iteration duration=9.20295715332e-05
GetData ===>> H2,-0.179427463638651,H1,0.00847899592593144,AX,-0.059412256046494,L1,-0.00970221528633836,L2,-0....
check iteration duration=8.39233398438e-05
GetData ===>> H2,-0.211867513275108,H1,-0.0564327304067412,AX,-0.0421940871775129,L1,0.00450160918713872,L2,-0....
check iteration duration=4.38690185547e-05
GetData ===>> H2,-0.11838118321199,H1,-0.140735542011128,AX,-0.104594010315226,L1,-0.0407379638960306,L2,-0.089...
testing H1>-5.0
evaluate ot="H1.bs>-5.0" t="H1>-5.0", ctx="{'H1': None}"
check iteration duration=0.000589847564697
GetData ===>> H2,-0.1345716451543,H1,-0.0234156559536512,AX,-0.0402343853078609,L1,-0.0275227567878932,L2,-0.02...
check iteration duration=8.58306884766e-05
GetData ===>> H2,-0.0811794629869829,H1,-0.0238926865420595,AX,-0.048304856782657,L1,-0.0191232690037242,L2,-0....
check iteration duration=8.60691070557e-05
GetData ===>> H2,-0.0808380502267992,H1,-0.0833605873137298,AX,-0.0273851848510833,L1,-0.017890562292697,L2,0.0...
check iteration duration=8.20159912109e-05
GetData ===>> H2,-0.0817051102138995,H1,0.044107101991009,AX,-0.129019119074931,L1,-0.0282271894660667,L2,-0.05...
check iteration duration=8.70227813721e-05
GetData ===>> H2,-0.195978852302451,H1,-0.0437947614950972,AX,-0.176920562269727,L1,0.00694504792357602,L2,0.05...
testing H1>-5.0
evaluate ot="H1.bs>-5.0" t="H1>-5.0", ctx="{'H1': None}"
check iteration duration=0.000617027282715
GetData ===>> H2,-0.25763850629964,H1,0.0194428929755076,AX,-0.220329719437086,L1,-0.0181627780327745,L2,0.0257...
check iteration duration=0.000103950500488
GetData ===>> H2,-0.208936233140179,H1,-0.0487070673242716,AX,-0.0147314714181082,L1,-0.0378356190519966,L2,-0....
check iteration duration=3.88622283936e-05
GetData ===>> H2,-0.0612883192517309,H1,-0.0795823034229535,AX,-0.0212035120482508,L1,-0.00756296479823407,L2,0...
check iteration duration=6.07967376709e-05
GetData ===>> H2,-0.0925324585132485,H1,0.0158278954277559,AX,-0.0956590065322236,L1,-0.00289796638219693,L2,-0...
check iteration duration=8.89301300049e-05
GetData ===>> H2,-0.183572377832151,H1,-0.0276849988364745,AX,-0.0719326474081235,L1,0.00803813559771084,L2,-0....
testing H1>-5.0
evaluate ot="H1.bs>-5.0" t="H1>-5.0", ctx="{'H1': None}"
check iteration duration=0.000576972961426
06:26:31 -- collecting point 25
GetData ===>> H2,-0.18687561883676,H1,-0.0811079368046251,AX,-0.0795484307820056,L1,0.00207289280707443,L2,-0.0...
check iteration duration=5.31673431396e-05
GetData ===>> H2,-0.173833742239647,H1,-0.0686042085964676,AX,-0.0884385531738704,L1,0.00439955049301268,L2,0.0...
check iteration duration=8.89301300049e-05
GetData ===>> H2,-0.228516366593826,H1,0.0627614315616533,AX,-0.101731653558465,L1,0.0142569528983017,L2,0.0594...
check iteration duration=4.31537628174e-05
GetData ===>> H2,-0.207059329919837,H1,-0.0524149831435004,AX,0.000870467231361622,L1,0.00833332560498748,L2,0....
check iteration duration=8.70227813721e-05
GetData ===>> H2,-0.262377645210009,H1,-0.0383456353321375,AX,-0.106772589785487,L1,0.00803093594949256,L2,-0.1...
testing H1>-5.0
evaluate ot="H1.bs>-5.0" t="H1>-5.0", ctx="{'H1': None}"
check iteration duration=0.000645875930786
GetData ===>> H2,-0.310303239491512,H1,-0.0421016293388863,AX,-0.132019693788796,L1,0.0167282607477512,L2,-0.03...
check iteration duration=8.60691070557e-05
GetData ===>> H2,-0.207834112361793,H1,0.00837162963953659,AX,-0.188533773018094,L1,-0.0311917351069211,L2,-0.0...
check iteration duration=7.48634338379e-05
GetData ===>> H2,-0.244346246963122,H1,0.0017390023554277,AX,-0.100642313479108,L1,-0.0452245874457944,L2,0.046...
check iteration duration=6.69956207275e-05
GetData ===>> H2,-0.331860083392268,H1,-0.0744331190183132,AX,0.0852937211127052,L1,-0.0406888597899445,L2,-0.0...
check iteration duration=3.981590271e-05
GetData ===>> H2,-0.21948365550079,H1,0.0262437371942649,AX,-0.0514238683094073,L1,-0.059120614303554,L2,0.0163...
testing H1>-5.0
evaluate ot="H1.bs>-5.0" t="H1>-5.0", ctx="{'H1': None}"
check iteration duration=0.000663042068481
GetData ===>> H2,-0.230956801064018,H1,-0.00822104222935032,AX,-0.105868716990606,L1,-0.0609202055896422,L2,0.0...
check iteration duration=0.000122785568237
GetData ===>> H2,-0.156301991925029,H1,-0.0257769351395652,AX,-0.10494165924675,L1,0.00672308522196337,L2,0.074...
check iteration duration=4.29153442383e-05
GetData ===>> H2,-0.0274921748659015,H1,-0.0674240811070479,AX,-0.0437015233016022,L1,0.00642914214418525,L2,0....
check iteration duration=9.79900360107e-05
GetData ===>> H2,-0.0850711150118108,H1,-0.0733126595317877,AX,-0.103585821388768,L1,-0.0111912681324479,L2,0.0...
check iteration duration=4.19616699219e-05
GetData ===>> H2,-0.163978333526152,H1,0.000796632336608338,AX,-0.206553524974224,L1,-0.0170534827280074,L2,-0....
testing H1>-5.0
evaluate ot="H1.bs>-5.0" t="H1>-5.0", ctx="{'H1': None}"
check iteration duration=0.00060510635376
GetData ===>> H2,-0.182258366840412,H1,0.0133225281698791,AX,-0.0723267817214752,L1,-0.0228444554290603,L2,-0.0...
check iteration duration=3.60012054443e-05
GetData ===>> H2,-0.282441064946086,H1,-0.00424907139857638,AX,-0.0421013211148596,L1,-0.0285686059181638,L2,-0...
check iteration duration=8.70227813721e-05
GetData ===>> H2,-0.234474514088373,H1,-0.0677220944128585,AX,-0.058832569279262,L1,-0.036439847370608,L2,-0.02...
check iteration duration=9.10758972168e-05
GetData ===>> H2,-0.329319882179041,H1,-0.0935147632132647,AX,-0.129899606192175,L1,-0.0454328847895945,L2,-0.0...
check iteration duration=7.58171081543e-05
GetData ===>> H2,-0.250550532028174,H1,0.00598574187786767,AX,-0.022595292517461,L1,-0.012541056425739,L2,0.023...
testing H1>-5.0
evaluate ot="H1.bs>-5.0" t="H1>-5.0", ctx="{'H1': None}"
check iteration duration=0.000580787658691
GetData ===>> H2,-0.101528321866794,H1,0.0370783169525215,AX,-0.123886647386073,L1,-0.036648326869744,L2,0.0114...
check iteration duration=8.01086425781e-05
GetData ===>> H2,-0.175872314942485,H1,0.0265420304115917,AX,-0.141110227858327,L1,-0.0455035133683495,L2,-0.02...
check iteration duration=8.10623168945e-05
GetData ===>> H2,-0.112154662169106,H1,-0.0302727521043654,AX,0.0224156931218811,L1,-0.0251155727735372,L2,-0.0...
check iteration duration=8.70227813721e-05
GetData ===>> H2,-0.218700848778567,H1,-0.0243816405357088,AX,0.0058705766925695,L1,-0.0300156038131701,L2,-0.0...
check iteration duration=8.89301300049e-05
GetData ===>> H2,-0.235288518823375,H1,-0.0729312236525502,AX,-0.0868970386650075,L1,-0.0683006584686111,L2,-0....
testing H1>-5.0
evaluate ot="H1.bs>-5.0" t="H1>-5.0", ctx="{'H1': None}"
check iteration duration=0.000647068023682
06:26:58 -- collecting point 50
GetData ===>> H2,-0.149870494228691,H1,-0.0499470287396829,AX,0.0332539205323104,L1,-0.0601676232084589,L2,0.03...
check iteration duration=7.60555267334e-05
GetData ===>> H2,-0.25663581215884,H1,-0.015747077205641,AX,0.0075876108764745,L1,-0.00529611033036134,L2,0.013...
check iteration duration=8.39233398438e-05
GetData ===>> H2,-0.235001942028817,H1,-0.0577083612301575,AX,-0.165688503355875,L1,-0.00653274871602411,L2,-0....
check iteration duration=8.39233398438e-05
GetData ===>> H2,-0.129657633520846,H1,-0.0635140643234998,AX,-0.10036418214252,L1,-0.0162882975035806,L2,-0.09...
check iteration duration=3.69548797607e-05
GetData ===>> H2,-0.175866915234595,H1,-0.031906460496711,AX,-0.133921067711478,L1,-0.0142490103655152,L2,-0.05...
testing H1>-5.0
evaluate ot="H1.bs>-5.0" t="H1>-5.0", ctx="{'H1': None}"
check iteration duration=0.000586986541748
GetData ===>> H2,-0.251452909547477,H1,-0.0302608271275816,AX,-0.0644206059100976,L1,-0.00845397470285743,L2,-0...
check iteration duration=8.70227813721e-05
GetData ===>> H2,-0.162838825409931,H1,-0.0589720542367942,AX,-0.101696887574143,L1,0.00597444709575313,L2,0.11...
check iteration duration=8.41617584229e-05
GetData ===>> H2,-0.146591108147003,H1,-0.0273868662816088,AX,-0.175807846521606,L1,-0.00662989815730652,L2,-0....
check iteration duration=8.48770141602e-05
GetData ===>> H2,-0.235047687169139,H1,0.00723832586231334,AX,-0.0326967026405441,L1,-0.0405631042779002,L2,0.0...
check iteration duration=8.60691070557e-05
GetData ===>> H2,-0.193122030027919,H1,-0.0196947393330536,AX,-0.058507943181209,L1,-0.0237074205787175,L2,0.05...
testing H1>-5.0
evaluate ot="H1.bs>-5.0" t="H1>-5.0", ctx="{'H1': None}"
check iteration duration=0.000661134719849
GetData ===>> H2,-0.20697578499059,H1,-0.0362231382892151,AX,-0.00175129726587454,L1,0.0269410939412975,L2,0.01...
check iteration duration=3.981590271e-05
waiting for write to finish
measurement finished
estimated time: 62.915 actual time: :63.267
flush and close file /Users/jan/PychronDev/data/isotopes/e1/a934fd-0503-44ca-95d1-fff15bd08adf.h5
activate_detectors ('H1', 'AX', 'CDD') {'peak_center': True}
peak_center () {'detector': 'H1', 'integration_time': 0.262144, 'isotope': 'Ar40'}
peak center: mean=124.509550644 threshold=3
peak center started
setup peak center. detector=['H1', 'AX', 'CDD'], isotope=Ar40
VersionedUnpickler [<apptools.sweet_pickle.versioned_unpickler.VersionedUnpickler object at 0x17f74d050>] using Updater [<apptools.sweet_pickle.updater.Updater object at 0x12e273d10>]
VersionedUnpickler [<apptools.sweet_pickle.versioned_unpickler.VersionedUnpickler object at 0x17f74d050>] using Updater [<apptools.sweet_pickle.updater.Updater object at 0x12e273d10>]
VersionedUnpickler [<apptools.sweet_pickle.versioned_unpickler.VersionedUnpickler object at 0x199445710>] using Updater [<apptools.sweet_pickle.updater.Updater object at 0x12e273d10>]
setting integration time = 0.524288
SetIntegrationTime 0.524288 ===>> OK
Mapping mass to dac mass func: "parabolic"
H1 map mass coeffs = [-0.00063987  0.15840543  0.57271999]
H1 map mass to dac 39.9624 >> 5.88111
GetDeflection H1 ===>> 0
GetHighVoltage ===>> 4499.94659342336
do peak center. <pychron.spectrometer.jobs.peak_center.PeakCenter object at 0x12e273ef0>
doing pc
starting peak center. center dac= 5.88107536669 step_width=0.001
width = 0.001
get scan parameters. half-width=0.015,window=0.015, i=0, scalar=1
Scan parameters center=5.88108 width=0.03000 (5.86608 - 5.89608)
GetData ===>> H2,-0.118624707344783,H1,-0.036819349869943,AX,-0.162257192641015,L1,0.0027595490772168,L2,0.0406...
Moving to starting dac 5.86607536669
setting magnet DAC
current  : 5.241735
requested: 5.866075
Delta Dac: 0.624340
Checking detector protection. dv=0.62434
Checking detector "CDD". Protection Threshold: 0.1 (V)
ProtectDetector CDD,On ===>> OK
GetDeflection CDD ===>> 2000
Protected = 2000
SetMagnetDAC 5.86607536669 ===>> OK
Magnet settling time: 0.500
GetMagnetMoving ===>> True
GetMagnetMoving ===>> True
GetMagnetMoving ===>> True
GetMagnetMoving ===>> True
GetMagnetMoving ===>> True
GetMagnetMoving ===>> True
GetMagnetMoving ===>> True
GetMagnetMoving ===>> True
GetMagnetMoving ===>> False
ProtectDetector CDD,Off ===>> OK
GetDeflection CDD ===>> 50
Wait until signal near baseline. tol= -0.0276145124025. timeout= 10
GetData ===>> H2,0.673923882250428,H1,0.347860725515736,AX,-0.0602469989247305,L1,0.00811950653929671,L2,0.0466...
GetData ===>> H2,7.75820627661448,H1,4.42039130792014,AX,0.376565919790713,L1,0.0171095511616447,L2,-0.06224268...
GetData ===>> H2,7.65007075475573,H1,4.09581013734581,AX,0.531926890044676,L1,0.00937830141724171,L2,-0.0176023...
GetData ===>> H2,3.97052991113899,H1,1.882281566152,AX,0.183735171602386,L1,-0.00981612002412685,L2,-0.00904068...
GetData ===>> H2,1.59937982085587,H1,1.12349704729116,AX,0.0818421123860734,L1,-0.0410373739854332,L2,-0.020903...
GetData ===>> H2,0.418103801379473,H1,0.543025358329419,AX,-0.0160189546506039,L1,-0.0709238506330434,L2,-0.071...
GetData ===>> H2,-0.0911761434196437,H1,0.30132478343845,AX,-0.0449422416700045,L1,-0.0740545777288078,L2,-0.13...
GetData ===>> H2,-0.16664573851063,H1,0.184697666373102,AX,-0.0274547699274898,L1,-0.0601715207103776,L2,0.0026...
GetData ===>> H2,-0.162350043920876,H1,0.214832031129109,AX,-0.0823882583013852,L1,-0.0755256001692644,L2,-0.04...
GetData ===>> H2,-0.220154774305925,H1,0.0753786456377582,AX,-0.0315602013767517,L1,-0.042524711082395,L2,-0.01...
GetData ===>> H2,-0.0863644252991018,H1,0.117899937210209,AX,-0.0708893429901966,L1,-0.000217223540061567,L2,0....
GetData ===>> H2,-0.0987916611859821,H1,0.138714302020371,AX,-0.0376600424111911,L1,-0.00912307968219529,L2,0.0...
GetData ===>> H2,-0.139613079787215,H1,0.198033927653829,AX,-0.0365699848071601,L1,-0.00511258072917806,L2,0.04...
GetData ===>> H2,-0.150019868756159,H1,0.161035539919552,AX,-0.0543572711998317,L1,0.00681292393943769,L2,-0.09...
GetData ===>> H2,-0.0615413096004413,H1,0.0854591352575486,AX,-0.187507846737594,L1,-0.0124823216261773,L2,-0.0...
GetData ===>> H2,-0.131461853368067,H1,0.109532494069087,AX,-0.111106427290953,L1,-0.0160058029764828,L2,0.0094...
GetData ===>> H2,-0.234313202844049,H1,0.123073321553435,AX,-0.0426695118605187,L1,-0.0269087903570466,L2,0.055...
GetData ===>> H2,-0.295988962347489,H1,0.207792710333244,AX,-0.0165061060272453,L1,-0.0471577560383656,L2,-0.00...
GetData ===>> H2,-0.304936757278802,H1,0.0713677032379013,AX,-0.0778908604936681,L1,-0.0306210601876178,L2,-0.0...
GetData ===>> H2,-0.2793895345385,H1,0.0653754636054106,AX,-0.149523132253224,L1,-0.0125015003739284,L2,0.07443...
GetData ===>> H2,-0.273998320368715,H1,0.103978423529605,AX,-0.188225707637653,L1,0.00552568626699828,L2,-0.028...
Peak center failed to move to a baseline position
_do_sweep sm= 5.86607536669, em= 5.89607536669, stm= 0.001
calculated step values: start=5.86607536669, end=5.89607536669, width=0.001, nsteps=31.0
setting magnet DAC
current  : 5.866075
requested: 5.866075
Delta Dac: 0.000000
Checking detector protection. dv=0.00000
Checking detector "CDD". Protection Threshold: 0.1 (V)
SetMagnetDAC 5.86607536669 ===>> OK
GetData ===>> H2,-0.273998320368715,H1,0.103978423529605,AX,-0.188225707637653,L1,0.00552568626699828,L2,-0.028...
setting magnet DAC
current  : 5.866075
requested: 5.867110
Delta Dac: 0.001034
Checking detector protection. dv=0.00103
Checking detector "CDD". Protection Threshold: 0.1 (V)
SetMagnetDAC 5.86710984945 ===>> OK
Magnet settling time: 1.049
GetData ===>> H2,-0.187781867487317,H1,0.240511847329894,AX,-0.012168053191909,L1,-0.0192190050674113,L2,-0.015...
setting magnet DAC
current  : 5.867110
requested: 5.868144
Delta Dac: 0.001034
Checking detector protection. dv=0.00103
Checking detector "CDD". Protection Threshold: 0.1 (V)
SetMagnetDAC 5.86814433221 ===>> OK
Magnet settling time: 1.049
GetData ===>> H2,-0.167137034098915,H1,0.794843428664049,AX,0.0938485434522763,L1,-0.0675082475370005,L2,-0.020...
setting magnet DAC
current  : 5.868144
requested: 5.869179
Delta Dac: 0.001034
Checking detector protection. dv=0.00103
Checking detector "CDD". Protection Threshold: 0.1 (V)
SetMagnetDAC 5.86917881497 ===>> OK
Magnet settling time: 1.049
GetData ===>> H2,-0.224181091716426,H1,2.58089990694759,AX,0.456309484740521,L1,-0.0672693506804097,L2,-0.03306...
setting magnet DAC
current  : 5.869179
requested: 5.870213
Delta Dac: 0.001034
Checking detector protection. dv=0.00103
Checking detector "CDD". Protection Threshold: 0.1 (V)
SetMagnetDAC 5.87021329773 ===>> OK
Magnet settling time: 1.049
GetData ===>> H2,-0.156861281770492,H1,8.48429407920197,AX,1.36885743687104,L1,-0.0437891337425866,L2,-0.002277...
setting magnet DAC
current  : 5.870213
requested: 5.871248
Delta Dac: 0.001034
Checking detector protection. dv=0.00103
Checking detector "CDD". Protection Threshold: 0.1 (V)
SetMagnetDAC 5.87124778049 ===>> OK
Magnet settling time: 1.049
GetData ===>> H2,-0.197002556132642,H1,22.7392057171521,AX,3.61114448524223,L1,0.00345105444930739,L2,-0.019401...
setting magnet DAC
current  : 5.871248
requested: 5.872282
Delta Dac: 0.001034
Checking detector protection. dv=0.00103
Checking detector "CDD". Protection Threshold: 0.1 (V)
SetMagnetDAC 5.87228226325 ===>> OK
Magnet settling time: 1.049
GetData ===>> H2,-0.0935122196551794,H1,61.8538326088232,AX,11.4071285534614,L1,0.099729340862126,L2,0.01794725...
setting magnet DAC
current  : 5.872282
requested: 5.873317
Delta Dac: 0.001034
Checking detector protection. dv=0.00103
Checking detector "CDD". Protection Threshold: 0.1 (V)
SetMagnetDAC 5.87331674601 ===>> OK
Magnet settling time: 1.049
GetData ===>> H2,-0.0679110211130426,H1,90.3800303450209,AX,18.4805183148495,L1,0.143434643200303,L2,0.09961790...
setting magnet DAC
current  : 5.873317
requested: 5.874351
Delta Dac: 0.001034
Checking detector protection. dv=0.00103
Checking detector "CDD". Protection Threshold: 0.1 (V)
SetMagnetDAC 5.87435122876 ===>> OK
Magnet settling time: 1.049
GetData ===>> H2,-0.256311866457977,H1,108.451825022994,AX,24.0776693594643,L1,0.172908649460743,L2,0.096882266...
setting magnet DAC
current  : 5.874351
requested: 5.875386
Delta Dac: 0.001034
Checking detector protection. dv=0.00103
Checking detector "CDD". Protection Threshold: 0.1 (V)
SetMagnetDAC 5.87538571152 ===>> OK
Magnet settling time: 1.049
GetData ===>> H2,-0.16678881030373,H1,116.387869344568,AX,26.9639400229013,L1,0.256372243719492,L2,0.0572243242...
setting magnet DAC
current  : 5.875386
requested: 5.876420
Delta Dac: 0.001034
Checking detector protection. dv=0.00103
Checking detector "CDD". Protection Threshold: 0.1 (V)
SetMagnetDAC 5.87642019428 ===>> OK
Magnet settling time: 1.049
GetData ===>> H2,-0.246793660799733,H1,119.297306445646,AX,28.1867873305755,L1,0.317919820742821,L2,0.213010401...
setting magnet DAC
current  : 5.876420
requested: 5.877455
Delta Dac: 0.001034
Checking detector protection. dv=0.00103
Checking detector "CDD". Protection Threshold: 0.1 (V)
SetMagnetDAC 5.87745467704 ===>> OK
Magnet settling time: 1.049
GetData ===>> H2,-0.163927031121836,H1,119.965418799713,AX,28.6077148717008,L1,0.332108122031357,L2,0.074088337...
setting magnet DAC
current  : 5.877455
requested: 5.878489
Delta Dac: 0.001034
Checking detector protection. dv=0.00103
Checking detector "CDD". Protection Threshold: 0.1 (V)
SetMagnetDAC 5.8784891598 ===>> OK
Magnet settling time: 1.049
GetData ===>> H2,-0.190044980191917,H1,120.352218852168,AX,28.7182354804209,L1,0.394738738449279,L2,0.161372900...
setting magnet DAC
current  : 5.878489
requested: 5.879524
Delta Dac: 0.001034
Checking detector protection. dv=0.00103
Checking detector "CDD". Protection Threshold: 0.1 (V)
SetMagnetDAC 5.87952364256 ===>> OK
Magnet settling time: 1.049
GetData ===>> H2,-0.103736037768563,H1,120.075475036564,AX,28.7091099310783,L1,0.382042430011673,L2,0.246476696...
setting magnet DAC
current  : 5.879524
requested: 5.880558
Delta Dac: 0.001034
Checking detector protection. dv=0.00103
Checking detector "CDD". Protection Threshold: 0.1 (V)
SetMagnetDAC 5.88055812532 ===>> OK
Magnet settling time: 1.049
GetData ===>> H2,-0.237710952238449,H1,120.191984336074,AX,28.7760656910529,L1,0.34164903739847,L2,0.2089477590...
setting magnet DAC
current  : 5.880558
requested: 5.881593
Delta Dac: 0.001034
Checking detector protection. dv=0.00103
Checking detector "CDD". Protection Threshold: 0.1 (V)
SetMagnetDAC 5.88159260807 ===>> OK
Magnet settling time: 1.049
GetData ===>> H2,-0.306931937489474,H1,120.418133462063,AX,28.7594826844734,L1,0.360820822883823,L2,0.136328589...
setting magnet DAC
current  : 5.881593
requested: 5.882627
Delta Dac: 0.001034
Checking detector protection. dv=0.00103
Checking detector "CDD". Protection Threshold: 0.1 (V)
SetMagnetDAC 5.88262709083 ===>> OK
Magnet settling time: 1.049
GetData ===>> H2,-0.187860006301014,H1,120.114327500189,AX,28.5370945368768,L1,0.345682155188005,L2,0.175859622...
setting magnet DAC
current  : 5.882627
requested: 5.883662
Delta Dac: 0.001034
Checking detector protection. dv=0.00103
Checking detector "CDD". Protection Threshold: 0.1 (V)
SetMagnetDAC 5.88366157359 ===>> OK
Magnet settling time: 1.049
GetData ===>> H2,-0.191300273779978,H1,119.996921106481,AX,28.6947712882986,L1,0.346765731497244,L2,0.224309104...
setting magnet DAC
current  : 5.883662
requested: 5.884696
Delta Dac: 0.001034
Checking detector protection. dv=0.00103
Checking detector "CDD". Protection Threshold: 0.1 (V)
SetMagnetDAC 5.88469605635 ===>> OK
Magnet settling time: 1.049
GetData ===>> H2,-0.156037197734878,H1,119.803241987553,AX,28.589030788037,L1,0.402433966333455,L2,0.2142429222...
setting magnet DAC
current  : 5.884696
requested: 5.885731
Delta Dac: 0.001034
Checking detector protection. dv=0.00103
Checking detector "CDD". Protection Threshold: 0.1 (V)
SetMagnetDAC 5.88573053911 ===>> OK
Magnet settling time: 1.049
GetData ===>> H2,-0.0854137549931399,H1,119.42327934009,AX,28.3886192651171,L1,0.420416605062281,L2,0.162353821...
setting magnet DAC
current  : 5.885731
requested: 5.886765
Delta Dac: 0.001034
Checking detector protection. dv=0.00103
Checking detector "CDD". Protection Threshold: 0.1 (V)
SetMagnetDAC 5.88676502187 ===>> OK
Magnet settling time: 1.049
GetData ===>> H2,-0.228343161798341,H1,117.807496197387,AX,27.4930881140825,L1,0.374360368479505,L2,0.089154516...
setting magnet DAC
current  : 5.886765
requested: 5.887800
Delta Dac: 0.001034
Checking detector protection. dv=0.00103
Checking detector "CDD". Protection Threshold: 0.1 (V)
SetMagnetDAC 5.88779950463 ===>> OK
Magnet settling time: 1.049
GetData ===>> H2,-0.210982551508608,H1,107.789661095829,AX,23.6859963493186,L1,0.364107041140495,L2,0.004964767...
setting magnet DAC
current  : 5.887800
requested: 5.888834
Delta Dac: 0.001034
Checking detector protection. dv=0.00103
Checking detector "CDD". Protection Threshold: 0.1 (V)
SetMagnetDAC 5.88883398738 ===>> OK
Magnet settling time: 1.049
GetData ===>> H2,-0.0296453879207199,H1,86.5520186083757,AX,16.8585673672738,L1,0.250312545456191,L2,0.05795351...
setting magnet DAC
current  : 5.888834
requested: 5.889868
Delta Dac: 0.001034
Checking detector protection. dv=0.00103
Checking detector "CDD". Protection Threshold: 0.1 (V)
SetMagnetDAC 5.88986847014 ===>> OK
Magnet settling time: 1.049
GetData ===>> H2,-0.12615243758987,H1,55.0254858837331,AX,9.28797970975909,L1,0.125798586954315,L2,0.0084038170...
setting magnet DAC
current  : 5.889868
requested: 5.890903
Delta Dac: 0.001034
Checking detector protection. dv=0.00103
Checking detector "CDD". Protection Threshold: 0.1 (V)
SetMagnetDAC 5.8909029529 ===>> OK
Magnet settling time: 1.049
GetData ===>> H2,-0.0644993000311146,H1,26.673634840927,AX,3.82603908864588,L1,0.122142790961887,L2,-0.01514322...
setting magnet DAC
current  : 5.890903
requested: 5.891937
Delta Dac: 0.001034
Checking detector protection. dv=0.00103
Checking detector "CDD". Protection Threshold: 0.1 (V)
SetMagnetDAC 5.89193743566 ===>> OK
Magnet settling time: 1.049
GetData ===>> H2,-0.152521333513572,H1,9.97443572240668,AX,1.0423612829477,L1,0.0574994442341186,L2,-0.19288305...
setting magnet DAC
current  : 5.891937
requested: 5.892972
Delta Dac: 0.001034
Checking detector protection. dv=0.00103
Checking detector "CDD". Protection Threshold: 0.1 (V)
SetMagnetDAC 5.89297191842 ===>> OK
Magnet settling time: 1.049
GetData ===>> H2,-0.185375466839913,H1,2.83613783744372,AX,0.216268778395498,L1,-0.00192366971489208,L2,0.00448...
setting magnet DAC
current  : 5.892972
requested: 5.894006
Delta Dac: 0.001034
Checking detector protection. dv=0.00103
Checking detector "CDD". Protection Threshold: 0.1 (V)
SetMagnetDAC 5.89400640118 ===>> OK
Magnet settling time: 1.049
GetData ===>> H2,-0.239596562279363,H1,0.745267318332776,AX,0.0333351537729052,L1,0.0189502850983321,L2,0.07529...
setting magnet DAC
current  : 5.894006
requested: 5.895041
Delta Dac: 0.001034
Checking detector protection. dv=0.00103
Checking detector "CDD". Protection Threshold: 0.1 (V)
SetMagnetDAC 5.89504088394 ===>> OK
Magnet settling time: 1.049
GetData ===>> H2,-0.265075284803117,H1,0.179974335839561,AX,0.0189927349725219,L1,-0.020850372599199,L2,0.13452...
setting magnet DAC
current  : 5.895041
requested: 5.896075
Delta Dac: 0.001034
Checking detector protection. dv=0.00103
Checking detector "CDD". Protection Threshold: 0.1 (V)
SetMagnetDAC 5.89607536669 ===>> OK
Magnet settling time: 1.049
GetData ===>> H2,-0.19130566100606,H1,-0.0708690607510885,AX,-0.228232284966579,L1,-0.000219623808086192,L2,-0....
result of _do_sweep=True
result of _calculate_peak_center=([5.8732597354321641, 5.8809851863339677, 5.8887106372357714], [88.807945299432035, 120.41677384807895, 89.084362752674267], 5.8815863887387776, 120.41677384807895)
Failed to find a valid peak. No peak greater than 1.0. max = 0.0144933588413
new center pos Detector(H1) (Ar40) @ 5.88098518633
GetHighVoltage ===>> 4499.94659342336
GetDeflection H1 ===>> 0
dac uncorrected for HV and deflection 5.88101981911
update mftable H1 Ar40 5.88101981911 message=automated run peakcenter
get initial guess parabolic
get initial guess parabolic
get initial guess parabolic
get initial guess parabolic
get initial guess parabolic
get initial guess parabolic
dump mftable to /Users/jan/PychronDev/setupfiles/spectrometer/mftables/mftable.csv
add to repo msg=modified - automated run peakcenter
sweep finished
locally archiving mftable
setting magnet DAC
current  : 5.896075
requested: 5.880985
Delta Dac: 0.015090
Checking detector protection. dv=0.01509
Checking detector "CDD". Protection Threshold: 0.1 (V)
SetMagnetDAC 5.88098518633 ===>> OK
Magnet settling time: 0.500
setting integration time = 1.048576
SetIntegrationTime 1.048576 ===>> OK
Failed to find a valid peak. No peak greater than 1.0. max = 0.0144933588413
flush and close file /Users/jan/PychronDev/data/isotopes/e1/a934fd-0503-44ca-95d1-fff15bd08adf.h5
finished measure script
executed snippet estimated_duration=226.132928, duration=273.250556946
jan_unknown120_60.py completed successfully
Measurement Finished
06:27:56 -- ******* Measurement Finished *******
Post Measurement Started jan_pump_ms.py
06:27:56 -- ******* Post Measurement Started jan_pump_ms.py *******
testing...
no interpolation path defined
executed snippet estimated_duration=0, duration=2.59876251221e-05
Pumping spectrometer
open () {'name': 'O'}
opening name=O desc=---
checking ownership. requestor=129.138.12.150
check software interlocks O
interlocks []
actuate state mode=None-script, software_lock=False
doing actuation None-script open_channel True
Open O ===>> OK
GetIndicatorState O ===>> OK
change switch state (True, True)
update switch state O True args=() kw={} ncanvase=3
06:27:56 -- OPEN   VALVE-O (Jan Ion Pump)
---------------------------------------- open O () result=[(True, True)], time=0.10 sec
action=open, ok=True, locked=[False]
executed snippet estimated_duration=0, duration=0.35461807251
jan_pump_ms.py completed successfully
setting _ms_pumptime
Post Measurement Finished
06:27:56 -- ******* Post Measurement Finished *******
$$$$$$$$$$$$$$$$$$$$ state at run end measurement
state changed from measurement to success
post measurement save measured=True aborted=False
Set filtering
setting fod for Ar40= {'filter_outliers': True, 'std_devs': 2, 'iterations': 1}
setting fod for H1= {'filter_outliers': True, 'std_devs': 2, 'iterations': 1}
setting fod for PM41= {'filter_outliers': False, 'std_devs': 2, 'iterations': 1}
setting fod for H2= {'filter_outliers': True, 'std_devs': 2, 'iterations': 1}
setting fod for Ar36= {'filter_outliers': True, 'std_devs': 2, 'iterations': 1}
setting fod for CDD= {'filter_outliers': True, 'std_devs': 10, 'iterations': 1}
setting fod for Ar37= {'filter_outliers': True, 'std_devs': 2, 'iterations': 1}
setting fod for L2= {'filter_outliers': True, 'std_devs': 2, 'iterations': 1}
setting fod for Ar38= {'filter_outliers': True, 'std_devs': 2, 'iterations': 1}
setting fod for L1= {'filter_outliers': True, 'std_devs': 2, 'iterations': 1}
setting fod for Ar39= {'filter_outliers': True, 'std_devs': 2, 'iterations': 1}
setting fod for AX= {'filter_outliers': True, 'std_devs': 2, 'iterations': 1}
persistence save...
persistence save - db
post measurement save
6602759728 connecting to database sqlite:////Users/jan/PychronDev/.appdata/local_lab.db
connected to db sqlite:////Users/jan/PychronDev/.appdata/local_lab.db
create new session 6602759728
close session 6602759728
No database instance. Not saving post measurement to isotopedb database
$$$$$$$$$$$$$$$ auto_save_detector_ic=False
massspec enabled True
create new session 5025924496
MassSpec Database Version: 16.0
close session 5025924496
saving post measurement to secondary database
saving to massspec database 129.138.12.160/massspecdata
setting labnumber to 65591
setting aliquot to 3
setting step to 
setting uuid to e1a934fd-0503-44ca-95d1-fff15bd08adf
setting irradpos to 65591
setting extract_device to Fusions CO2
setting tray to 
setting position to 199
setting power_requested to 0.35
setting extract_value to 0.35
setting duration to 30.0
setting duration_at_request to 30.0
setting first_stage_delay to 30.0
setting cleanup to 30.0
setting comment to O:14
setting irradiation to NM-289
setting level to O
setting irradiation_level to O
setting sample to BW-2014-10
setting material to Sanidine
setting project to Bustos Wells
setting mass_spectrometer to Jan
no attribute chron_dosages
no attribute production_ratios
no attribute interference_corrections
no attribute production_name
no attribute j
Reference Isotope=Ar40
Reference Detector=H1
%%%%%%%%%%%%%%%%%%%% Comment: O:14 %%%%%%%%%%%%%%%%%%%
adding isotope PM41 H2
add baseline dbdet= PM41. original det= H2
get baseline data PM41 H2
Get data baseline <pychron.processing.isotope.Baseline object at 0x182eea950> len t=60
baseline PM41. v=-0.184520880616, e=0.00786992644111
get signal data PM41 H2
Get data signal PM41 0.04+/-0.07 len t=120
adding isotope Ar40 H1
add baseline dbdet= Ar40. original det= H1
get baseline data Ar40 H1
Get data baseline <pychron.processing.isotope.Baseline object at 0x182eea350> len t=60
baseline Ar40. v=-0.0278087589625, e=0.0046603392465
get signal data Ar40 H1
Get data signal Ar40 128.771+/-0.020 len t=120
adding isotope Ar39 AX
add baseline dbdet= Ar39. original det= AX
get baseline data Ar39 AX
Get data baseline <pychron.processing.isotope.Baseline object at 0x182eead50> len t=60
baseline Ar39. v=-0.0799414662706, e=0.00767502793459
get signal data Ar39 AX
Get data signal Ar39 31.489+/-0.016 len t=120
adding isotope Ar38 L1
add baseline dbdet= Ar38. original det= L1
get baseline data Ar38 L1
Get data baseline <pychron.processing.isotope.Baseline object at 0x182eeaa90> len t=60
baseline Ar38. v=-0.0209956407986, e=0.00268574038324
get signal data Ar38 L1
Get data signal Ar38 0.443+/-0.005 len t=120
adding isotope Ar37 L2
add baseline dbdet= Ar37. original det= L2
get baseline data Ar37 L2
Get data baseline <pychron.processing.isotope.Baseline object at 0x180100a90> len t=60
baseline Ar37. v=-0.005333150711, e=0.00588838087949
get signal data Ar37 L2
Get data signal Ar37 0.172+/-0.010 len t=120
adding isotope Ar36 CDD
add baseline dbdet= Ar36. original det= CDD
get baseline data Ar36 CDD
Get data baseline <pychron.processing.isotope.Baseline object at 0x180100f90> len t=60
baseline Ar36. v=6.69894351827e-05, e=1.14247104456e-05
get signal data Ar36 CDD
Get data signal Ar36 0.00696+/-0.00024 len t=120
65591-03 added analysis time 0.475453138351s
analysis added to mass spec database
mass spec save time= 0.490
persistence save - dvc
================= post measurement started
create new session 4992585168
close session 4992585168
---------------- Experiment Queue saving disabled
DVC saving peakcenter
Failed to find a valid peak. No peak greater than 1.0. max = 0.0144933588413
Smart pull ahead: 0 behind: 0
Up-to-date with origin
add to repo msg=modified - ad8224ebc6dbfeb9f5997218dfa5fe690569839d.json
add to repo msg=modified - 91-03.json
add to repo msg=modified - 91-03.dat.json
add to repo msg=modified - 91-03.blan.json
add to repo msg=modified - 91-03.inte.json
add to repo msg=modified - 91-03.icfa.json
add to repo msg=modified - 91-03.base.json
not at valid file /Users/jan/PychronDev/data/.dvc/repositories/Load1792/655/tags/91-03.tags.json
add to repo msg=modified - 91-03.peak.json
add to repo msg=modified - 91-03.extr.json
not at valid file /Users/jan/PychronDev/data/.dvc/repositories/Load1792/655/monitor/91-03.moni.json
commit message=<COLLECTION>
add to repo msg=modified - 91-03.inte.json
add to repo msg=modified - 91-03.base.json
commit message=<ISOEVO> default collection fits
add to repo msg=modified - 91-03.blan.json
commit message=<BLANKS> preceding ba-01-J-2326
add to repo msg=modified - 91-03.icfa.json
commit message=<ICFactor> default
push repository <pychron.git_archive.repo_manager.GitRepoManager object at 0x189a63f50>
pushing to remote=origin, url=https://github.com
no changes to meta repo
create new session 4992585168
add association Load1792
get identifier "65591"
setting analysis irradiation position=<pychron.dvc.dvc_orm.IrradiationPositionTbl object at 0x18b2671d0>
close session 4992585168
================= post measurement finished
06:28:09 -- ******* Post Run Check *******
loading queue conditionals post_run_actions
loading system conditionals post_run_actions
loading conditionals from /Users/jan/PychronDev/setupfiles/spectrometer/default_conditionals.yaml
loading queue conditionals post_run_terminations
loading system conditionals post_run_terminations
loading conditionals from /Users/jan/PychronDev/setupfiles/spectrometer/default_conditionals.yaml
Checking default post run terminations n=1
GetDeflection CDD ===>> 50
testing CDD==2000
evaluate ot="CDD.deflection==2000" t="CDD==2000", ctx="{'CDD': 50.0}"
06:28:09 -- ******* Post Run Check Passed *******
06:28:09 -- Automated run 65591-03 success duration: 369.894 s
----------------- finish -----------------
----------------- stop -----------------
retroactive repository identifiers disabled
finish run. runs completed=143
update duration runid=65591-03, duration=369.894346952, md5=301e91d8
loading script "jan_unknown120_60.py"
loading script "jan_pump_ms.py"
loading script "jan_co2.py"
loading script "jan_pump_extraction_line.py"
testing...
no interpolation path defined
executed snippet estimated_duration=213.652928, duration=0.000245094299316
script duration name:unknown120_60 seconds:214.0
loading script "jan_unknown120_60.py"
loading script "jan_pump_ms.py"
loading script "jan_co2.py"
loading script "jan_pump_extraction_line.py"
testing...
no interpolation path defined
executed snippet estimated_duration=0, duration=2.59876251221e-05
loading script "jan_unknown120_60.py"
loading script "jan_pump_ms.py"
loading script "jan_co2.py"
loading script "jan_pump_extraction_line.py"
testing...
no interpolation path defined
calculate duration
testing...
no interpolation path defined
executed snippet estimated_duration=0, duration=4.91142272949e-05
calculate duration
testing...
no interpolation path defined
executed snippet estimated_duration=0, duration=0.000107049942017
executed snippet estimated_duration=0.0, duration=0.00301384925842
script duration name:co2 seconds:0.0
loading script "jan_unknown120_60.py"
loading script "jan_pump_ms.py"
loading script "jan_co2.py"
loading script "jan_pump_extraction_line.py"
testing...
no interpolation path defined
calculate duration
testing...
no interpolation path defined
executed snippet estimated_duration=4.0, duration=0.000288963317871
executed snippet estimated_duration=4.0, duration=0.00190901756287
Script duration 214.0
Run total estimated duration= 215.000
unknown120_60 in script context. using previous estimated duration
script duration name:unknown120_60 seconds:214.0
pump_ms in script context. using previous estimated duration
co2 in script context. using previous estimated duration
script duration name:co2 seconds:0.0
pump_extraction_line in script context. using previous estimated duration
Script duration 214.0
Run total estimated duration= 215.000
script duration name:unknown120_60 seconds:214.0
script duration name:co2 seconds:0.0
Script duration 214.0
Run total estimated duration= 215.000
script duration name:unknown120_60 seconds:214.0
script duration name:co2 seconds:0.0
Script duration 214.0
Run total estimated duration= 215.000
script duration name:unknown120_60 seconds:214.0
script duration name:co2 seconds:0.0
Script duration 214.0
Run total estimated duration= 215.000
script duration name:unknown120_60 seconds:214.0
script duration name:co2 seconds:0.0
Script duration 214.0
Run total estimated duration= 215.000
script duration name:unknown120_60 seconds:214.0
script duration name:co2 seconds:0.0
Script duration 214.0
Run total estimated duration= 215.000
script duration name:unknown120_60 seconds:214.0
script duration name:co2 seconds:0.0
Script duration 214.0
Run total estimated duration= 215.000
script duration name:unknown120_60 seconds:214.0
script duration name:co2 seconds:0.0
Script duration 214.0
Run total estimated duration= 215.000
loading script "jan_unknown400_120.py"
loading script "jan_pump_ms.py"
loading script "jan_co2.py"
loading script "jan_pump_extraction_line.py"
testing...
no interpolation path defined
executed snippet estimated_duration=556.052928, duration=0.000194072723389
script duration name:unknown400_120 seconds:556.0
script duration name:co2 seconds:0.0
Script duration 556.0
Run total estimated duration= 557.000
unknown400_120 in script context. using previous estimated duration
script duration name:unknown400_120 seconds:556.0
loading script "jan_unknown400_120.py"
loading script "jan_pump_ms.py"
loading script "jan_cocktail_x1.py"
loading script "jan_pump_extraction_line.py"
testing...
no interpolation path defined
calculate duration
testing...
no interpolation path defined
executed snippet estimated_duration=0, duration=4.79221343994e-05
calculate duration
testing...
no interpolation path defined
executed snippet estimated_duration=0, duration=9.67979431152e-05
calculate duration
testing...
no interpolation path defined
executed snippet estimated_duration=32.0, duration=0.000117063522339
calculate duration
testing...
no interpolation path defined
executed snippet estimated_duration=34.0, duration=0.000112056732178
calculate duration
testing...
no interpolation path defined
executed snippet estimated_duration=4.0, duration=6.103515625e-05
calculate duration
testing...
no interpolation path defined
executed snippet estimated_duration=38.0, duration=9.32216644287e-05
executed snippet estimated_duration=108.0, duration=0.00815796852112
script duration name:cocktail_x1 seconds:108.0
Script duration 664.0
Run total estimated duration= 665.000
script duration name:unknown400_120 seconds:556.0
loading script "jan_unknown400_120.py"
loading script "jan_pump_ms.py"
loading script "jan_sniffair_x2.py"
loading script "jan_pump_extraction_line.py"
testing...
no interpolation path defined
calculate duration
testing...
no interpolation path defined
executed snippet estimated_duration=0, duration=4.79221343994e-05
calculate duration
testing...
no interpolation path defined
executed snippet estimated_duration=0, duration=0.000102043151855
calculate duration
testing...
no interpolation path defined
executed snippet estimated_duration=32.0, duration=9.08374786377e-05
calculate duration
testing...
no interpolation path defined
executed snippet estimated_duration=34.0, duration=0.000147104263306
calculate duration
testing...
no interpolation path defined
executed snippet estimated_duration=4.0, duration=8.10623168945e-05
calculate duration
testing...
no interpolation path defined
executed snippet estimated_duration=36.0, duration=0.000102996826172
calculate duration
testing...
no interpolation path defined
executed snippet estimated_duration=34.0, duration=0.000101089477539
calculate duration
testing...
no interpolation path defined
executed snippet estimated_duration=4.0, duration=7.00950622559e-05
calculate duration
testing...
no interpolation path defined
executed snippet estimated_duration=36.0, duration=0.000109910964966
calculate duration
testing...
no interpolation path defined
executed snippet estimated_duration=70.0, duration=0.000107049942017
executed snippet estimated_duration=250.0, duration=0.0271019935608
script duration name:sniffair_x2 seconds:250.0
Script duration 806.0
Run total estimated duration= 807.000
script duration name:unknown400_120 seconds:556.0
sniffair_x2 in script context. using previous estimated duration
script duration name:sniffair_x2 seconds:250.0
Script duration 806.0
Run total estimated duration= 807.000
script duration name:unknown400_120 seconds:556.0
cocktail_x1 in script context. using previous estimated duration
script duration name:cocktail_x1 seconds:108.0
Script duration 664.0
Run total estimated duration= 665.000
loading script "jan_ic_peak_hop3.py"
loading script "jan_pump_ms.py"
loading script "jan_air_x1.py"
loading script "jan_pump_extraction_line.py"
testing...
no interpolation path defined
executed snippet estimated_duration=133.8, duration=0.00682592391968
script duration name:ic_peak_hop3 seconds:134.0
loading script "jan_ic_peak_hop3.py"
loading script "jan_pump_ms.py"
loading script "jan_air_x1.py"
loading script "jan_pump_extraction_line.py"
testing...
no interpolation path defined
calculate duration
testing...
no interpolation path defined
executed snippet estimated_duration=0, duration=4.19616699219e-05
calculate duration
testing...
no interpolation path defined
executed snippet estimated_duration=0, duration=0.000123977661133
calculate duration
testing...
no interpolation path defined
executed snippet estimated_duration=32.0, duration=9.41753387451e-05
calculate duration
testing...
no interpolation path defined
executed snippet estimated_duration=34.0, duration=0.000103950500488
calculate duration
testing...
no interpolation path defined
executed snippet estimated_duration=4.0, duration=6.98566436768e-05
calculate duration
testing...
no interpolation path defined
executed snippet estimated_duration=36.0, duration=9.10758972168e-05
executed snippet estimated_duration=106.0, duration=0.0246510505676
script duration name:air_x1 seconds:106.0
Script duration 240.0
Run total estimated duration= 241.000
nruns=15 before=5.0, run_dur=5677.0, btw=630.0
write rem/ex queues
/Users/jan/PychronDev/experiments/rem/CurrentExperiment.rem.txt
/Users/jan/PychronDev/experiments/rem/CurrentExperiment.ex.txt
doing event level: 3
