do run
loading script "jan_unknown120_60.py"
loading script "jan_pump_ms.py"
loading script "jan_co2.py"
loading script "jan_pump_extraction_line.py"
testing...
no interpolation path defined
executed snippet estimated_duration=213.652928, duration=0.000202894210815
script duration name:unknown120_60 seconds:214.0
loading script "jan_unknown120_60.py"
loading script "jan_pump_ms.py"
loading script "jan_co2.py"
loading script "jan_pump_extraction_line.py"
testing...
no interpolation path defined
executed snippet estimated_duration=0, duration=1.8835067749e-05
loading script "jan_unknown120_60.py"
loading script "jan_pump_ms.py"
loading script "jan_co2.py"
loading script "jan_pump_extraction_line.py"
testing...
no interpolation path defined
calculate duration
testing...
no interpolation path defined
executed snippet estimated_duration=0, duration=6.29425048828e-05
calculate duration
testing...
no interpolation path defined
executed snippet estimated_duration=0, duration=7.10487365723e-05
executed snippet estimated_duration=0.0, duration=0.00208401679993
script duration name:co2 seconds:0.0
loading script "jan_unknown120_60.py"
loading script "jan_pump_ms.py"
loading script "jan_co2.py"
loading script "jan_pump_extraction_line.py"
testing...
no interpolation path defined
calculate duration
testing...
no interpolation path defined
executed snippet estimated_duration=4.0, duration=0.000111103057861
executed snippet estimated_duration=4.0, duration=0.00113201141357
Script duration 214.0
Run total estimated duration= 215.000
run duration: 0:03:35
doing event level: 2
06:43:07 -- Setting default integration. t=1.048576
setting integration time = 1.048576
SetIntegrationTime 1.048576 ===>> OK
----------------- start -----------------
**************** Experiment Type: Ar/Ar, Ar/Ar
create new session 4419438256
close session 4419438256
$$$$$ Clearing conditionals
adding conditionals 
Add queue conditionals
add default conditionals
adding default conditionals from /Users/jan/PychronDev/setupfiles/spectrometer/default_conditionals.yaml
Start automated run 65591-06
loading script "jan_unknown120_60.py"
loading script "jan_pump_ms.py"
loading script "jan_co2.py"
loading script "jan_pump_extraction_line.py"
%%%%%%%%%%%%%%%%%% setting automated run 65591-06
No value "sensitivity_multiplier" in metadata
$$$$$$$$$$$$$$$ auto_save_detector_ic=False
============================= Pre Extraction Check =============================
loading queue conditionals pre_run_terminations
loading system conditionals pre_run_terminations
loading conditionals from /Users/jan/PychronDev/setupfiles/spectrometer/default_conditionals.yaml
06:43:07 -- ******* Pre Extraction Check *******
Get a measurement from the spectrometer
GetData ===>> H2,-0.360417899517677,H1,-0.0771746159205165,AX,-0.036952665995092,L1,0.0166429917343076,L2,-0.00...
Pre Extraction Termination data. keys=H2,H1,AX,L1,L2,CDD, signals=-0.36042,-0.07717,-0.03695,0.01664,-0.00275,0.00342
06:43:07 -- testing system defined conditionals
Checking default pre extraction terminations n=2
testing CDD
evaluate ot="CDD.inactive" t="CDD", ctx="{'CDD': False}"
GetDeflection CDD ===>> 50
testing CDD==2000
evaluate ot="CDD.deflection==2000" t="CDD==2000", ctx="{'CDD': 50.0}"
06:43:07 -- ******* Pre Extraction Check Passed *******
=================================================================================
06:43:07 -- stopping status monitor
stop 5025639504
Status monitor stopped
Status monitor finished
06:43:09 -- starting status monitor
start 5025639504
StatusMonitor period=1. Frequencies(state=2, checksum=3, lock=5, owner=5)
start extraction
do extraction
Analysis started at 06:43:10.709513
Extraction Started jan_co2.py
06:43:10 -- ******* Extraction Started jan_co2.py *******
state changed from not run to extraction
DO EXTRACTION <pychron.extraction_line.pyscript_runner.RemotePyScriptRunner object at 0x12bfe48f0>
testing...
no interpolation path defined
calculate duration
testing...
no interpolation path defined
executed snippet estimated_duration=0, duration=4.79221343994e-05
calculate duration
testing...
no interpolation path defined
executed snippet estimated_duration=0, duration=9.20295715332e-05
executed snippet estimated_duration=100.0, duration=0.00279307365417
Jan CO2 laser analysis
doing GOSUB
testing...
no interpolation path defined
executed snippet estimated_duration=0, duration=4.48226928711e-05
Waiting for CO2 access
wait ('FelixCO2Flag', 0) {}
waiting for FelixCO2Flag = 0
Read FelixCO2Flag ===>> 0
finished waiting
CO2 free
wait ('CO2PumpTimeFlag', 0) {}
waiting for CO2PumpTimeFlag = 0
Read CO2PumpTimeFlag ===>> 0
finished waiting
acquire ('JanCO2Flag',) {'clear': True}
acquire JanCO2Flag
Set JanCO2Flag 1 ===>> OK
JanCO2Flag acquired
set extraction state False (0.75, 'red', 1.5)
CO2 acquired
executed snippet estimated_duration=0, duration=0.0170199871063
WaitForCO2Access.py completed successfully
gosub finished
doing GOSUB
testing...
no interpolation path defined
executed snippet estimated_duration=0, duration=7.60555267334e-05
Prepare for CO2 analysis
close () {'description': 'Jan Inlet'}
closing name=--- desc=Jan Inlet
checking ownership. requestor=129.138.12.150
check software interlocks R
interlocks []
actuate state mode=None-script, software_lock=False
doing actuation None-script close_channel False
Close R ===>> OK
GetIndicatorState R ===>> False
change switch state (True, True)
update switch state R False args=() kw={} ncanvase=3
06:43:11 -- CLOSE  VALVE-R (Jan Inlet)
---------------------------------------- close None (Jan Inlet) result=[(True, True)]
action=close, ok=True, locked=[False]
open () {'description': 'Jan Ion Pump'}
opening name=--- desc=Jan Ion Pump
checking ownership. requestor=129.138.12.150
check software interlocks O
interlocks []
actuate state mode=None-script, software_lock=False
doing actuation None-script open_channel False
Open O ===>> OK
GetIndicatorState O ===>> OK
change switch state (True, True)
update switch state O True args=() kw={} ncanvase=3
06:43:11 -- OPEN   VALVE-O (Jan Ion Pump)
---------------------------------------- open None (Jan Ion Pump) result=[(True, True)], time=0.10 sec
action=open, ok=True, locked=[False]
close () {'description': 'Microbone to Minibone'}
closing name=--- desc=Microbone to Minibone
checking ownership. requestor=129.138.12.150
check software interlocks L
interlocks []
actuate state mode=None-script, software_lock=False
doing actuation None-script close_channel False
Close L ===>> OK
GetIndicatorState L ===>> False
change switch state (True, True)
update switch state L False args=() kw={} ncanvase=3
06:43:12 -- CLOSE  VALVE-L (Microbone to Minibone)
---------------------------------------- close None (Microbone to Minibone) result=[(True, True)]
action=close, ok=True, locked=[False]
open () {'description': 'Microbone to Turbo'}
opening name=--- desc=Microbone to Turbo
checking ownership. requestor=129.138.12.150
check software interlocks U
interlocks []
actuate state mode=None-script, software_lock=False
doing actuation None-script open_channel False
Open U ===>> OK
GetIndicatorState U ===>> OK
change switch state (True, True)
update switch state U True args=() kw={} ncanvase=3
06:43:12 -- OPEN   VALVE-U (Microbone to Turbo)
---------------------------------------- open None (Microbone to Turbo) result=[(True, True)], time=0.13 sec
action=open, ok=True, locked=[False]
open () {'description': 'Microbone to Inlet Pipette'}
opening name=--- desc=Microbone to Inlet Pipette
checking ownership. requestor=129.138.12.150
check software interlocks S
interlocks []
actuate state mode=None-script, software_lock=False
doing actuation None-script open_channel False
Open S ===>> OK
GetIndicatorState S ===>> OK
change switch state (True, True)
update switch state S True args=() kw={} ncanvase=3
06:43:13 -- OPEN   VALVE-S (Microbone to Inlet Pipette)
---------------------------------------- open None (Microbone to Inlet Pipette) result=[(True, True)], time=0.41 sec
action=open, ok=True, locked=[False]
open () {'description': 'Microbone to Getter D-50'}
opening name=--- desc=Microbone to Getter D-50
checking ownership. requestor=129.138.12.150
check software interlocks K
interlocks []
actuate state mode=None-script, software_lock=False
doing actuation None-script open_channel False
Open K ===>> OK
GetIndicatorState K ===>> OK
change switch state (True, True)
update switch state K True args=() kw={} ncanvase=3
06:43:13 -- OPEN   VALVE-K (Microbone to Getter D-50)
---------------------------------------- open None (Microbone to Getter D-50) result=[(True, True)], time=0.41 sec
action=open, ok=True, locked=[False]
open () {'description': 'Microbone to Getter NP-10'}
opening name=--- desc=Microbone to Getter NP-10
checking ownership. requestor=129.138.12.150
check software interlocks M
interlocks []
actuate state mode=None-script, software_lock=False
doing actuation None-script open_channel False
Open M ===>> OK
GetIndicatorState M ===>> OK
change switch state (True, True)
update switch state M True args=() kw={} ncanvase=3
06:43:14 -- OPEN   VALVE-M (Microbone to Getter NP-10)
---------------------------------------- open None (Microbone to Getter NP-10) result=[(True, True)], time=0.19 sec
action=open, ok=True, locked=[False]
close () {'description': 'CO2 Laser to Felix'}
closing name=--- desc=CO2 Laser to Felix
checking ownership. requestor=129.138.12.150
check software interlocks F
interlocks []
actuate state mode=None-script, software_lock=True
VALVE-F(CO2 Laser to Felix) software locked
change switch state (True, False)
---------------------------------------- close None (CO2 Laser to Felix) result=[(True, False)]
action=close, ok=True, locked=[True]
open () {'description': 'CO2 Laser to Jan'}
opening name=--- desc=CO2 Laser to Jan
checking ownership. requestor=129.138.12.150
check software interlocks A
interlocks []
actuate state mode=None-script, software_lock=False
doing actuation None-script open_channel False
Open A ===>> OK
GetIndicatorState A ===>> OK
change switch state (True, True)
update switch state A True args=() kw={} ncanvase=3
06:43:14 -- OPEN   VALVE-A (CO2 Laser to Jan)
---------------------------------------- open None (CO2 Laser to Jan) result=[(True, True)], time=0.13 sec
action=open, ok=True, locked=[False]
open () {'description': 'Microbone to CO2 Laser'}
opening name=--- desc=Microbone to CO2 Laser
checking ownership. requestor=129.138.12.150
check software interlocks T
interlocks []
actuate state mode=None-script, software_lock=False
doing actuation None-script open_channel False
Open T ===>> OK
GetIndicatorState T ===>> OK
change switch state (True, True)
update switch state T True args=() kw={} ncanvase=3
06:43:15 -- OPEN   VALVE-T (Microbone to CO2 Laser)
---------------------------------------- open None (Microbone to CO2 Laser) result=[(True, True)], time=0.41 sec
action=open, ok=True, locked=[False]
executed snippet estimated_duration=0, duration=4.93231415749
PrepareForCO2Analysis.py completed successfully
gosub finished
set_motor ('beam', '1.25') {}
setting motor "beam" to 1.25
set motor beam to 1.25
SetMotor beam,1.25 ===>> OK
GetMotorMoving beam ===>> False
GetMotorMoving beam ===>> False
Block completed
move_to_position ('202',) {'autocenter': True}
FusionsCO2 move to position 202
sending GoToHole 202,True
GoToHole 202,True ===>> OK
GetDriveMoving ===>> OK
GetDriveMoving ===>> OK
GetDriveMoving ===>> OK
GetDriveMoving ===>> OK
GetDriveMoving ===>> OK
GetDriveMoving ===>> OK
GetDriveMoving ===>> False
GetDriveMoving ===>> False
Block completed
GetAutoCorrecting ===>> OK
GetAutoCorrecting ===>> OK
GetAutoCorrecting ===>> False
GetAutoCorrecting ===>> False
Block completed
update position
GetPosition ===>> 0.00000,-11.96340,1.00000
got position (0.0, -11.9634, 1.0)
move to position succeeded
sleep (5,) {}
SLEEP 5.0
block started
WaitControl setup for 5.0  
Join finished
block finished. duration 5.01959109306
close () {'description': 'Microbone to Turbo'}
closing name=--- desc=Microbone to Turbo
checking ownership. requestor=129.138.12.150
check software interlocks U
interlocks []
actuate state mode=None-script, software_lock=False
doing actuation None-script close_channel True
Close U ===>> OK
GetIndicatorState U ===>> False
change switch state (True, True)
update switch state U False args=() kw={} ncanvase=3
06:43:26 -- CLOSE  VALVE-U (Microbone to Turbo)
---------------------------------------- close None (Microbone to Turbo) result=[(True, True)]
action=close, ok=True, locked=[False]
enable laser
enable () {}
set extraction state FusionsCO2 Enabled (False, 'red', 1.5)
enabling laser
Enable ===>> OK
begin interval
BEGIN INTERVAL Interval 1 waiting for 30.0
block started
set extract to 0.35
WaitControl setup for 30.0  
extract (0.35,) {}
GetPosition ===>> 0.00000,-11.96340,1.00000
set extraction state FusionsCO2 ON! 0.35(watts) (0.75, 'red', 1.5)
extract sample to 0.35 (watts)
set laser output
SetLaserOutput 0.35,watts ===>> OK
executing pattern triangle.lp
execute_pattern ('triangle.lp',) {}
executing pattern triangle.lp
IsPatterning ===>> OK
IsPatterning ===>> OK
IsPatterning ===>> OK
IsPatterning ===>> OK
IsPatterning ===>> OK
IsPatterning ===>> OK
IsPatterning ===>> OK
IsPatterning ===>> OK
IsPatterning ===>> OK
IsPatterning ===>> OK
IsPatterning ===>> OK
IsPatterning ===>> OK
IsPatterning ===>> OK
IsPatterning ===>> OK
IsPatterning ===>> OK
IsPatterning ===>> OK
IsPatterning ===>> OK
IsPatterning ===>> OK
IsPatterning ===>> OK
IsPatterning ===>> OK
IsPatterning ===>> OK
IsPatterning ===>> OK
IsPatterning ===>> OK
IsPatterning ===>> OK
IsPatterning ===>> OK
IsPatterning ===>> OK
IsPatterning ===>> OK
IsPatterning ===>> OK
IsPatterning ===>> False
Join finished
block finished. duration 30.1638169289
Interval 1 finished
IsPatterning ===>> False
Block completed
COMPLETE INTERVAL waiting for Interval 1 to complete
end_extract () {}
ending extraction. set laser power to 0
set laser power 0
SetLaserPower 0 ===>> OK
disable () {}
%%%%%%%%%%%%%%%%%%%%%%%%%%%%%%%%%%% disable
set extraction state False (0.75, 'red', 1.5)
disabling laser
Disable ===>> OK
sleep (30.0,) {}
SLEEP 30.0
block started
WaitControl setup for 30.0  
Join finished
block finished. duration 30.1341400146
executed snippet estimated_duration=165.0, duration=77.839163065
jan_co2.py completed successfully
GetAchievedOutput ===>> No Response
Requested Output= 0.000
Achieved Output=  0.000
GetResponseBlob ===>> No Response
GetOutputBlob ===>> No Response
persistence save...
persistence save - db
AutomatedRunPersister post_extraction_save deprecated
persistence save - dvc
no extraction position for 202
create new session 4992585168
close session 4992585168
Extraction Finished
06:44:28 -- ******* Extraction Finished *******
no overlap. not waiting for min ms pumptime
06:44:28 -- Sending spectrometer configuration
======== Sending configuration ========
SetDeflection CDD,50.0 ===>> OK
SetDeflection H2,0.0 ===>> OK
SetDeflection H1,0.0 ===>> OK
SetDeflection L2,825.0 ===>> OK
SetDeflection L1,400.0 ===>> OK
SetDeflection AX,190.0 ===>> OK
SetZFocus 74.64 ===>> OK
SetZSymmetry -50.72 ===>> OK
SetExtractionLens 26.13 ===>> OK
SetIonRepeller -3.81 ===>> OK
SetElectronEnergy 75.08 ===>> OK
SetYSymmetry -2.81 ===>> OK
SetIonCounterVoltage 1590.0 ===>> OK
send trap current 200.0
GetParameter Trap Current Readback ===>> 198.258926936459
SetParameter Trap Current Set,200.0 ===>> OK
updating mftable name mftable
Using mftable located at /Users/jan/PychronDev/setupfiles/spectrometer/mftables/mftable.csv
============ MFtable ===========
Isotope  H2     H1     AX     L1     L2     CDD    
Ar40     5.8221 5.8811 5.9945 6.1620 6.2328 6.3903
Ar39     5.7214 5.7734 5.8869 6.0481 6.1179 6.2768
Ar36     5.3989 5.4424 5.5503 5.7070 5.7729 5.9279
================================
get initial guess parabolic
get initial guess parabolic
get initial guess parabolic
get initial guess parabolic
get initial guess parabolic
get initial guess parabolic
======== Configuration Finished ========
GetYSymmetry ===>> -2.81
GetZSymmetry ===>> -50.72
GetParameter Trap Current Readback ===>> 197.475737044497
GetHighVoltage ===>> 4499.94659342336
start measurement
do measurement
L#=65591 analysis type=unknown
Measurement Started jan_unknown120_60.py
06:44:28 -- ******* Measurement Started jan_unknown120_60.py *******
state changed from extraction to measurement
setting spec, defl, and gains
GetExtractionLens ===>> 26.13
GetYSymmetry ===>> -2.81
GetZSymmetry ===>> -50.72
GetZFocus ===>> 74.64
GetDeflection H2 ===>> 0
GetDeflection H1 ===>> 0
GetDeflection AX ===>> 190
GetDeflection L1 ===>> 400
GetDeflection L2 ===>> 825
GetDeflection CDD ===>> 50
GetGain H2 ===>> 0.0113
GetGain H1 ===>> 0.1
GetGain AX ===>> 0.097049
GetGain L1 ===>> 0.010355
GetGain L2 ===>> 0.095649
GetGain CDD ===>> 0
pre measurement save
New frame /Users/jan/PychronDev/data/isotopes/2a/a3b97a-8133-439d-942a-c7ce53e2111b.h5
flush and close file /Users/jan/PychronDev/data/isotopes/2a/a3b97a-8133-439d-942a-c7ce53e2111b.h5
testing...
no interpolation path defined
executed snippet estimated_duration=226.132928, duration=0.000158071517944
unknown measurement script
activate_detectors ('H2', 'H1', 'AX', 'L1', 'L2', 'CDD') {}
activate detectors
*************** Set Analysis View Ar/Ar
create graphs
clearing graphs
clear isotope group
setting isotope det=H2, iso=PM41
setting isotope det=H1, iso=Ar40
setting isotope det=AX, iso=Ar39
setting isotope det=L1, iso=Ar38
setting isotope det=L2, iso=Ar37
setting isotope det=CDD, iso=Ar36
setting previous blanks
 - setting Ar40 blank 0.073+/-0.007
 - setting Ar36 blank 0.00397+/-0.00016
 - setting Ar37 blank 0.050+/-0.005
 - setting Ar38 blank 0.0099+/-0.0022
 - setting PM41 blank 0.04+/-0.06
 - setting Ar39 blank 0.032+/-0.008
load analysis view
position_magnet ('Ar40',) {'detector': 'H1'}
detector Detector(H1)
POSITION Ar40 H1
setting detector H2 to PM41 (40.9624)
setting detector H1 to Ar40 (39.9624)
setting detector AX to Ar39 (38.9624)
setting detector L1 to Ar38 (37.9624)
setting detector L2 to Ar37 (36.9624)
setting detector CDD to Ar36 (35.9624)
Mapping mass to dac mass func: "parabolic"
H1 map mass coeffs = [-0.00063987  0.15840543  0.57274999]
H1 map mass to dac 39.9624 >> 5.88114
GetDeflection H1 ===>> 0
GetHighVoltage ===>> 4499.94659342336
positioning Ar40 (5.88110536652) on H1
setting magnet DAC
current  : 5.881105
requested: 5.881105
Delta Dac: 0.000000
Checking detector protection. dv=0.00000
Checking detector "CDD". Protection Threshold: 0.1 (V)
SetMagnetDAC 5.88110536652 ===>> OK
Magnet settling time: 0.500
update labels <pychron.experiment.plot_panel.PlotPanel object at 0x1558e2ad0>
update labels "<pychron.graph.stacked_regression_graph.StackedRegressionGraph object at 0x19c1a3d70>"
setting label 0 H2 PM41
setting label 1 H1 Ar40
setting label 2 AX Ar39
setting label 3 L1 Ar38
setting label 4 L2 Ar37
setting label 5 CDD Ar36
update labels "<pychron.graph.stacked_graph.StackedGraph object at 0x1711f0e90>"
setting label 0 H2 PM41
setting label 1 H1 Ar40
setting label 2 AX Ar39
setting label 3 L1 Ar38
setting label 4 L2 Ar37
equilibrate () {'delay': 3, 'inlet': 'R', 'outlet': 'O', 'eqtime': 12.0}
setting label 5 CDD Ar36
Equilibration Started
06:44:30 -- ******* Equilibration Started *******
checking ownership. requestor=129.138.12.150
check software interlocks O
interlocks []
actuate state mode=None-script, software_lock=False
doing actuation None-script close_channel True
Close O ===>> OK
GetIndicatorState O ===>> False
change switch state (True, True)
update switch state O False args=() kw={} ncanvase=3
06:44:30 -- CLOSE  VALVE-O (Jan Ion Pump)
waiting 3s before opening inlet value ('R',)
checking ownership. requestor=129.138.12.150
check software interlocks R
interlocks []
actuate state mode=None-script, software_lock=False
doing actuation None-script open_channel True
Open R ===>> OK
GetIndicatorState R ===>> OK
change switch state (True, True)
update switch state R True args=() kw={} ncanvase=3
06:44:33 -- OPEN   VALVE-R (Jan Inlet)
set_time_zero () {}
equilibrating for 12.0sec
sniff (12.0,) {}
py_sniff
build tables- sniff [Detector(H2), Detector(H1), Detector(AX), Detector(L1), Detector(L2), Detector(CDD)]
add group /sniff/PM41 (Group) '' table H2
add group /sniff/Ar40 (Group) '' table H1
add group /sniff/Ar39 (Group) '' table AX
add group /sniff/Ar38 (Group) '' table L1
add group /sniff/Ar37 (Group) '' table L2
add group /sniff/Ar36 (Group) '' table CDD
flush and close file /Users/jan/PychronDev/data/isotopes/2a/a3b97a-8133-439d-942a-c7ce53e2111b.h5
measuring sniff. ncounts=12.0
"sniff" increment series count="1" fit count="0" regressing="False"
starting measurement
check iteration duration=2.09808349609e-05
GetData ===>> H2,0.0336896291816487,H1,6.84429611194972,AX,2.07494285293063,L1,-0.0101949938773046,L2,0.0242800...
check iteration duration=4.19616699219e-05
GetData ===>> H2,1.04550789657885,H1,85.2970774453733,AX,23.1246240097337,L1,0.294156007421968,L2,0.40716827963...
check iteration duration=4.19616699219e-05
GetData ===>> H2,0.609481372934462,H1,133.133651157181,AX,33.8878122521037,L1,0.494046093893389,L2,0.3392398522...
check iteration duration=5.50746917725e-05
GetData ===>> H2,0.122132872063372,H1,148.461168768313,AX,36.9601015443119,L1,0.513831432797607,L2,0.2652905512...
check iteration duration=1.69277191162e-05
GetData ===>> H2,0.131425689621021,H1,154.123580813559,AX,37.9087115803025,L1,0.58448891739989,L2,0.28466248840...
check iteration duration=5.29289245605e-05
GetData ===>> H2,0.230576784362203,H1,156.184598379084,AX,38.303657386632,L1,0.594092994672735,L2,0.21643410988...
check iteration duration=4.19616699219e-05
GetData ===>> H2,0.336177008679203,H1,157.06053943315,AX,38.4752773441571,L1,0.551926339724133,L2,0.22055413493...
check iteration duration=4.29153442383e-05
GetData ===>> H2,0.154416621424806,H1,157.580239185673,AX,38.4820292884848,L1,0.542586940022175,L2,0.2543199104...
check iteration duration=4.41074371338e-05
GetData ===>> H2,0.0248968166499228,H1,157.602565841108,AX,38.4593437502383,L1,0.566485084029612,L2,0.142668879...
check iteration duration=4.29153442383e-05
GetData ===>> H2,-0.0254839541432646,H1,157.833766916658,AX,38.761407592047,L1,0.560811070895445,L2,0.291200545...
check iteration duration=4.29153442383e-05
GetData ===>> H2,0.0725931852789482,H1,157.715407327505,AX,38.7284407355503,L1,0.556181038380793,L2,0.224411825...
check iteration duration=2.78949737549e-05
Equilibration Finished
GetData ===>> H2,0.0717788283376683,H1,157.592159183181,AX,38.6665086757543,L1,0.55225802001336,L2,0.2372414785...
06:44:45 -- ******* Equilibration Finished *******
checking ownership. requestor=129.138.12.150
check software interlocks R
interlocks []
actuate state mode=None-script, software_lock=False
doing actuation None-script close_channel True
Close R ===>> OK
State checksums do not match. Local:-1449001502 Remote:-598318598
State checksum failed
GetIndicatorState R ===>> False
change switch state (True, True)
update switch state R False args=() kw={} ncanvase=3
06:44:46 -- CLOSE  VALVE-R (Jan Inlet)
Post Equilibration Started jan_pump_extraction_line.py
06:44:46 -- ******* Post Equilibration Started jan_pump_extraction_line.py *******
testing...
no interpolation path defined
calculate duration
testing...
no interpolation path defined
executed snippet estimated_duration=4.0, duration=0.000127077102661
executed snippet estimated_duration=4.0, duration=0.00468897819519
Pump after analysis
doing GOSUB
testing...
no interpolation path defined
executed snippet estimated_duration=4.0, duration=0.000104904174805
Pump Microbone
close () {'description': 'Jan Inlet'}
closing name=--- desc=Jan Inlet
checking ownership. requestor=129.138.12.150
check software interlocks R
interlocks []
actuate state mode=None-script, software_lock=False
doing actuation None-script close_channel False
check iteration duration=1.50203704834e-05
waiting for write to finish
measurement finished
estimated time: 12.583 actual time: :12.685
flush and close file /Users/jan/PychronDev/data/isotopes/2a/a3b97a-8133-439d-942a-c7ce53e2111b.h5
set_fits () {}
using default fits file=/Users/jan/PychronDev/scripts/measurement/fits/nominal_linear.yaml
set "Ar40" to "('Linear', 'SEM')"
No fit for "PM41". defaulting to linear. check the measurement script "jan_unknown120_60.py"
set "PM41" to "linear"
set "Ar36" to "('Linear', 'SEM')"
set "Ar37" to "('linear', 'SEM')"
set "Ar38" to "('linear', 'SEM')"
set "Ar39" to "('Linear', 'SEM')"
set_baseline_fits () {}
Close R ===>> OK
using default fits file=/Users/jan/PychronDev/scripts/measurement/fits/nominal_linear.yaml
set "H1" to "('average', 'SEM')"
set "H2" to "('average', 'SEM')"
set "CDD" to "('average', 'SEM')"
set "L2" to "('average', 'SEM')"
set "L1" to "('average', 'SEM')"
set "AX" to "('average', 'SEM')"
multicollect () {'integration_time': 1, 'ncounts': 120}
build tables- signal [Detector(H2), Detector(H1), Detector(AX), Detector(L1), Detector(L2), Detector(CDD)]
add group /signal/PM41 (Group) '' table H2
add group /signal/Ar40 (Group) '' table H1
add group /signal/Ar39 (Group) '' table AX
add group /signal/Ar38 (Group) '' table L1
add group /signal/Ar37 (Group) '' table L2
add group /signal/Ar36 (Group) '' table CDD
flush and close file /Users/jan/PychronDev/data/isotopes/2a/a3b97a-8133-439d-942a-c7ce53e2111b.h5
measuring signal. ncounts=120
GetIndicatorState R ===>> False
change switch state (True, True)
update switch state R False args=() kw={} ncanvase=3
06:44:46 -- CLOSE  VALVE-R (Jan Inlet)
---------------------------------------- close None (Jan Inlet) result=[(True, True)]
"signal" increment series count="2" fit count="1" regressing="True"
action=close, ok=True, locked=[False]
is_closed ('F',) {}
is F () closed?
is closed True
open () {'description': 'CO2 Laser to Jan'}
opening name=--- desc=CO2 Laser to Jan
checking ownership. requestor=129.138.12.150
check software interlocks A
interlocks []
actuate state mode=None-script, software_lock=False
doing actuation None-script open_channel False
Open A ===>> OK
GetIndicatorState A ===>> OK
change switch state (True, True)
update switch state A True args=() kw={} ncanvase=3
06:44:47 -- OPEN   VALVE-A (CO2 Laser to Jan)
---------------------------------------- open None (CO2 Laser to Jan) result=[(True, True)], time=0.12 sec
starting measurement
check iteration duration=6.19888305664e-05
GetData ===>> H2,-0.0606618859666276,H1,157.782239875517,AX,38.5098330806608,L1,0.577012623923183,L2,0.32274466...
action=open, ok=True, locked=[False]
sleep (1,) {}
SLEEP 1.0
check iteration duration=9.10758972168e-05
GetData ===>> H2,-0.0756288799000754,H1,157.893609158845,AX,38.6614476383897,L1,0.565926300488947,L2,0.24047199...
close () {'description': 'CO2 Laser to Roughing'}
closing name=--- desc=CO2 Laser to Roughing
checking ownership. requestor=129.138.12.150
check software interlocks G
interlocks []
actuate state mode=None-script, software_lock=True
VALVE-G(CO2 Laser to Roughing) software locked
change switch state (True, False)
---------------------------------------- close None (CO2 Laser to Roughing) result=[(True, False)]
action=close, ok=True, locked=[True]
open () {'description': 'Microbone to Turbo'}
opening name=--- desc=Microbone to Turbo
checking ownership. requestor=129.138.12.150
check software interlocks U
interlocks []
actuate state mode=None-script, software_lock=False
doing actuation None-script open_channel True
Open U ===>> OK
GetIndicatorState U ===>> OK
change switch state (True, True)
update switch state U True args=() kw={} ncanvase=3
06:44:48 -- OPEN   VALVE-U (Microbone to Turbo)
---------------------------------------- open None (Microbone to Turbo) result=[(True, True)], time=0.18 sec
action=open, ok=True, locked=[False]
open () {'description': 'Microbone to Getter NP-10'}
opening name=--- desc=Microbone to Getter NP-10
checking ownership. requestor=129.138.12.150
check software interlocks M
interlocks []
actuate state mode=None-script, software_lock=False
doing actuation None-script open_channel False
Open M ===>> OK
GetIndicatorState M ===>> OK
change switch state (True, True)
update switch state M True args=() kw={} ncanvase=3
06:44:49 -- OPEN   VALVE-M (Microbone to Getter NP-10)
---------------------------------------- open None (Microbone to Getter NP-10) result=[(True, True)], time=0.13 sec
action=open, ok=True, locked=[False]
open () {'description': 'Microbone to Getter D-50'}
opening name=--- desc=Microbone to Getter D-50
checking ownership. requestor=129.138.12.150
check software interlocks K
interlocks []
actuate state mode=None-script, software_lock=False
doing actuation None-script open_channel False
check iteration duration=9.89437103271e-05
GetData ===>> H2,0.0203315258897426,H1,157.948092591437,AX,38.5772914167775,L1,0.538383271461769,L2,0.253543552...
Open K ===>> OK
GetIndicatorState K ===>> OK
change switch state (True, True)
update switch state K True args=() kw={} ncanvase=3
06:44:49 -- OPEN   VALVE-K (Microbone to Getter D-50)
---------------------------------------- open None (Microbone to Getter D-50) result=[(True, True)], time=0.40 sec
action=open, ok=True, locked=[False]
open () {'description': 'Microbone to CO2 Laser'}
opening name=--- desc=Microbone to CO2 Laser
checking ownership. requestor=129.138.12.150
check software interlocks T
interlocks []
actuate state mode=None-script, software_lock=False
doing actuation None-script open_channel False
Open T ===>> OK
GetIndicatorState T ===>> OK
change switch state (True, True)
update switch state T True args=() kw={} ncanvase=3
06:44:50 -- OPEN   VALVE-T (Microbone to CO2 Laser)
---------------------------------------- open None (Microbone to CO2 Laser) result=[(True, True)], time=0.42 sec
check iteration duration=3.81469726562e-05
GetData ===>> H2,0.019914174520763,H1,157.819582651254,AX,38.2145622171788,L1,0.535663380106364,L2,0.1734868436...
action=open, ok=True, locked=[False]
open () {'description': 'Microbone to Inlet Pipette'}
opening name=--- desc=Microbone to Inlet Pipette
checking ownership. requestor=129.138.12.150
check software interlocks S
interlocks []
actuate state mode=None-script, software_lock=False
doing actuation None-script open_channel False
Open S ===>> OK
GetIndicatorState S ===>> OK
change switch state (True, True)
update switch state S True args=() kw={} ncanvase=3
06:44:51 -- OPEN   VALVE-S (Microbone to Inlet Pipette)
---------------------------------------- open None (Microbone to Inlet Pipette) result=[(True, True)], time=0.40 sec
action=open, ok=True, locked=[False]
sleep (1,) {}
SLEEP 1.0
testing H1>-5.0
evaluate ot="H1.bs>-5.0" t="H1>-5.0", ctx="{'H1': None}"
check iteration duration=0.000572204589844
GetData ===>> H2,-0.136279447237317,H1,157.637961434119,AX,38.4146385197938,L1,0.556031786009982,L2,0.187439169...
set_resource () {'name': 'CO2PumpTimeFlag', 'value': 30}
Set CO2PumpTimeFlag 30 ===>> OK
release ('JanCO2Flag',) {}
release JanCO2Flag
Set JanCO2Flag 0 ===>> OK
executed snippet estimated_duration=6.0, duration=5.89986300468
PumpMicrobone.py completed successfully
gosub finished
get_resource_value () {'name': 'JanMiniboneFlag'}
Read JanMiniboneFlag ===>> 0
Get Resource Value JanMiniboneFlag=0.0
get resource value 0.0
get_resource_value () {'name': 'JanMiniboneFlag'}
Read JanMiniboneFlag ===>> 0
Get Resource Value JanMiniboneFlag=0.0
executed snippet estimated_duration=4.0, duration=5.91199493408
jan_pump_extraction_line.py completed successfully
Post Equilibration Finished
06:44:52 -- ******* Post Equilibration Finished *******
check iteration duration=8.29696655273e-05
GetData ===>> H2,-0.103033482078639,H1,157.51530087991,AX,38.3276636728633,L1,0.529018862582695,L2,0.2572655629...
check iteration duration=8.48770141602e-05
GetData ===>> H2,-0.136150999172647,H1,157.304532561632,AX,38.1955585179402,L1,0.52117141916089,L2,0.2342621978...
check iteration duration=8.70227813721e-05
GetData ===>> H2,-0.186619379011385,H1,157.642353118505,AX,38.3505499206368,L1,0.560046716551975,L2,0.206494280...
check iteration duration=7.79628753662e-05
GetData ===>> H2,-0.101031521088657,H1,157.567467118135,AX,38.4017120578444,L1,0.563695167527897,L2,0.293882076...
testing H1>-5.0
evaluate ot="H1.bs>-5.0" t="H1>-5.0", ctx="{'H1': None}"
check iteration duration=0.000586986541748
GetData ===>> H2,-0.079962794508921,H1,157.487230782742,AX,38.3703390697106,L1,0.497969341001922,L2,0.160072624...
check iteration duration=4.10079956055e-05
GetData ===>> H2,-0.0804072052109072,H1,157.599452310313,AX,38.1087816339574,L1,0.523270872568676,L2,0.20862823...
check iteration duration=4.10079956055e-05
GetData ===>> H2,-0.184872747796988,H1,157.365678557752,AX,38.2307108631268,L1,0.507829307766839,L2,0.158840800...
check iteration duration=8.20159912109e-05
GetData ===>> H2,-0.215763484587126,H1,157.354683519411,AX,38.3090441389433,L1,0.513218509794582,L2,0.225062398...
check iteration duration=6.38961791992e-05
GetData ===>> H2,-0.185494552426839,H1,157.378698750853,AX,38.1981245297815,L1,0.494691666815649,L2,0.289625894...
testing H1>-5.0
evaluate ot="H1.bs>-5.0" t="H1>-5.0", ctx="{'H1': None}"
check iteration duration=0.000611066818237
GetData ===>> H2,-0.200542319849533,H1,157.190759010174,AX,38.340939371005,L1,0.519708453305314,L2,0.1765098651...
check iteration duration=9.89437103271e-05
GetData ===>> H2,-0.164113338743386,H1,157.332184153387,AX,38.1904821421919,L1,0.522187865600762,L2,0.176042146...
check iteration duration=8.48770141602e-05
GetData ===>> H2,-0.255682766914597,H1,157.1293634308,AX,38.2709257272633,L1,0.461684338843919,L2,0.24275510462...
check iteration duration=8.10623168945e-05
GetData ===>> H2,-0.206725146499838,H1,157.198533454977,AX,38.1371648815574,L1,0.490992159336795,L2,0.291166313...
check iteration duration=4.00543212891e-05
GetData ===>> H2,-0.185356976036849,H1,156.914321329364,AX,37.9939004718571,L1,0.553928913272185,L2,0.129384401...
testing H1>-5.0
evaluate ot="H1.bs>-5.0" t="H1>-5.0", ctx="{'H1': None}"
check iteration duration=0.000742197036743
GetData ===>> H2,-0.248056851545494,H1,157.133259921751,AX,38.0263208273397,L1,0.503422834544968,L2,0.158852206...
check iteration duration=8.60691070557e-05
GetData ===>> H2,-0.228074797589185,H1,157.048450605821,AX,38.2255080909227,L1,0.537681971383074,L2,0.119989455...
check iteration duration=8.70227813721e-05
GetData ===>> H2,-0.219586049616795,H1,157.119271275566,AX,38.2794478436894,L1,0.543416028297658,L2,0.185396960...
check iteration duration=8.51154327393e-05
GetData ===>> H2,-0.153318646597738,H1,156.861964334076,AX,38.0954663663682,L1,0.55341960135093,L2,0.1695627618...
check iteration duration=4.10079956055e-05
GetData ===>> H2,-0.0491983091550934,H1,156.895299986922,AX,38.247069893272,L1,0.51864377290271,L2,0.3281552326...
testing H1>-5.0
evaluate ot="H1.bs>-5.0" t="H1>-5.0", ctx="{'H1': None}"
check iteration duration=0.00073504447937
06:45:12 -- collecting point 25
GetData ===>> H2,-0.26038589012552,H1,156.836787770346,AX,38.0494710646151,L1,0.492493195355345,L2,0.1567307685...
check iteration duration=9.01222229004e-05
GetData ===>> H2,-0.204864049344197,H1,156.785531788303,AX,38.0707678048433,L1,0.548184884222479,L2,0.180639580...
check iteration duration=6.69956207275e-05
GetData ===>> H2,-0.168393520122004,H1,156.915363944742,AX,38.1179645080192,L1,0.524586632628044,L2,0.235266695...
check iteration duration=4.00543212891e-05
GetData ===>> H2,-0.204176673175127,H1,156.762515003044,AX,38.091596902394,L1,0.531584268489198,L2,0.2457118174...
check iteration duration=4.31537628174e-05
GetData ===>> H2,-0.143521564792486,H1,156.612164129066,AX,38.1660685248197,L1,0.536985648423254,L2,0.240323590...
testing H1>-5.0
evaluate ot="H1.bs>-5.0" t="H1>-5.0", ctx="{'H1': None}"
check iteration duration=0.000581979751587
GetData ===>> H2,-0.12304376279931,H1,156.528104034098,AX,37.9888248211349,L1,0.524105357642768,L2,0.2287947168...
check iteration duration=8.29696655273e-05
GetData ===>> H2,-0.128531709043253,H1,156.563751391821,AX,37.9642679013962,L1,0.548393186698856,L2,0.278547013...
check iteration duration=6.69956207275e-05
GetData ===>> H2,-0.126810842730767,H1,156.526361173644,AX,37.9163753330355,L1,0.525630497867742,L2,0.253977398...
check iteration duration=6.22272491455e-05
GetData ===>> H2,-0.15920216414854,H1,156.526361173644,AX,37.9107210145384,L1,0.479022146057381,L2,0.2624044908...
check iteration duration=3.79085540771e-05
GetData ===>> H2,-0.18275484887765,H1,156.219811620974,AX,37.9799360319337,L1,0.46851823168751,L2,0.23334902689...
testing H1>-5.0
evaluate ot="H1.bs>-5.0" t="H1>-5.0", ctx="{'H1': None}"
check iteration duration=0.000583171844482
GetData ===>> H2,-0.189723536249904,H1,156.441989194534,AX,38.0285663372607,L1,0.446934428194564,L2,0.192094199...
check iteration duration=4.00543212891e-05
GetData ===>> H2,-0.21948096090627,H1,156.393936758923,AX,37.981544561238,L1,0.486199157935192,L2,0.11694541665...
check iteration duration=7.9870223999e-05
GetData ===>> H2,-0.140795838119434,H1,156.363679508362,AX,37.9733357480139,L1,0.52060540275222,L2,0.2423441401...
check iteration duration=6.60419464111e-05
GetData ===>> H2,-0.0821508075132168,H1,156.385925737048,AX,37.9045680979402,L1,0.493867799919315,L2,0.19759381...
check iteration duration=8.41617584229e-05
GetData ===>> H2,-0.0631592783402289,H1,156.226714911727,AX,37.9205608144731,L1,0.515378671342291,L2,0.14331889...
testing H1>-5.0
evaluate ot="H1.bs>-5.0" t="H1>-5.0", ctx="{'H1': None}"
check iteration duration=0.000582933425903
GetData ===>> H2,-0.136329473984793,H1,156.305559198987,AX,37.7833725695633,L1,0.546203139101769,L2,0.276607485...
check iteration duration=9.60826873779e-05
GetData ===>> H2,-0.182408123226286,H1,156.304645909684,AX,37.824526707628,L1,0.503277746846625,L2,0.1867089891...
check iteration duration=5.88893890381e-05
GetData ===>> H2,-0.184991446329224,H1,156.150793417949,AX,37.7570249871804,L1,0.542105286273629,L2,0.245380752...
check iteration duration=8.70227813721e-05
GetData ===>> H2,-0.166836050593366,H1,156.124361217625,AX,37.7934172530495,L1,0.552688357127786,L2,0.148656049...
check iteration duration=5.19752502441e-05
GetData ===>> H2,-0.112671751731855,H1,156.092023799611,AX,37.8692089973141,L1,0.511014503001683,L2,0.234387759...
testing H1>-5.0
evaluate ot="H1.bs>-5.0" t="H1>-5.0", ctx="{'H1': None}"
check iteration duration=0.000567197799683
GetData ===>> H2,-0.0455343146487287,H1,155.826443592358,AX,37.7844809058244,L1,0.511488244781994,L2,0.19021162...
check iteration duration=4.29153442383e-05
GetData ===>> H2,-0.117327204660675,H1,156.057199150671,AX,37.8993577744831,L1,0.523902268786649,L2,0.315862051...
check iteration duration=4.10079956055e-05
GetData ===>> H2,-0.209167961251159,H1,155.983813633684,AX,37.7579668587871,L1,0.54730488336716,L2,0.2775087903...
check iteration duration=7.39097595215e-05
GetData ===>> H2,-0.129165646650311,H1,155.968851539568,AX,37.8371567856199,L1,0.525415068928809,L2,0.130136949...
check iteration duration=7.79628753662e-05
GetData ===>> H2,-0.151000771187987,H1,155.939334271583,AX,37.7584100951257,L1,0.521743619442542,L2,0.275854502...
testing H1>-5.0
evaluate ot="H1.bs>-5.0" t="H1>-5.0", ctx="{'H1': None}"
check iteration duration=0.000576972961426
06:45:39 -- collecting point 50
GetData ===>> H2,-0.206932664785634,H1,156.052506837371,AX,37.6880121152298,L1,0.526663388139879,L2,0.273618406...
check iteration duration=3.79085540771e-05
GetData ===>> H2,-0.200981847486947,H1,156.03787865397,AX,37.7402803382727,L1,0.507129410071741,L2,0.1988946020...
check iteration duration=7.67707824707e-05
GetData ===>> H2,-0.354978117867927,H1,155.635897627814,AX,37.6424644785651,L1,0.509006571367471,L2,0.124230748...
check iteration duration=8.39233398438e-05
GetData ===>> H2,-0.257908653961824,H1,155.759158119413,AX,37.8911131917292,L1,0.501604467488311,L2,0.219926418...
check iteration duration=8.39233398438e-05
GetData ===>> H2,-0.231295970308198,H1,155.685842368653,AX,37.7894962595196,L1,0.512258583015453,L2,0.156650930...
testing H1>-5.0
evaluate ot="H1.bs>-5.0" t="H1>-5.0", ctx="{'H1': None}"
check iteration duration=0.000587940216064
GetData ===>> H2,-0.157380018697279,H1,155.66679596875,AX,37.6482347955396,L1,0.504786512656298,L2,0.2627352996...
check iteration duration=4.00543212891e-05
GetData ===>> H2,-0.138679130513845,H1,155.589570775204,AX,37.740571167665,L1,0.507450446884884,L2,0.2262494198...
check iteration duration=7.20024108887e-05
GetData ===>> H2,-0.210740084142488,H1,155.659330675513,AX,37.7955648497366,L1,0.517701810753902,L2,0.118313511...
check iteration duration=6.79492950439e-05
GetData ===>> H2,-0.159415561575694,H1,155.679797354968,AX,37.6237226041118,L1,0.495085178697482,L2,0.194102322...
check iteration duration=9.20295715332e-05
GetData ===>> H2,-0.262317131160013,H1,155.645185652178,AX,37.4861181614477,L1,0.501281153815324,L2,0.250712180...
testing H1>-5.0
evaluate ot="H1.bs>-5.0" t="H1>-5.0", ctx="{'H1': None}"
check iteration duration=0.000582933425903
GetData ===>> H2,-0.291917845365941,H1,155.351043647763,AX,37.6954459222208,L1,0.527590492000503,L2,0.201929836...
check iteration duration=3.69548797607e-05
GetData ===>> H2,-0.136848657474168,H1,155.348099318978,AX,37.7414852076362,L1,0.510553087097363,L2,0.231385738...
check iteration duration=3.79085540771e-05
GetData ===>> H2,-0.148118814971168,H1,155.491602030684,AX,37.6645648237228,L1,0.518622839477255,L2,0.073748359...
check iteration duration=7.89165496826e-05
GetData ===>> H2,-0.228370973827163,H1,155.490987256453,AX,37.5290812824429,L1,0.540909255956438,L2,0.197867664...
check iteration duration=6.50882720947e-05
GetData ===>> H2,-0.104999906254312,H1,155.319380568513,AX,37.579866318709,L1,0.462745700475286,L2,0.2582931374...
testing H1>-5.0
evaluate ot="H1.bs>-5.0" t="H1>-5.0", ctx="{'H1': None}"
check iteration duration=0.000590085983276
GetData ===>> H2,-0.107225763769364,H1,155.285056105051,AX,37.6033982512481,L1,0.487300122228094,L2,0.301813002...
check iteration duration=9.60826873779e-05
GetData ===>> H2,-0.11255940181316,H1,155.001921293484,AX,37.5723094272189,L1,0.531766568319755,L2,0.2337941966...
check iteration duration=8.39233398438e-05
GetData ===>> H2,-0.156695118828408,H1,154.974664779186,AX,37.5950092625023,L1,0.47151194188256,L2,0.1582134888...
check iteration duration=8.01086425781e-05
GetData ===>> H2,-0.0449830523021809,H1,154.959324248858,AX,37.6608280893129,L1,0.497623690977981,L2,0.20223792...
check iteration duration=8.79764556885e-05
GetData ===>> H2,-0.146418198211064,H1,155.108871558787,AX,37.564171786306,L1,0.528954827950526,L2,0.2366707279...
testing H1>-5.0
evaluate ot="H1.bs>-5.0" t="H1>-5.0", ctx="{'H1': None}"
check iteration duration=0.000581979751587
GetData ===>> H2,-0.158422824222876,H1,155.129816114913,AX,37.6384378804067,L1,0.510872999932313,L2,0.187701579...
check iteration duration=9.01222229004e-05
GetData ===>> H2,-0.188120322409132,H1,155.139716755261,AX,37.6000896503184,L1,0.487164952872378,L2,0.237252893...
check iteration duration=8.39233398438e-05
GetData ===>> H2,-0.195965364150266,H1,155.099088395846,AX,37.4744464478078,L1,0.494686748012097,L2,0.264480620...
check iteration duration=4.00543212891e-05
GetData ===>> H2,-0.200280752352835,H1,155.108405681669,AX,37.4267222210429,L1,0.494726098506153,L2,0.181004647...
check iteration duration=3.91006469727e-05
GetData ===>> H2,-0.177784999476462,H1,155.013180639809,AX,37.6072468679839,L1,0.484291180098908,L2,0.109455441...
testing H1>-5.0
evaluate ot="H1.bs>-5.0" t="H1>-5.0", ctx="{'H1': None}"
check iteration duration=0.00148415565491
06:46:05 -- collecting point 75
GetData ===>> H2,-0.173829691729959,H1,154.845233647043,AX,37.5484793748151,L1,0.469241406858654,L2,0.221718273...
check iteration duration=7.10487365723e-05
GetData ===>> H2,-0.221431679233552,H1,154.648781696972,AX,37.5510116046005,L1,0.519886852683452,L2,0.223350374...
check iteration duration=8.51154327393e-05
GetData ===>> H2,-0.216881725357418,H1,154.664027286012,AX,37.4689152398473,L1,0.507700149086053,L2,0.186937169...
check iteration duration=8.10623168945e-05
GetData ===>> H2,-0.164012084981261,H1,154.753370349366,AX,37.3986155721842,L1,0.506647258595016,L2,0.277531608...
check iteration duration=8.29696655273e-05
GetData ===>> H2,-0.0914188217025941,H1,154.748694798242,AX,37.430637220612,L1,0.498409723284819,L2,0.305864303...
testing H1>-5.0
evaluate ot="H1.bs>-5.0" t="H1>-5.0", ctx="{'H1': None}"
check iteration duration=0.000580072402954
GetData ===>> H2,-0.163711018450427,H1,154.740655677048,AX,37.4598308027324,L1,0.534908050155756,L2,0.176795060...
check iteration duration=9.41753387451e-05
GetData ===>> H2,-0.205287236640552,H1,154.66263165751,AX,37.4171773692604,L1,0.51028609051181,L2,0.17495841575...
check iteration duration=9.01222229004e-05
GetData ===>> H2,-0.205443569343642,H1,154.56251087697,AX,37.3164647979887,L1,0.49932181919618,L2,0.20549008427...
check iteration duration=8.20159912109e-05
GetData ===>> H2,-0.104397699631931,H1,154.602334074114,AX,37.2851792974324,L1,0.475502861025459,L2,0.296632150...
check iteration duration=7.91549682617e-05
GetData ===>> H2,-0.117603223904231,H1,154.453773127052,AX,37.2433152829362,L1,0.50568548286164,L2,0.1818488683...
testing H1>-5.0
evaluate ot="H1.bs>-5.0" t="H1>-5.0", ctx="{'H1': None}"
check iteration duration=0.000602006912231
GetData ===>> H2,-0.131631405806504,H1,154.372771638756,AX,37.2313591282246,L1,0.515744281848275,L2,0.179282002...
check iteration duration=5.10215759277e-05
GetData ===>> H2,-0.184787769674235,H1,154.521197899207,AX,37.2619417334536,L1,0.503174465320924,L2,0.073440386...
check iteration duration=9.70363616943e-05
GetData ===>> H2,-0.272233068077972,H1,154.278496870068,AX,37.4266530526264,L1,0.507447986794723,L2,0.161338682...
check iteration duration=8.70227813721e-05
GetData ===>> H2,-0.197184628139869,H1,154.221010073664,AX,37.3301617694097,L1,0.519110530271494,L2,0.209495520...
check iteration duration=8.39233398438e-05
GetData ===>> H2,-0.12190636196003,H1,154.1957572594,AX,37.2874314610397,L1,0.480368219069989,L2,0.188910956082...
testing H1>-5.0
evaluate ot="H1.bs>-5.0" t="H1>-5.0", ctx="{'H1': None}"
check iteration duration=0.000571966171265
GetData ===>> H2,-0.0330082053454983,H1,154.110278454412,AX,37.1922510727936,L1,0.519664161523329,L2,0.14481281...
check iteration duration=8.39233398438e-05
GetData ===>> H2,-0.170911471102706,H1,154.349927272803,AX,37.3362298650016,L1,0.539167807269746,L2,0.086225428...
check iteration duration=4.19616699219e-05
GetData ===>> H2,-0.16441979461656,H1,154.098602762297,AX,37.3238728481193,L1,0.530210964332049,L2,0.2586356646...
check iteration duration=4.07695770264e-05
GetData ===>> H2,-0.24188484340153,H1,154.196939585116,AX,37.4489635973954,L1,0.507411085512598,L2,0.2349242522...
check iteration duration=4.41074371338e-05
GetData ===>> H2,-0.135142293292383,H1,153.923846806157,AX,37.2043275591479,L1,0.508040885478198,L2,0.186811670...
testing H1>-5.0
evaluate ot="H1.bs>-5.0" t="H1>-5.0", ctx="{'H1': None}"
check iteration duration=0.00061297416687
GetData ===>> H2,-0.104369280103681,H1,154.11019399818,AX,37.0817143611833,L1,0.53411951007015,L2,0.24426198933...
check iteration duration=4.10079956055e-05
GetData ===>> H2,-0.121729182248333,H1,154.024597197315,AX,37.1245824679857,L1,0.484047947509115,L2,0.200446439...
check iteration duration=8.58306884766e-05
GetData ===>> H2,-0.215934483333387,H1,153.880653809832,AX,37.0902038863688,L1,0.471380534384678,L2,0.231465639...
check iteration duration=6.91413879395e-05
GetData ===>> H2,-0.212413003146054,H1,154.024027394215,AX,37.1181339811024,L1,0.48315000212924,L2,0.1928358309...
check iteration duration=7.91549682617e-05
GetData ===>> H2,-0.188568004634688,H1,153.934989650205,AX,37.003580117772,L1,0.455759438037548,L2,0.1785062524...
testing H1>-5.0
evaluate ot="H1.bs>-5.0" t="H1>-5.0", ctx="{'H1': None}"
check iteration duration=0.000570058822632
06:46:31 -- collecting point 100
GetData ===>> H2,-0.174645165135629,H1,153.813279429871,AX,37.0189188353807,L1,0.486136494975904,L2,0.232629910...
check iteration duration=8.10623168945e-05
GetData ===>> H2,-0.213893101097878,H1,153.837365884308,AX,37.0500443108067,L1,0.512299193494567,L2,0.247401408...
check iteration duration=8.70227813721e-05
GetData ===>> H2,-0.238315294491185,H1,153.817413124273,AX,37.1257976405921,L1,0.45921027838725,L2,0.1821911223...
check iteration duration=8.20159912109e-05
GetData ===>> H2,-0.197412551189672,H1,153.668072605873,AX,37.056742766848,L1,0.475361574038982,L2,0.0469812123...
check iteration duration=8.01086425781e-05
GetData ===>> H2,-0.24752145888136,H1,153.702189948563,AX,37.1409469412357,L1,0.508329966686029,L2,0.1944332098...
testing H1>-5.0
evaluate ot="H1.bs>-5.0" t="H1>-5.0", ctx="{'H1': None}"
check iteration duration=0.000595092773438
GetData ===>> H2,-0.114493560324604,H1,153.54715433477,AX,37.126957589965,L1,0.499137459302423,L2,0.20533032673...
check iteration duration=9.20295715332e-05
GetData ===>> H2,-0.128335708373256,H1,153.645366500617,AX,36.9824461123599,L1,0.520195675441405,L2,0.191432441...
check iteration duration=8.48770141602e-05
GetData ===>> H2,-0.237999202520869,H1,153.471089223542,AX,37.0217769487234,L1,0.501240586655143,L2,0.248600123...
check iteration duration=8.41617584229e-05
GetData ===>> H2,-0.0720878842396995,H1,153.516526236756,AX,37.1134117621807,L1,0.491410116303681,L2,0.15571568...
check iteration duration=8.60691070557e-05
GetData ===>> H2,-0.025436393883961,H1,153.584197599441,AX,37.0996328196945,L1,0.494727328211511,L2,0.271884327...
testing H1>-5.0
evaluate ot="H1.bs>-5.0" t="H1>-5.0", ctx="{'H1': None}"
check iteration duration=0.000578880310059
GetData ===>> H2,-0.149300586653034,H1,153.400706915329,AX,37.0963056853519,L1,0.497530207551385,L2,0.158920640...
check iteration duration=3.79085540771e-05
GetData ===>> H2,-0.245321777858497,H1,153.467886312457,AX,37.0846407614105,L1,0.494070686407477,L2,0.372718392...
check iteration duration=3.79085540771e-05
GetData ===>> H2,-0.279382669721275,H1,153.274302421789,AX,37.0395209207524,L1,0.488294285824797,L2,0.230392695...
check iteration duration=4.10079956055e-05
GetData ===>> H2,-0.283462189622879,H1,153.266257729021,AX,36.9902863646733,L1,0.473055798425208,L2,0.211789308...
check iteration duration=8.79764556885e-05
GetData ===>> H2,-0.163412644175648,H1,153.400959814903,AX,36.9524427245821,L1,0.500976289363558,L2,0.214003264...
testing H1>-5.0
evaluate ot="H1.bs>-5.0" t="H1>-5.0", ctx="{'H1': None}"
check iteration duration=0.000569105148315
GetData ===>> H2,-0.122462228451342,H1,153.18491988736,AX,36.9973540891577,L1,0.539367307731933,L2,0.2762766283...
check iteration duration=8.20159912109e-05
GetData ===>> H2,-0.147886497937335,H1,153.191743651765,AX,37.0167373277187,L1,0.545334396680611,L2,0.099617903...
check iteration duration=8.08238983154e-05
GetData ===>> H2,-0.207402935639878,H1,153.186478378232,AX,36.9500140875155,L1,0.491711301674804,L2,0.106981712...
check iteration duration=8.79764556885e-05
GetData ===>> H2,-0.17173042670304,H1,153.022144806537,AX,36.8086528127817,L1,0.506628809368477,L2,0.0696193209...
check iteration duration=8.60691070557e-05
GetData ===>> H2,-0.0999241321940226,H1,152.858894541527,AX,36.9855517826398,L1,0.471219654589215,L2,0.23380561...
testing H1>-5.0
evaluate ot="H1.bs>-5.0" t="H1>-5.0", ctx="{'H1': None}"
check iteration duration=0.000591993331909
GetData ===>> H2,-0.126332252230571,H1,153.157332662247,AX,36.8765762121508,L1,0.477658034759456,L2,0.236830537...
check iteration duration=4.19616699219e-05
waiting for write to finish
measurement finished
estimated time: 125.829 actual time: :126.435
flush and close file /Users/jan/PychronDev/data/isotopes/2a/a3b97a-8133-439d-942a-c7ce53e2111b.h5
baselines () {'settling_time': 15.0, 'detector': 'H1', 'mass': 34.2, 'ncounts': 60}
%%%%%%%%%%%%%%%%%%%%%%%%%%%%%%%% Baseline
build tables- baseline [Detector(H2), Detector(H1), Detector(AX), Detector(L1), Detector(L2), Detector(CDD)]
add group baseline table H2
add group baseline table H1
add group baseline table AX
add group baseline table L1
add group baseline table L2
add group baseline table CDD
flush and close file /Users/jan/PychronDev/data/isotopes/2a/a3b97a-8133-439d-942a-c7ce53e2111b.h5
detector Detector(H1)
POSITION 34.2 H1
Mapping mass to dac mass func: "parabolic"
H1 map mass coeffs = [-0.00063987  0.15840543  0.57274999]
H1 map mass to dac 34.2 >> 5.24179599104
GetDeflection H1 ===>> 0
GetHighVoltage ===>> 4499.94659342336
positioning 34.2 (5.2417651226) on H1
setting magnet DAC
current  : 5.881105
requested: 5.241765
Delta Dac: 0.639340
Checking detector protection. dv=0.63934
Checking detector "CDD". Protection Threshold: 0.1 (V)
ProtectDetector CDD,On ===>> OK
GetDeflection CDD ===>> 2000
Protected = 2000
SetMagnetDAC 5.2417651226 ===>> OK
Magnet settling time: 0.500
GetMagnetMoving ===>> True
GetMagnetMoving ===>> True
GetMagnetMoving ===>> True
GetMagnetMoving ===>> True
GetMagnetMoving ===>> True
GetMagnetMoving ===>> True
GetMagnetMoving ===>> True
GetMagnetMoving ===>> True
GetMagnetMoving ===>> False
ProtectDetector CDD,Off ===>> OK
GetDeflection CDD ===>> 50
Delaying 15.0s for detectors to settle
Join finished
measuring baseline. ncounts=60
"baseline" increment series count="2" fit count="1" regressing="True"
starting measurement
check iteration duration=3.60012054443e-05
GetData ===>> H2,-0.200864551904566,H1,-0.0732530602714608,AX,-0.113168988029567,L1,-0.041777477447954,L2,-0.03...
check iteration duration=5.88893890381e-05
GetData ===>> H2,-0.233809812170503,H1,-0.0483851517524279,AX,-0.121998107710148,L1,-0.0582506164281152,L2,0.06...
check iteration duration=3.71932983398e-05
GetData ===>> H2,-0.284492625612743,H1,-0.0178819349698987,AX,-0.223492523059807,L1,-0.0521714874639722,L2,-0.0...
check iteration duration=8.58306884766e-05
GetData ===>> H2,-0.178334313512358,H1,-0.115583431866928,AX,-0.0271068440480585,L1,-0.0218040045621778,L2,0.06...
testing H1>-5.0
evaluate ot="H1.bs>-5.0" t="H1>-5.0", ctx="{'H1': None}"
check iteration duration=0.000643014907837
GetData ===>> H2,-0.217920682808362,H1,-0.0464774826691492,AX,-0.00560261085754683,L1,-0.0495273252288804,L2,0....
check iteration duration=4.00543212891e-05
GetData ===>> H2,-0.216459581426948,H1,-0.0120974383633897,AX,-0.180420897541298,L1,-0.0286764192316925,L2,-0.0...
check iteration duration=8.41617584229e-05
GetData ===>> H2,-0.133972568952922,H1,0.0636685765025959,AX,-0.0734975830608257,L1,-0.0108028408018514,L2,0.05...
check iteration duration=0.000108003616333
GetData ===>> H2,-0.20128114794467,H1,-0.0529037978090006,AX,0.042259618238353,L1,-0.00579989988129919,L2,-0.00...
check iteration duration=9.89437103271e-05
GetData ===>> H2,-0.241649306459223,H1,-0.0406707911005498,AX,-0.0403155571746338,L1,0.00277515544562788,L2,-0....
testing H1>-5.0
evaluate ot="H1.bs>-5.0" t="H1>-5.0", ctx="{'H1': None}"
check iteration duration=0.000785112380981
GetData ===>> H2,-0.281117339384282,H1,-0.0191222783443522,AX,-0.0806727805686372,L1,-0.0169455447639924,L2,0.0...
check iteration duration=8.01086425781e-05
GetData ===>> H2,-0.205155160776426,H1,-0.082967271037959,AX,-0.107039114775632,L1,-0.0129006497656334,L2,0.009...
check iteration duration=7.48634338379e-05
GetData ===>> H2,-0.10527866974717,H1,-0.0944204847128869,AX,-0.0294263264176007,L1,-0.00982331396429238,L2,0.1...
check iteration duration=7.58171081543e-05
GetData ===>> H2,-0.174996178657516,H1,0.0274130516928263,AX,-0.103516290732815,L1,-0.0225028446031676,L2,-0.04...
check iteration duration=7.20024108887e-05
GetData ===>> H2,-0.213117386935141,H1,-0.00501246541497729,AX,-0.104234771780905,L1,-0.0235072672011389,L2,0.0...
testing H1>-5.0
evaluate ot="H1.bs>-5.0" t="H1>-5.0", ctx="{'H1': None}"
check iteration duration=0.000571012496948
GetData ===>> H2,-0.109161306873395,H1,-0.0385364193782987,AX,-0.0757116342122402,L1,-0.0339470803670767,L2,-0....
check iteration duration=5.50746917725e-05
GetData ===>> H2,-0.137139335771058,H1,-0.0789625082170396,AX,-0.0858075324769507,L1,-0.0244780338199684,L2,0.0...
check iteration duration=6.41345977783e-05
GetData ===>> H2,-0.207284359159325,H1,-0.0338978791865284,AX,-0.150049555204548,L1,-0.0318144780462063,L2,-0.0...
check iteration duration=8.29696655273e-05
GetData ===>> H2,-0.1083297355312,H1,-0.06494457599151,AX,-0.0999933391235203,L1,-0.0472942009439095,L2,-0.0390...
check iteration duration=4.31537628174e-05
GetData ===>> H2,-0.0812187518930449,H1,-0.0324430742234093,AX,-0.101036331511561,L1,0.00597564679183571,L2,-0....
testing H1>-5.0
evaluate ot="H1.bs>-5.0" t="H1>-5.0", ctx="{'H1': None}"
check iteration duration=0.000597953796387
GetData ===>> H2,-0.206451593850661,H1,-0.0192773201854067,AX,-0.0687679228423848,L1,-0.0103232802094586,L2,-0....
check iteration duration=8.20159912109e-05
GetData ===>> H2,-0.212654087814321,H1,0.0353599793758043,AX,-0.0962616525675075,L1,-0.0542598667604059,L2,-0.0...
check iteration duration=6.98566436768e-05
GetData ===>> H2,-0.180208798869407,H1,0.0814015624831967,AX,-0.0640844053098549,L1,-0.0581285474222701,L2,-0.1...
check iteration duration=7.79628753662e-05
GetData ===>> H2,-0.323322733324467,H1,0.0327347983575922,AX,-0.0295307018245373,L1,-0.0279504539416231,L2,0.03...
check iteration duration=7.79628753662e-05
GetData ===>> H2,-0.286894371420999,H1,0.0149927660416661,AX,-0.105752835255714,L1,-0.0304887077873265,L2,0.043...
testing H1>-5.0
evaluate ot="H1.bs>-5.0" t="H1>-5.0", ctx="{'H1': None}"
check iteration duration=0.000580787658691
06:47:37 -- collecting point 25
GetData ===>> H2,-0.146451969890119,H1,-0.0910120690733372,AX,-0.0478178645477273,L1,-0.0502644105532342,L2,-0....
check iteration duration=6.50882720947e-05
GetData ===>> H2,-0.260216420052185,H1,-0.0661962569260542,AX,-0.0406518399014034,L1,0.00211490714331508,L2,-0....
check iteration duration=8.51154327393e-05
GetData ===>> H2,-0.204564843675382,H1,-0.11283107206046,AX,-0.0485483519862632,L1,-0.00628447366219646,L2,0.00...
check iteration duration=8.51154327393e-05
GetData ===>> H2,-0.22985443069381,H1,-0.0618927930446265,AX,-0.119182609323454,L1,-0.0169107645066974,L2,-0.05...
check iteration duration=8.79764556885e-05
GetData ===>> H2,-0.201763786956776,H1,-0.0817753940944186,AX,-0.13873322563927,L1,-0.00393575260722809,L2,-0.0...
testing H1>-5.0
evaluate ot="H1.bs>-5.0" t="H1>-5.0", ctx="{'H1': None}"
check iteration duration=0.000533103942871
GetData ===>> H2,-0.236804698515269,H1,-0.0795942225238598,AX,-0.0830837136308241,L1,-0.0104131995610252,L2,-0....
check iteration duration=8.6784362793e-05
GetData ===>> H2,-0.156179052534599,H1,-0.0405277061515939,AX,-0.166233328717518,L1,-0.00649316904523509,L2,0.0...
check iteration duration=3.81469726562e-05
GetData ===>> H2,-0.287312072494953,H1,0.0236903836196902,AX,-0.0612324500505847,L1,-0.0237301922675328,L2,0.01...
check iteration duration=3.79085540771e-05
GetData ===>> H2,-0.230483023804263,H1,-0.0512465871956856,AX,0.0145372680471151,L1,0.0015855393151583,L2,0.046...
check iteration duration=3.60012054443e-05
GetData ===>> H2,-0.197923675536696,H1,-0.0537383539149559,AX,-0.0784356594379654,L1,-0.02123219023322,L2,0.074...
testing H1>-5.0
evaluate ot="H1.bs>-5.0" t="H1>-5.0", ctx="{'H1': None}"
check iteration duration=0.000564098358154
GetData ===>> H2,-0.147007161875618,H1,-0.0111313352180396,AX,-0.0787370362668861,L1,-0.0267967082076079,L2,-0....
check iteration duration=5.69820404053e-05
GetData ===>> H2,-0.191116219787824,H1,-0.0435443705162573,AX,-0.0974553442715796,L1,-0.00975257332937936,L2,-0...
check iteration duration=7.9870223999e-05
GetData ===>> H2,-0.293867010746609,H1,0.0988163895554674,AX,-0.114107554562771,L1,0.00136587784089145,L2,0.026...
check iteration duration=8.60691070557e-05
GetData ===>> H2,-0.316808164883617,H1,0.00386234959612888,AX,-0.0945000613568587,L1,-0.0200836682855237,L2,0.0...
check iteration duration=7.82012939453e-05
GetData ===>> H2,-0.324402768419615,H1,-0.01200202118381,AX,-0.00343336561962114,L1,-0.0244972085132616,L2,-0.0...
testing H1>-5.0
evaluate ot="H1.bs>-5.0" t="H1>-5.0", ctx="{'H1': None}"
check iteration duration=0.000539779663086
GetData ===>> H2,-0.239363670028007,H1,0.0443815806874472,AX,-0.174695118042257,L1,-0.000151215945103594,L2,-0....
check iteration duration=8.51154327393e-05
GetData ===>> H2,-0.230831628889652,H1,-0.00777971992034203,AX,-0.0910695027261269,L1,-0.0238332634773927,L2,-0...
check iteration duration=8.51154327393e-05
GetData ===>> H2,-0.22688732216722,H1,-0.0598423241037647,AX,-0.132853813947535,L1,-0.0585186843311849,L2,0.027...
check iteration duration=8.29696655273e-05
GetData ===>> H2,-0.134564883748382,H1,0.0247522844393223,AX,-0.0701242459741108,L1,-0.0674517819475386,L2,0.03...
check iteration duration=6.79492950439e-05
GetData ===>> H2,-0.2022935876379,H1,-0.0402057642684415,AX,-0.0709357123129954,L1,-0.0786965343646566,L2,0.057...
testing H1>-5.0
evaluate ot="H1.bs>-5.0" t="H1>-5.0", ctx="{'H1': None}"
check iteration duration=0.00061297416687
GetData ===>> H2,-0.22768841055369,H1,-0.0581613850863637,AX,-0.0412780184343292,L1,-0.0318468117224157,L2,-0.0...
check iteration duration=8.39233398438e-05
GetData ===>> H2,-0.329787751254163,H1,0.0098270490984433,AX,-0.00781820715859378,L1,-0.0405523251607921,L2,0.0...
check iteration duration=4.00543212891e-05
GetData ===>> H2,-0.185139817744343,H1,-0.03619928975207,AX,-0.100607547105564,L1,0.0196002061244201,L2,0.02402...
check iteration duration=7.5101852417e-05
GetData ===>> H2,-0.181950752915638,H1,-0.0492197455416619,AX,-0.0733932548003213,L1,-0.000274829814823247,L2,0...
check iteration duration=4.10079956055e-05
GetData ===>> H2,-0.19404258868151,H1,-0.0213524724773649,AX,-0.0366511597303863,L1,-0.0182251347866452,L2,0.03...
testing H1>-5.0
evaluate ot="H1.bs>-5.0" t="H1>-5.0", ctx="{'H1': None}"
check iteration duration=0.000586032867432
06:48:03 -- collecting point 50
GetData ===>> H2,-0.282497497935237,H1,-0.0675194454614612,AX,-0.102867335548091,L1,-0.0331029544269343,L2,0.03...
check iteration duration=8.51154327393e-05
GetData ===>> H2,-0.259847882389671,H1,0.023583001017813,AX,-0.0218182175426946,L1,-0.0564278042670104,L2,-0.09...
check iteration duration=7.82012939453e-05
GetData ===>> H2,-0.185108794791068,H1,-0.0375467231887193,AX,-0.0183502998663253,L1,-0.0222415344560422,L2,-0....
check iteration duration=6.89029693604e-05
GetData ===>> H2,-0.306811830702511,H1,-0.038071382628657,AX,-0.105671717959204,L1,-0.029282548121438,L2,0.0222...
check iteration duration=9.89437103271e-05
GetData ===>> H2,-0.214687614249868,H1,-0.0155801031700651,AX,-0.0597948474212105,L1,-0.0525339586221404,L2,0.0...
testing H1>-5.0
evaluate ot="H1.bs>-5.0" t="H1>-5.0", ctx="{'H1': None}"
check iteration duration=0.000542163848877
GetData ===>> H2,-0.201285192491227,H1,0.0093617897573008,AX,-0.14129574753901,L1,-0.00435443607194672,L2,0.035...
check iteration duration=9.01222229004e-05
GetData ===>> H2,-0.209476475610812,H1,-0.0300223272929,AX,-0.06817669915047,L1,0.0417003893137501,L2,0.1095808...
check iteration duration=9.10758972168e-05
GetData ===>> H2,-0.334336729828463,H1,0.0340473802623144,AX,-0.0220385827180238,L1,0.0117718462987331,L2,-0.01...
check iteration duration=8.48770141602e-05
GetData ===>> H2,-0.287692153587724,H1,-0.0731815411122881,AX,-0.106332242549817,L1,0.0193815683740398,L2,-0.07...
check iteration duration=7.10487365723e-05
GetData ===>> H2,-0.245646039118276,H1,-0.046787481369681,AX,-0.103852355109401,L1,-0.00630846185732392,L2,-0.0...
testing H1>-5.0
evaluate ot="H1.bs>-5.0" t="H1>-5.0", ctx="{'H1': None}"
check iteration duration=0.000545024871826
GetData ===>> H2,-0.267247289608359,H1,-0.0473836300178608,AX,-0.0789340898426485,L1,-0.0315785588170722,L2,-0....
check iteration duration=4.38690185547e-05
waiting for write to finish
measurement finished
estimated time: 62.915 actual time: :63.248
flush and close file /Users/jan/PychronDev/data/isotopes/2a/a3b97a-8133-439d-942a-c7ce53e2111b.h5
activate_detectors ('H1', 'AX', 'CDD') {'peak_center': True}
peak_center () {'detector': 'H1', 'integration_time': 0.262144, 'isotope': 'Ar40'}
peak center: mean=153.201092021 threshold=3
peak center started
setup peak center. detector=['H1', 'AX', 'CDD'], isotope=Ar40
VersionedUnpickler [<apptools.sweet_pickle.versioned_unpickler.VersionedUnpickler object at 0x18d9b41d0>] using Updater [<apptools.sweet_pickle.updater.Updater object at 0x12e273d10>]
VersionedUnpickler [<apptools.sweet_pickle.versioned_unpickler.VersionedUnpickler object at 0x18d9b41d0>] using Updater [<apptools.sweet_pickle.updater.Updater object at 0x12e273d10>]
VersionedUnpickler [<apptools.sweet_pickle.versioned_unpickler.VersionedUnpickler object at 0x1727a6770>] using Updater [<apptools.sweet_pickle.updater.Updater object at 0x12e273d10>]
setting integration time = 0.524288
SetIntegrationTime 0.524288 ===>> OK
Mapping mass to dac mass func: "parabolic"
H1 map mass coeffs = [-0.00063987  0.15840543  0.57274999]
H1 map mass to dac 39.9624 >> 5.88114
GetDeflection H1 ===>> 0
GetHighVoltage ===>> 4499.94659342336
do peak center. <pychron.spectrometer.jobs.peak_center.PeakCenter object at 0x12e273ef0>
doing pc
starting peak center. center dac= 5.88110536652 step_width=0.001
width = 0.001
get scan parameters. half-width=0.015,window=0.015, i=0, scalar=1
Scan parameters center=5.88111 width=0.03000 (5.86611 - 5.89611)
GetData ===>> H2,-0.264373082267193,H1,0.0444412500688831,AX,-0.0853091372814306,L1,-0.067840361096795,L2,-0.01...
Moving to starting dac 5.86610536652
setting magnet DAC
current  : 5.241765
requested: 5.866105
Delta Dac: 0.624340
Checking detector protection. dv=0.62434
Checking detector "CDD". Protection Threshold: 0.1 (V)
ProtectDetector CDD,On ===>> OK
GetDeflection CDD ===>> 2000
Protected = 2000
SetMagnetDAC 5.86610536652 ===>> OK
Magnet settling time: 0.500
GetMagnetMoving ===>> True
GetMagnetMoving ===>> True
GetMagnetMoving ===>> True
GetMagnetMoving ===>> True
GetMagnetMoving ===>> True
GetMagnetMoving ===>> True
GetMagnetMoving ===>> True
GetMagnetMoving ===>> True
GetMagnetMoving ===>> True
GetMagnetMoving ===>> False
ProtectDetector CDD,Off ===>> OK
GetDeflection CDD ===>> 50
Wait until signal near baseline. tol= 0.0333309375517. timeout= 10
GetData ===>> H2,7.55379752045138,H1,3.71696863132882,AX,0.187981095937834,L1,-0.0245026225376941,L2,-0.0758969...
GetData ===>> H2,10.0834782786346,H1,6.0795390405356,AX,0.93643974582222,L1,-0.0246391071569496,L2,-0.177420261...
GetData ===>> H2,5.56248270179884,H1,3.05464842522933,AX,0.425661054735912,L1,-0.0171776264160065,L2,-0.1137436...
GetData ===>> H2,2.22597854148677,H1,1.51132902003777,AX,0.0968619728127128,L1,-0.0250030570872545,L2,0.0332096...
GetData ===>> H2,0.72997926118415,H1,0.758102070843259,AX,-0.000452024571256602,L1,-0.00738667220089343,L2,0.03...
GetData ===>> H2,0.152464234845527,H1,0.476927639093794,AX,-0.0633076615501477,L1,-0.0565800669305433,L2,-0.182...
GetData ===>> H2,-0.0567234490824031,H1,0.233184314340984,AX,-0.0558413306775992,L1,-0.0708951930656961,L2,-0.0...
GetData ===>> H2,-0.056265402326841,H1,0.155907892465845,AX,-0.0701010611221519,L1,-0.0691923090320032,L2,0.022...
GetData ===>> H2,-0.0395462888555677,H1,0.168381650341698,AX,-0.0362684773569463,L1,-0.0415547335957215,L2,0.02...
GetData ===>> H2,-0.0717543339777323,H1,0.103573202970986,AX,-0.0848223302072849,L1,-0.048505367466356,L2,-0.01...
GetData ===>> H2,-0.0717543339777323,H1,0.103573202970986,AX,-0.0848223302072849,L1,-0.048505367466356,L2,-0.01...
GetData ===>> H2,-0.0176885717206581,H1,0.112297725577171,AX,-0.0212383068025313,L1,-0.0447541068639424,L2,-0.0...
GetData ===>> H2,-0.068442707037069,H1,0.105599322159766,AX,-0.0713530352236445,L1,-0.0139661692491511,L2,-0.01...
GetData ===>> H2,-0.129453542655119,H1,0.113132077663214,AX,-0.0701474308205531,L1,0.00341263623862701,L2,-0.07...
GetData ===>> H2,-0.18204123118287,H1,0.114800802687332,AX,-0.0742742454839568,L1,0.00910734752180262,L2,-0.013...
GetData ===>> H2,-0.120283238336557,H1,0.144771069319982,AX,-0.170833457457331,L1,0.0101264597452599,L2,0.03724...
GetData ===>> H2,-0.109635205816511,H1,0.156361022831608,AX,-0.156426335823109,L1,0.0186430727533333,L2,0.06891...
GetData ===>> H2,-0.1641025383852,H1,0.177588899995862,AX,-0.115416897685191,L1,-0.00661190759076255,L2,-0.0924...
GetData ===>> H2,-0.141360359615022,H1,0.0757837521273121,AX,-0.0719790162337388,L1,-0.0249934796262319,L2,0.01...
GetData ===>> H2,-0.126439058074565,H1,0.0840292168135417,AX,0.0838353556080172,L1,-0.0220000762477379,L2,0.018...
GetData ===>> H2,-0.125176251258254,H1,0.0495013429828497,AX,-0.0111937045752769,L1,-0.0358814844260597,L2,0.04...
Peak center failed to move to a baseline position
_do_sweep sm= 5.86610536652, em= 5.89610536652, stm= 0.001
calculated step values: start=5.86610536652, end=5.89610536652, width=0.001, nsteps=31.0
setting magnet DAC
current  : 5.866105
requested: 5.866105
Delta Dac: 0.000000
Checking detector protection. dv=0.00000
Checking detector "CDD". Protection Threshold: 0.1 (V)
SetMagnetDAC 5.86610536652 ===>> OK
GetData ===>> H2,-0.125176251258254,H1,0.0495013429828497,AX,-0.0111937045752769,L1,-0.0358814844260597,L2,0.04...
setting magnet DAC
current  : 5.866105
requested: 5.867140
Delta Dac: 0.001034
Checking detector protection. dv=0.00103
Checking detector "CDD". Protection Threshold: 0.1 (V)
SetMagnetDAC 5.86713984928 ===>> OK
Magnet settling time: 1.049
GetData ===>> H2,-0.145847501862905,H1,0.314413819960424,AX,0.0279042806144552,L1,0.017927880286145,L2,-0.04027...
setting magnet DAC
current  : 5.867140
requested: 5.868174
Delta Dac: 0.001034
Checking detector protection. dv=0.00103
Checking detector "CDD". Protection Threshold: 0.1 (V)
SetMagnetDAC 5.86817433204 ===>> OK
Magnet settling time: 1.049
GetData ===>> H2,-0.212655434641606,H1,0.80150333963569,AX,0.0982528178130966,L1,0.0257401473947319,L2,0.031637...
setting magnet DAC
current  : 5.868174
requested: 5.869209
Delta Dac: 0.001034
Checking detector protection. dv=0.00103
Checking detector "CDD". Protection Threshold: 0.1 (V)
SetMagnetDAC 5.86920881479 ===>> OK
Magnet settling time: 1.049
GetData ===>> H2,-0.280183641913059,H1,2.6406024832961,AX,0.415094151929011,L1,0.0179950774183081,L2,0.11746985...
setting magnet DAC
current  : 5.869209
requested: 5.870243
Delta Dac: 0.001034
Checking detector protection. dv=0.00103
Checking detector "CDD". Protection Threshold: 0.1 (V)
SetMagnetDAC 5.87024329755 ===>> OK
Magnet settling time: 1.049
GetData ===>> H2,-0.264344588258814,H1,13.3853386060625,AX,2.06955276572975,L1,-0.0129138346105689,L2,0.0172867...
setting magnet DAC
current  : 5.870243
requested: 5.871278
Delta Dac: 0.001034
Checking detector protection. dv=0.00103
Checking detector "CDD". Protection Threshold: 0.1 (V)
SetMagnetDAC 5.87127778031 ===>> OK
Magnet settling time: 1.049
GetData ===>> H2,-0.176553912432642,H1,37.1890915092319,AX,6.09861973246545,L1,0.0206881312041061,L2,-0.0139136...
setting magnet DAC
current  : 5.871278
requested: 5.872312
Delta Dac: 0.001034
Checking detector protection. dv=0.00103
Checking detector "CDD". Protection Threshold: 0.1 (V)
SetMagnetDAC 5.87231226307 ===>> OK
Magnet settling time: 1.049
GetData ===>> H2,-0.0477380323159947,H1,74.6467239907287,AX,13.9116815092582,L1,0.0479360105027002,L2,0.0234824...
setting magnet DAC
current  : 5.872312
requested: 5.873347
Delta Dac: 0.001034
Checking detector protection. dv=0.00103
Checking detector "CDD". Protection Threshold: 0.1 (V)
SetMagnetDAC 5.87334674583 ===>> OK
Magnet settling time: 1.049
GetData ===>> H2,-0.16519602240708,H1,110.821762232725,AX,22.7864595863292,L1,0.141178645228632,L2,-0.065588164...
setting magnet DAC
current  : 5.873347
requested: 5.874381
Delta Dac: 0.001034
Checking detector protection. dv=0.00103
Checking detector "CDD". Protection Threshold: 0.1 (V)
SetMagnetDAC 5.87438122859 ===>> OK
Magnet settling time: 1.049
GetData ===>> H2,-0.221947416286774,H1,133.375811178936,AX,29.6433238340912,L1,0.232545954993699,L2,0.098842798...
setting magnet DAC
current  : 5.874381
requested: 5.875416
Delta Dac: 0.001034
Checking detector protection. dv=0.00103
Checking detector "CDD". Protection Threshold: 0.1 (V)
SetMagnetDAC 5.87541571135 ===>> OK
Magnet settling time: 1.049
GetData ===>> H2,-0.129042646599917,H1,143.607159250466,AX,33.3353037872463,L1,0.298306707029545,L2,0.093964340...
setting magnet DAC
current  : 5.875416
requested: 5.876450
Delta Dac: 0.001034
Checking detector protection. dv=0.00103
Checking detector "CDD". Protection Threshold: 0.1 (V)
SetMagnetDAC 5.8764501941 ===>> OK
Magnet settling time: 1.049
GetData ===>> H2,-0.103076190694951,H1,146.817526172593,AX,34.8142012729873,L1,0.363160346123911,L2,0.155464771...
setting magnet DAC
current  : 5.876450
requested: 5.877485
Delta Dac: 0.001034
Checking detector protection. dv=0.00103
Checking detector "CDD". Protection Threshold: 0.1 (V)
SetMagnetDAC 5.87748467686 ===>> OK
Magnet settling time: 1.049
GetData ===>> H2,-0.140061402909361,H1,147.723758776989,AX,35.1885455862699,L1,0.41372632379495,L2,0.2089705824...
setting magnet DAC
current  : 5.877485
requested: 5.878519
Delta Dac: 0.001034
Checking detector protection. dv=0.00103
Checking detector "CDD". Protection Threshold: 0.1 (V)
SetMagnetDAC 5.87851915962 ===>> OK
Magnet settling time: 1.049
GetData ===>> H2,-0.220717360735612,H1,148.01423995532,AX,35.1722446056682,L1,0.384765762449266,L2,0.0603917972...
setting magnet DAC
current  : 5.878519
requested: 5.879554
Delta Dac: 0.001034
Checking detector protection. dv=0.00103
Checking detector "CDD". Protection Threshold: 0.1 (V)
SetMagnetDAC 5.87955364238 ===>> OK
Magnet settling time: 1.049
GetData ===>> H2,-0.170961392660924,H1,148.104172623968,AX,35.2863569281105,L1,0.371927937710494,L2,0.193999632...
setting magnet DAC
current  : 5.879554
requested: 5.880588
Delta Dac: 0.001034
Checking detector protection. dv=0.00103
Checking detector "CDD". Protection Threshold: 0.1 (V)
SetMagnetDAC 5.88058812514 ===>> OK
Magnet settling time: 1.049
GetData ===>> H2,-0.182836469520017,H1,147.970419028391,AX,35.4778596001545,L1,0.464730065187503,L2,0.269938710...
setting magnet DAC
current  : 5.880588
requested: 5.881623
Delta Dac: 0.001034
Checking detector protection. dv=0.00103
Checking detector "CDD". Protection Threshold: 0.1 (V)
SetMagnetDAC 5.8816226079 ===>> OK
Magnet settling time: 1.049
GetData ===>> H2,-0.13123482125493,H1,147.945442715859,AX,35.423628895555,L1,0.468417555976872,L2,0.28776564442...
setting magnet DAC
current  : 5.881623
requested: 5.882657
Delta Dac: 0.001034
Checking detector protection. dv=0.00103
Checking detector "CDD". Protection Threshold: 0.1 (V)
SetMagnetDAC 5.88265709066 ===>> OK
Magnet settling time: 1.049
GetData ===>> H2,-0.179099711843838,H1,148.122382559395,AX,35.1718610810227,L1,0.457138286032355,L2,0.161486960...
setting magnet DAC
current  : 5.882657
requested: 5.883692
Delta Dac: 0.001034
Checking detector protection. dv=0.00103
Checking detector "CDD". Protection Threshold: 0.1 (V)
SetMagnetDAC 5.88369157341 ===>> OK
Magnet settling time: 1.049
GetData ===>> H2,-0.0974226515078387,H1,147.909851439689,AX,35.317051520396,L1,0.470789835392814,L2,0.210088933...
setting magnet DAC
current  : 5.883692
requested: 5.884726
Delta Dac: 0.001034
Checking detector protection. dv=0.00103
Checking detector "CDD". Protection Threshold: 0.1 (V)
SetMagnetDAC 5.88472605617 ===>> OK
Magnet settling time: 1.049
GetData ===>> H2,-0.0609750864132791,H1,147.61593071808,AX,35.0719417433981,L1,0.473197053808894,L2,0.057133175...
setting magnet DAC
current  : 5.884726
requested: 5.885761
Delta Dac: 0.001034
Checking detector protection. dv=0.00103
Checking detector "CDD". Protection Threshold: 0.1 (V)
SetMagnetDAC 5.88576053893 ===>> OK
Magnet settling time: 1.049
GetData ===>> H2,-0.113883165188306,H1,146.682394479614,AX,34.5902040419539,L1,0.459912783393913,L2,0.146409391...
setting magnet DAC
current  : 5.885761
requested: 5.886795
Delta Dac: 0.001034
Checking detector protection. dv=0.00103
Checking detector "CDD". Protection Threshold: 0.1 (V)
SetMagnetDAC 5.88679502169 ===>> OK
Magnet settling time: 1.049
GetData ===>> H2,-0.193538445410469,H1,143.437000522869,AX,33.2988647640886,L1,0.474051997272334,L2,0.163722565...
setting magnet DAC
current  : 5.886795
requested: 5.887830
Delta Dac: 0.001034
Checking detector protection. dv=0.00103
Checking detector "CDD". Protection Threshold: 0.1 (V)
SetMagnetDAC 5.88782950445 ===>> OK
Magnet settling time: 1.049
GetData ===>> H2,-0.159997656912776,H1,132.935565854605,AX,29.3474791584147,L1,0.404890960243244,L2,-0.00976936...
setting magnet DAC
current  : 5.887830
requested: 5.888864
Delta Dac: 0.001034
Checking detector protection. dv=0.00103
Checking detector "CDD". Protection Threshold: 0.1 (V)
SetMagnetDAC 5.88886398721 ===>> OK
Magnet settling time: 1.049
GetData ===>> H2,-0.105453083107369,H1,109.466224524697,AX,21.6691027725455,L1,0.301875242017107,L2,0.002687319...
setting magnet DAC
current  : 5.888864
requested: 5.889898
Delta Dac: 0.001034
Checking detector protection. dv=0.00103
Checking detector "CDD". Protection Threshold: 0.1 (V)
SetMagnetDAC 5.88989846997 ===>> OK
Magnet settling time: 1.049
GetData ===>> H2,-0.081957087125052,H1,73.920893175655,AX,12.7223202945865,L1,0.273169326221994,L2,0.0922090685...
setting magnet DAC
current  : 5.889898
requested: 5.890933
Delta Dac: 0.001034
Checking detector protection. dv=0.00103
Checking detector "CDD". Protection Threshold: 0.1 (V)
SetMagnetDAC 5.89093295272 ===>> OK
Magnet settling time: 1.049
GetData ===>> H2,-0.131626719079433,H1,39.0800262141176,AX,5.75356067175496,L1,0.214203224277958,L2,-0.08340598...
setting magnet DAC
current  : 5.890933
requested: 5.891967
Delta Dac: 0.001034
Checking detector protection. dv=0.00103
Checking detector "CDD". Protection Threshold: 0.1 (V)
SetMagnetDAC 5.89196743548 ===>> OK
Magnet settling time: 1.049
GetData ===>> H2,-0.170586300974996,H1,9.12230117747368,AX,0.903463187605362,L1,0.10566202506713,L2,0.024074694...
setting magnet DAC
current  : 5.891967
requested: 5.893002
Delta Dac: 0.001034
Checking detector protection. dv=0.00103
Checking detector "CDD". Protection Threshold: 0.1 (V)
SetMagnetDAC 5.89300191824 ===>> OK
Magnet settling time: 1.049
GetData ===>> H2,-0.268352091570437,H1,2.68931353478139,AX,0.240896654555099,L1,0.0687593171343861,L2,0.0695074...
setting magnet DAC
current  : 5.893002
requested: 5.894036
Delta Dac: 0.001034
Checking detector protection. dv=0.00103
Checking detector "CDD". Protection Threshold: 0.1 (V)
SetMagnetDAC 5.894036401 ===>> OK
Magnet settling time: 1.049
GetData ===>> H2,-0.259429961817057,H1,0.715078590868568,AX,-0.138935723890693,L1,0.0263526122613391,L2,-0.1255...
setting magnet DAC
current  : 5.894036
requested: 5.895071
Delta Dac: 0.001034
Checking detector protection. dv=0.00103
Checking detector "CDD". Protection Threshold: 0.1 (V)
SetMagnetDAC 5.89507088376 ===>> OK
Magnet settling time: 1.049
GetData ===>> H2,-0.197048411580862,H1,0.0881283709823545,AX,0.0430372111029668,L1,0.0439474261770905,L2,0.0815...
setting magnet DAC
current  : 5.895071
requested: 5.896105
Delta Dac: 0.001034
Checking detector protection. dv=0.00103
Checking detector "CDD". Protection Threshold: 0.1 (V)
SetMagnetDAC 5.89610536652 ===>> OK
Magnet settling time: 1.049
GetData ===>> H2,-0.123020772472099,H1,-0.0652664382986277,AX,-0.0363148631792831,L1,0.0339118093018702,L2,0.02...
result of _do_sweep=True
result of _calculate_peak_center=([5.8732897352554989, 5.8810753063977836, 5.8888608775400684], [108.82814790074261, 148.11919125961174, 109.37947117172837], 5.8826384326502881, 148.11919125961174)
Failed to find a valid peak. No peak greater than 1.0. max = 0.0174945393875
new center pos Detector(H1) (Ar40) @ 5.8810753064
GetHighVoltage ===>> 4499.94659342336
GetDeflection H1 ===>> 0
dac uncorrected for HV and deflection 5.8811099397
update mftable H1 Ar40 5.8811099397 message=automated run peakcenter
get initial guess parabolic
get initial guess parabolic
get initial guess parabolic
get initial guess parabolic
get initial guess parabolic
get initial guess parabolic
dump mftable to /Users/jan/PychronDev/setupfiles/spectrometer/mftables/mftable.csv
add to repo msg=modified - automated run peakcenter
sweep finished
locally archiving mftable
setting magnet DAC
current  : 5.896105
requested: 5.881075
Delta Dac: 0.015030
Checking detector protection. dv=0.01503
Checking detector "CDD". Protection Threshold: 0.1 (V)
SetMagnetDAC 5.8810753064 ===>> OK
Magnet settling time: 0.500
setting integration time = 1.048576
SetIntegrationTime 1.048576 ===>> OK
Failed to find a valid peak. No peak greater than 1.0. max = 0.0174945393875
flush and close file /Users/jan/PychronDev/data/isotopes/2a/a3b97a-8133-439d-942a-c7ce53e2111b.h5
finished measure script
executed snippet estimated_duration=226.132928, duration=272.89539814
jan_unknown120_60.py completed successfully
Measurement Finished
06:49:01 -- ******* Measurement Finished *******
Post Measurement Started jan_pump_ms.py
06:49:01 -- ******* Post Measurement Started jan_pump_ms.py *******
testing...
no interpolation path defined
executed snippet estimated_duration=0, duration=3.88622283936e-05
Pumping spectrometer
open () {'name': 'O'}
opening name=O desc=---
checking ownership. requestor=129.138.12.150
check software interlocks O
interlocks []
actuate state mode=None-script, software_lock=False
doing actuation None-script open_channel True
Open O ===>> OK
GetIndicatorState O ===>> OK
change switch state (True, True)
update switch state O True args=() kw={} ncanvase=3
06:49:02 -- OPEN   VALVE-O (Jan Ion Pump)
---------------------------------------- open O () result=[(True, True)], time=0.12 sec
action=open, ok=True, locked=[False]
executed snippet estimated_duration=0, duration=0.371761083603
jan_pump_ms.py completed successfully
setting _ms_pumptime
Post Measurement Finished
06:49:02 -- ******* Post Measurement Finished *******
$$$$$$$$$$$$$$$$$$$$ state at run end measurement
state changed from measurement to success
post measurement save measured=True aborted=False
Set filtering
setting fod for Ar40= {'filter_outliers': True, 'std_devs': 2, 'iterations': 1}
setting fod for H1= {'filter_outliers': True, 'std_devs': 2, 'iterations': 1}
setting fod for PM41= {'filter_outliers': False, 'std_devs': 2, 'iterations': 1}
setting fod for H2= {'filter_outliers': True, 'std_devs': 2, 'iterations': 1}
setting fod for Ar36= {'filter_outliers': True, 'std_devs': 2, 'iterations': 1}
setting fod for CDD= {'filter_outliers': True, 'std_devs': 10, 'iterations': 1}
setting fod for Ar37= {'filter_outliers': True, 'std_devs': 2, 'iterations': 1}
setting fod for L2= {'filter_outliers': True, 'std_devs': 2, 'iterations': 1}
setting fod for Ar38= {'filter_outliers': True, 'std_devs': 2, 'iterations': 1}
setting fod for L1= {'filter_outliers': True, 'std_devs': 2, 'iterations': 1}
setting fod for Ar39= {'filter_outliers': True, 'std_devs': 2, 'iterations': 1}
setting fod for AX= {'filter_outliers': True, 'std_devs': 2, 'iterations': 1}
persistence save...
persistence save - db
post measurement save
6851293648 connecting to database sqlite:////Users/jan/PychronDev/.appdata/local_lab.db
connected to db sqlite:////Users/jan/PychronDev/.appdata/local_lab.db
create new session 6851293648
close session 6851293648
No database instance. Not saving post measurement to isotopedb database
$$$$$$$$$$$$$$$ auto_save_detector_ic=False
massspec enabled True
create new session 5025924496
MassSpec Database Version: 16.0
close session 5025924496
saving post measurement to secondary database
saving to massspec database 129.138.12.160/massspecdata
setting labnumber to 65591
setting aliquot to 6
setting step to 
setting uuid to 2aa3b97a-8133-439d-942a-c7ce53e2111b
setting irradpos to 65591
setting extract_device to Fusions CO2
setting tray to 
setting position to 202
setting power_requested to 0.35
setting extract_value to 0.35
setting duration to 30.0
setting duration_at_request to 30.0
setting first_stage_delay to 30.0
setting cleanup to 30.0
setting comment to O:14
setting irradiation to NM-289
setting level to O
setting irradiation_level to O
setting sample to BW-2014-10
setting material to Sanidine
setting project to Bustos Wells
setting mass_spectrometer to Jan
no attribute chron_dosages
no attribute production_ratios
no attribute interference_corrections
no attribute production_name
no attribute j
Reference Isotope=Ar40
Reference Detector=H1
%%%%%%%%%%%%%%%%%%%% Comment: O:14 %%%%%%%%%%%%%%%%%%%
adding isotope PM41 H2
add baseline dbdet= PM41. original det= H2
get baseline data PM41 H2
Get data baseline <pychron.processing.isotope.Baseline object at 0x17e6e0a10> len t=60
baseline PM41. v=-0.220878624792, e=0.00746194521842
get signal data PM41 H2
Get data signal PM41 0.08+/-0.07 len t=120
adding isotope Ar40 H1
add baseline dbdet= Ar40. original det= H1
get baseline data Ar40 H1
Get data baseline <pychron.processing.isotope.Baseline object at 0x17e6e05d0> len t=60
baseline Ar40. v=-0.0338101134885, e=0.00515415060128
get signal data Ar40 H1
Get data signal Ar40 158.419+/-0.020 len t=120
adding isotope Ar39 AX
add baseline dbdet= Ar39. original det= AX
get baseline data Ar39 AX
Get data baseline <pychron.processing.isotope.Baseline object at 0x17e6e0610> len t=60
baseline Ar39. v=-0.0784166445303, e=0.00554119984027
get signal data Ar39 AX
Get data signal Ar39 38.649+/-0.017 len t=120
adding isotope Ar38 L1
add baseline dbdet= Ar38. original det= L1
get baseline data Ar38 L1
Get data baseline <pychron.processing.isotope.Baseline object at 0x17e6e06d0> len t=60
baseline Ar38. v=-0.0225117622053, e=0.00274431911394
get signal data Ar38 L1
Get data signal Ar38 0.561+/-0.005 len t=120
adding isotope Ar37 L2
add baseline dbdet= Ar37. original det= L2
get baseline data Ar37 L2
Get data baseline <pychron.processing.isotope.Baseline object at 0x17e6e0450> len t=60
baseline Ar37. v=-0.00525626608297, e=0.00637568212547
get signal data Ar37 L2
Get data signal Ar37 0.229+/-0.011 len t=120
adding isotope Ar36 CDD
add baseline dbdet= Ar36. original det= CDD
get baseline data Ar36 CDD
Get data baseline <pychron.processing.isotope.Baseline object at 0x17e6e02d0> len t=60
baseline Ar36. v=9.18003376175e-05, e=1.66311169035e-05
get signal data Ar36 CDD
Get data signal Ar36 0.00728+/-0.00021 len t=120
65591-06 added analysis time 0.488995075226s
analysis added to mass spec database
mass spec save time= 0.499
persistence save - dvc
================= post measurement started
create new session 4992585168
close session 4992585168
---------------- Experiment Queue saving disabled
DVC saving peakcenter
Failed to find a valid peak. No peak greater than 1.0. max = 0.0174945393875
Smart pull ahead: 0 behind: 0
Up-to-date with origin
add to repo msg=modified - ad8224ebc6dbfeb9f5997218dfa5fe690569839d.json
add to repo msg=modified - 91-06.json
add to repo msg=modified - 91-06.dat.json
add to repo msg=modified - 91-06.blan.json
add to repo msg=modified - 91-06.inte.json
add to repo msg=modified - 91-06.icfa.json
add to repo msg=modified - 91-06.base.json
not at valid file /Users/jan/PychronDev/data/.dvc/repositories/Load1792/655/tags/91-06.tags.json
add to repo msg=modified - 91-06.peak.json
add to repo msg=modified - 91-06.extr.json
not at valid file /Users/jan/PychronDev/data/.dvc/repositories/Load1792/655/monitor/91-06.moni.json
commit message=<COLLECTION>
add to repo msg=modified - 91-06.inte.json
add to repo msg=modified - 91-06.base.json
commit message=<ISOEVO> default collection fits
add to repo msg=modified - 91-06.blan.json
commit message=<BLANKS> preceding ba-01-J-2326
add to repo msg=modified - 91-06.icfa.json
commit message=<ICFactor> default
push repository <pychron.git_archive.repo_manager.GitRepoManager object at 0x19b78de30>
pushing to remote=origin, url=https://github.com
no changes to meta repo
create new session 4992585168
add association Load1792
get identifier "65591"
setting analysis irradiation position=<pychron.dvc.dvc_orm.IrradiationPositionTbl object at 0x1985c8090>
close session 4992585168
================= post measurement finished
06:49:14 -- ******* Post Run Check *******
loading queue conditionals post_run_actions
loading system conditionals post_run_actions
loading conditionals from /Users/jan/PychronDev/setupfiles/spectrometer/default_conditionals.yaml
loading queue conditionals post_run_terminations
loading system conditionals post_run_terminations
loading conditionals from /Users/jan/PychronDev/setupfiles/spectrometer/default_conditionals.yaml
Checking default post run terminations n=1
GetDeflection CDD ===>> 50
testing CDD==2000
evaluate ot="CDD.deflection==2000" t="CDD==2000", ctx="{'CDD': 50.0}"
06:49:14 -- ******* Post Run Check Passed *******
06:49:14 -- Automated run 65591-06 success duration: 367.272 s
----------------- finish -----------------
----------------- stop -----------------
retroactive repository identifiers disabled
finish run. runs completed=146
update duration runid=65591-06, duration=367.271615982, md5=301e91d8
loading script "jan_unknown120_60.py"
loading script "jan_pump_ms.py"
loading script "jan_co2.py"
loading script "jan_pump_extraction_line.py"
testing...
no interpolation path defined
executed snippet estimated_duration=213.652928, duration=0.000205993652344
script duration name:unknown120_60 seconds:214.0
loading script "jan_unknown120_60.py"
loading script "jan_pump_ms.py"
loading script "jan_co2.py"
loading script "jan_pump_extraction_line.py"
testing...
no interpolation path defined
executed snippet estimated_duration=0, duration=2.88486480713e-05
loading script "jan_unknown120_60.py"
loading script "jan_pump_ms.py"
loading script "jan_co2.py"
loading script "jan_pump_extraction_line.py"
testing...
no interpolation path defined
calculate duration
testing...
no interpolation path defined
executed snippet estimated_duration=0, duration=4.79221343994e-05
calculate duration
testing...
no interpolation path defined
executed snippet estimated_duration=0, duration=9.51290130615e-05
executed snippet estimated_duration=0.0, duration=0.00262308120728
script duration name:co2 seconds:0.0
loading script "jan_unknown120_60.py"
loading script "jan_pump_ms.py"
loading script "jan_co2.py"
loading script "jan_pump_extraction_line.py"
testing...
no interpolation path defined
calculate duration
testing...
no interpolation path defined
executed snippet estimated_duration=4.0, duration=0.00016188621521
executed snippet estimated_duration=4.0, duration=0.00161814689636
Script duration 214.0
Run total estimated duration= 215.000
unknown120_60 in script context. using previous estimated duration
script duration name:unknown120_60 seconds:214.0
pump_ms in script context. using previous estimated duration
co2 in script context. using previous estimated duration
script duration name:co2 seconds:0.0
pump_extraction_line in script context. using previous estimated duration
Script duration 214.0
Run total estimated duration= 215.000
script duration name:unknown120_60 seconds:214.0
script duration name:co2 seconds:0.0
Script duration 214.0
Run total estimated duration= 215.000
script duration name:unknown120_60 seconds:214.0
script duration name:co2 seconds:0.0
Script duration 214.0
Run total estimated duration= 215.000
script duration name:unknown120_60 seconds:214.0
script duration name:co2 seconds:0.0
Script duration 214.0
Run total estimated duration= 215.000
script duration name:unknown120_60 seconds:214.0
script duration name:co2 seconds:0.0
Script duration 214.0
Run total estimated duration= 215.000
loading script "jan_unknown400_120.py"
loading script "jan_pump_ms.py"
loading script "jan_co2.py"
loading script "jan_pump_extraction_line.py"
testing...
no interpolation path defined
executed snippet estimated_duration=556.052928, duration=0.000224828720093
script duration name:unknown400_120 seconds:556.0
script duration name:co2 seconds:0.0
Script duration 556.0
Run total estimated duration= 557.000
unknown400_120 in script context. using previous estimated duration
script duration name:unknown400_120 seconds:556.0
loading script "jan_unknown400_120.py"
loading script "jan_pump_ms.py"
loading script "jan_cocktail_x1.py"
loading script "jan_pump_extraction_line.py"
testing...
no interpolation path defined
calculate duration
testing...
no interpolation path defined
executed snippet estimated_duration=0, duration=4.88758087158e-05
calculate duration
testing...
no interpolation path defined
executed snippet estimated_duration=0, duration=9.91821289062e-05
calculate duration
testing...
no interpolation path defined
executed snippet estimated_duration=32.0, duration=8.98838043213e-05
calculate duration
testing...
no interpolation path defined
executed snippet estimated_duration=34.0, duration=9.79900360107e-05
calculate duration
testing...
no interpolation path defined
executed snippet estimated_duration=4.0, duration=6.19888305664e-05
calculate duration
testing...
no interpolation path defined
executed snippet estimated_duration=38.0, duration=9.79900360107e-05
executed snippet estimated_duration=108.0, duration=0.00959086418152
script duration name:cocktail_x1 seconds:108.0
Script duration 664.0
Run total estimated duration= 665.000
script duration name:unknown400_120 seconds:556.0
loading script "jan_unknown400_120.py"
loading script "jan_pump_ms.py"
loading script "jan_sniffair_x2.py"
loading script "jan_pump_extraction_line.py"
testing...
no interpolation path defined
calculate duration
testing...
no interpolation path defined
executed snippet estimated_duration=0, duration=4.72068786621e-05
calculate duration
testing...
no interpolation path defined
executed snippet estimated_duration=0, duration=0.000123023986816
calculate duration
testing...
no interpolation path defined
executed snippet estimated_duration=32.0, duration=9.67979431152e-05
calculate duration
testing...
no interpolation path defined
executed snippet estimated_duration=34.0, duration=9.89437103271e-05
calculate duration
testing...
no interpolation path defined
executed snippet estimated_duration=4.0, duration=7.10487365723e-05
calculate duration
testing...
no interpolation path defined
executed snippet estimated_duration=36.0, duration=8.98838043213e-05
calculate duration
testing...
no interpolation path defined
executed snippet estimated_duration=34.0, duration=0.000102043151855
calculate duration
testing...
no interpolation path defined
executed snippet estimated_duration=4.0, duration=0.000103950500488
calculate duration
testing...
no interpolation path defined
executed snippet estimated_duration=36.0, duration=0.000111818313599
calculate duration
testing...
no interpolation path defined
executed snippet estimated_duration=70.0, duration=0.000120878219604
executed snippet estimated_duration=250.0, duration=0.0304560661316
script duration name:sniffair_x2 seconds:250.0
Script duration 806.0
Run total estimated duration= 807.000
script duration name:unknown400_120 seconds:556.0
sniffair_x2 in script context. using previous estimated duration
script duration name:sniffair_x2 seconds:250.0
Script duration 806.0
Run total estimated duration= 807.000
script duration name:unknown400_120 seconds:556.0
cocktail_x1 in script context. using previous estimated duration
script duration name:cocktail_x1 seconds:108.0
Script duration 664.0
Run total estimated duration= 665.000
loading script "jan_ic_peak_hop3.py"
loading script "jan_pump_ms.py"
loading script "jan_air_x1.py"
loading script "jan_pump_extraction_line.py"
testing...
no interpolation path defined
executed snippet estimated_duration=133.8, duration=0.00880694389343
script duration name:ic_peak_hop3 seconds:134.0
loading script "jan_ic_peak_hop3.py"
loading script "jan_pump_ms.py"
loading script "jan_air_x1.py"
loading script "jan_pump_extraction_line.py"
testing...
no interpolation path defined
calculate duration
testing...
no interpolation path defined
executed snippet estimated_duration=0, duration=6.00814819336e-05
calculate duration
testing...
no interpolation path defined
executed snippet estimated_duration=0, duration=9.98973846436e-05
calculate duration
testing...
no interpolation path defined
executed snippet estimated_duration=32.0, duration=8.70227813721e-05
calculate duration
testing...
no interpolation path defined
executed snippet estimated_duration=34.0, duration=0.0001060962677
calculate duration
testing...
no interpolation path defined
executed snippet estimated_duration=4.0, duration=6.69956207275e-05
calculate duration
testing...
no interpolation path defined
executed snippet estimated_duration=36.0, duration=9.20295715332e-05
executed snippet estimated_duration=106.0, duration=0.0123300552368
script duration name:air_x1 seconds:106.0
Script duration 240.0
Run total estimated duration= 241.000
nruns=12 before=5.0, run_dur=5032.0, btw=495.0
write rem/ex queues
/Users/jan/PychronDev/experiments/rem/CurrentExperiment.rem.txt
/Users/jan/PychronDev/experiments/rem/CurrentExperiment.ex.txt
doing event level: 3
