do run
loading script "jan_unknown120_60.py"
loading script "jan_pump_ms.py"
loading script "jan_co2.py"
loading script "jan_pump_extraction_line.py"
testing...
no interpolation path defined
executed snippet estimated_duration=213.652928, duration=0.000176906585693
script duration name:unknown120_60 seconds:214.0
loading script "jan_unknown120_60.py"
loading script "jan_pump_ms.py"
loading script "jan_co2.py"
loading script "jan_pump_extraction_line.py"
testing...
no interpolation path defined
executed snippet estimated_duration=0, duration=1.59740447998e-05
loading script "jan_unknown120_60.py"
loading script "jan_pump_ms.py"
loading script "jan_co2.py"
loading script "jan_pump_extraction_line.py"
testing...
no interpolation path defined
calculate duration
testing...
no interpolation path defined
executed snippet estimated_duration=0, duration=3.69548797607e-05
calculate duration
testing...
no interpolation path defined
executed snippet estimated_duration=0, duration=6.69956207275e-05
executed snippet estimated_duration=0.0, duration=0.00175714492798
script duration name:co2 seconds:0.0
loading script "jan_unknown120_60.py"
loading script "jan_pump_ms.py"
loading script "jan_co2.py"
loading script "jan_pump_extraction_line.py"
testing...
no interpolation path defined
calculate duration
testing...
no interpolation path defined
executed snippet estimated_duration=4.0, duration=0.000107049942017
executed snippet estimated_duration=4.0, duration=0.000939130783081
Script duration 214.0
Run total estimated duration= 215.000
run duration: 0:03:35
doing event level: 2
06:14:57 -- Setting default integration. t=1.048576
setting integration time = 1.048576
SetIntegrationTime 1.048576 ===>> OK
----------------- start -----------------
**************** Experiment Type: Ar/Ar, Ar/Ar
create new session 4419438256
close session 4419438256
$$$$$ Clearing conditionals
adding conditionals 
Add queue conditionals
add default conditionals
adding default conditionals from /Users/jan/PychronDev/setupfiles/spectrometer/default_conditionals.yaml
Start automated run 65591-02
loading script "jan_unknown120_60.py"
loading script "jan_pump_ms.py"
loading script "jan_co2.py"
loading script "jan_pump_extraction_line.py"
%%%%%%%%%%%%%%%%%% setting automated run 65591-02
No value "sensitivity_multiplier" in metadata
$$$$$$$$$$$$$$$ auto_save_detector_ic=False
============================= Pre Extraction Check =============================
loading queue conditionals pre_run_terminations
loading system conditionals pre_run_terminations
loading conditionals from /Users/jan/PychronDev/setupfiles/spectrometer/default_conditionals.yaml
06:14:57 -- ******* Pre Extraction Check *******
Get a measurement from the spectrometer
GetData ===>> H2,-0.154672598987165,H1,-0.0475505510029837,AX,-0.111175952522368,L1,-0.043860971162585,L2,-0.04...
Pre Extraction Termination data. keys=H2,H1,AX,L1,L2,CDD, signals=-0.15467,-0.04755,-0.11118,-0.04386,-0.04098,0.00432
06:14:57 -- testing system defined conditionals
Checking default pre extraction terminations n=2
testing CDD
evaluate ot="CDD.inactive" t="CDD", ctx="{'CDD': False}"
GetDeflection CDD ===>> 50
testing CDD==2000
evaluate ot="CDD.deflection==2000" t="CDD==2000", ctx="{'CDD': 50.0}"
06:14:57 -- ******* Pre Extraction Check Passed *******
=================================================================================
06:14:57 -- stopping status monitor
stop 5025639504
Status monitor stopped
Status monitor finished
Status monitor finished
06:14:59 -- starting status monitor
start 5025639504
StatusMonitor period=1. Frequencies(state=2, checksum=3, lock=5, owner=5)
start extraction
do extraction
Analysis started at 06:15:00.555910
Extraction Started jan_co2.py
06:15:00 -- ******* Extraction Started jan_co2.py *******
state changed from not run to extraction
DO EXTRACTION <pychron.extraction_line.pyscript_runner.RemotePyScriptRunner object at 0x12bfe48f0>
testing...
no interpolation path defined
calculate duration
testing...
no interpolation path defined
executed snippet estimated_duration=0, duration=4.81605529785e-05
calculate duration
testing...
no interpolation path defined
executed snippet estimated_duration=0, duration=9.98973846436e-05
executed snippet estimated_duration=100.0, duration=0.00306606292725
Jan CO2 laser analysis
doing GOSUB
testing...
no interpolation path defined
executed snippet estimated_duration=0, duration=4.00543212891e-05
Waiting for CO2 access
wait ('FelixCO2Flag', 0) {}
waiting for FelixCO2Flag = 0
Read FelixCO2Flag ===>> 0
finished waiting
CO2 free
wait ('CO2PumpTimeFlag', 0) {}
waiting for CO2PumpTimeFlag = 0
Read CO2PumpTimeFlag ===>> 0
finished waiting
acquire ('JanCO2Flag',) {'clear': True}
acquire JanCO2Flag
Set JanCO2Flag 1 ===>> OK
JanCO2Flag acquired
set extraction state False (0.75, 'red', 1.5)
CO2 acquired
executed snippet estimated_duration=0, duration=0.0150439739227
WaitForCO2Access.py completed successfully
gosub finished
doing GOSUB
testing...
no interpolation path defined
executed snippet estimated_duration=0, duration=9.29832458496e-05
Prepare for CO2 analysis
close () {'description': 'Jan Inlet'}
closing name=--- desc=Jan Inlet
checking ownership. requestor=129.138.12.150
check software interlocks R
interlocks []
actuate state mode=None-script, software_lock=False
doing actuation None-script close_channel False
Close R ===>> OK
GetIndicatorState R ===>> False
change switch state (True, True)
update switch state R False args=() kw={} ncanvase=3
06:15:00 -- CLOSE  VALVE-R (Jan Inlet)
---------------------------------------- close None (Jan Inlet) result=[(True, True)]
action=close, ok=True, locked=[False]
open () {'description': 'Jan Ion Pump'}
opening name=--- desc=Jan Ion Pump
checking ownership. requestor=129.138.12.150
check software interlocks O
interlocks []
actuate state mode=None-script, software_lock=False
doing actuation None-script open_channel False
Open O ===>> OK
GetIndicatorState O ===>> OK
change switch state (True, True)
update switch state O True args=() kw={} ncanvase=3
06:15:01 -- OPEN   VALVE-O (Jan Ion Pump)
---------------------------------------- open None (Jan Ion Pump) result=[(True, True)], time=0.11 sec
action=open, ok=True, locked=[False]
close () {'description': 'Microbone to Minibone'}
closing name=--- desc=Microbone to Minibone
checking ownership. requestor=129.138.12.150
check software interlocks L
interlocks []
actuate state mode=None-script, software_lock=False
doing actuation None-script close_channel False
Close L ===>> OK
GetIndicatorState L ===>> False
change switch state (True, True)
update switch state L False args=() kw={} ncanvase=3
06:15:02 -- CLOSE  VALVE-L (Microbone to Minibone)
---------------------------------------- close None (Microbone to Minibone) result=[(True, True)]
action=close, ok=True, locked=[False]
open () {'description': 'Microbone to Turbo'}
opening name=--- desc=Microbone to Turbo
checking ownership. requestor=129.138.12.150
check software interlocks U
interlocks []
actuate state mode=None-script, software_lock=False
doing actuation None-script open_channel False
Open U ===>> OK
GetIndicatorState U ===>> OK
change switch state (True, True)
update switch state U True args=() kw={} ncanvase=3
06:15:02 -- OPEN   VALVE-U (Microbone to Turbo)
---------------------------------------- open None (Microbone to Turbo) result=[(True, True)], time=0.13 sec
action=open, ok=True, locked=[False]
open () {'description': 'Microbone to Inlet Pipette'}
opening name=--- desc=Microbone to Inlet Pipette
checking ownership. requestor=129.138.12.150
check software interlocks S
interlocks []
actuate state mode=None-script, software_lock=False
doing actuation None-script open_channel False
Open S ===>> OK
GetIndicatorState S ===>> OK
change switch state (True, True)
update switch state S True args=() kw={} ncanvase=3
06:15:03 -- OPEN   VALVE-S (Microbone to Inlet Pipette)
---------------------------------------- open None (Microbone to Inlet Pipette) result=[(True, True)], time=0.40 sec
action=open, ok=True, locked=[False]
open () {'description': 'Microbone to Getter D-50'}
opening name=--- desc=Microbone to Getter D-50
checking ownership. requestor=129.138.12.150
check software interlocks K
interlocks []
actuate state mode=None-script, software_lock=False
doing actuation None-script open_channel False
Open K ===>> OK
GetIndicatorState K ===>> OK
change switch state (True, True)
update switch state K True args=() kw={} ncanvase=3
06:15:03 -- OPEN   VALVE-K (Microbone to Getter D-50)
---------------------------------------- open None (Microbone to Getter D-50) result=[(True, True)], time=0.42 sec
action=open, ok=True, locked=[False]
open () {'description': 'Microbone to Getter NP-10'}
opening name=--- desc=Microbone to Getter NP-10
checking ownership. requestor=129.138.12.150
check software interlocks M
interlocks []
actuate state mode=None-script, software_lock=False
doing actuation None-script open_channel False
Open M ===>> OK
GetIndicatorState M ===>> OK
change switch state (True, True)
update switch state M True args=() kw={} ncanvase=3
06:15:04 -- OPEN   VALVE-M (Microbone to Getter NP-10)
---------------------------------------- open None (Microbone to Getter NP-10) result=[(True, True)], time=0.12 sec
action=open, ok=True, locked=[False]
close () {'description': 'CO2 Laser to Felix'}
closing name=--- desc=CO2 Laser to Felix
checking ownership. requestor=129.138.12.150
check software interlocks F
interlocks []
actuate state mode=None-script, software_lock=True
VALVE-F(CO2 Laser to Felix) software locked
change switch state (True, False)
---------------------------------------- close None (CO2 Laser to Felix) result=[(True, False)]
action=close, ok=True, locked=[True]
open () {'description': 'CO2 Laser to Jan'}
opening name=--- desc=CO2 Laser to Jan
checking ownership. requestor=129.138.12.150
check software interlocks A
interlocks []
actuate state mode=None-script, software_lock=False
doing actuation None-script open_channel False
Open A ===>> OK
GetIndicatorState A ===>> OK
change switch state (True, True)
update switch state A True args=() kw={} ncanvase=3
06:15:04 -- OPEN   VALVE-A (CO2 Laser to Jan)
---------------------------------------- open None (CO2 Laser to Jan) result=[(True, True)], time=0.13 sec
action=open, ok=True, locked=[False]
open () {'description': 'Microbone to CO2 Laser'}
opening name=--- desc=Microbone to CO2 Laser
checking ownership. requestor=129.138.12.150
check software interlocks T
interlocks []
actuate state mode=None-script, software_lock=False
doing actuation None-script open_channel False
Open T ===>> OK
GetIndicatorState T ===>> OK
change switch state (True, True)
update switch state T True args=() kw={} ncanvase=3
06:15:05 -- OPEN   VALVE-T (Microbone to CO2 Laser)
---------------------------------------- open None (Microbone to CO2 Laser) result=[(True, True)], time=0.40 sec
action=open, ok=True, locked=[False]
executed snippet estimated_duration=0, duration=4.84701299667
PrepareForCO2Analysis.py completed successfully
gosub finished
set_motor ('beam', '1.25') {}
setting motor "beam" to 1.25
set motor beam to 1.25
SetMotor beam,1.25 ===>> OK
GetMotorMoving beam ===>> False
GetMotorMoving beam ===>> False
Block completed
move_to_position ('198',) {'autocenter': True}
FusionsCO2 move to position 198
sending GoToHole 198,True
GoToHole 198,True ===>> OK
GetDriveMoving ===>> OK
GetDriveMoving ===>> OK
GetDriveMoving ===>> OK
GetDriveMoving ===>> OK
GetDriveMoving ===>> OK
GetDriveMoving ===>> OK
GetDriveMoving ===>> False
GetDriveMoving ===>> OK
GetDriveMoving ===>> OK
GetDriveMoving ===>> OK
GetDriveMoving ===>> OK
GetDriveMoving ===>> False
Block completed
GetAutoCorrecting ===>> OK
GetAutoCorrecting ===>> OK
GetAutoCorrecting ===>> OK
GetAutoCorrecting ===>> OK
GetAutoCorrecting ===>> OK
GetAutoCorrecting ===>> OK
GetAutoCorrecting ===>> OK
GetAutoCorrecting ===>> OK
GetAutoCorrecting ===>> False
GetAutoCorrecting ===>> False
Block completed
update position
GetPosition ===>> -7.97560,-11.96340,1.00000
got position (-7.9756, -11.9634, 1.0)
move to position succeeded
sleep (5,) {}
SLEEP 5.0
block started
WaitControl setup for 5.0  
Join finished
block finished. duration 5.03773498535
close () {'description': 'Microbone to Turbo'}
closing name=--- desc=Microbone to Turbo
checking ownership. requestor=129.138.12.150
check software interlocks U
interlocks []
actuate state mode=None-script, software_lock=False
doing actuation None-script close_channel True
Close U ===>> OK
GetIndicatorState U ===>> False
change switch state (True, True)
update switch state U False args=() kw={} ncanvase=3
06:15:20 -- CLOSE  VALVE-U (Microbone to Turbo)
---------------------------------------- close None (Microbone to Turbo) result=[(True, True)]
action=close, ok=True, locked=[False]
enable laser
enable () {}
set extraction state FusionsCO2 Enabled (False, 'red', 1.5)
enabling laser
Enable ===>> OK
begin interval
BEGIN INTERVAL Interval 1 waiting for 30.0
block started
set extract to 0.35
WaitControl setup for 30.0  
extract (0.35,) {}
GetPosition ===>> -7.97560,-11.96340,1.00000
set extraction state FusionsCO2 ON! 0.35(watts) (0.75, 'red', 1.5)
extract sample to 0.35 (watts)
set laser output
SetLaserOutput 0.35,watts ===>> OK
executing pattern triangle.lp
execute_pattern ('triangle.lp',) {}
executing pattern triangle.lp
IsPatterning ===>> OK
IsPatterning ===>> OK
IsPatterning ===>> OK
IsPatterning ===>> OK
IsPatterning ===>> OK
IsPatterning ===>> OK
IsPatterning ===>> OK
IsPatterning ===>> OK
IsPatterning ===>> OK
IsPatterning ===>> OK
IsPatterning ===>> OK
IsPatterning ===>> OK
IsPatterning ===>> OK
IsPatterning ===>> OK
IsPatterning ===>> OK
IsPatterning ===>> OK
IsPatterning ===>> OK
IsPatterning ===>> OK
IsPatterning ===>> OK
IsPatterning ===>> OK
IsPatterning ===>> OK
IsPatterning ===>> OK
IsPatterning ===>> OK
IsPatterning ===>> OK
IsPatterning ===>> OK
IsPatterning ===>> OK
IsPatterning ===>> False
IsPatterning ===>> False
Block completed
COMPLETE INTERVAL waiting for Interval 1 to complete
Join finished
block finished. duration 30.1136889458
Interval 1 finished
end_extract () {}
ending extraction. set laser power to 0
set laser power 0
SetLaserPower 0 ===>> OK
disable () {}
%%%%%%%%%%%%%%%%%%%%%%%%%%%%%%%%%%% disable
set extraction state False (0.75, 'red', 1.5)
disabling laser
Disable ===>> OK
sleep (30.0,) {}
SLEEP 30.0
block started
WaitControl setup for 30.0  
Join finished
block finished. duration 30.1430280209
executed snippet estimated_duration=166.0, duration=81.13408494
jan_co2.py completed successfully
GetAchievedOutput ===>> No Response
Requested Output= 0.000
Achieved Output=  0.000
GetResponseBlob ===>> No Response
GetOutputBlob ===>> No Response
persistence save...
persistence save - db
AutomatedRunPersister post_extraction_save deprecated
persistence save - dvc
no extraction position for 198
create new session 4992585168
close session 4992585168
Extraction Finished
06:16:21 -- ******* Extraction Finished *******
no overlap. not waiting for min ms pumptime
06:16:21 -- Sending spectrometer configuration
======== Sending configuration ========
SetDeflection CDD,50.0 ===>> OK
SetDeflection H2,0.0 ===>> OK
SetDeflection H1,0.0 ===>> OK
SetDeflection L2,825.0 ===>> OK
SetDeflection L1,400.0 ===>> OK
SetDeflection AX,190.0 ===>> OK
SetZFocus 74.64 ===>> OK
SetZSymmetry -50.72 ===>> OK
SetExtractionLens 26.13 ===>> OK
SetIonRepeller -3.81 ===>> OK
SetElectronEnergy 75.08 ===>> OK
SetYSymmetry -2.81 ===>> OK
SetIonCounterVoltage 1590.0 ===>> OK
send trap current 200.0
GetParameter Trap Current Readback ===>> 198.147042666178
SetParameter Trap Current Set,200.0 ===>> OK
updating mftable name mftable
Using mftable located at /Users/jan/PychronDev/setupfiles/spectrometer/mftables/mftable.csv
============ MFtable ===========
Isotope  H2     H1     AX     L1     L2     CDD    
Ar40     5.8223 5.8813 5.9947 6.1622 6.2329 6.3904
Ar39     5.7215 5.7735 5.8871 6.0482 6.1180 6.2769
Ar36     5.3990 5.4425 5.5504 5.7071 5.7730 5.9280
================================
get initial guess parabolic
get initial guess parabolic
get initial guess parabolic
get initial guess parabolic
get initial guess parabolic
get initial guess parabolic
======== Configuration Finished ========
GetYSymmetry ===>> -2.81
GetZSymmetry ===>> -50.72
GetParameter Trap Current Readback ===>> 198.035158395898
GetHighVoltage ===>> 4499.94659342336
start measurement
do measurement
L#=65591 analysis type=unknown
Measurement Started jan_unknown120_60.py
06:16:21 -- ******* Measurement Started jan_unknown120_60.py *******
state changed from extraction to measurement
setting spec, defl, and gains
GetExtractionLens ===>> 26.13
GetYSymmetry ===>> -2.81
GetZSymmetry ===>> -50.72
GetZFocus ===>> 74.64
GetDeflection H2 ===>> 0
GetDeflection H1 ===>> 0
GetDeflection AX ===>> 190
GetDeflection L1 ===>> 400
GetDeflection L2 ===>> 825
GetDeflection CDD ===>> 50
GetGain H2 ===>> 0.0113
GetGain H1 ===>> 0.1
GetGain AX ===>> 0.097049
GetGain L1 ===>> 0.010355
GetGain L2 ===>> 0.095649
GetGain CDD ===>> 0
pre measurement save
New frame /Users/jan/PychronDev/data/isotopes/31/084cfd-a274-4d73-a7e2-be7d31e7fe90.h5
flush and close file /Users/jan/PychronDev/data/isotopes/31/084cfd-a274-4d73-a7e2-be7d31e7fe90.h5
testing...
no interpolation path defined
executed snippet estimated_duration=226.132928, duration=0.00015115737915
unknown measurement script
activate_detectors ('H2', 'H1', 'AX', 'L1', 'L2', 'CDD') {}
activate detectors
*************** Set Analysis View Ar/Ar
create graphs
clearing graphs
clear isotope group
setting isotope det=H2, iso=PM41
setting isotope det=H1, iso=Ar40
setting isotope det=AX, iso=Ar39
setting isotope det=L1, iso=Ar38
setting isotope det=L2, iso=Ar37
setting isotope det=CDD, iso=Ar36
setting previous blanks
 - setting Ar40 blank 0.073+/-0.007
 - setting Ar36 blank 0.00397+/-0.00016
 - setting Ar37 blank 0.050+/-0.005
 - setting Ar38 blank 0.0099+/-0.0022
 - setting PM41 blank 0.04+/-0.06
 - setting Ar39 blank 0.032+/-0.008
load analysis view
position_magnet ('Ar40',) {'detector': 'H1'}
detector Detector(H1)
POSITION Ar40 H1
setting detector H2 to PM41 (40.9624)
setting detector H1 to Ar40 (39.9624)
setting detector AX to Ar39 (38.9624)
setting detector L1 to Ar38 (37.9624)
setting detector L2 to Ar37 (36.9624)
setting detector CDD to Ar36 (35.9624)
Mapping mass to dac mass func: "parabolic"
H1 map mass coeffs = [-0.00063987  0.15840543  0.57286999]
H1 map mass to dac 39.9624 >> 5.88126
GetDeflection H1 ===>> 0
GetHighVoltage ===>> 4499.94659342336
positioning Ar40 (5.88122536581) on H1
setting magnet DAC
current  : 5.881226
requested: 5.881225
Delta Dac: 0.000000
Checking detector protection. dv=0.00000
Checking detector "CDD". Protection Threshold: 0.1 (V)
SetMagnetDAC 5.88122536581 ===>> OK
Magnet settling time: 0.500
update labels <pychron.experiment.plot_panel.PlotPanel object at 0x1558e2ef0>
update labels "<pychron.graph.stacked_regression_graph.StackedRegressionGraph object at 0x178daa410>"
setting label 0 H2 PM41
setting label 1 H1 Ar40
setting label 2 AX Ar39
setting label 3 L1 Ar38
setting label 4 L2 Ar37
setting label 5 CDD Ar36
update labels "<pychron.graph.stacked_graph.StackedGraph object at 0x18b24df50>"
setting label 0 H2 PM41
setting label 1 H1 Ar40
setting label 2 AX Ar39
setting label 3 L1 Ar38
setting label 4 L2 Ar37
setting label 5 CDD Ar36
equilibrate () {'delay': 3, 'inlet': 'R', 'outlet': 'O', 'eqtime': 12.0}
Equilibration Started
06:16:23 -- ******* Equilibration Started *******
checking ownership. requestor=129.138.12.150
check software interlocks O
interlocks []
actuate state mode=None-script, software_lock=False
doing actuation None-script close_channel True
Close O ===>> OK
GetIndicatorState O ===>> False
change switch state (True, True)
update switch state O False args=() kw={} ncanvase=3
06:16:23 -- CLOSE  VALVE-O (Jan Ion Pump)
waiting 3s before opening inlet value ('R',)
checking ownership. requestor=129.138.12.150
check software interlocks R
interlocks []
actuate state mode=None-script, software_lock=False
doing actuation None-script open_channel True
Open R ===>> OK
GetIndicatorState R ===>> OK
change switch state (True, True)
update switch state R True args=() kw={} ncanvase=3
06:16:26 -- OPEN   VALVE-R (Jan Inlet)
set_time_zero () {}
equilibrating for 12.0sec
sniff (12.0,) {}
py_sniff
build tables- sniff [Detector(H2), Detector(H1), Detector(AX), Detector(L1), Detector(L2), Detector(CDD)]
add group /sniff/PM41 (Group) '' table H2
add group /sniff/Ar40 (Group) '' table H1
add group /sniff/Ar39 (Group) '' table AX
add group /sniff/Ar38 (Group) '' table L1
add group /sniff/Ar37 (Group) '' table L2
add group /sniff/Ar36 (Group) '' table CDD
flush and close file /Users/jan/PychronDev/data/isotopes/31/084cfd-a274-4d73-a7e2-be7d31e7fe90.h5
measuring sniff. ncounts=12.0
"sniff" increment series count="1" fit count="0" regressing="False"
starting measurement
check iteration duration=1.81198120117e-05
GetData ===>> H2,-0.172361805096259,H1,3.84774955713179,AX,1.23185901179514,L1,0.00704943207405524,L2,0.1212093...
check iteration duration=4.98294830322e-05
GetData ===>> H2,0.782796777828534,H1,73.480973331601,AX,20.2676060606364,L1,0.224625641723947,L2,0.40689409371...
check iteration duration=4.60147857666e-05
GetData ===>> H2,0.550562400757038,H1,122.4584231762,AX,31.2253233006392,L1,0.42238559600634,L2,0.3271621315888...
check iteration duration=1.90734863281e-05
GetData ===>> H2,0.184526757335458,H1,138.09009042681,AX,34.5475699373303,L1,0.508446831599458,L2,0.34380649490...
check iteration duration=4.10079956055e-05
GetData ===>> H2,0.0699293483531181,H1,143.689137237371,AX,35.5688040934388,L1,0.493362445467438,L2,0.228418054...
check iteration duration=3.2901763916e-05
GetData ===>> H2,-0.0786172623298092,H1,146.152525625241,AX,35.9478176089711,L1,0.481107498341891,L2,0.17012170...
check iteration duration=6.98566436768e-05
GetData ===>> H2,-0.12043879773832,H1,147.094465143459,AX,36.0668442008324,L1,0.517902509212908,L2,0.2052162143...
check iteration duration=4.19616699219e-05
GetData ===>> H2,-0.0592963588756521,H1,147.350932452413,AX,36.0409855849995,L1,0.522104183423716,L2,0.26267826...
check iteration duration=4.29153442383e-05
GetData ===>> H2,-0.0313432186317909,H1,147.58757929763,AX,36.3509607761057,L1,0.515383595303528,L2,0.195848053...
check iteration duration=4.50611114502e-05
GetData ===>> H2,-0.000627711196297364,H1,147.605588546013,AX,36.3013219259867,L1,0.512181054362444,L2,0.218088...
check iteration duration=1.78813934326e-05
GetData ===>> H2,-0.0298735910801574,H1,147.692262115076,AX,36.296104832695,L1,0.523470256679598,L2,0.112020435...
Equilibration Finished
06:16:38 -- ******* Equilibration Finished *******
checking ownership. requestor=129.138.12.150
check software interlocks R
interlocks []
check iteration duration=1.50203704834e-05
actuate state mode=None-script, software_lock=False
doing actuation None-script close_channel True
GetData ===>> H2,-0.0548202956163024,H1,147.601339936124,AX,36.2081242653867,L1,0.510826242822594,L2,0.26079609...
Close R ===>> OK
GetIndicatorState R ===>> False
change switch state (True, True)
update switch state R False args=() kw={} ncanvase=3
06:16:39 -- CLOSE  VALVE-R (Jan Inlet)
Post Equilibration Started jan_pump_extraction_line.py
06:16:39 -- ******* Post Equilibration Started jan_pump_extraction_line.py *******
testing...
no interpolation path defined
calculate duration
testing...
no interpolation path defined
executed snippet estimated_duration=4.0, duration=0.00012993812561
executed snippet estimated_duration=4.0, duration=0.001051902771
Pump after analysis
doing GOSUB
testing...
no interpolation path defined
executed snippet estimated_duration=4.0, duration=0.000108003616333
Pump Microbone
close () {'description': 'Jan Inlet'}
closing name=--- desc=Jan Inlet
checking ownership. requestor=129.138.12.150
check software interlocks R
interlocks []
actuate state mode=None-script, software_lock=False
doing actuation None-script close_channel False
check iteration duration=1.4066696167e-05
waiting for write to finish
Close R ===>> OK
measurement finished
estimated time: 12.583 actual time: :12.708
flush and close file /Users/jan/PychronDev/data/isotopes/31/084cfd-a274-4d73-a7e2-be7d31e7fe90.h5
set_fits () {}
using default fits file=/Users/jan/PychronDev/scripts/measurement/fits/nominal_linear.yaml
set "Ar40" to "('Linear', 'SEM')"
No fit for "PM41". defaulting to linear. check the measurement script "jan_unknown120_60.py"
set "PM41" to "linear"
set "Ar36" to "('Linear', 'SEM')"
set "Ar37" to "('linear', 'SEM')"
set "Ar38" to "('linear', 'SEM')"
set "Ar39" to "('Linear', 'SEM')"
set_baseline_fits () {}
using default fits file=/Users/jan/PychronDev/scripts/measurement/fits/nominal_linear.yaml
set "H1" to "('average', 'SEM')"
set "H2" to "('average', 'SEM')"
set "CDD" to "('average', 'SEM')"
set "L2" to "('average', 'SEM')"
set "L1" to "('average', 'SEM')"
set "AX" to "('average', 'SEM')"
multicollect () {'integration_time': 1, 'ncounts': 120}
build tables- signal [Detector(H2), Detector(H1), Detector(AX), Detector(L1), Detector(L2), Detector(CDD)]
add group /signal/PM41 (Group) '' table H2
add group /signal/Ar40 (Group) '' table H1
add group /signal/Ar39 (Group) '' table AX
add group /signal/Ar38 (Group) '' table L1
add group /signal/Ar37 (Group) '' table L2
add group /signal/Ar36 (Group) '' table CDD
flush and close file /Users/jan/PychronDev/data/isotopes/31/084cfd-a274-4d73-a7e2-be7d31e7fe90.h5
measuring signal. ncounts=120
GetIndicatorState R ===>> False
change switch state (True, True)
update switch state R False args=() kw={} ncanvase=3
06:16:40 -- CLOSE  VALVE-R (Jan Inlet)
---------------------------------------- close None (Jan Inlet) result=[(True, True)]
"signal" increment series count="2" fit count="1" regressing="True"
action=close, ok=True, locked=[False]
is_closed ('F',) {}
is F () closed?
is closed True
open () {'description': 'CO2 Laser to Jan'}
opening name=--- desc=CO2 Laser to Jan
checking ownership. requestor=129.138.12.150
check software interlocks A
interlocks []
actuate state mode=None-script, software_lock=False
doing actuation None-script open_channel False
Open A ===>> OK
GetIndicatorState A ===>> OK
change switch state (True, True)
update switch state A True args=() kw={} ncanvase=3
06:16:40 -- OPEN   VALVE-A (CO2 Laser to Jan)
---------------------------------------- open None (CO2 Laser to Jan) result=[(True, True)], time=0.12 sec
starting measurement
check iteration duration=6.29425048828e-05
GetData ===>> H2,0.0605656080629637,H1,147.715915157368,AX,36.0921997946992,L1,0.53464067904321,L2,0.1392820177...
action=open, ok=True, locked=[False]
sleep (1,) {}
SLEEP 1.0
check iteration duration=9.79900360107e-05
GetData ===>> H2,0.0130096978319234,H1,147.581445387981,AX,36.1302573918151,L1,0.507844068861816,L2,0.350177324...
close () {'description': 'CO2 Laser to Roughing'}
closing name=--- desc=CO2 Laser to Roughing
checking ownership. requestor=129.138.12.150
check software interlocks G
interlocks []
actuate state mode=None-script, software_lock=True
VALVE-G(CO2 Laser to Roughing) software locked
change switch state (True, False)
---------------------------------------- close None (CO2 Laser to Roughing) result=[(True, False)]
action=close, ok=True, locked=[True]
open () {'description': 'Microbone to Turbo'}
opening name=--- desc=Microbone to Turbo
checking ownership. requestor=129.138.12.150
check software interlocks U
interlocks []
actuate state mode=None-script, software_lock=False
doing actuation None-script open_channel True
Open U ===>> OK
GetIndicatorState U ===>> OK
change switch state (True, True)
update switch state U True args=() kw={} ncanvase=3
06:16:41 -- OPEN   VALVE-U (Microbone to Turbo)
---------------------------------------- open None (Microbone to Turbo) result=[(True, True)], time=0.18 sec
action=open, ok=True, locked=[False]
open () {'description': 'Microbone to Getter NP-10'}
opening name=--- desc=Microbone to Getter NP-10
checking ownership. requestor=129.138.12.150
check software interlocks M
interlocks []
actuate state mode=None-script, software_lock=False
doing actuation None-script open_channel False
Open M ===>> OK
GetIndicatorState M ===>> OK
change switch state (True, True)
update switch state M True args=() kw={} ncanvase=3
06:16:42 -- OPEN   VALVE-M (Microbone to Getter NP-10)
---------------------------------------- open None (Microbone to Getter NP-10) result=[(True, True)], time=0.12 sec
action=open, ok=True, locked=[False]
open () {'description': 'Microbone to Getter D-50'}
opening name=--- desc=Microbone to Getter D-50
checking ownership. requestor=129.138.12.150
check software interlocks K
interlocks []
actuate state mode=None-script, software_lock=False
doing actuation None-script open_channel False
check iteration duration=6.50882720947e-05
GetData ===>> H2,-0.0156531697219664,H1,147.6383996001,AX,36.1993766570454,L1,0.504316767303826,L2,0.2655871474...
Open K ===>> OK
GetIndicatorState K ===>> OK
change switch state (True, True)
update switch state K True args=() kw={} ncanvase=3
06:16:42 -- OPEN   VALVE-K (Microbone to Getter D-50)
---------------------------------------- open None (Microbone to Getter D-50) result=[(True, True)], time=0.39 sec
action=open, ok=True, locked=[False]
open () {'description': 'Microbone to CO2 Laser'}
opening name=--- desc=Microbone to CO2 Laser
checking ownership. requestor=129.138.12.150
check software interlocks T
interlocks []
actuate state mode=None-script, software_lock=False
doing actuation None-script open_channel False
Open T ===>> OK
GetIndicatorState T ===>> OK
change switch state (True, True)
update switch state T True args=() kw={} ncanvase=3
06:16:43 -- OPEN   VALVE-T (Microbone to CO2 Laser)
---------------------------------------- open None (Microbone to CO2 Laser) result=[(True, True)], time=0.43 sec
check iteration duration=3.79085540771e-05
GetData ===>> H2,-0.0146870579141434,H1,147.465910557676,AX,36.1214949173588,L1,0.461710104709757,L2,0.28282552...
action=open, ok=True, locked=[False]
open () {'description': 'Microbone to Inlet Pipette'}
opening name=--- desc=Microbone to Inlet Pipette
checking ownership. requestor=129.138.12.150
check software interlocks S
interlocks []
actuate state mode=None-script, software_lock=False
doing actuation None-script open_channel False
Open S ===>> OK
GetIndicatorState S ===>> OK
change switch state (True, True)
update switch state S True args=() kw={} ncanvase=3
06:16:44 -- OPEN   VALVE-S (Microbone to Inlet Pipette)
---------------------------------------- open None (Microbone to Inlet Pipette) result=[(True, True)], time=0.40 sec
action=open, ok=True, locked=[False]
sleep (1,) {}
SLEEP 1.0
testing H1>-5.0
evaluate ot="H1.bs>-5.0" t="H1>-5.0", ctx="{'H1': None}"
check iteration duration=0.000581979751587
GetData ===>> H2,-0.0423797409795816,H1,147.466946555564,AX,36.1640903643661,L1,0.454479324241367,L2,0.31198152...
set_resource () {'name': 'CO2PumpTimeFlag', 'value': 30}
Set CO2PumpTimeFlag 30 ===>> OK
release ('JanCO2Flag',) {}
release JanCO2Flag
Set JanCO2Flag 0 ===>> OK
executed snippet estimated_duration=6.0, duration=5.90952992439
PumpMicrobone.py completed successfully
gosub finished
get_resource_value () {'name': 'JanMiniboneFlag'}
Read JanMiniboneFlag ===>> 0
Get Resource Value JanMiniboneFlag=0.0
get resource value 0.0
get_resource_value () {'name': 'JanMiniboneFlag'}
Read JanMiniboneFlag ===>> 0
Get Resource Value JanMiniboneFlag=0.0
executed snippet estimated_duration=4.0, duration=5.92108678818
jan_pump_extraction_line.py completed successfully
Post Equilibration Finished
06:16:45 -- ******* Post Equilibration Finished *******
check iteration duration=9.08374786377e-05
GetData ===>> H2,-0.149459947580662,H1,147.5432583784,AX,36.099956089195,L1,0.526891154953637,L2,0.130661456006...
check iteration duration=6.79492950439e-05
GetData ===>> H2,-0.166491866829926,H1,147.331262681829,AX,35.9832954393638,L1,0.555390395365714,L2,0.151564238...
check iteration duration=7.79628753662e-05
GetData ===>> H2,-0.195159827938695,H1,147.363398028011,AX,35.9571237920773,L1,0.508884779252468,L2,0.212987576...
check iteration duration=8.58306884766e-05
GetData ===>> H2,-0.118594943564297,H1,147.322029010131,AX,36.0611660815064,L1,0.490906111475089,L2,0.166733872...
testing H1>-5.0
evaluate ot="H1.bs>-5.0" t="H1>-5.0", ctx="{'H1': None}"
check iteration duration=0.000641107559204
GetData ===>> H2,-0.103545082857965,H1,147.413869969793,AX,36.0198603325435,L1,0.53205111029183,L2,0.2024547367...
check iteration duration=3.981590271e-05
GetData ===>> H2,-0.156647836245225,H1,147.14414343483,AX,35.9182270134913,L1,0.497349393326832,L2,0.1527731586...
check iteration duration=8.20159912109e-05
GetData ===>> H2,-0.216408419095412,H1,147.287915193496,AX,36.0646994062105,L1,0.480292083683867,L2,0.206539926...
check iteration duration=3.88622283936e-05
GetData ===>> H2,-0.198597946739664,H1,147.210601088149,AX,36.0000718035282,L1,0.444771351286118,L2,0.150800117...
check iteration duration=4.10079956055e-05
GetData ===>> H2,-0.132363155715563,H1,147.273294516336,AX,36.0934924742425,L1,0.484554074298751,L2,0.164532415...
testing H1>-5.0
evaluate ot="H1.bs>-5.0" t="H1>-5.0", ctx="{'H1': None}"
check iteration duration=0.000841856002808
GetData ===>> H2,-0.198186646085816,H1,147.105207921219,AX,35.9227894898384,L1,0.499929001064527,L2,0.250129933...
check iteration duration=3.09944152832e-05
GetData ===>> H2,-0.31463312158927,H1,147.118766710827,AX,35.8735325395343,L1,0.475685922696693,L2,0.2367848778...
check iteration duration=5.69820404053e-05
GetData ===>> H2,-0.145365822294857,H1,147.217743021703,AX,35.9843670751691,L1,0.481720329812838,L2,0.194524489...
check iteration duration=8.60691070557e-05
GetData ===>> H2,-0.0673765974710778,H1,147.121934031005,AX,35.9473090209031,L1,0.464980438909984,L2,0.26951142...
check iteration duration=8.79764556885e-05
GetData ===>> H2,-0.101731367702683,H1,147.034408908679,AX,35.8968874656009,L1,0.442108595190058,L2,0.050584703...
testing H1>-5.0
evaluate ot="H1.bs>-5.0" t="H1>-5.0", ctx="{'H1': None}"
check iteration duration=0.000575065612793
GetData ===>> H2,-0.228326547886394,H1,147.014443053066,AX,35.7383464412102,L1,0.492413282118838,L2,0.134093623...
check iteration duration=9.29832458496e-05
GetData ===>> H2,-0.252642969286427,H1,146.885172877797,AX,35.834526627024,L1,0.507562381607525,L2,0.2049195228...
check iteration duration=9.70363616943e-05
GetData ===>> H2,-0.177057488523902,H1,147.112991158038,AX,35.9497282706742,L1,0.483076302834307,L2,0.128460828...
check iteration duration=9.20295715332e-05
GetData ===>> H2,-0.107750704898284,H1,147.103262166521,AX,35.7657719427639,L1,0.485004941169312,L2,0.259206546...
check iteration duration=8.60691070557e-05
GetData ===>> H2,-0.165059680158174,H1,146.916285564892,AX,35.7358335645158,L1,0.525391679771442,L2,0.272329253...
testing H1>-5.0
evaluate ot="H1.bs>-5.0" t="H1>-5.0", ctx="{'H1': None}"
check iteration duration=0.000578880310059
06:17:05 -- collecting point 25
GetData ===>> H2,-0.138184364123533,H1,146.72430103169,AX,35.7074267655406,L1,0.517933291530071,L2,0.1800349428...
check iteration duration=7.29560852051e-05
GetData ===>> H2,-0.210952916887197,H1,146.902073160106,AX,35.6421821866864,L1,0.456078570762387,L2,0.265404626...
check iteration duration=3.79085540771e-05
GetData ===>> H2,-0.211421673614597,H1,146.887427532686,AX,35.7786914900697,L1,0.490434090259126,L2,0.262621227...
check iteration duration=7.89165496826e-05
GetData ===>> H2,-0.0958564625231024,H1,146.754969724843,AX,35.7542763334527,L1,0.488774812099147,L2,0.18774721...
check iteration duration=4.10079956055e-05
GetData ===>> H2,-0.199518936269342,H1,146.537091678274,AX,35.808012890327,L1,0.446347017113569,L2,0.1541417660...
testing H1>-5.0
evaluate ot="H1.bs>-5.0" t="H1>-5.0", ctx="{'H1': None}"
check iteration duration=0.000585079193115
GetData ===>> H2,-0.122801685841429,H1,146.437799250381,AX,35.639520487582,L1,0.457313462088604,L2,0.1610079085...
check iteration duration=8.17775726318e-05
GetData ===>> H2,-0.0598347242703266,H1,146.633366909578,AX,35.7072208452545,L1,0.505569879023472,L2,0.28022416...
check iteration duration=8.60691070557e-05
GetData ===>> H2,-0.143424276948398,H1,146.65670053517,AX,35.7229404855425,L1,0.486550569035756,L2,0.2580419515...
check iteration duration=4.10079956055e-05
GetData ===>> H2,-0.147357013423091,H1,146.594580929539,AX,35.5546981882859,L1,0.4665085868999,L2,0.18345747258...
check iteration duration=9.3936920166e-05
GetData ===>> H2,-0.159881510346837,H1,146.440690859854,AX,35.5595829170036,L1,0.458240341619463,L2,0.219652507...
testing H1>-5.0
evaluate ot="H1.bs>-5.0" t="H1>-5.0", ctx="{'H1': None}"
check iteration duration=0.000591993331909
GetData ===>> H2,-0.127265079453467,H1,146.418860401125,AX,35.6693103297073,L1,0.468359852049601,L2,0.110686630...
check iteration duration=8.70227813721e-05
GetData ===>> H2,-0.120440150419425,H1,146.40182340108,AX,35.548578848722,L1,0.478568651192427,L2,0.16322069063...
check iteration duration=7.00950622559e-05
GetData ===>> H2,-0.182356855497351,H1,146.456368353854,AX,35.5742795164304,L1,0.467613413351003,L2,0.154837482...
check iteration duration=7.89165496826e-05
GetData ===>> H2,-0.265246983310193,H1,146.428422505823,AX,35.7932414396882,L1,0.47669097690452,L2,0.2490339473...
check iteration duration=9.79900360107e-05
GetData ===>> H2,-0.159203514777805,H1,146.279541653522,AX,35.5993829393117,L1,0.484117968424177,L2,0.252778616...
testing H1>-5.0
evaluate ot="H1.bs>-5.0" t="H1>-5.0", ctx="{'H1': None}"
check iteration duration=0.00055718421936
GetData ===>> H2,-0.16305080419728,H1,146.245333477765,AX,35.6387658933586,L1,0.495552493551079,L2,0.2254618753...
check iteration duration=8.79764556885e-05
GetData ===>> H2,-0.188272698166396,H1,146.174202036081,AX,35.5991497818546,L1,0.485227310562661,L2,0.218705237...
check iteration duration=8.51154327393e-05
GetData ===>> H2,-0.0424679357944633,H1,146.024174314149,AX,35.631343693691,L1,0.504377021402589,L2,0.180023534...
check iteration duration=8.89301300049e-05
GetData ===>> H2,-0.126057797161031,H1,146.19973996189,AX,35.5982583018134,L1,0.503034299189005,L2,0.1716844837...
check iteration duration=3.91006469727e-05
GetData ===>> H2,-0.234232319538468,H1,146.179516712883,AX,35.5888956425652,L1,0.451398130481349,L2,0.263693511...
testing H1>-5.0
evaluate ot="H1.bs>-5.0" t="H1>-5.0", ctx="{'H1': None}"
check iteration duration=0.000562906265259
GetData ===>> H2,-0.0838372546854488,H1,145.876223764973,AX,35.6668812977229,L1,0.453319626986767,L2,0.18256760...
check iteration duration=8.29696655273e-05
GetData ===>> H2,-0.144103923187042,H1,145.860181104828,AX,35.7018807743865,L1,0.434867086984462,L2,0.309105468...
check iteration duration=8.51154327393e-05
GetData ===>> H2,-0.0396575775693056,H1,146.011117528165,AX,35.4926143352964,L1,0.453997021582672,L2,0.16595822...
check iteration duration=4.19616699219e-05
GetData ===>> H2,-0.0133389845745071,H1,146.066878737651,AX,35.475597191875,L1,0.473672423102265,L2,0.212496855...
check iteration duration=4.19616699219e-05
GetData ===>> H2,-0.041557461077583,H1,145.886122292106,AX,35.4803277326419,L1,0.493241950980389,L2,0.160848225...
testing H1>-5.0
evaluate ot="H1.bs>-5.0" t="H1>-5.0", ctx="{'H1': None}"
check iteration duration=0.000581979751587
06:17:32 -- collecting point 50
GetData ===>> H2,-0.117417858779678,H1,145.631022749018,AX,35.5246808672933,L1,0.471838625726355,L2,0.178665965...
check iteration duration=8.20159912109e-05
GetData ===>> H2,-0.195768435297223,H1,145.710797228209,AX,35.4933960050684,L1,0.489810907830421,L2,0.191614995...
check iteration duration=8.51154327393e-05
GetData ===>> H2,-0.0867341089524332,H1,145.770255307429,AX,35.5060680241174,L1,0.493680901957741,L2,0.22562166...
check iteration duration=8.48770141602e-05
GetData ===>> H2,-0.134225455993077,H1,145.512567673193,AX,35.621589922121,L1,0.525779454217614,L2,0.2498901850...
check iteration duration=6.50882720947e-05
GetData ===>> H2,-0.0936419224564463,H1,145.510713617681,AX,35.5808668365492,L1,0.504720107565679,L2,0.14014867...
testing H1>-5.0
evaluate ot="H1.bs>-5.0" t="H1>-5.0", ctx="{'H1': None}"
check iteration duration=0.000576972961426
GetData ===>> H2,-0.178420689707774,H1,145.660447025581,AX,35.5137624307314,L1,0.507029779987152,L2,0.218328614...
check iteration duration=8.89301300049e-05
GetData ===>> H2,-0.13595223982737,H1,145.561563145498,AX,35.4431056890053,L1,0.459168532392177,L2,0.1497736958...
check iteration duration=8.10623168945e-05
GetData ===>> H2,-0.179453104165038,H1,145.55290860403,AX,35.4985524158857,L1,0.454008066428986,L2,0.1956312615...
check iteration duration=3.91006469727e-05
GetData ===>> H2,-0.261043571301874,H1,145.558286732408,AX,35.4720734081756,L1,0.423152233025574,L2,0.151609857...
check iteration duration=5.3882598877e-05
GetData ===>> H2,-0.236176457090558,H1,145.587117176929,AX,35.596598795813,L1,0.462610723562971,L2,0.2111958852...
testing H1>-5.0
evaluate ot="H1.bs>-5.0" t="H1>-5.0", ctx="{'H1': None}"
check iteration duration=0.000553131103516
GetData ===>> H2,-0.164203791339036,H1,145.353139790441,AX,35.4408576712097,L1,0.509050859765496,L2,0.201747263...
check iteration duration=8.70227813721e-05
GetData ===>> H2,-0.171478135324609,H1,145.464615832114,AX,35.3176047975433,L1,0.544089942476805,L2,0.228520780...
check iteration duration=8.10623168945e-05
GetData ===>> H2,-0.156523549657357,H1,145.50855057805,AX,35.360875290714,L1,0.494451877871955,L2,0.15026409585...
check iteration duration=4.00543212891e-05
GetData ===>> H2,-0.164707342590227,H1,145.599957442573,AX,35.3694847298142,L1,0.467361748018239,L2,0.218670998...
check iteration duration=8.41617584229e-05
GetData ===>> H2,-0.152849725185726,H1,145.455801391381,AX,35.4181332258652,L1,0.470576160520566,L2,0.260465289...
testing H1>-5.0
evaluate ot="H1.bs>-5.0" t="H1>-5.0", ctx="{'H1': None}"
check iteration duration=0.000588893890381
GetData ===>> H2,-0.0510739701604764,H1,145.177174318628,AX,35.4212853235085,L1,0.486825808469204,L2,0.05252334...
check iteration duration=8.20159912109e-05
GetData ===>> H2,-0.103413801257421,H1,145.180035446271,AX,35.4087185614527,L1,0.437989214403071,L2,0.169699645...
check iteration duration=8.79764556885e-05
GetData ===>> H2,-0.174768021105777,H1,145.004794293822,AX,35.3261150654994,L1,0.414035851449275,L2,0.219173164...
check iteration duration=3.91006469727e-05
GetData ===>> H2,-0.246297224471343,H1,145.081199637679,AX,35.3631372624591,L1,0.462483110654148,L2,0.225073812...
check iteration duration=9.29832458496e-05
GetData ===>> H2,-0.225889584779907,H1,144.98290462594,AX,35.20090299615,L1,0.472268488666442,L2,0.194159371591...
testing H1>-5.0
evaluate ot="H1.bs>-5.0" t="H1>-5.0", ctx="{'H1': None}"
check iteration duration=0.000954866409302
GetData ===>> H2,-0.308823347138214,H1,145.091341953065,AX,35.205533942075,L1,0.481889816689271,L2,0.2225742673...
check iteration duration=9.29832458496e-05
GetData ===>> H2,-0.243086678274853,H1,145.262348125168,AX,35.0996579805849,L1,0.482917851133832,L2,0.189036458...
check iteration duration=8.10623168945e-05
GetData ===>> H2,-0.15222949882524,H1,145.02039031838,AX,35.1086244170692,L1,0.476472264835345,L2,0.17077190942...
check iteration duration=9.10758972168e-05
GetData ===>> H2,-0.263094375823506,H1,144.969101572861,AX,35.3037649659663,L1,0.449865852932754,L2,0.182944085...
check iteration duration=7.9870223999e-05
GetData ===>> H2,-0.31178830306291,H1,144.938475491414,AX,35.2853372808746,L1,0.422841162551133,L2,0.2041093315...
testing H1>-5.0
evaluate ot="H1.bs>-5.0" t="H1>-5.0", ctx="{'H1': None}"
check iteration duration=0.000601053237915
06:17:58 -- collecting point 75
GetData ===>> H2,-0.279263166395242,H1,145.00658426727,AX,35.2190853260186,L1,0.450373724307277,L2,0.1619432019...
check iteration duration=5.41210174561e-05
GetData ===>> H2,-0.106083797736476,H1,144.796534122194,AX,35.2284013815715,L1,0.498115722971615,L2,0.230164411...
check iteration duration=8.60691070557e-05
GetData ===>> H2,-0.158043264923435,H1,144.824499135442,AX,35.3502788881349,L1,0.479024604078487,L2,0.197023302...
check iteration duration=8.58306884766e-05
GetData ===>> H2,-0.114987536802281,H1,144.810084249975,AX,35.2259229752078,L1,0.485904276740757,L2,0.279254380...
check iteration duration=0.000100135803223
GetData ===>> H2,-0.140879633229673,H1,144.794005157031,AX,35.2499424893641,L1,0.474813644566492,L2,0.268963844...
testing H1>-5.0
evaluate ot="H1.bs>-5.0" t="H1>-5.0", ctx="{'H1': None}"
check iteration duration=0.000590085983276
GetData ===>> H2,-0.173894499711184,H1,144.562345725912,AX,35.1696558391486,L1,0.471441939548974,L2,0.253223876...
check iteration duration=8.29696655273e-05
GetData ===>> H2,-0.210928670321006,H1,144.459223673209,AX,35.2359464724235,L1,0.429831495833837,L2,0.206596983...
check iteration duration=4.00543212891e-05
GetData ===>> H2,-0.0448160389855518,H1,144.587329399371,AX,35.2387537560382,L1,0.475529890060938,L2,0.18721098...
check iteration duration=8.39233398438e-05
GetData ===>> H2,-0.0228977469815301,H1,144.48916193992,AX,35.1818879316928,L1,0.470554056476298,L2,0.221775339...
check iteration duration=8.17775726318e-05
GetData ===>> H2,-0.109312956686432,H1,144.499717548323,AX,35.043151312567,L1,0.44732073976521,L2,0.18564795582...
testing H1>-5.0
evaluate ot="H1.bs>-5.0" t="H1>-5.0", ctx="{'H1': None}"
check iteration duration=0.000585079193115
GetData ===>> H2,-0.232531429307968,H1,144.480249731136,AX,35.1818605347341,L1,0.461929730658305,L2,0.212531091...
check iteration duration=8.39233398438e-05
GetData ===>> H2,-0.1042393613549,H1,144.548026946787,AX,35.181915328658,L1,0.469122306607847,L2,0.214311396086...
check iteration duration=8.70227813721e-05
GetData ===>> H2,-0.0721109340998155,H1,144.653181831775,AX,35.1066257309268,L1,0.460204750095309,L2,0.19658971...
check iteration duration=4.29153442383e-05
GetData ===>> H2,-0.135422197882158,H1,144.432097606981,AX,35.0877083827962,L1,0.408791392001899,L2,0.138107477...
check iteration duration=3.91006469727e-05
GetData ===>> H2,-0.170149128084643,H1,144.351393775456,AX,35.2238143179428,L1,0.437541561364965,L2,0.152864398...
testing H1>-5.0
evaluate ot="H1.bs>-5.0" t="H1>-5.0", ctx="{'H1': None}"
check iteration duration=0.000594139099121
GetData ===>> H2,-0.193981939244451,H1,144.291947655621,AX,34.9543357189826,L1,0.483297402299336,L2,0.270743503...
check iteration duration=4.10079956055e-05
GetData ===>> H2,-0.162733509633475,H1,144.226022186967,AX,34.8835101591089,L1,0.455501684210165,L2,0.195094988...
check iteration duration=4.00543212891e-05
GetData ===>> H2,-0.136102323736585,H1,144.004211305154,AX,35.0478579998438,L1,0.482602183297768,L2,0.100347419...
check iteration duration=9.67979431152e-05
GetData ===>> H2,-0.0519628332884453,H1,144.107745542087,AX,34.956223904214,L1,0.504894729274848,L2,0.191672043...
check iteration duration=5.00679016113e-05
GetData ===>> H2,-0.173412675278429,H1,144.357573571986,AX,34.8562612106957,L1,0.450170082051647,L2,0.162775848...
testing H1>-5.0
evaluate ot="H1.bs>-5.0" t="H1>-5.0", ctx="{'H1': None}"
check iteration duration=0.000576019287109
GetData ===>> H2,-0.181637733676154,H1,144.192443389062,AX,35.0277241362776,L1,0.410663318874176,L2,0.192128428...
check iteration duration=6.8187713623e-05
GetData ===>> H2,-0.218425977792726,H1,144.201781578402,AX,35.0075588633163,L1,0.467215662181272,L2,0.127970540...
check iteration duration=6.38961791992e-05
GetData ===>> H2,-0.142517568158311,H1,144.068343345685,AX,34.8659268057445,L1,0.514065288510693,L2,0.224697164...
check iteration duration=8.60691070557e-05
GetData ===>> H2,-0.0574206956746877,H1,144.082967810686,AX,35.0277241362776,L1,0.464398697557434,L2,0.20491952...
check iteration duration=3.88622283936e-05
GetData ===>> H2,-0.0341081039217338,H1,143.988992173395,AX,34.9629285809139,L1,0.465489796389875,L2,0.19342914...
testing H1>-5.0
evaluate ot="H1.bs>-5.0" t="H1>-5.0", ctx="{'H1': None}"
check iteration duration=0.000591993331909
06:18:24 -- collecting point 100
GetData ===>> H2,-0.230049607887243,H1,143.911358629808,AX,34.9440743856555,L1,0.458215787443715,L2,0.116033364...
check iteration duration=4.00543212891e-05
GetData ===>> H2,-0.180745851232793,H1,143.768195812094,AX,34.8609913719146,L1,0.453176054507901,L2,0.183970862...
check iteration duration=8.58306884766e-05
GetData ===>> H2,-0.210063842128758,H1,143.836929618202,AX,34.8613331541211,L1,0.493453432033053,L2,0.251454265...
check iteration duration=8.60691070557e-05
GetData ===>> H2,-0.151385606803584,H1,143.935489764799,AX,35.0540016114797,L1,0.515664264974652,L2,0.132189382...
check iteration duration=3.79085540771e-05
GetData ===>> H2,-0.152519982087862,H1,143.848227303548,AX,34.9242247292525,L1,0.468539103604279,L2,0.228612092...
testing H1>-5.0
evaluate ot="H1.bs>-5.0" t="H1>-5.0", ctx="{'H1': None}"
check iteration duration=0.000570058822632
GetData ===>> H2,-0.147585289115467,H1,143.695125807248,AX,34.958071071987,L1,0.441238322467458,L2,0.2595034059...
check iteration duration=4.2200088501e-05
GetData ===>> H2,-0.105616965769218,H1,143.832829008509,AX,34.7639366777954,L1,0.436218339276914,L2,0.249170944...
check iteration duration=6.48498535156e-05
GetData ===>> H2,-0.115995723473873,H1,143.811855918577,AX,34.8279471954941,L1,0.491261370853987,L2,0.279881887...
check iteration duration=4.81605529785e-05
GetData ===>> H2,-0.183062440956067,H1,143.602169786406,AX,34.7648389492112,L1,0.490475882932762,L2,0.095240922...
check iteration duration=8.39233398438e-05
GetData ===>> H2,-0.15926564354989,H1,143.671100785654,AX,34.9775160259261,L1,0.470630192828379,L2,0.2403806677...
testing H1>-5.0
evaluate ot="H1.bs>-5.0" t="H1>-5.0", ctx="{'H1': None}"
check iteration duration=0.000693082809448
GetData ===>> H2,-0.223825160130691,H1,143.773811561484,AX,34.8853014605933,L1,0.463189909710175,L2,0.258418730...
check iteration duration=5.41210174561e-05
GetData ===>> H2,-0.211916002329306,H1,143.631796074182,AX,34.9044468865248,L1,0.503947872326806,L2,0.169939192...
check iteration duration=7.70092010498e-05
GetData ===>> H2,-0.096056901123129,H1,143.426147337338,AX,34.8099615694634,L1,0.467633055781911,L2,0.213626659...
check iteration duration=7.39097595215e-05
GetData ===>> H2,-0.118500240107281,H1,143.461535344144,AX,34.8351285560798,L1,0.460221924864886,L2,0.193360681...
check iteration duration=4.00543212891e-05
GetData ===>> H2,-0.174192881673949,H1,143.619461411486,AX,34.8283438684478,L1,0.479131528563598,L2,0.138335542...
testing H1>-5.0
evaluate ot="H1.bs>-5.0" t="H1>-5.0", ctx="{'H1': None}"
check iteration duration=0.00080394744873
GetData ===>> H2,-0.197380183699005,H1,143.432454388131,AX,34.741655559518,L1,0.467953478223472,L2,0.1619203898...
check iteration duration=9.29832458496e-05
GetData ===>> H2,-0.170842659945613,H1,143.271315448891,AX,34.7001668023071,L1,0.431615980306922,L2,0.136511038...
check iteration duration=7.9870223999e-05
GetData ===>> H2,-0.087495104859542,H1,143.496951126,AX,34.6520173763775,L1,0.46470920098528,L2,0.1497508865714...
check iteration duration=7.29560852051e-05
GetData ===>> H2,-0.208538781428275,H1,143.465918393886,AX,34.7613666102335,L1,0.471924596880053,L2,0.110584030...
check iteration duration=4.10079956055e-05
GetData ===>> H2,-0.27544107737048,H1,143.423280572604,AX,34.6768325549144,L1,0.503802777248343,L2,0.0852110963...
testing H1>-5.0
evaluate ot="H1.bs>-5.0" t="H1>-5.0", ctx="{'H1': None}"
check iteration duration=0.000558853149414
GetData ===>> H2,-0.246792315473327,H1,143.187224925127,AX,34.7179165780163,L1,0.5016081555354,L2,0.15333200429...
check iteration duration=1.59740447998e-05
waiting for write to finish
measurement finished
estimated time: 125.829 actual time: :126.472
flush and close file /Users/jan/PychronDev/data/isotopes/31/084cfd-a274-4d73-a7e2-be7d31e7fe90.h5
baselines () {'settling_time': 15.0, 'detector': 'H1', 'mass': 34.2, 'ncounts': 60}
%%%%%%%%%%%%%%%%%%%%%%%%%%%%%%%% Baseline
build tables- baseline [Detector(H2), Detector(H1), Detector(AX), Detector(L1), Detector(L2), Detector(CDD)]
add group baseline table H2
add group baseline table H1
add group baseline table AX
add group baseline table L1
add group baseline table L2
add group baseline table CDD
flush and close file /Users/jan/PychronDev/data/isotopes/31/084cfd-a274-4d73-a7e2-be7d31e7fe90.h5
detector Detector(H1)
POSITION 34.2 H1
Mapping mass to dac mass func: "parabolic"
H1 map mass coeffs = [-0.00063987  0.15840543  0.57286999]
H1 map mass to dac 34.2 >> 5.24191599104
GetDeflection H1 ===>> 0
GetHighVoltage ===>> 4499.94659342336
positioning 34.2 (5.24188512189) on H1
setting magnet DAC
current  : 5.881225
requested: 5.241885
Delta Dac: 0.639340
Checking detector protection. dv=0.63934
Checking detector "CDD". Protection Threshold: 0.1 (V)
ProtectDetector CDD,On ===>> OK
GetDeflection CDD ===>> 2000
Protected = 2000
SetMagnetDAC 5.24188512189 ===>> OK
Magnet settling time: 0.500
GetMagnetMoving ===>> True
GetMagnetMoving ===>> True
GetMagnetMoving ===>> True
GetMagnetMoving ===>> True
GetMagnetMoving ===>> True
GetMagnetMoving ===>> True
GetMagnetMoving ===>> True
GetMagnetMoving ===>> True
GetMagnetMoving ===>> False
ProtectDetector CDD,Off ===>> OK
GetDeflection CDD ===>> 50
Delaying 15.0s for detectors to settle
Join finished
measuring baseline. ncounts=60
"baseline" increment series count="2" fit count="1" regressing="True"
starting measurement
check iteration duration=3.40938568115e-05
GetData ===>> H2,-0.301414830627428,H1,-0.0133736343965073,AX,-0.120885821788368,L1,-0.0194086406611905,L2,-0.0...
check iteration duration=3.60012054443e-05
GetData ===>> H2,-0.234630592268968,H1,-0.0101532953750592,AX,-0.0739033030104544,L1,0.0123756588304225,L2,-0.0...
check iteration duration=3.69548797607e-05
GetData ===>> H2,-0.11618246500466,H1,-0.0209231341537162,AX,-0.178983689032264,L1,0.0198512849953596,L2,0.0465...
check iteration duration=8.58306884766e-05
GetData ===>> H2,-0.118690999120902,H1,-0.0540960186869331,AX,-0.071457365671652,L1,-0.0243557942908705,L2,0.04...
testing H1>-5.0
evaluate ot="H1.bs>-5.0" t="H1>-5.0", ctx="{'H1': None}"
check iteration duration=0.000581026077271
GetData ===>> H2,-0.18731795604371,H1,-0.0383814073685372,AX,0.00190295139127603,L1,-0.0725726453795833,L2,-0.0...
check iteration duration=4.19616699219e-05
GetData ===>> H2,-0.134961095334773,H1,-0.0820733646613057,AX,-0.103666940424514,L1,-0.027235219064627,L2,-0.03...
check iteration duration=4.00543212891e-05
GetData ===>> H2,-0.183333600725869,H1,-0.0945277406633192,AX,-0.0967715809125911,L1,-0.0177094807829244,L2,0.0...
check iteration duration=6.69956207275e-05
GetData ===>> H2,-0.154082122669659,H1,-0.00188728429175706,AX,-0.1246397358046,L1,0.039188101740983,L2,0.00046...
check iteration duration=8.41617584229e-05
GetData ===>> H2,-0.0872838726685338,H1,-0.116238744469643,AX,-0.0123536422987058,L1,0.0168375502564592,L2,0.03...
testing H1>-5.0
evaluate ot="H1.bs>-5.0" t="H1>-5.0", ctx="{'H1': None}"
check iteration duration=0.000696897506714
GetData ===>> H2,-0.129415697587859,H1,-0.0155920298960719,AX,-0.00673941525929026,L1,-0.0587400743015515,L2,0....
check iteration duration=8.20159912109e-05
GetData ===>> H2,-0.145011856200678,H1,-0.0641935599156483,AX,-0.0859118474273289,L1,-0.0566193168322125,L2,-0....
check iteration duration=5.48362731934e-05
GetData ===>> H2,-0.152937564966959,H1,-0.0428289642676603,AX,-0.134431283689686,L1,-0.042390596316283,L2,-0.03...
check iteration duration=4.10079956055e-05
GetData ===>> H2,-0.167856392774064,H1,0.0563400352654011,AX,-0.119089916633006,L1,-0.0151164198762611,L2,-0.08...
check iteration duration=4.00543212891e-05
GetData ===>> H2,-0.252979121625923,H1,-0.0149837650547322,AX,-0.117444606680621,L1,-0.0544753646547597,L2,0.06...
testing H1>-5.0
evaluate ot="H1.bs>-5.0" t="H1>-5.0", ctx="{'H1': None}"
check iteration duration=0.000581026077271
GetData ===>> H2,-0.21767139562912,H1,-0.030916698742378,AX,-0.0177471711352723,L1,-0.0524837158761939,L2,-0.06...
check iteration duration=4.00543212891e-05
GetData ===>> H2,-0.120189901672359,H1,-0.0637763263268585,AX,0.00206536562680139,L1,-0.00549283115510385,L2,-0...
check iteration duration=4.38690185547e-05
GetData ===>> H2,-0.218564761527857,H1,-0.0620000838673416,AX,-0.0948129779147465,L1,0.00953817451491667,L2,0.0...
check iteration duration=4.00543212891e-05
GetData ===>> H2,-0.0874883346578854,H1,-0.0139938359392076,AX,0.0199673955454282,L1,-0.00105008220235308,L2,-0...
check iteration duration=7.70092010498e-05
GetData ===>> H2,-0.107781821780898,H1,-0.00231670427421875,AX,-0.130710574117774,L1,-0.011438223393065,L2,-0.0...
testing H1>-5.0
evaluate ot="H1.bs>-5.0" t="H1>-5.0", ctx="{'H1': None}"
check iteration duration=0.00057315826416
GetData ===>> H2,-0.16979829813095,H1,-0.0471928628368311,AX,-0.157133185741703,L1,-0.00374859906676299,L2,-0.0...
check iteration duration=8.10623168945e-05
GetData ===>> H2,-0.160506796998906,H1,0.0103758193058524,AX,0.0476680793194861,L1,-0.0193426941485812,L2,-0.02...
check iteration duration=8.70227813721e-05
GetData ===>> H2,-0.161581723218899,H1,0.0250267100781577,AX,-0.117143349731619,L1,-0.0346460261400313,L2,-0.05...
check iteration duration=4.10079956055e-05
GetData ===>> H2,-0.197454359061406,H1,-0.0564565741227206,AX,-0.0475047968240064,L1,-0.021035584087047,L2,0.04...
check iteration duration=3.81469726562e-05
GetData ===>> H2,-0.18310291297583,H1,-0.0270648821249385,AX,-0.114907067059942,L1,-0.0275251529010438,L2,-0.00...
testing H1>-5.0
evaluate ot="H1.bs>-5.0" t="H1>-5.0", ctx="{'H1': None}"
check iteration duration=0.000579833984375
06:19:30 -- collecting point 25
GetData ===>> H2,-0.104573628462676,H1,-0.10165404508633,AX,-0.0308063921976784,L1,-0.00987007445002128,L2,-0.0...
check iteration duration=8.89301300049e-05
GetData ===>> H2,-0.206218462479214,H1,0.0798868542503996,AX,-0.098753322513185,L1,-0.0398277024440568,L2,-0.03...
check iteration duration=8.79764556885e-05
GetData ===>> H2,-0.203355810435015,H1,-0.060283416899609,AX,-0.232713883320214,L1,-0.0368520095608314,L2,-0.04...
check iteration duration=3.88622283936e-05
GetData ===>> H2,-0.252321598289016,H1,-0.0310120978918914,AX,-0.109739087641555,L1,-0.0319653676455629,L2,0.02...
check iteration duration=7.58171081543e-05
GetData ===>> H2,-0.251735307958791,H1,-0.0262778053810696,AX,-0.130084970885489,L1,-0.0027575870844756,L2,-0.1...
testing H1>-5.0
evaluate ot="H1.bs>-5.0" t="H1>-5.0", ctx="{'H1': None}"
check iteration duration=0.000575065612793
GetData ===>> H2,-0.12404582534561,H1,-0.0632398805850308,AX,-0.0449190508175827,L1,-0.0200297157003115,L2,-0.0...
check iteration duration=4.29153442383e-05
GetData ===>> H2,-0.135906267782275,H1,-0.0140057628543076,AX,-0.000927653194964925,L1,-0.0520315198526155,L2,-...
check iteration duration=8.48770141602e-05
GetData ===>> H2,-0.120226424806256,H1,0.0386654188301751,AX,-0.0575340583893607,L1,-0.035049873535145,L2,0.080...
check iteration duration=4.00543212891e-05
GetData ===>> H2,-0.181788847492916,H1,-0.04979203440294,AX,-0.101859128728034,L1,-0.0136209964384828,L2,0.0423...
check iteration duration=4.10079956055e-05
GetData ===>> H2,-0.233353647939779,H1,-0.00694478049931819,AX,-0.0482468816443869,L1,-0.00870939099191733,L2,0...
testing H1>-5.0
evaluate ot="H1.bs>-5.0" t="H1>-5.0", ctx="{'H1': None}"
check iteration duration=0.000576972961426
GetData ===>> H2,-0.172570907703473,H1,-0.00463076913448364,AX,-0.00758620990982609,L1,-0.0108939547313237,L2,-...
check iteration duration=4.29153442383e-05
GetData ===>> H2,-0.101490419575552,H1,0.0216620650445477,AX,-0.0110661105818737,L1,-0.0277779396314419,L2,0.01...
check iteration duration=4.2200088501e-05
GetData ===>> H2,-0.249469197782289,H1,-0.00541801611813038,AX,-0.199427141213105,L1,-0.0151644011689683,L2,-0....
check iteration duration=4.00543212891e-05
GetData ===>> H2,-0.291810443531994,H1,-0.114582582516776,AX,-0.117769036197672,L1,0.00186042299105848,L2,-0.05...
check iteration duration=8.17775726318e-05
GetData ===>> H2,-0.182486373522858,H1,-0.0223781065735061,AX,-0.12777947238772,L1,0.014947369063369,L2,-0.1305...
testing H1>-5.0
evaluate ot="H1.bs>-5.0" t="H1>-5.0", ctx="{'H1': None}"
check iteration duration=0.000549793243408
GetData ===>> H2,-0.0952578343088266,H1,-0.0710359425662997,AX,-0.170394766430346,L1,-0.0123348837823846,L2,-0....
check iteration duration=4.00543212891e-05
GetData ===>> H2,-0.202377167158709,H1,-0.0127057207451429,AX,-0.0412316349774488,L1,-0.0117535021281878,L2,0.0...
check iteration duration=9.89437103271e-05
GetData ===>> H2,-0.167992701371639,H1,0.0477827921836262,AX,-0.0422752574097352,L1,-0.0229115775960272,L2,0.01...
check iteration duration=8.58306884766e-05
GetData ===>> H2,-0.220448279063769,H1,0.0298113823258507,AX,0.0208956527824402,L1,-0.0141842931843476,L2,0.039...
check iteration duration=4.10079956055e-05
GetData ===>> H2,-0.228423476986498,H1,-0.00791092405332246,AX,-0.113539780828399,L1,-0.00905593136951097,L2,-0...
testing H1>-5.0
evaluate ot="H1.bs>-5.0" t="H1>-5.0", ctx="{'H1': None}"
check iteration duration=0.000587940216064
GetData ===>> H2,-0.129144020364413,H1,0.0619259105972382,AX,-0.0558065482926064,L1,-0.0244061283945364,L2,-0.1...
check iteration duration=6.69956207275e-05
GetData ===>> H2,-0.202824711505058,H1,-0.00435642403389098,AX,-0.0557485776233402,L1,0.0209145351740636,L2,0.0...
check iteration duration=4.10079956055e-05
GetData ===>> H2,-0.315613418161504,H1,0.0194548238766192,AX,-0.045035005024655,L1,-0.0175955536595467,L2,-0.06...
check iteration duration=9.3936920166e-05
GetData ===>> H2,-0.243136471584895,H1,-0.0299030771624629,AX,-0.13800272060572,L1,-0.0028043804011812,L2,-0.03...
check iteration duration=3.79085540771e-05
GetData ===>> H2,-0.31994930111122,H1,-0.046882865392006,AX,-0.0617541554299749,L1,-0.0380548514114065,L2,0.014...
testing H1>-5.0
evaluate ot="H1.bs>-5.0" t="H1>-5.0", ctx="{'H1': None}"
check iteration duration=0.000595092773438
06:19:56 -- collecting point 50
GetData ===>> H2,-0.261640696464393,H1,-0.0086265799329464,AX,-0.0588789443477258,L1,-0.0275898477403774,L2,-0....
check iteration duration=7.91549682617e-05
GetData ===>> H2,-0.273341465935428,H1,0.0084432071509656,AX,-0.0552732168324397,L1,-0.00819855193266749,L2,0.0...
check iteration duration=8.60691070557e-05
GetData ===>> H2,-0.1599665945757,H1,-0.116477038897256,AX,-0.11403803142637,L1,-0.0323222245124992,L2,-0.05181...
check iteration duration=5.00679016113e-05
GetData ===>> H2,-0.21875609165043,H1,-0.0585428772693184,AX,-0.0882067480409797,L1,0.00372238723441641,L2,-0.0...
check iteration duration=8.29696655273e-05
GetData ===>> H2,-0.225628354231754,H1,-0.106670754287541,AX,0.00902623040274943,L1,0.0139015571052751,L2,-0.01...
testing H1>-5.0
evaluate ot="H1.bs>-5.0" t="H1>-5.0", ctx="{'H1': None}"
check iteration duration=0.000589847564697
GetData ===>> H2,-0.268995922707259,H1,-0.0636571164105203,AX,-0.0454176529278974,L1,-0.0397222984236823,L2,0.0...
check iteration duration=9.41753387451e-05
GetData ===>> H2,-0.185579525244221,H1,-0.0230101781658608,AX,-0.146513343641459,L1,-0.0532612540303239,L2,0.01...
check iteration duration=8.70227813721e-05
GetData ===>> H2,-0.0812919101840078,H1,-0.0116203515558187,AX,-0.15491888203298,L1,0.00243302137660543,L2,-0.0...
check iteration duration=9.60826873779e-05
GetData ===>> H2,-0.202332681361602,H1,-0.0381667749586033,AX,0.0185402173092748,L1,-0.0484251860538885,L2,-0.0...
check iteration duration=8.82148742676e-05
GetData ===>> H2,-0.283366798998006,H1,-0.068747253407042,AX,-0.0570471123384325,L1,-0.0696599069630202,L2,0.04...
testing H1>-5.0
evaluate ot="H1.bs>-5.0" t="H1>-5.0", ctx="{'H1': None}"
check iteration duration=0.000552177429199
GetData ===>> H2,-0.293528750028967,H1,-0.0578633433064855,AX,-0.0668667201337114,L1,-0.0398480644569533,L2,0.0...
check iteration duration=3.48091125488e-05
waiting for write to finish
measurement finished
estimated time: 62.915 actual time: :63.309
flush and close file /Users/jan/PychronDev/data/isotopes/31/084cfd-a274-4d73-a7e2-be7d31e7fe90.h5
activate_detectors ('H1', 'AX', 'CDD') {'peak_center': True}
peak_center () {'detector': 'H1', 'integration_time': 0.262144, 'isotope': 'Ar40'}
peak center: mean=143.441608502 threshold=3
peak center started
setup peak center. detector=['H1', 'AX', 'CDD'], isotope=Ar40
VersionedUnpickler [<apptools.sweet_pickle.versioned_unpickler.VersionedUnpickler object at 0x165dbffb0>] using Updater [<apptools.sweet_pickle.updater.Updater object at 0x12e273d10>]
VersionedUnpickler [<apptools.sweet_pickle.versioned_unpickler.VersionedUnpickler object at 0x165dbffb0>] using Updater [<apptools.sweet_pickle.updater.Updater object at 0x12e273d10>]
VersionedUnpickler [<apptools.sweet_pickle.versioned_unpickler.VersionedUnpickler object at 0x165dbffb0>] using Updater [<apptools.sweet_pickle.updater.Updater object at 0x12e273d10>]
setting integration time = 0.524288
SetIntegrationTime 0.524288 ===>> OK
Mapping mass to dac mass func: "parabolic"
H1 map mass coeffs = [-0.00063987  0.15840543  0.57286999]
H1 map mass to dac 39.9624 >> 5.88126
GetDeflection H1 ===>> 0
GetHighVoltage ===>> 4499.94659342336
do peak center. <pychron.spectrometer.jobs.peak_center.PeakCenter object at 0x12e273ef0>
doing pc
starting peak center. center dac= 5.88122536581 step_width=0.001
width = 0.001
get scan parameters. half-width=0.015,window=0.015, i=0, scalar=1
Scan parameters center=5.88123 width=0.03000 (5.86623 - 5.89623)
GetData ===>> H2,-0.130852263460186,H1,-0.0441405384836056,AX,-0.128625214363293,L1,-0.0562338940735478,L2,-0.0...
Moving to starting dac 5.86622536581
setting magnet DAC
current  : 5.241885
requested: 5.866225
Delta Dac: 0.624340
Checking detector protection. dv=0.62434
Checking detector "CDD". Protection Threshold: 0.1 (V)
ProtectDetector CDD,On ===>> OK
GetDeflection CDD ===>> 2000
Protected = 2000
SetMagnetDAC 5.86622536581 ===>> OK
Magnet settling time: 0.500
GetMagnetMoving ===>> True
GetMagnetMoving ===>> True
GetMagnetMoving ===>> True
GetMagnetMoving ===>> True
GetMagnetMoving ===>> True
GetMagnetMoving ===>> True
GetMagnetMoving ===>> True
GetMagnetMoving ===>> True
GetMagnetMoving ===>> True
GetMagnetMoving ===>> False
ProtectDetector CDD,Off ===>> OK
GetDeflection CDD ===>> 50
Wait until signal near baseline. tol= -0.0331054038627. timeout= 10
GetData ===>> H2,6.89328766332244,H1,3.16281745092899,AX,0.0218935391840705,L1,0.0161905099819113,L2,0.07408833...
GetData ===>> H2,9.73847685318316,H1,5.91216873767013,AX,0.786202854039899,L1,-0.0138079665139122,L2,-0.0786275...
GetData ===>> H2,5.44940031256642,H1,2.79307674116611,AX,0.316258067192955,L1,-0.0323989219610504,L2,-0.0814263...
GetData ===>> H2,2.22619325969495,H1,1.36513037553654,AX,0.1267463306151,L1,-0.0512622613261442,L2,-0.095555697...
GetData ===>> H2,0.726613325887131,H1,0.71596425306597,AX,0.0866630497054976,L1,-0.0384310094552009,L2,-0.01509...
GetData ===>> H2,0.168461044097892,H1,0.339115671586243,AX,0.0909279239770461,L1,0.00845277216052598,L2,-0.0384...
GetData ===>> H2,0.04648026662261,H1,0.28207649501304,AX,0.00595178708652265,L1,-0.00321231292489254,L2,0.07247...
GetData ===>> H2,0.0371985801710977,H1,0.231084012798966,AX,-0.123156725355066,L1,0.00786776643683265,L2,0.1058...
GetData ===>> H2,-0.0244579673811059,H1,0.317041387255812,AX,-0.0766157872105967,L1,-0.00198126622833396,L2,0.0...
GetData ===>> H2,-0.0547664577905202,H1,0.0979479575190513,AX,-0.0585775060076716,L1,-0.0131439673037556,L2,0.0...
GetData ===>> H2,-0.139583371002515,H1,0.178447650356772,AX,-0.0264805743307414,L1,-0.0183397295976732,L2,-0.05...
GetData ===>> H2,-0.139583371002515,H1,0.178447650356772,AX,-0.0264805743307414,L1,-0.0183397295976732,L2,-0.05...
GetData ===>> H2,-0.214088367979557,H1,0.137855892190797,AX,-0.0531514562090556,L1,-0.0271098768247734,L2,-0.12...
GetData ===>> H2,-0.191682760459061,H1,0.227146066045703,AX,-0.0837791639895075,L1,-0.0252377020333677,L2,-0.06...
GetData ===>> H2,-0.206738621828801,H1,0.129462939227909,AX,0.00381713639053272,L1,-0.0402349348639759,L2,-0.12...
GetData ===>> H2,-0.180612357562663,H1,0.14727495806659,AX,0.0514170387272502,L1,-0.0243828976625896,L2,-0.0867...
GetData ===>> H2,-0.16148584826295,H1,0.18944507648182,AX,0.0153958577906239,L1,-0.0184619223394232,L2,-0.10169...
GetData ===>> H2,-0.186361802657103,H1,0.193906415617096,AX,-0.0402111933334582,L1,-0.0391066210371501,L2,-0.02...
GetData ===>> H2,-0.200759389313955,H1,0.142291088826796,AX,-0.0959487406689461,L1,-0.0511832983299966,L2,-0.07...
GetData ===>> H2,-0.131599692077788,H1,0.173772320777599,AX,0.0485849941366804,L1,-0.0543628627236181,L2,-0.050...
GetData ===>> H2,-0.118473181831611,H1,0.0494536050622997,AX,0.0502099276814507,L1,-0.0472846259232789,L2,0.001...
Peak center failed to move to a baseline position
_do_sweep sm= 5.86622536581, em= 5.89622536581, stm= 0.001
calculated step values: start=5.86622536581, end=5.89622536581, width=0.001, nsteps=31.0
setting magnet DAC
current  : 5.866225
requested: 5.866225
Delta Dac: 0.000000
Checking detector protection. dv=0.00000
Checking detector "CDD". Protection Threshold: 0.1 (V)
SetMagnetDAC 5.86622536581 ===>> OK
GetData ===>> H2,-0.118473181831611,H1,0.0494536050622997,AX,0.0502099276814507,L1,-0.0472846259232789,L2,0.001...
setting magnet DAC
current  : 5.866225
requested: 5.867260
Delta Dac: 0.001034
Checking detector protection. dv=0.00103
Checking detector "CDD". Protection Threshold: 0.1 (V)
SetMagnetDAC 5.86725984857 ===>> OK
Magnet settling time: 1.049
GetData ===>> H2,-0.169158680177432,H1,0.183290186004581,AX,0.0294592432578892,L1,-0.0649971573627066,L2,-0.052...
setting magnet DAC
current  : 5.867260
requested: 5.868294
Delta Dac: 0.001034
Checking detector protection. dv=0.00103
Checking detector "CDD". Protection Threshold: 0.1 (V)
SetMagnetDAC 5.86829433133 ===>> OK
Magnet settling time: 1.049
GetData ===>> H2,-0.225469963759863,H1,0.722188045487271,AX,0.10771109061335,L1,-0.0369262928093176,L2,-0.01190...
setting magnet DAC
current  : 5.868294
requested: 5.869329
Delta Dac: 0.001034
Checking detector protection. dv=0.00103
Checking detector "CDD". Protection Threshold: 0.1 (V)
SetMagnetDAC 5.86932881409 ===>> OK
Magnet settling time: 1.049
GetData ===>> H2,-0.285193859338078,H1,2.60923673129743,AX,0.351810785550796,L1,-0.0635466030701348,L2,0.080948...
setting magnet DAC
current  : 5.869329
requested: 5.870363
Delta Dac: 0.001034
Checking detector protection. dv=0.00103
Checking detector "CDD". Protection Threshold: 0.1 (V)
SetMagnetDAC 5.87036329685 ===>> OK
Magnet settling time: 1.049
GetData ===>> H2,-0.271719227305813,H1,13.834620433094,AX,2.03633434124986,L1,-0.0586987496414659,L2,-0.0150066...
setting magnet DAC
current  : 5.870363
requested: 5.871398
Delta Dac: 0.001034
Checking detector protection. dv=0.00103
Checking detector "CDD". Protection Threshold: 0.1 (V)
SetMagnetDAC 5.8713977796 ===>> OK
Magnet settling time: 1.049
GetData ===>> H2,-0.239009610757352,H1,37.6629783928025,AX,6.23368019906281,L1,-0.00597861916385674,L2,-0.00118...
setting magnet DAC
current  : 5.871398
requested: 5.872432
Delta Dac: 0.001034
Checking detector protection. dv=0.00103
Checking detector "CDD". Protection Threshold: 0.1 (V)
SetMagnetDAC 5.87243226236 ===>> OK
Magnet settling time: 1.049
GetData ===>> H2,-0.187652533093129,H1,73.4966293955136,AX,13.7945210609735,L1,0.109055415093046,L2,0.030612578...
setting magnet DAC
current  : 5.872432
requested: 5.873467
Delta Dac: 0.001034
Checking detector protection. dv=0.00103
Checking detector "CDD". Protection Threshold: 0.1 (V)
SetMagnetDAC 5.87346674512 ===>> OK
Magnet settling time: 1.049
GetData ===>> H2,-0.125246561112792,H1,106.546420736058,AX,22.1129221005158,L1,0.174894025759804,L2,0.135279517...
setting magnet DAC
current  : 5.873467
requested: 5.874501
Delta Dac: 0.001034
Checking detector protection. dv=0.00103
Checking detector "CDD". Protection Threshold: 0.1 (V)
SetMagnetDAC 5.87450122788 ===>> OK
Magnet settling time: 1.049
GetData ===>> H2,-0.20777886876249,H1,126.616974986179,AX,28.4435831319347,L1,0.218527026234482,L2,0.0398848376...
setting magnet DAC
current  : 5.874501
requested: 5.875536
Delta Dac: 0.001034
Checking detector protection. dv=0.00103
Checking detector "CDD". Protection Threshold: 0.1 (V)
SetMagnetDAC 5.87553571064 ===>> OK
Magnet settling time: 1.049
GetData ===>> H2,-0.172599237437203,H1,135.261696433134,AX,31.7705525064741,L1,0.295471754104141,L2,0.068686971...
setting magnet DAC
current  : 5.875536
requested: 5.876570
Delta Dac: 0.001034
Checking detector protection. dv=0.00103
Checking detector "CDD". Protection Threshold: 0.1 (V)
SetMagnetDAC 5.8765701934 ===>> OK
Magnet settling time: 1.049
GetData ===>> H2,0.00103749962183064,H1,137.582373888584,AX,32.8042537082584,L1,0.381995988060307,L2,0.13523390...
setting magnet DAC
current  : 5.876570
requested: 5.877605
Delta Dac: 0.001034
Checking detector protection. dv=0.00103
Checking detector "CDD". Protection Threshold: 0.1 (V)
SetMagnetDAC 5.87760467616 ===>> OK
Magnet settling time: 1.049
GetData ===>> H2,-0.172618123886991,H1,138.222050025868,AX,33.0526837913223,L1,0.413006882211755,L2,0.112111636...
setting magnet DAC
current  : 5.877605
requested: 5.878639
Delta Dac: 0.001034
Checking detector protection. dv=0.00103
Checking detector "CDD". Protection Threshold: 0.1 (V)
SetMagnetDAC 5.87863915891 ===>> OK
Magnet settling time: 1.049
GetData ===>> H2,-0.1554994843756,H1,138.296710568635,AX,33.0482378322135,L1,0.389872124709798,L2,0.22755059463...
setting magnet DAC
current  : 5.878639
requested: 5.879674
Delta Dac: 0.001034
Checking detector protection. dv=0.00103
Checking detector "CDD". Protection Threshold: 0.1 (V)
SetMagnetDAC 5.87967364167 ===>> OK
Magnet settling time: 1.049
GetData ===>> H2,-0.177913181635294,H1,138.474908201055,AX,33.0901289069886,L1,0.3972769479357,L2,0.25698012750...
setting magnet DAC
current  : 5.879674
requested: 5.880708
Delta Dac: 0.001034
Checking detector protection. dv=0.00103
Checking detector "CDD". Protection Threshold: 0.1 (V)
SetMagnetDAC 5.88070812443 ===>> OK
Magnet settling time: 1.049
GetData ===>> H2,-0.150489366332692,H1,138.474343094415,AX,33.2488853522028,L1,0.452611401115698,L2,0.108988050...
setting magnet DAC
current  : 5.880708
requested: 5.881743
Delta Dac: 0.001034
Checking detector protection. dv=0.00103
Checking detector "CDD". Protection Threshold: 0.1 (V)
SetMagnetDAC 5.88174260719 ===>> OK
Magnet settling time: 1.049
GetData ===>> H2,-0.33008937572737,H1,138.703374535524,AX,33.1964305489916,L1,0.427821870290215,L2,0.2105454067...
setting magnet DAC
current  : 5.881743
requested: 5.882777
Delta Dac: 0.001034
Checking detector protection. dv=0.00103
Checking detector "CDD". Protection Threshold: 0.1 (V)
SetMagnetDAC 5.88277708995 ===>> OK
Magnet settling time: 1.049
GetData ===>> H2,-0.0403442863139581,H1,138.578786312613,AX,33.2014523497798,L1,0.446309937088699,L2,0.04674278...
setting magnet DAC
current  : 5.882777
requested: 5.883812
Delta Dac: 0.001034
Checking detector protection. dv=0.00103
Checking detector "CDD". Protection Threshold: 0.1 (V)
SetMagnetDAC 5.88381157271 ===>> OK
Magnet settling time: 1.049
GetData ===>> H2,-0.184650482166216,H1,138.580964911257,AX,33.3048148602949,L1,0.465572032368084,L2,0.255815559...
setting magnet DAC
current  : 5.883812
requested: 5.884846
Delta Dac: 0.001034
Checking detector protection. dv=0.00103
Checking detector "CDD". Protection Threshold: 0.1 (V)
SetMagnetDAC 5.88484605547 ===>> OK
Magnet settling time: 1.049
GetData ===>> H2,-0.107161758773697,H1,138.230675425021,AX,33.0849493049613,L1,0.438577938457942,L2,0.245312256...
setting magnet DAC
current  : 5.884846
requested: 5.885881
Delta Dac: 0.001034
Checking detector protection. dv=0.00103
Checking detector "CDD". Protection Threshold: 0.1 (V)
SetMagnetDAC 5.88588053823 ===>> OK
Magnet settling time: 1.049
GetData ===>> H2,-0.138208579403314,H1,136.932268639882,AX,32.5299980912817,L1,0.474024972111957,L2,0.141209207...
setting magnet DAC
current  : 5.885881
requested: 5.886915
Delta Dac: 0.001034
Checking detector protection. dv=0.00103
Checking detector "CDD". Protection Threshold: 0.1 (V)
SetMagnetDAC 5.88691502098 ===>> OK
Magnet settling time: 1.049
GetData ===>> H2,-0.224969500633182,H1,133.493682785303,AX,31.027720257853,L1,0.432147953847659,L2,0.2131929959...
setting magnet DAC
current  : 5.886915
requested: 5.887950
Delta Dac: 0.001034
Checking detector protection. dv=0.00103
Checking detector "CDD". Protection Threshold: 0.1 (V)
SetMagnetDAC 5.88794950374 ===>> OK
Magnet settling time: 1.049
GetData ===>> H2,-0.388649259899567,H1,122.572566808824,AX,26.5535332328523,L1,0.364348608764798,L2,0.258473778...
setting magnet DAC
current  : 5.887950
requested: 5.888984
Delta Dac: 0.001034
Checking detector protection. dv=0.00103
Checking detector "CDD". Protection Threshold: 0.1 (V)
SetMagnetDAC 5.8889839865 ===>> OK
Magnet settling time: 1.049
GetData ===>> H2,-0.167250406978453,H1,97.4628960555974,AX,18.96263838895,L1,0.330843332176898,L2,0.13922500089...
setting magnet DAC
current  : 5.888984
requested: 5.890018
Delta Dac: 0.001034
Checking detector protection. dv=0.00103
Checking detector "CDD". Protection Threshold: 0.1 (V)
SetMagnetDAC 5.89001846926 ===>> OK
Magnet settling time: 1.049
GetData ===>> H2,-0.130502341446212,H1,62.2429477028148,AX,10.5629699436652,L1,0.214729059474966,L2,-0.06374475...
setting magnet DAC
current  : 5.890018
requested: 5.891053
Delta Dac: 0.001034
Checking detector protection. dv=0.00103
Checking detector "CDD". Protection Threshold: 0.1 (V)
SetMagnetDAC 5.89105295202 ===>> OK
Magnet settling time: 1.049
GetData ===>> H2,-0.0536143319323664,H1,30.8598153237268,AX,4.37199918188104,L1,0.134710530540386,L2,0.11539493...
setting magnet DAC
current  : 5.891053
requested: 5.892087
Delta Dac: 0.001034
Checking detector protection. dv=0.00103
Checking detector "CDD". Protection Threshold: 0.1 (V)
SetMagnetDAC 5.89208743478 ===>> OK
Magnet settling time: 1.049
GetData ===>> H2,-0.181760862654911,H1,11.6214765928458,AX,1.23887634452568,L1,0.117921701026602,L2,-0.08936727...
setting magnet DAC
current  : 5.892087
requested: 5.893122
Delta Dac: 0.001034
Checking detector protection. dv=0.00103
Checking detector "CDD". Protection Threshold: 0.1 (V)
SetMagnetDAC 5.89312191754 ===>> OK
Magnet settling time: 1.049
GetData ===>> H2,-0.177929362428832,H1,3.48052909259537,AX,0.295443669139355,L1,0.0784436969943533,L2,-0.008038...
setting magnet DAC
current  : 5.893122
requested: 5.894156
Delta Dac: 0.001034
Checking detector protection. dv=0.00103
Checking detector "CDD". Protection Threshold: 0.1 (V)
SetMagnetDAC 5.89415640029 ===>> OK
Magnet settling time: 1.049
GetData ===>> H2,-0.160440623586022,H1,0.878870973558077,AX,-0.13552990117181,L1,0.00844797689355948,L2,0.02876...
setting magnet DAC
current  : 5.894156
requested: 5.895191
Delta Dac: 0.001034
Checking detector protection. dv=0.00103
Checking detector "CDD". Protection Threshold: 0.1 (V)
SetMagnetDAC 5.89519088305 ===>> OK
Magnet settling time: 1.049
GetData ===>> H2,-0.283331867017939,H1,-0.0504120103096416,AX,-0.0871636181086186,L1,0.0367581879785752,L2,-0.0...
setting magnet DAC
current  : 5.895191
requested: 5.896225
Delta Dac: 0.001034
Checking detector protection. dv=0.00103
Checking detector "CDD". Protection Threshold: 0.1 (V)
SetMagnetDAC 5.89622536581 ===>> OK
Magnet settling time: 1.049
GetData ===>> H2,-0.178937919590746,H1,-0.095922057555886,AX,-0.0398169289235362,L1,0.0132084026686074,L2,-0.00...
result of _do_sweep=True
result of _calculate_peak_center=([5.8733496143083501, 5.8810750652101538, 5.8888005161119574], [102.80431009329303, 138.70199759299214, 101.91621441564537], 5.8817363878554438, 138.70199759299214)
Failed to find a valid peak. No peak greater than 1.0. max = 0.0172588601392
new center pos Detector(H1) (Ar40) @ 5.88107506521
GetHighVoltage ===>> 4499.94659342336
GetDeflection H1 ===>> 0
dac uncorrected for HV and deflection 5.88110969851
update mftable H1 Ar40 5.88110969851 message=automated run peakcenter
get initial guess parabolic
get initial guess parabolic
get initial guess parabolic
get initial guess parabolic
get initial guess parabolic
get initial guess parabolic
dump mftable to /Users/jan/PychronDev/setupfiles/spectrometer/mftables/mftable.csv
add to repo msg=modified - automated run peakcenter
sweep finished
locally archiving mftable
setting magnet DAC
current  : 5.896225
requested: 5.881075
Delta Dac: 0.015150
Checking detector protection. dv=0.01515
Checking detector "CDD". Protection Threshold: 0.1 (V)
SetMagnetDAC 5.88107506521 ===>> OK
Magnet settling time: 0.500
setting integration time = 1.048576
SetIntegrationTime 1.048576 ===>> OK
Failed to find a valid peak. No peak greater than 1.0. max = 0.0172588601392
flush and close file /Users/jan/PychronDev/data/isotopes/31/084cfd-a274-4d73-a7e2-be7d31e7fe90.h5
finished measure script
executed snippet estimated_duration=226.132928, duration=273.088558912
jan_unknown120_60.py completed successfully
Measurement Finished
06:20:55 -- ******* Measurement Finished *******
Post Measurement Started jan_pump_ms.py
06:20:55 -- ******* Post Measurement Started jan_pump_ms.py *******
testing...
no interpolation path defined
executed snippet estimated_duration=0, duration=2.69412994385e-05
Pumping spectrometer
open () {'name': 'O'}
opening name=O desc=---
checking ownership. requestor=129.138.12.150
check software interlocks O
interlocks []
actuate state mode=None-script, software_lock=False
doing actuation None-script open_channel True
Open O ===>> OK
GetIndicatorState O ===>> OK
change switch state (True, True)
update switch state O True args=() kw={} ncanvase=3
06:20:55 -- OPEN   VALVE-O (Jan Ion Pump)
---------------------------------------- open O () result=[(True, True)], time=0.10 sec
action=open, ok=True, locked=[False]
executed snippet estimated_duration=0, duration=0.35581111908
jan_pump_ms.py completed successfully
setting _ms_pumptime
Post Measurement Finished
06:20:55 -- ******* Post Measurement Finished *******
$$$$$$$$$$$$$$$$$$$$ state at run end measurement
state changed from measurement to success
post measurement save measured=True aborted=False
Set filtering
setting fod for Ar40= {'filter_outliers': True, 'std_devs': 2, 'iterations': 1}
setting fod for H1= {'filter_outliers': True, 'std_devs': 2, 'iterations': 1}
setting fod for PM41= {'filter_outliers': False, 'std_devs': 2, 'iterations': 1}
setting fod for H2= {'filter_outliers': True, 'std_devs': 2, 'iterations': 1}
setting fod for Ar36= {'filter_outliers': True, 'std_devs': 2, 'iterations': 1}
setting fod for CDD= {'filter_outliers': True, 'std_devs': 10, 'iterations': 1}
setting fod for Ar37= {'filter_outliers': True, 'std_devs': 2, 'iterations': 1}
setting fod for L2= {'filter_outliers': True, 'std_devs': 2, 'iterations': 1}
setting fod for Ar38= {'filter_outliers': True, 'std_devs': 2, 'iterations': 1}
setting fod for L1= {'filter_outliers': True, 'std_devs': 2, 'iterations': 1}
setting fod for Ar39= {'filter_outliers': True, 'std_devs': 2, 'iterations': 1}
setting fod for AX= {'filter_outliers': True, 'std_devs': 2, 'iterations': 1}
persistence save...
persistence save - db
post measurement save
6630445424 connecting to database sqlite:////Users/jan/PychronDev/.appdata/local_lab.db
connected to db sqlite:////Users/jan/PychronDev/.appdata/local_lab.db
create new session 6630445424
close session 6630445424
No database instance. Not saving post measurement to isotopedb database
$$$$$$$$$$$$$$$ auto_save_detector_ic=False
massspec enabled True
create new session 5025924496
MassSpec Database Version: 16.0
close session 5025924496
saving post measurement to secondary database
saving to massspec database 129.138.12.160/massspecdata
setting labnumber to 65591
setting aliquot to 2
setting step to 
setting uuid to 31084cfd-a274-4d73-a7e2-be7d31e7fe90
setting irradpos to 65591
setting extract_device to Fusions CO2
setting tray to 
setting position to 198
setting power_requested to 0.35
setting extract_value to 0.35
setting duration to 30.0
setting duration_at_request to 30.0
setting first_stage_delay to 30.0
setting cleanup to 30.0
setting comment to O:14
setting irradiation to NM-289
setting level to O
setting irradiation_level to O
setting sample to BW-2014-10
setting material to Sanidine
setting project to Bustos Wells
setting mass_spectrometer to Jan
no attribute chron_dosages
no attribute production_ratios
no attribute interference_corrections
no attribute production_name
no attribute j
Reference Isotope=Ar40
Reference Detector=H1
%%%%%%%%%%%%%%%%%%%% Comment: O:14 %%%%%%%%%%%%%%%%%%%
adding isotope PM41 H2
add baseline dbdet= PM41. original det= H2
get baseline data PM41 H2
Get data baseline <pychron.processing.isotope.Baseline object at 0x17e6e2990> len t=60
baseline PM41. v=-0.185269398105, e=0.0077598479854
get signal data PM41 H2
Get data signal PM41 0.06+/-0.07 len t=120
adding isotope Ar40 H1
add baseline dbdet= Ar40. original det= H1
get baseline data Ar40 H1
Get data baseline <pychron.processing.isotope.Baseline object at 0x17e6e2810> len t=60
baseline Ar40. v=-0.0302689147117, e=0.00521310714675
get signal data Ar40 H1
Get data signal Ar40 148.203+/-0.022 len t=120
adding isotope Ar39 AX
add baseline dbdet= Ar39. original det= AX
get baseline data Ar39 AX
Get data baseline <pychron.processing.isotope.Baseline object at 0x17e6e2b90> len t=60
baseline Ar39. v=-0.0745940514304, e=0.00703588122589
get signal data Ar39 AX
Get data signal Ar39 36.330+/-0.016 len t=120
adding isotope Ar38 L1
add baseline dbdet= Ar38. original det= L1
get baseline data Ar38 L1
Get data baseline <pychron.processing.isotope.Baseline object at 0x17e6e2d50> len t=60
baseline Ar38. v=-0.0190079108162, e=0.0027451695622
get signal data Ar38 L1
Get data signal Ar38 0.510+/-0.005 len t=120
adding isotope Ar37 L2
add baseline dbdet= Ar37. original det= L2
get baseline data Ar37 L2
Get data baseline <pychron.processing.isotope.Baseline object at 0x17e6e2f10> len t=60
baseline Ar37. v=-0.00523744828612, e=0.00624150411901
get signal data Ar37 L2
Get data signal Ar37 0.220+/-0.010 len t=120
adding isotope Ar36 CDD
add baseline dbdet= Ar36. original det= CDD
get baseline data Ar36 CDD
Get data baseline <pychron.processing.isotope.Baseline object at 0x17e6e0110> len t=60
baseline Ar36. v=7.93948862581e-05, e=1.29848586421e-05
get signal data Ar36 CDD
Get data signal Ar36 0.00851+/-0.00026 len t=120
65591-02 added analysis time 0.486014842987s
analysis added to mass spec database
mass spec save time= 0.494
persistence save - dvc
================= post measurement started
create new session 4992585168
close session 4992585168
---------------- Experiment Queue saving disabled
DVC saving peakcenter
Failed to find a valid peak. No peak greater than 1.0. max = 0.0172588601392
Smart pull ahead: 0 behind: 0
Up-to-date with origin
add to repo msg=modified - ad8224ebc6dbfeb9f5997218dfa5fe690569839d.json
add to repo msg=modified - 91-02.json
add to repo msg=modified - 91-02.dat.json
add to repo msg=modified - 91-02.blan.json
add to repo msg=modified - 91-02.inte.json
add to repo msg=modified - 91-02.icfa.json
add to repo msg=modified - 91-02.base.json
not at valid file /Users/jan/PychronDev/data/.dvc/repositories/Load1792/655/tags/91-02.tags.json
add to repo msg=modified - 91-02.peak.json
add to repo msg=modified - 91-02.extr.json
not at valid file /Users/jan/PychronDev/data/.dvc/repositories/Load1792/655/monitor/91-02.moni.json
commit message=<COLLECTION>
add to repo msg=modified - 91-02.inte.json
add to repo msg=modified - 91-02.base.json
commit message=<ISOEVO> default collection fits
add to repo msg=modified - 91-02.blan.json
commit message=<BLANKS> preceding ba-01-J-2326
add to repo msg=modified - 91-02.icfa.json
commit message=<ICFactor> default
push repository <pychron.git_archive.repo_manager.GitRepoManager object at 0x189a63e90>
pushing to remote=origin, url=https://github.com
no changes to meta repo
create new session 4992585168
add association Load1792
get identifier "65591"
setting analysis irradiation position=<pychron.dvc.dvc_orm.IrradiationPositionTbl object at 0x15d75f6d0>
close session 4992585168
================= post measurement finished
06:21:08 -- ******* Post Run Check *******
loading queue conditionals post_run_actions
loading system conditionals post_run_actions
loading conditionals from /Users/jan/PychronDev/setupfiles/spectrometer/default_conditionals.yaml
loading queue conditionals post_run_terminations
loading system conditionals post_run_terminations
loading conditionals from /Users/jan/PychronDev/setupfiles/spectrometer/default_conditionals.yaml
Checking default post run terminations n=1
GetDeflection CDD ===>> 50
testing CDD==2000
evaluate ot="CDD.deflection==2000" t="CDD==2000", ctx="{'CDD': 50.0}"
06:21:08 -- ******* Post Run Check Passed *******
06:21:08 -- Automated run 65591-02 success duration: 370.806 s
----------------- finish -----------------
----------------- stop -----------------
retroactive repository identifiers disabled
finish run. runs completed=142
update duration runid=65591-02, duration=370.805973768, md5=301e91d8
loading script "jan_unknown120_60.py"
loading script "jan_pump_ms.py"
loading script "jan_co2.py"
loading script "jan_pump_extraction_line.py"
testing...
no interpolation path defined
executed snippet estimated_duration=213.652928, duration=0.000329971313477
script duration name:unknown120_60 seconds:214.0
loading script "jan_unknown120_60.py"
loading script "jan_pump_ms.py"
loading script "jan_co2.py"
loading script "jan_pump_extraction_line.py"
testing...
no interpolation path defined
executed snippet estimated_duration=0, duration=2.50339508057e-05
loading script "jan_unknown120_60.py"
loading script "jan_pump_ms.py"
loading script "jan_co2.py"
loading script "jan_pump_extraction_line.py"
testing...
no interpolation path defined
calculate duration
testing...
no interpolation path defined
executed snippet estimated_duration=0, duration=4.48226928711e-05
calculate duration
testing...
no interpolation path defined
executed snippet estimated_duration=0, duration=0.000103950500488
executed snippet estimated_duration=0.0, duration=0.00294494628906
script duration name:co2 seconds:0.0
loading script "jan_unknown120_60.py"
loading script "jan_pump_ms.py"
loading script "jan_co2.py"
loading script "jan_pump_extraction_line.py"
testing...
no interpolation path defined
calculate duration
testing...
no interpolation path defined
executed snippet estimated_duration=4.0, duration=0.000154972076416
executed snippet estimated_duration=4.0, duration=0.00220084190369
Script duration 214.0
Run total estimated duration= 215.000
unknown120_60 in script context. using previous estimated duration
script duration name:unknown120_60 seconds:214.0
pump_ms in script context. using previous estimated duration
co2 in script context. using previous estimated duration
script duration name:co2 seconds:0.0
pump_extraction_line in script context. using previous estimated duration
Script duration 214.0
Run total estimated duration= 215.000
script duration name:unknown120_60 seconds:214.0
script duration name:co2 seconds:0.0
Script duration 214.0
Run total estimated duration= 215.000
script duration name:unknown120_60 seconds:214.0
script duration name:co2 seconds:0.0
Script duration 214.0
Run total estimated duration= 215.000
script duration name:unknown120_60 seconds:214.0
script duration name:co2 seconds:0.0
Script duration 214.0
Run total estimated duration= 215.000
script duration name:unknown120_60 seconds:214.0
script duration name:co2 seconds:0.0
Script duration 214.0
Run total estimated duration= 215.000
script duration name:unknown120_60 seconds:214.0
script duration name:co2 seconds:0.0
Script duration 214.0
Run total estimated duration= 215.000
script duration name:unknown120_60 seconds:214.0
script duration name:co2 seconds:0.0
Script duration 214.0
Run total estimated duration= 215.000
script duration name:unknown120_60 seconds:214.0
script duration name:co2 seconds:0.0
Script duration 214.0
Run total estimated duration= 215.000
script duration name:unknown120_60 seconds:214.0
script duration name:co2 seconds:0.0
Script duration 214.0
Run total estimated duration= 215.000
loading script "jan_unknown400_120.py"
loading script "jan_pump_ms.py"
loading script "jan_co2.py"
loading script "jan_pump_extraction_line.py"
testing...
no interpolation path defined
executed snippet estimated_duration=556.052928, duration=0.000187873840332
script duration name:unknown400_120 seconds:556.0
script duration name:co2 seconds:0.0
Script duration 556.0
Run total estimated duration= 557.000
unknown400_120 in script context. using previous estimated duration
script duration name:unknown400_120 seconds:556.0
loading script "jan_unknown400_120.py"
loading script "jan_pump_ms.py"
loading script "jan_cocktail_x1.py"
loading script "jan_pump_extraction_line.py"
testing...
no interpolation path defined
calculate duration
testing...
no interpolation path defined
executed snippet estimated_duration=0, duration=4.41074371338e-05
calculate duration
testing...
no interpolation path defined
executed snippet estimated_duration=0, duration=0.000181913375854
calculate duration
testing...
no interpolation path defined
executed snippet estimated_duration=32.0, duration=9.10758972168e-05
calculate duration
testing...
no interpolation path defined
executed snippet estimated_duration=34.0, duration=9.51290130615e-05
calculate duration
testing...
no interpolation path defined
executed snippet estimated_duration=4.0, duration=6.31809234619e-05
calculate duration
testing...
no interpolation path defined
executed snippet estimated_duration=38.0, duration=0.000104904174805
executed snippet estimated_duration=108.0, duration=0.00867891311646
script duration name:cocktail_x1 seconds:108.0
Script duration 664.0
Run total estimated duration= 665.000
script duration name:unknown400_120 seconds:556.0
loading script "jan_unknown400_120.py"
loading script "jan_pump_ms.py"
loading script "jan_sniffair_x2.py"
loading script "jan_pump_extraction_line.py"
testing...
no interpolation path defined
calculate duration
testing...
no interpolation path defined
executed snippet estimated_duration=0, duration=5.91278076172e-05
calculate duration
testing...
no interpolation path defined
executed snippet estimated_duration=0, duration=0.000141859054565
calculate duration
testing...
no interpolation path defined
executed snippet estimated_duration=32.0, duration=0.000128030776978
calculate duration
testing...
no interpolation path defined
executed snippet estimated_duration=34.0, duration=0.000162124633789
calculate duration
testing...
no interpolation path defined
executed snippet estimated_duration=4.0, duration=7.10487365723e-05
calculate duration
testing...
no interpolation path defined
executed snippet estimated_duration=36.0, duration=8.79764556885e-05
calculate duration
testing...
no interpolation path defined
executed snippet estimated_duration=34.0, duration=0.000103950500488
calculate duration
testing...
no interpolation path defined
executed snippet estimated_duration=4.0, duration=5.91278076172e-05
calculate duration
testing...
no interpolation path defined
executed snippet estimated_duration=36.0, duration=8.9168548584e-05
calculate duration
testing...
no interpolation path defined
executed snippet estimated_duration=70.0, duration=9.60826873779e-05
executed snippet estimated_duration=250.0, duration=0.0227138996124
script duration name:sniffair_x2 seconds:250.0
Script duration 806.0
Run total estimated duration= 807.000
script duration name:unknown400_120 seconds:556.0
sniffair_x2 in script context. using previous estimated duration
script duration name:sniffair_x2 seconds:250.0
Script duration 806.0
Run total estimated duration= 807.000
script duration name:unknown400_120 seconds:556.0
cocktail_x1 in script context. using previous estimated duration
script duration name:cocktail_x1 seconds:108.0
Script duration 664.0
Run total estimated duration= 665.000
loading script "jan_ic_peak_hop3.py"
loading script "jan_pump_ms.py"
loading script "jan_air_x1.py"
loading script "jan_pump_extraction_line.py"
testing...
no interpolation path defined
executed snippet estimated_duration=133.8, duration=0.00849604606628
script duration name:ic_peak_hop3 seconds:134.0
loading script "jan_ic_peak_hop3.py"
loading script "jan_pump_ms.py"
loading script "jan_air_x1.py"
loading script "jan_pump_extraction_line.py"
testing...
no interpolation path defined
calculate duration
testing...
no interpolation path defined
executed snippet estimated_duration=0, duration=8.89301300049e-05
calculate duration
testing...
no interpolation path defined
executed snippet estimated_duration=0, duration=9.58442687988e-05
calculate duration
testing...
no interpolation path defined
executed snippet estimated_duration=32.0, duration=9.41753387451e-05
calculate duration
testing...
no interpolation path defined
executed snippet estimated_duration=34.0, duration=0.000102043151855
calculate duration
testing...
no interpolation path defined
executed snippet estimated_duration=4.0, duration=9.29832458496e-05
calculate duration
testing...
no interpolation path defined
executed snippet estimated_duration=36.0, duration=0.000113964080811
executed snippet estimated_duration=106.0, duration=0.0208630561829
script duration name:air_x1 seconds:106.0
Script duration 240.0
Run total estimated duration= 241.000
nruns=16 before=5.0, run_dur=5892.0, btw=675.0
write rem/ex queues
/Users/jan/PychronDev/experiments/rem/CurrentExperiment.rem.txt
/Users/jan/PychronDev/experiments/rem/CurrentExperiment.ex.txt
doing event level: 3
