do run
loading script "jan_unknown120_60.py"
loading script "jan_pump_ms.py"
loading script "jan_co2.py"
loading script "jan_pump_extraction_line.py"
testing...
no interpolation path defined
executed snippet estimated_duration=213.652928, duration=0.000172138214111
script duration name:unknown120_60 seconds:214.0
loading script "jan_unknown120_60.py"
loading script "jan_pump_ms.py"
loading script "jan_co2.py"
loading script "jan_pump_extraction_line.py"
testing...
no interpolation path defined
executed snippet estimated_duration=0, duration=2.09808349609e-05
loading script "jan_unknown120_60.py"
loading script "jan_pump_ms.py"
loading script "jan_co2.py"
loading script "jan_pump_extraction_line.py"
testing...
no interpolation path defined
calculate duration
testing...
no interpolation path defined
executed snippet estimated_duration=0, duration=5.69820404053e-05
calculate duration
testing...
no interpolation path defined
executed snippet estimated_duration=0, duration=7.20024108887e-05
executed snippet estimated_duration=0.0, duration=0.00223302841187
script duration name:co2 seconds:0.0
loading script "jan_unknown120_60.py"
loading script "jan_pump_ms.py"
loading script "jan_co2.py"
loading script "jan_pump_extraction_line.py"
testing...
no interpolation path defined
calculate duration
testing...
no interpolation path defined
executed snippet estimated_duration=4.0, duration=0.000118017196655
executed snippet estimated_duration=4.0, duration=0.00108504295349
Script duration 214.0
Run total estimated duration= 215.000
run duration: 0:03:35
doing event level: 2
07:11:09 -- Setting default integration. t=1.048576
setting integration time = 1.048576
SetIntegrationTime 1.048576 ===>> OK
----------------- start -----------------
**************** Experiment Type: Ar/Ar, Ar/Ar
create new session 4419438256
close session 4419438256
$$$$$ Clearing conditionals
adding conditionals 
Add queue conditionals
add default conditionals
adding default conditionals from /Users/jan/PychronDev/setupfiles/spectrometer/default_conditionals.yaml
Start automated run 65591-10
loading script "jan_unknown120_60.py"
loading script "jan_pump_ms.py"
loading script "jan_co2.py"
loading script "jan_pump_extraction_line.py"
%%%%%%%%%%%%%%%%%% setting automated run 65591-10
No value "sensitivity_multiplier" in metadata
$$$$$$$$$$$$$$$ auto_save_detector_ic=False
============================= Pre Extraction Check =============================
loading queue conditionals pre_run_terminations
loading system conditionals pre_run_terminations
loading conditionals from /Users/jan/PychronDev/setupfiles/spectrometer/default_conditionals.yaml
07:11:10 -- ******* Pre Extraction Check *******
Get a measurement from the spectrometer
GetData ===>> H2,-0.0329104314455947,H1,-0.0477413175022033,AX,-0.0897598318857824,L1,-0.0392240099079525,L2,-0...
Pre Extraction Termination data. keys=H2,H1,AX,L1,L2,CDD, signals=-0.03291,-0.04774,-0.08976,-0.03922,-0.08125,0.00313
07:11:10 -- testing system defined conditionals
Checking default pre extraction terminations n=2
testing CDD
evaluate ot="CDD.inactive" t="CDD", ctx="{'CDD': False}"
GetDeflection CDD ===>> 50
testing CDD==2000
evaluate ot="CDD.deflection==2000" t="CDD==2000", ctx="{'CDD': 50.0}"
07:11:10 -- ******* Pre Extraction Check Passed *******
=================================================================================
07:11:10 -- stopping status monitor
stop 5025639504
Status monitor stopped
Status monitor finished
07:11:11 -- starting status monitor
start 5025639504
StatusMonitor period=1. Frequencies(state=2, checksum=3, lock=5, owner=5)
start extraction
do extraction
Analysis started at 07:11:13.074804
Extraction Started jan_co2.py
07:11:13 -- ******* Extraction Started jan_co2.py *******
state changed from not run to extraction
DO EXTRACTION <pychron.extraction_line.pyscript_runner.RemotePyScriptRunner object at 0x12bfe48f0>
testing...
no interpolation path defined
calculate duration
testing...
no interpolation path defined
executed snippet estimated_duration=0, duration=8.51154327393e-05
calculate duration
testing...
no interpolation path defined
executed snippet estimated_duration=0, duration=9.20295715332e-05
executed snippet estimated_duration=100.0, duration=0.00339198112488
Jan CO2 laser analysis
doing GOSUB
testing...
no interpolation path defined
executed snippet estimated_duration=0, duration=4.29153442383e-05
Waiting for CO2 access
wait ('FelixCO2Flag', 0) {}
waiting for FelixCO2Flag = 0
Read FelixCO2Flag ===>> 0
finished waiting
CO2 free
wait ('CO2PumpTimeFlag', 0) {}
waiting for CO2PumpTimeFlag = 0
Read CO2PumpTimeFlag ===>> 0
finished waiting
acquire ('JanCO2Flag',) {'clear': True}
acquire JanCO2Flag
Set JanCO2Flag 1 ===>> OK
JanCO2Flag acquired
set extraction state False (0.75, 'red', 1.5)
CO2 acquired
executed snippet estimated_duration=0, duration=0.0156469345093
WaitForCO2Access.py completed successfully
gosub finished
doing GOSUB
testing...
no interpolation path defined
executed snippet estimated_duration=0, duration=0.0001220703125
Prepare for CO2 analysis
close () {'description': 'Jan Inlet'}
closing name=--- desc=Jan Inlet
checking ownership. requestor=129.138.12.150
check software interlocks R
interlocks []
actuate state mode=None-script, software_lock=False
doing actuation None-script close_channel False
Close R ===>> OK
GetIndicatorState R ===>> False
change switch state (True, True)
update switch state R False args=() kw={} ncanvase=3
07:11:13 -- CLOSE  VALVE-R (Jan Inlet)
---------------------------------------- close None (Jan Inlet) result=[(True, True)]
action=close, ok=True, locked=[False]
open () {'description': 'Jan Ion Pump'}
opening name=--- desc=Jan Ion Pump
checking ownership. requestor=129.138.12.150
check software interlocks O
interlocks []
actuate state mode=None-script, software_lock=False
doing actuation None-script open_channel False
Open O ===>> OK
GetIndicatorState O ===>> OK
change switch state (True, True)
update switch state O True args=() kw={} ncanvase=3
07:11:13 -- OPEN   VALVE-O (Jan Ion Pump)
---------------------------------------- open None (Jan Ion Pump) result=[(True, True)], time=0.10 sec
action=open, ok=True, locked=[False]
close () {'description': 'Microbone to Minibone'}
closing name=--- desc=Microbone to Minibone
checking ownership. requestor=129.138.12.150
check software interlocks L
interlocks []
actuate state mode=None-script, software_lock=False
doing actuation None-script close_channel False
Close L ===>> OK
GetIndicatorState L ===>> False
change switch state (True, True)
update switch state L False args=() kw={} ncanvase=3
07:11:14 -- CLOSE  VALVE-L (Microbone to Minibone)
---------------------------------------- close None (Microbone to Minibone) result=[(True, True)]
action=close, ok=True, locked=[False]
open () {'description': 'Microbone to Turbo'}
opening name=--- desc=Microbone to Turbo
checking ownership. requestor=129.138.12.150
check software interlocks U
interlocks []
actuate state mode=None-script, software_lock=False
doing actuation None-script open_channel False
Open U ===>> OK
GetIndicatorState U ===>> OK
change switch state (True, True)
update switch state U True args=() kw={} ncanvase=3
07:11:14 -- OPEN   VALVE-U (Microbone to Turbo)
---------------------------------------- open None (Microbone to Turbo) result=[(True, True)], time=0.12 sec
action=open, ok=True, locked=[False]
open () {'description': 'Microbone to Inlet Pipette'}
opening name=--- desc=Microbone to Inlet Pipette
checking ownership. requestor=129.138.12.150
check software interlocks S
interlocks []
actuate state mode=None-script, software_lock=False
doing actuation None-script open_channel False
Open S ===>> OK
GetIndicatorState S ===>> OK
change switch state (True, True)
update switch state S True args=() kw={} ncanvase=3
07:11:15 -- OPEN   VALVE-S (Microbone to Inlet Pipette)
---------------------------------------- open None (Microbone to Inlet Pipette) result=[(True, True)], time=0.40 sec
action=open, ok=True, locked=[False]
open () {'description': 'Microbone to Getter D-50'}
opening name=--- desc=Microbone to Getter D-50
checking ownership. requestor=129.138.12.150
check software interlocks K
interlocks []
actuate state mode=None-script, software_lock=False
doing actuation None-script open_channel False
Open K ===>> OK
GetIndicatorState K ===>> OK
change switch state (True, True)
update switch state K True args=() kw={} ncanvase=3
07:11:16 -- OPEN   VALVE-K (Microbone to Getter D-50)
---------------------------------------- open None (Microbone to Getter D-50) result=[(True, True)], time=0.41 sec
action=open, ok=True, locked=[False]
open () {'description': 'Microbone to Getter NP-10'}
opening name=--- desc=Microbone to Getter NP-10
checking ownership. requestor=129.138.12.150
check software interlocks M
interlocks []
actuate state mode=None-script, software_lock=False
doing actuation None-script open_channel False
Open M ===>> OK
GetIndicatorState M ===>> OK
change switch state (True, True)
update switch state M True args=() kw={} ncanvase=3
07:11:16 -- OPEN   VALVE-M (Microbone to Getter NP-10)
---------------------------------------- open None (Microbone to Getter NP-10) result=[(True, True)], time=0.14 sec
action=open, ok=True, locked=[False]
close () {'description': 'CO2 Laser to Felix'}
closing name=--- desc=CO2 Laser to Felix
checking ownership. requestor=129.138.12.150
check software interlocks F
interlocks []
actuate state mode=None-script, software_lock=True
VALVE-F(CO2 Laser to Felix) software locked
change switch state (True, False)
---------------------------------------- close None (CO2 Laser to Felix) result=[(True, False)]
action=close, ok=True, locked=[True]
open () {'description': 'CO2 Laser to Jan'}
opening name=--- desc=CO2 Laser to Jan
checking ownership. requestor=129.138.12.150
check software interlocks A
interlocks []
actuate state mode=None-script, software_lock=False
doing actuation None-script open_channel False
Open A ===>> OK
GetIndicatorState A ===>> OK
change switch state (True, True)
update switch state A True args=() kw={} ncanvase=3
07:11:17 -- OPEN   VALVE-A (CO2 Laser to Jan)
---------------------------------------- open None (CO2 Laser to Jan) result=[(True, True)], time=0.12 sec
action=open, ok=True, locked=[False]
open () {'description': 'Microbone to CO2 Laser'}
opening name=--- desc=Microbone to CO2 Laser
checking ownership. requestor=129.138.12.150
check software interlocks T
interlocks []
actuate state mode=None-script, software_lock=False
doing actuation None-script open_channel False
Open T ===>> OK
GetIndicatorState T ===>> OK
change switch state (True, True)
update switch state T True args=() kw={} ncanvase=3
07:11:17 -- OPEN   VALVE-T (Microbone to CO2 Laser)
---------------------------------------- open None (Microbone to CO2 Laser) result=[(True, True)], time=0.41 sec
action=open, ok=True, locked=[False]
executed snippet estimated_duration=0, duration=4.85714101791
PrepareForCO2Analysis.py completed successfully
gosub finished
set_motor ('beam', '1.25') {}
setting motor "beam" to 1.25
set motor beam to 1.25
SetMotor beam,1.25 ===>> OK
GetMotorMoving beam ===>> False
GetMotorMoving beam ===>> False
Block completed
move_to_position ('206',) {'autocenter': True}
FusionsCO2 move to position 206
sending GoToHole 206,True
GoToHole 206,True ===>> OK
GetDriveMoving ===>> OK
GetDriveMoving ===>> OK
GetDriveMoving ===>> OK
GetDriveMoving ===>> OK
GetDriveMoving ===>> OK
GetDriveMoving ===>> OK
GetDriveMoving ===>> False
GetDriveMoving ===>> OK
GetDriveMoving ===>> OK
GetDriveMoving ===>> OK
GetDriveMoving ===>> OK
GetDriveMoving ===>> OK
GetDriveMoving ===>> OK
GetDriveMoving ===>> OK
GetDriveMoving ===>> OK
GetDriveMoving ===>> OK
GetDriveMoving ===>> OK
GetDriveMoving ===>> OK
GetDriveMoving ===>> OK
GetDriveMoving ===>> OK
GetDriveMoving ===>> OK
GetDriveMoving ===>> OK
GetDriveMoving ===>> OK
GetDriveMoving ===>> OK
GetDriveMoving ===>> OK
GetDriveMoving ===>> OK
GetDriveMoving ===>> OK
GetDriveMoving ===>> OK
GetDriveMoving ===>> OK
GetDriveMoving ===>> OK
GetDriveMoving ===>> OK
GetDriveMoving ===>> OK
GetDriveMoving ===>> OK
GetDriveMoving ===>> OK
GetDriveMoving ===>> OK
GetDriveMoving ===>> OK
GetDriveMoving ===>> OK
GetDriveMoving ===>> OK
GetDriveMoving ===>> OK
GetDriveMoving ===>> OK
GetDriveMoving ===>> OK
GetDriveMoving ===>> OK
GetDriveMoving ===>> OK
GetDriveMoving ===>> OK
GetDriveMoving ===>> OK
GetDriveMoving ===>> OK
GetDriveMoving ===>> False
Block completed
GetAutoCorrecting ===>> OK
GetAutoCorrecting ===>> OK
GetAutoCorrecting ===>> OK
GetAutoCorrecting ===>> OK
GetAutoCorrecting ===>> OK
GetAutoCorrecting ===>> OK
GetAutoCorrecting ===>> OK
GetAutoCorrecting ===>> OK
GetAutoCorrecting ===>> OK
GetAutoCorrecting ===>> OK
GetAutoCorrecting ===>> OK
GetAutoCorrecting ===>> False
GetAutoCorrecting ===>> False
Block completed
update position
GetPosition ===>> 7.97560,-11.96340,1.00000
got position (7.9756, -11.9634, 1.0)
move to position succeeded
sleep (5,) {}
SLEEP 5.0
block started
WaitControl setup for 5.0  
Join finished
block finished. duration 5.03768396378
close () {'description': 'Microbone to Turbo'}
closing name=--- desc=Microbone to Turbo
checking ownership. requestor=129.138.12.150
check software interlocks U
interlocks []
actuate state mode=None-script, software_lock=False
doing actuation None-script close_channel True
Close U ===>> OK
GetIndicatorState U ===>> False
change switch state (True, True)
update switch state U False args=() kw={} ncanvase=3
07:11:44 -- CLOSE  VALVE-U (Microbone to Turbo)
---------------------------------------- close None (Microbone to Turbo) result=[(True, True)]
action=close, ok=True, locked=[False]
enable laser
enable () {}
set extraction state FusionsCO2 Enabled (False, 'red', 1.5)
enabling laser
Enable ===>> OK
begin interval
BEGIN INTERVAL Interval 1 waiting for 30.0
block started
set extract to 0.35
WaitControl setup for 30.0  
extract (0.35,) {}
GetPosition ===>> 7.97560,-11.96340,1.00000
set extraction state FusionsCO2 ON! 0.35(watts) (0.75, 'red', 1.5)
extract sample to 0.35 (watts)
set laser output
SetLaserOutput 0.35,watts ===>> OK
executing pattern triangle.lp
execute_pattern ('triangle.lp',) {}
executing pattern triangle.lp
IsPatterning ===>> OK
IsPatterning ===>> OK
IsPatterning ===>> OK
IsPatterning ===>> OK
IsPatterning ===>> OK
IsPatterning ===>> OK
IsPatterning ===>> OK
IsPatterning ===>> OK
IsPatterning ===>> OK
IsPatterning ===>> OK
IsPatterning ===>> OK
IsPatterning ===>> OK
IsPatterning ===>> OK
IsPatterning ===>> OK
IsPatterning ===>> OK
IsPatterning ===>> OK
IsPatterning ===>> OK
IsPatterning ===>> OK
IsPatterning ===>> OK
IsPatterning ===>> OK
IsPatterning ===>> OK
IsPatterning ===>> OK
IsPatterning ===>> OK
IsPatterning ===>> OK
IsPatterning ===>> OK
IsPatterning ===>> OK
IsPatterning ===>> False
IsPatterning ===>> False
Block completed
COMPLETE INTERVAL waiting for Interval 1 to complete
Join finished
block finished. duration 30.1511158943
Interval 1 finished
end_extract () {}
ending extraction. set laser power to 0
set laser power 0
SetLaserPower 0 ===>> OK
disable () {}
%%%%%%%%%%%%%%%%%%%%%%%%%%%%%%%%%%% disable
set extraction state False (0.75, 'red', 1.5)
disabling laser
Disable ===>> OK
sleep (30.0,) {}
SLEEP 30.0
block started
WaitControl setup for 30.0  
Join finished
block finished. duration 30.1516811848
executed snippet estimated_duration=166.5, duration=92.3498270512
jan_co2.py completed successfully
GetAchievedOutput ===>> No Response
Requested Output= 0.000
Achieved Output=  0.000
GetResponseBlob ===>> No Response
GetOutputBlob ===>> No Response
persistence save...
persistence save - db
AutomatedRunPersister post_extraction_save deprecated
persistence save - dvc
no extraction position for 206
create new session 4992585168
close session 4992585168
Extraction Finished
07:12:45 -- ******* Extraction Finished *******
no overlap. not waiting for min ms pumptime
07:12:45 -- Sending spectrometer configuration
======== Sending configuration ========
SetDeflection CDD,50.0 ===>> OK
SetDeflection H2,0.0 ===>> OK
SetDeflection H1,0.0 ===>> OK
SetDeflection L2,825.0 ===>> OK
SetDeflection L1,400.0 ===>> OK
SetDeflection AX,190.0 ===>> OK
SetZFocus 74.64 ===>> OK
SetZSymmetry -50.72 ===>> OK
SetExtractionLens 26.13 ===>> OK
SetIonRepeller -3.81 ===>> OK
SetElectronEnergy 75.08 ===>> OK
SetYSymmetry -2.81 ===>> OK
SetIonCounterVoltage 1590.0 ===>> OK
send trap current 200.0
GetParameter Trap Current Readback ===>> 198.035158395898
SetParameter Trap Current Set,200.0 ===>> OK
updating mftable name mftable
Using mftable located at /Users/jan/PychronDev/setupfiles/spectrometer/mftables/mftable.csv
============ MFtable ===========
Isotope  H2     H1     AX     L1     L2     CDD    
Ar40     5.8223 5.8813 5.9947 6.1622 6.2329 6.3905
Ar39     5.7216 5.7736 5.8871 6.0483 6.1181 6.2770
Ar36     5.3991 5.4426 5.5505 5.7072 5.7730 5.9281
================================
get initial guess parabolic
get initial guess parabolic
get initial guess parabolic
get initial guess parabolic
get initial guess parabolic
get initial guess parabolic
======== Configuration Finished ========
GetYSymmetry ===>> -2.81
GetZSymmetry ===>> -50.72
GetParameter Trap Current Readback ===>> 198.035158395898
GetHighVoltage ===>> 4499.94659342336
start measurement
do measurement
L#=65591 analysis type=unknown
Measurement Started jan_unknown120_60.py
07:12:45 -- ******* Measurement Started jan_unknown120_60.py *******
state changed from extraction to measurement
setting spec, defl, and gains
GetExtractionLens ===>> 26.13
GetYSymmetry ===>> -2.81
GetZSymmetry ===>> -50.72
GetZFocus ===>> 74.64
GetDeflection H2 ===>> 0
GetDeflection H1 ===>> 0
GetDeflection AX ===>> 190
GetDeflection L1 ===>> 400
GetDeflection L2 ===>> 825
GetDeflection CDD ===>> 50
GetGain H2 ===>> 0.0113
GetGain H1 ===>> 0.1
GetGain AX ===>> 0.097049
GetGain L1 ===>> 0.010355
GetGain L2 ===>> 0.095649
GetGain CDD ===>> 0
pre measurement save
New frame /Users/jan/PychronDev/data/isotopes/9b/15b224-afee-4731-8e24-db6fa7faa33a.h5
flush and close file /Users/jan/PychronDev/data/isotopes/9b/15b224-afee-4731-8e24-db6fa7faa33a.h5
testing...
no interpolation path defined
executed snippet estimated_duration=226.132928, duration=0.000121116638184
unknown measurement script
activate_detectors ('H2', 'H1', 'AX', 'L1', 'L2', 'CDD') {}
activate detectors
*************** Set Analysis View Ar/Ar
create graphs
clearing graphs
clear isotope group
setting isotope det=H2, iso=PM41
setting isotope det=H1, iso=Ar40
setting isotope det=AX, iso=Ar39
setting isotope det=L1, iso=Ar38
setting isotope det=L2, iso=Ar37
setting isotope det=CDD, iso=Ar36
setting previous blanks
 - setting Ar40 blank 0.073+/-0.007
 - setting Ar36 blank 0.00397+/-0.00016
 - setting Ar37 blank 0.050+/-0.005
 - setting Ar38 blank 0.0099+/-0.0022
 - setting PM41 blank 0.04+/-0.06
 - setting Ar39 blank 0.032+/-0.008
load analysis view
position_magnet ('Ar40',) {'detector': 'H1'}
detector Detector(H1)
POSITION Ar40 H1
setting detector H2 to PM41 (40.9624)
setting detector H1 to Ar40 (39.9624)
setting detector AX to Ar39 (38.9624)
setting detector L1 to Ar38 (37.9624)
setting detector L2 to Ar37 (36.9624)
setting detector CDD to Ar36 (35.9624)
Mapping mass to dac mass func: "parabolic"
H1 map mass coeffs = [-0.00063987  0.15840543  0.57292999]
H1 map mass to dac 39.9624 >> 5.88132
GetDeflection H1 ===>> 0
GetHighVoltage ===>> 4499.94659342336
positioning Ar40 (5.88128536546) on H1
setting magnet DAC
current  : 5.881286
requested: 5.881285
Delta Dac: 0.000000
Checking detector protection. dv=0.00000
Checking detector "CDD". Protection Threshold: 0.1 (V)
SetMagnetDAC 5.88128536546 ===>> OK
Magnet settling time: 0.500
update labels <pychron.experiment.plot_panel.PlotPanel object at 0x184d73ad0>
update labels "<pychron.graph.stacked_regression_graph.StackedRegressionGraph object at 0x14b8e9d70>"
setting label 0 H2 PM41
setting label 1 H1 Ar40
setting label 2 AX Ar39
setting label 3 L1 Ar38
setting label 4 L2 Ar37
setting label 5 CDD Ar36
update labels "<pychron.graph.stacked_graph.StackedGraph object at 0x1898a08f0>"
setting label 0 H2 PM41
setting label 1 H1 Ar40
setting label 2 AX Ar39
setting label 3 L1 Ar38
setting label 4 L2 Ar37
setting label 5 CDD Ar36
equilibrate () {'delay': 3, 'inlet': 'R', 'outlet': 'O', 'eqtime': 12.0}
Equilibration Started
07:12:46 -- ******* Equilibration Started *******
checking ownership. requestor=129.138.12.150
check software interlocks O
interlocks []
actuate state mode=None-script, software_lock=False
doing actuation None-script close_channel True
Close O ===>> OK
GetIndicatorState O ===>> False
change switch state (True, True)
update switch state O False args=() kw={} ncanvase=3
07:12:47 -- CLOSE  VALVE-O (Jan Ion Pump)
waiting 3s before opening inlet value ('R',)
checking ownership. requestor=129.138.12.150
check software interlocks R
interlocks []
actuate state mode=None-script, software_lock=False
doing actuation None-script open_channel True
Open R ===>> OK
set states for children of R. state=True
handle state [('R', True)]
update switch state R True args=() kw={'refresh': False} ncanvase=3
refresh_canvas_needed fired
GetIndicatorState R ===>> OK
change switch state (True, True)
update switch state R True args=() kw={} ncanvase=3
07:12:50 -- OPEN   VALVE-R (Jan Inlet)
equilibrating for 12.0sec
set_time_zero () {}
sniff (12.0,) {}
py_sniff
build tables- sniff [Detector(H2), Detector(H1), Detector(AX), Detector(L1), Detector(L2), Detector(CDD)]
add group /sniff/PM41 (Group) '' table H2
add group /sniff/Ar40 (Group) '' table H1
add group /sniff/Ar39 (Group) '' table AX
add group /sniff/Ar38 (Group) '' table L1
add group /sniff/Ar37 (Group) '' table L2
add group /sniff/Ar36 (Group) '' table CDD
flush and close file /Users/jan/PychronDev/data/isotopes/9b/15b224-afee-4731-8e24-db6fa7faa33a.h5
measuring sniff. ncounts=12.0
"sniff" increment series count="1" fit count="0" regressing="False"
starting measurement
check iteration duration=1.78813934326e-05
GetData ===>> H2,0.0722344245804473,H1,18.2440081759246,AX,5.40859595906462,L1,0.0538853032490667,L2,0.22853219...
check iteration duration=3.48091125488e-05
GetData ===>> H2,0.74884207720376,H1,94.0741284849621,AX,25.1046950206239,L1,0.308931998759117,L2,0.33027844875...
check iteration duration=3.48091125488e-05
GetData ===>> H2,0.370355800488676,H1,127.114029287886,AX,32.0472462219716,L1,0.431701780630056,L2,0.1657757191...
check iteration duration=4.41074371338e-05
GetData ===>> H2,0.0458944915081598,H1,137.953805148168,AX,34.2674047273146,L1,0.468773608633798,L2,0.319103554...
check iteration duration=4.50611114502e-05
GetData ===>> H2,-0.00201948583961371,H1,142.109950933587,AX,34.8051749956892,L1,0.487975995579798,L2,0.2236014...
check iteration duration=4.38690185547e-05
GetData ===>> H2,0.0715537650277893,H1,143.849662634298,AX,35.0252460673917,L1,0.489840406741464,L2,0.130022926...
check iteration duration=4.29153442383e-05
GetData ===>> H2,-0.038293537248363,H1,144.254988133433,AX,35.2060134885562,L1,0.487977224480772,L2,0.220599787...
check iteration duration=4.60147857666e-05
GetData ===>> H2,-0.115890172554489,H1,144.515921870508,AX,35.4341961202981,L1,0.476311305546353,L2,0.234821519...
check iteration duration=4.41074371338e-05
GetData ===>> H2,-0.079991248153464,H1,144.587493777633,AX,35.386417592666,L1,0.502200718883618,L2,0.0879691936...
check iteration duration=5.60283660889e-05
GetData ===>> H2,-0.128992635209201,H1,144.717105315607,AX,35.2509696614386,L1,0.484828031927502,L2,0.236647898...
check iteration duration=4.29153442383e-05
GetData ===>> H2,-0.089155987523486,H1,144.843402671251,AX,35.2787615729173,L1,0.423879733789804,L2,0.208400000...
Equilibration Finished
07:13:02 -- ******* Equilibration Finished *******
check iteration duration=6.5803527832e-05
checking ownership. requestor=129.138.12.150
GetData ===>> H2,-0.116212235109805,H1,144.895969985707,AX,35.3250872219224,L1,0.467844214279023,L2,0.283532921...
check software interlocks R
interlocks []
actuate state mode=None-script, software_lock=False
doing actuation None-script close_channel True
Close R ===>> OK
GetIndicatorState R ===>> False
change switch state (True, True)
update switch state R False args=() kw={} ncanvase=3
07:13:03 -- CLOSE  VALVE-R (Jan Inlet)
Post Equilibration Started jan_pump_extraction_line.py
07:13:03 -- ******* Post Equilibration Started jan_pump_extraction_line.py *******
testing...
no interpolation path defined
calculate duration
testing...
no interpolation path defined
executed snippet estimated_duration=4.0, duration=0.000137090682983
executed snippet estimated_duration=4.0, duration=0.0123670101166
Pump after analysis
doing GOSUB
testing...
no interpolation path defined
executed snippet estimated_duration=4.0, duration=0.000126123428345
Pump Microbone
close () {'description': 'Jan Inlet'}
closing name=--- desc=Jan Inlet
checking ownership. requestor=129.138.12.150
check software interlocks R
interlocks []
actuate state mode=None-script, software_lock=False
doing actuation None-script close_channel False
check iteration duration=1.4066696167e-05
waiting for write to finish
Close R ===>> OK
measurement finished
estimated time: 12.583 actual time: :12.749
flush and close file /Users/jan/PychronDev/data/isotopes/9b/15b224-afee-4731-8e24-db6fa7faa33a.h5
set_fits () {}
using default fits file=/Users/jan/PychronDev/scripts/measurement/fits/nominal_linear.yaml
set "Ar40" to "('Linear', 'SEM')"
No fit for "PM41". defaulting to linear. check the measurement script "jan_unknown120_60.py"
set "PM41" to "linear"
set "Ar36" to "('Linear', 'SEM')"
set "Ar37" to "('linear', 'SEM')"
set "Ar38" to "('linear', 'SEM')"
set "Ar39" to "('Linear', 'SEM')"
set_baseline_fits () {}
using default fits file=/Users/jan/PychronDev/scripts/measurement/fits/nominal_linear.yaml
GetIndicatorState R ===>> False
set "H1" to "('average', 'SEM')"
change switch state (True, True)
set "H2" to "('average', 'SEM')"
update switch state R False args=() kw={} ncanvase=3
set "CDD" to "('average', 'SEM')"
set "L2" to "('average', 'SEM')"
set "L1" to "('average', 'SEM')"
set "AX" to "('average', 'SEM')"
multicollect () {'integration_time': 1, 'ncounts': 120}
07:13:03 -- CLOSE  VALVE-R (Jan Inlet)
build tables- signal [Detector(H2), Detector(H1), Detector(AX), Detector(L1), Detector(L2), Detector(CDD)]
---------------------------------------- close None (Jan Inlet) result=[(True, True)]
add group /signal/PM41 (Group) '' table H2
add group /signal/Ar40 (Group) '' table H1
add group /signal/Ar39 (Group) '' table AX
add group /signal/Ar38 (Group) '' table L1
add group /signal/Ar37 (Group) '' table L2
add group /signal/Ar36 (Group) '' table CDD
flush and close file /Users/jan/PychronDev/data/isotopes/9b/15b224-afee-4731-8e24-db6fa7faa33a.h5
measuring signal. ncounts=120
"signal" increment series count="2" fit count="1" regressing="True"
action=close, ok=True, locked=[False]
is_closed ('F',) {}
is F () closed?
is closed True
open () {'description': 'CO2 Laser to Jan'}
opening name=--- desc=CO2 Laser to Jan
checking ownership. requestor=129.138.12.150
check software interlocks A
interlocks []
actuate state mode=None-script, software_lock=False
doing actuation None-script open_channel False
Open A ===>> OK
GetIndicatorState A ===>> OK
change switch state (True, True)
update switch state A True args=() kw={} ncanvase=3
07:13:04 -- OPEN   VALVE-A (CO2 Laser to Jan)
---------------------------------------- open None (CO2 Laser to Jan) result=[(True, True)], time=0.12 sec
starting measurement
check iteration duration=6.29425048828e-05
GetData ===>> H2,-0.111114997240253,H1,144.84560207747,AX,35.441762356017,L1,0.502028601542353,L2,0.28862178220...
action=open, ok=True, locked=[False]
sleep (1,) {}
SLEEP 1.0
check iteration duration=8.48770141602e-05
GetData ===>> H2,0.0393626625589905,H1,144.772376823205,AX,35.3559950668343,L1,0.508296752688879,L2,0.207167554...
close () {'description': 'CO2 Laser to Roughing'}
closing name=--- desc=CO2 Laser to Roughing
checking ownership. requestor=129.138.12.150
check software interlocks G
interlocks []
actuate state mode=None-script, software_lock=True
VALVE-G(CO2 Laser to Roughing) software locked
change switch state (True, False)
---------------------------------------- close None (CO2 Laser to Roughing) result=[(True, False)]
action=close, ok=True, locked=[True]
open () {'description': 'Microbone to Turbo'}
opening name=--- desc=Microbone to Turbo
checking ownership. requestor=129.138.12.150
check software interlocks U
interlocks []
actuate state mode=None-script, software_lock=False
doing actuation None-script open_channel True
Open U ===>> OK
GetIndicatorState U ===>> OK
change switch state (True, True)
update switch state U True args=() kw={} ncanvase=3
07:13:05 -- OPEN   VALVE-U (Microbone to Turbo)
---------------------------------------- open None (Microbone to Turbo) result=[(True, True)], time=0.19 sec
action=open, ok=True, locked=[False]
open () {'description': 'Microbone to Getter NP-10'}
opening name=--- desc=Microbone to Getter NP-10
checking ownership. requestor=129.138.12.150
check software interlocks M
interlocks []
actuate state mode=None-script, software_lock=False
doing actuation None-script open_channel False
Open M ===>> OK
GetIndicatorState M ===>> OK
change switch state (True, True)
update switch state M True args=() kw={} ncanvase=3
07:13:06 -- OPEN   VALVE-M (Microbone to Getter NP-10)
---------------------------------------- open None (Microbone to Getter NP-10) result=[(True, True)], time=0.13 sec
action=open, ok=True, locked=[False]
open () {'description': 'Microbone to Getter D-50'}
opening name=--- desc=Microbone to Getter D-50
checking ownership. requestor=129.138.12.150
check software interlocks K
interlocks []
actuate state mode=None-script, software_lock=False
doing actuation None-script open_channel False
check iteration duration=4.6968460083e-05
GetData ===>> H2,-0.0559462590052812,H1,144.73558199299,AX,35.2037253847756,L1,0.471705985924555,L2,0.143763648...
Open K ===>> OK
GetIndicatorState K ===>> OK
change switch state (True, True)
update switch state K True args=() kw={} ncanvase=3
07:13:06 -- OPEN   VALVE-K (Microbone to Getter D-50)
---------------------------------------- open None (Microbone to Getter D-50) result=[(True, True)], time=0.41 sec
action=open, ok=True, locked=[False]
open () {'description': 'Microbone to CO2 Laser'}
opening name=--- desc=Microbone to CO2 Laser
checking ownership. requestor=129.138.12.150
check software interlocks T
interlocks []
actuate state mode=None-script, software_lock=False
doing actuation None-script open_channel False
Open T ===>> OK
GetIndicatorState T ===>> OK
change switch state (True, True)
update switch state T True args=() kw={} ncanvase=3
07:13:07 -- OPEN   VALVE-T (Microbone to CO2 Laser)
---------------------------------------- open None (Microbone to CO2 Laser) result=[(True, True)], time=0.41 sec
check iteration duration=9.58442687988e-05
GetData ===>> H2,-0.00787031552332562,H1,144.736404138093,AX,35.2855290780009,L1,0.474015144798477,L2,0.3394225...
action=open, ok=True, locked=[False]
open () {'description': 'Microbone to Inlet Pipette'}
opening name=--- desc=Microbone to Inlet Pipette
checking ownership. requestor=129.138.12.150
check software interlocks S
interlocks []
actuate state mode=None-script, software_lock=False
doing actuation None-script open_channel False
Open S ===>> OK
GetIndicatorState S ===>> OK
change switch state (True, True)
update switch state S True args=() kw={} ncanvase=3
07:13:08 -- OPEN   VALVE-S (Microbone to Inlet Pipette)
---------------------------------------- open None (Microbone to Inlet Pipette) result=[(True, True)], time=0.40 sec
action=open, ok=True, locked=[False]
sleep (1,) {}
SLEEP 1.0
testing H1>-5.0
evaluate ot="H1.bs>-5.0" t="H1>-5.0", ctx="{'H1': None}"
check iteration duration=0.000586032867432
GetData ===>> H2,-0.0799763438723401,H1,145.000391449615,AX,35.2601598359615,L1,0.466288863317896,L2,0.26351099...
set_resource () {'name': 'CO2PumpTimeFlag', 'value': 30}
Set CO2PumpTimeFlag 30 ===>> OK
release ('JanCO2Flag',) {}
release JanCO2Flag
Set JanCO2Flag 0 ===>> OK
executed snippet estimated_duration=6.0, duration=5.96341204643
PumpMicrobone.py completed successfully
gosub finished
get_resource_value () {'name': 'JanMiniboneFlag'}
Read JanMiniboneFlag ===>> 0
Get Resource Value JanMiniboneFlag=0.0
get resource value 0.0
get_resource_value () {'name': 'JanMiniboneFlag'}
Read JanMiniboneFlag ===>> 0
Get Resource Value JanMiniboneFlag=0.0
executed snippet estimated_duration=4.0, duration=5.97582888603
jan_pump_extraction_line.py completed successfully
Post Equilibration Finished
07:13:09 -- ******* Post Equilibration Finished *******
check iteration duration=8.10623168945e-05
GetData ===>> H2,-0.158926632413295,H1,144.964082554524,AX,35.1628349240726,L1,0.483613091418707,L2,0.302977020...
check iteration duration=0.000102996826172
GetData ===>> H2,-0.0168121241535079,H1,144.685212528184,AX,35.2503122702537,L1,0.449730915475826,L2,0.21336417...
check iteration duration=4.31537628174e-05
GetData ===>> H2,-0.000990626939817902,H1,144.609501332609,AX,35.1516730548687,L1,0.474653939664163,L2,0.218054...
check iteration duration=8.51154327393e-05
GetData ===>> H2,-0.0798381396080309,H1,144.506330535097,AX,35.1743814092656,L1,0.470981409734543,L2,0.12891691...
testing H1>-5.0
evaluate ot="H1.bs>-5.0" t="H1>-5.0", ctx="{'H1': None}"
check iteration duration=0.000602006912231
GetData ===>> H2,-0.11800371048339,H1,144.464623675688,AX,35.2810767272005,L1,0.483598350855625,L2,0.2041207426...
check iteration duration=7.9870223999e-05
GetData ===>> H2,-0.182644221613195,H1,144.407081537263,AX,35.1370752400953,L1,0.488398746154031,L2,0.166289014...
check iteration duration=8.29696655273e-05
GetData ===>> H2,-0.141474290420468,H1,144.23367890535,AX,35.1068995214938,L1,0.434005173926363,L2,0.1810160555...
check iteration duration=8.79764556885e-05
GetData ===>> H2,-0.10338131897782,H1,144.346548641519,AX,35.1060233939759,L1,0.464723928653054,L2,0.2816503398...
check iteration duration=8.29696655273e-05
GetData ===>> H2,-0.085963582554306,H1,144.491174437947,AX,35.1013964563327,L1,0.446681800531727,L2,0.162741630...
testing H1>-5.0
evaluate ot="H1.bs>-5.0" t="H1>-5.0", ctx="{'H1': None}"
check iteration duration=0.000581979751587
GetData ===>> H2,-0.0793625415118366,H1,144.488073557922,AX,35.173381489816,L1,0.443398205022797,L2,0.170692059...
check iteration duration=8.01086425781e-05
GetData ===>> H2,-0.18251065798769,H1,144.328791158794,AX,35.0523596341016,L1,0.406854937109925,L2,0.2035501893...
check iteration duration=8.60691070557e-05
GetData ===>> H2,-0.17550647891145,H1,144.139563902093,AX,35.1577948292558,L1,0.381305494368447,L2,0.2110132943...
check iteration duration=8.39233398438e-05
GetData ===>> H2,-0.24098977688293,H1,144.128731459755,AX,35.099521093848,L1,0.396284352550589,L2,0.19604202552...
check iteration duration=5.10215759277e-05
GetData ===>> H2,-0.306786332190343,H1,144.066948024631,AX,35.2589271320392,L1,0.408148722702223,L2,0.160209494...
testing H1>-5.0
evaluate ot="H1.bs>-5.0" t="H1>-5.0", ctx="{'H1': None}"
check iteration duration=0.000648021697998
GetData ===>> H2,-0.213188765635199,H1,144.019760002069,AX,35.1988753034137,L1,0.424041407616796,L2,0.309356549...
check iteration duration=9.51290130615e-05
GetData ===>> H2,-0.236078249170051,H1,143.917919011228,AX,34.960164564721,L1,0.416228468753191,L2,0.1573580704...
check iteration duration=6.98566436768e-05
GetData ===>> H2,-0.198067972953757,H1,144.084157388473,AX,35.0396761498049,L1,0.467828254474001,L2,0.107300900...
check iteration duration=8.98838043213e-05
GetData ===>> H2,-0.199269480915937,H1,144.085736668236,AX,35.1489204169689,L1,0.470299863374763,L2,0.268564567...
check iteration duration=4.41074371338e-05
GetData ===>> H2,-0.207976936026343,H1,143.677474815487,AX,35.1941213262346,L1,0.479854930090494,L2,0.256352172...
testing H1>-5.0
evaluate ot="H1.bs>-5.0" t="H1>-5.0", ctx="{'H1': None}"
check iteration duration=0.000633001327515
07:13:29 -- collecting point 25
GetData ===>> H2,-0.163789323519636,H1,143.875480127984,AX,35.0607476481773,L1,0.425932690261411,L2,0.221592728...
check iteration duration=9.29832458496e-05
GetData ===>> H2,-0.150827928485137,H1,143.965940418536,AX,34.9899154427228,L1,0.430088854296184,L2,0.227436455...
check iteration duration=4.19616699219e-05
GetData ===>> H2,-0.183879947700044,H1,143.767150565114,AX,35.1606846391939,L1,0.455774167022545,L2,0.247572652...
check iteration duration=8.10623168945e-05
GetData ===>> H2,-0.23725399750196,H1,143.827559868561,AX,35.1285173460786,L1,0.43900355786766,L2,0.20770389468...
check iteration duration=4.00543212891e-05
GetData ===>> H2,-0.287189852882672,H1,143.881345483944,AX,34.8426934085841,L1,0.434773903712897,L2,0.116363982...
testing H1>-5.0
evaluate ot="H1.bs>-5.0" t="H1>-5.0", ctx="{'H1': None}"
check iteration duration=0.000582933425903
GetData ===>> H2,-0.182730564936588,H1,143.658005047852,AX,34.8204927346561,L1,0.442255690808219,L2,0.190645183...
check iteration duration=4.10079956055e-05
GetData ===>> H2,-0.0657618403215425,H1,143.578755109297,AX,34.946824333033,L1,0.446762738816673,L2,0.254593920...
check iteration duration=7.70092010498e-05
GetData ===>> H2,-0.11988824314768,H1,143.666960867134,AX,35.0143897438922,L1,0.433172754618593,L2,0.1402285023...
check iteration duration=3.981590271e-05
GetData ===>> H2,-0.0996817918695811,H1,143.660669201638,AX,35.0884611844603,L1,0.457135461660631,L2,0.14265747...
check iteration duration=4.2200088501e-05
GetData ===>> H2,-0.119647451666994,H1,143.649295602405,AX,34.9595625106129,L1,0.45043628990553,L2,0.2147222402...
testing H1>-5.0
evaluate ot="H1.bs>-5.0" t="H1>-5.0", ctx="{'H1': None}"
check iteration duration=0.000581979751587
GetData ===>> H2,-0.128768257068038,H1,143.697830032572,AX,34.8947643720192,L1,0.427340353709152,L2,0.206676862...
check iteration duration=8.98838043213e-05
GetData ===>> H2,-0.228811185071826,H1,143.265502075144,AX,34.9614781482784,L1,0.404924965692723,L2,0.160460423...
check iteration duration=9.48905944824e-05
GetData ===>> H2,-0.146827504183644,H1,143.31519749741,AX,34.8810488744199,L1,0.359000521141269,L2,0.2502897652...
check iteration duration=7.29560852051e-05
GetData ===>> H2,-0.154419927531416,H1,143.383621743414,AX,34.7204310100838,L1,0.420711684781719,L2,0.173406991...
check iteration duration=7.20024108887e-05
GetData ===>> H2,-0.186387409535602,H1,143.354472097489,AX,34.9737253014949,L1,0.439836235031929,L2,0.183902410...
testing H1>-5.0
evaluate ot="H1.bs>-5.0" t="H1>-5.0", ctx="{'H1': None}"
check iteration duration=0.000587940216064
GetData ===>> H2,-0.197060549756636,H1,143.279360336442,AX,34.7154841907521,L1,0.441284898580152,L2,0.190633773...
check iteration duration=5.60283660889e-05
GetData ===>> H2,-0.198312060656603,H1,143.330361872753,AX,34.8240899644741,L1,0.458488342075958,L2,0.183970862...
check iteration duration=4.00543212891e-05
GetData ===>> H2,-0.19722104218973,H1,143.082281616149,AX,34.7557345358543,L1,0.45298094639922,L2,0.24953627255...
check iteration duration=0.000105142593384
GetData ===>> H2,-0.236683626869034,H1,143.064278810689,AX,34.7240251037961,L1,0.427010779020872,L2,0.136260171...
check iteration duration=8.51154327393e-05
GetData ===>> H2,-0.205537906998375,H1,142.979834037994,AX,34.7930179959365,L1,0.398788667769419,L2,0.213455476...
testing H1>-5.0
evaluate ot="H1.bs>-5.0" t="H1>-5.0", ctx="{'H1': None}"
check iteration duration=0.000625848770142
GetData ===>> H2,-0.187874898735257,H1,143.075284846971,AX,34.7644014833962,L1,0.416110863998651,L2,0.212850631...
check iteration duration=6.91413879395e-05
GetData ===>> H2,-0.170104600269448,H1,142.895024889706,AX,34.8225854059643,L1,0.442356207356518,L2,0.187735806...
check iteration duration=8.60691070557e-05
GetData ===>> H2,-0.176838821180605,H1,142.840172073069,AX,34.8504502941328,L1,0.47465885362426,L2,0.2271511092...
check iteration duration=4.79221343994e-05
GetData ===>> H2,-0.232653891194937,H1,142.857282306741,AX,34.8464555010009,L1,0.484253097849993,L2,0.174889970...
check iteration duration=4.10079956055e-05
GetData ===>> H2,-0.165223020677607,H1,142.888011419739,AX,34.8545797263646,L1,0.459921370531714,L2,0.248737120...
testing H1>-5.0
evaluate ot="H1.bs>-5.0" t="H1>-5.0", ctx="{'H1': None}"
check iteration duration=0.000609874725342
07:13:56 -- collecting point 50
GetData ===>> H2,-0.0439196600047848,H1,142.846570323862,AX,34.7070668891325,L1,0.431224985039399,L2,0.21592054...
check iteration duration=3.79085540771e-05
GetData ===>> H2,-0.155476516151507,H1,142.763922480669,AX,34.6736770580378,L1,0.432583113951786,L2,0.155818336...
check iteration duration=8.29696655273e-05
GetData ===>> H2,-0.275959539258591,H1,142.854277160063,AX,34.6588107797174,L1,0.454051018721731,L2,0.141916233...
check iteration duration=7.79628753662e-05
GetData ===>> H2,-0.214100487881747,H1,142.765230148269,AX,34.7098543686595,L1,0.411124925525973,L2,0.131368404...
check iteration duration=8.51154327393e-05
GetData ===>> H2,-0.211610248425935,H1,142.801378845523,AX,34.7509775622198,L1,0.429495713998646,L2,0.238348744...
testing H1>-5.0
evaluate ot="H1.bs>-5.0" t="H1>-5.0", ctx="{'H1': None}"
check iteration duration=0.00102996826172
GetData ===>> H2,-0.0744522853934223,H1,142.582572804359,AX,34.9062111614536,L1,0.42961090799147,L2,0.175334868...
check iteration duration=8.20159912109e-05
GetData ===>> H2,-0.0765830791584016,H1,142.667957935746,AX,34.7190781294581,L1,0.404508912832688,L2,0.17757079...
check iteration duration=8.48770141602e-05
GetData ===>> H2,-0.144067442216631,H1,142.519070310155,AX,34.7184085277792,L1,0.408365389574348,L2,0.236990347...
check iteration duration=8.70227813721e-05
GetData ===>> H2,-0.238426933370901,H1,142.64724098426,AX,34.5152098639451,L1,0.444404752349008,L2,0.2049765788...
check iteration duration=3.981590271e-05
GetData ===>> H2,-0.286310101180627,H1,142.433630184364,AX,34.6776385182537,L1,0.468271455170657,L2,0.105032414...
testing H1>-5.0
evaluate ot="H1.bs>-5.0" t="H1>-5.0", ctx="{'H1': None}"
check iteration duration=0.000576972961426
GetData ===>> H2,-0.214470811962812,H1,142.399723246342,AX,34.670794840229,L1,0.469630640989835,L2,0.2145624673...
check iteration duration=9.10758972168e-05
GetData ===>> H2,-0.216345139049258,H1,142.411317398428,AX,34.5457946753411,L1,0.460410849220314,L2,0.308352230...
check iteration duration=9.20295715332e-05
GetData ===>> H2,-0.190141494128333,H1,142.279447032036,AX,34.5087798996518,L1,0.477689984851657,L2,0.213569598...
check iteration duration=6.38961791992e-05
GetData ===>> H2,-0.13770579905155,H1,142.322371647978,AX,34.6117982865515,L1,0.429471204804931,L2,0.2443304846...
check iteration duration=8.39233398438e-05
GetData ===>> H2,-0.146661352055362,H1,142.359528599179,AX,34.7366668223424,L1,0.417162004225289,L2,0.136864533...
testing H1>-5.0
evaluate ot="H1.bs>-5.0" t="H1>-5.0", ctx="{'H1': None}"
check iteration duration=0.000834941864014
GetData ===>> H2,-0.127631429756421,H1,142.145327737243,AX,34.6744829992003,L1,0.469932706630248,L2,0.137970638...
check iteration duration=8.48770141602e-05
GetData ===>> H2,-0.137561144053502,H1,142.000215126215,AX,34.5035652041818,L1,0.469731328552844,L2,0.296791908...
check iteration duration=7.60555267334e-05
GetData ===>> H2,-0.173650085591698,H1,142.070237249167,AX,34.5201929931153,L1,0.486782801823537,L2,0.305213801...
check iteration duration=8.98838043213e-05
GetData ===>> H2,-0.123841633541539,H1,142.079619209157,AX,34.6615583267584,L1,0.453895164113919,L2,0.165558995...
set states for children of E. state=False
handle state [('E', False)]
update switch state E False args=() kw={'refresh': False} ncanvase=3
refresh_canvas_needed fired
check iteration duration=6.98566436768e-05
GetData ===>> H2,-0.125323631029903,H1,142.096100071075,AX,34.6096257914068,L1,0.449635233623505,L2,0.105807569...
testing H1>-5.0
evaluate ot="H1.bs>-5.0" t="H1>-5.0", ctx="{'H1': None}"
check iteration duration=0.000591039657593
GetData ===>> H2,-0.205768357103201,H1,142.05341219621,AX,34.5695581535182,L1,0.437253356701402,L2,0.1003702167...
set states for children of B. state=False
set states for children of D. state=False
handle state [('B', False), ('D', False)]
update switch state B False args=() kw={'refresh': True} ncanvase=3
update switch state D False args=() kw={'refresh': False} ncanvase=3
refresh_canvas_needed fired
check iteration duration=9.10758972168e-05
GetData ===>> H2,-0.143976914857228,H1,141.917454843511,AX,34.4732735531276,L1,0.448633080990896,L2,0.176498457...
check iteration duration=8.41617584229e-05
GetData ===>> H2,-0.260325365391539,H1,141.8160334314,AX,34.5495091010791,L1,0.469777988976606,L2,0.16947150602...
check iteration duration=8.58306884766e-05
GetData ===>> H2,-0.28976827137552,H1,141.847456224623,AX,34.4784910813773,L1,0.429351110599959,L2,0.2245830289...
check iteration duration=8.82148742676e-05
GetData ===>> H2,-0.229635020581769,H1,141.669341751365,AX,34.5774530887867,L1,0.426332059963273,L2,0.162878504...
testing H1>-5.0
evaluate ot="H1.bs>-5.0" t="H1>-5.0", ctx="{'H1': None}"
check iteration duration=0.000592947006226
07:14:22 -- collecting point 75
GetData ===>> H2,-0.176185493595094,H1,141.626407281493,AX,34.5006030352161,L1,0.416836114755724,L2,0.227276661...
check iteration duration=8.60691070557e-05
GetData ===>> H2,-0.162656547485528,H1,141.602073032909,AX,34.5166160400943,L1,0.432842992990787,L2,0.329159759...
check iteration duration=3.79085540771e-05
GetData ===>> H2,-0.162656547485528,H1,141.602073032909,AX,34.5166160400943,L1,0.432842992990787,L2,0.329159759...
check iteration duration=3.88622283936e-05
GetData ===>> H2,-0.200667708309123,H1,141.474071869053,AX,34.3831106864691,L1,0.46181930361843,L2,0.2596404184...
check iteration duration=0.000104904174805
GetData ===>> H2,-0.179794522482536,H1,141.556582586744,AX,34.4811392581849,L1,0.453892709729509,L2,0.248440293...
testing H1>-5.0
evaluate ot="H1.bs>-5.0" t="H1>-5.0", ctx="{'H1': None}"
check iteration duration=0.000550031661987
GetData ===>> H2,-0.23052205734088,H1,141.710188388485,AX,34.3177174000674,L1,0.402028853218421,L2,0.2177922148...
check iteration duration=8.79764556885e-05
GetData ===>> H2,-0.141825664106636,H1,141.764251337526,AX,34.3025102524994,L1,0.377582912761956,L2,0.174581964...
check iteration duration=8.10623168945e-05
GetData ===>> H2,-0.0630372686436258,H1,141.713652143262,AX,34.4212342023248,L1,0.362857476752467,L2,0.05621828...
check iteration duration=6.50882720947e-05
GetData ===>> H2,-0.170657812218691,H1,141.525280025048,AX,34.3326128155212,L1,0.400761525584147,L2,0.103048957...
check iteration duration=8.98838043213e-05
GetData ===>> H2,-0.219017481090442,H1,141.413293561056,AX,34.2339529783889,L1,0.425337339685631,L2,0.186834488...
testing H1>-5.0
evaluate ot="H1.bs>-5.0" t="H1>-5.0", ctx="{'H1': None}"
check iteration duration=0.000580072402954
GetData ===>> H2,-0.304618747581335,H1,141.233258323106,AX,34.2858128156319,L1,0.412124123940279,L2,0.253589219...
check iteration duration=8.41617584229e-05
GetData ===>> H2,-0.280701150414362,H1,141.285379174075,AX,34.2219907579581,L1,0.402853434120559,L2,0.184130584...
check iteration duration=4.29153442383e-05
GetData ===>> H2,-0.2088985095099,H1,141.374847665974,AX,34.2642801492636,L1,0.427394262841724,L2,0.23995829811...
check iteration duration=9.01222229004e-05
GetData ===>> H2,-0.20392462477968,H1,141.357320686876,AX,34.1936110615875,L1,0.408520853930737,L2,0.2580762040...
check iteration duration=6.69956207275e-05
GetData ===>> H2,-0.198105732721702,H1,141.33020932193,AX,34.2548796405232,L1,0.434442864705199,L2,0.1210269585...
testing H1>-5.0
evaluate ot="H1.bs>-5.0" t="H1>-5.0", ctx="{'H1': None}"
check iteration duration=0.000586986541748
GetData ===>> H2,-0.0638804644979974,H1,141.1001210817,AX,34.2611965881657,L1,0.427097766109636,L2,0.1352453088...
check iteration duration=8.70227813721e-05
GetData ===>> H2,-0.175821017613589,H1,140.906706791353,AX,34.276055750785,L1,0.407996936202752,L2,0.1930183872...
check iteration duration=4.60147857666e-05
GetData ===>> H2,-0.299527343558998,H1,140.924227423461,AX,34.2781026185377,L1,0.415919759142483,L2,0.224594442...
check iteration duration=9.51290130615e-05
GetData ===>> H2,-0.156351977889288,H1,141.080192766111,AX,34.2279648919281,L1,0.41936509200813,L2,0.3430872342...
check iteration duration=4.31537628174e-05
GetData ===>> H2,-0.0363102977881794,H1,140.797756957568,AX,34.1950564694892,L1,0.438461417481728,L2,0.20988352...
testing H1>-5.0
evaluate ot="H1.bs>-5.0" t="H1>-5.0", ctx="{'H1': None}"
check iteration duration=0.000580072402954
GetData ===>> H2,-0.170166669297117,H1,140.771359561915,AX,34.040951207542,L1,0.440760316652342,L2,0.1800007181...
check iteration duration=8.48770141602e-05
GetData ===>> H2,-0.161315701977875,H1,140.947523301637,AX,34.2292334125644,L1,0.435462989440921,L2,0.252184939...
check iteration duration=8.58306884766e-05
GetData ===>> H2,-0.163924330988865,H1,140.776094128854,AX,34.2789486678987,L1,0.404124690746225,L2,0.168695835...
check iteration duration=8.70227813721e-05
GetData ===>> H2,-0.209496683681266,H1,140.67178124868,AX,34.1814076377522,L1,0.415820533022446,L2,0.2769155251...
check iteration duration=9.10758972168e-05
GetData ===>> H2,-0.18734897294322,H1,140.576537144488,AX,34.1681421516405,L1,0.43610061877142,L2,0.17768487662...
testing H1>-5.0
evaluate ot="H1.bs>-5.0" t="H1>-5.0", ctx="{'H1': None}"
check iteration duration=0.000568866729736
07:14:48 -- collecting point 100
GetData ===>> H2,-0.181585113212961,H1,140.537083479096,AX,34.1242120624515,L1,0.464888389040032,L2,0.145211955...
check iteration duration=6.19888305664e-05
GetData ===>> H2,-0.14057688668358,H1,140.529348139425,AX,34.1223996100734,L1,0.450757711325747,L2,0.1483481285...
check iteration duration=8.48770141602e-05
GetData ===>> H2,-0.0245422240785733,H1,140.68544900052,AX,34.1833846404253,L1,0.400505877091314,L2,0.108053274...
check iteration duration=8.10623168945e-05
GetData ===>> H2,-0.145453636600112,H1,140.698874114976,AX,34.0010534205118,L1,0.421174523974909,L2,0.195152039...
check iteration duration=4.10079956055e-05
GetData ===>> H2,-0.132053418907592,H1,140.555824353911,AX,34.100728547776,L1,0.421528401858434,L2,0.2627581140...
testing H1>-5.0
evaluate ot="H1.bs>-5.0" t="H1>-5.0", ctx="{'H1': None}"
check iteration duration=0.000582933425903
GetData ===>> H2,-0.185441949886914,H1,140.581857895205,AX,34.0109039363897,L1,0.423264906542839,L2,0.258373060...
check iteration duration=8.20159912109e-05
GetData ===>> H2,-0.110339247737558,H1,140.561834865184,AX,34.0467571686586,L1,0.433584665032353,L2,0.189789475...
check iteration duration=9.70363616943e-05
GetData ===>> H2,-0.0824623788377448,H1,140.540210199003,AX,34.0745371833894,L1,0.442867385970129,L2,0.18611572...
check iteration duration=9.08374786377e-05
GetData ===>> H2,-0.137077144761736,H1,140.292196865163,AX,34.0721105932339,L1,0.42158350504703,L2,0.2492736931...
check iteration duration=7.08103179932e-05
GetData ===>> H2,-0.205246805417375,H1,140.224497189978,AX,34.084953020242,L1,0.425990267144996,L2,0.1875304424...
testing H1>-5.0
evaluate ot="H1.bs>-5.0" t="H1>-5.0", ctx="{'H1': None}"
check iteration duration=0.000656843185425
GetData ===>> H2,-0.211227707670476,H1,140.214454598474,AX,34.1475312101457,L1,0.42727541808376,L2,0.1613500880...
check iteration duration=8.20159912109e-05
GetData ===>> H2,-0.147743323441252,H1,140.273109403794,AX,33.9758928154505,L1,0.465461566280039,L2,0.168604580...
check iteration duration=3.79085540771e-05
GetData ===>> H2,-0.199208801755028,H1,140.329302846809,AX,33.9314700108072,L1,0.431223759372272,L2,0.203858287...
check iteration duration=3.81469726562e-05
GetData ===>> H2,-0.18700373657431,H1,140.242372439903,AX,34.0272824676946,L1,0.422669710407307,L2,0.1586126866...
check iteration duration=7.79628753662e-05
GetData ===>> H2,-0.15398348175115,H1,140.107451577383,AX,34.0086966930861,L1,0.431240918725317,L2,0.0491820628...
testing H1>-5.0
evaluate ot="H1.bs>-5.0" t="H1>-5.0", ctx="{'H1': None}"
check iteration duration=0.000540971755981
GetData ===>> H2,-0.145187489613092,H1,140.178427873561,AX,34.0346958187539,L1,0.456201316751471,L2,0.191284117...
check iteration duration=4.00543212891e-05
GetData ===>> H2,-0.0593370422885191,H1,140.085110310281,AX,33.9957538398368,L1,0.429527576037798,L2,0.18186027...
check iteration duration=7.9870223999e-05
GetData ===>> H2,-0.0608232432910187,H1,139.952186643259,AX,34.0081789508261,L1,0.400060643313904,L2,0.36632322...
set states for children of C. state=False
handle state [('C', False)]
update switch state C False args=() kw={'refresh': False} ncanvase=3
refresh_canvas_needed fired
check iteration duration=8.70227813721e-05
GetData ===>> H2,-0.131332470363526,H1,139.928414443804,AX,33.9745443524551,L1,0.406813323248588,L2,0.191569356...
State checksums do not match. Local:1334048640 Remote:-286040778
State checksum failed
check iteration duration=9.82284545898e-05
GetData ===>> H2,-0.258590042469082,H1,140.036784252224,AX,33.9827443428337,L1,0.40811812040492,L2,0.0933374540...
set states for children of B. state=True
handle state [('B', True)]
update switch state B True args=() kw={'refresh': False} ncanvase=3
refresh_canvas_needed fired
testing H1>-5.0
evaluate ot="H1.bs>-5.0" t="H1>-5.0", ctx="{'H1': None}"
check iteration duration=0.000639200210571
GetData ===>> H2,-0.30361064504039,H1,139.951294872467,AX,33.9157123817025,L1,0.390187687324044,L2,0.1210611621...
check iteration duration=4.10079956055e-05
waiting for write to finish
measurement finished
estimated time: 125.829 actual time: :126.542
flush and close file /Users/jan/PychronDev/data/isotopes/9b/15b224-afee-4731-8e24-db6fa7faa33a.h5
baselines () {'settling_time': 15.0, 'detector': 'H1', 'mass': 34.2, 'ncounts': 60}
%%%%%%%%%%%%%%%%%%%%%%%%%%%%%%%% Baseline
build tables- baseline [Detector(H2), Detector(H1), Detector(AX), Detector(L1), Detector(L2), Detector(CDD)]
add group baseline table H2
add group baseline table H1
add group baseline table AX
add group baseline table L1
add group baseline table L2
add group baseline table CDD
flush and close file /Users/jan/PychronDev/data/isotopes/9b/15b224-afee-4731-8e24-db6fa7faa33a.h5
detector Detector(H1)
POSITION 34.2 H1
Mapping mass to dac mass func: "parabolic"
H1 map mass coeffs = [-0.00063987  0.15840543  0.57292999]
H1 map mass to dac 34.2 >> 5.24197599104
GetDeflection H1 ===>> 0
GetHighVoltage ===>> 4499.94659342336
positioning 34.2 (5.24194512154) on H1
setting magnet DAC
current  : 5.881285
requested: 5.241945
Delta Dac: 0.639340
Checking detector protection. dv=0.63934
Checking detector "CDD". Protection Threshold: 0.1 (V)
ProtectDetector CDD,On ===>> OK
GetDeflection CDD ===>> 2000
Protected = 2000
SetMagnetDAC 5.24194512154 ===>> OK
Magnet settling time: 0.500
GetMagnetMoving ===>> True
GetMagnetMoving ===>> True
GetMagnetMoving ===>> True
GetMagnetMoving ===>> True
GetMagnetMoving ===>> True
GetMagnetMoving ===>> True
GetMagnetMoving ===>> True
GetMagnetMoving ===>> True
GetMagnetMoving ===>> False
ProtectDetector CDD,Off ===>> OK
GetDeflection CDD ===>> 50
Delaying 15.0s for detectors to settle
Join finished
measuring baseline. ncounts=60
"baseline" increment series count="2" fit count="1" regressing="True"
set states for children of B. state=False
handle state [('B', False)]
update switch state B False args=() kw={'refresh': False} ncanvase=3
starting measurement
refresh_canvas_needed fired
check iteration duration=6.29425048828e-05
GetData ===>> H2,-0.180395015890412,H1,-0.0683777205615631,AX,-0.0438870522877495,L1,-0.0186676168039834,L2,-0....
check iteration duration=7.48634338379e-05
GetData ===>> H2,-0.159836942162501,H1,-0.0659459219916723,AX,-0.106900058350137,L1,-0.0114286330105988,L2,-0.0...
check iteration duration=3.981590271e-05
GetData ===>> H2,-0.212550381631742,H1,-0.0408257995643922,AX,-0.0804409569335975,L1,-0.0793038236752261,L2,0.0...
check iteration duration=4.10079956055e-05
GetData ===>> H2,-0.114191750422205,H1,-0.0553716792967894,AX,-0.151637910031061,L1,-0.0443207184893325,L2,-0.0...
testing H1>-5.0
evaluate ot="H1.bs>-5.0" t="H1>-5.0", ctx="{'H1': None}"
check iteration duration=0.00059986114502
GetData ===>> H2,-0.297610019728159,H1,0.0458494577926462,AX,-0.0243001964697406,L1,-0.0768816200334263,L2,0.00...
check iteration duration=8.41617584229e-05
GetData ===>> H2,-0.274542443173449,H1,-0.0174883612636066,AX,-0.0635047463746735,L1,-0.0774232592774418,L2,-0....
check iteration duration=9.17911529541e-05
GetData ===>> H2,-0.252037869844901,H1,-0.0689260591326012,AX,-0.122959761328972,L1,-0.0191820226537469,L2,-0.0...
check iteration duration=8.58306884766e-05
GetData ===>> H2,-0.206265628173342,H1,-0.096982678761237,AX,-0.0848802835581002,L1,-0.0368124714789158,L2,-0.0...
check iteration duration=8.29696655273e-05
GetData ===>> H2,-0.154165899214059,H1,0.00872951770853905,AX,-0.132691624476874,L1,-0.043335348837907,L2,-0.00...
testing H1>-5.0
evaluate ot="H1.bs>-5.0" t="H1>-5.0", ctx="{'H1': None}"
check iteration duration=0.000578165054321
GetData ===>> H2,-0.090935127936287,H1,0.01681812929919,AX,-0.125763564602695,L1,-0.0516869758840058,L2,-0.0262...
check iteration duration=8.60691070557e-05
GetData ===>> H2,-0.0786972127986924,H1,0.0340354476220163,AX,-0.0424607891149185,L1,-0.0248195775707958,L2,0.0...
check iteration duration=5.3882598877e-05
GetData ===>> H2,-0.0897752629603052,H1,-0.00188728429175706,AX,-0.108985883863141,L1,-0.0432132185299765,L2,0....
check iteration duration=8.70227813721e-05
GetData ===>> H2,-0.222810989539037,H1,-0.0099147476222637,AX,-0.0925877716353427,L1,-0.0167200706145907,L2,-0....
check iteration duration=8.39233398438e-05
GetData ===>> H2,-0.204865397099574,H1,0.0276874846254273,AX,-0.197862743162645,L1,-0.0464994431757639,L2,-0.07...
testing H1>-5.0
evaluate ot="H1.bs>-5.0" t="H1>-5.0", ctx="{'H1': None}"
check iteration duration=0.000570058822632
GetData ===>> H2,-0.091448628488341,H1,-0.0393353236213255,AX,-0.0863986490503871,L1,-0.0226322984918439,L2,0.0...
check iteration duration=8.41617584229e-05
GetData ===>> H2,-0.237235164969189,H1,0.0169493658485511,AX,0.101337733598738,L1,0.0024942445140995,L2,-0.0005...
check iteration duration=7.70092010498e-05
GetData ===>> H2,-0.255706963699376,H1,-0.00836417337122237,AX,0.00177534039636761,L1,-0.00649316904523509,L2,-...
check iteration duration=7.9870223999e-05
GetData ===>> H2,-0.205147074448927,H1,-0.0975785284384355,AX,-0.157631686954407,L1,0.0160581378044398,L2,-0.10...
check iteration duration=8.51154327393e-05
GetData ===>> H2,-0.173820240535043,H1,-0.0467397893243902,AX,-0.0745060838118491,L1,0.0136098057379109,L2,-0.0...
testing H1>-5.0
evaluate ot="H1.bs>-5.0" t="H1>-5.0", ctx="{'H1': None}"
check iteration duration=0.000564098358154
GetData ===>> H2,-0.179044198324141,H1,-0.0341244452694454,AX,-0.114721673442896,L1,-0.0218783260502848,L2,-0.0...
check iteration duration=8.70227813721e-05
GetData ===>> H2,-0.288879320805109,H1,0.0299068394603143,AX,-0.0427622773815111,L1,-0.00470712439085504,L2,0.0...
check iteration duration=8.60691070557e-05
GetData ===>> H2,-0.295615871418332,H1,-0.0703922540311595,AX,-0.106772589785487,L1,-0.0225136324908528,L2,0.07...
check iteration duration=4.31537628174e-05
GetData ===>> H2,-0.18930556293649,H1,-0.0731219417738902,AX,-0.123237828073408,L1,-0.0527851685820266,L2,0.001...
check iteration duration=8.79764556885e-05
GetData ===>> H2,-0.168798373150366,H1,-0.0617258959806353,AX,-0.103446760027255,L1,-0.0506460941980209,L2,0.01...
testing H1>-5.0
evaluate ot="H1.bs>-5.0" t="H1>-5.0", ctx="{'H1': None}"
check iteration duration=0.00058913230896
07:15:54 -- collecting point 25
GetData ===>> H2,-0.214093754604357,H1,-0.0379879142653693,AX,-0.0122840464251122,L1,-0.0202527178455324,L2,-0....
check iteration duration=8.20159912109e-05
GetData ===>> H2,-0.0811333999587541,H1,-0.0279712052536628,AX,0.00488445588709916,L1,-0.0545723371986466,L2,0....
check iteration duration=5.69820404053e-05
GetData ===>> H2,-0.134620327157941,H1,-0.0153534951047305,AX,-0.0928659252034722,L1,-0.0404840571506171,L2,-0....
check iteration duration=4.29153442383e-05
GetData ===>> H2,-0.188073125962045,H1,-0.0539291086190773,AX,-0.158025848895179,L1,-0.0171938003501678,L2,0.02...
check iteration duration=9.20295715332e-05
GetData ===>> H2,-0.166706476756699,H1,-0.0221634398416491,AX,-0.138825987790699,L1,-0.0144683266065435,L2,-0.0...
testing H1>-5.0
evaluate ot="H1.bs>-5.0" t="H1>-5.0", ctx="{'H1': None}"
check iteration duration=0.000654935836792
GetData ===>> H2,-0.154784745475734,H1,-0.0534999100234355,AX,-0.0706922731218547,L1,-0.0359881269553574,L2,-0....
check iteration duration=6.60419464111e-05
GetData ===>> H2,-0.15590344729768,H1,-0.0507816095035139,AX,-0.0992980046529373,L1,-0.0263617728150047,L2,0.00...
check iteration duration=7.91549682617e-05
GetData ===>> H2,-0.196896008932436,H1,-0.0132662914317237,AX,-0.0539282810404132,L1,0.00526545170786733,L2,0.0...
check iteration duration=7.08103179932e-05
GetData ===>> H2,-0.242907689698444,H1,-0.0807146116738487,AX,-0.0867695438903157,L1,0.00146070379125219,L2,-0....
check iteration duration=8.79764556885e-05
GetData ===>> H2,-0.292900524607595,H1,-0.0413146708393207,AX,-0.0390863759422257,L1,-0.0151284152208855,L2,-0....
testing H1>-5.0
evaluate ot="H1.bs>-5.0" t="H1>-5.0", ctx="{'H1': None}"
check iteration duration=0.000579118728638
GetData ===>> H2,-0.268239245424398,H1,0.0348468704008511,AX,-0.102044546858251,L1,-0.031236046936828,L2,0.0270...
check iteration duration=8.10623168945e-05
GetData ===>> H2,-0.157754197001727,H1,-0.0260035196069317,AX,-0.127397148259414,L1,-0.0397043317190325,L2,-0.0...
check iteration duration=9.51290130615e-05
GetData ===>> H2,-0.127144762567716,H1,-0.0854105743884002,AX,-0.131938598391884,L1,-0.030992928277359,L2,0.013...
check iteration duration=8.01086425781e-05
GetData ===>> H2,-0.213261490639725,H1,-0.0865070618621953,AX,-0.00260973578166106,L1,-0.00981492103360333,L2,0...
check iteration duration=4.41074371338e-05
GetData ===>> H2,-0.24434086448989,H1,-0.0700465677385019,AX,-0.0632265088593246,L1,-0.00808103129800171,L2,-0....
testing H1>-5.0
evaluate ot="H1.bs>-5.0" t="H1>-5.0", ctx="{'H1': None}"
check iteration duration=0.000645160675049
GetData ===>> H2,-0.2634251592109,H1,-0.0727166653314846,AX,-0.0414287645164496,L1,-0.00103688180979179,L2,0.07...
check iteration duration=4.29153442383e-05
GetData ===>> H2,-0.125607568314302,H1,0.0144797614444638,AX,0.0146184856715599,L1,-0.0198990293502063,L2,0.003...
check iteration duration=9.10758972168e-05
GetData ===>> H2,-0.0863860920719225,H1,-0.0689618202394325,AX,-0.00530100746125647,L1,-0.0542634584298691,L2,-...
check iteration duration=4.10079956055e-05
GetData ===>> H2,-0.214583926718237,H1,0.00795409517622154,AX,-0.0891339652588782,L1,-0.0366004009308463,L2,-0....
check iteration duration=8.10623168945e-05
GetData ===>> H2,-0.144768666985155,H1,0.00244280347294641,AX,-0.140507286452375,L1,-0.0489457554557652,L2,-0.0...
testing H1>-5.0
evaluate ot="H1.bs>-5.0" t="H1>-5.0", ctx="{'H1': None}"
check iteration duration=0.000568866729736
GetData ===>> H2,-0.181975038529353,H1,-0.0145186188584166,AX,-0.178230305119117,L1,-0.0268015007793358,L2,0.05...
check iteration duration=8.58306884766e-05
GetData ===>> H2,-0.234703248617397,H1,-0.00955692492701206,AX,-0.0901075338277524,L1,0.00375600419457186,L2,0....
check iteration duration=8.17775726318e-05
GetData ===>> H2,-0.163638113244368,H1,0.0453243610713862,AX,-0.0282433973161209,L1,-0.0165017876352908,L2,0.00...
check iteration duration=9.60826873779e-05
GetData ===>> H2,-0.231812780053369,H1,-0.0835274482969826,AX,-0.1732694160718,L1,-0.0260106955421553,L2,-0.128...
check iteration duration=9.3936920166e-05
GetData ===>> H2,-0.148857605528584,H1,-0.0408138758449582,AX,-0.240671816519336,L1,-0.042657626629252,L2,0.072...
testing H1>-5.0
evaluate ot="H1.bs>-5.0" t="H1>-5.0", ctx="{'H1': None}"
check iteration duration=0.000586986541748
07:16:20 -- collecting point 50
GetData ===>> H2,-0.222602218028841,H1,-0.0234275817460493,AX,0.0259199986832828,L1,-0.0329664508092114,L2,-0.0...
check iteration duration=4.10079956055e-05
GetData ===>> H2,-0.405191473905893,H1,-0.0750410226385555,AX,-0.101928660568288,L1,0.0138907513484444,L2,0.064...
check iteration duration=8.20159912109e-05
GetData ===>> H2,-0.35714015751784,H1,-0.0975666114796823,AX,0.0232859559085254,L1,-0.0108879604192077,L2,-0.05...
check iteration duration=3.88622283936e-05
GetData ===>> H2,-0.195775179492704,H1,0.075044712332706,AX,-0.0644206059100976,L1,-0.0355411793516023,L2,-0.05...
check iteration duration=8.70227813721e-05
GetData ===>> H2,-0.091842883618489,H1,-0.0198974851480791,AX,-0.135787981339774,L1,-0.0231716717624838,L2,0.02...
testing H1>-5.0
evaluate ot="H1.bs>-5.0" t="H1>-5.0", ctx="{'H1': None}"
check iteration duration=0.000584125518799
GetData ===>> H2,-0.0737595559063068,H1,-0.0703088126215999,AX,-0.0604209027897737,L1,-0.0107165215814963,L2,-0...
check iteration duration=7.00950622559e-05
GetData ===>> H2,-0.072025513795827,H1,-0.0599257742412761,AX,-0.0569079844477946,L1,-0.00718758977373761,L2,-0...
check iteration duration=7.10487365723e-05
GetData ===>> H2,-0.259790100081535,H1,-0.00490511348318883,AX,-0.0675043227429506,L1,-0.0203798028783169,L2,-0...
check iteration duration=8.48770141602e-05
GetData ===>> H2,-0.225917861951235,H1,-0.0409569603847302,AX,-0.123678098793232,L1,-0.0678487303283507,L2,-0.0...
check iteration duration=7.39097595215e-05
GetData ===>> H2,-0.10249614111198,H1,-0.0334805192700348,AX,-0.186737408931083,L1,-0.0339662370127228,L2,-0.06...
testing H1>-5.0
evaluate ot="H1.bs>-5.0" t="H1>-5.0", ctx="{'H1': None}"
check iteration duration=0.000595092773438
GetData ===>> H2,-0.260488108939041,H1,0.0055085711494264,AX,-0.151614722555917,L1,-0.00983650284123326,L2,-0.0...
check iteration duration=4.38690185547e-05
waiting for write to finish
measurement finished
estimated time: 62.915 actual time: :63.273
flush and close file /Users/jan/PychronDev/data/isotopes/9b/15b224-afee-4731-8e24-db6fa7faa33a.h5
activate_detectors ('H1', 'AX', 'CDD') {'peak_center': True}
peak_center () {'detector': 'H1', 'integration_time': 0.262144, 'isotope': 'Ar40'}
peak center: mean=140.108445466 threshold=3
peak center started
setup peak center. detector=['H1', 'AX', 'CDD'], isotope=Ar40
VersionedUnpickler [<apptools.sweet_pickle.versioned_unpickler.VersionedUnpickler object at 0x16e37b350>] using Updater [<apptools.sweet_pickle.updater.Updater object at 0x12e273d10>]
VersionedUnpickler [<apptools.sweet_pickle.versioned_unpickler.VersionedUnpickler object at 0x16e37b350>] using Updater [<apptools.sweet_pickle.updater.Updater object at 0x12e273d10>]
VersionedUnpickler [<apptools.sweet_pickle.versioned_unpickler.VersionedUnpickler object at 0x1994a8290>] using Updater [<apptools.sweet_pickle.updater.Updater object at 0x12e273d10>]
setting integration time = 0.524288
SetIntegrationTime 0.524288 ===>> OK
Mapping mass to dac mass func: "parabolic"
H1 map mass coeffs = [-0.00063987  0.15840543  0.57292999]
H1 map mass to dac 39.9624 >> 5.88132
GetDeflection H1 ===>> 0
GetHighVoltage ===>> 4499.94659342336
do peak center. <pychron.spectrometer.jobs.peak_center.PeakCenter object at 0x12e273ef0>
doing pc
starting peak center. center dac= 5.88128536546 step_width=0.001
width = 0.001
get scan parameters. half-width=0.015,window=0.015, i=0, scalar=1
Scan parameters center=5.88129 width=0.03000 (5.86629 - 5.89629)
GetData ===>> H2,-0.323297272189253,H1,-0.0631206700296481,AX,-0.0867231821126702,L1,-0.00775004744325112,L2,0....
Moving to starting dac 5.86628536546
setting magnet DAC
current  : 5.241945
requested: 5.866285
Delta Dac: 0.624340
Checking detector protection. dv=0.62434
Checking detector "CDD". Protection Threshold: 0.1 (V)
ProtectDetector CDD,On ===>> OK
GetDeflection CDD ===>> 2000
Protected = 2000
SetMagnetDAC 5.86628536546 ===>> OK
Magnet settling time: 0.500
GetMagnetMoving ===>> True
GetMagnetMoving ===>> True
GetMagnetMoving ===>> True
GetMagnetMoving ===>> True
GetMagnetMoving ===>> True
GetMagnetMoving ===>> True
GetMagnetMoving ===>> True
GetMagnetMoving ===>> True
GetMagnetMoving ===>> False
ProtectDetector CDD,Off ===>> OK
GetDeflection CDD ===>> 50
Wait until signal near baseline. tol= -0.0473405025222. timeout= 10
GetData ===>> H2,8.58059653570775,H1,4.78984040535979,AX,0.365338164716779,L1,0.0220949498153423,L2,-0.07578318...
GetData ===>> H2,8.58059653570775,H1,4.78984040535979,AX,0.365338164716779,L1,0.0220949498153423,L2,-0.07578318...
GetData ===>> H2,8.92118822112645,H1,4.9224616601742,AX,0.572140642275962,L1,-0.0131104066137684,L2,-0.18953564...
GetData ===>> H2,4.6780724197345,H1,2.38888700469169,AX,0.349161312486893,L1,-0.0278256162677711,L2,0.001252554...
GetData ===>> H2,1.92589475444828,H1,1.16097422672492,AX,0.173155968324781,L1,-0.0128275334938527,L2,-0.0562114...
GetData ===>> H2,0.619511852110629,H1,0.703374221252218,AX,0.0639047591415924,L1,0.0141175759902451,L2,0.093576...
GetData ===>> H2,0.169288032373925,H1,0.44176278665089,AX,0.00841133397138567,L1,0.0165072457806068,L2,-0.03627...
GetData ===>> H2,-0.0321010486177281,H1,0.363751914840482,AX,-0.0815537053444544,L1,-0.000937278289850026,L2,0....
GetData ===>> H2,-0.109670408949048,H1,0.276512852078548,AX,-0.178221490999559,L1,-0.0220839036656822,L2,-0.109...
GetData ===>> H2,-0.0882844827329514,H1,0.176754010868341,AX,0.0643682150568698,L1,-0.0310206877330895,L2,-0.14...
GetData ===>> H2,0.0197262608791031,H1,0.150661269070018,AX,0.0368862731070835,L1,-9.00085158878982E-05,L2,-0.0...
GetData ===>> H2,-0.0393237081668588,H1,0.104550502403655,AX,0.0267206689812399,L1,0.00610096769027312,L2,0.095...
GetData ===>> H2,-0.0590106967229748,H1,0.0888433569181448,AX,-0.028660903346672,L1,-0.0422061855902575,L2,-0.0...
GetData ===>> H2,-0.00385820686948171,H1,0.0950401155313642,AX,-0.0482352866125695,L1,-0.06577372713135,L2,0.00...
GetData ===>> H2,-0.00481481257437115,H1,0.113155916396424,AX,-0.151515382236323,L1,-0.0599993897865456,L2,-0.0...
GetData ===>> H2,-0.107578074346819,H1,0.309373860877593,AX,-0.0744133485469775,L1,-0.0551043770783549,L2,-0.09...
GetData ===>> H2,-0.180539561060375,H1,0.0863170961244776,AX,-0.0331837705480567,L1,-0.0545446584055723,L2,-0.0...
GetData ===>> H2,-0.146101234246114,H1,0.123168685984987,AX,-0.149198808626304,L1,-0.00794072425365082,L2,-0.02...
GetData ===>> H2,-0.12238784400202,H1,0.0550152259371163,AX,-0.0518528695092601,L1,-0.0085738892607003,L2,0.027...
GetData ===>> H2,-0.14983098493671,H1,0.0529624028638988,AX,-0.07907318624412,L1,-0.0101230569007719,L2,-0.0283...
GetData ===>> H2,-0.151093748382495,H1,0.120069388434696,AX,-0.0531978339849617,L1,0.011191242389645,L2,0.08108...
Peak center failed to move to a baseline position
_do_sweep sm= 5.86628536546, em= 5.89628536546, stm= 0.001
calculated step values: start=5.86628536546, end=5.89628536546, width=0.001, nsteps=31.0
setting magnet DAC
current  : 5.866285
requested: 5.866285
Delta Dac: 0.000000
Checking detector protection. dv=0.00000
Checking detector "CDD". Protection Threshold: 0.1 (V)
SetMagnetDAC 5.86628536546 ===>> OK
GetData ===>> H2,-0.151093748382495,H1,0.120069388434696,AX,-0.0531978339849617,L1,0.011191242389645,L2,0.08108...
setting magnet DAC
current  : 5.866285
requested: 5.867320
Delta Dac: 0.001034
Checking detector protection. dv=0.00103
Checking detector "CDD". Protection Threshold: 0.1 (V)
SetMagnetDAC 5.86731984822 ===>> OK
Magnet settling time: 1.049
GetData ===>> H2,-0.1514768667467,H1,0.309278319076589,AX,-0.0728136513162486,L1,0.0206569241434045,L2,-0.11818...
setting magnet DAC
current  : 5.867320
requested: 5.868354
Delta Dac: 0.001034
Checking detector protection. dv=0.00103
Checking detector "CDD". Protection Threshold: 0.1 (V)
SetMagnetDAC 5.86835433098 ===>> OK
Magnet settling time: 1.049
GetData ===>> H2,-0.130821286805506,H1,0.923367330832447,AX,0.0601740193741614,L1,-0.0193100428239833,L2,0.0756...
setting magnet DAC
current  : 5.868354
requested: 5.869389
Delta Dac: 0.001034
Checking detector protection. dv=0.00103
Checking detector "CDD". Protection Threshold: 0.1 (V)
SetMagnetDAC 5.86938881373 ===>> OK
Magnet settling time: 1.049
GetData ===>> H2,-0.168160048298194,H1,3.46899783124937,AX,0.547010916746151,L1,-0.0285389112508767,L2,0.028516...
setting magnet DAC
current  : 5.869389
requested: 5.870423
Delta Dac: 0.001034
Checking detector protection. dv=0.00103
Checking detector "CDD". Protection Threshold: 0.1 (V)
SetMagnetDAC 5.87042329649 ===>> OK
Magnet settling time: 1.049
GetData ===>> H2,-0.160437922622182,H1,11.4488878422968,AX,1.73586050143213,L1,-0.0283976924355347,L2,-0.146464...
setting magnet DAC
current  : 5.870423
requested: 5.871458
Delta Dac: 0.001034
Checking detector protection. dv=0.00103
Checking detector "CDD". Protection Threshold: 0.1 (V)
SetMagnetDAC 5.87145777925 ===>> OK
Magnet settling time: 1.049
GetData ===>> H2,-0.17203802570119,H1,30.5627483604938,AX,5.13746626039832,L1,-0.0151957511753203,L2,0.07707403...
setting magnet DAC
current  : 5.871458
requested: 5.872492
Delta Dac: 0.001034
Checking detector protection. dv=0.00103
Checking detector "CDD". Protection Threshold: 0.1 (V)
SetMagnetDAC 5.87249226201 ===>> OK
Magnet settling time: 1.049
GetData ===>> H2,-0.0598235887448244,H1,61.4621866314605,AX,11.3052589197756,L1,0.0194783281938789,L2,-0.047789...
setting magnet DAC
current  : 5.872492
requested: 5.873527
Delta Dac: 0.001034
Checking detector protection. dv=0.00103
Checking detector "CDD". Protection Threshold: 0.1 (V)
SetMagnetDAC 5.87352674477 ===>> OK
Magnet settling time: 1.049
GetData ===>> H2,-0.2422563088235,H1,95.1724545415242,AX,19.1874527255038,L1,0.100830758866424,L2,0.05353286931...
setting magnet DAC
current  : 5.873527
requested: 5.874561
Delta Dac: 0.001034
Checking detector protection. dv=0.00103
Checking detector "CDD". Protection Threshold: 0.1 (V)
SetMagnetDAC 5.87456122753 ===>> OK
Magnet settling time: 1.049
GetData ===>> H2,-0.198135401022405,H1,118.582829197609,AX,26.0051236208945,L1,0.176171062353922,L2,-0.00637638...
setting magnet DAC
current  : 5.874561
requested: 5.875596
Delta Dac: 0.001034
Checking detector protection. dv=0.00103
Checking detector "CDD". Protection Threshold: 0.1 (V)
SetMagnetDAC 5.87559571029 ===>> OK
Magnet settling time: 1.049
GetData ===>> H2,-0.0994463466483643,H1,132.024765215476,AX,31.1343705107111,L1,0.281530773751758,L2,0.14739015...
setting magnet DAC
current  : 5.875596
requested: 5.876630
Delta Dac: 0.001034
Checking detector protection. dv=0.00103
Checking detector "CDD". Protection Threshold: 0.1 (V)
SetMagnetDAC 5.87663019304 ===>> OK
Magnet settling time: 1.049
GetData ===>> H2,-0.130778040502475,H1,134.145240768722,AX,32.2215117263436,L1,0.35550442295951,L2,0.0736553049...
setting magnet DAC
current  : 5.876630
requested: 5.877665
Delta Dac: 0.001034
Checking detector protection. dv=0.00103
Checking detector "CDD". Protection Threshold: 0.1 (V)
SetMagnetDAC 5.8776646758 ===>> OK
Magnet settling time: 1.049
GetData ===>> H2,-0.253426860993207,H1,134.702513401882,AX,32.311696718514,L1,0.352505227811478,L2,0.3539047352...
setting magnet DAC
current  : 5.877665
requested: 5.878699
Delta Dac: 0.001034
Checking detector protection. dv=0.00103
Checking detector "CDD". Protection Threshold: 0.1 (V)
SetMagnetDAC 5.87869915856 ===>> OK
Magnet settling time: 1.049
GetData ===>> H2,-0.241567203856021,H1,134.817512549758,AX,32.2982947779547,L1,0.33008307128826,L2,0.0781224671...
setting magnet DAC
current  : 5.878699
requested: 5.879734
Delta Dac: 0.001034
Checking detector protection. dv=0.00103
Checking detector "CDD". Protection Threshold: 0.1 (V)
SetMagnetDAC 5.87973364132 ===>> OK
Magnet settling time: 1.049
GetData ===>> H2,-0.190335918997849,H1,134.916778570826,AX,32.4617930088107,L1,0.368819857297936,L2,0.363943621...
setting magnet DAC
current  : 5.879734
requested: 5.880768
Delta Dac: 0.001034
Checking detector protection. dv=0.00103
Checking detector "CDD". Protection Threshold: 0.1 (V)
SetMagnetDAC 5.88076812408 ===>> OK
Magnet settling time: 1.049
GetData ===>> H2,-0.136712054958209,H1,135.084630761364,AX,32.3692403672789,L1,0.387061843780657,L2,0.178848494...
setting magnet DAC
current  : 5.880768
requested: 5.881803
Delta Dac: 0.001034
Checking detector protection. dv=0.00103
Checking detector "CDD". Protection Threshold: 0.1 (V)
SetMagnetDAC 5.88180260684 ===>> OK
Magnet settling time: 1.049
GetData ===>> H2,-0.104579720821075,H1,134.857898381256,AX,32.4738341830958,L1,0.434957818875688,L2,0.338848376...
setting magnet DAC
current  : 5.881803
requested: 5.882837
Delta Dac: 0.001034
Checking detector protection. dv=0.00103
Checking detector "CDD". Protection Threshold: 0.1 (V)
SetMagnetDAC 5.8828370896 ===>> OK
Magnet settling time: 1.049
GetData ===>> H2,-0.285220725662798,H1,134.960982247597,AX,32.4904503938474,L1,0.423090997936244,L2,0.259400646...
setting magnet DAC
current  : 5.882837
requested: 5.883872
Delta Dac: 0.001034
Checking detector protection. dv=0.00103
Checking detector "CDD". Protection Threshold: 0.1 (V)
SetMagnetDAC 5.88387157235 ===>> OK
Magnet settling time: 1.049
GetData ===>> H2,-0.332078554117453,H1,134.837305179464,AX,32.3475871260939,L1,0.420301514023701,L2,0.060984285...
setting magnet DAC
current  : 5.883872
requested: 5.884906
Delta Dac: 0.001034
Checking detector protection. dv=0.00103
Checking detector "CDD". Protection Threshold: 0.1 (V)
SetMagnetDAC 5.88490605511 ===>> OK
Magnet settling time: 1.049
GetData ===>> H2,-0.195210725142928,H1,134.581399518752,AX,32.2854617416368,L1,0.414225557758069,L2,0.274474917...
setting magnet DAC
current  : 5.884906
requested: 5.885941
Delta Dac: 0.001034
Checking detector protection. dv=0.00103
Checking detector "CDD". Protection Threshold: 0.1 (V)
SetMagnetDAC 5.88594053787 ===>> OK
Magnet settling time: 1.049
GetData ===>> H2,-0.0259147051696449,H1,133.627667897204,AX,31.9793461117039,L1,0.392499662796031,L2,0.21552110...
setting magnet DAC
current  : 5.885941
requested: 5.886975
Delta Dac: 0.001034
Checking detector protection. dv=0.00103
Checking detector "CDD". Protection Threshold: 0.1 (V)
SetMagnetDAC 5.88697502063 ===>> OK
Magnet settling time: 1.049
GetData ===>> H2,-0.110146994467511,H1,130.867889418367,AX,30.539772295732,L1,0.39049836697111,L2,0.20782942154...
setting magnet DAC
current  : 5.886975
requested: 5.888010
Delta Dac: 0.001034
Checking detector protection. dv=0.00103
Checking detector "CDD". Protection Threshold: 0.1 (V)
SetMagnetDAC 5.88800950339 ===>> OK
Magnet settling time: 1.049
GetData ===>> H2,-0.127339431947442,H1,122.023686634605,AX,27.0147089352997,L1,0.330524113195532,L2,0.171456339...
setting magnet DAC
current  : 5.888010
requested: 5.889044
Delta Dac: 0.001034
Checking detector protection. dv=0.00103
Checking detector "CDD". Protection Threshold: 0.1 (V)
SetMagnetDAC 5.88904398615 ===>> OK
Magnet settling time: 1.049
GetData ===>> H2,-0.174690045988206,H1,87.9687845738218,AX,16.5774995055788,L1,0.236658987632266,L2,0.059958827...
setting magnet DAC
current  : 5.889044
requested: 5.890078
Delta Dac: 0.001034
Checking detector protection. dv=0.00103
Checking detector "CDD". Protection Threshold: 0.1 (V)
SetMagnetDAC 5.89007846891 ===>> OK
Magnet settling time: 1.049
GetData ===>> H2,-0.162968443483437,H1,52.14617979165,AX,8.46505129804324,L1,0.182517509270968,L2,-0.0464695682...
setting magnet DAC
current  : 5.890078
requested: 5.891113
Delta Dac: 0.001034
Checking detector protection. dv=0.00103
Checking detector "CDD". Protection Threshold: 0.1 (V)
SetMagnetDAC 5.89111295166 ===>> OK
Magnet settling time: 1.049
GetData ===>> H2,-0.205544645372172,H1,23.3213286931679,AX,3.18387477891188,L1,0.0984183999757113,L2,0.00100204...
setting magnet DAC
current  : 5.891113
requested: 5.892147
Delta Dac: 0.001034
Checking detector protection. dv=0.00103
Checking detector "CDD". Protection Threshold: 0.1 (V)
SetMagnetDAC 5.89214743442 ===>> OK
Magnet settling time: 1.049
GetData ===>> H2,-0.0711604275971628,H1,8.05143882053787,AX,0.915502068809517,L1,-0.011918929605034,L2,-0.05869...
setting magnet DAC
current  : 5.892147
requested: 5.893182
Delta Dac: 0.001034
Checking detector protection. dv=0.00103
Checking detector "CDD". Protection Threshold: 0.1 (V)
SetMagnetDAC 5.89318191718 ===>> OK
Magnet settling time: 1.049
GetData ===>> H2,-0.0372062597988014,H1,2.23995425085783,AX,0.0688406779936086,L1,0.00787256142763593,L2,0.0397...
setting magnet DAC
current  : 5.893182
requested: 5.894216
Delta Dac: 0.001034
Checking detector protection. dv=0.00103
Checking detector "CDD". Protection Threshold: 0.1 (V)
SetMagnetDAC 5.89421639994 ===>> OK
Magnet settling time: 1.049
GetData ===>> H2,-0.176586277881198,H1,0.567664881813879,AX,-0.0995181944396165,L1,-0.00632885177824008,L2,-0.0...
setting magnet DAC
current  : 5.894216
requested: 5.895251
Delta Dac: 0.001034
Checking detector protection. dv=0.00103
Checking detector "CDD". Protection Threshold: 0.1 (V)
SetMagnetDAC 5.8952508827 ===>> OK
Magnet settling time: 1.049
GetData ===>> H2,-0.205377532517143,H1,0.15409539149871,AX,-0.112844543171248,L1,-0.0288500643536859,L2,-0.0418...
setting magnet DAC
current  : 5.895251
requested: 5.896285
Delta Dac: 0.001034
Checking detector protection. dv=0.00103
Checking detector "CDD". Protection Threshold: 0.1 (V)
SetMagnetDAC 5.89628536546 ===>> OK
Magnet settling time: 1.049
GetData ===>> H2,-0.0695005796253618,H1,-0.0339098037299699,AX,-0.0931904366946113,L1,-0.0764894214878627,L2,-0...
result of _do_sweep=True
result of _calculate_peak_center=([5.8737102151574199, 5.8811951850972992, 5.8886801550371786], [99.324394736046571, 135.08326764084217, 99.946009647311257], 5.8807743434139326, 135.08326764084217)
Failed to find a valid peak. No peak greater than 1.0. max = 0.0130834606928
new center pos Detector(H1) (Ar40) @ 5.8811951851
GetHighVoltage ===>> 4499.94659342336
GetDeflection H1 ===>> 0
dac uncorrected for HV and deflection 5.88122981911
update mftable H1 Ar40 5.88122981911 message=automated run peakcenter
get initial guess parabolic
get initial guess parabolic
get initial guess parabolic
get initial guess parabolic
get initial guess parabolic
get initial guess parabolic
dump mftable to /Users/jan/PychronDev/setupfiles/spectrometer/mftables/mftable.csv
add to repo msg=modified - automated run peakcenter
sweep finished
locally archiving mftable
setting magnet DAC
current  : 5.896285
requested: 5.881195
Delta Dac: 0.015090
Checking detector protection. dv=0.01509
Checking detector "CDD". Protection Threshold: 0.1 (V)
SetMagnetDAC 5.8811951851 ===>> OK
Magnet settling time: 0.500
setting integration time = 1.048576
SetIntegrationTime 1.048576 ===>> OK
Failed to find a valid peak. No peak greater than 1.0. max = 0.0130834606928
flush and close file /Users/jan/PychronDev/data/isotopes/9b/15b224-afee-4731-8e24-db6fa7faa33a.h5
finished measure script
executed snippet estimated_duration=226.132928, duration=272.670903206
jan_unknown120_60.py completed successfully
Measurement Finished
07:17:18 -- ******* Measurement Finished *******
Post Measurement Started jan_pump_ms.py
07:17:18 -- ******* Post Measurement Started jan_pump_ms.py *******
testing...
no interpolation path defined
executed snippet estimated_duration=0, duration=2.59876251221e-05
Pumping spectrometer
open () {'name': 'O'}
opening name=O desc=---
checking ownership. requestor=129.138.12.150
check software interlocks O
interlocks []
actuate state mode=None-script, software_lock=False
doing actuation None-script open_channel True
Open O ===>> OK
GetIndicatorState O ===>> OK
change switch state (True, True)
update switch state O True args=() kw={} ncanvase=3
07:17:18 -- OPEN   VALVE-O (Jan Ion Pump)
---------------------------------------- open O () result=[(True, True)], time=0.10 sec
action=open, ok=True, locked=[False]
executed snippet estimated_duration=0, duration=0.354695081711
jan_pump_ms.py completed successfully
setting _ms_pumptime
Post Measurement Finished
07:17:18 -- ******* Post Measurement Finished *******
$$$$$$$$$$$$$$$$$$$$ state at run end measurement
state changed from measurement to success
post measurement save measured=True aborted=False
Set filtering
setting fod for Ar40= {'filter_outliers': True, 'std_devs': 2, 'iterations': 1}
setting fod for H1= {'filter_outliers': True, 'std_devs': 2, 'iterations': 1}
setting fod for PM41= {'filter_outliers': False, 'std_devs': 2, 'iterations': 1}
setting fod for H2= {'filter_outliers': True, 'std_devs': 2, 'iterations': 1}
setting fod for Ar36= {'filter_outliers': True, 'std_devs': 2, 'iterations': 1}
setting fod for CDD= {'filter_outliers': True, 'std_devs': 10, 'iterations': 1}
setting fod for Ar37= {'filter_outliers': True, 'std_devs': 2, 'iterations': 1}
setting fod for L2= {'filter_outliers': True, 'std_devs': 2, 'iterations': 1}
setting fod for Ar38= {'filter_outliers': True, 'std_devs': 2, 'iterations': 1}
setting fod for L1= {'filter_outliers': True, 'std_devs': 2, 'iterations': 1}
setting fod for Ar39= {'filter_outliers': True, 'std_devs': 2, 'iterations': 1}
setting fod for AX= {'filter_outliers': True, 'std_devs': 2, 'iterations': 1}
persistence save...
persistence save - db
post measurement save
6322245904 connecting to database sqlite:////Users/jan/PychronDev/.appdata/local_lab.db
connected to db sqlite:////Users/jan/PychronDev/.appdata/local_lab.db
create new session 6322245904
close session 6322245904
No database instance. Not saving post measurement to isotopedb database
$$$$$$$$$$$$$$$ auto_save_detector_ic=False
massspec enabled True
create new session 5025924496
MassSpec Database Version: 16.0
close session 5025924496
saving post measurement to secondary database
saving to massspec database 129.138.12.160/massspecdata
setting labnumber to 65591
setting aliquot to 10
setting step to 
setting uuid to 9b15b224-afee-4731-8e24-db6fa7faa33a
setting irradpos to 65591
setting extract_device to Fusions CO2
setting tray to 
setting position to 206
setting power_requested to 0.35
setting extract_value to 0.35
setting duration to 30.0
setting duration_at_request to 30.0
setting first_stage_delay to 30.0
setting cleanup to 30.0
setting comment to O:14
setting irradiation to NM-289
setting level to O
setting irradiation_level to O
setting sample to BW-2014-10
setting material to Sanidine
setting project to Bustos Wells
setting mass_spectrometer to Jan
no attribute chron_dosages
no attribute production_ratios
no attribute interference_corrections
no attribute production_name
no attribute j
Reference Isotope=Ar40
Reference Detector=H1
%%%%%%%%%%%%%%%%%%%% Comment: O:14 %%%%%%%%%%%%%%%%%%%
adding isotope PM41 H2
add baseline dbdet= PM41. original det= H2
get baseline data PM41 H2
Get data baseline <pychron.processing.isotope.Baseline object at 0x17da615d0> len t=60
baseline PM41. v=-0.18556719245, e=0.00842389534007
get signal data PM41 H2
Get data signal PM41 0.05+/-0.07 len t=120
adding isotope Ar40 H1
add baseline dbdet= Ar40. original det= H1
get baseline data Ar40 H1
Get data baseline <pychron.processing.isotope.Baseline object at 0x17da61c90> len t=60
baseline Ar40. v=-0.0330021205744, e=0.00507997361246
get signal data Ar40 H1
Get data signal Ar40 145.484+/-0.022 len t=120
adding isotope Ar39 AX
add baseline dbdet= Ar39. original det= AX
get baseline data Ar39 AX
Get data baseline <pychron.processing.isotope.Baseline object at 0x17da61250> len t=60
baseline Ar39. v=-0.0860702041963, e=0.00721574444782
get signal data Ar39 AX
Get data signal Ar39 35.563+/-0.016 len t=120
adding isotope Ar38 L1
add baseline dbdet= Ar38. original det= L1
get baseline data Ar38 L1
Get data baseline <pychron.processing.isotope.Baseline object at 0x17da61fd0> len t=60
baseline Ar38. v=-0.0237071124198, e=0.00254259624438
get signal data Ar38 L1
Get data signal Ar38 0.486+/-0.005 len t=120
adding isotope Ar37 L2
add baseline dbdet= Ar37. original det= L2
get baseline data Ar37 L2
Get data baseline <pychron.processing.isotope.Baseline object at 0x17da61c10> len t=60
baseline Ar37. v=-0.0141327665326, e=0.00629625520403
get signal data Ar37 L2
Get data signal Ar37 0.227+/-0.011 len t=120
adding isotope Ar36 CDD
add baseline dbdet= Ar36. original det= CDD
get baseline data Ar36 CDD
Get data baseline <pychron.processing.isotope.Baseline object at 0x17da61b50> len t=60
baseline Ar36. v=3.4735262661e-05, e=8.92818592425e-06
get signal data Ar36 CDD
Get data signal Ar36 0.00591+/-0.00023 len t=120
65591-10 added analysis time 0.511616945267s
analysis added to mass spec database
mass spec save time= 0.520
persistence save - dvc
================= post measurement started
create new session 4992585168
close session 4992585168
---------------- Experiment Queue saving disabled
DVC saving peakcenter
Failed to find a valid peak. No peak greater than 1.0. max = 0.0130834606928
Smart pull ahead: 0 behind: 0
Up-to-date with origin
add to repo msg=modified - ad8224ebc6dbfeb9f5997218dfa5fe690569839d.json
add to repo msg=modified - 91-10.json
add to repo msg=modified - 91-10.dat.json
add to repo msg=modified - 91-10.blan.json
add to repo msg=modified - 91-10.inte.json
add to repo msg=modified - 91-10.icfa.json
add to repo msg=modified - 91-10.base.json
not at valid file /Users/jan/PychronDev/data/.dvc/repositories/Load1792/655/tags/91-10.tags.json
add to repo msg=modified - 91-10.peak.json
add to repo msg=modified - 91-10.extr.json
not at valid file /Users/jan/PychronDev/data/.dvc/repositories/Load1792/655/monitor/91-10.moni.json
commit message=<COLLECTION>
add to repo msg=modified - 91-10.inte.json
add to repo msg=modified - 91-10.base.json
commit message=<ISOEVO> default collection fits
add to repo msg=modified - 91-10.blan.json
commit message=<BLANKS> preceding ba-01-J-2326
add to repo msg=modified - 91-10.icfa.json
commit message=<ICFactor> default
push repository <pychron.git_archive.repo_manager.GitRepoManager object at 0x182559f50>
pushing to remote=origin, url=https://github.com
no changes to meta repo
set states for children of V. state=False
handle state [('V', False)]
update switch state V False args=() kw={'refresh': False} ncanvase=3
refresh_canvas_needed fired
create new session 4992585168
add association Load1792
get identifier "65591"
setting analysis irradiation position=<pychron.dvc.dvc_orm.IrradiationPositionTbl object at 0x173ca9c50>
close session 4992585168
================= post measurement finished
07:17:31 -- ******* Post Run Check *******
loading queue conditionals post_run_actions
loading system conditionals post_run_actions
loading conditionals from /Users/jan/PychronDev/setupfiles/spectrometer/default_conditionals.yaml
loading queue conditionals post_run_terminations
loading system conditionals post_run_terminations
loading conditionals from /Users/jan/PychronDev/setupfiles/spectrometer/default_conditionals.yaml
Checking default post run terminations n=1
GetDeflection CDD ===>> 50
testing CDD==2000
evaluate ot="CDD.deflection==2000" t="CDD==2000", ctx="{'CDD': 50.0}"
07:17:31 -- ******* Post Run Check Passed *******
07:17:31 -- Automated run 65591-10 success duration: 381.315 s
----------------- finish -----------------
----------------- stop -----------------
retroactive repository identifiers disabled
finish run. runs completed=150
update duration runid=65591-10, duration=381.315336227, md5=301e91d8
loading script "jan_unknown120_60.py"
loading script "jan_pump_ms.py"
loading script "jan_co2.py"
loading script "jan_pump_extraction_line.py"
testing...
no interpolation path defined
executed snippet estimated_duration=213.652928, duration=0.00017786026001
script duration name:unknown120_60 seconds:214.0
loading script "jan_unknown120_60.py"
loading script "jan_pump_ms.py"
loading script "jan_co2.py"
loading script "jan_pump_extraction_line.py"
testing...
no interpolation path defined
executed snippet estimated_duration=0, duration=2.59876251221e-05
loading script "jan_unknown120_60.py"
loading script "jan_pump_ms.py"
loading script "jan_co2.py"
loading script "jan_pump_extraction_line.py"
testing...
no interpolation path defined
calculate duration
testing...
no interpolation path defined
executed snippet estimated_duration=0, duration=4.50611114502e-05
calculate duration
testing...
no interpolation path defined
executed snippet estimated_duration=0, duration=9.20295715332e-05
executed snippet estimated_duration=0.0, duration=0.00404810905457
script duration name:co2 seconds:0.0
loading script "jan_unknown120_60.py"
loading script "jan_pump_ms.py"
loading script "jan_co2.py"
loading script "jan_pump_extraction_line.py"
testing...
no interpolation path defined
calculate duration
testing...
no interpolation path defined
executed snippet estimated_duration=4.0, duration=0.000198125839233
executed snippet estimated_duration=4.0, duration=0.00165295600891
Script duration 214.0
Run total estimated duration= 215.000
unknown120_60 in script context. using previous estimated duration
script duration name:unknown120_60 seconds:214.0
pump_ms in script context. using previous estimated duration
co2 in script context. using previous estimated duration
script duration name:co2 seconds:0.0
pump_extraction_line in script context. using previous estimated duration
Script duration 214.0
Run total estimated duration= 215.000
loading script "jan_unknown400_120.py"
loading script "jan_pump_ms.py"
loading script "jan_co2.py"
loading script "jan_pump_extraction_line.py"
testing...
no interpolation path defined
executed snippet estimated_duration=556.052928, duration=0.000209808349609
script duration name:unknown400_120 seconds:556.0
script duration name:co2 seconds:0.0
Script duration 556.0
Run total estimated duration= 557.000
unknown400_120 in script context. using previous estimated duration
script duration name:unknown400_120 seconds:556.0
loading script "jan_unknown400_120.py"
loading script "jan_pump_ms.py"
loading script "jan_cocktail_x1.py"
loading script "jan_pump_extraction_line.py"
testing...
no interpolation path defined
calculate duration
testing...
no interpolation path defined
executed snippet estimated_duration=0, duration=4.88758087158e-05
calculate duration
testing...
no interpolation path defined
executed snippet estimated_duration=0, duration=9.91821289062e-05
calculate duration
testing...
no interpolation path defined
executed snippet estimated_duration=32.0, duration=9.3936920166e-05
calculate duration
testing...
no interpolation path defined
executed snippet estimated_duration=34.0, duration=0.000135183334351
calculate duration
testing...
no interpolation path defined
executed snippet estimated_duration=4.0, duration=9.67979431152e-05
calculate duration
testing...
no interpolation path defined
executed snippet estimated_duration=38.0, duration=0.000104904174805
executed snippet estimated_duration=108.0, duration=0.0172719955444
script duration name:cocktail_x1 seconds:108.0
Script duration 664.0
Run total estimated duration= 665.000
script duration name:unknown400_120 seconds:556.0
loading script "jan_unknown400_120.py"
loading script "jan_pump_ms.py"
loading script "jan_sniffair_x2.py"
loading script "jan_pump_extraction_line.py"
testing...
no interpolation path defined
calculate duration
testing...
no interpolation path defined
executed snippet estimated_duration=0, duration=4.50611114502e-05
calculate duration
testing...
no interpolation path defined
executed snippet estimated_duration=0, duration=0.000396013259888
calculate duration
testing...
no interpolation path defined
executed snippet estimated_duration=32.0, duration=0.000121831893921
calculate duration
testing...
no interpolation path defined
executed snippet estimated_duration=34.0, duration=0.000102996826172
calculate duration
testing...
no interpolation path defined
executed snippet estimated_duration=4.0, duration=6.19888305664e-05
calculate duration
testing...
no interpolation path defined
executed snippet estimated_duration=36.0, duration=0.00011682510376
calculate duration
testing...
no interpolation path defined
executed snippet estimated_duration=34.0, duration=9.51290130615e-05
calculate duration
testing...
no interpolation path defined
executed snippet estimated_duration=4.0, duration=6.31809234619e-05
calculate duration
testing...
no interpolation path defined
executed snippet estimated_duration=36.0, duration=8.79764556885e-05
calculate duration
testing...
no interpolation path defined
executed snippet estimated_duration=70.0, duration=0.000102996826172
executed snippet estimated_duration=250.0, duration=0.0194871425629
script duration name:sniffair_x2 seconds:250.0
Script duration 806.0
Run total estimated duration= 807.000
script duration name:unknown400_120 seconds:556.0
sniffair_x2 in script context. using previous estimated duration
script duration name:sniffair_x2 seconds:250.0
Script duration 806.0
Run total estimated duration= 807.000
script duration name:unknown400_120 seconds:556.0
cocktail_x1 in script context. using previous estimated duration
script duration name:cocktail_x1 seconds:108.0
Script duration 664.0
Run total estimated duration= 665.000
loading script "jan_ic_peak_hop3.py"
loading script "jan_pump_ms.py"
loading script "jan_air_x1.py"
loading script "jan_pump_extraction_line.py"
testing...
no interpolation path defined
executed snippet estimated_duration=133.8, duration=0.00895190238953
script duration name:ic_peak_hop3 seconds:134.0
loading script "jan_ic_peak_hop3.py"
loading script "jan_pump_ms.py"
loading script "jan_air_x1.py"
loading script "jan_pump_extraction_line.py"
testing...
no interpolation path defined
calculate duration
testing...
no interpolation path defined
executed snippet estimated_duration=0, duration=4.48226928711e-05
calculate duration
testing...
no interpolation path defined
executed snippet estimated_duration=0, duration=9.60826873779e-05
calculate duration
testing...
no interpolation path defined
executed snippet estimated_duration=32.0, duration=9.08374786377e-05
calculate duration
testing...
no interpolation path defined
executed snippet estimated_duration=34.0, duration=9.3936920166e-05
calculate duration
testing...
no interpolation path defined
executed snippet estimated_duration=4.0, duration=5.79357147217e-05
calculate duration
testing...
no interpolation path defined
executed snippet estimated_duration=36.0, duration=8.48770141602e-05
executed snippet estimated_duration=106.0, duration=0.0102410316467
script duration name:air_x1 seconds:106.0
Script duration 240.0
Run total estimated duration= 241.000
nruns=8 before=5.0, run_dur=4172.0, btw=315.0
write rem/ex queues
/Users/jan/PychronDev/experiments/rem/CurrentExperiment.rem.txt
/Users/jan/PychronDev/experiments/rem/CurrentExperiment.ex.txt
doing event level: 3
