do run
loading script "jan_unknown400_120.py"
loading script "jan_pump_ms.py"
loading script "jan_co2.py"
loading script "jan_pump_extraction_line.py"
testing...
no interpolation path defined
executed snippet estimated_duration=556.052928, duration=0.000347852706909
script duration name:unknown400_120 seconds:556.0
loading script "jan_unknown400_120.py"
loading script "jan_pump_ms.py"
loading script "jan_co2.py"
loading script "jan_pump_extraction_line.py"
testing...
no interpolation path defined
executed snippet estimated_duration=0, duration=2.40802764893e-05
loading script "jan_unknown400_120.py"
loading script "jan_pump_ms.py"
loading script "jan_co2.py"
loading script "jan_pump_extraction_line.py"
testing...
no interpolation path defined
calculate duration
testing...
no interpolation path defined
executed snippet estimated_duration=0, duration=6.19888305664e-05
calculate duration
testing...
no interpolation path defined
executed snippet estimated_duration=0, duration=9.89437103271e-05
executed snippet estimated_duration=0.0, duration=0.00310182571411
script duration name:co2 seconds:0.0
loading script "jan_unknown400_120.py"
loading script "jan_pump_ms.py"
loading script "jan_co2.py"
loading script "jan_pump_extraction_line.py"
testing...
no interpolation path defined
calculate duration
testing...
no interpolation path defined
executed snippet estimated_duration=4.0, duration=0.000174045562744
executed snippet estimated_duration=4.0, duration=0.00154995918274
Script duration 556.0
Run total estimated duration= 557.000
run duration: 0:09:17
doing event level: 2
08:04:26 -- Setting default integration. t=1.048576
setting integration time = 1.048576
SetIntegrationTime 1.048576 ===>> OK
----------------- start -----------------
**************** Experiment Type: Ar/Ar, Ar/Ar
close session 5005632432
$$$$$ Clearing conditionals
adding conditionals 
Add queue conditionals
add default conditionals
adding default conditionals from /Users/jan/PychronDev/setupfiles/spectrometer/default_conditionals.yaml
Start automated run bu-FC-J-7773
loading script "jan_unknown400_120.py"
loading script "jan_pump_ms.py"
loading script "jan_co2.py"
loading script "jan_pump_extraction_line.py"
%%%%%%%%%%%%%%%%%% setting automated run bu-FC-J-7773
No value "sensitivity_multiplier" in metadata
$$$$$$$$$$$$$$$ auto_save_detector_ic=False
============================= Pre Extraction Check =============================
loading queue conditionals pre_run_terminations
loading system conditionals pre_run_terminations
loading conditionals from /Users/jan/PychronDev/setupfiles/spectrometer/default_conditionals.yaml
08:04:26 -- ******* Pre Extraction Check *******
Get a measurement from the spectrometer
GetData ===>> H2,-0.335300169470944,H1,-0.0398003544979762,AX,-0.0572789917142454,L1,-0.0274532692580976,L2,-0....
Pre Extraction Termination data. keys=H2,H1,AX,L1,L2,CDD, signals=-0.33530,-0.03980,-0.05728,-0.02745,-0.01771,0.00238
08:04:26 -- testing system defined conditionals
Checking default pre extraction terminations n=2
testing CDD
evaluate ot="CDD.inactive" t="CDD", ctx="{'CDD': False}"
GetDeflection CDD ===>> 50
testing CDD==2000
evaluate ot="CDD.deflection==2000" t="CDD==2000", ctx="{'CDD': 50.0}"
08:04:26 -- ******* Pre Extraction Check Passed *******
=================================================================================
08:04:26 -- stopping status monitor
stop 5056573712
Alive clients [5016222032, 4983347536]
08:04:26 -- starting status monitor
start 5056573712
Monitor already running
start extraction
do extraction
Analysis started at 08:04:26.683613
Extraction Started jan_co2.py
08:04:26 -- ******* Extraction Started jan_co2.py *******
state changed from not run to extraction
DO EXTRACTION <pychron.extraction_line.pyscript_runner.RemotePyScriptRunner object at 0x12b9e25f0>
testing...
no interpolation path defined
calculate duration
testing...
no interpolation path defined
executed snippet estimated_duration=0, duration=8.58306884766e-05
calculate duration
testing...
no interpolation path defined
executed snippet estimated_duration=0, duration=0.000108957290649
executed snippet estimated_duration=120.0, duration=0.00287103652954
Jan CO2 laser analysis
doing GOSUB
testing...
no interpolation path defined
executed snippet estimated_duration=0, duration=4.57763671875e-05
Waiting for CO2 access
wait ('FelixCO2Flag', 0) {}
waiting for FelixCO2Flag = 0
Read FelixCO2Flag ===>> 0
finished waiting
CO2 free
wait ('CO2PumpTimeFlag', 0) {}
waiting for CO2PumpTimeFlag = 0
Read CO2PumpTimeFlag ===>> 16.1194739342
Read CO2PumpTimeFlag ===>> 15.1097009182
Read CO2PumpTimeFlag ===>> 5.03971099854
finished waiting
acquire ('JanCO2Flag',) {'clear': True}
acquire JanCO2Flag
Set JanCO2Flag 1 ===>> OK
JanCO2Flag acquired
set extraction state False (0.75, 'red', 1.5)
CO2 acquired
executed snippet estimated_duration=0, duration=17.1312270164
WaitForCO2Access.py completed successfully
gosub finished
doing GOSUB
testing...
no interpolation path defined
executed snippet estimated_duration=0, duration=0.000128030776978
Prepare for CO2 analysis
close () {'description': 'Jan Inlet'}
closing name=--- desc=Jan Inlet
checking ownership. requestor=129.138.12.150
check software interlocks R
interlocks []
actuate state mode=None-script, software_lock=False
doing actuation None-script close_channel False
Close R ===>> OK
GetIndicatorState R ===>> False
change switch state (True, True)
update switch state R False args=() kw={} ncanvase=3
08:04:44 -- CLOSE  VALVE-R (Jan Inlet)
---------------------------------------- close None (Jan Inlet) result=[(True, True)]
action=close, ok=True, locked=[False]
open () {'description': 'Jan Ion Pump'}
opening name=--- desc=Jan Ion Pump
checking ownership. requestor=129.138.12.150
check software interlocks O
interlocks []
actuate state mode=None-script, software_lock=False
doing actuation None-script open_channel False
Open O ===>> OK
GetIndicatorState O ===>> OK
change switch state (True, True)
update switch state O True args=() kw={} ncanvase=3
08:04:44 -- OPEN   VALVE-O (Jan Ion Pump)
---------------------------------------- open None (Jan Ion Pump) result=[(True, True)], time=0.09 sec
action=open, ok=True, locked=[False]
close () {'description': 'Microbone to Minibone'}
closing name=--- desc=Microbone to Minibone
checking ownership. requestor=129.138.12.150
check software interlocks L
interlocks []
actuate state mode=None-script, software_lock=False
doing actuation None-script close_channel False
Close L ===>> OK
GetIndicatorState L ===>> False
change switch state (True, True)
update switch state L False args=() kw={} ncanvase=3
08:04:45 -- CLOSE  VALVE-L (Microbone to Minibone)
---------------------------------------- close None (Microbone to Minibone) result=[(True, True)]
action=close, ok=True, locked=[False]
open () {'description': 'Microbone to Turbo'}
opening name=--- desc=Microbone to Turbo
checking ownership. requestor=129.138.12.150
check software interlocks U
interlocks []
actuate state mode=None-script, software_lock=False
doing actuation None-script open_channel False
Open U ===>> OK
GetIndicatorState U ===>> OK
change switch state (True, True)
update switch state U True args=() kw={} ncanvase=3
08:04:45 -- OPEN   VALVE-U (Microbone to Turbo)
---------------------------------------- open None (Microbone to Turbo) result=[(True, True)], time=0.12 sec
action=open, ok=True, locked=[False]
open () {'description': 'Microbone to Inlet Pipette'}
opening name=--- desc=Microbone to Inlet Pipette
checking ownership. requestor=129.138.12.150
check software interlocks S
interlocks []
actuate state mode=None-script, software_lock=False
doing actuation None-script open_channel False
Open S ===>> OK
GetIndicatorState S ===>> OK
change switch state (True, True)
update switch state S True args=() kw={} ncanvase=3
08:04:46 -- OPEN   VALVE-S (Microbone to Inlet Pipette)
---------------------------------------- open None (Microbone to Inlet Pipette) result=[(True, True)], time=0.42 sec
action=open, ok=True, locked=[False]
open () {'description': 'Microbone to Getter D-50'}
opening name=--- desc=Microbone to Getter D-50
checking ownership. requestor=129.138.12.150
check software interlocks K
interlocks []
actuate state mode=None-script, software_lock=False
doing actuation None-script open_channel False
Open K ===>> OK
GetIndicatorState K ===>> OK
change switch state (True, True)
update switch state K True args=() kw={} ncanvase=3
08:04:47 -- OPEN   VALVE-K (Microbone to Getter D-50)
---------------------------------------- open None (Microbone to Getter D-50) result=[(True, True)], time=0.42 sec
action=open, ok=True, locked=[False]
open () {'description': 'Microbone to Getter NP-10'}
opening name=--- desc=Microbone to Getter NP-10
checking ownership. requestor=129.138.12.150
check software interlocks M
interlocks []
actuate state mode=None-script, software_lock=False
doing actuation None-script open_channel False
Open M ===>> OK
GetIndicatorState M ===>> OK
change switch state (True, True)
update switch state M True args=() kw={} ncanvase=3
08:04:47 -- OPEN   VALVE-M (Microbone to Getter NP-10)
---------------------------------------- open None (Microbone to Getter NP-10) result=[(True, True)], time=0.14 sec
action=open, ok=True, locked=[False]
close () {'description': 'CO2 Laser to Felix'}
closing name=--- desc=CO2 Laser to Felix
checking ownership. requestor=129.138.12.150
check software interlocks F
interlocks []
actuate state mode=None-script, software_lock=True
VALVE-F(CO2 Laser to Felix) software locked
change switch state (True, False)
---------------------------------------- close None (CO2 Laser to Felix) result=[(True, False)]
action=close, ok=True, locked=[True]
open () {'description': 'CO2 Laser to Jan'}
opening name=--- desc=CO2 Laser to Jan
checking ownership. requestor=129.138.12.150
check software interlocks A
interlocks []
actuate state mode=None-script, software_lock=False
doing actuation None-script open_channel False
Open A ===>> OK
GetIndicatorState A ===>> OK
change switch state (True, True)
update switch state A True args=() kw={} ncanvase=3
08:04:47 -- OPEN   VALVE-A (CO2 Laser to Jan)
---------------------------------------- open None (CO2 Laser to Jan) result=[(True, True)], time=0.13 sec
action=open, ok=True, locked=[False]
open () {'description': 'Microbone to CO2 Laser'}
opening name=--- desc=Microbone to CO2 Laser
checking ownership. requestor=129.138.12.150
check software interlocks T
interlocks []
actuate state mode=None-script, software_lock=False
doing actuation None-script open_channel False
Open T ===>> OK
GetIndicatorState T ===>> OK
change switch state (True, True)
update switch state T True args=() kw={} ncanvase=3
08:04:48 -- OPEN   VALVE-T (Microbone to CO2 Laser)
---------------------------------------- open None (Microbone to CO2 Laser) result=[(True, True)], time=0.42 sec
action=open, ok=True, locked=[False]
executed snippet estimated_duration=0, duration=4.89491200447
PrepareForCO2Analysis.py completed successfully
gosub finished
set_motor ('beam', '') {}
setting motor "beam" to 
is blank. not heating
close () {'description': 'Microbone to Turbo'}
closing name=--- desc=Microbone to Turbo
checking ownership. requestor=129.138.12.150
check software interlocks U
interlocks []
actuate state mode=None-script, software_lock=False
doing actuation None-script close_channel True
Close U ===>> OK
GetIndicatorState U ===>> False
change switch state (True, True)
update switch state U False args=() kw={} ncanvase=3
08:04:48 -- CLOSE  VALVE-U (Microbone to Turbo)
---------------------------------------- close None (Microbone to Turbo) result=[(True, True)]
action=close, ok=True, locked=[False]
sleep (30.0,) {}
SLEEP 30.0
block started
WaitControl setup for 30.0  
Join finished
block finished. duration 30.0736031532
sleep (30.0,) {}
SLEEP 30.0
block started
WaitControl setup for 30.0  
Join finished
block finished. duration 30.0738379955
executed snippet estimated_duration=180.0, duration=82.579529047
jan_co2.py completed successfully
GetAchievedOutput ===>> No Response
Requested Output= 0.000
Achieved Output=  0.000
GetResponseBlob ===>> No Response
GetOutputBlob ===>> No Response
persistence save...
persistence save - db
AutomatedRunPersister post_extraction_save deprecated
persistence save - dvc
no extraction position for 53
create new session 4983053008
close session 4983053008
Extraction Finished
08:05:49 -- ******* Extraction Finished *******
no overlap. not waiting for min ms pumptime
08:05:49 -- Sending spectrometer configuration
======== Sending configuration ========
SetDeflection CDD,50.0 ===>> OK
SetDeflection H2,0.0 ===>> OK
SetDeflection H1,0.0 ===>> OK
SetDeflection L2,825.0 ===>> OK
SetDeflection L1,400.0 ===>> OK
SetDeflection AX,190.0 ===>> OK
SetZFocus 74.64 ===>> OK
SetZSymmetry -50.72 ===>> OK
SetExtractionLens 26.13 ===>> OK
SetIonRepeller -3.81 ===>> OK
SetElectronEnergy 75.08 ===>> OK
SetYSymmetry -2.81 ===>> OK
SetIonCounterVoltage 1590.0 ===>> OK
send trap current 200.0
GetParameter Trap Current Readback ===>> 198.482695477019
SetParameter Trap Current Set,200.0 ===>> OK
updating mftable name mftable
Using mftable located at /Users/jan/PychronDev/setupfiles/spectrometer/mftables/mftable.csv
============ MFtable ===========
Isotope  H2     H1     AX     L1     L2     CDD    
Ar40     5.8151 5.8793 5.9927 6.1550 6.2307 6.3832
Ar39     5.7143 5.7716 5.8851 6.0411 6.1159 6.2697
Ar36     5.3918 5.4406 5.5484 5.6999 5.7708 5.9208
================================
get initial guess parabolic
get initial guess parabolic
get initial guess parabolic
get initial guess parabolic
get initial guess parabolic
get initial guess parabolic
======== Configuration Finished ========
GetYSymmetry ===>> -2.81
GetZSymmetry ===>> -50.72
GetParameter Trap Current Readback ===>> 198.035158395898
GetHighVoltage ===>> 4499.94659342336
start measurement
do measurement
L#=bu-FC-J analysis type=blank_unknown
Measurement Started jan_unknown400_120.py
08:05:49 -- ******* Measurement Started jan_unknown400_120.py *******
state changed from extraction to measurement
setting spec, defl, and gains
GetExtractionLens ===>> 26.13
GetYSymmetry ===>> -2.81
GetZSymmetry ===>> -50.72
GetZFocus ===>> 74.64
GetDeflection H2 ===>> 0
GetDeflection H1 ===>> 0
GetDeflection AX ===>> 190
GetDeflection L1 ===>> 400
GetDeflection L2 ===>> 825
GetDeflection CDD ===>> 50
GetGain H2 ===>> 0.0113
GetGain H1 ===>> 0.1
GetGain AX ===>> 0.097049
GetGain L1 ===>> 0.010355
GetGain L2 ===>> 0.095649
GetGain CDD ===>> 0
pre measurement save
New frame /Users/jan/PychronDev/data/isotopes/06/e61189-dc03-4c61-a122-4e25c57a7b39.h5
flush and close file /Users/jan/PychronDev/data/isotopes/06/e61189-dc03-4c61-a122-4e25c57a7b39.h5
testing...
no interpolation path defined
executed snippet estimated_duration=568.532928, duration=0.000252962112427
unknown measurement script
activate_detectors ('H2', 'H1', 'AX', 'L1', 'L2', 'CDD') {}
activate detectors
*************** Set Analysis View Ar/Ar
create graphs
clearing graphs
clear isotope group
setting isotope det=H2, iso=PM41
setting isotope det=H1, iso=Ar40
setting isotope det=AX, iso=Ar39
setting isotope det=L1, iso=Ar38
setting isotope det=L2, iso=Ar37
setting isotope det=CDD, iso=Ar36
load analysis view
position_magnet ('Ar40',) {'detector': 'H1'}
detector Detector(H1)
POSITION Ar40 H1
setting detector H2 to PM41 (40.9624)
setting detector H1 to Ar40 (39.9624)
setting detector AX to Ar39 (38.9624)
setting detector L1 to Ar38 (37.9624)
setting detector L2 to Ar37 (36.9624)
setting detector CDD to Ar36 (35.9624)
Mapping mass to dac mass func: "parabolic"
H1 map mass coeffs = [-0.00063987  0.15840543  0.57094999]
H1 map mass to dac 39.9624 >> 5.87934
GetDeflection H1 ===>> 0
GetHighVoltage ===>> 4499.94659342336
positioning Ar40 (5.87930537712) on H1
setting magnet DAC
current  : 5.879305
requested: 5.879305
Delta Dac: 0.000000
Checking detector protection. dv=0.00000
Checking detector "CDD". Protection Threshold: 0.1 (V)
SetMagnetDAC 5.87930537712 ===>> OK
equilibrate () {'delay': 3, 'inlet': 'R', 'outlet': 'O', 'eqtime': 12.0}
Equilibration Started
08:05:50 -- ******* Equilibration Started *******
checking ownership. requestor=129.138.12.150
check software interlocks O
interlocks []
actuate state mode=None-script, software_lock=False
doing actuation None-script close_channel True
Close O ===>> OK
GetIndicatorState O ===>> False
change switch state (True, True)
update switch state O False args=() kw={} ncanvase=3
08:05:50 -- CLOSE  VALVE-O (Jan Ion Pump)
waiting 3s before opening inlet value ('R',)
update labels <pychron.experiment.plot_panel.PlotPanel object at 0x14e864e90>
update labels "<pychron.graph.stacked_regression_graph.StackedRegressionGraph object at 0x1076d4d10>"
setting label 0 H2 PM41
setting label 1 H1 Ar40
setting label 2 AX Ar39
setting label 3 L1 Ar38
setting label 4 L2 Ar37
setting label 5 CDD Ar36
update labels "<pychron.graph.stacked_graph.StackedGraph object at 0x15291c050>"
setting label 0 H2 PM41
setting label 1 H1 Ar40
setting label 2 AX Ar39
setting label 3 L1 Ar38
setting label 4 L2 Ar37
setting label 5 CDD Ar36
checking ownership. requestor=129.138.12.150
check software interlocks R
interlocks []
actuate state mode=None-script, software_lock=False
doing actuation None-script open_channel True
Open R ===>> OK
set states for children of R. state=True
handle state [('R', True)]
update switch state R True args=() kw={'refresh': False} ncanvase=3
refresh_canvas_needed fired
GetIndicatorState R ===>> OK
change switch state (True, True)
update switch state R True args=() kw={} ncanvase=3
08:05:54 -- OPEN   VALVE-R (Jan Inlet)
set_time_zero () {}
equilibrating for 12.0sec
sniff (12.0,) {}
py_sniff
build tables- sniff [Detector(H2), Detector(H1), Detector(AX), Detector(L1), Detector(L2), Detector(CDD)]
add group /sniff/PM41 (Group) '' table H2
add group /sniff/Ar40 (Group) '' table H1
add group /sniff/Ar39 (Group) '' table AX
add group /sniff/Ar38 (Group) '' table L1
add group /sniff/Ar37 (Group) '' table L2
add group /sniff/Ar36 (Group) '' table CDD
flush and close file /Users/jan/PychronDev/data/isotopes/06/e61189-dc03-4c61-a122-4e25c57a7b39.h5
measuring sniff. ncounts=12.0
"sniff" increment series count="1" fit count="0" regressing="False"
starting measurement
check iteration duration=4.6968460083e-05
GetData ===>> H2,-0.0913388849367661,H1,0.0652919090139871,AX,-0.0892614569353542,L1,-0.0563906982851222,L2,0.0...
check iteration duration=1.59740447998e-05
GetData ===>> H2,0.538225512750945,H1,0.295139136384326,AX,0.901220467591225,L1,0.0498270207141331,L2,0.3292853...
check iteration duration=2.8133392334e-05
GetData ===>> H2,0.739181587354843,H1,0.469087527358592,AX,0.693928906828869,L1,0.16982268391819,L2,0.239695744...
check iteration duration=1.50203704834e-05
GetData ===>> H2,0.258040788583087,H1,0.481684044269604,AX,0.30817337585891,L1,0.161343412847054,L2,0.109991234...
check iteration duration=5.10215759277e-05
GetData ===>> H2,0.0347984013667708,H1,0.55019183749343,AX,0.143345424332622,L1,0.0620705778804375,L2,0.1103788...
check iteration duration=2.90870666504e-05
GetData ===>> H2,-0.00361509324660345,H1,0.529825910839299,AX,0.0411222547857945,L1,-0.0121622708791651,L2,0.10...
check iteration duration=4.50611114502e-05
GetData ===>> H2,-0.00212831525845345,H1,0.569305843223345,AX,0.0230770921302189,L1,0.0181611282764972,L2,0.069...
check iteration duration=1.90734863281e-05
GetData ===>> H2,-0.189440394724087,H1,0.62981764931489,AX,-0.0199740894122751,L1,-0.0135550766733678,L2,-0.065...
check iteration duration=3.69548797607e-05
GetData ===>> H2,-0.259067124329387,H1,0.555908912010961,AX,0.0527381850850972,L1,0.0285890253733046,L2,0.00699...
check iteration duration=1.4066696167e-05
GetData ===>> H2,-0.262548427556011,H1,0.588291878341241,AX,0.0248756560168116,L1,0.016733064657299,L2,-0.06734...
check iteration duration=3.91006469727e-05
GetData ===>> H2,-0.0857915950172153,H1,0.638244570271707,AX,0.061563174155523,L1,-0.0232339974762877,L2,-0.022...
Equilibration Finished
08:06:06 -- ******* Equilibration Finished *******
checking ownership. requestor=129.138.12.150
check software interlocks R
interlocks []
actuate state mode=None-script, software_lock=False
doing actuation None-script close_channel True
check iteration duration=3.00407409668e-05
GetData ===>> H2,-0.142017563600852,H1,0.685114298674638,AX,-0.0344362196887127,L1,0.0111800731018827,L2,0.0977...
Close R ===>> OK
set states for children of R. state=False
handle state [('R', False)]
update switch state R False args=() kw={'refresh': False} ncanvase=3
refresh_canvas_needed fired
GetIndicatorState R ===>> False
change switch state (True, True)
update switch state R False args=() kw={} ncanvase=3
08:06:06 -- CLOSE  VALVE-R (Jan Inlet)
Post Equilibration Started jan_pump_extraction_line.py
08:06:06 -- ******* Post Equilibration Started jan_pump_extraction_line.py *******
testing...
no interpolation path defined
calculate duration
testing...
no interpolation path defined
executed snippet estimated_duration=4.0, duration=0.000115871429443
executed snippet estimated_duration=4.0, duration=0.00112891197205
Pump after analysis
doing GOSUB
testing...
no interpolation path defined
executed snippet estimated_duration=4.0, duration=0.000184059143066
Pump Microbone
close () {'description': 'Jan Inlet'}
closing name=--- desc=Jan Inlet
checking ownership. requestor=129.138.12.150
check software interlocks R
interlocks []
actuate state mode=None-script, software_lock=False
doing actuation None-script close_channel False
Close R ===>> OK
check iteration duration=4.38690185547e-05
waiting for write to finish
measurement finished
estimated time: 12.583 actual time: :12.680
flush and close file /Users/jan/PychronDev/data/isotopes/06/e61189-dc03-4c61-a122-4e25c57a7b39.h5
set_fits () {}
using default fits file=/Users/jan/PychronDev/scripts/measurement/fits/nominal.yaml
set "Ar40" to "('Parabolic', 'SEM')"
No fit for "PM41". defaulting to linear. check the measurement script "jan_unknown400_120.py"
set "PM41" to "linear"
set "Ar36" to "('Parabolic', 'SEM')"
set "Ar37" to "('linear', 'SEM')"
set "Ar38" to "('linear', 'SEM')"
set "Ar39" to "('Parabolic', 'SEM')"
set_baseline_fits () {}
GetIndicatorState R ===>> False
using default fits file=/Users/jan/PychronDev/scripts/measurement/fits/nominal.yaml
change switch state (True, True)
update switch state R False args=() kw={} ncanvase=3
set "H1" to "('average', 'SEM')"
set "H2" to "('average', 'SEM')"
set "CDD" to "('average', 'SEM')"
set "L2" to "('average', 'SEM')"
set "L1" to "('average', 'SEM')"
set "AX" to "('average', 'SEM')"
multicollect () {'integration_time': 1, 'ncounts': 400}
build tables- signal [Detector(H2), Detector(H1), Detector(AX), Detector(L1), Detector(L2), Detector(CDD)]
08:06:07 -- CLOSE  VALVE-R (Jan Inlet)
---------------------------------------- close None (Jan Inlet) result=[(True, True)]
add group /signal/PM41 (Group) '' table H2
add group /signal/Ar40 (Group) '' table H1
add group /signal/Ar39 (Group) '' table AX
add group /signal/Ar38 (Group) '' table L1
add group /signal/Ar37 (Group) '' table L2
add group /signal/Ar36 (Group) '' table CDD
flush and close file /Users/jan/PychronDev/data/isotopes/06/e61189-dc03-4c61-a122-4e25c57a7b39.h5
measuring signal. ncounts=400
action=close, ok=True, locked=[False]
is_closed ('F',) {}
is F () closed?
is closed True
open () {'description': 'CO2 Laser to Jan'}
opening name=--- desc=CO2 Laser to Jan
checking ownership. requestor=129.138.12.150
check software interlocks A
interlocks []
actuate state mode=None-script, software_lock=False
doing actuation None-script open_channel False
Open A ===>> OK
GetIndicatorState A ===>> OK
change switch state (True, True)
update switch state A True args=() kw={} ncanvase=3
08:06:07 -- OPEN   VALVE-A (CO2 Laser to Jan)
---------------------------------------- open None (CO2 Laser to Jan) result=[(True, True)], time=0.12 sec
"signal" increment series count="2" fit count="1" regressing="True"
starting measurement
check iteration duration=0.000133991241455
GetData ===>> H2,-0.126279524924364,H1,0.607556743063031,AX,-0.0740887744239738,L1,-0.0206207804661243,L2,0.023...
action=open, ok=True, locked=[False]
sleep (1,) {}
SLEEP 1.0
check iteration duration=6.69956207275e-05
GetData ===>> H2,-0.155979104304516,H1,0.715329926644581,AX,-0.0302961180549291,L1,-0.0160328230218094,L2,0.020...
close () {'description': 'CO2 Laser to Roughing'}
closing name=--- desc=CO2 Laser to Roughing
checking ownership. requestor=129.138.12.150
check software interlocks G
interlocks []
actuate state mode=None-script, software_lock=True
VALVE-G(CO2 Laser to Roughing) software locked
change switch state (True, False)
---------------------------------------- close None (CO2 Laser to Roughing) result=[(True, False)]
action=close, ok=True, locked=[True]
open () {'description': 'Microbone to Turbo'}
opening name=--- desc=Microbone to Turbo
checking ownership. requestor=129.138.12.150
check software interlocks U
interlocks []
actuate state mode=None-script, software_lock=False
doing actuation None-script open_channel True
Open U ===>> OK
GetIndicatorState U ===>> OK
change switch state (True, True)
update switch state U True args=() kw={} ncanvase=3
08:06:09 -- OPEN   VALVE-U (Microbone to Turbo)
---------------------------------------- open None (Microbone to Turbo) result=[(True, True)], time=0.14 sec
action=open, ok=True, locked=[False]
open () {'description': 'Microbone to Getter NP-10'}
opening name=--- desc=Microbone to Getter NP-10
checking ownership. requestor=129.138.12.150
check software interlocks M
interlocks []
actuate state mode=None-script, software_lock=False
doing actuation None-script open_channel False
Open M ===>> OK
GetIndicatorState M ===>> OK
change switch state (True, True)
update switch state M True args=() kw={} ncanvase=3
08:06:09 -- OPEN   VALVE-M (Microbone to Getter NP-10)
---------------------------------------- open None (Microbone to Getter NP-10) result=[(True, True)], time=0.14 sec
action=open, ok=True, locked=[False]
open () {'description': 'Microbone to Getter D-50'}
opening name=--- desc=Microbone to Getter D-50
checking ownership. requestor=129.138.12.150
check software interlocks K
interlocks []
actuate state mode=None-script, software_lock=False
doing actuation None-script open_channel False
check iteration duration=8.70227813721e-05
GetData ===>> H2,-0.206618690836581,H1,0.635706843523232,AX,-0.0636206784379535,L1,0.0157363024803555,L2,0.1009...
Open K ===>> OK
GetIndicatorState K ===>> OK
change switch state (True, True)
update switch state K True args=() kw={} ncanvase=3
08:06:10 -- OPEN   VALVE-K (Microbone to Getter D-50)
---------------------------------------- open None (Microbone to Getter D-50) result=[(True, True)], time=0.42 sec
action=open, ok=True, locked=[False]
open () {'description': 'Microbone to CO2 Laser'}
opening name=--- desc=Microbone to CO2 Laser
checking ownership. requestor=129.138.12.150
check software interlocks T
interlocks []
actuate state mode=None-script, software_lock=False
doing actuation None-script open_channel False
Open T ===>> OK
GetIndicatorState T ===>> OK
change switch state (True, True)
update switch state T True args=() kw={} ncanvase=3
08:06:10 -- OPEN   VALVE-T (Microbone to CO2 Laser)
---------------------------------------- open None (Microbone to CO2 Laser) result=[(True, True)], time=0.41 sec
check iteration duration=6.50882720947e-05
GetData ===>> H2,-0.0919878468431419,H1,0.660900491432703,AX,-0.0366627561424303,L1,0.0140708488083313,L2,0.008...
action=open, ok=True, locked=[False]
open () {'description': 'Microbone to Inlet Pipette'}
opening name=--- desc=Microbone to Inlet Pipette
checking ownership. requestor=129.138.12.150
check software interlocks S
interlocks []
actuate state mode=None-script, software_lock=False
doing actuation None-script open_channel False
Open S ===>> OK
GetIndicatorState S ===>> OK
change switch state (True, True)
update switch state S True args=() kw={} ncanvase=3
08:06:11 -- OPEN   VALVE-S (Microbone to Inlet Pipette)
---------------------------------------- open None (Microbone to Inlet Pipette) result=[(True, True)], time=0.41 sec
action=open, ok=True, locked=[False]
sleep (1,) {}
SLEEP 1.0
testing H1>-5.0
evaluate ot="H1.bs>-5.0" t="H1>-5.0", ctx="{'H1': None}"
check iteration duration=0.00159692764282
GetData ===>> H2,-0.12653910314335,H1,0.745003935729049,AX,0.0203619037896682,L1,-0.00789035714532339,L2,0.0078...
set_resource () {'name': 'CO2PumpTimeFlag', 'value': 30}
Set CO2PumpTimeFlag 30 ===>> OK
release ('JanCO2Flag',) {}
release JanCO2Flag
Set JanCO2Flag 0 ===>> OK
executed snippet estimated_duration=6.0, duration=5.93874597549
PumpMicrobone.py completed successfully
gosub finished
get_resource_value () {'name': 'JanMiniboneFlag'}
Read JanMiniboneFlag ===>> 0
Get Resource Value JanMiniboneFlag=0.0
get resource value 0.0
get_resource_value () {'name': 'JanMiniboneFlag'}
Read JanMiniboneFlag ===>> 0
Get Resource Value JanMiniboneFlag=0.0
executed snippet estimated_duration=4.0, duration=5.95032095909
jan_pump_extraction_line.py completed successfully
Post Equilibration Finished
08:06:12 -- ******* Post Equilibration Finished *******
check iteration duration=8.60691070557e-05
GetData ===>> H2,-0.161315701977875,H1,0.805959497728259,AX,-0.0886239968825227,L1,-0.0180656446270533,L2,-0.04...
check iteration duration=3.60012054443e-05
GetData ===>> H2,-0.213012338217345,H1,0.699197838713483,AX,-0.025239620579706,L1,0.0161854337167961,L2,-0.0111...
check iteration duration=3.50475311279e-05
GetData ===>> H2,-0.204691535330152,H1,0.685413418762093,AX,-0.0274663674353541,L1,0.000436870817737648,L2,-0.0...
check iteration duration=3.81469726562e-05
GetData ===>> H2,-0.180312702947199,H1,0.702620305543777,AX,0.0113930378202575,L1,-0.0285745955770157,L2,-0.018...
testing H1>-5.0
evaluate ot="H1.bs>-5.0" t="H1>-5.0", ctx="{'H1': None}"
check iteration duration=0.0012321472168
GetData ===>> H2,-0.108431198140235,H1,0.695715658227125,AX,0.0363524364382173,L1,-0.0458410871754324,L2,0.1153...
check iteration duration=7.48634338379e-05
GetData ===>> H2,-0.156099343865653,H1,0.743375767687327,AX,0.0469136622108249,L1,0.00474295209548133,L2,0.0226...
check iteration duration=4.00543212891e-05
GetData ===>> H2,-0.233694090835127,H1,0.717998912011919,AX,-0.119333234757039,L1,-0.0120915466818686,L2,0.0277...
check iteration duration=7.60555267334e-05
GetData ===>> H2,-0.249726091294085,H1,0.800353395426856,AX,-0.0640959984533154,L1,0.0158503847216161,L2,0.0012...
check iteration duration=2.90870666504e-05
GetData ===>> H2,-0.211269464508937,H1,0.746763823505536,AX,0.0239241535631249,L1,-0.0179972909275564,L2,0.0770...
testing H1>-5.0
evaluate ot="H1.bs>-5.0" t="H1>-5.0", ctx="{'H1': None}"
check iteration duration=0.000582933425903
GetData ===>> H2,-0.302996212696161,H1,0.735031820571597,AX,-0.0477598891192754,L1,0.00964738607005572,L2,0.063...
check iteration duration=3.69548797607e-05
GetData ===>> H2,-0.18838057356853,H1,0.81950886943154,AX,-0.0475975577360544,L1,0.0323699555813119,L2,0.090054...
check iteration duration=5.10215759277e-05
GetData ===>> H2,-0.0527376482058302,H1,0.811218497609212,AX,-0.024903284594718,L1,0.0263490094180561,L2,-0.027...
check iteration duration=3.60012054443e-05
GetData ===>> H2,-0.00766908157348089,H1,0.758892323737359,AX,-0.0351320178023765,L1,0.00177519624538972,L2,0.0...
check iteration duration=8.20159912109e-05
GetData ===>> H2,-0.150345845460537,H1,0.845663746958825,AX,0.094365281958252,L1,-0.0074694221718774,L2,-0.0451...
testing H1>-5.0
evaluate ot="H1.bs>-5.0" t="H1>-5.0", ctx="{'H1': None}"
check iteration duration=0.000993013381958
GetData ===>> H2,-0.188605760157325,H1,0.937738956817236,AX,-0.0243929795014893,L1,-0.0426660086318374,L2,0.063...
check iteration duration=0.000108957290649
GetData ===>> H2,-0.130025258137662,H1,0.788267798512865,AX,-0.068466515134528,L1,-0.0349336342563179,L2,0.0426...
check iteration duration=7.89165496826e-05
GetData ===>> H2,-0.269291590977699,H1,0.881276444406542,AX,-0.0491744797122791,L1,-0.0183786266881429,L2,0.051...
check iteration duration=4.91142272949e-05
GetData ===>> H2,-0.221120502954131,H1,0.852608070987793,AX,-0.0803598185308466,L1,-0.0239914637448092,L2,0.091...
check iteration duration=9.08374786377e-05
GetData ===>> H2,-0.130937484760028,H1,0.884558141402114,AX,-0.0143603019182382,L1,-0.0142597965219153,L2,-0.01...
testing H1>-5.0
evaluate ot="H1.bs>-5.0" t="H1>-5.0", ctx="{'H1': None}"
check iteration duration=0.00117707252502
08:06:33 -- collecting point 25
GetData ===>> H2,-0.137870730537112,H1,0.897027171210563,AX,0.0159991956542298,L1,-0.00816977149593708,L2,-0.07...
check iteration duration=8.01086425781e-05
GetData ===>> H2,-0.140595808579451,H1,0.947733715672894,AX,-0.0617541554299749,L1,0.00986941321104144,L2,-0.01...
check iteration duration=5.00679016113e-05
GetData ===>> H2,-0.215107741008805,H1,0.917452890351522,AX,-0.0405938602038384,L1,0.0245424438991181,L2,0.0364...
check iteration duration=8.10623168945e-05
GetData ===>> H2,-0.1371447436688,H1,0.942760180335012,AX,-0.0830721227494271,L1,0.00833452558201813,L2,0.01382...
check iteration duration=8.20159912109e-05
GetData ===>> H2,-0.14511048145174,H1,0.928212503395076,AX,-0.0310151399395399,L1,-0.0110905661898563,L2,0.0548...
testing H1>-5.0
evaluate ot="H1.bs>-5.0" t="H1>-5.0", ctx="{'H1': None}"
check iteration duration=0.000573873519897
GetData ===>> H2,-0.10135505321755,H1,0.964981204838833,AX,-0.117212870648753,L1,-0.016946744081063,L2,0.020004...
check iteration duration=6.29425048828e-05
GetData ===>> H2,-0.14458086730018,H1,0.962823608626295,AX,-0.057545652313247,L1,-0.050923673194235,L2,-0.06992...
check iteration duration=3.88622283936e-05
GetData ===>> H2,-0.133389690189816,H1,1.02754039944195,AX,0.0335672491195671,L1,-0.0232064303812758,L2,-0.0253...
check iteration duration=8.60691070557e-05
GetData ===>> H2,-0.207676465279312,H1,0.930932543330454,AX,0.0260940568835731,L1,-0.0494746742075384,L2,0.1237...
check iteration duration=3.81469726562e-05
GetData ===>> H2,-0.232590641814683,H1,0.91633865322589,AX,0.105096799821606,L1,-0.0403511128526023,L2,-0.06380...
testing H1>-5.0
evaluate ot="H1.bs>-5.0" t="H1>-5.0", ctx="{'H1': None}"
check iteration duration=0.000596046447754
GetData ===>> H2,-0.188727116341412,H1,1.03485021724217,AX,0.0282059878421078,L1,-0.0445841059174928,L2,-0.0345...
check iteration duration=6.48498535156e-05
GetData ===>> H2,-0.157431350748095,H1,1.08119003691469,AX,-0.0119592650236923,L1,-0.0254738711012009,L2,0.0325...
check iteration duration=3.60012054443e-05
GetData ===>> H2,-0.14172025314374,H1,1.08294048453244,AX,-0.00339856449992034,L1,0.00413780468689098,L2,0.0408...
check iteration duration=5.60283660889e-05
GetData ===>> H2,-0.170796785608657,H1,1.03731889862113,AX,-0.0372425749841477,L1,0.00130706219374548,L2,0.0073...
check iteration duration=3.2901763916e-05
GetData ===>> H2,-0.137370521098979,H1,0.949195861998775,AX,-0.120885821788368,L1,-0.0141411481656724,L2,-0.023...
testing H1>-5.0
evaluate ot="H1.bs>-5.0" t="H1>-5.0", ctx="{'H1': None}"
check iteration duration=0.000842809677124
GetData ===>> H2,-0.111810825186697,H1,1.05924009032605,AX,0.109958276534724,L1,-0.0202275404315248,L2,0.001857...
check iteration duration=8.01086425781e-05
GetData ===>> H2,-0.123940349243212,H1,1.07030437487736,AX,-0.0373353456782428,L1,-0.0361642643858154,L2,0.1167...
check iteration duration=6.00814819336e-05
GetData ===>> H2,-0.0840810576798986,H1,1.16942171483656,AX,-0.00114806567153586,L1,-0.025114374429953,L2,0.027...
check iteration duration=7.29560852051e-05
GetData ===>> H2,-0.101487712264191,H1,1.09711303769326,AX,0.0272892649306425,L1,-0.0288585013143945,L2,-0.0327...
check iteration duration=8.10623168945e-05
GetData ===>> H2,-0.0468743411634924,H1,1.02503601024206,AX,-0.0464380399807652,L1,-0.00644039590878626,L2,0.04...
testing H1>-5.0
evaluate ot="H1.bs>-5.0" t="H1>-5.0", ctx="{'H1': None}"
check iteration duration=0.00107312202454
GetData ===>> H2,-0.118049711415705,H1,1.12550011590875,AX,-0.080707554066263,L1,-0.0313498196597301,L2,0.07747...
check iteration duration=3.38554382324e-05
GetData ===>> H2,-0.182692789813628,H1,1.09222076333546,AX,-0.0478642448655347,L1,-0.0259435940540166,L2,-0.013...
check iteration duration=0.000123023986816
GetData ===>> H2,-0.113757292487736,H1,1.12075038925765,AX,-0.065730617857406,L1,-0.0221624208709771,L2,0.07166...
check iteration duration=5.00679016113e-05
GetData ===>> H2,-0.138845399620106,H1,1.09511053390208,AX,-0.0112053040209752,L1,-0.0151524058672392,L2,0.0492...
check iteration duration=3.91006469727e-05
GetData ===>> H2,-0.125472360969494,H1,1.13144958464966,AX,0.0165213179774577,L1,-0.0393425952322572,L2,-0.0327...
testing H1>-5.0
evaluate ot="H1.bs>-5.0" t="H1>-5.0", ctx="{'H1': None}"
check iteration duration=0.000954866409302
08:06:59 -- collecting point 50
GetData ===>> H2,-0.179852549078215,H1,1.18023409379522,AX,-0.0270720513916794,L1,-0.0182143422992114,L2,0.0125...
check iteration duration=6.50882720947e-05
GetData ===>> H2,-0.229528679178495,H1,1.15103973572681,AX,-0.0338563841272243,L1,-0.0222331436507587,L2,0.0671...
check iteration duration=3.40938568115e-05
GetData ===>> H2,-0.313596408662989,H1,1.13573198038648,AX,-0.0542181394634794,L1,-0.025497837089073,L2,0.02806...
check iteration duration=3.81469726562e-05
GetData ===>> H2,-0.200588160952914,H1,1.15846651512743,AX,0.016382085084129,L1,-0.027492805325306,L2,0.0154678...
check iteration duration=3.40938568115e-05
GetData ===>> H2,-0.209499378087929,H1,1.17848195355725,AX,0.031002626261587,L1,-0.0545879006061444,L2,0.007762...
testing H1>-5.0
evaluate ot="H1.bs>-5.0" t="H1>-5.0", ctx="{'H1': None}"
check iteration duration=0.000585079193115
GetData ===>> H2,-0.00239494294849709,H1,1.22476578951851,AX,0.0324996151062496,L1,0.012632560223393,L2,0.10529...
check iteration duration=6.29425048828e-05
GetData ===>> H2,-0.123799712915386,H1,1.1534872729366,AX,-0.0154390093564597,L1,0.00735659171048565,L2,0.11473...
check iteration duration=5.98430633545e-05
GetData ===>> H2,-0.118818170016098,H1,1.20229446753408,AX,-0.0405474764209184,L1,-0.0265774456086777,L2,0.0040...
check iteration duration=6.60419464111e-05
GetData ===>> H2,-0.203839708814756,H1,1.25450582031637,AX,0.0436291143120122,L1,0.00600683894000709,L2,0.07608...
check iteration duration=7.08103179932e-05
GetData ===>> H2,-0.287792879643732,H1,1.24416359548294,AX,-0.070761827238602,L1,-0.0376451345951556,L2,0.03332...
testing H1>-5.0
evaluate ot="H1.bs>-5.0" t="H1>-5.0", ctx="{'H1': None}"
check iteration duration=0.00106692314148
GetData ===>> H2,-0.13431741351929,H1,1.23405035851263,AX,0.00889861006923354,L1,-0.0548668406660164,L2,-0.0201...
check iteration duration=3.50475311279e-05
GetData ===>> H2,-0.0761073449313298,H1,1.25788947011467,AX,-0.0615802539476274,L1,-0.0476927530823325,L2,0.036...
check iteration duration=3.19480895996e-05
GetData ===>> H2,-0.19678946072889,H1,1.32446969643707,AX,-0.0696141779545244,L1,-0.0131439673037556,L2,-0.0033...
check iteration duration=3.81469726562e-05
GetData ===>> H2,-0.234224246297371,H1,1.33883096276144,AX,-0.0175267962435351,L1,-0.0261065540343078,L2,0.0023...
check iteration duration=4.00543212891e-05
GetData ===>> H2,-0.219304463565794,H1,1.39438606361992,AX,-0.105718070708335,L1,-0.0146917754636204,L2,0.05037...
testing H1>-5.0
evaluate ot="H1.bs>-5.0" t="H1>-5.0", ctx="{'H1': None}"
check iteration duration=0.00108504295349
GetData ===>> H2,-0.230597432064434,H1,1.33555266734009,AX,-0.0183734970505937,L1,0.0118534729155494,L2,0.05792...
check iteration duration=9.10758972168e-05
GetData ===>> H2,-0.100573957832199,H1,1.25338996073141,AX,0.0171130599958068,L1,-0.0296311155801073,L2,0.00998...
check iteration duration=3.50475311279e-05
GetData ===>> H2,-0.0316895450388561,H1,1.34398278534096,AX,0.00164772956872404,L1,-0.048905068244435,L2,0.0182...
check iteration duration=3.40938568115e-05
GetData ===>> H2,-0.140922882076619,H1,1.25853741602147,AX,-0.0100221534434706,L1,-0.041153542698183,L2,0.17415...
check iteration duration=3.50475311279e-05
GetData ===>> H2,-0.139864589501771,H1,1.30433615002923,AX,0.0120659641610364,L1,-0.015058842023013,L2,0.015969...
testing H1>-5.0
evaluate ot="H1.bs>-5.0" t="H1>-5.0", ctx="{'H1': None}"
check iteration duration=0.000591039657593
GetData ===>> H2,-0.072885111099193,H1,1.38305634337017,AX,-0.0412548267086043,L1,-0.0493382589139676,L2,-0.023...
check iteration duration=4.91142272949e-05
GetData ===>> H2,-0.0650041766573122,H1,1.31988316803751,AX,-0.0608730513843232,L1,0.0154156782540912,L2,0.1427...
check iteration duration=3.60012054443e-05
GetData ===>> H2,-0.111740432079801,H1,1.41452405877145,AX,-0.009117381533102,L1,0.0198729093054579,L2,0.015581...
check iteration duration=5.00679016113e-05
GetData ===>> H2,-0.122740827693603,H1,1.38816236929984,AX,0.0144328454866782,L1,-0.0166277207012624,L2,0.02668...
check iteration duration=3.31401824951e-05
GetData ===>> H2,-0.167186972292804,H1,1.4341442076012,AX,-0.0782965621251781,L1,0.00349067338255279,L2,-0.0112...
testing H1>-5.0
evaluate ot="H1.bs>-5.0" t="H1>-5.0", ctx="{'H1': None}"
check iteration duration=0.000678062438965
08:07:25 -- collecting point 75
GetData ===>> H2,-0.141836475432055,H1,1.41998705811217,AX,0.019073956314248,L1,-0.0554546246122421,L2,0.064726...
check iteration duration=3.79085540771e-05
GetData ===>> H2,-0.224413687519295,H1,1.37438269931123,AX,0.0130985670744923,L1,-0.04198584625956,L2,0.0403333...
check iteration duration=3.71932983398e-05
GetData ===>> H2,-0.0961706619992484,H1,1.42116374287393,AX,-0.0111473067788647,L1,-0.0159716521129867,L2,0.130...
check iteration duration=7.91549682617e-05
GetData ===>> H2,-0.150538951205851,H1,1.41516039291136,AX,-0.0196377352308783,L1,-0.0481798508917962,L2,-0.072...
check iteration duration=3.48091125488e-05
GetData ===>> H2,-0.179694662063534,H1,1.47448917786674,AX,-0.0818318904587695,L1,-0.0638749516721916,L2,0.0655...
testing H1>-5.0
evaluate ot="H1.bs>-5.0" t="H1>-5.0", ctx="{'H1': None}"
check iteration duration=0.00062894821167
GetData ===>> H2,-0.205986673923877,H1,1.56429334583079,AX,-0.0123536422987058,L1,-0.0182071473011508,L2,0.0858...
check iteration duration=3.69548797607e-05
GetData ===>> H2,-0.209000901927894,H1,1.5339370335804,AX,-0.0231751951724482,L1,-0.0507178826048245,L2,-0.0294...
check iteration duration=3.60012054443e-05
GetData ===>> H2,-0.137947787868311,H1,1.40457548927289,AX,-0.0311543048519737,L1,-0.0333795481802717,L2,0.0619...
check iteration duration=3.60012054443e-05
GetData ===>> H2,-0.258623640443444,H1,1.43528503139116,AX,0.0019377544189437,L1,-0.00399933603116549,L2,0.0269...
check iteration duration=3.38554382324e-05
GetData ===>> H2,-0.301412147856793,H1,1.51409315168263,AX,0.0607397839189703,L1,-0.0274892111438009,L2,-0.0688...
testing H1>-5.0
evaluate ot="H1.bs>-5.0" t="H1>-5.0", ctx="{'H1': None}"
check iteration duration=0.000667810440063
GetData ===>> H2,-0.240530775405228,H1,1.57684729874348,AX,-0.000243211270674235,L1,-0.0281361431211302,L2,0.06...
check iteration duration=3.71932983398e-05
GetData ===>> H2,-0.240724608217016,H1,1.51577570368751,AX,-0.0600846883703263,L1,-0.00133568645842828,L2,-0.00...
check iteration duration=3.60012054443e-05
GetData ===>> H2,-0.213140282038964,H1,1.58230707219091,AX,-0.0909883731862631,L1,0.00538421395324547,L2,0.0999...
check iteration duration=3.81469726562e-05
GetData ===>> H2,-0.103333948820277,H1,1.57108719728007,AX,0.0446040215595515,L1,-0.0273490370631448,L2,0.10076...
check iteration duration=3.40938568115e-05
GetData ===>> H2,-0.13316248107613,H1,1.68953303930433,AX,-0.0131191936239627,L1,-0.0536332548427296,L2,-0.0140...
testing H1>-5.0
evaluate ot="H1.bs>-5.0" t="H1>-5.0", ctx="{'H1': None}"
check iteration duration=0.000838041305542
GetData ===>> H2,-0.162641695081019,H1,1.60211768360139,AX,0.015488678757036,L1,-0.0236834503242706,L2,-0.03610...
check iteration duration=3.48091125488e-05
GetData ===>> H2,-0.209430670517425,H1,1.57598145873259,AX,0.0525294565245728,L1,-0.0508889762391903,L2,0.01463...
check iteration duration=3.19480895996e-05
GetData ===>> H2,-0.136505241888917,H1,1.6170923021382,AX,-0.00281854400563835,L1,-0.0369119154492247,L2,0.0210...
check iteration duration=8.20159912109e-05
GetData ===>> H2,-0.148680678352758,H1,1.64389833185739,AX,-0.0269676733480249,L1,-0.0231321187053438,L2,-0.008...
check iteration duration=3.2901763916e-05
GetData ===>> H2,-0.247055996385047,H1,1.54278450449044,AX,0.0638362312319513,L1,0.0229921012312034,L2,-0.00871...
testing H1>-5.0
evaluate ot="H1.bs>-5.0" t="H1>-5.0", ctx="{'H1': None}"
check iteration duration=0.000820159912109
GetData ===>> H2,-0.204291238770917,H1,1.60829474492108,AX,0.0206171746819623,L1,-0.0181184085687277,L2,-0.0237...
check iteration duration=3.79085540771e-05
GetData ===>> H2,-0.15735030003529,H1,1.63853655625388,AX,-0.0323256016462922,L1,-0.0275503120546848,L2,-0.0530...
check iteration duration=4.81605529785e-05
GetData ===>> H2,-0.232622939414806,H1,1.66106754768827,AX,-0.0395386236725653,L1,-0.0373791691259801,L2,-0.009...
check iteration duration=6.103515625e-05
GetData ===>> H2,-0.20948725325288,H1,1.64675966500394,AX,0.0835885476322984,L1,-0.0184158001558014,L2,0.094716...
check iteration duration=3.19480895996e-05
GetData ===>> H2,-0.178621781735232,H1,1.56865819253402,AX,0.068289721366941,L1,-0.0204577315854949,L2,0.088801...
testing H1>-5.0
evaluate ot="H1.bs>-5.0" t="H1>-5.0", ctx="{'H1': None}"
check iteration duration=0.000582933425903
08:07:52 -- collecting point 100
GetData ===>> H2,-0.256026894086754,H1,1.67487236871049,AX,0.0544776071570329,L1,-0.00140288628262488,L2,-0.022...
check iteration duration=7.29560852051e-05
GetData ===>> H2,-0.280280918219097,H1,1.71057163428163,AX,0.0582812516885546,L1,-0.0454604180234131,L2,0.06307...
check iteration duration=5.07831573486e-05
GetData ===>> H2,-0.358774463663651,H1,1.61234489115156,AX,0.110329568740044,L1,-0.0315582000454499,L2,0.043172...
check iteration duration=3.91006469727e-05
GetData ===>> H2,-0.237298388347821,H1,1.73926769484789,AX,-0.0985563090733376,L1,-0.000394841828833769,L2,-0.0...
check iteration duration=3.79085540771e-05
GetData ===>> H2,-0.193286469131701,H1,1.69610036323784,AX,-0.0304352839955617,L1,-0.0129773613485929,L2,0.0266...
testing H1>-5.0
evaluate ot="H1.bs>-5.0" t="H1>-5.0", ctx="{'H1': None}"
check iteration duration=0.000921010971069
GetData ===>> H2,-0.0884391035886124,H1,1.70661378216404,AX,-0.0217834229957175,L1,0.000996185193482133,L2,-0.0...
check iteration duration=4.29153442383e-05
GetData ===>> H2,-0.231691654890557,H1,1.72529765033034,AX,0.0685796691930979,L1,-0.0207634460689007,L2,0.03159...
check iteration duration=4.91142272949e-05
GetData ===>> H2,-0.298759916510098,H1,1.76916358554629,AX,-0.0382282590871833,L1,-0.0293089007226581,L2,0.0095...
check iteration duration=5.29289245605e-05
GetData ===>> H2,-0.139075198438077,H1,1.76540806005752,AX,-0.00983655989107239,L1,-0.000475249078066508,L2,-0....
check iteration duration=8.51154327393e-05
GetData ===>> H2,-0.21020124915834,H1,1.68867907802264,AX,0.017345116671124,L1,0.0296869950579073,L2,-0.0252538...
testing H1>-5.0
evaluate ot="H1.bs>-5.0" t="H1>-5.0", ctx="{'H1': None}"
check iteration duration=0.000643968582153
GetData ===>> H2,-0.240075793651974,H1,1.80323848352264,AX,-0.140947897847489,L1,0.00682866687013401,L2,0.00216...
check iteration duration=3.60012054443e-05
GetData ===>> H2,-0.161847738215274,H1,1.77785479229831,AX,0.00614901261090581,L1,-0.0665406543041828,L2,0.0989...
check iteration duration=3.60012054443e-05
GetData ===>> H2,-0.187517541563128,H1,1.70485745980595,AX,0.023019074493508,L1,-0.0401091736718378,L2,0.081575...
check iteration duration=3.60012054443e-05
GetData ===>> H2,-0.173074087188256,H1,1.83163295998383,AX,0.0651699373806413,L1,-0.0281912502178536,L2,-0.0268...
check iteration duration=3.71932983398e-05
GetData ===>> H2,-0.0980814036584417,H1,1.8039963679777,AX,0.0243650925683316,L1,-0.0330023729935668,L2,0.10158...
testing H1>-5.0
evaluate ot="H1.bs>-5.0" t="H1>-5.0", ctx="{'H1': None}"
check iteration duration=0.000625133514404
GetData ===>> H2,-0.152784858448862,H1,1.74913573004514,AX,0.0330450353676659,L1,-0.0408661125062042,L2,-0.0276...
check iteration duration=3.60012054443e-05
GetData ===>> H2,-0.3374411486756,H1,1.84715704401197,AX,-0.0338795776159761,L1,-0.0368040845930608,L2,0.096061...
check iteration duration=3.60012054443e-05
GetData ===>> H2,-0.275584798468743,H1,1.8580012496382,AX,-0.0126668231141294,L1,-0.0075054002079611,L2,-0.0046...
check iteration duration=4.91142272949e-05
GetData ===>> H2,-0.198824492844769,H1,1.83956318236376,AX,0.00417677534837976,L1,0.0051802796466118,L2,-0.0579...
check iteration duration=5.29289245605e-05
GetData ===>> H2,-0.188318545337925,H1,1.84416034896462,AX,-0.000115602922008325,L1,-0.0127304438529279,L2,0.00...
testing H1>-5.0
evaluate ot="H1.bs>-5.0" t="H1>-5.0", ctx="{'H1': None}"
check iteration duration=0.000799894332886
GetData ===>> H2,-0.235301972954292,H1,1.8616122312564,AX,-0.0215282626045237,L1,-0.0203450344911372,L2,0.05053...
check iteration duration=3.60012054443e-05
GetData ===>> H2,-0.203154966309725,H1,1.84558045842784,AX,0.00682190270152263,L1,-0.0155242535718405,L2,-0.035...
check iteration duration=3.31401824951e-05
GetData ===>> H2,-0.102493434040248,H1,1.90718187155781,AX,0.041969473238074,L1,-0.0241220969384732,L2,-0.03379...
check iteration duration=3.50475311279e-05
GetData ===>> H2,-0.151744774926198,H1,1.82307768222116,AX,-0.00475579895023367,L1,-0.0111481102804281,L2,0.028...
check iteration duration=3.69548797607e-05
GetData ===>> H2,-0.156993670013313,H1,1.81536531727315,AX,-0.0262950121591171,L1,-0.00198606592291864,L2,0.096...
testing H1>-5.0
evaluate ot="H1.bs>-5.0" t="H1>-5.0", ctx="{'H1': None}"
check iteration duration=0.000672101974487
08:08:18 -- collecting point 125
GetData ===>> H2,-0.153510533917139,H1,1.87181997068888,AX,-0.0545543741526278,L1,-0.00964945897102227,L2,0.069...
check iteration duration=3.40938568115e-05
GetData ===>> H2,-0.21656190539539,H1,1.91319113311799,AX,0.0211045118805606,L1,-0.0428073041945225,L2,0.012173...
check iteration duration=3.40938568115e-05
GetData ===>> H2,-0.212951732743878,H1,1.9172496942917,AX,0.0102676369212825,L1,-0.0537863572840411,L2,0.045852...
check iteration duration=3.981590271e-05
GetData ===>> H2,-0.375435225179427,H1,1.87763450971274,AX,-0.0201016717287234,L1,-0.0244360890509394,L2,0.0401...
check iteration duration=3.79085540771e-05
GetData ===>> H2,-0.194526424772222,H1,1.94514617442103,AX,-0.042020150737568,L1,-0.0177826333083711,L2,-0.0108...
testing H1>-5.0
evaluate ot="H1.bs>-5.0" t="H1>-5.0", ctx="{'H1': None}"
check iteration duration=0.000523090362549
GetData ===>> H2,-0.077309518107348,H1,1.96618203205146,AX,0.0674662742483262,L1,-0.0334825205342039,L2,-0.0276...
check iteration duration=3.81469726562e-05
GetData ===>> H2,-0.113464937606234,H1,1.91251672924986,AX,0.137368086614746,L1,-0.0146221992467855,L2,0.076041...
check iteration duration=3.50475311279e-05
GetData ===>> H2,-0.185806116305671,H1,2.07581742319725,AX,0.139422392385725,L1,-0.0135754519195996,L2,0.006816...
check iteration duration=3.69548797607e-05
GetData ===>> H2,-0.198771902188965,H1,2.03796031294468,AX,0.0586987339180929,L1,-0.0496027114381055,L2,-0.0581...
check iteration duration=3.69548797607e-05
GetData ===>> H2,-0.154024019218809,H1,2.00804129541792,AX,0.0703425705587611,L1,-0.0506975426083208,L2,-0.0546...
testing H1>-5.0
evaluate ot="H1.bs>-5.0" t="H1>-5.0", ctx="{'H1': None}"
check iteration duration=0.000656127929688
GetData ===>> H2,-0.197647212727847,H1,2.00637938733712,AX,0.0186678502833832,L1,-0.0120364054374766,L2,0.06122...
check iteration duration=8.29696655273e-05
GetData ===>> H2,-0.2753766037592,H1,2.04769433339516,AX,0.0385110114147467,L1,0.0124092717243708,L2,-0.0075677...
check iteration duration=3.69548797607e-05
GetData ===>> H2,-0.307194301455886,H1,2.01803740581041,AX,0.0543616447188099,L1,-0.011767887234114,L2,0.082681...
check iteration duration=3.38554382324e-05
GetData ===>> H2,-0.21753260092525,H1,1.951458881547,AX,0.128095234198154,L1,0.025293431778713,L2,0.09284734558...
check iteration duration=8.70227813721e-05
GetData ===>> H2,-0.194647717484925,H1,2.09628206698758,AX,-0.0249728714456156,L1,0.022469365007586,L2,0.038030...
testing H1>-5.0
evaluate ot="H1.bs>-5.0" t="H1>-5.0", ctx="{'H1': None}"
check iteration duration=0.000603914260864
GetData ===>> H2,-0.154425332327383,H1,2.07819149522444,AX,0.00735557746016448,L1,-0.0199973440102976,L2,-0.079...
check iteration duration=3.40938568115e-05
GetData ===>> H2,-0.145991315517436,H1,2.07838431570393,AX,0.0155234866422396,L1,-0.069745974548485,L2,-0.00981...
check iteration duration=3.40938568115e-05
GetData ===>> H2,-0.12773416793957,H1,2.07515462116097,AX,0.049084077982747,L1,-0.0111385196215136,L2,0.0533558...
check iteration duration=3.38554382324e-05
GetData ===>> H2,-0.152310509154752,H1,2.04557397189051,AX,0.0474243439220848,L1,-0.0184277915676799,L2,0.01158...
check iteration duration=3.50475311279e-05
GetData ===>> H2,-0.158251281202681,H1,2.1315203629763,AX,-0.0370918224176124,L1,-0.0341446315225105,L2,-0.0158...
testing H1>-5.0
evaluate ot="H1.bs>-5.0" t="H1>-5.0", ctx="{'H1': None}"
check iteration duration=0.000576019287109
GetData ===>> H2,-0.0947824306174007,H1,2.06389970064922,AX,-0.0208787604083974,L1,-0.0241232954002791,L2,0.081...
check iteration duration=3.79085540771e-05
GetData ===>> H2,-0.111688990687299,H1,2.06038128869863,AX,-0.0181415249593182,L1,-0.0121191171907727,L2,0.1194...
check iteration duration=3.38554382324e-05
GetData ===>> H2,-0.0850047527151606,H1,2.06316467981871,AX,0.0464494084340513,L1,-0.0355627483250299,L2,0.0378...
check iteration duration=3.40938568115e-05
GetData ===>> H2,-0.078371987045662,H1,2.09931957548608,AX,0.0886229553907373,L1,-0.002959156745635,L2,0.032055...
check iteration duration=3.50475311279e-05
GetData ===>> H2,-0.11657894227547,H1,2.1446037306929,AX,0.0895045835283999,L1,-0.00711802992525601,L2,-0.00846...
testing H1>-5.0
evaluate ot="H1.bs>-5.0" t="H1>-5.0", ctx="{'H1': None}"
check iteration duration=0.00068211555481
08:08:44 -- collecting point 150
GetData ===>> H2,-0.266341280837587,H1,2.06711698583868,AX,0.0739612575666471,L1,-0.0141051938421429,L2,-0.0180...
check iteration duration=3.19480895996e-05
GetData ===>> H2,-0.222617034198631,H1,2.08808607062541,AX,-0.0538239317967565,L1,-0.0139949331156246,L2,0.0098...
check iteration duration=3.50475311279e-05
GetData ===>> H2,-0.131120099675971,H1,2.11908971664603,AX,0.0136786858761268,L1,-0.00600980475381964,L2,0.0962...
check iteration duration=3.69548797607e-05
GetData ===>> H2,-0.221612184491008,H1,2.18066454749784,AX,0.0746803716428162,L1,-0.00839161856822427,L2,0.0508...
check iteration duration=6.8187713623e-05
GetData ===>> H2,-0.233741186870487,H1,2.23572156534326,AX,-0.025239620579706,L1,0.00157953757186685,L2,-0.0240...
testing H1>-5.0
evaluate ot="H1.bs>-5.0" t="H1>-5.0", ctx="{'H1': None}"
check iteration duration=0.00124597549438
GetData ===>> H2,-0.198821795894005,H1,2.19504375131214,AX,-0.0236391148087717,L1,-0.00768049148127257,L2,0.040...
check iteration duration=6.31809234619e-05
GetData ===>> H2,-0.236323094724943,H1,2.20226425621515,AX,0.0511147525199035,L1,-0.00824891749894456,L2,-0.038...
check iteration duration=3.60012054443e-05
GetData ===>> H2,-0.317490628820818,H1,2.19623708803847,AX,0.0753762935471055,L1,-0.0452760636278727,L2,0.01693...
check iteration duration=3.60012054443e-05
GetData ===>> H2,-0.277888115636473,H1,2.2059289499442,AX,0.0179252607795866,L1,-0.0201615992866808,L2,0.035316...
check iteration duration=8.39233398438e-05
GetData ===>> H2,-0.255417943156746,H1,2.27103554247241,AX,0.0203270941743651,L1,0.000772935816354898,L2,0.0354...
testing H1>-5.0
evaluate ot="H1.bs>-5.0" t="H1>-5.0", ctx="{'H1': None}"
check iteration duration=0.000574111938477
GetData ===>> H2,-0.15928725347774,H1,2.26122888913938,AX,0.0447781131667153,L1,-0.0271202016733258,L2,0.037345...
check iteration duration=3.69548797607e-05
GetData ===>> H2,-0.130813034392763,H1,2.22383240421726,AX,0.0331146637060878,L1,-0.00653394809755482,L2,-0.058...
check iteration duration=3.48091125488e-05
GetData ===>> H2,-0.137439470196967,H1,2.21491042169359,AX,-0.0317109625120274,L1,-0.0319509973050918,L2,0.0025...
check iteration duration=3.81469726562e-05
GetData ===>> H2,-0.0364528419114423,H1,2.21770749914605,AX,-0.00387417872612948,L1,-0.0275910457890317,L2,0.01...
check iteration duration=3.71932983398e-05
GetData ===>> H2,-0.182625333923422,H1,2.25022919815554,AX,0.0624561545358212,L1,-0.00941684828338237,L2,0.0375...
testing H1>-5.0
evaluate ot="H1.bs>-5.0" t="H1>-5.0", ctx="{'H1': None}"
check iteration duration=0.0196409225464
GetData ===>> H2,-0.189894766021302,H1,2.26791130256385,AX,-0.0105209343619927,L1,0.0039481032621986,L2,0.09795...
check iteration duration=3.69548797607e-05
GetData ===>> H2,-0.253808702756346,H1,2.33867061826858,AX,0.0164865097354424,L1,0.0267345209499021,L2,0.051052...
check iteration duration=3.31401824951e-05
GetData ===>> H2,-0.189209831392242,H1,2.30463626213051,AX,-0.0243929795014893,L1,0.0265087367068526,L2,-0.0022...
check iteration duration=3.31401824951e-05
GetData ===>> H2,-0.0812905554051217,H1,2.2495296968273,AX,0.00650866018412567,L1,-0.0191640368789545,L2,0.0746...
check iteration duration=3.60012054443e-05
GetData ===>> H2,-0.0522667949871141,H1,2.32672108380403,AX,0.0772553075315086,L1,-0.0270770698124433,L2,0.0871...
testing H1>-5.0
evaluate ot="H1.bs>-5.0" t="H1>-5.0", ctx="{'H1': None}"
check iteration duration=0.00115990638733
GetData ===>> H2,-0.130632083012966,H1,2.31059748253772,AX,-0.00669301533954852,L1,-0.0160484155469322,L2,-0.01...
check iteration duration=3.71932983398e-05
GetData ===>> H2,-0.23115868874551,H1,2.31833311155085,AX,0.0954557822283744,L1,-0.0214108107786003,L2,0.061943...
check iteration duration=5.19752502441e-05
GetData ===>> H2,-0.212557115828318,H1,2.33477177679389,AX,0.0545587809459519,L1,-0.0228648318485231,L2,0.06643...
check iteration duration=5.07831573486e-05
GetData ===>> H2,-0.223248723733467,H1,2.34578065681836,AX,0.102532729661218,L1,-0.0310312527913168,L2,-0.01920...
check iteration duration=3.19480895996e-05
GetData ===>> H2,-0.223344349562523,H1,2.3565130525691,AX,0.0340082318026025,L1,-0.0644634045261898,L2,0.095104...
testing H1>-5.0
evaluate ot="H1.bs>-5.0" t="H1>-5.0", ctx="{'H1': None}"
check iteration duration=0.00130105018616
08:09:10 -- collecting point 175
GetData ===>> H2,-0.188429117164062,H1,2.36509002433032,AX,-0.0165641000763235,L1,-0.0172321774786859,L2,0.1113...
check iteration duration=3.79085540771e-05
GetData ===>> H2,-0.237021279000612,H1,2.42897030755274,AX,0.162138706299736,L1,0.0217808365872995,L2,-0.015009...
check iteration duration=3.50475311279e-05
GetData ===>> H2,-0.201115320290971,H1,2.34108483684612,AX,0.0797375173908454,L1,0.0145391172677464,L2,-0.04441...
check iteration duration=3.60012054443e-05
GetData ===>> H2,-0.116098567015696,H1,2.36699595515109,AX,0.0527961653201426,L1,0.0316501840747801,L2,0.036696...
check iteration duration=3.60012054443e-05
GetData ===>> H2,-0.227027348435004,H1,2.33468728343917,AX,0.0360507039636431,L1,-0.00825491338290493,L2,0.0675...
testing H1>-5.0
evaluate ot="H1.bs>-5.0" t="H1>-5.0", ctx="{'H1': None}"
check iteration duration=0.000579833984375
GetData ===>> H2,-0.185007632396281,H1,2.36030406933783,AX,-0.0524557869178004,L1,-0.0144096030543002,L2,0.0273...
check iteration duration=7.89165496826e-05
GetData ===>> H2,-0.127160985143561,H1,2.39678379988086,AX,0.068254927685811,L1,-0.00860506681174871,L2,0.03073...
check iteration duration=5.48362731934e-05
GetData ===>> H2,-0.135840013624887,H1,2.48942457678398,AX,0.0553821189150756,L1,-0.0292118748953963,L2,0.04516...
check iteration duration=8.20159912109e-05
GetData ===>> H2,-0.189080390270192,H1,2.43735954751629,AX,0.106141010632919,L1,-0.0502691966448367,L2,-0.02404...
check iteration duration=4.00543212891e-05
GetData ===>> H2,-0.224312683853245,H1,2.41026299367266,AX,-0.0382746439754912,L1,-0.0396444424715505,L2,0.0787...
testing H1>-5.0
evaluate ot="H1.bs>-5.0" t="H1>-5.0", ctx="{'H1': None}"
check iteration duration=0.000658988952637
GetData ===>> H2,-0.199745463932969,H1,2.45228083307152,AX,0.138122487655154,L1,-0.041751131658357,L2,-0.091524...
check iteration duration=5.91278076172e-05
GetData ===>> H2,-0.216382837842809,H1,2.50546483588165,AX,0.098437318703005,L1,-0.0642552970936067,L2,0.006770...
check iteration duration=3.981590271e-05
GetData ===>> H2,-0.221362978713991,H1,2.5001620898139,AX,-0.03514361439552,L1,-0.0203917919494838,L2,0.1084978...
check iteration duration=3.38554382324e-05
GetData ===>> H2,-0.251763547411327,H1,2.5875546047242,AX,0.0214990247329692,L1,-0.0461283750988988,L2,0.079820...
check iteration duration=3.19480895996e-05
GetData ===>> H2,-0.247705755201936,H1,2.53675547763532,AX,0.144181120189364,L1,-0.0131032150227804,L2,-0.00164...
testing H1>-5.0
evaluate ot="H1.bs>-5.0" t="H1>-5.0", ctx="{'H1': None}"
check iteration duration=0.000566005706787
GetData ===>> H2,-0.17546867968115,H1,2.4480915447979,AX,0.00067325240159141,L1,-0.0361007594095236,L2,0.027027...
check iteration duration=3.88622283936e-05
GetData ===>> H2,-0.178022543951188,H1,2.45519049832172,AX,0.0588726853754213,L1,-0.00560318505672739,L2,0.0810...
check iteration duration=3.60012054443e-05
GetData ===>> H2,-0.166578251188657,H1,2.53371055853091,AX,0.076373790283177,L1,-0.011276384464862,L2,-0.120717...
check iteration duration=5.3882598877e-05
GetData ===>> H2,-0.113692325386725,H1,2.50869010414385,AX,0.113044686011095,L1,0.00345705730796422,L2,-0.03075...
check iteration duration=3.81469726562e-05
GetData ===>> H2,-0.187311213228216,H1,2.5311731958112,AX,0.00539491717453898,L1,-0.00337308179094812,L2,-0.004...
testing H1>-5.0
evaluate ot="H1.bs>-5.0" t="H1>-5.0", ctx="{'H1': None}"
check iteration duration=0.00109505653381
GetData ===>> H2,-0.0645446744787418,H1,2.49871264031103,AX,0.0386386705735116,L1,-0.00289316712228036,L2,-0.01...
check iteration duration=7.17639923096e-05
GetData ===>> H2,-0.0446965482806708,H1,2.51976793068149,AX,0.0571447813545973,L1,-0.0311965255844353,L2,0.0128...
check iteration duration=3.60012054443e-05
GetData ===>> H2,-0.187123761349693,H1,2.65190184679953,AX,0.130868873489367,L1,-0.000470448663299253,L2,0.0472...
check iteration duration=3.50475311279e-05
GetData ===>> H2,-0.194570898917843,H1,2.60313627711979,AX,0.081721010935622,L1,0.0270647995608726,L2,0.0047529...
check iteration duration=3.40938568115e-05
GetData ===>> H2,-0.201658632725385,H1,2.66899225984008,AX,0.0331610826260237,L1,-0.0474342345780147,L2,0.05557...
testing H1>-5.0
evaluate ot="H1.bs>-5.0" t="H1>-5.0", ctx="{'H1': None}"
check iteration duration=0.00103998184204
08:09:37 -- collecting point 200
GetData ===>> H2,-0.182011466852263,H1,2.58576709308971,AX,-0.0654755726661172,L1,-0.0379793785159272,L2,0.1096...
check iteration duration=6.79492950439e-05
GetData ===>> H2,-0.247798574837304,H1,2.45591490929964,AX,0.127503379971792,L1,-0.0183282624160846,L2,-0.01464...
check iteration duration=7.89165496826e-05
GetData ===>> H2,-0.141848638160828,H1,2.68197516280824,AX,0.0742512222810037,L1,-0.0204745161511068,L2,0.01391...
check iteration duration=3.31401824951e-05
GetData ===>> H2,-0.12180221849504,H1,2.71454852853876,AX,0.0816514139869386,L1,-0.0133201590900447,L2,-0.03078...
check iteration duration=3.88622283936e-05
GetData ===>> H2,-0.124367656625942,H1,2.72295352547045,AX,0.0685564733352263,L1,0.0136782404855508,L2,0.079307...
testing H1>-5.0
evaluate ot="H1.bs>-5.0" t="H1>-5.0", ctx="{'H1': None}"
check iteration duration=0.000519990921021
GetData ===>> H2,-0.0666956457057149,H1,2.6295097873817,AX,0.0769885317327313,L1,0.0106615499048914,L2,-0.05970...
check iteration duration=3.60012054443e-05
GetData ===>> H2,-0.184478875568792,H1,2.70732925254087,AX,0.166445768881583,L1,-0.00465434189118248,L2,0.12120...
check iteration duration=3.50475311279e-05
GetData ===>> H2,-0.163405893535554,H1,2.68600092552436,AX,0.0806190650896717,L1,0.0131223716814096,L2,0.076736...
check iteration duration=3.2901763916e-05
GetData ===>> H2,-0.174302241420279,H1,2.64365983389914,AX,0.144123085523263,L1,-0.0114885727510847,L2,0.043355...
check iteration duration=6.29425048828e-05
GetData ===>> H2,-0.19019407483293,H1,2.66489464943842,AX,-0.0188490381093154,L1,-0.0411355785520273,L2,0.09314...
testing H1>-5.0
evaluate ot="H1.bs>-5.0" t="H1>-5.0", ctx="{'H1': None}"
check iteration duration=0.000647068023682
GetData ===>> H2,-0.184233372932229,H1,2.63642143365221,AX,0.0626417099282804,L1,-0.0257686487833432,L2,0.09893...
check iteration duration=8.39233398438e-05
GetData ===>> H2,-0.0891546323980123,H1,2.63563599558088,AX,0.00123009530254926,L1,-0.0025176179406537,L2,0.007...
check iteration duration=3.91006469727e-05
GetData ===>> H2,-0.143105383163979,H1,2.61176158109786,AX,0.0671763297375147,L1,-0.0526511907186437,L2,0.04308...
check iteration duration=6.38961791992e-05
GetData ===>> H2,-0.168653977230152,H1,2.68995430745183,AX,0.0617835192026,L1,-0.0289734988258208,L2,0.01579843...
check iteration duration=6.38961791992e-05
GetData ===>> H2,-0.276847316298163,H1,2.71839418173461,AX,0.0113234250160125,L1,-0.0143293070302617,L2,0.01204...
testing H1>-5.0
evaluate ot="H1.bs>-5.0" t="H1>-5.0", ctx="{'H1': None}"
check iteration duration=0.00111484527588
GetData ===>> H2,-0.196469810098019,H1,2.75769148013032,AX,0.0527033969606025,L1,-0.0196712233967067,L2,-0.0305...
check iteration duration=8.51154327393e-05
GetData ===>> H2,-0.0697053615459622,H1,2.72782753327963,AX,0.157797008444202,L1,-0.0102777207647072,L2,0.00370...
check iteration duration=3.60012054443e-05
GetData ===>> H2,-0.159990904238049,H1,2.70439090036263,AX,-0.0298554245968578,L1,-5.04035105140851E-05,L2,-0.0...
check iteration duration=3.40938568115e-05
GetData ===>> H2,-0.227917282518449,H1,2.65686913110439,AX,0.0831013606933458,L1,-0.00659031886847717,L2,0.0906...
check iteration duration=6.69956207275e-05
GetData ===>> H2,-0.159573581131773,H1,2.69294060328231,AX,0.046310132732706,L1,-0.00248282194003736,L2,0.08721...
testing H1>-5.0
evaluate ot="H1.bs>-5.0" t="H1>-5.0", ctx="{'H1': None}"
check iteration duration=0.000808954238892
GetData ===>> H2,-0.212454755607478,H1,2.71150113330199,AX,0.0819762001728857,L1,-0.0104191941559057,L2,0.03893...
check iteration duration=8.20159912109e-05
GetData ===>> H2,-0.185618639501337,H1,2.73610057877443,AX,0.0894233806030569,L1,-0.030736629335301,L2,-0.02068...
bu-FC-J-7773   blank_unknown   NoIrradiation A:3 set to terminate after 40 counts
08:10:00 -- user termination. measurement iteration executed 221/400 counts
state changed from measurement to truncated
check iteration duration=0.000809907913208
waiting for write to finish
measurement finished
estimated time: 419.430 actual time: :232.402
flush and close file /Users/jan/PychronDev/data/isotopes/06/e61189-dc03-4c61-a122-4e25c57a7b39.h5
baselines () {'settling_time': 15.0, 'detector': 'H1', 'mass': 34.2, 'ncounts': 120}
%%%%%%%%%%%%%%%%%%%%%%%%%%%%%%%% Baseline
build tables- baseline [Detector(H2), Detector(H1), Detector(AX), Detector(L1), Detector(L2), Detector(CDD)]
add group baseline table H2
add group baseline table H1
add group baseline table AX
add group baseline table L1
add group baseline table L2
add group baseline table CDD
flush and close file /Users/jan/PychronDev/data/isotopes/06/e61189-dc03-4c61-a122-4e25c57a7b39.h5
detector Detector(H1)
POSITION 34.2 H1
Mapping mass to dac mass func: "parabolic"
H1 map mass coeffs = [-0.00063987  0.15840543  0.57094999]
H1 map mass to dac 34.2 >> 5.23999599104
GetDeflection H1 ===>> 0
GetHighVoltage ===>> 4499.94659342336
positioning 34.2 (5.2399651332) on H1
setting magnet DAC
current  : 5.879305
requested: 5.239965
Delta Dac: 0.639340
Checking detector protection. dv=0.63934
Checking detector "CDD". Protection Threshold: 0.1 (V)
ProtectDetector CDD,On ===>> OK
GetDeflection CDD ===>> 2000
Protected = 2000
SetMagnetDAC 5.2399651332 ===>> OK
Magnet settling time: 0.500
GetMagnetMoving ===>> True
GetMagnetMoving ===>> True
GetMagnetMoving ===>> True
GetMagnetMoving ===>> True
GetMagnetMoving ===>> True
GetMagnetMoving ===>> True
GetMagnetMoving ===>> True
GetMagnetMoving ===>> True
GetMagnetMoving ===>> False
ProtectDetector CDD,Off ===>> OK
GetDeflection CDD ===>> 50
Delaying 15.0s for detectors to settle
Join finished
measuring baseline. ncounts=120
"baseline" increment series count="2" fit count="1" regressing="True"
starting measurement
check iteration duration=3.31401824951e-05
GetData ===>> H2,-0.244982706331794,H1,-0.0144947651490089,AX,-0.0917533061596152,L1,-0.0191760273990536,L2,-0....
check iteration duration=3.2901763916e-05
GetData ===>> H2,-0.255505322240962,H1,0.0093617897573008,AX,-0.0296118826191896,L1,-0.0358263653719245,L2,0.00...
check iteration duration=3.50475311279e-05
GetData ===>> H2,-0.216420536510649,H1,-0.00192306936062074,AX,-0.126354438453838,L1,-0.020848564918652,L2,0.02...
check iteration duration=3.31401824951e-05
GetData ===>> H2,-0.236968815785947,H1,-0.0488143722847443,AX,-0.114350885148797,L1,-0.0668300240147028,L2,0.02...
testing H1>-5.0
evaluate ot="H1.bs>-5.0" t="H1>-5.0", ctx="{'H1': None}"
check iteration duration=0.000696897506714
GetData ===>> H2,-0.142822965503847,H1,-0.0682465956755028,AX,0.0509063360737815,L1,-0.0372785317078209,L2,0.00...
check iteration duration=3.40938568115e-05
GetData ===>> H2,-0.139472604230486,H1,-0.0403130783446002,AX,-0.0800352642432843,L1,-0.010222569581986,L2,-0.1...
check iteration duration=3.48091125488e-05
GetData ===>> H2,-0.171018060109041,H1,-0.0601642028221548,AX,-0.101928660568288,L1,0.0136794410993028,L2,-0.00...
check iteration duration=3.50475311279e-05
GetData ===>> H2,-0.255880372472054,H1,-0.0681869933977229,AX,-0.0447219283484456,L1,0.0246530200808138,L2,-0.0...
check iteration duration=3.31401824951e-05
GetData ===>> H2,-0.24478221877354,H1,-0.0687114922235164,AX,-0.0893773583144167,L1,-0.00829208778375057,L2,-0....
testing H1>-5.0
evaluate ot="H1.bs>-5.0" t="H1>-5.0", ctx="{'H1': None}"
check iteration duration=0.00075101852417
GetData ===>> H2,-0.199651077957684,H1,-0.0691048645387714,AX,-0.132680039504312,L1,-0.00531890135448949,L2,-0....
check iteration duration=3.19480895996e-05
GetData ===>> H2,-0.181454235615733,H1,-0.0310001730032149,AX,-0.000104002154740207,L1,-0.0229547273239837,L2,-...
check iteration duration=3.71932983398e-05
GetData ===>> H2,-0.21879920785064,H1,-0.00177992900829409,AX,-0.0577891243959765,L1,-0.0689522121622326,L2,0.0...
check iteration duration=3.50475311279e-05
GetData ===>> H2,-0.210472016947348,H1,-0.0313936935808055,AX,-0.0273967823672657,L1,-0.049372961225734,L2,-0.0...
check iteration duration=3.2901763916e-05
GetData ===>> H2,-0.206118740078332,H1,-0.0231890656276377,AX,-0.0747958809448334,L1,-0.0622983978092299,L2,0.0...
testing H1>-5.0
evaluate ot="H1.bs>-5.0" t="H1>-5.0", ctx="{'H1': None}"
check iteration duration=0.000635862350464
GetData ===>> H2,-0.196565571361034,H1,0.0350855254108719,AX,-0.0268748927707741,L1,-0.0251838781217309,L2,-0.0...
check iteration duration=3.60012054443e-05
GetData ===>> H2,-0.271295211228737,H1,0.00170321599013441,AX,0.0457298194548237,L1,-0.0137576287584023,L2,-0.1...
check iteration duration=4.6968460083e-05
GetData ===>> H2,-0.40999134195886,H1,-0.082895758821677,AX,-0.114014857036551,L1,-0.0157905360651751,L2,-0.074...
check iteration duration=6.98566436768e-05
GetData ===>> H2,-0.237699243236326,H1,-0.0550974732480334,AX,-0.124072023537703,L1,0.00470332823615172,L2,-0.1...
check iteration duration=3.48091125488e-05
GetData ===>> H2,-0.177555548377706,H1,-0.0488262950510297,AX,-0.0249612736405877,L1,-0.0181387945629933,L2,-0....
testing H1>-5.0
evaluate ot="H1.bs>-5.0" t="H1>-5.0", ctx="{'H1': None}"
check iteration duration=0.000674962997437
GetData ===>> H2,-0.146922061218441,H1,-0.00483354546469956,AX,0.0372344290333057,L1,-0.0400121568197815,L2,-0....
check iteration duration=3.60012054443e-05
GetData ===>> H2,-0.240871326674748,H1,0.0285346519018017,AX,0.0437915981753523,L1,-0.00710963473862264,L2,-0.0...
check iteration duration=3.40938568115e-05
GetData ===>> H2,-0.295707132211643,H1,-0.0414458310189712,AX,-0.0191737965216103,L1,-0.005414862995384,L2,-0.0...
check iteration duration=3.38554382324e-05
GetData ===>> H2,-0.183425334899152,H1,-0.0825620344701015,AX,-0.210898624614576,L1,0.00198406307319947,L2,0.04...
check iteration duration=3.60012054443e-05
GetData ===>> H2,-0.139761863637028,H1,-0.0545013705498974,AX,-0.194652751324208,L1,0.00932335524009871,L2,0.05...
testing H1>-5.0
evaluate ot="H1.bs>-5.0" t="H1>-5.0", ctx="{'H1': None}"
check iteration duration=0.000571012496948
08:10:43 -- collecting point 25
GetData ===>> H2,-0.214407521070178,H1,-0.124792988498856,AX,-0.0386457222860997,L1,-0.0241185015521771,L2,-0.0...
check iteration duration=3.60012054443e-05
GetData ===>> H2,-0.206636208925999,H1,0.0259454448657383,AX,-0.0734164388678892,L1,-0.0202623092247696,L2,0.00...
check iteration duration=6.31809234619e-05
GetData ===>> H2,-0.261128300444881,H1,-0.0296526514260041,AX,-0.00445419293002568,L1,-0.0426288882816016,L2,-0...
check iteration duration=6.19888305664e-05
GetData ===>> H2,-0.241272437132356,H1,-0.0813939904739989,AX,-0.161550049374621,L1,-0.0387532483034991,L2,0.06...
check iteration duration=4.41074371338e-05
GetData ===>> H2,-0.258116972369295,H1,-0.0348995358850466,AX,0.0236688739992145,L1,-0.0272004743663351,L2,-0.1...
testing H1>-5.0
evaluate ot="H1.bs>-5.0" t="H1>-5.0", ctx="{'H1': None}"
check iteration duration=0.00084114074707
GetData ===>> H2,-0.261145784157103,H1,0.0159949221410162,AX,-0.175842619081497,L1,-0.0233814202237694,L2,-0.04...
check iteration duration=3.69548797607e-05
GetData ===>> H2,-0.240594040647044,H1,-0.0870195464522493,AX,-0.0660088482127725,L1,-0.0487530880858901,L2,-0....
check iteration duration=3.31401824951e-05
GetData ===>> H2,-0.249340076322577,H1,-0.019253467610114,AX,-0.0056606114035386,L1,-0.0314935307327363,L2,-0.0...
check iteration duration=3.50475311279e-05
GetData ===>> H2,-0.126232205338435,H1,-0.00887705828198622,AX,-0.0624613515898462,L1,-0.0257183214980093,L2,-0...
check iteration duration=7.48634338379e-05
GetData ===>> H2,-0.151527385053376,H1,-0.10994756628262,AX,-0.0107761236109791,L1,0.0301963782602447,L2,0.0305...
testing H1>-5.0
evaluate ot="H1.bs>-5.0" t="H1>-5.0", ctx="{'H1': None}"
check iteration duration=0.000834941864014
GetData ===>> H2,-0.257776940984216,H1,0.00342097595591464,AX,-0.20122327090129,L1,0.0100446380848379,L2,-0.059...
check iteration duration=3.91006469727e-05
GetData ===>> H2,-0.208125147356034,H1,-0.0546921237996266,AX,-0.0474584163348828,L1,-0.0130396890791939,L2,0.0...
check iteration duration=8.9168548584e-05
GetData ===>> H2,-0.139805116746098,H1,-0.0402892307820533,AX,-0.11218406279491,L1,-0.0373060872915418,L2,-0.10...
check iteration duration=6.29425048828e-05
GetData ===>> H2,-0.218156489945239,H1,-0.0688783776370492,AX,-0.121337689477887,L1,-0.025439120317348,L2,0.020...
check iteration duration=3.60012054443e-05
GetData ===>> H2,-0.303538154828454,H1,-0.0107019530491524,AX,-0.025831105182177,L1,-0.0117247318546438,L2,-0.1...
testing H1>-5.0
evaluate ot="H1.bs>-5.0" t="H1>-5.0", ctx="{'H1': None}"
check iteration duration=0.00101613998413
GetData ===>> H2,-0.136939241742289,H1,-0.00575199781642759,AX,-0.109124937307303,L1,-0.00589345802224585,L2,0....
check iteration duration=3.71932983398e-05
GetData ===>> H2,-0.11886416764868,H1,-0.00973583643457661,AX,-0.135463303282618,L1,0.00021363383931912,L2,0.05...
check iteration duration=3.2901763916e-05
GetData ===>> H2,-0.226513012663378,H1,-0.0508054545659274,AX,-0.138756416185391,L1,-0.00971420531943772,L2,-0....
check iteration duration=3.81469726562e-05
GetData ===>> H2,-0.248670235046071,H1,-0.0990562203254218,AX,-0.0713182583827886,L1,-0.0354692824392706,L2,-0....
check iteration duration=3.38554382324e-05
GetData ===>> H2,-0.255928765142356,H1,-0.101034386590348,AX,-0.17091638255443,L1,-0.0185189258309103,L2,-0.043...
testing H1>-5.0
evaluate ot="H1.bs>-5.0" t="H1>-5.0", ctx="{'H1': None}"
check iteration duration=0.00192785263062
GetData ===>> H2,-0.259619438978697,H1,-0.00302047192859407,AX,-0.209230129317057,L1,-0.0143376961970749,L2,-0....
check iteration duration=3.69548797607e-05
GetData ===>> H2,-0.242639874424588,H1,-0.0619404778689379,AX,-0.0427274903215042,L1,-0.0197071931007281,L2,-0....
check iteration duration=3.48091125488e-05
GetData ===>> H2,-0.254116586882738,H1,-0.055121317282114,AX,0.0379655605310022,L1,-0.0444871322583442,L2,-0.05...
check iteration duration=3.48091125488e-05
GetData ===>> H2,-0.242770418341532,H1,-0.0469782493234703,AX,-0.00080004574356489,L1,-0.0070076926279853,L2,-0...
check iteration duration=6.19888305664e-05
GetData ===>> H2,-0.192977806879861,H1,-0.0674479222041889,AX,-0.0954735762318326,L1,-0.00198486599948634,L2,-0...
testing H1>-5.0
evaluate ot="H1.bs>-5.0" t="H1>-5.0", ctx="{'H1': None}"
check iteration duration=0.00103998184204
08:11:10 -- collecting point 50
GetData ===>> H2,-0.197690368342965,H1,0.0132986678307969,AX,-0.0512963270474305,L1,0.00503833486795079,L2,0.08...
check iteration duration=3.19480895996e-05
GetData ===>> H2,-0.298335930892077,H1,-0.01777459683987,AX,-0.0758391434772652,L1,-0.0260933735458121,L2,-0.04...
check iteration duration=3.69548797607e-05
GetData ===>> H2,-0.176710588367108,H1,0.0280096459843505,AX,-0.151000252450657,L1,-0.0533880468517993,L2,-0.04...
check iteration duration=3.48091125488e-05
GetData ===>> H2,-0.144148510880404,H1,-0.000956868009871337,AX,-0.0593079126832711,L1,-0.0332681931687076,L2,0...
check iteration duration=3.60012054443e-05
GetData ===>> H2,-0.186533065343153,H1,-0.0287701938366468,AX,-0.143023382575264,L1,-0.0389185564170021,L2,-0.0...
testing H1>-5.0
evaluate ot="H1.bs>-5.0" t="H1>-5.0", ctx="{'H1': None}"
check iteration duration=0.000756025314331
GetData ===>> H2,-0.177157372201801,H1,-0.0634306171783059,AX,0.0255138640928662,L1,-0.0146293968087664,L2,-0.0...
check iteration duration=3.60012054443e-05
GetData ===>> H2,-0.226197936779273,H1,-0.0330393083230572,AX,-0.160900864144485,L1,-0.0225651744612365,L2,0.02...
check iteration duration=6.69956207275e-05
GetData ===>> H2,-0.211816330158977,H1,-0.0536906651820822,AX,-0.101940249203482,L1,-0.0447936137142685,L2,-0.1...
check iteration duration=8.98838043213e-05
GetData ===>> H2,-0.156403314596108,H1,-0.00930644827927802,AX,-0.161016790396246,L1,-0.0601580510501527,L2,0.0...
check iteration duration=3.40938568115e-05
GetData ===>> H2,-0.207906871812513,H1,-0.000288871499853771,AX,-0.0448378827904044,L1,-0.0265702565900715,L2,-...
testing H1>-5.0
evaluate ot="H1.bs>-5.0" t="H1>-5.0", ctx="{'H1': None}"
check iteration duration=0.000936031341553
GetData ===>> H2,-0.281401950090771,H1,-0.0652306758712083,AX,-0.00695981457614836,L1,-0.0352116476140445,L2,-0...
check iteration duration=3.69548797607e-05
GetData ===>> H2,-0.241964251891835,H1,-0.0765548058007546,AX,-0.0606527741263102,L1,-0.0376151838804387,L2,0.0...
check iteration duration=3.40938568115e-05
GetData ===>> H2,-0.207239892658588,H1,-0.118466775210879,AX,-0.0146966743376339,L1,-0.00514376900194979,L2,-0....
check iteration duration=3.00407409668e-05
GetData ===>> H2,-0.23401434000355,H1,-0.0687949349650772,AX,0.0955137879039394,L1,-0.0339015831873689,L2,-0.05...
check iteration duration=3.50475311279e-05
GetData ===>> H2,-0.17502452927485,H1,-0.0985676310682358,AX,0.0137715052052302,L1,-0.0526308546367331,L2,0.054...
testing H1>-5.0
evaluate ot="H1.bs>-5.0" t="H1>-5.0", ctx="{'H1': None}"
check iteration duration=0.0014340877533
GetData ===>> H2,-0.190586400071327,H1,-0.0940748814238333,AX,-0.0947550304799213,L1,-0.0424145455129335,L2,0.0...
check iteration duration=5.29289245605e-05
GetData ===>> H2,-0.17310646258272,H1,-0.0912027527346869,AX,-0.0809393770660753,L1,-0.0284320407283104,L2,-0.0...
check iteration duration=3.38554382324e-05
GetData ===>> H2,-0.154384796294806,H1,-0.0810483421872064,AX,-0.0942450915656413,L1,-0.030947417727307,L2,0.01...
check iteration duration=5.19752502441e-05
GetData ===>> H2,-0.211933512214442,H1,-0.0761853017872792,AX,-0.185045319506398,L1,-0.061288699122802,L2,0.006...
check iteration duration=3.19480895996e-05
GetData ===>> H2,-0.214216299625191,H1,-0.0774130034058239,AX,-0.0168656685746215,L1,-0.040480464084606,L2,-0.0...
testing H1>-5.0
evaluate ot="H1.bs>-5.0" t="H1>-5.0", ctx="{'H1': None}"
check iteration duration=0.000663042068481
GetData ===>> H2,-0.0488671183939364,H1,-0.033182403978471,AX,-0.0568732024440504,L1,-0.0362469400745583,L2,-0....
check iteration duration=3.40938568115e-05
GetData ===>> H2,-0.113918355156116,H1,0.00113063588529374,AX,-0.0284289557730067,L1,-0.0159260735469958,L2,-0....
check iteration duration=3.40938568115e-05
GetData ===>> H2,-0.228862340006263,H1,-0.0097954735326365,AX,-0.132981248341952,L1,-0.0216769375202509,L2,-0.0...
check iteration duration=3.88622283936e-05
GetData ===>> H2,-0.283518617499816,H1,0.000402986727876709,AX,-0.0211571190231778,L1,-0.0217836259937074,L2,0....
check iteration duration=6.38961791992e-05
GetData ===>> H2,-0.267583327772109,H1,-0.0463582521440074,AX,-0.0995413722829546,L1,-0.018294686094647,L2,0.06...
testing H1>-5.0
evaluate ot="H1.bs>-5.0" t="H1>-5.0", ctx="{'H1': None}"
check iteration duration=0.000678062438965
08:11:36 -- collecting point 75
GetData ===>> H2,-0.214870748346311,H1,0.012475489613384,AX,-0.141701570606938,L1,-0.0242719035583384,L2,-0.098...
check iteration duration=3.60012054443e-05
GetData ===>> H2,-0.229396760603726,H1,-0.0593654648399998,AX,-0.137620072922538,L1,-0.0343721098624554,L2,-0.0...
check iteration duration=6.38961791992e-05
GetData ===>> H2,-0.14925601921317,H1,-0.0429005051226337,AX,-0.0759666525752405,L1,-0.0224536996350607,L2,0.03...
check iteration duration=3.19480895996e-05
GetData ===>> H2,-0.17603700479638,H1,-0.0670783845604149,AX,-0.00448899367239996,L1,-0.0415020407795396,L2,-0....
check iteration duration=3.981590271e-05
GetData ===>> H2,-0.157590748792517,H1,0.00587837826568922,AX,-0.104686716818414,L1,-0.0715603943199379,L2,-0.0...
bu-FC-J-7773   blank_unknown   NoIrradiation A:3 set to terminate after 12 counts
08:11:41 -- user termination. measurement iteration executed 79/120 counts
check iteration duration=0.000768899917603
waiting for write to finish
measurement finished
estimated time: 125.829 actual time: :83.137
flush and close file /Users/jan/PychronDev/data/isotopes/06/e61189-dc03-4c61-a122-4e25c57a7b39.h5
activate_detectors ('H1', 'AX', 'L2', 'CDD') {'peak_center': True}
peak_center () {'detector': 'H1', 'integration_time': 0.262144, 'isotope': 'Ar40'}
peak center: mean=2.70074314305 threshold=3
Skipping peak center. intensities to small. 2.70074314305<3
finished measure script
executed snippet estimated_duration=568.532928, duration=352.057736874
jan_unknown400_120.py completed successfully
Measurement Finished
08:11:41 -- ******* Measurement Finished *******
Post Measurement Started jan_pump_ms.py
08:11:41 -- ******* Post Measurement Started jan_pump_ms.py *******
testing...
no interpolation path defined
executed snippet estimated_duration=0, duration=2.28881835938e-05
Pumping spectrometer
open () {'name': 'O'}
opening name=O desc=---
checking ownership. requestor=129.138.12.150
check software interlocks O
interlocks []
actuate state mode=None-script, software_lock=False
doing actuation None-script open_channel True
Open O ===>> OK
GetIndicatorState O ===>> OK
change switch state (True, True)
update switch state O True args=() kw={} ncanvase=3
08:11:41 -- OPEN   VALVE-O (Jan Ion Pump)
---------------------------------------- open O () result=[(True, True)], time=0.10 sec
action=open, ok=True, locked=[False]
executed snippet estimated_duration=0, duration=0.356832027435
jan_pump_ms.py completed successfully
setting _ms_pumptime
Post Measurement Finished
08:11:42 -- ******* Post Measurement Finished *******
$$$$$$$$$$$$$$$$$$$$ state at run end truncated
post measurement save measured=True aborted=False
Set filtering
setting fod for Ar40= {'filter_outliers': True, 'std_devs': 2, 'iterations': 1}
setting fod for H1= {'filter_outliers': True, 'std_devs': 2, 'iterations': 1}
setting fod for PM41= {'filter_outliers': False, 'std_devs': 2, 'iterations': 1}
setting fod for H2= {'filter_outliers': True, 'std_devs': 2, 'iterations': 1}
setting fod for Ar36= {'filter_outliers': True, 'std_devs': 2, 'iterations': 1}
setting fod for CDD= {'filter_outliers': True, 'std_devs': 10, 'iterations': 1}
setting fod for Ar37= {'filter_outliers': True, 'std_devs': 2, 'iterations': 1}
setting fod for L2= {'filter_outliers': True, 'std_devs': 2, 'iterations': 1}
setting fod for Ar38= {'filter_outliers': True, 'std_devs': 2, 'iterations': 1}
setting fod for L1= {'filter_outliers': True, 'std_devs': 2, 'iterations': 1}
setting fod for Ar39= {'filter_outliers': True, 'std_devs': 2, 'iterations': 1}
setting fod for AX= {'filter_outliers': True, 'std_devs': 2, 'iterations': 1}
persistence save...
persistence save - db
post measurement save
6252782608 connecting to database sqlite:////Users/jan/PychronDev/.appdata/local_lab.db
connected to db sqlite:////Users/jan/PychronDev/.appdata/local_lab.db
create new session 6252782608
close session 6252782608
No database instance. Not saving post measurement to isotopedb database
$$$$$$$$$$$$$$$ auto_save_detector_ic=False
massspec enabled True
create new session 5055759472
MassSpec Database Version: 16.0
close session 5055759472
saving post measurement to secondary database
saving to massspec database 129.138.12.160/massspecdata
setting labnumber to bu-FC-J
setting aliquot to 7773
setting step to 
setting uuid to 06e61189-dc03-4c61-a122-4e25c57a7b39
setting irradpos to bu-FC-J
setting extract_device to Fusions CO2
setting tray to 
setting position to 53
setting power_requested to 0.0
setting extract_value to 0.0
setting duration to 30.0
setting duration_at_request to 30.0
setting first_stage_delay to 30.0
setting cleanup to 30.0
setting comment to 
setting irradiation to NoIrradiation
setting level to A
setting irradiation_level to A
setting sample to blank_unknown
setting material to Blank
setting project to REFERENCES
setting mass_spectrometer to Jan
no attribute chron_dosages
no attribute production_ratios
no attribute interference_corrections
no attribute production_name
no attribute j
Reference Isotope=Ar40
Reference Detector=H1
%%%%%%%%%%%%%%%%%%%% Comment:  %%%%%%%%%%%%%%%%%%%
adding isotope PM41 H2
add baseline dbdet= PM41. original det= H2
get baseline data PM41 H2
Get data baseline <pychron.processing.isotope.Baseline object at 0x132c17710> len t=79
baseline PM41. v=-0.210633781151, e=0.0052639507165
get signal data PM41 H2
Get data signal PM41 0.05+/-0.07 len t=221
adding isotope Ar40 H1
add baseline dbdet= Ar40. original det= H1
get baseline data Ar40 H1
Get data baseline <pychron.processing.isotope.Baseline object at 0x132c17890> len t=79
baseline Ar40. v=-0.0384123440507, e=0.00414987591683
get signal data Ar40 H1
Get data signal Ar40 0.521+/-0.010 len t=221
adding isotope Ar39 AX
add baseline dbdet= Ar39. original det= AX
get baseline data Ar39 AX
Get data baseline <pychron.processing.isotope.Baseline object at 0x132c17a50> len t=79
baseline Ar39. v=-0.0707140333291, e=0.00724394007031
get signal data Ar39 AX
Get data signal Ar39 0.028+/-0.011 len t=221
adding isotope Ar38 L1
add baseline dbdet= Ar38. original det= L1
get baseline data Ar38 L1
Get data baseline <pychron.processing.isotope.Baseline object at 0x132c17c10> len t=79
baseline Ar38. v=-0.0243774132416, e=0.00201801744108
get signal data Ar38 L1
Get data signal Ar38 0.0060+/-0.0028 len t=221
adding isotope Ar37 L2
add baseline dbdet= Ar37. original det= L2
get baseline data Ar37 L2
Get data baseline <pychron.processing.isotope.Baseline object at 0x132c17dd0> len t=79
baseline Ar37. v=-0.0269400684441, e=0.00592016978061
get signal data Ar37 L2
Get data signal Ar37 0.045+/-0.007 len t=221
adding isotope Ar36 CDD
add baseline dbdet= Ar36. original det= CDD
get baseline data Ar36 CDD
Get data baseline <pychron.processing.isotope.Baseline object at 0x132c17f90> len t=79
baseline Ar36. v=9.42186146846e-06, e=4.10412208086e-06
get signal data Ar36 CDD
Get data signal Ar36 0.00555+/-0.00024 len t=221
bu-FC-J-7773 added analysis time 0.633141040802s
analysis added to mass spec database
mass spec save time= 0.645
persistence save - dvc
================= post measurement started
create new session 4983053008
close session 4983053008
---------------- Experiment Queue saving disabled
DVC saving peakcenter
Smart pull ahead: 0 behind: 0
Up-to-date with origin
add to repo msg=modified - ad8224ebc6dbfeb9f5997218dfa5fe690569839d.json
add to repo msg=modified - -J-7773.json
add to repo msg=modified - -J-7773.dat.json
add to repo msg=modified - -J-7773.blan.json
add to repo msg=modified - -J-7773.inte.json
add to repo msg=modified - -J-7773.icfa.json
add to repo msg=modified - -J-7773.base.json
not at valid file /Users/jan/PychronDev/data/.dvc/repositories/Load1792/bu-FC/tags/-J-7773.tags.json
add to repo msg=modified - -J-7773.peak.json
add to repo msg=modified - -J-7773.extr.json
not at valid file /Users/jan/PychronDev/data/.dvc/repositories/Load1792/bu-FC/monitor/-J-7773.moni.json
commit message=<COLLECTION>
add to repo msg=modified - -J-7773.inte.json
add to repo msg=modified - -J-7773.base.json
commit message=<ISOEVO> default collection fits
add to repo msg=modified - -J-7773.blan.json
commit message=<BLANKS> preceding bu-FC-J-7772
add to repo msg=modified - -J-7773.icfa.json
commit message=<ICFactor> default
push repository <pychron.git_archive.repo_manager.GitRepoManager object at 0x1618c71d0>
pushing to remote=origin, url=https://github.com
no changes to meta repo
create new session 4983053008
add association Load1792
get identifier "bu-FC-J"
setting analysis irradiation position=<pychron.dvc.dvc_orm.IrradiationPositionTbl object at 0x10771bfd0>
close session 4983053008
================= post measurement finished
08:11:53 -- ******* Post Run Check *******
loading queue conditionals post_run_actions
loading system conditionals post_run_actions
loading conditionals from /Users/jan/PychronDev/setupfiles/spectrometer/default_conditionals.yaml
loading queue conditionals post_run_terminations
loading system conditionals post_run_terminations
loading conditionals from /Users/jan/PychronDev/setupfiles/spectrometer/default_conditionals.yaml
Checking default post run terminations n=1
GetDeflection CDD ===>> 50
testing CDD==2000
evaluate ot="CDD.deflection==2000" t="CDD==2000", ctx="{'CDD': 50.0}"
08:11:53 -- ******* Post Run Check Passed *******
08:11:53 -- Automated run bu-FC-J-7773 truncated duration: 446.662 s
----------------- finish -----------------
----------------- stop -----------------
retroactive repository identifiers disabled
finish run. runs completed=1
write rem/ex queues
/Users/jan/PychronDev/experiments/rem/CurrentExperiment.rem.txt
/Users/jan/PychronDev/experiments/rem/CurrentExperiment.ex.txt
doing event level: 3
